Nested Loop Join
-----------------
15000 linhas
93844 ms 

Hash Join
-----------------
Initialization: 5 ms 
Hash Table Generation: 710 ms 
Join Core: 55 ms 
15000 linhas
770 ms 

Bloom  Join
-----------------
Initialization: 14 ms 
Bloom Filter Generation: 379 ms 
Join Core: 69 ms 
14994 linhas
462 ms 

Bloom Nested Join
-----------------
Initialization: 12 ms 
Bloom Filter Generation: 440 ms 
Join Core: 24410 ms 
15000 linhas
24862 ms 

Bloom Hash Join
-----------------
Initialization: 17 ms 
Bloom Filter and Hash Table Generation: 782 ms 
Join core: 85 ms 
15000 linhas
885 ms 

