Nested Loop Join
-----------------
90000 linhas
352850 ms 

Hash Join
-----------------
Initialization: 5 ms 
Hash Table Generation: 369 ms 
Join Core: 34 ms 
90000 linhas
408 ms 

Bloom  Join
-----------------
Initialization: 14 ms 
Bloom Filter Generation: 323 ms 
Join Core: 28 ms 
89993 linhas
365 ms 

Bloom Nested Join
-----------------
Initialization: 14 ms 
Bloom Filter Generation: 375 ms 
Join Core: 4581 ms 
90000 linhas
4970 ms 

Bloom Hash Join
-----------------
Initialization: 18 ms 
Bloom Filter and Hash Table Generation: 567 ms 
Join core: 39 ms 
90000 linhas
624 ms 

