Bloom Join
-----------------
65536 Buckets 0 Hash Functions
Initialization: 0 ms 
Bloom Filter Generation: 348 ms 
Join Core: 17 ms 
8930 linhas
365 ms 

Bloom Join
-----------------
65536 Buckets 0 Hash Functions
Initialization: 0 ms 
Bloom Filter Generation: 691 ms 
Join Core: 17 ms 
9158 linhas
708 ms 

Bloom Join
-----------------
65536 Buckets 0 Hash Functions
Initialization: 0 ms 
Bloom Filter Generation: 862 ms 
Join Core: 17 ms 
8917 linhas
879 ms 

Bloom Join
-----------------
65536 Buckets 0 Hash Functions
Initialization: 0 ms 
Bloom Filter Generation: 1040 ms 
Join Core: 17 ms 
9102 linhas
1057 ms 

Bloom Join
-----------------
65536 Buckets 0 Hash Functions
Initialization: 0 ms 
Bloom Filter Generation: 182 ms 
Join Core: 18 ms 
9136 linhas
200 ms 

