Bloom Join
-----------------
1048576 Buckets 4 Hash Functions
Initialization: 4 ms 
Bloom Filter Generation: 699 ms 
Join Core: 33 ms 
44473 linhas
736 ms 

Bloom Join
-----------------
1048576 Buckets 4 Hash Functions
Initialization: 4 ms 
Bloom Filter Generation: 1405 ms 
Join Core: 33 ms 
44414 linhas
1441 ms 

Bloom Join
-----------------
1048576 Buckets 4 Hash Functions
Initialization: 4 ms 
Bloom Filter Generation: 1792 ms 
Join Core: 32 ms 
44492 linhas
1828 ms 

Bloom Join
-----------------
1048576 Buckets 4 Hash Functions
Initialization: 4 ms 
Bloom Filter Generation: 2147 ms 
Join Core: 33 ms 
44473 linhas
2184 ms 

Bloom Join
-----------------
1048576 Buckets 4 Hash Functions
Initialization: 4 ms 
Bloom Filter Generation: 358 ms 
Join Core: 33 ms 
44464 linhas
395 ms 

