Bloom Join
-----------------
1048576 Buckets 1 Hash Functions
Initialization: 4 ms 
Bloom Filter Generation: 473 ms 
Join Core: 22 ms 
43457 linhas
500 ms 

Bloom Join
-----------------
1048576 Buckets 1 Hash Functions
Initialization: 4 ms 
Bloom Filter Generation: 949 ms 
Join Core: 22 ms 
43547 linhas
975 ms 

Bloom Join
-----------------
1048576 Buckets 1 Hash Functions
Initialization: 4 ms 
Bloom Filter Generation: 1151 ms 
Join Core: 24 ms 
43561 linhas
1178 ms 

Bloom Join
-----------------
1048576 Buckets 1 Hash Functions
Initialization: 4 ms 
Bloom Filter Generation: 1381 ms 
Join Core: 22 ms 
43574 linhas
1407 ms 

Bloom Join
-----------------
1048576 Buckets 1 Hash Functions
Initialization: 4 ms 
Bloom Filter Generation: 230 ms 
Join Core: 22 ms 
43476 linhas
256 ms 

