Bloom Join
-----------------
2097152 Buckets 1 Hash Functions
Initialization: 8 ms 
Bloom Filter Generation: 485 ms 
Join Core: 23 ms 
44598 linhas
515 ms 

Bloom Join
-----------------
2097152 Buckets 1 Hash Functions
Initialization: 7 ms 
Bloom Filter Generation: 957 ms 
Join Core: 22 ms 
44617 linhas
987 ms 

Bloom Join
-----------------
2097152 Buckets 1 Hash Functions
Initialization: 7 ms 
Bloom Filter Generation: 1156 ms 
Join Core: 22 ms 
44596 linhas
1185 ms 

Bloom Join
-----------------
2097152 Buckets 1 Hash Functions
Initialization: 7 ms 
Bloom Filter Generation: 1389 ms 
Join Core: 23 ms 
44616 linhas
1419 ms 

Bloom Join
-----------------
2097152 Buckets 1 Hash Functions
Initialization: 8 ms 
Bloom Filter Generation: 231 ms 
Join Core: 22 ms 
44557 linhas
260 ms 

Bloom Join
-----------------
2097152 Buckets 1 Hash Functions
Initialization: 8 ms 
Bloom Filter Generation: 229 ms 
Join Core: 22 ms 
44557 linhas
259 ms 

Bloom Join
-----------------
2097152 Buckets 1 Hash Functions
Initialization: 7 ms 
Bloom Filter Generation: 230 ms 
Join Core: 23 ms 
44557 linhas
260 ms 

