Bloom Join
-----------------
2097152 Buckets 0 Hash Functions
Initialization: 7 ms 
Bloom Filter Generation: 383 ms 
Join Core: 19 ms 
42840 linhas
410 ms 

Bloom Join
-----------------
2097152 Buckets 0 Hash Functions
Initialization: 7 ms 
Bloom Filter Generation: 756 ms 
Join Core: 19 ms 
42827 linhas
782 ms 

Bloom Join
-----------------
2097152 Buckets 0 Hash Functions
Initialization: 8 ms 
Bloom Filter Generation: 949 ms 
Join Core: 19 ms 
42795 linhas
975 ms 

Bloom Join
-----------------
2097152 Buckets 0 Hash Functions
Initialization: 7 ms 
Bloom Filter Generation: 1126 ms 
Join Core: 19 ms 
42781 linhas
1152 ms 

Bloom Join
-----------------
2097152 Buckets 0 Hash Functions
Initialization: 7 ms 
Bloom Filter Generation: 187 ms 
Join Core: 19 ms 
42771 linhas
213 ms 

Bloom Join
-----------------
2097152 Buckets 0 Hash Functions
Initialization: 7 ms 
Bloom Filter Generation: 185 ms 
Join Core: 19 ms 
42771 linhas
211 ms 

Bloom Join
-----------------
2097152 Buckets 0 Hash Functions
Initialization: 7 ms 
Bloom Filter Generation: 186 ms 
Join Core: 19 ms 
42771 linhas
212 ms 

