Bloom Join
-----------------
16384 Buckets 2 Hash Functions
Initialization: 0 ms 
Bloom Filter Generation: 512 ms 
Join Core: 25 ms 
0 linhas
538 ms 

Bloom Join
-----------------
16384 Buckets 2 Hash Functions
Initialization: 0 ms 
Bloom Filter Generation: 1019 ms 
Join Core: 25 ms 
0 linhas
1044 ms 

Bloom Join
-----------------
16384 Buckets 2 Hash Functions
Initialization: 0 ms 
Bloom Filter Generation: 1156 ms 
Join Core: 24 ms 
17 linhas
1179 ms 

Bloom Join
-----------------
16384 Buckets 2 Hash Functions
Initialization: 0 ms 
Bloom Filter Generation: 1436 ms 
Join Core: 24 ms 
30 linhas
1460 ms 

Bloom Join
-----------------
16384 Buckets 2 Hash Functions
Initialization: 0 ms 
Bloom Filter Generation: 230 ms 
Join Core: 23 ms 
13 linhas
254 ms 

Bloom Join
-----------------
16384 Buckets 2 Hash Functions
Initialization: 0 ms 
Bloom Filter Generation: 282 ms 
Join Core: 28 ms 
13 linhas
310 ms 

Bloom Join
-----------------
16384 Buckets 2 Hash Functions
Initialization: 0 ms 
Bloom Filter Generation: 265 ms 
Join Core: 27 ms 
13 linhas
292 ms 

