Bloom Join
-----------------
32768 Buckets 2 Hash Functions
Initialization: 0 ms 
Bloom Filter Generation: 510 ms 
Join Core: 25 ms 
206 linhas
535 ms 

Bloom Join
-----------------
32768 Buckets 2 Hash Functions
Initialization: 0 ms 
Bloom Filter Generation: 1044 ms 
Join Core: 25 ms 
266 linhas
1069 ms 

Bloom Join
-----------------
32768 Buckets 2 Hash Functions
Initialization: 0 ms 
Bloom Filter Generation: 1156 ms 
Join Core: 24 ms 
1518 linhas
1180 ms 

Bloom Join
-----------------
32768 Buckets 2 Hash Functions
Initialization: 0 ms 
Bloom Filter Generation: 1412 ms 
Join Core: 24 ms 
1517 linhas
1436 ms 

Bloom Join
-----------------
32768 Buckets 2 Hash Functions
Initialization: 0 ms 
Bloom Filter Generation: 231 ms 
Join Core: 24 ms 
1563 linhas
255 ms 

