Bloom Join
-----------------
32768 Buckets 0 Hash Functions
Initialization: 0 ms 
Bloom Filter Generation: 337 ms 
Join Core: 17 ms 
7554 linhas
354 ms 

Bloom Join
-----------------
32768 Buckets 0 Hash Functions
Initialization: 0 ms 
Bloom Filter Generation: 689 ms 
Join Core: 17 ms 
7541 linhas
706 ms 

Bloom Join
-----------------
32768 Buckets 0 Hash Functions
Initialization: 0 ms 
Bloom Filter Generation: 845 ms 
Join Core: 17 ms 
7414 linhas
862 ms 

Bloom Join
-----------------
32768 Buckets 0 Hash Functions
Initialization: 0 ms 
Bloom Filter Generation: 1023 ms 
Join Core: 17 ms 
7507 linhas
1040 ms 

Bloom Join
-----------------
32768 Buckets 0 Hash Functions
Initialization: 0 ms 
Bloom Filter Generation: 169 ms 
Join Core: 17 ms 
7551 linhas
185 ms 

Bloom Join
-----------------
32768 Buckets 0 Hash Functions
Initialization: 0 ms 
Bloom Filter Generation: 168 ms 
Join Core: 17 ms 
7551 linhas
185 ms 

Bloom Join
-----------------
32768 Buckets 0 Hash Functions
Initialization: 0 ms 
Bloom Filter Generation: 168 ms 
Join Core: 17 ms 
7551 linhas
185 ms 

