Bloom Join
-----------------
65536 Buckets 3 Hash Functions
Initialization: 0 ms 
Bloom Filter Generation: 558 ms 
Join Core: 28 ms 
6841 linhas
586 ms 

Bloom Join
-----------------
65536 Buckets 3 Hash Functions
Initialization: 0 ms 
Bloom Filter Generation: 1121 ms 
Join Core: 28 ms 
7109 linhas
1149 ms 

Bloom Join
-----------------
65536 Buckets 3 Hash Functions
Initialization: 0 ms 
Bloom Filter Generation: 1568 ms 
Join Core: 29 ms 
6851 linhas
1597 ms 

Bloom Join
-----------------
65536 Buckets 3 Hash Functions
Initialization: 0 ms 
Bloom Filter Generation: 1781 ms 
Join Core: 31 ms 
6817 linhas
1813 ms 

Bloom Join
-----------------
65536 Buckets 3 Hash Functions
Initialization: 0 ms 
Bloom Filter Generation: 290 ms 
Join Core: 28 ms 
7100 linhas
319 ms 

