Bloom Join
-----------------
262144 Buckets 1 Hash Functions
Initialization: 1 ms 
Bloom Filter Generation: 447 ms 
Join Core: 22 ms 
60852 linhas
470 ms 

Bloom Join
-----------------
262144 Buckets 1 Hash Functions
Initialization: 1 ms 
Bloom Filter Generation: 903 ms 
Join Core: 22 ms 
60790 linhas
926 ms 

Bloom Join
-----------------
262144 Buckets 1 Hash Functions
Initialization: 1 ms 
Bloom Filter Generation: 1086 ms 
Join Core: 22 ms 
60832 linhas
1108 ms 

Bloom Join
-----------------
262144 Buckets 1 Hash Functions
Initialization: 1 ms 
Bloom Filter Generation: 1317 ms 
Join Core: 22 ms 
60731 linhas
1340 ms 

Bloom Join
-----------------
262144 Buckets 1 Hash Functions
Initialization: 1 ms 
Bloom Filter Generation: 216 ms 
Join Core: 22 ms 
60717 linhas
239 ms 

Bloom Join
-----------------
262144 Buckets 1 Hash Functions
Initialization: 1 ms 
Bloom Filter Generation: 218 ms 
Join Core: 22 ms 
60717 linhas
241 ms 

Bloom Join
-----------------
262144 Buckets 1 Hash Functions
Initialization: 1 ms 
Bloom Filter Generation: 217 ms 
Join Core: 22 ms 
60717 linhas
240 ms 

