Bloom Join
-----------------
4194304 Buckets 4 Hash Functions
Initialization: 14 ms 
Bloom Filter Generation: 701 ms 
Join Core: 32 ms 
74999 linhas
747 ms 

Bloom Join
-----------------
4194304 Buckets 4 Hash Functions
Initialization: 14 ms 
Bloom Filter Generation: 1406 ms 
Join Core: 32 ms 
74999 linhas
1452 ms 

Bloom Join
-----------------
4194304 Buckets 4 Hash Functions
Initialization: 14 ms 
Bloom Filter Generation: 1803 ms 
Join Core: 30 ms 
75000 linhas
1847 ms 

Bloom Join
-----------------
4194304 Buckets 4 Hash Functions
Initialization: 14 ms 
Bloom Filter Generation: 2170 ms 
Join Core: 33 ms 
74998 linhas
2217 ms 

Bloom Join
-----------------
4194304 Buckets 4 Hash Functions
Initialization: 14 ms 
Bloom Filter Generation: 364 ms 
Join Core: 35 ms 
74997 linhas
414 ms 

