Bloom Join
-----------------
4194304 Buckets 3 Hash Functions
Initialization: 14 ms 
Bloom Filter Generation: 597 ms 
Join Core: 27 ms 
74989 linhas
638 ms 

Bloom Join
-----------------
4194304 Buckets 3 Hash Functions
Initialization: 14 ms 
Bloom Filter Generation: 1182 ms 
Join Core: 31 ms 
74993 linhas
1227 ms 

Bloom Join
-----------------
4194304 Buckets 3 Hash Functions
Initialization: 14 ms 
Bloom Filter Generation: 1536 ms 
Join Core: 28 ms 
74994 linhas
1579 ms 

Bloom Join
-----------------
4194304 Buckets 3 Hash Functions
Initialization: 14 ms 
Bloom Filter Generation: 1851 ms 
Join Core: 29 ms 
74990 linhas
1895 ms 

Bloom Join
-----------------
4194304 Buckets 3 Hash Functions
Initialization: 14 ms 
Bloom Filter Generation: 306 ms 
Join Core: 28 ms 
74987 linhas
349 ms 

Bloom Join
-----------------
4194304 Buckets 3 Hash Functions
Initialization: 15 ms 
Bloom Filter Generation: 397 ms 
Join Core: 35 ms 
74987 linhas
447 ms 

Bloom Join
-----------------
4194304 Buckets 3 Hash Functions
Initialization: 14 ms 
Bloom Filter Generation: 373 ms 
Join Core: 34 ms 
74987 linhas
421 ms 

