Bloom Join
-----------------
32768 Buckets 3 Hash Functions
Initialization: 0 ms 
Bloom Filter Generation: 1148 ms 
Join Core: 28 ms 
4 linhas
1176 ms 

Bloom Join
-----------------
32768 Buckets 3 Hash Functions
Initialization: 0 ms 
Bloom Filter Generation: 2054 ms 
Join Core: 28 ms 
0 linhas
2083 ms 

Bloom Join
-----------------
32768 Buckets 3 Hash Functions
Initialization: 0 ms 
Bloom Filter Generation: 2327 ms 
Join Core: 28 ms 
0 linhas
2355 ms 

Bloom Join
-----------------
32768 Buckets 3 Hash Functions
Initialization: 0 ms 
Bloom Filter Generation: 2598 ms 
Join Core: 28 ms 
0 linhas
2626 ms 

Bloom Join
-----------------
32768 Buckets 3 Hash Functions
Initialization: 0 ms 
Bloom Filter Generation: 302 ms 
Join Core: 30 ms 
0 linhas
331 ms 

Bloom Join
-----------------
32768 Buckets 3 Hash Functions
Initialization: 0 ms 
Bloom Filter Generation: 342 ms 
Join Core: 34 ms 
0 linhas
376 ms 

Bloom Join
-----------------
32768 Buckets 3 Hash Functions
Initialization: 0 ms 
Bloom Filter Generation: 346 ms 
Join Core: 35 ms 
0 linhas
381 ms 

