Bloom Join
-----------------
131072 Buckets 0 Hash Functions
Initialization: 0 ms 
Bloom Filter Generation: 729 ms 
Join Core: 17 ms 
5402 linhas
747 ms 

Bloom Join
-----------------
131072 Buckets 0 Hash Functions
Initialization: 0 ms 
Bloom Filter Generation: 1234 ms 
Join Core: 17 ms 
5405 linhas
1252 ms 

Bloom Join
-----------------
131072 Buckets 0 Hash Functions
Initialization: 0 ms 
Bloom Filter Generation: 1415 ms 
Join Core: 17 ms 
5319 linhas
1433 ms 

Bloom Join
-----------------
131072 Buckets 0 Hash Functions
Initialization: 0 ms 
Bloom Filter Generation: 1565 ms 
Join Core: 17 ms 
5289 linhas
1583 ms 

Bloom Join
-----------------
131072 Buckets 0 Hash Functions
Initialization: 0 ms 
Bloom Filter Generation: 183 ms 
Join Core: 18 ms 
5217 linhas
201 ms 

Bloom Join
-----------------
131072 Buckets 0 Hash Functions
Initialization: 0 ms 
Bloom Filter Generation: 176 ms 
Join Core: 17 ms 
5217 linhas
193 ms 

Bloom Join
-----------------
131072 Buckets 0 Hash Functions
Initialization: 0 ms 
Bloom Filter Generation: 176 ms 
Join Core: 17 ms 
5217 linhas
194 ms 

