Bloom Join
-----------------
262144 Buckets 0 Hash Functions
Initialization: 1 ms 
Bloom Filter Generation: 802 ms 
Join Core: 18 ms 
8937 linhas
821 ms 

Bloom Join
-----------------
262144 Buckets 0 Hash Functions
Initialization: 1 ms 
Bloom Filter Generation: 1258 ms 
Join Core: 17 ms 
8955 linhas
1276 ms 

Bloom Join
-----------------
262144 Buckets 0 Hash Functions
Initialization: 1 ms 
Bloom Filter Generation: 1440 ms 
Join Core: 17 ms 
8871 linhas
1459 ms 

Bloom Join
-----------------
262144 Buckets 0 Hash Functions
Initialization: 1 ms 
Bloom Filter Generation: 1642 ms 
Join Core: 18 ms 
8994 linhas
1660 ms 

Bloom Join
-----------------
262144 Buckets 0 Hash Functions
Initialization: 1 ms 
Bloom Filter Generation: 179 ms 
Join Core: 18 ms 
8944 linhas
197 ms 

