Bloom Join
-----------------
524288 Buckets 4 Hash Functions
Initialization: 2 ms 
Bloom Filter Generation: 1418 ms 
Join Core: 35 ms 
12405 linhas
1455 ms 

Bloom Join
-----------------
524288 Buckets 4 Hash Functions
Initialization: 2 ms 
Bloom Filter Generation: 2451 ms 
Join Core: 35 ms 
12446 linhas
2488 ms 

Bloom Join
-----------------
524288 Buckets 4 Hash Functions
Initialization: 2 ms 
Bloom Filter Generation: 2866 ms 
Join Core: 35 ms 
12494 linhas
2903 ms 

Bloom Join
-----------------
524288 Buckets 4 Hash Functions
Initialization: 2 ms 
Bloom Filter Generation: 3227 ms 
Join Core: 35 ms 
12379 linhas
3264 ms 

Bloom Join
-----------------
524288 Buckets 4 Hash Functions
Initialization: 2 ms 
Bloom Filter Generation: 374 ms 
Join Core: 38 ms 
12414 linhas
415 ms 

