Bloom Join
-----------------
4194304 Buckets 4 Hash Functions
Initialization: 14 ms 
Bloom Filter Generation: 1649 ms 
Join Core: 42 ms 
14997 linhas
1705 ms 

Bloom Join
-----------------
4194304 Buckets 4 Hash Functions
Initialization: 15 ms 
Bloom Filter Generation: 2492 ms 
Join Core: 39 ms 
14998 linhas
2546 ms 

Bloom Join
-----------------
4194304 Buckets 4 Hash Functions
Initialization: 14 ms 
Bloom Filter Generation: 2953 ms 
Join Core: 42 ms 
14997 linhas
3010 ms 

Bloom Join
-----------------
4194304 Buckets 4 Hash Functions
Initialization: 14 ms 
Bloom Filter Generation: 3317 ms 
Join Core: 40 ms 
14998 linhas
3372 ms 

Bloom Join
-----------------
4194304 Buckets 4 Hash Functions
Initialization: 16 ms 
Bloom Filter Generation: 406 ms 
Join Core: 52 ms 
14998 linhas
474 ms 

Bloom Join
-----------------
4194304 Buckets 4 Hash Functions
Initialization: 15 ms 
Bloom Filter Generation: 428 ms 
Join Core: 47 ms 
15006 linhas
489 ms 

Bloom Join
-----------------
4194304 Buckets 4 Hash Functions
Initialization: 17 ms 
Bloom Filter Generation: 513 ms 
Join Core: 47 ms 
15006 linhas
577 ms 

