Nested Loop Join
-----------------
15000 linhas
84823 ms 

Hash Join
-----------------
Initialization: 142 ms 
Hash Table Generation: 597 ms 
Join Core: 60 ms 
15000 linhas
799 ms 

Bloom Join 
-----------------
Initialization: 0 ms 
Bloom Filter Generation: 464 ms 
Join Core: 45 ms 
15000 linhas
509 ms 

Bloom Nested Join
-----------------
Initialization: 0 ms 
Bloom Filter Generation: 458 ms 
Join Core: 23683 ms 
15000 linhas
24141 ms 

Bloom Hash Join
-----------------
Initialization: 128 ms 
Bloom Filter and Hash Table Generation: 749 ms 
Join core: 69 ms 
Bloom Filter Ocupation: 0% 
15000 linhas
955 ms 

Cuckoo Join
-----------------
Initialization: 0 ms 
	Realocating cuckoo table... it may take a while
	Realocating cuckoo table... it may take a while
	Realocating cuckoo table... it may take a while
	Realocating cuckoo table... it may take a while
	Realocating cuckoo table... it may take a while
	Realocating cuckoo table... it may take a while
	Realocating cuckoo table... it may take a while
	Realocating cuckoo table... it may take a while
	Realocating cuckoo table... it may take a while
	Realocating cuckoo table... it may take a while
	Realocating cuckoo table... it may take a while
	Realocating cuckoo table... it may take a while
	Realocating cuckoo table... it may take a while
	Realocating cuckoo table... it may take a while
	Realocating cuckoo table... it may take a while
	Realocating cuckoo table... it may take a while
	Realocating cuckoo table... it may take a while
	Realocating cuckoo table... it may take a while
	Realocating cuckoo table... it may take a while
	Realocating cuckoo table... it may take a while
	Realocating cuckoo table... it may take a while
	Realocating cuckoo table... it may take a while
	Realocating cuckoo table... it may take a while
	Realocating cuckoo table... it may take a while
	Realocating cuckoo table... it may take a while
	Realocating cuckoo table... it may take a while
	Realocating cuckoo table... it may take a while
	Realocating cuckoo table... it may take a while
	Realocating cuckoo table... it may take a while
	Realocating cuckoo table... it may take a while
	Realocating cuckoo table... it may take a while
	Realocating cuckoo table... it may take a while
	Realocating cuckoo table... it may take a while
	Realocating cuckoo table... it may take a while
	Realocating cuckoo table... it may take a while
	Realocating cuckoo table... it may take a while
	Realocating cuckoo table... it may take a while
	Realocating cuckoo table... it may take a while
	Realocating cuckoo table... it may take a while
	Realocating cuckoo table... it may take a while
	Realocating cuckoo table... it may take a while
	Realocating cuckoo table... it may take a while
	Realocating cuckoo table... it may take a while
	Realocating cuckoo table... it may take a while
	Realocating cuckoo table... it may take a while
	Realocating cuckoo table... it may take a while
	Realocating cuckoo table... it may take a while
	Realocating cuckoo table... it may take a while
	Realocating cuckoo table... it may take a while
	Realocating cuckoo table... it may take a while
	Realocating cuckoo table... it may take a while
	Realocating cuckoo table... it may take a while
	Realocating cuckoo table... it may take a while
	Realocating cuckoo table... it may take a while
	Realocating cuckoo table... it may take a while
	Realocating cuckoo table... it may take a while
	Realocating cuckoo table... it may take a while
	Realocating cuckoo table... it may take a while
	Realocating cuckoo table... it may take a while
	Realocating cuckoo table... it may take a while
	Realocating cuckoo table... it may take a while
	Realocating cuckoo table... it may take a while
	Realocating cuckoo table... it may take a while
	Realocating cuckoo table... it may take a while
	Realocating cuckoo table... it may take a while
	Realocating cuckoo table... it may take a while
	Realocating cuckoo table... it may take a while
	Realocating cuckoo table... it may take a while
	Realocating cuckoo table... it may take a while
	Realocating cuckoo table... it may take a while
	Realocating cuckoo table... it may take a while
	Realocating cuckoo table... it may take a while
	Realocating cuckoo table... it may take a while
	Realocating cuckoo table... it may take a while
	Realocating cuckoo table... it may take a while
	Realocating cuckoo table... it may take a while
	Realocating cuckoo table... it may take a while
	Realocating cuckoo table... it may take a while
	Realocating cuckoo table... it may take a while
	Realocating cuckoo table... it may take a while
	Realocating cuckoo table... it may take a while
	Realocating cuckoo table... it may take a while
	Realocating cuckoo table... it may take a while
	Realocating cuckoo table... it may take a while
	Realocating cuckoo table... it may take a while
	Realocating cuckoo table... it may take a while
	Realocating cuckoo table... it may take a while
	Realocating cuckoo table... it may take a while
	Realocating cuckoo table... it may take a while
	Realocating cuckoo table... it may take a while
	Realocating cuckoo table... it may take a while
	Realocating cuckoo table... it may take a while
	Realocating cuckoo table... it may take a while
	Realocating cuckoo table... it may take a while
	Realocating cuckoo table... it may take a while
Cuckoo Table Generation: 254 ms 
Join core: 23 ms 
Cuckoo Ocupation: 51% 
15001 linhas
280 ms 

Cuckoo Filter Join
-----------------
Initialization: 0 ms 
Cuckoo Filter Generation: 2315 ms 
Join core: 44 ms 
Cuckoo Ocupation: 61% 
40759 linhas
2360 ms 

