Nested Loop Join
-----------------
120000 linhas
468500 ms 

Hash Join
-----------------
Initialization: 4 ms 
Hash Table Generation: 300 ms 
Join Core: 32 ms 
120000 linhas
336 ms 

Bloom  Join
-----------------
Initialization: 15 ms 
Bloom Filter Generation: 324 ms 
Join Core: 23 ms 
119998 linhas
361 ms 

Bloom Nested Join
-----------------
Initialization: 13 ms 
Bloom Filter Generation: 371 ms 
Join Core: 1164 ms 
120000 linhas
1548 ms 

Bloom Hash Join
-----------------
Initialization: 18 ms 
Bloom Filter and Hash Table Generation: 538 ms 
Join core: 29 ms 
120000 linhas
585 ms 

