--------------------------------------------------------------------------------
CPU name:	Intel(R) Core(TM) i7-6500U CPU @ 2.50GHz
CPU type:	Intel Skylake processor
CPU clock:	2.59 GHz
Cannot get access to MSRs. Please check permissions to the MSRs
--------------------------------------------------------------------------------
CPU name:	Intel(R) Core(TM) i7-6500U CPU @ 2.50GHz
CPU type:	Intel Skylake processor
CPU clock:	2.59 GHz
--------------------------------------------------------------------------------
Bloom Join
-----------------
16384 Buckets 3 Hash Functions
Initialization: 0 ms 
Bloom Filter Generation: 1027613 ms 
Join Core: 34 ms 
0 linhas
1027649 ms 

--------------------------------------------------------------------------------
Region Initialization, Group 1: L2
+-------------------+----------+
|    Region Info    |  Core 0  |
+-------------------+----------+
| RDTSC Runtime [s] | 0.000002 |
|     call count    |        1 |
+-------------------+----------+

+-----------------------+---------+--------+
|         Event         | Counter | Core 0 |
+-----------------------+---------+--------+
|   INSTR_RETIRED_ANY   |  FIXC0  |   8411 |
| CPU_CLK_UNHALTED_CORE |  FIXC1  |  15263 |
|  CPU_CLK_UNHALTED_REF |  FIXC2  |  18792 |
|    L1D_REPLACEMENT    |   PMC0  |    271 |
|      L1D_M_EVICT      |   PMC1  |     97 |
| ICACHE_64B_IFTAG_MISS |   PMC2  |    577 |
+-----------------------+---------+--------+

+--------------------------------+--------------+
|             Metric             |    Core 0    |
+--------------------------------+--------------+
|       Runtime (RDTSC) [s]      | 2.073356e-06 |
|      Runtime unhalted [s]      | 5.890421e-06 |
|           Clock [MHz]          |    2104.5559 |
|               CPI              |       1.8146 |
|  L2D load bandwidth [MBytes/s] |    8365.1819 |
|  L2D load data volume [GBytes] | 1.734400e-05 |
| L2D evict bandwidth [MBytes/s] |    2994.1795 |
| L2D evict data volume [GBytes] | 6.208000e-06 |
|     L2 bandwidth [MBytes/s]    |   29170.0991 |
|     L2 data volume [GBytes]    |       0.0001 |
+--------------------------------+--------------+

Region Generation, Group 1: L2
+-------------------+----------+
|    Region Info    |  Core 0  |
+-------------------+----------+
| RDTSC Runtime [s] | 3.173636 |
|     call count    | 18000016 |
+-------------------+----------+

+-----------------------+---------+--------------+
|         Event         | Counter |    Core 0    |
+-----------------------+---------+--------------+
|   INSTR_RETIRED_ANY   |  FIXC0  |  67414530000 |
| CPU_CLK_UNHALTED_CORE |  FIXC1  | 155428700000 |
|  CPU_CLK_UNHALTED_REF |  FIXC2  | 161526900000 |
|    L1D_REPLACEMENT    |   PMC0  |   3405965000 |
|      L1D_M_EVICT      |   PMC1  |   1108553000 |
| ICACHE_64B_IFTAG_MISS |   PMC2  |   7453725000 |
+-----------------------+---------+--------------+

+--------------------------------+-------------+
|             Metric             |    Core 0   |
+--------------------------------+-------------+
|       Runtime (RDTSC) [s]      |      3.1736 |
|      Runtime unhalted [s]      |     59.9843 |
|           Clock [MHz]          |   2493.3309 |
|               CPI              |      2.3056 |
|  L2D load bandwidth [MBytes/s] |  68685.1800 |
|  L2D load data volume [GBytes] |    217.9818 |
| L2D evict bandwidth [MBytes/s] |  22355.2392 |
| L2D evict data volume [GBytes] |     70.9474 |
|     L2 bandwidth [MBytes/s]    | 241353.3096 |
|     L2 data volume [GBytes]    |    765.9676 |
+--------------------------------+-------------+

Region Core, Group 1: L2
+-------------------+----------+
|    Region Info    |  Core 0  |
+-------------------+----------+
| RDTSC Runtime [s] | 0.034371 |
|     call count    |        1 |
+-------------------+----------+

+-----------------------+---------+-----------+
|         Event         | Counter |   Core 0  |
+-----------------------+---------+-----------+
|   INSTR_RETIRED_ANY   |  FIXC0  | 201371500 |
| CPU_CLK_UNHALTED_CORE |  FIXC1  |  85046880 |
|  CPU_CLK_UNHALTED_REF |  FIXC2  |  88382230 |
|    L1D_REPLACEMENT    |   PMC0  |     29077 |
|      L1D_M_EVICT      |   PMC1  |      1019 |
| ICACHE_64B_IFTAG_MISS |   PMC2  |      1389 |
+-----------------------+---------+-----------+

+--------------------------------+-----------+
|             Metric             |   Core 0  |
+--------------------------------+-----------+
|       Runtime (RDTSC) [s]      |    0.0344 |
|      Runtime unhalted [s]      |    0.0328 |
|           Clock [MHz]          | 2493.3715 |
|               CPI              |    0.4223 |
|  L2D load bandwidth [MBytes/s] |   54.1425 |
|  L2D load data volume [GBytes] |    0.0019 |
| L2D evict bandwidth [MBytes/s] |    1.8974 |
| L2D evict data volume [GBytes] |    0.0001 |
|     L2 bandwidth [MBytes/s]    |   58.6263 |
|     L2 data volume [GBytes]    |    0.0020 |
+--------------------------------+-----------+

--------------------------------------------------------------------------------
CPU name:	Intel(R) Core(TM) i7-6500U CPU @ 2.50GHz
CPU type:	Intel Skylake processor
CPU clock:	2.59 GHz
--------------------------------------------------------------------------------
Bloom Join
-----------------
16384 Buckets 3 Hash Functions
Initialization: 0 ms 
Bloom Filter Generation: 975803 ms 
Join Core: 34 ms 
0 linhas
975840 ms 

--------------------------------------------------------------------------------
Region Initialization, Group 1: L3
+-------------------+----------+
|    Region Info    |  Core 0  |
+-------------------+----------+
| RDTSC Runtime [s] | 0.000002 |
|     call count    |        1 |
+-------------------+----------+

+-----------------------+---------+--------+
|         Event         | Counter | Core 0 |
+-----------------------+---------+--------+
|   INSTR_RETIRED_ANY   |  FIXC0  |   8318 |
| CPU_CLK_UNHALTED_CORE |  FIXC1  |  22465 |
|  CPU_CLK_UNHALTED_REF |  FIXC2  |  30780 |
|    L2_LINES_IN_ALL    |   PMC0  |   1228 |
|     L2_TRANS_L2_WB    |   PMC1  |    124 |
+-----------------------+---------+--------+

+-------------------------------+--------------+
|             Metric            |    Core 0    |
+-------------------------------+--------------+
|      Runtime (RDTSC) [s]      | 2.374258e-06 |
|      Runtime unhalted [s]     | 8.667076e-06 |
|          Clock [MHz]          |    1891.7844 |
|              CPI              |       2.7008 |
|  L3 load bandwidth [MBytes/s] |   33101.7101 |
|  L3 load data volume [GBytes] |       0.0001 |
| L3 evict bandwidth [MBytes/s] |    3342.5180 |
| L3 evict data volume [GBytes] | 7.936000e-06 |
|    L3 bandwidth [MBytes/s]    |   36444.2280 |
|    L3 data volume [GBytes]    |       0.0001 |
+-------------------------------+--------------+

Region Generation, Group 1: L3
+-------------------+----------+
|    Region Info    |  Core 0  |
+-------------------+----------+
| RDTSC Runtime [s] | 3.680658 |
|     call count    | 18000016 |
+-------------------+----------+

+-----------------------+---------+--------------+
|         Event         | Counter |    Core 0    |
+-----------------------+---------+--------------+
|   INSTR_RETIRED_ANY   |  FIXC0  |  65740520000 |
| CPU_CLK_UNHALTED_CORE |  FIXC1  | 171194600000 |
|  CPU_CLK_UNHALTED_REF |  FIXC2  | 177930400000 |
|    L2_LINES_IN_ALL    |   PMC0  |   2651712000 |
|     L2_TRANS_L2_WB    |   PMC1  |    532700800 |
+-----------------------+---------+--------------+

+-------------------------------+------------+
|             Metric            |   Core 0   |
+-------------------------------+------------+
|      Runtime (RDTSC) [s]      |     3.6807 |
|      Runtime unhalted [s]     |    66.0475 |
|          Clock [MHz]          |  2493.8696 |
|              CPI              |     2.6041 |
|  L3 load bandwidth [MBytes/s] | 46108.4860 |
|  L3 load data volume [GBytes] |   169.7096 |
| L3 evict bandwidth [MBytes/s] |  9262.7055 |
| L3 evict data volume [GBytes] |    34.0929 |
|    L3 bandwidth [MBytes/s]    | 55371.1916 |
|    L3 data volume [GBytes]    |   203.8024 |
+-------------------------------+------------+

Region Core, Group 1: L3
+-------------------+----------+
|    Region Info    |  Core 0  |
+-------------------+----------+
| RDTSC Runtime [s] | 0.034433 |
|     call count    |        1 |
+-------------------+----------+

+-----------------------+---------+-----------+
|         Event         | Counter |   Core 0  |
+-----------------------+---------+-----------+
|   INSTR_RETIRED_ANY   |  FIXC0  | 201371500 |
| CPU_CLK_UNHALTED_CORE |  FIXC1  |  85224160 |
|  CPU_CLK_UNHALTED_REF |  FIXC2  |  88566480 |
|    L2_LINES_IN_ALL    |   PMC0  |     31331 |
|     L2_TRANS_L2_WB    |   PMC1  |     17135 |
+-----------------------+---------+-----------+

+-------------------------------+-----------+
|             Metric            |   Core 0  |
+-------------------------------+-----------+
|      Runtime (RDTSC) [s]      |    0.0344 |
|      Runtime unhalted [s]     |    0.0329 |
|          Clock [MHz]          | 2494.1765 |
|              CPI              |    0.4232 |
|  L3 load bandwidth [MBytes/s] |   58.2342 |
|  L3 load data volume [GBytes] |    0.0020 |
| L3 evict bandwidth [MBytes/s] |   31.8484 |
| L3 evict data volume [GBytes] |    0.0011 |
|    L3 bandwidth [MBytes/s]    |   90.0826 |
|    L3 data volume [GBytes]    |    0.0031 |
+-------------------------------+-----------+

