--------------------------------------------------------------------------------
CPU name:	Intel(R) Core(TM) i7-6500U CPU @ 2.50GHz
CPU type:	Intel Skylake processor
CPU clock:	2.59 GHz
Cannot get access to MSRs. Please check permissions to the MSRs
--------------------------------------------------------------------------------
CPU name:	Intel(R) Core(TM) i7-6500U CPU @ 2.50GHz
CPU type:	Intel Skylake processor
CPU clock:	2.59 GHz
--------------------------------------------------------------------------------
Bloom Join
-----------------
16384 Buckets 0 Hash Functions
Initialization: 0 ms 
Bloom Filter Generation: 272258 ms 
Join Core: 18 ms 
2 linhas
272279 ms 

--------------------------------------------------------------------------------
Region Initialization, Group 1: L2
+-------------------+----------+
|    Region Info    |  Core 0  |
+-------------------+----------+
| RDTSC Runtime [s] | 0.000003 |
|     call count    |        1 |
+-------------------+----------+

+-----------------------+---------+--------+
|         Event         | Counter | Core 0 |
+-----------------------+---------+--------+
|   INSTR_RETIRED_ANY   |  FIXC0  |   8411 |
| CPU_CLK_UNHALTED_CORE |  FIXC1  |  14495 |
|  CPU_CLK_UNHALTED_REF |  FIXC2  |  31644 |
|    L1D_REPLACEMENT    |   PMC0  |    306 |
|      L1D_M_EVICT      |   PMC1  |     99 |
| ICACHE_64B_IFTAG_MISS |   PMC2  |    647 |
+-----------------------+---------+--------+

+--------------------------------+--------------+
|             Metric             |    Core 0    |
+--------------------------------+--------------+
|       Runtime (RDTSC) [s]      | 3.037825e-06 |
|      Runtime unhalted [s]      | 5.592249e-06 |
|           Clock [MHz]          |    1187.2948 |
|               CPI              |       1.7233 |
|  L2D load bandwidth [MBytes/s] |    6446.7176 |
|  L2D load data volume [GBytes] | 1.958400e-05 |
| L2D evict bandwidth [MBytes/s] |    2085.7028 |
| L2D evict data volume [GBytes] | 6.336000e-06 |
|     L2 bandwidth [MBytes/s]    |   22163.2253 |
|     L2 data volume [GBytes]    |       0.0001 |
+--------------------------------+--------------+

Region Generation, Group 1: L2
+-------------------+----------+
|    Region Info    |  Core 0  |
+-------------------+----------+
| RDTSC Runtime [s] | 0.804230 |
|     call count    |  4500004 |
+-------------------+----------+

+-----------------------+---------+-------------+
|         Event         | Counter |    Core 0   |
+-----------------------+---------+-------------+
|   INSTR_RETIRED_ANY   |  FIXC0  | 16618360000 |
| CPU_CLK_UNHALTED_CORE |  FIXC1  | 42197720000 |
|  CPU_CLK_UNHALTED_REF |  FIXC2  | 43853780000 |
|    L1D_REPLACEMENT    |   PMC0  |   914524900 |
|      L1D_M_EVICT      |   PMC1  |   265964200 |
| ICACHE_64B_IFTAG_MISS |   PMC2  |  1922953000 |
+-----------------------+---------+-------------+

+--------------------------------+-------------+
|             Metric             |    Core 0   |
+--------------------------------+-------------+
|       Runtime (RDTSC) [s]      |      0.8042 |
|      Runtime unhalted [s]      |     16.2801 |
|           Clock [MHz]          |   2494.0990 |
|               CPI              |      2.5392 |
|  L2D load bandwidth [MBytes/s] |  72777.2098 |
|  L2D load data volume [GBytes] |     58.5296 |
| L2D evict bandwidth [MBytes/s] |  21165.2328 |
| L2D evict data volume [GBytes] |     17.0217 |
|     L2 bandwidth [MBytes/s]    | 246969.6088 |
|     L2 data volume [GBytes]    |    198.6203 |
+--------------------------------+-------------+

Region Core, Group 1: L2
+-------------------+----------+
|    Region Info    |  Core 0  |
+-------------------+----------+
| RDTSC Runtime [s] | 0.017749 |
|     call count    |        1 |
+-------------------+----------+

+-----------------------+---------+-----------+
|         Event         | Counter |   Core 0  |
+-----------------------+---------+-----------+
|   INSTR_RETIRED_ANY   |  FIXC0  | 116646000 |
| CPU_CLK_UNHALTED_CORE |  FIXC1  |  43528270 |
|  CPU_CLK_UNHALTED_REF |  FIXC2  |  45235480 |
|    L1D_REPLACEMENT    |   PMC0  |     31090 |
|      L1D_M_EVICT      |   PMC1  |      2030 |
| ICACHE_64B_IFTAG_MISS |   PMC2  |      1681 |
+-----------------------+---------+-----------+

+--------------------------------+-----------+
|             Metric             |   Core 0  |
+--------------------------------+-----------+
|       Runtime (RDTSC) [s]      |    0.0177 |
|      Runtime unhalted [s]      |    0.0168 |
|           Clock [MHz]          | 2494.1579 |
|               CPI              |    0.3732 |
|  L2D load bandwidth [MBytes/s] |  112.1026 |
|  L2D load data volume [GBytes] |    0.0020 |
| L2D evict bandwidth [MBytes/s] |    7.3197 |
| L2D evict data volume [GBytes] |    0.0001 |
|     L2 bandwidth [MBytes/s]    |  125.4836 |
|     L2 data volume [GBytes]    |    0.0022 |
+--------------------------------+-----------+

--------------------------------------------------------------------------------
CPU name:	Intel(R) Core(TM) i7-6500U CPU @ 2.50GHz
CPU type:	Intel Skylake processor
CPU clock:	2.59 GHz
--------------------------------------------------------------------------------
Bloom Join
-----------------
16384 Buckets 0 Hash Functions
Initialization: 0 ms 
Bloom Filter Generation: 228574 ms 
Join Core: 17 ms 
2 linhas
228593 ms 

--------------------------------------------------------------------------------
Region Initialization, Group 1: L3
+-------------------+----------+
|    Region Info    |  Core 0  |
+-------------------+----------+
| RDTSC Runtime [s] | 0.000004 |
|     call count    |        1 |
+-------------------+----------+

+-----------------------+---------+--------+
|         Event         | Counter | Core 0 |
+-----------------------+---------+--------+
|   INSTR_RETIRED_ANY   |  FIXC0  |   8318 |
| CPU_CLK_UNHALTED_CORE |  FIXC1  |  14273 |
|  CPU_CLK_UNHALTED_REF |  FIXC2  |  46440 |
|    L2_LINES_IN_ALL    |   PMC0  |    519 |
|     L2_TRANS_L2_WB    |   PMC1  |     94 |
+-----------------------+---------+--------+

+-------------------------------+--------------+
|             Metric            |    Core 0    |
+-------------------------------+--------------+
|      Runtime (RDTSC) [s]      | 4.373478e-06 |
|      Runtime unhalted [s]     | 5.506563e-06 |
|          Clock [MHz]          |     796.6319 |
|              CPI              |       1.7159 |
|  L3 load bandwidth [MBytes/s] |    7594.8707 |
|  L3 load data volume [GBytes] | 3.321600e-05 |
| L3 evict bandwidth [MBytes/s] |    1375.5643 |
| L3 evict data volume [GBytes] | 6.016000e-06 |
|    L3 bandwidth [MBytes/s]    |    8970.4350 |
|    L3 data volume [GBytes]    | 3.923200e-05 |
+-------------------------------+--------------+

Region Generation, Group 1: L3
+-------------------+----------+
|    Region Info    |  Core 0  |
+-------------------+----------+
| RDTSC Runtime [s] | 0.599406 |
|     call count    |  4500004 |
+-------------------+----------+

+-----------------------+---------+-------------+
|         Event         | Counter |    Core 0   |
+-----------------------+---------+-------------+
|   INSTR_RETIRED_ANY   |  FIXC0  | 16199880000 |
| CPU_CLK_UNHALTED_CORE |  FIXC1  | 37010070000 |
|  CPU_CLK_UNHALTED_REF |  FIXC2  | 38464040000 |
|    L2_LINES_IN_ALL    |   PMC0  |   637924300 |
|     L2_TRANS_L2_WB    |   PMC1  |   101646500 |
+-----------------------+---------+-------------+

+-------------------------------+------------+
|             Metric            |   Core 0   |
+-------------------------------+------------+
|      Runtime (RDTSC) [s]      |     0.5994 |
|      Runtime unhalted [s]     |    14.2786 |
|          Clock [MHz]          |  2494.0185 |
|              CPI              |     2.2846 |
|  L3 load bandwidth [MBytes/s] | 68112.7470 |
|  L3 load data volume [GBytes] |    40.8272 |
| L3 evict bandwidth [MBytes/s] | 10853.0469 |
| L3 evict data volume [GBytes] |     6.5054 |
|    L3 bandwidth [MBytes/s]    | 78965.7939 |
|    L3 data volume [GBytes]    |    47.3325 |
+-------------------------------+------------+

Region Core, Group 1: L3
+-------------------+----------+
|    Region Info    |  Core 0  |
+-------------------+----------+
| RDTSC Runtime [s] | 0.017211 |
|     call count    |        1 |
+-------------------+----------+

+-----------------------+---------+-----------+
|         Event         | Counter |   Core 0  |
+-----------------------+---------+-----------+
|   INSTR_RETIRED_ANY   |  FIXC0  | 116645900 |
| CPU_CLK_UNHALTED_CORE |  FIXC1  |  42438830 |
|  CPU_CLK_UNHALTED_REF |  FIXC2  |  44103200 |
|    L2_LINES_IN_ALL    |   PMC0  |     30370 |
|     L2_TRANS_L2_WB    |   PMC1  |     17716 |
+-----------------------+---------+-----------+

+-------------------------------+-----------+
|             Metric            |   Core 0  |
+-------------------------------+-----------+
|      Runtime (RDTSC) [s]      |    0.0172 |
|      Runtime unhalted [s]     |    0.0164 |
|          Clock [MHz]          | 2494.1809 |
|              CPI              |    0.3638 |
|  L3 load bandwidth [MBytes/s] |  112.9323 |
|  L3 load data volume [GBytes] |    0.0019 |
| L3 evict bandwidth [MBytes/s] |   65.8778 |
| L3 evict data volume [GBytes] |    0.0011 |
|    L3 bandwidth [MBytes/s]    |  178.8101 |
|    L3 data volume [GBytes]    |    0.0031 |
+-------------------------------+-----------+

