--------------------------------------------------------------------------------
CPU name:	Intel(R) Core(TM) i7-6500U CPU @ 2.50GHz
CPU type:	Intel Skylake processor
CPU clock:	2.59 GHz
Cannot get access to MSRs. Please check permissions to the MSRs
--------------------------------------------------------------------------------
CPU name:	Intel(R) Core(TM) i7-6500U CPU @ 2.50GHz
CPU type:	Intel Skylake processor
CPU clock:	2.59 GHz
--------------------------------------------------------------------------------
Bloom Join
-----------------
16384 Buckets 1 Hash Functions
Initialization: 0 ms 
Bloom Filter Generation: 540311 ms 
Join Core: 22 ms 
0 linhas
540335 ms 

--------------------------------------------------------------------------------
Region Initialization, Group 1: L2
+-------------------+----------+
|    Region Info    |  Core 0  |
+-------------------+----------+
| RDTSC Runtime [s] | 0.000004 |
|     call count    |        1 |
+-------------------+----------+

+-----------------------+---------+--------+
|         Event         | Counter | Core 0 |
+-----------------------+---------+--------+
|   INSTR_RETIRED_ANY   |  FIXC0  |   8411 |
| CPU_CLK_UNHALTED_CORE |  FIXC1  |  13959 |
|  CPU_CLK_UNHALTED_REF |  FIXC2  |  45468 |
|    L1D_REPLACEMENT    |   PMC0  |    312 |
|      L1D_M_EVICT      |   PMC1  |    111 |
| ICACHE_64B_IFTAG_MISS |   PMC2  |    609 |
+-----------------------+---------+--------+

+--------------------------------+--------------+
|             Metric             |    Core 0    |
+--------------------------------+--------------+
|       Runtime (RDTSC) [s]      | 4.240265e-06 |
|      Runtime unhalted [s]      | 5.385440e-06 |
|           Clock [MHz]          |     795.7591 |
|               CPI              |       1.6596 |
|  L2D load bandwidth [MBytes/s] |    4709.1396 |
|  L2D load data volume [GBytes] | 1.996800e-05 |
| L2D evict bandwidth [MBytes/s] |    1675.3670 |
| L2D evict data volume [GBytes] | 7.104000e-06 |
|     L2 bandwidth [MBytes/s]    |   15576.3850 |
|     L2 data volume [GBytes]    |       0.0001 |
+--------------------------------+--------------+

Region Generation, Group 1: L2
+-------------------+----------+
|    Region Info    |  Core 0  |
+-------------------+----------+
| RDTSC Runtime [s] | 1.858540 |
|     call count    |  9000008 |
+-------------------+----------+

+-----------------------+---------+-------------+
|         Event         | Counter |    Core 0   |
+-----------------------+---------+-------------+
|   INSTR_RETIRED_ANY   |  FIXC0  | 33302960000 |
| CPU_CLK_UNHALTED_CORE |  FIXC1  | 85827280000 |
|  CPU_CLK_UNHALTED_REF |  FIXC2  | 89195380000 |
|    L1D_REPLACEMENT    |   PMC0  |  1775832000 |
|      L1D_M_EVICT      |   PMC1  |   536498500 |
| ICACHE_64B_IFTAG_MISS |   PMC2  |  3720680000 |
+-----------------------+---------+-------------+

+--------------------------------+-------------+
|             Metric             |    Core 0   |
+--------------------------------+-------------+
|       Runtime (RDTSC) [s]      |      1.8585 |
|      Runtime unhalted [s]      |     33.1125 |
|           Clock [MHz]          |   2494.1130 |
|               CPI              |      2.5772 |
|  L2D load bandwidth [MBytes/s] |  61151.8977 |
|  L2D load data volume [GBytes] |    113.6532 |
| L2D evict bandwidth [MBytes/s] |  18474.6651 |
| L2D evict data volume [GBytes] |     34.3359 |
|     L2 bandwidth [MBytes/s]    | 207750.5311 |
|     L2 data volume [GBytes]    |    386.1127 |
+--------------------------------+-------------+

Region Core, Group 1: L2
+-------------------+----------+
|    Region Info    |  Core 0  |
+-------------------+----------+
| RDTSC Runtime [s] | 0.021749 |
|     call count    |        1 |
+-------------------+----------+

+-----------------------+---------+-----------+
|         Event         | Counter |   Core 0  |
+-----------------------+---------+-----------+
|   INSTR_RETIRED_ANY   |  FIXC0  | 136768400 |
| CPU_CLK_UNHALTED_CORE |  FIXC1  |  53738540 |
|  CPU_CLK_UNHALTED_REF |  FIXC2  |  55845500 |
|    L1D_REPLACEMENT    |   PMC0  |     29019 |
|      L1D_M_EVICT      |   PMC1  |       812 |
| ICACHE_64B_IFTAG_MISS |   PMC2  |      1223 |
+-----------------------+---------+-----------+

+--------------------------------+-----------+
|             Metric             |   Core 0  |
+--------------------------------+-----------+
|       Runtime (RDTSC) [s]      |    0.0217 |
|      Runtime unhalted [s]      |    0.0207 |
|           Clock [MHz]          | 2494.1974 |
|               CPI              |    0.3929 |
|  L2D load bandwidth [MBytes/s] |   85.3934 |
|  L2D load data volume [GBytes] |    0.0019 |
| L2D evict bandwidth [MBytes/s] |    2.3894 |
| L2D evict data volume [GBytes] |    0.0001 |
|     L2 bandwidth [MBytes/s]    |   91.3817 |
|     L2 data volume [GBytes]    |    0.0020 |
+--------------------------------+-----------+

--------------------------------------------------------------------------------
CPU name:	Intel(R) Core(TM) i7-6500U CPU @ 2.50GHz
CPU type:	Intel Skylake processor
CPU clock:	2.59 GHz
--------------------------------------------------------------------------------
Bloom Join
-----------------
16384 Buckets 1 Hash Functions
Initialization: 0 ms 
Bloom Filter Generation: 453306 ms 
Join Core: 22 ms 
0 linhas
453329 ms 

--------------------------------------------------------------------------------
Region Initialization, Group 1: L3
+-------------------+----------+
|    Region Info    |  Core 0  |
+-------------------+----------+
| RDTSC Runtime [s] | 0.000002 |
|     call count    |        1 |
+-------------------+----------+

+-----------------------+---------+--------+
|         Event         | Counter | Core 0 |
+-----------------------+---------+--------+
|   INSTR_RETIRED_ANY   |  FIXC0  |   8318 |
| CPU_CLK_UNHALTED_CORE |  FIXC1  |  14747 |
|  CPU_CLK_UNHALTED_REF |  FIXC2  |  18900 |
|    L2_LINES_IN_ALL    |   PMC0  |    577 |
|     L2_TRANS_L2_WB    |   PMC1  |    115 |
+-----------------------+---------+--------+

+-------------------------------+--------------+
|             Metric            |    Core 0    |
+-------------------------------+--------------+
|      Runtime (RDTSC) [s]      | 1.723769e-06 |
|      Runtime unhalted [s]     | 5.689428e-06 |
|          Clock [MHz]          |    2022.4460 |
|              CPI              |       1.7729 |
|  L3 load bandwidth [MBytes/s] |   21422.8241 |
|  L3 load data volume [GBytes] | 3.692800e-05 |
| L3 evict bandwidth [MBytes/s] |    4269.7136 |
| L3 evict data volume [GBytes] | 7.360000e-06 |
|    L3 bandwidth [MBytes/s]    |   25692.5377 |
|    L3 data volume [GBytes]    | 4.428800e-05 |
+-------------------------------+--------------+

Region Generation, Group 1: L3
+-------------------+----------+
|    Region Info    |  Core 0  |
+-------------------+----------+
| RDTSC Runtime [s] | 1.261124 |
|     call count    |  9000008 |
+-------------------+----------+

+-----------------------+---------+-------------+
|         Event         | Counter |    Core 0   |
+-----------------------+---------+-------------+
|   INSTR_RETIRED_ANY   |  FIXC0  | 32465960000 |
| CPU_CLK_UNHALTED_CORE |  FIXC1  | 75183550000 |
|  CPU_CLK_UNHALTED_REF |  FIXC2  | 78133820000 |
|    L2_LINES_IN_ALL    |   PMC0  |  1208736000 |
|     L2_TRANS_L2_WB    |   PMC1  |   166661300 |
+-----------------------+---------+-------------+

+-------------------------------+------------+
|             Metric            |   Core 0   |
+-------------------------------+------------+
|      Runtime (RDTSC) [s]      |     1.2611 |
|      Runtime unhalted [s]     |    29.0060 |
|          Clock [MHz]          |  2494.1285 |
|              CPI              |     2.3158 |
|  L3 load bandwidth [MBytes/s] | 61341.3939 |
|  L3 load data volume [GBytes] |    77.3591 |
| L3 evict bandwidth [MBytes/s] |  8457.7910 |
| L3 evict data volume [GBytes] |    10.6663 |
|    L3 bandwidth [MBytes/s]    | 69799.1849 |
|    L3 data volume [GBytes]    |    88.0254 |
+-------------------------------+------------+

Region Core, Group 1: L3
+-------------------+----------+
|    Region Info    |  Core 0  |
+-------------------+----------+
| RDTSC Runtime [s] | 0.021723 |
|     call count    |        1 |
+-------------------+----------+

+-----------------------+---------+-----------+
|         Event         | Counter |   Core 0  |
+-----------------------+---------+-----------+
|   INSTR_RETIRED_ANY   |  FIXC0  | 136768300 |
| CPU_CLK_UNHALTED_CORE |  FIXC1  |  53707030 |
|  CPU_CLK_UNHALTED_REF |  FIXC2  |  55813320 |
|    L2_LINES_IN_ALL    |   PMC0  |     30613 |
|     L2_TRANS_L2_WB    |   PMC1  |     19689 |
+-----------------------+---------+-----------+

+-------------------------------+-----------+
|             Metric            |   Core 0  |
+-------------------------------+-----------+
|      Runtime (RDTSC) [s]      |    0.0217 |
|      Runtime unhalted [s]     |    0.0207 |
|          Clock [MHz]          | 2494.1831 |
|              CPI              |    0.3927 |
|  L3 load bandwidth [MBytes/s] |   90.1925 |
|  L3 load data volume [GBytes] |    0.0020 |
| L3 evict bandwidth [MBytes/s] |   58.0081 |
| L3 evict data volume [GBytes] |    0.0013 |
|    L3 bandwidth [MBytes/s]    |  148.2006 |
|    L3 data volume [GBytes]    |    0.0032 |
+-------------------------------+-----------+

