--------------------------------------------------------------------------------
CPU name:	Intel(R) Core(TM) i7-6500U CPU @ 2.50GHz
CPU type:	Intel Skylake processor
CPU clock:	2.59 GHz
Cannot get access to MSRs. Please check permissions to the MSRs
--------------------------------------------------------------------------------
CPU name:	Intel(R) Core(TM) i7-6500U CPU @ 2.50GHz
CPU type:	Intel Skylake processor
CPU clock:	2.59 GHz
--------------------------------------------------------------------------------
Bloom Join
-----------------
32768 Buckets 0 Hash Functions
Initialization: 0 ms 
Bloom Filter Generation: 258400 ms 
Join Core: 19 ms 
244 linhas
258421 ms 

--------------------------------------------------------------------------------
Region Initialization, Group 1: L2
+-------------------+----------+
|    Region Info    |  Core 0  |
+-------------------+----------+
| RDTSC Runtime [s] | 0.000002 |
|     call count    |        1 |
+-------------------+----------+

+-----------------------+---------+--------+
|         Event         | Counter | Core 0 |
+-----------------------+---------+--------+
|   INSTR_RETIRED_ANY   |  FIXC0  |  11995 |
| CPU_CLK_UNHALTED_CORE |  FIXC1  |  16292 |
|  CPU_CLK_UNHALTED_REF |  FIXC2  |  18684 |
|    L1D_REPLACEMENT    |   PMC0  |    339 |
|      L1D_M_EVICT      |   PMC1  |    103 |
| ICACHE_64B_IFTAG_MISS |   PMC2  |    592 |
+-----------------------+---------+--------+

+--------------------------------+--------------+
|             Metric             |    Core 0    |
+--------------------------------+--------------+
|       Runtime (RDTSC) [s]      | 2.148197e-06 |
|      Runtime unhalted [s]      | 6.285520e-06 |
|           Clock [MHz]          |    2260.1525 |
|               CPI              |       1.3582 |
|  L2D load bandwidth [MBytes/s] |   10099.6324 |
|  L2D load data volume [GBytes] | 2.169600e-05 |
| L2D evict bandwidth [MBytes/s] |    3068.6199 |
| L2D evict data volume [GBytes] | 6.592000e-06 |
|     L2 bandwidth [MBytes/s]    |   30805.3684 |
|     L2 data volume [GBytes]    |       0.0001 |
+--------------------------------+--------------+

Region Generation, Group 1: L2
+-------------------+----------+
|    Region Info    |  Core 0  |
+-------------------+----------+
| RDTSC Runtime [s] | 0.719781 |
|     call count    |  4500004 |
+-------------------+----------+

+-----------------------+---------+-------------+
|         Event         | Counter |    Core 0   |
+-----------------------+---------+-------------+
|   INSTR_RETIRED_ANY   |  FIXC0  | 16618350000 |
| CPU_CLK_UNHALTED_CORE |  FIXC1  | 39660920000 |
|  CPU_CLK_UNHALTED_REF |  FIXC2  | 41216390000 |
|    L1D_REPLACEMENT    |   PMC0  |   841283800 |
|      L1D_M_EVICT      |   PMC1  |   254531900 |
| ICACHE_64B_IFTAG_MISS |   PMC2  |  1858524000 |
+-----------------------+---------+-------------+

+--------------------------------+-------------+
|             Metric             |    Core 0   |
+--------------------------------+-------------+
|       Runtime (RDTSC) [s]      |      0.7198 |
|      Runtime unhalted [s]      |     15.3013 |
|           Clock [MHz]          |   2494.1699 |
|               CPI              |      2.3866 |
|  L2D load bandwidth [MBytes/s] |  74803.5038 |
|  L2D load data volume [GBytes] |     53.8422 |
| L2D evict bandwidth [MBytes/s] |  22631.9322 |
| L2D evict data volume [GBytes] |     16.2900 |
|     L2 bandwidth [MBytes/s]    | 262687.7647 |
|     L2 data volume [GBytes]    |    189.0777 |
+--------------------------------+-------------+

Region Core, Group 1: L2
+-------------------+----------+
|    Region Info    |  Core 0  |
+-------------------+----------+
| RDTSC Runtime [s] | 0.018953 |
|     call count    |        1 |
+-------------------+----------+

+-----------------------+---------+-----------+
|         Event         | Counter |   Core 0  |
+-----------------------+---------+-----------+
|   INSTR_RETIRED_ANY   |  FIXC0  | 116649200 |
| CPU_CLK_UNHALTED_CORE |  FIXC1  |  46572040 |
|  CPU_CLK_UNHALTED_REF |  FIXC2  |  48398580 |
|    L1D_REPLACEMENT    |   PMC0  |     29539 |
|      L1D_M_EVICT      |   PMC1  |      1070 |
| ICACHE_64B_IFTAG_MISS |   PMC2  |      1259 |
+-----------------------+---------+-----------+

+--------------------------------+-----------+
|             Metric             |   Core 0  |
+--------------------------------+-----------+
|       Runtime (RDTSC) [s]      |    0.0190 |
|      Runtime unhalted [s]      |    0.0180 |
|           Clock [MHz]          | 2494.1688 |
|               CPI              |    0.3992 |
|  L2D load bandwidth [MBytes/s] |   99.7480 |
|  L2D load data volume [GBytes] |    0.0019 |
| L2D evict bandwidth [MBytes/s] |    3.6132 |
| L2D evict data volume [GBytes] |    0.0001 |
|     L2 bandwidth [MBytes/s]    |  107.6126 |
|     L2 data volume [GBytes]    |    0.0020 |
+--------------------------------+-----------+

--------------------------------------------------------------------------------
CPU name:	Intel(R) Core(TM) i7-6500U CPU @ 2.50GHz
CPU type:	Intel Skylake processor
CPU clock:	2.59 GHz
--------------------------------------------------------------------------------
Bloom Join
-----------------
32768 Buckets 0 Hash Functions
Initialization: 0 ms 
Bloom Filter Generation: 229640 ms 
Join Core: 17 ms 
244 linhas
229660 ms 

--------------------------------------------------------------------------------
Region Initialization, Group 1: L3
+-------------------+----------+
|    Region Info    |  Core 0  |
+-------------------+----------+
| RDTSC Runtime [s] | 0.000007 |
|     call count    |        1 |
+-------------------+----------+

+-----------------------+---------+--------+
|         Event         | Counter | Core 0 |
+-----------------------+---------+--------+
|   INSTR_RETIRED_ANY   |  FIXC0  |  11902 |
| CPU_CLK_UNHALTED_CORE |  FIXC1  |  16275 |
|  CPU_CLK_UNHALTED_REF |  FIXC2  |  53028 |
|    L2_LINES_IN_ALL    |   PMC0  |    537 |
|     L2_TRANS_L2_WB    |   PMC1  |    109 |
+-----------------------+---------+--------+

+-------------------------------+--------------+
|             Metric            |    Core 0    |
+-------------------------------+--------------+
|      Runtime (RDTSC) [s]      | 6.597444e-06 |
|      Runtime unhalted [s]     | 6.278937e-06 |
|          Clock [MHz]          |     795.5191 |
|              CPI              |       1.3674 |
|  L3 load bandwidth [MBytes/s] |    5209.2901 |
|  L3 load data volume [GBytes] | 3.436800e-05 |
| L3 evict bandwidth [MBytes/s] |    1057.3792 |
| L3 evict data volume [GBytes] | 6.976000e-06 |
|    L3 bandwidth [MBytes/s]    |    6266.6693 |
|    L3 data volume [GBytes]    | 4.134400e-05 |
+-------------------------------+--------------+

Region Generation, Group 1: L3
+-------------------+----------+
|    Region Info    |  Core 0  |
+-------------------+----------+
| RDTSC Runtime [s] | 0.681265 |
|     call count    |  4500004 |
+-------------------+----------+

+-----------------------+---------+-------------+
|         Event         | Counter |    Core 0   |
+-----------------------+---------+-------------+
|   INSTR_RETIRED_ANY   |  FIXC0  | 16199850000 |
| CPU_CLK_UNHALTED_CORE |  FIXC1  | 38285960000 |
|  CPU_CLK_UNHALTED_REF |  FIXC2  | 39788830000 |
|    L2_LINES_IN_ALL    |   PMC0  |   644409400 |
|     L2_TRANS_L2_WB    |   PMC1  |    83970110 |
+-----------------------+---------+-------------+

+-------------------------------+------------+
|             Metric            |   Core 0   |
+-------------------------------+------------+
|      Runtime (RDTSC) [s]      |     0.6813 |
|      Runtime unhalted [s]     |    14.7708 |
|          Clock [MHz]          |  2494.0964 |
|              CPI              |     2.3634 |
|  L3 load bandwidth [MBytes/s] | 60537.6964 |
|  L3 load data volume [GBytes] |    41.2422 |
| L3 evict bandwidth [MBytes/s] |  7888.3968 |
| L3 evict data volume [GBytes] |     5.3741 |
|    L3 bandwidth [MBytes/s]    | 68426.0931 |
|    L3 data volume [GBytes]    |    46.6163 |
+-------------------------------+------------+

Region Core, Group 1: L3
+-------------------+----------+
|    Region Info    |  Core 0  |
+-------------------+----------+
| RDTSC Runtime [s] | 0.017195 |
|     call count    |        1 |
+-------------------+----------+

+-----------------------+---------+-----------+
|         Event         | Counter |   Core 0  |
+-----------------------+---------+-----------+
|   INSTR_RETIRED_ANY   |  FIXC0  | 116649100 |
| CPU_CLK_UNHALTED_CORE |  FIXC1  |  42439380 |
|  CPU_CLK_UNHALTED_REF |  FIXC2  |  44103530 |
|    L2_LINES_IN_ALL    |   PMC0  |     29982 |
|     L2_TRANS_L2_WB    |   PMC1  |     21700 |
+-----------------------+---------+-----------+

+-------------------------------+-----------+
|             Metric            |   Core 0  |
+-------------------------------+-----------+
|      Runtime (RDTSC) [s]      |    0.0172 |
|      Runtime unhalted [s]     |    0.0164 |
|          Clock [MHz]          | 2494.1958 |
|              CPI              |    0.3638 |
|  L3 load bandwidth [MBytes/s] |  111.5958 |
|  L3 load data volume [GBytes] |    0.0019 |
| L3 evict bandwidth [MBytes/s] |   80.7694 |
| L3 evict data volume [GBytes] |    0.0014 |
|    L3 bandwidth [MBytes/s]    |  192.3652 |
|    L3 data volume [GBytes]    |    0.0033 |
+-------------------------------+-----------+

