--------------------------------------------------------------------------------
CPU name:	Intel(R) Core(TM) i7-6500U CPU @ 2.50GHz
CPU type:	Intel Skylake processor
CPU clock:	2.59 GHz
Cannot get access to MSRs. Please check permissions to the MSRs
--------------------------------------------------------------------------------
CPU name:	Intel(R) Core(TM) i7-6500U CPU @ 2.50GHz
CPU type:	Intel Skylake processor
CPU clock:	2.59 GHz
--------------------------------------------------------------------------------
Bloom Join
-----------------
32768 Buckets 2 Hash Functions
Initialization: 0 ms 
Bloom Filter Generation: 773487 ms 
Join Core: 27 ms 
0 linhas
773516 ms 

--------------------------------------------------------------------------------
Region Initialization, Group 1: L2
+-------------------+----------+
|    Region Info    |  Core 0  |
+-------------------+----------+
| RDTSC Runtime [s] | 0.000003 |
|     call count    |        1 |
+-------------------+----------+

+-----------------------+---------+--------+
|         Event         | Counter | Core 0 |
+-----------------------+---------+--------+
|   INSTR_RETIRED_ANY   |  FIXC0  |  11995 |
| CPU_CLK_UNHALTED_CORE |  FIXC1  |  16100 |
|  CPU_CLK_UNHALTED_REF |  FIXC2  |  21924 |
|    L1D_REPLACEMENT    |   PMC0  |    343 |
|      L1D_M_EVICT      |   PMC1  |    124 |
| ICACHE_64B_IFTAG_MISS |   PMC2  |    610 |
+-----------------------+---------+--------+

+--------------------------------+--------------+
|             Metric             |    Core 0    |
+--------------------------------+--------------+
|       Runtime (RDTSC) [s]      | 2.826448e-06 |
|      Runtime unhalted [s]      | 6.211469e-06 |
|           Clock [MHz]          |    1903.4332 |
|               CPI              |       1.3422 |
|  L2D load bandwidth [MBytes/s] |    7766.6386 |
|  L2D load data volume [GBytes] | 2.195200e-05 |
| L2D evict bandwidth [MBytes/s] |    2807.7644 |
| L2D evict data volume [GBytes] | 7.936000e-06 |
|     L2 bandwidth [MBytes/s]    |   24386.7922 |
|     L2 data volume [GBytes]    |       0.0001 |
+--------------------------------+--------------+

Region Generation, Group 1: L2
+-------------------+----------+
|    Region Info    |  Core 0  |
+-------------------+----------+
| RDTSC Runtime [s] | 2.361043 |
|     call count    | 13500012 |
+-------------------+----------+

+-----------------------+---------+--------------+
|         Event         | Counter |    Core 0    |
+-----------------------+---------+--------------+
|   INSTR_RETIRED_ANY   |  FIXC0  |  50573980000 |
| CPU_CLK_UNHALTED_CORE |  FIXC1  | 114579500000 |
|  CPU_CLK_UNHALTED_REF |  FIXC2  | 119076400000 |
|    L1D_REPLACEMENT    |   PMC0  |   2557949000 |
|      L1D_M_EVICT      |   PMC1  |    719587700 |
| ICACHE_64B_IFTAG_MISS |   PMC2  |   5232597000 |
+-----------------------+---------+--------------+

+--------------------------------+-------------+
|             Metric             |    Core 0   |
+--------------------------------+-------------+
|       Runtime (RDTSC) [s]      |      2.3610 |
|      Runtime unhalted [s]      |     44.2054 |
|           Clock [MHz]          |   2494.0938 |
|               CPI              |      2.2656 |
|  L2D load bandwidth [MBytes/s] |  69337.4648 |
|  L2D load data volume [GBytes] |    163.7087 |
| L2D evict bandwidth [MBytes/s] |  19505.6222 |
| L2D evict data volume [GBytes] |     46.0536 |
|     L2 bandwidth [MBytes/s]    | 230681.3374 |
|     L2 data volume [GBytes]    |    544.6486 |
+--------------------------------+-------------+

Region Core, Group 1: L2
+-------------------+----------+
|    Region Info    |  Core 0  |
+-------------------+----------+
| RDTSC Runtime [s] | 0.027206 |
|     call count    |        1 |
+-------------------+----------+

+-----------------------+---------+-----------+
|         Event         | Counter |   Core 0  |
+-----------------------+---------+-----------+
|   INSTR_RETIRED_ANY   |  FIXC0  | 176218300 |
| CPU_CLK_UNHALTED_CORE |  FIXC1  |  67287210 |
|  CPU_CLK_UNHALTED_REF |  FIXC2  |  69925900 |
|    L1D_REPLACEMENT    |   PMC0  |     29159 |
|      L1D_M_EVICT      |   PMC1  |       751 |
| ICACHE_64B_IFTAG_MISS |   PMC2  |      1109 |
+-----------------------+---------+-----------+

+--------------------------------+--------------+
|             Metric             |    Core 0    |
+--------------------------------+--------------+
|       Runtime (RDTSC) [s]      |       0.0272 |
|      Runtime unhalted [s]      |       0.0260 |
|           Clock [MHz]          |    2494.1698 |
|               CPI              |       0.3818 |
|  L2D load bandwidth [MBytes/s] |      68.5953 |
|  L2D load data volume [GBytes] |       0.0019 |
| L2D evict bandwidth [MBytes/s] |       1.7667 |
| L2D evict data volume [GBytes] | 4.806400e-05 |
|     L2 bandwidth [MBytes/s]    |      72.9709 |
|     L2 data volume [GBytes]    |       0.0020 |
+--------------------------------+--------------+

--------------------------------------------------------------------------------
CPU name:	Intel(R) Core(TM) i7-6500U CPU @ 2.50GHz
CPU type:	Intel Skylake processor
CPU clock:	2.59 GHz
--------------------------------------------------------------------------------
Bloom Join
-----------------
32768 Buckets 2 Hash Functions
Initialization: 0 ms 
Bloom Filter Generation: 686100 ms 
Join Core: 27 ms 
0 linhas
686130 ms 

--------------------------------------------------------------------------------
Region Initialization, Group 1: L3
+-------------------+----------+
|    Region Info    |  Core 0  |
+-------------------+----------+
| RDTSC Runtime [s] | 0.000003 |
|     call count    |        1 |
+-------------------+----------+

+-----------------------+---------+--------+
|         Event         | Counter | Core 0 |
+-----------------------+---------+--------+
|   INSTR_RETIRED_ANY   |  FIXC0  |  11902 |
| CPU_CLK_UNHALTED_CORE |  FIXC1  |  16065 |
|  CPU_CLK_UNHALTED_REF |  FIXC2  |  21816 |
|    L2_LINES_IN_ALL    |   PMC0  |    444 |
|     L2_TRANS_L2_WB    |   PMC1  |     98 |
+-----------------------+---------+--------+

+-------------------------------+--------------+
|             Metric            |    Core 0    |
+-------------------------------+--------------+
|      Runtime (RDTSC) [s]      | 2.722236e-06 |
|      Runtime unhalted [s]     | 6.197950e-06 |
|          Clock [MHz]          |    1908.7025 |
|              CPI              |       1.3498 |
|  L3 load bandwidth [MBytes/s] |   10438.4778 |
|  L3 load data volume [GBytes] | 2.841600e-05 |
| L3 evict bandwidth [MBytes/s] |    2303.9883 |
| L3 evict data volume [GBytes] | 6.272000e-06 |
|    L3 bandwidth [MBytes/s]    |   12742.4661 |
|    L3 data volume [GBytes]    | 3.468800e-05 |
+-------------------------------+--------------+

Region Generation, Group 1: L3
+-------------------+----------+
|    Region Info    |  Core 0  |
+-------------------+----------+
| RDTSC Runtime [s] | 2.035157 |
|     call count    | 13500012 |
+-------------------+----------+

+-----------------------+---------+--------------+
|         Event         | Counter |    Core 0    |
+-----------------------+---------+--------------+
|   INSTR_RETIRED_ANY   |  FIXC0  |  49318480000 |
| CPU_CLK_UNHALTED_CORE |  FIXC1  | 111511400000 |
|  CPU_CLK_UNHALTED_REF |  FIXC2  | 115887300000 |
|    L2_LINES_IN_ALL    |   PMC0  |   1698205000 |
|     L2_TRANS_L2_WB    |   PMC1  |    258460500 |
+-----------------------+---------+--------------+

+-------------------------------+------------+
|             Metric            |   Core 0   |
+-------------------------------+------------+
|      Runtime (RDTSC) [s]      |     2.0352 |
|      Runtime unhalted [s]     |    43.0216 |
|          Clock [MHz]          |  2494.1127 |
|              CPI              |     2.2610 |
|  L3 load bandwidth [MBytes/s] | 53403.8013 |
|  L3 load data volume [GBytes] |   108.6851 |
| L3 evict bandwidth [MBytes/s] |  8127.8604 |
| L3 evict data volume [GBytes] |    16.5415 |
|    L3 bandwidth [MBytes/s]    | 61531.6617 |
|    L3 data volume [GBytes]    |   125.2266 |
+-------------------------------+------------+

Region Core, Group 1: L3
+-------------------+----------+
|    Region Info    |  Core 0  |
+-------------------+----------+
| RDTSC Runtime [s] | 0.027640 |
|     call count    |        1 |
+-------------------+----------+

+-----------------------+---------+-----------+
|         Event         | Counter |   Core 0  |
+-----------------------+---------+-----------+
|   INSTR_RETIRED_ANY   |  FIXC0  | 176218200 |
| CPU_CLK_UNHALTED_CORE |  FIXC1  |  67974230 |
|  CPU_CLK_UNHALTED_REF |  FIXC2  |  70639990 |
|    L2_LINES_IN_ALL    |   PMC0  |     30558 |
|     L2_TRANS_L2_WB    |   PMC1  |     19419 |
+-----------------------+---------+-----------+

+-------------------------------+-----------+
|             Metric            |   Core 0  |
+-------------------------------+-----------+
|      Runtime (RDTSC) [s]      |    0.0276 |
|      Runtime unhalted [s]     |    0.0262 |
|          Clock [MHz]          | 2494.1715 |
|              CPI              |    0.3857 |
|  L3 load bandwidth [MBytes/s] |   70.7561 |
|  L3 load data volume [GBytes] |    0.0020 |
| L3 evict bandwidth [MBytes/s] |   44.9641 |
| L3 evict data volume [GBytes] |    0.0012 |
|    L3 bandwidth [MBytes/s]    |  115.7202 |
|    L3 data volume [GBytes]    |    0.0032 |
+-------------------------------+-----------+

