--------------------------------------------------------------------------------
CPU name:	Intel(R) Core(TM) i7-6500U CPU @ 2.50GHz
CPU type:	Intel Skylake processor
CPU clock:	2.59 GHz
Cannot get access to MSRs. Please check permissions to the MSRs
--------------------------------------------------------------------------------
CPU name:	Intel(R) Core(TM) i7-6500U CPU @ 2.50GHz
CPU type:	Intel Skylake processor
CPU clock:	2.59 GHz
--------------------------------------------------------------------------------
Bloom Join
-----------------
65536 Buckets 0 Hash Functions
Initialization: 0 ms 
Bloom Filter Generation: 251708 ms 
Join Core: 17 ms 
1908 linhas
251727 ms 

--------------------------------------------------------------------------------
Region Initialization, Group 1: L2
+-------------------+----------+
|    Region Info    |  Core 0  |
+-------------------+----------+
| RDTSC Runtime [s] | 0.000006 |
|     call count    |        1 |
+-------------------+----------+

+-----------------------+---------+--------+
|         Event         | Counter | Core 0 |
+-----------------------+---------+--------+
|   INSTR_RETIRED_ANY   |  FIXC0  |  19164 |
| CPU_CLK_UNHALTED_CORE |  FIXC1  |  23300 |
|  CPU_CLK_UNHALTED_REF |  FIXC2  |  26136 |
|    L1D_REPLACEMENT    |   PMC0  |    333 |
|      L1D_M_EVICT      |   PMC1  |    145 |
| ICACHE_64B_IFTAG_MISS |   PMC2  |    604 |
+-----------------------+---------+--------+

+--------------------------------+--------------+
|             Metric             |    Core 0    |
+--------------------------------+--------------+
|       Runtime (RDTSC) [s]      | 5.656653e-06 |
|      Runtime unhalted [s]      | 8.989268e-06 |
|           Clock [MHz]          |    2310.7257 |
|               CPI              |       1.2158 |
|  L2D load bandwidth [MBytes/s] |    3767.5990 |
|  L2D load data volume [GBytes] | 2.131200e-05 |
| L2D evict bandwidth [MBytes/s] |    1640.5461 |
| L2D evict data volume [GBytes] | 9.280000e-06 |
|     L2 bandwidth [MBytes/s]    |   12241.8681 |
|     L2 data volume [GBytes]    |       0.0001 |
+--------------------------------+--------------+

Region Generation, Group 1: L2
+-------------------+----------+
|    Region Info    |  Core 0  |
+-------------------+----------+
| RDTSC Runtime [s] | 0.685924 |
|     call count    |  4500004 |
+-------------------+----------+

+-----------------------+---------+-------------+
|         Event         | Counter |    Core 0   |
+-----------------------+---------+-------------+
|   INSTR_RETIRED_ANY   |  FIXC0  | 16618350000 |
| CPU_CLK_UNHALTED_CORE |  FIXC1  | 37406320000 |
|  CPU_CLK_UNHALTED_REF |  FIXC2  | 38874240000 |
|    L1D_REPLACEMENT    |   PMC0  |   851831000 |
|      L1D_M_EVICT      |   PMC1  |   264723400 |
| ICACHE_64B_IFTAG_MISS |   PMC2  |  1694484000 |
+-----------------------+---------+-------------+

+--------------------------------+-------------+
|             Metric             |    Core 0   |
+--------------------------------+-------------+
|       Runtime (RDTSC) [s]      |      0.6859 |
|      Runtime unhalted [s]      |     14.4316 |
|           Clock [MHz]          |   2494.1046 |
|               CPI              |      2.2509 |
|  L2D load bandwidth [MBytes/s] |  79479.9538 |
|  L2D load data volume [GBytes] |     54.5172 |
| L2D evict bandwidth [MBytes/s] |  24699.9741 |
| L2D evict data volume [GBytes] |     16.9423 |
|     L2 bandwidth [MBytes/s]    | 262283.4837 |
|     L2 data volume [GBytes]    |    179.9065 |
+--------------------------------+-------------+

Region Core, Group 1: L2
+-------------------+----------+
|    Region Info    |  Core 0  |
+-------------------+----------+
| RDTSC Runtime [s] | 0.017340 |
|     call count    |        1 |
+-------------------+----------+

+-----------------------+---------+-----------+
|         Event         | Counter |   Core 0  |
+-----------------------+---------+-----------+
|   INSTR_RETIRED_ANY   |  FIXC0  | 116670800 |
| CPU_CLK_UNHALTED_CORE |  FIXC1  |  42550330 |
|  CPU_CLK_UNHALTED_REF |  FIXC2  |  44219300 |
|    L1D_REPLACEMENT    |   PMC0  |     30760 |
|      L1D_M_EVICT      |   PMC1  |       991 |
| ICACHE_64B_IFTAG_MISS |   PMC2  |      1031 |
+-----------------------+---------+-----------+

+--------------------------------+-----------+
|             Metric             |   Core 0  |
+--------------------------------+-----------+
|       Runtime (RDTSC) [s]      |    0.0173 |
|      Runtime unhalted [s]      |    0.0164 |
|           Clock [MHz]          | 2494.1505 |
|               CPI              |    0.3647 |
|  L2D load bandwidth [MBytes/s] |  113.5306 |
|  L2D load data volume [GBytes] |    0.0020 |
| L2D evict bandwidth [MBytes/s] |    3.6576 |
| L2D evict data volume [GBytes] |    0.0001 |
|     L2 bandwidth [MBytes/s]    |  120.9935 |
|     L2 data volume [GBytes]    |    0.0021 |
+--------------------------------+-----------+

--------------------------------------------------------------------------------
CPU name:	Intel(R) Core(TM) i7-6500U CPU @ 2.50GHz
CPU type:	Intel Skylake processor
CPU clock:	2.59 GHz
--------------------------------------------------------------------------------
Bloom Join
-----------------
65536 Buckets 0 Hash Functions
Initialization: 0 ms 
Bloom Filter Generation: 243589 ms 
Join Core: 19 ms 
1908 linhas
243611 ms 

--------------------------------------------------------------------------------
Region Initialization, Group 1: L3
+-------------------+----------+
|    Region Info    |  Core 0  |
+-------------------+----------+
| RDTSC Runtime [s] | 0.000014 |
|     call count    |        1 |
+-------------------+----------+

+-----------------------+---------+--------+
|         Event         | Counter | Core 0 |
+-----------------------+---------+--------+
|   INSTR_RETIRED_ANY   |  FIXC0  |  19071 |
| CPU_CLK_UNHALTED_CORE |  FIXC1  |  20333 |
|  CPU_CLK_UNHALTED_REF |  FIXC2  |  65880 |
|    L2_LINES_IN_ALL    |   PMC0  |    566 |
|     L2_TRANS_L2_WB    |   PMC1  |    114 |
+-----------------------+---------+--------+

+-------------------------------+--------------+
|             Metric            |    Core 0    |
+-------------------------------+--------------+
|      Runtime (RDTSC) [s]      | 1.442328e-05 |
|      Runtime unhalted [s]     | 7.844539e-06 |
|          Clock [MHz]          |     799.9851 |
|              CPI              |       1.0662 |
|  L3 load bandwidth [MBytes/s] |    2511.4953 |
|  L3 load data volume [GBytes] | 3.622400e-05 |
| L3 evict bandwidth [MBytes/s] |     505.8489 |
| L3 evict data volume [GBytes] | 7.296000e-06 |
|    L3 bandwidth [MBytes/s]    |    3017.3442 |
|    L3 data volume [GBytes]    | 4.352000e-05 |
+-------------------------------+--------------+

Region Generation, Group 1: L3
+-------------------+----------+
|    Region Info    |  Core 0  |
+-------------------+----------+
| RDTSC Runtime [s] | 0.854634 |
|     call count    |  4500004 |
+-------------------+----------+

+-----------------------+---------+-------------+
|         Event         | Counter |    Core 0   |
+-----------------------+---------+-------------+
|   INSTR_RETIRED_ANY   |  FIXC0  | 16199870000 |
| CPU_CLK_UNHALTED_CORE |  FIXC1  | 43354190000 |
|  CPU_CLK_UNHALTED_REF |  FIXC2  | 45068810000 |
|    L2_LINES_IN_ALL    |   PMC0  |   753261600 |
|     L2_TRANS_L2_WB    |   PMC1  |   115274400 |
+-----------------------+---------+-------------+

+-------------------------------+------------+
|             Metric            |   Core 0   |
+-------------------------------+------------+
|      Runtime (RDTSC) [s]      |     0.8546 |
|      Runtime unhalted [s]     |    16.7262 |
|          Clock [MHz]          |  2493.3830 |
|              CPI              |     2.6762 |
|  L3 load bandwidth [MBytes/s] | 56408.6607 |
|  L3 load data volume [GBytes] |    48.2087 |
| L3 evict bandwidth [MBytes/s] |  8632.4253 |
| L3 evict data volume [GBytes] |     7.3776 |
|    L3 bandwidth [MBytes/s]    | 65041.0860 |
|    L3 data volume [GBytes]    |    55.5863 |
+-------------------------------+------------+

Region Core, Group 1: L3
+-------------------+----------+
|    Region Info    |  Core 0  |
+-------------------+----------+
| RDTSC Runtime [s] | 0.019830 |
|     call count    |        1 |
+-------------------+----------+

+-----------------------+---------+-----------+
|         Event         | Counter |   Core 0  |
+-----------------------+---------+-----------+
|   INSTR_RETIRED_ANY   |  FIXC0  | 116670700 |
| CPU_CLK_UNHALTED_CORE |  FIXC1  |  47834550 |
|  CPU_CLK_UNHALTED_REF |  FIXC2  |  49710670 |
|    L2_LINES_IN_ALL    |   PMC0  |     42465 |
|     L2_TRANS_L2_WB    |   PMC1  |     17312 |
+-----------------------+---------+-----------+

+-------------------------------+-----------+
|             Metric            |   Core 0  |
+-------------------------------+-----------+
|      Runtime (RDTSC) [s]      |    0.0198 |
|      Runtime unhalted [s]     |    0.0185 |
|          Clock [MHz]          | 2494.1702 |
|              CPI              |    0.4100 |
|  L3 load bandwidth [MBytes/s] |  137.0505 |
|  L3 load data volume [GBytes] |    0.0027 |
| L3 evict bandwidth [MBytes/s] |   55.8723 |
| L3 evict data volume [GBytes] |    0.0011 |
|    L3 bandwidth [MBytes/s]    |  192.9228 |
|    L3 data volume [GBytes]    |    0.0038 |
+-------------------------------+-----------+

