--------------------------------------------------------------------------------
CPU name:	Intel(R) Core(TM) i7-6500U CPU @ 2.50GHz
CPU type:	Intel Skylake processor
CPU clock:	2.59 GHz
Cannot get access to MSRs. Please check permissions to the MSRs
--------------------------------------------------------------------------------
CPU name:	Intel(R) Core(TM) i7-6500U CPU @ 2.50GHz
CPU type:	Intel Skylake processor
CPU clock:	2.59 GHz
--------------------------------------------------------------------------------
Bloom Join
-----------------
65536 Buckets 1 Hash Functions
Initialization: 0 ms 
Bloom Filter Generation: 519942 ms 
Join Core: 22 ms 
485 linhas
519964 ms 

--------------------------------------------------------------------------------
Region Initialization, Group 1: L2
+-------------------+----------+
|    Region Info    |  Core 0  |
+-------------------+----------+
| RDTSC Runtime [s] | 0.000006 |
|     call count    |        1 |
+-------------------+----------+

+-----------------------+---------+--------+
|         Event         | Counter | Core 0 |
+-----------------------+---------+--------+
|   INSTR_RETIRED_ANY   |  FIXC0  |  19164 |
| CPU_CLK_UNHALTED_CORE |  FIXC1  |  25187 |
|  CPU_CLK_UNHALTED_REF |  FIXC2  |  27324 |
|    L1D_REPLACEMENT    |   PMC0  |    371 |
|      L1D_M_EVICT      |   PMC1  |    119 |
| ICACHE_64B_IFTAG_MISS |   PMC2  |    612 |
+-----------------------+---------+--------+

+--------------------------------+--------------+
|             Metric             |    Core 0    |
+--------------------------------+--------------+
|       Runtime (RDTSC) [s]      | 6.290128e-06 |
|      Runtime unhalted [s]      | 9.717240e-06 |
|           Clock [MHz]          |    2389.2724 |
|               CPI              |       1.3143 |
|  L2D load bandwidth [MBytes/s] |    3774.8039 |
|  L2D load data volume [GBytes] | 2.374400e-05 |
| L2D evict bandwidth [MBytes/s] |    1210.7862 |
| L2D evict data volume [GBytes] | 7.616000e-06 |
|     L2 bandwidth [MBytes/s]    |   11212.4904 |
|     L2 data volume [GBytes]    |       0.0001 |
+--------------------------------+--------------+

Region Generation, Group 1: L2
+-------------------+----------+
|    Region Info    |  Core 0  |
+-------------------+----------+
| RDTSC Runtime [s] | 1.489897 |
|     call count    |  9000008 |
+-------------------+----------+

+-----------------------+---------+-------------+
|         Event         | Counter |    Core 0   |
+-----------------------+---------+-------------+
|   INSTR_RETIRED_ANY   |  FIXC0  | 33302960000 |
| CPU_CLK_UNHALTED_CORE |  FIXC1  | 79985750000 |
|  CPU_CLK_UNHALTED_REF |  FIXC2  | 83124620000 |
|    L1D_REPLACEMENT    |   PMC0  |  1814617000 |
|      L1D_M_EVICT      |   PMC1  |   508671300 |
| ICACHE_64B_IFTAG_MISS |   PMC2  |  3520134000 |
+-----------------------+---------+-------------+

+--------------------------------+-------------+
|             Metric             |    Core 0   |
+--------------------------------+-------------+
|       Runtime (RDTSC) [s]      |      1.4899 |
|      Runtime unhalted [s]      |     30.8588 |
|           Clock [MHz]          |   2494.1149 |
|               CPI              |      2.4018 |
|  L2D load bandwidth [MBytes/s] |  77948.6689 |
|  L2D load data volume [GBytes] |    116.1355 |
| L2D evict bandwidth [MBytes/s] |  21850.4791 |
| L2D evict data volume [GBytes] |     32.5550 |
|     L2 bandwidth [MBytes/s]    | 251009.9874 |
|     L2 data volume [GBytes]    |    373.9790 |
+--------------------------------+-------------+

Region Core, Group 1: L2
+-------------------+----------+
|    Region Info    |  Core 0  |
+-------------------+----------+
| RDTSC Runtime [s] | 0.021666 |
|     call count    |        1 |
+-------------------+----------+

+-----------------------+---------+-----------+
|         Event         | Counter |   Core 0  |
+-----------------------+---------+-----------+
|   INSTR_RETIRED_ANY   |  FIXC0  | 136770800 |
| CPU_CLK_UNHALTED_CORE |  FIXC1  |  53539870 |
|  CPU_CLK_UNHALTED_REF |  FIXC2  |  55639760 |
|    L1D_REPLACEMENT    |   PMC0  |     30077 |
|      L1D_M_EVICT      |   PMC1  |       901 |
| ICACHE_64B_IFTAG_MISS |   PMC2  |      1164 |
+-----------------------+---------+-----------+

+--------------------------------+-----------+
|             Metric             |   Core 0  |
+--------------------------------+-----------+
|       Runtime (RDTSC) [s]      |    0.0217 |
|      Runtime unhalted [s]      |    0.0207 |
|           Clock [MHz]          | 2494.1673 |
|               CPI              |    0.3915 |
|  L2D load bandwidth [MBytes/s] |   88.8460 |
|  L2D load data volume [GBytes] |    0.0019 |
| L2D evict bandwidth [MBytes/s] |    2.6615 |
| L2D evict data volume [GBytes] |    0.0001 |
|     L2 bandwidth [MBytes/s]    |   94.9459 |
|     L2 data volume [GBytes]    |    0.0021 |
+--------------------------------+-----------+

--------------------------------------------------------------------------------
CPU name:	Intel(R) Core(TM) i7-6500U CPU @ 2.50GHz
CPU type:	Intel Skylake processor
CPU clock:	2.59 GHz
--------------------------------------------------------------------------------
Bloom Join
-----------------
65536 Buckets 1 Hash Functions
Initialization: 0 ms 
Bloom Filter Generation: 503786 ms 
Join Core: 22 ms 
485 linhas
503810 ms 

--------------------------------------------------------------------------------
Region Initialization, Group 1: L3
+-------------------+----------+
|    Region Info    |  Core 0  |
+-------------------+----------+
| RDTSC Runtime [s] | 0.000006 |
|     call count    |        1 |
+-------------------+----------+

+-----------------------+---------+--------+
|         Event         | Counter | Core 0 |
+-----------------------+---------+--------+
|   INSTR_RETIRED_ANY   |  FIXC0  |  19071 |
| CPU_CLK_UNHALTED_CORE |  FIXC1  |  29499 |
|  CPU_CLK_UNHALTED_REF |  FIXC2  |  30564 |
|    L2_LINES_IN_ALL    |   PMC0  |   1270 |
|     L2_TRANS_L2_WB    |   PMC1  |    158 |
+-----------------------+---------+--------+

+-------------------------------+--------------+
|             Metric            |    Core 0    |
+-------------------------------+--------------+
|      Runtime (RDTSC) [s]      | 6.298628e-06 |
|      Runtime unhalted [s]     | 1.138081e-05 |
|          Clock [MHz]          |    2501.6776 |
|              CPI              |       1.5468 |
|  L3 load bandwidth [MBytes/s] |   12904.3976 |
|  L3 load data volume [GBytes] |       0.0001 |
| L3 evict bandwidth [MBytes/s] |    1605.4290 |
| L3 evict data volume [GBytes] | 1.011200e-05 |
|    L3 bandwidth [MBytes/s]    |   14509.8266 |
|    L3 data volume [GBytes]    |       0.0001 |
+-------------------------------+--------------+

Region Generation, Group 1: L3
+-------------------+----------+
|    Region Info    |  Core 0  |
+-------------------+----------+
| RDTSC Runtime [s] | 2.118929 |
|     call count    |  9000008 |
+-------------------+----------+

+-----------------------+---------+-------------+
|         Event         | Counter |    Core 0   |
+-----------------------+---------+-------------+
|   INSTR_RETIRED_ANY   |  FIXC0  | 32465960000 |
| CPU_CLK_UNHALTED_CORE |  FIXC1  | 90850690000 |
|  CPU_CLK_UNHALTED_REF |  FIXC2  | 94416540000 |
|    L2_LINES_IN_ALL    |   PMC0  |  1698538000 |
|     L2_TRANS_L2_WB    |   PMC1  |   311912000 |
+-----------------------+---------+-------------+

+-------------------------------+------------+
|             Metric            |   Core 0   |
+-------------------------------+------------+
|      Runtime (RDTSC) [s]      |     2.1189 |
|      Runtime unhalted [s]     |    35.0505 |
|          Clock [MHz]          |  2494.1030 |
|              CPI              |     2.7983 |
|  L3 load bandwidth [MBytes/s] | 51302.5363 |
|  L3 load data volume [GBytes] |   108.7064 |
| L3 evict bandwidth [MBytes/s] |  9420.9707 |
| L3 evict data volume [GBytes] |    19.9624 |
|    L3 bandwidth [MBytes/s]    | 60723.5070 |
|    L3 data volume [GBytes]    |   128.6688 |
+-------------------------------+------------+

Region Core, Group 1: L3
+-------------------+----------+
|    Region Info    |  Core 0  |
+-------------------+----------+
| RDTSC Runtime [s] | 0.021972 |
|     call count    |        1 |
+-------------------+----------+

+-----------------------+---------+-----------+
|         Event         | Counter |   Core 0  |
+-----------------------+---------+-----------+
|   INSTR_RETIRED_ANY   |  FIXC0  | 136770700 |
| CPU_CLK_UNHALTED_CORE |  FIXC1  |  54063590 |
|  CPU_CLK_UNHALTED_REF |  FIXC2  |  56183870 |
|    L2_LINES_IN_ALL    |   PMC0  |     32472 |
|     L2_TRANS_L2_WB    |   PMC1  |     16062 |
+-----------------------+---------+-----------+

+-------------------------------+-----------+
|             Metric            |   Core 0  |
+-------------------------------+-----------+
|      Runtime (RDTSC) [s]      |    0.0220 |
|      Runtime unhalted [s]     |    0.0209 |
|          Clock [MHz]          | 2494.1781 |
|              CPI              |    0.3953 |
|  L3 load bandwidth [MBytes/s] |   94.5822 |
|  L3 load data volume [GBytes] |    0.0021 |
| L3 evict bandwidth [MBytes/s] |   46.7843 |
| L3 evict data volume [GBytes] |    0.0010 |
|    L3 bandwidth [MBytes/s]    |  141.3665 |
|    L3 data volume [GBytes]    |    0.0031 |
+-------------------------------+-----------+

