--------------------------------------------------------------------------------
CPU name:	Intel(R) Core(TM) i7-6500U CPU @ 2.50GHz
CPU type:	Intel Skylake processor
CPU clock:	2.59 GHz
--------------------------------------------------------------------------------
Bloom Join
-----------------
131072 Buckets 1 Hash Functions
Initialization: 0 ms 
Bloom Filter Generation: 502179 ms 
Join Core: 22 ms 
3524 linhas
502203 ms 

--------------------------------------------------------------------------------
Region Initialization, Group 1: L2
+-------------------+----------+
|    Region Info    |  Core 0  |
+-------------------+----------+
| RDTSC Runtime [s] | 0.000034 |
|     call count    |        1 |
+-------------------+----------+

+-----------------------+---------+--------+
|         Event         | Counter | Core 0 |
+-----------------------+---------+--------+
|   INSTR_RETIRED_ANY   |  FIXC0  |  33502 |
| CPU_CLK_UNHALTED_CORE |  FIXC1  |  33281 |
|  CPU_CLK_UNHALTED_REF |  FIXC2  | 108432 |
|    L1D_REPLACEMENT    |   PMC0  |    386 |
|      L1D_M_EVICT      |   PMC1  |    163 |
| ICACHE_64B_IFTAG_MISS |   PMC2  |    644 |
+-----------------------+---------+--------+

+--------------------------------+--------------+
|             Metric             |    Core 0    |
+--------------------------------+--------------+
|       Runtime (RDTSC) [s]      | 3.432625e-05 |
|      Runtime unhalted [s]      | 1.283991e-05 |
|           Clock [MHz]          |     795.5609 |
|               CPI              |       0.9934 |
|  L2D load bandwidth [MBytes/s] |     719.6825 |
|  L2D load data volume [GBytes] | 2.470400e-05 |
| L2D evict bandwidth [MBytes/s] |     303.9074 |
| L2D evict data volume [GBytes] | 1.043200e-05 |
|     L2 bandwidth [MBytes/s]    |    2224.3036 |
|     L2 data volume [GBytes]    |       0.0001 |
+--------------------------------+--------------+

Region Generation, Group 1: L2
+-------------------+----------+
|    Region Info    |  Core 0  |
+-------------------+----------+
| RDTSC Runtime [s] | 1.504935 |
|     call count    |  9000008 |
+-------------------+----------+

+-----------------------+---------+-------------+
|         Event         | Counter |    Core 0   |
+-----------------------+---------+-------------+
|   INSTR_RETIRED_ANY   |  FIXC0  | 33302960000 |
| CPU_CLK_UNHALTED_CORE |  FIXC1  | 76246950000 |
|  CPU_CLK_UNHALTED_REF |  FIXC2  | 79239840000 |
|    L1D_REPLACEMENT    |   PMC0  |  1861340000 |
|      L1D_M_EVICT      |   PMC1  |   595801400 |
| ICACHE_64B_IFTAG_MISS |   PMC2  |  3254191000 |
+-----------------------+---------+-------------+

+--------------------------------+-------------+
|             Metric             |    Core 0   |
+--------------------------------+-------------+
|       Runtime (RDTSC) [s]      |      1.5049 |
|      Runtime unhalted [s]      |     29.4163 |
|           Clock [MHz]          |   2494.0973 |
|               CPI              |      2.2895 |
|  L2D load bandwidth [MBytes/s] |  79156.7476 |
|  L2D load data volume [GBytes] |    119.1258 |
| L2D evict bandwidth [MBytes/s] |  25337.4994 |
| L2D evict data volume [GBytes] |     38.1313 |
|     L2 bandwidth [MBytes/s]    | 242884.4260 |
|     L2 data volume [GBytes]    |    365.5253 |
+--------------------------------+-------------+

Region Core, Group 1: L2
+-------------------+----------+
|    Region Info    |  Core 0  |
+-------------------+----------+
| RDTSC Runtime [s] | 0.021909 |
|     call count    |        1 |
+-------------------+----------+

+-----------------------+---------+-----------+
|         Event         | Counter |   Core 0  |
+-----------------------+---------+-----------+
|   INSTR_RETIRED_ANY   |  FIXC0  | 136782500 |
| CPU_CLK_UNHALTED_CORE |  FIXC1  |  54023560 |
|  CPU_CLK_UNHALTED_REF |  FIXC2  |  56141960 |
|    L1D_REPLACEMENT    |   PMC0  |     43447 |
|      L1D_M_EVICT      |   PMC1  |      1308 |
| ICACHE_64B_IFTAG_MISS |   PMC2  |      1259 |
+-----------------------+---------+-----------+

+--------------------------------+-----------+
|             Metric             |   Core 0  |
+--------------------------------+-----------+
|       Runtime (RDTSC) [s]      |    0.0219 |
|      Runtime unhalted [s]      |    0.0208 |
|           Clock [MHz]          | 2494.1935 |
|               CPI              |    0.3950 |
|  L2D load bandwidth [MBytes/s] |  126.9179 |
|  L2D load data volume [GBytes] |    0.0028 |
| L2D evict bandwidth [MBytes/s] |    3.8209 |
| L2D evict data volume [GBytes] |    0.0001 |
|     L2 bandwidth [MBytes/s]    |  134.4166 |
|     L2 data volume [GBytes]    |    0.0029 |
+--------------------------------+-----------+

