--------------------------------------------------------------------------------
CPU name:	Intel(R) Core(TM) i7-6500U CPU @ 2.50GHz
CPU type:	Intel Skylake processor
CPU clock:	2.59 GHz
--------------------------------------------------------------------------------
Bloom Join
-----------------
131072 Buckets 2 Hash Functions
Initialization: 0 ms 
Bloom Filter Generation: 766487 ms 
Join Core: 28 ms 
620 linhas
766517 ms 

--------------------------------------------------------------------------------
Region Initialization, Group 1: L2
+-------------------+----------+
|    Region Info    |  Core 0  |
+-------------------+----------+
| RDTSC Runtime [s] | 0.000032 |
|     call count    |        1 |
+-------------------+----------+

+-----------------------+---------+--------+
|         Event         | Counter | Core 0 |
+-----------------------+---------+--------+
|   INSTR_RETIRED_ANY   |  FIXC0  |  33502 |
| CPU_CLK_UNHALTED_CORE |  FIXC1  |  30765 |
|  CPU_CLK_UNHALTED_REF |  FIXC2  |  99684 |
|    L1D_REPLACEMENT    |   PMC0  |    379 |
|      L1D_M_EVICT      |   PMC1  |    151 |
| ICACHE_64B_IFTAG_MISS |   PMC2  |    664 |
+-----------------------+---------+--------+

+--------------------------------+--------------+
|             Metric             |    Core 0    |
+--------------------------------+--------------+
|       Runtime (RDTSC) [s]      | 3.176345e-05 |
|      Runtime unhalted [s]      | 1.186925e-05 |
|           Clock [MHz]          |     799.9544 |
|               CPI              |       0.9183 |
|  L2D load bandwidth [MBytes/s] |     763.6450 |
|  L2D load data volume [GBytes] | 2.425600e-05 |
| L2D evict bandwidth [MBytes/s] |     304.2491 |
| L2D evict data volume [GBytes] | 9.664000e-06 |
|     L2 bandwidth [MBytes/s]    |    2405.7840 |
|     L2 data volume [GBytes]    |       0.0001 |
+--------------------------------+--------------+

Region Generation, Group 1: L2
+-------------------+----------+
|    Region Info    |  Core 0  |
+-------------------+----------+
| RDTSC Runtime [s] | 2.495699 |
|     call count    | 13500012 |
+-------------------+----------+

+-----------------------+---------+--------------+
|         Event         | Counter |    Core 0    |
+-----------------------+---------+--------------+
|   INSTR_RETIRED_ANY   |  FIXC0  |  50573980000 |
| CPU_CLK_UNHALTED_CORE |  FIXC1  | 115240100000 |
|  CPU_CLK_UNHALTED_REF |  FIXC2  | 119762600000 |
|    L1D_REPLACEMENT    |   PMC0  |   2527554000 |
|      L1D_M_EVICT      |   PMC1  |    723370800 |
| ICACHE_64B_IFTAG_MISS |   PMC2  |   5214897000 |
+-----------------------+---------+--------------+

+--------------------------------+-------------+
|             Metric             |    Core 0   |
+--------------------------------+-------------+
|       Runtime (RDTSC) [s]      |      2.4957 |
|      Runtime unhalted [s]      |     44.4600 |
|           Clock [MHz]          |   2494.1133 |
|               CPI              |      2.2786 |
|  L2D load bandwidth [MBytes/s] |  64816.8934 |
|  L2D load data volume [GBytes] |    161.7635 |
| L2D evict bandwidth [MBytes/s] |  18550.2063 |
| L2D evict data volume [GBytes] |     46.2957 |
|     L2 bandwidth [MBytes/s]    | 217098.5344 |
|     L2 data volume [GBytes]    |    541.8126 |
+--------------------------------+-------------+

Region Core, Group 1: L2
+-------------------+----------+
|    Region Info    |  Core 0  |
+-------------------+----------+
| RDTSC Runtime [s] | 0.027528 |
|     call count    |        1 |
+-------------------+----------+

+-----------------------+---------+-----------+
|         Event         | Counter |   Core 0  |
+-----------------------+---------+-----------+
|   INSTR_RETIRED_ANY   |  FIXC0  | 176210700 |
| CPU_CLK_UNHALTED_CORE |  FIXC1  |  67902180 |
|  CPU_CLK_UNHALTED_REF |  FIXC2  |  70565150 |
|    L1D_REPLACEMENT    |   PMC0  |     44356 |
|      L1D_M_EVICT      |   PMC1  |      2196 |
| ICACHE_64B_IFTAG_MISS |   PMC2  |      2209 |
+-----------------------+---------+-----------+

+--------------------------------+-----------+
|             Metric             |   Core 0  |
+--------------------------------+-----------+
|       Runtime (RDTSC) [s]      |    0.0275 |
|      Runtime unhalted [s]      |    0.0262 |
|           Clock [MHz]          | 2494.1767 |
|               CPI              |    0.3853 |
|  L2D load bandwidth [MBytes/s] |  103.1243 |
|  L2D load data volume [GBytes] |    0.0028 |
| L2D evict bandwidth [MBytes/s] |    5.1055 |
| L2D evict data volume [GBytes] |    0.0001 |
|     L2 bandwidth [MBytes/s]    |  113.3656 |
|     L2 data volume [GBytes]    |    0.0031 |
+--------------------------------+-----------+

