--------------------------------------------------------------------------------
CPU name:	Intel(R) Core(TM) i7-6500U CPU @ 2.50GHz
CPU type:	Intel Skylake processor
CPU clock:	2.59 GHz
--------------------------------------------------------------------------------
Bloom Join
-----------------
262144 Buckets 4 Hash Functions
Initialization: 0 ms 
Bloom Filter Generation: 1289229 ms 
Join Core: 39 ms 
3813 linhas
1289269 ms 

--------------------------------------------------------------------------------
Region Initialization, Group 1: L2
+-------------------+----------+
|    Region Info    |  Core 0  |
+-------------------+----------+
| RDTSC Runtime [s] | 0.000022 |
|     call count    |        1 |
+-------------------+----------+

+-----------------------+---------+--------+
|         Event         | Counter | Core 0 |
+-----------------------+---------+--------+
|   INSTR_RETIRED_ANY   |  FIXC0  |  62178 |
| CPU_CLK_UNHALTED_CORE |  FIXC1  |  50427 |
|  CPU_CLK_UNHALTED_REF |  FIXC2  |  59184 |
|    L1D_REPLACEMENT    |   PMC0  |    470 |
|      L1D_M_EVICT      |   PMC1  |    253 |
| ICACHE_64B_IFTAG_MISS |   PMC2  |    652 |
+-----------------------+---------+--------+

+--------------------------------+--------------+
|             Metric             |    Core 0    |
+--------------------------------+--------------+
|       Runtime (RDTSC) [s]      | 2.234654e-05 |
|      Runtime unhalted [s]      | 1.945487e-05 |
|           Clock [MHz]          |    2208.4803 |
|               CPI              |       0.8110 |
|  L2D load bandwidth [MBytes/s] |    1346.0697 |
|  L2D load data volume [GBytes] | 3.008000e-05 |
| L2D evict bandwidth [MBytes/s] |     724.5864 |
| L2D evict data volume [GBytes] | 1.619200e-05 |
|     L2 bandwidth [MBytes/s]    |    3937.9698 |
|     L2 data volume [GBytes]    |       0.0001 |
+--------------------------------+--------------+

Region Generation, Group 1: L2
+-------------------+----------+
|    Region Info    |  Core 0  |
+-------------------+----------+
| RDTSC Runtime [s] | 4.501925 |
|     call count    | 22500020 |
+-------------------+----------+

+-----------------------+---------+--------------+
|         Event         | Counter |    Core 0    |
+-----------------------+---------+--------------+
|   INSTR_RETIRED_ANY   |  FIXC0  |  84205120000 |
| CPU_CLK_UNHALTED_CORE |  FIXC1  | 197756700000 |
|  CPU_CLK_UNHALTED_REF |  FIXC2  | 205517800000 |
|    L1D_REPLACEMENT    |   PMC0  |   4346840000 |
|      L1D_M_EVICT      |   PMC1  |   1301392000 |
| ICACHE_64B_IFTAG_MISS |   PMC2  |   8835952000 |
+-----------------------+---------+--------------+

+--------------------------------+-------------+
|             Metric             |    Core 0   |
+--------------------------------+-------------+
|       Runtime (RDTSC) [s]      |      4.5019 |
|      Runtime unhalted [s]      |     76.2951 |
|           Clock [MHz]          |   2494.1151 |
|               CPI              |      2.3485 |
|  L2D load bandwidth [MBytes/s] |  61795.2898 |
|  L2D load data volume [GBytes] |    278.1978 |
| L2D evict bandwidth [MBytes/s] |  18500.7720 |
| L2D evict data volume [GBytes] |     83.2891 |
|     L2 bandwidth [MBytes/s]    | 205909.2002 |
|     L2 data volume [GBytes]    |    926.9878 |
+--------------------------------+-------------+

Region Core, Group 1: L2
+-------------------+----------+
|    Region Info    |  Core 0  |
+-------------------+----------+
| RDTSC Runtime [s] | 0.038550 |
|     call count    |        1 |
+-------------------+----------+

+-----------------------+---------+-----------+
|         Event         | Counter |   Core 0  |
+-----------------------+---------+-----------+
|   INSTR_RETIRED_ANY   |  FIXC0  | 224794700 |
| CPU_CLK_UNHALTED_CORE |  FIXC1  |  95306130 |
|  CPU_CLK_UNHALTED_REF |  FIXC2  |  99043560 |
|    L1D_REPLACEMENT    |   PMC0  |    184684 |
|      L1D_M_EVICT      |   PMC1  |      1929 |
| ICACHE_64B_IFTAG_MISS |   PMC2  |      1637 |
+-----------------------+---------+-----------+

+--------------------------------+-----------+
|             Metric             |   Core 0  |
+--------------------------------+-----------+
|       Runtime (RDTSC) [s]      |    0.0385 |
|      Runtime unhalted [s]      |    0.0368 |
|           Clock [MHz]          | 2494.1887 |
|               CPI              |    0.4240 |
|  L2D load bandwidth [MBytes/s] |  306.6091 |
|  L2D load data volume [GBytes] |    0.0118 |
| L2D evict bandwidth [MBytes/s] |    3.2025 |
| L2D evict data volume [GBytes] |    0.0001 |
|     L2 bandwidth [MBytes/s]    |  312.5293 |
|     L2 data volume [GBytes]    |    0.0120 |
+--------------------------------+-----------+

