--------------------------------------------------------------------------------
CPU name:	Intel(R) Core(TM) i7-6500U CPU @ 2.50GHz
CPU type:	Intel Skylake processor
CPU clock:	2.59 GHz
--------------------------------------------------------------------------------
Bloom Join
-----------------
262144 Buckets 1 Hash Functions
Initialization: 0 ms 
Bloom Filter Generation: 511211 ms 
Join Core: 22 ms 
8768 linhas
511235 ms 

--------------------------------------------------------------------------------
Region Initialization, Group 1: L2
+-------------------+----------+
|    Region Info    |  Core 0  |
+-------------------+----------+
| RDTSC Runtime [s] | 0.000059 |
|     call count    |        1 |
+-------------------+----------+

+-----------------------+---------+--------+
|         Event         | Counter | Core 0 |
+-----------------------+---------+--------+
|   INSTR_RETIRED_ANY   |  FIXC0  |  62178 |
| CPU_CLK_UNHALTED_CORE |  FIXC1  |  47986 |
|  CPU_CLK_UNHALTED_REF |  FIXC2  | 155844 |
|    L1D_REPLACEMENT    |   PMC0  |    466 |
|      L1D_M_EVICT      |   PMC1  |    275 |
| ICACHE_64B_IFTAG_MISS |   PMC2  |    650 |
+-----------------------+---------+--------+

+--------------------------------+--------------+
|             Metric             |    Core 0    |
+--------------------------------+--------------+
|       Runtime (RDTSC) [s]      |       0.0001 |
|      Runtime unhalted [s]      | 1.851319e-05 |
|           Clock [MHz]          |     798.1007 |
|               CPI              |       0.7718 |
|  L2D load bandwidth [MBytes/s] |     507.0910 |
|  L2D load data volume [GBytes] | 2.982400e-05 |
| L2D evict bandwidth [MBytes/s] |     299.2490 |
| L2D evict data volume [GBytes] | 1.760000e-05 |
|     L2 bandwidth [MBytes/s]    |    1513.6558 |
|     L2 data volume [GBytes]    |       0.0001 |
+--------------------------------+--------------+

Region Generation, Group 1: L2
+-------------------+----------+
|    Region Info    |  Core 0  |
+-------------------+----------+
| RDTSC Runtime [s] | 1.617043 |
|     call count    |  9000008 |
+-------------------+----------+

+-----------------------+---------+-------------+
|         Event         | Counter |    Core 0   |
+-----------------------+---------+-------------+
|   INSTR_RETIRED_ANY   |  FIXC0  | 33302960000 |
| CPU_CLK_UNHALTED_CORE |  FIXC1  | 77981700000 |
|  CPU_CLK_UNHALTED_REF |  FIXC2  | 81041570000 |
|    L1D_REPLACEMENT    |   PMC0  |  1819434000 |
|      L1D_M_EVICT      |   PMC1  |   558223800 |
| ICACHE_64B_IFTAG_MISS |   PMC2  |  3355135000 |
+-----------------------+---------+-------------+

+--------------------------------+-------------+
|             Metric             |    Core 0   |
+--------------------------------+-------------+
|       Runtime (RDTSC) [s]      |      1.6170 |
|      Runtime unhalted [s]      |     30.0857 |
|           Clock [MHz]          |   2494.1241 |
|               CPI              |      2.3416 |
|  L2D load bandwidth [MBytes/s] |  72010.3151 |
|  L2D load data volume [GBytes] |    116.4438 |
| L2D evict bandwidth [MBytes/s] |  22093.6136 |
| L2D evict data volume [GBytes] |     35.7263 |
|     L2 bandwidth [MBytes/s]    | 226894.8564 |
|     L2 data volume [GBytes]    |    366.8987 |
+--------------------------------+-------------+

Region Core, Group 1: L2
+-------------------+----------+
|    Region Info    |  Core 0  |
+-------------------+----------+
| RDTSC Runtime [s] | 0.022031 |
|     call count    |        1 |
+-------------------+----------+

+-----------------------+---------+-----------+
|         Event         | Counter |   Core 0  |
+-----------------------+---------+-----------+
|   INSTR_RETIRED_ANY   |  FIXC0  | 136791700 |
| CPU_CLK_UNHALTED_CORE |  FIXC1  |  54350640 |
|  CPU_CLK_UNHALTED_REF |  FIXC2  |  56482060 |
|    L1D_REPLACEMENT    |   PMC0  |    114681 |
|      L1D_M_EVICT      |   PMC1  |      1654 |
| ICACHE_64B_IFTAG_MISS |   PMC2  |      1011 |
+-----------------------+---------+-----------+

+--------------------------------+-----------+
|             Metric             |   Core 0  |
+--------------------------------+-----------+
|       Runtime (RDTSC) [s]      |    0.0220 |
|      Runtime unhalted [s]      |    0.0210 |
|           Clock [MHz]          | 2494.1774 |
|               CPI              |    0.3973 |
|  L2D load bandwidth [MBytes/s] |  333.1418 |
|  L2D load data volume [GBytes] |    0.0073 |
| L2D evict bandwidth [MBytes/s] |    4.8048 |
| L2D evict data volume [GBytes] |    0.0001 |
|     L2 bandwidth [MBytes/s]    |  340.8835 |
|     L2 data volume [GBytes]    |    0.0075 |
+--------------------------------+-----------+

