--------------------------------------------------------------------------------
CPU name:	Intel(R) Core(TM) i7-6500U CPU @ 2.50GHz
CPU type:	Intel Skylake processor
CPU clock:	2.59 GHz
--------------------------------------------------------------------------------
Bloom Join
-----------------
524288 Buckets 1 Hash Functions
Initialization: 0 ms 
Bloom Filter Generation: 512785 ms 
Join Core: 22 ms 
12608 linhas
512809 ms 

--------------------------------------------------------------------------------
Region Initialization, Group 1: L2
+-------------------+----------+
|    Region Info    |  Core 0  |
+-------------------+----------+
| RDTSC Runtime [s] | 0.000047 |
|     call count    |        1 |
+-------------------+----------+

+-----------------------+---------+--------+
|         Event         | Counter | Core 0 |
+-----------------------+---------+--------+
|   INSTR_RETIRED_ANY   |  FIXC0  | 119530 |
| CPU_CLK_UNHALTED_CORE |  FIXC1  |  82847 |
|  CPU_CLK_UNHALTED_REF |  FIXC2  | 107244 |
|    L1D_REPLACEMENT    |   PMC0  |    556 |
|      L1D_M_EVICT      |   PMC1  |    357 |
| ICACHE_64B_IFTAG_MISS |   PMC2  |    574 |
+-----------------------+---------+--------+

+--------------------------------+--------------+
|             Metric             |    Core 0    |
+--------------------------------+--------------+
|       Runtime (RDTSC) [s]      | 4.732810e-05 |
|      Runtime unhalted [s]      | 3.196261e-05 |
|           Clock [MHz]          |    2002.3421 |
|               CPI              |       0.6931 |
|  L2D load bandwidth [MBytes/s] |     751.8578 |
|  L2D load data volume [GBytes] | 3.558400e-05 |
| L2D evict bandwidth [MBytes/s] |     482.7576 |
| L2D evict data volume [GBytes] | 2.284800e-05 |
|     L2 bandwidth [MBytes/s]    |    2010.8139 |
|     L2 data volume [GBytes]    |       0.0001 |
+--------------------------------+--------------+

Region Generation, Group 1: L2
+-------------------+----------+
|    Region Info    |  Core 0  |
+-------------------+----------+
| RDTSC Runtime [s] | 1.767073 |
|     call count    |  9000008 |
+-------------------+----------+

+-----------------------+---------+-------------+
|         Event         | Counter |    Core 0   |
+-----------------------+---------+-------------+
|   INSTR_RETIRED_ANY   |  FIXC0  | 33302960000 |
| CPU_CLK_UNHALTED_CORE |  FIXC1  | 77524060000 |
|  CPU_CLK_UNHALTED_REF |  FIXC2  | 80566680000 |
|    L1D_REPLACEMENT    |   PMC0  |  1757421000 |
|      L1D_M_EVICT      |   PMC1  |   562917400 |
| ICACHE_64B_IFTAG_MISS |   PMC2  |  3379228000 |
+-----------------------+---------+-------------+

+--------------------------------+-------------+
|             Metric             |    Core 0   |
+--------------------------------+-------------+
|       Runtime (RDTSC) [s]      |      1.7671 |
|      Runtime unhalted [s]      |     29.9090 |
|           Clock [MHz]          |   2494.1096 |
|               CPI              |      2.3278 |
|  L2D load bandwidth [MBytes/s] |  63650.4230 |
|  L2D load data volume [GBytes] |    112.4749 |
| L2D evict bandwidth [MBytes/s] |  20387.7902 |
| L2D evict data volume [GBytes] |     36.0267 |
|     L2 bandwidth [MBytes/s]    | 206427.3800 |
|     L2 data volume [GBytes]    |    364.7722 |
+--------------------------------+-------------+

Region Core, Group 1: L2
+-------------------+----------+
|    Region Info    |  Core 0  |
+-------------------+----------+
| RDTSC Runtime [s] | 0.022239 |
|     call count    |        1 |
+-------------------+----------+

+-----------------------+---------+-----------+
|         Event         | Counter |   Core 0  |
+-----------------------+---------+-----------+
|   INSTR_RETIRED_ANY   |  FIXC0  | 136779300 |
| CPU_CLK_UNHALTED_CORE |  FIXC1  |  54985700 |
|  CPU_CLK_UNHALTED_REF |  FIXC2  |  57141720 |
|    L1D_REPLACEMENT    |   PMC0  |    210661 |
|      L1D_M_EVICT      |   PMC1  |      2208 |
| ICACHE_64B_IFTAG_MISS |   PMC2  |      1744 |
+-----------------------+---------+-----------+

+--------------------------------+-----------+
|             Metric             |   Core 0  |
+--------------------------------+-----------+
|       Runtime (RDTSC) [s]      |    0.0222 |
|      Runtime unhalted [s]      |    0.0212 |
|           Clock [MHz]          | 2494.1981 |
|               CPI              |    0.4020 |
|  L2D load bandwidth [MBytes/s] |  606.2460 |
|  L2D load data volume [GBytes] |    0.0135 |
| L2D evict bandwidth [MBytes/s] |    6.3542 |
| L2D evict data volume [GBytes] |    0.0001 |
|     L2 bandwidth [MBytes/s]    |  617.6191 |
|     L2 data volume [GBytes]    |    0.0137 |
+--------------------------------+-----------+

