--------------------------------------------------------------------------------
CPU name:	Intel(R) Core(TM) i7-6500U CPU @ 2.50GHz
CPU type:	Intel Skylake processor
CPU clock:	2.59 GHz
--------------------------------------------------------------------------------
Bloom Join
-----------------
524288 Buckets 2 Hash Functions
Initialization: 0 ms 
Bloom Filter Generation: 772293 ms 
Join Core: 29 ms 
10721 linhas
772323 ms 

--------------------------------------------------------------------------------
Region Initialization, Group 1: L2
+-------------------+----------+
|    Region Info    |  Core 0  |
+-------------------+----------+
| RDTSC Runtime [s] | 0.000056 |
|     call count    |        1 |
+-------------------+----------+

+-----------------------+---------+--------+
|         Event         | Counter | Core 0 |
+-----------------------+---------+--------+
|   INSTR_RETIRED_ANY   |  FIXC0  | 119530 |
| CPU_CLK_UNHALTED_CORE |  FIXC1  |  83094 |
|  CPU_CLK_UNHALTED_REF |  FIXC2  | 127224 |
|    L1D_REPLACEMENT    |   PMC0  |    543 |
|      L1D_M_EVICT      |   PMC1  |    335 |
| ICACHE_64B_IFTAG_MISS |   PMC2  |    609 |
+-----------------------+---------+--------+

+--------------------------------+--------------+
|             Metric             |    Core 0    |
+--------------------------------+--------------+
|       Runtime (RDTSC) [s]      |       0.0001 |
|      Runtime unhalted [s]      | 3.206015e-05 |
|           Clock [MHz]          |    1692.7963 |
|               CPI              |       0.6952 |
|  L2D load bandwidth [MBytes/s] |     625.0158 |
|  L2D load data volume [GBytes] | 3.475200e-05 |
| L2D evict bandwidth [MBytes/s] |     385.5991 |
| L2D evict data volume [GBytes] | 2.144000e-05 |
|     L2 bandwidth [MBytes/s]    |    1711.5996 |
|     L2 data volume [GBytes]    |       0.0001 |
+--------------------------------+--------------+

Region Generation, Group 1: L2
+-------------------+----------+
|    Region Info    |  Core 0  |
+-------------------+----------+
| RDTSC Runtime [s] | 2.873931 |
|     call count    | 13500012 |
+-------------------+----------+

+-----------------------+---------+--------------+
|         Event         | Counter |    Core 0    |
+-----------------------+---------+--------------+
|   INSTR_RETIRED_ANY   |  FIXC0  |  50573980000 |
| CPU_CLK_UNHALTED_CORE |  FIXC1  | 116794900000 |
|  CPU_CLK_UNHALTED_REF |  FIXC2  | 121377800000 |
|    L1D_REPLACEMENT    |   PMC0  |   2750067000 |
|      L1D_M_EVICT      |   PMC1  |    913088000 |
| ICACHE_64B_IFTAG_MISS |   PMC2  |   4858084000 |
+-----------------------+---------+--------------+

+--------------------------------+-------------+
|             Metric             |    Core 0   |
+--------------------------------+-------------+
|       Runtime (RDTSC) [s]      |      2.8739 |
|      Runtime unhalted [s]      |     45.0630 |
|           Clock [MHz]          |   2493.9555 |
|               CPI              |      2.3094 |
|  L2D load bandwidth [MBytes/s] |  61241.6540 |
|  L2D load data volume [GBytes] |    176.0043 |
| L2D evict bandwidth [MBytes/s] |  20333.6935 |
| L2D evict data volume [GBytes] |     58.4376 |
|     L2 bandwidth [MBytes/s]    | 189760.7479 |
|     L2 data volume [GBytes]    |    545.3593 |
+--------------------------------+-------------+

Region Core, Group 1: L2
+-------------------+----------+
|    Region Info    |  Core 0  |
+-------------------+----------+
| RDTSC Runtime [s] | 0.028520 |
|     call count    |        1 |
+-------------------+----------+

+-----------------------+---------+-----------+
|         Event         | Counter |   Core 0  |
+-----------------------+---------+-----------+
|   INSTR_RETIRED_ANY   |  FIXC0  | 176057300 |
| CPU_CLK_UNHALTED_CORE |  FIXC1  |  70521740 |
|  CPU_CLK_UNHALTED_REF |  FIXC2  |  73287180 |
|    L1D_REPLACEMENT    |   PMC0  |    300145 |
|      L1D_M_EVICT      |   PMC1  |      4586 |
| ICACHE_64B_IFTAG_MISS |   PMC2  |      2417 |
+-----------------------+---------+-----------+

+--------------------------------+-----------+
|             Metric             |   Core 0  |
+--------------------------------+-----------+
|       Runtime (RDTSC) [s]      |    0.0285 |
|      Runtime unhalted [s]      |    0.0272 |
|           Clock [MHz]          | 2494.0151 |
|               CPI              |    0.4006 |
|  L2D load bandwidth [MBytes/s] |  673.5346 |
|  L2D load data volume [GBytes] |    0.0192 |
| L2D evict bandwidth [MBytes/s] |   10.2911 |
| L2D evict data volume [GBytes] |    0.0003 |
|     L2 bandwidth [MBytes/s]    |  689.2495 |
|     L2 data volume [GBytes]    |    0.0197 |
+--------------------------------+-----------+

