--------------------------------------------------------------------------------
CPU name:	Intel(R) Core(TM) i7-6500U CPU @ 2.50GHz
CPU type:	Intel Skylake processor
CPU clock:	2.59 GHz
--------------------------------------------------------------------------------
Bloom Join
-----------------
1048576 Buckets 0 Hash Functions
Initialization: 0 ms 
Bloom Filter Generation: 256882 ms 
Join Core: 18 ms 
13214 linhas
256902 ms 

--------------------------------------------------------------------------------
Region Initialization, Group 1: L2
+-------------------+----------+
|    Region Info    |  Core 0  |
+-------------------+----------+
| RDTSC Runtime [s] | 0.000086 |
|     call count    |        1 |
+-------------------+----------+

+-----------------------+---------+--------+
|         Event         | Counter | Core 0 |
+-----------------------+---------+--------+
|   INSTR_RETIRED_ANY   |  FIXC0  | 234235 |
| CPU_CLK_UNHALTED_CORE |  FIXC1  | 161532 |
|  CPU_CLK_UNHALTED_REF |  FIXC2  | 174852 |
|    L1D_REPLACEMENT    |   PMC0  |    405 |
|      L1D_M_EVICT      |   PMC1  |    219 |
| ICACHE_64B_IFTAG_MISS |   PMC2  |    680 |
+-----------------------+---------+--------+

+--------------------------------+--------------+
|             Metric             |    Core 0    |
+--------------------------------+--------------+
|       Runtime (RDTSC) [s]      |       0.0001 |
|      Runtime unhalted [s]      |       0.0001 |
|           Clock [MHz]          |    2394.5397 |
|               CPI              |       0.6896 |
|  L2D load bandwidth [MBytes/s] |     301.1071 |
|  L2D load data volume [GBytes] | 2.592000e-05 |
| L2D evict bandwidth [MBytes/s] |     162.8209 |
| L2D evict data volume [GBytes] | 1.401600e-05 |
|     L2 bandwidth [MBytes/s]    |     969.4904 |
|     L2 data volume [GBytes]    |       0.0001 |
+--------------------------------+--------------+

Region Generation, Group 1: L2
+-------------------+----------+
|    Region Info    |  Core 0  |
+-------------------+----------+
| RDTSC Runtime [s] | 0.968213 |
|     call count    |  4500004 |
+-------------------+----------+

+-----------------------+---------+-------------+
|         Event         | Counter |    Core 0   |
+-----------------------+---------+-------------+
|   INSTR_RETIRED_ANY   |  FIXC0  | 16618350000 |
| CPU_CLK_UNHALTED_CORE |  FIXC1  | 39143760000 |
|  CPU_CLK_UNHALTED_REF |  FIXC2  | 40679810000 |
|    L1D_REPLACEMENT    |   PMC0  |   795686100 |
|      L1D_M_EVICT      |   PMC1  |   286602800 |
| ICACHE_64B_IFTAG_MISS |   PMC2  |  1789312000 |
+-----------------------+---------+-------------+

+--------------------------------+-------------+
|             Metric             |    Core 0   |
+--------------------------------+-------------+
|       Runtime (RDTSC) [s]      |      0.9682 |
|      Runtime unhalted [s]      |     15.1018 |
|           Clock [MHz]          |   2494.1221 |
|               CPI              |      2.3555 |
|  L2D load bandwidth [MBytes/s] |  52595.7505 |
|  L2D load data volume [GBytes] |     50.9239 |
| L2D evict bandwidth [MBytes/s] |  18944.7690 |
| L2D evict data volume [GBytes] |     18.3426 |
|     L2 bandwidth [MBytes/s]    | 189816.0649 |
|     L2 data volume [GBytes]    |    183.7825 |
+--------------------------------+-------------+

Region Core, Group 1: L2
+-------------------+----------+
|    Region Info    |  Core 0  |
+-------------------+----------+
| RDTSC Runtime [s] | 0.018027 |
|     call count    |        1 |
+-------------------+----------+

+-----------------------+---------+-----------+
|         Event         | Counter |   Core 0  |
+-----------------------+---------+-----------+
|   INSTR_RETIRED_ANY   |  FIXC0  | 116817800 |
| CPU_CLK_UNHALTED_CORE |  FIXC1  |  44280900 |
|  CPU_CLK_UNHALTED_REF |  FIXC2  |  46017940 |
|    L1D_REPLACEMENT    |   PMC0  |    154454 |
|      L1D_M_EVICT      |   PMC1  |      2122 |
| ICACHE_64B_IFTAG_MISS |   PMC2  |      1181 |
+-----------------------+---------+-----------+

+--------------------------------+-----------+
|             Metric             |   Core 0  |
+--------------------------------+-----------+
|       Runtime (RDTSC) [s]      |    0.0180 |
|      Runtime unhalted [s]      |    0.0171 |
|           Clock [MHz]          | 2494.1545 |
|               CPI              |    0.3791 |
|  L2D load bandwidth [MBytes/s] |  548.3473 |
|  L2D load data volume [GBytes] |    0.0099 |
| L2D evict bandwidth [MBytes/s] |    7.5336 |
| L2D evict data volume [GBytes] |    0.0001 |
|     L2 bandwidth [MBytes/s]    |  560.0737 |
|     L2 data volume [GBytes]    |    0.0101 |
+--------------------------------+-----------+

