--------------------------------------------------------------------------------
CPU name:	Intel(R) Core(TM) i7-6500U CPU @ 2.50GHz
CPU type:	Intel Skylake processor
CPU clock:	2.59 GHz
--------------------------------------------------------------------------------
Bloom Join
-----------------
2097152 Buckets 4 Hash Functions
Initialization: 0 ms 
Bloom Filter Generation: 1230449 ms 
Join Core: 40 ms 
14927 linhas
1230491 ms 

--------------------------------------------------------------------------------
Region Initialization, Group 1: L2
+-------------------+----------+
|    Region Info    |  Core 0  |
+-------------------+----------+
| RDTSC Runtime [s] | 0.000172 |
|     call count    |        1 |
+-------------------+----------+

+-----------------------+---------+--------+
|         Event         | Counter | Core 0 |
+-----------------------+---------+--------+
|   INSTR_RETIRED_ANY   |  FIXC0  | 463643 |
| CPU_CLK_UNHALTED_CORE |  FIXC1  | 304209 |
|  CPU_CLK_UNHALTED_REF |  FIXC2  | 344412 |
|    L1D_REPLACEMENT    |   PMC0  |    428 |
|      L1D_M_EVICT      |   PMC1  |    231 |
| ICACHE_64B_IFTAG_MISS |   PMC2  |    612 |
+-----------------------+---------+--------+

+--------------------------------+--------------+
|             Metric             |    Core 0    |
+--------------------------------+--------------+
|       Runtime (RDTSC) [s]      |       0.0002 |
|      Runtime unhalted [s]      |       0.0001 |
|           Clock [MHz]          |    2289.4333 |
|               CPI              |       0.6561 |
|  L2D load bandwidth [MBytes/s] |     158.9194 |
|  L2D load data volume [GBytes] | 2.739200e-05 |
| L2D evict bandwidth [MBytes/s] |      85.7719 |
| L2D evict data volume [GBytes] | 1.478400e-05 |
|     L2 bandwidth [MBytes/s]    |     471.9312 |
|     L2 data volume [GBytes]    |       0.0001 |
+--------------------------------+--------------+

Region Generation, Group 1: L2
+-------------------+----------+
|    Region Info    |  Core 0  |
+-------------------+----------+
| RDTSC Runtime [s] | 5.509990 |
|     call count    | 22500020 |
+-------------------+----------+

+-----------------------+---------+--------------+
|         Event         | Counter |    Core 0    |
+-----------------------+---------+--------------+
|   INSTR_RETIRED_ANY   |  FIXC0  |  84205120000 |
| CPU_CLK_UNHALTED_CORE |  FIXC1  | 192503400000 |
|  CPU_CLK_UNHALTED_REF |  FIXC2  | 192282500000 |
|    L1D_REPLACEMENT    |   PMC0  |   4410219000 |
|      L1D_M_EVICT      |   PMC1  |   1192191000 |
| ICACHE_64B_IFTAG_MISS |   PMC2  |   8427245000 |
+-----------------------+---------+--------------+

+--------------------------------+-------------+
|             Metric             |    Core 0   |
+--------------------------------+-------------+
|       Runtime (RDTSC) [s]      |      5.5100 |
|      Runtime unhalted [s]      |     74.2684 |
|           Clock [MHz]          |   2594.9731 |
|               CPI              |      2.2861 |
|  L2D load bandwidth [MBytes/s] |  51225.8672 |
|  L2D load data volume [GBytes] |    282.2540 |
| L2D evict bandwidth [MBytes/s] |  13847.6157 |
| L2D evict data volume [GBytes] |     76.3002 |
|     L2 bandwidth [MBytes/s]    | 162958.1760 |
|     L2 data volume [GBytes]    |    897.8979 |
+--------------------------------+-------------+

Region Core, Group 1: L2
+-------------------+----------+
|    Region Info    |  Core 0  |
+-------------------+----------+
| RDTSC Runtime [s] | 0.039793 |
|     call count    |        1 |
+-------------------+----------+

+-----------------------+---------+-----------+
|         Event         | Counter |   Core 0  |
+-----------------------+---------+-----------+
|   INSTR_RETIRED_ANY   |  FIXC0  | 224170600 |
| CPU_CLK_UNHALTED_CORE |  FIXC1  |  97933120 |
|  CPU_CLK_UNHALTED_REF |  FIXC2  | 101773500 |
|    L1D_REPLACEMENT    |   PMC0  |    657245 |
|      L1D_M_EVICT      |   PMC1  |      4834 |
| ICACHE_64B_IFTAG_MISS |   PMC2  |      3605 |
+-----------------------+---------+-----------+

+--------------------------------+-----------+
|             Metric             |   Core 0  |
+--------------------------------+-----------+
|       Runtime (RDTSC) [s]      |    0.0398 |
|      Runtime unhalted [s]      |    0.0378 |
|           Clock [MHz]          | 2494.1875 |
|               CPI              |    0.4369 |
|  L2D load bandwidth [MBytes/s] | 1057.0655 |
|  L2D load data volume [GBytes] |    0.0421 |
| L2D evict bandwidth [MBytes/s] |    7.7747 |
| L2D evict data volume [GBytes] |    0.0003 |
|     L2 bandwidth [MBytes/s]    | 1070.6382 |
|     L2 data volume [GBytes]    |    0.0426 |
+--------------------------------+-----------+

