--------------------------------------------------------------------------------
CPU name:	Intel(R) Core(TM) i7-6500U CPU @ 2.50GHz
CPU type:	Intel Skylake processor
CPU clock:	2.59 GHz
--------------------------------------------------------------------------------
Bloom Join
-----------------
2097152 Buckets 2 Hash Functions
Initialization: 1 ms 
Bloom Filter Generation: 703432 ms 
Join Core: 29 ms 
14518 linhas
703464 ms 

--------------------------------------------------------------------------------
Region Initialization, Group 1: L2
+-------------------+----------+
|    Region Info    |  Core 0  |
+-------------------+----------+
| RDTSC Runtime [s] | 0.000541 |
|     call count    |        1 |
+-------------------+----------+

+-----------------------+---------+---------+
|         Event         | Counter |  Core 0 |
+-----------------------+---------+---------+
|   INSTR_RETIRED_ANY   |  FIXC0  |  463643 |
| CPU_CLK_UNHALTED_CORE |  FIXC1  |  314756 |
|  CPU_CLK_UNHALTED_REF |  FIXC2  | 1021896 |
|    L1D_REPLACEMENT    |   PMC0  |     610 |
|      L1D_M_EVICT      |   PMC1  |     259 |
| ICACHE_64B_IFTAG_MISS |   PMC2  |     870 |
+-----------------------+---------+---------+

+--------------------------------+--------------+
|             Metric             |    Core 0    |
+--------------------------------+--------------+
|       Runtime (RDTSC) [s]      |       0.0005 |
|      Runtime unhalted [s]      |       0.0001 |
|           Clock [MHz]          |     798.3646 |
|               CPI              |       0.6789 |
|  L2D load bandwidth [MBytes/s] |      72.1304 |
|  L2D load data volume [GBytes] | 3.904000e-05 |
| L2D evict bandwidth [MBytes/s] |      30.6259 |
| L2D evict data volume [GBytes] | 1.657600e-05 |
|     L2 bandwidth [MBytes/s]    |     205.6308 |
|     L2 data volume [GBytes]    |       0.0001 |
+--------------------------------+--------------+

Region Generation, Group 1: L2
+-------------------+----------+
|    Region Info    |  Core 0  |
+-------------------+----------+
| RDTSC Runtime [s] | 3.260649 |
|     call count    | 13500012 |
+-------------------+----------+

+-----------------------+---------+--------------+
|         Event         | Counter |    Core 0    |
+-----------------------+---------+--------------+
|   INSTR_RETIRED_ANY   |  FIXC0  |  50573980000 |
| CPU_CLK_UNHALTED_CORE |  FIXC1  | 122154600000 |
|  CPU_CLK_UNHALTED_REF |  FIXC2  | 114472000000 |
|    L1D_REPLACEMENT    |   PMC0  |   2680200000 |
|      L1D_M_EVICT      |   PMC1  |    828715000 |
| ICACHE_64B_IFTAG_MISS |   PMC2  |   6006303000 |
+-----------------------+---------+--------------+

+--------------------------------+-------------+
|             Metric             |    Core 0   |
+--------------------------------+-------------+
|       Runtime (RDTSC) [s]      |      3.2606 |
|      Runtime unhalted [s]      |     47.1277 |
|           Clock [MHz]          |   2765.9510 |
|               CPI              |      2.4154 |
|  L2D load bandwidth [MBytes/s] |  52606.9503 |
|  L2D load data volume [GBytes] |    171.5328 |
| L2D evict bandwidth [MBytes/s] |  16266.0133 |
| L2D evict data volume [GBytes] |     53.0378 |
|     L2 bandwidth [MBytes/s]    | 186764.6447 |
|     L2 data volume [GBytes]    |    608.9740 |
+--------------------------------+-------------+

Region Core, Group 1: L2
+-------------------+----------+
|    Region Info    |  Core 0  |
+-------------------+----------+
| RDTSC Runtime [s] | 0.028699 |
|     call count    |        1 |
+-------------------+----------+

+-----------------------+---------+-----------+
|         Event         | Counter |   Core 0  |
+-----------------------+---------+-----------+
|   INSTR_RETIRED_ANY   |  FIXC0  | 175950700 |
| CPU_CLK_UNHALTED_CORE |  FIXC1  |  70900470 |
|  CPU_CLK_UNHALTED_REF |  FIXC2  |  73680620 |
|    L1D_REPLACEMENT    |   PMC0  |    412402 |
|      L1D_M_EVICT      |   PMC1  |      2657 |
| ICACHE_64B_IFTAG_MISS |   PMC2  |      1725 |
+-----------------------+---------+-----------+

+--------------------------------+-----------+
|             Metric             |   Core 0  |
+--------------------------------+-----------+
|       Runtime (RDTSC) [s]      |    0.0287 |
|      Runtime unhalted [s]      |    0.0274 |
|           Clock [MHz]          | 2494.1914 |
|               CPI              |    0.4030 |
|  L2D load bandwidth [MBytes/s] |  919.6770 |
|  L2D load data volume [GBytes] |    0.0264 |
| L2D evict bandwidth [MBytes/s] |    5.9252 |
| L2D evict data volume [GBytes] |    0.0002 |
|     L2 bandwidth [MBytes/s]    |  929.4491 |
|     L2 data volume [GBytes]    |    0.0267 |
+--------------------------------+-----------+

