Nested Loop Join
-----------------
105000 linhas
411677 ms 

Hash Join
-----------------
Initialization: 4 ms 
Hash Table Generation: 326 ms 
Join Core: 33 ms 
105000 linhas
363 ms 

Bloom  Join
-----------------
Initialization: 14 ms 
Bloom Filter Generation: 323 ms 
Join Core: 25 ms 
104996 linhas
363 ms 

Bloom Nested Join
-----------------
Initialization: 14 ms 
Bloom Filter Generation: 375 ms 
Join Core: 2586 ms 
105000 linhas
2974 ms 

Bloom Hash Join
-----------------
Initialization: 18 ms 
Bloom Filter and Hash Table Generation: 549 ms 
Join core: 34 ms 
105000 linhas
601 ms 

