Bloom Join
-----------------
16384 Buckets 4 Hash Functions
Initialization: 0 ms 
Bloom Filter Generation: 623 ms 
Join Core: 32 ms 
13692 linhas
655 ms 

Bloom Join
-----------------
16384 Buckets 4 Hash Functions
Initialization: 0 ms 
Bloom Filter Generation: 1252 ms 
Join Core: 32 ms 
14112 linhas
1285 ms 

Bloom Join
-----------------
16384 Buckets 4 Hash Functions
Initialization: 0 ms 
Bloom Filter Generation: 1544 ms 
Join Core: 32 ms 
13106 linhas
1577 ms 

Bloom Join
-----------------
16384 Buckets 4 Hash Functions
Initialization: 0 ms 
Bloom Filter Generation: 1951 ms 
Join Core: 33 ms 
13637 linhas
1984 ms 

Bloom Join
-----------------
16384 Buckets 4 Hash Functions
Initialization: 0 ms 
Bloom Filter Generation: 320 ms 
Join Core: 34 ms 
12746 linhas
353 ms 

Bloom Join
-----------------
16384 Buckets 4 Hash Functions
Initialization: 0 ms 
Bloom Filter Generation: 377 ms 
Join Core: 38 ms 
7383 linhas
415 ms 

Bloom Join
-----------------
16384 Buckets 4 Hash Functions
Initialization: 0 ms 
Bloom Filter Generation: 377 ms 
Join Core: 39 ms 
7405 linhas
415 ms 

