Bloom Join
-----------------
16384 Buckets 2 Hash Functions
Initialization: 0 ms 
Bloom Filter Generation: 481 ms 
Join Core: 25 ms 
24291 linhas
506 ms 

Bloom Join
-----------------
16384 Buckets 2 Hash Functions
Initialization: 0 ms 
Bloom Filter Generation: 968 ms 
Join Core: 25 ms 
25065 linhas
993 ms 

Bloom Join
-----------------
16384 Buckets 2 Hash Functions
Initialization: 0 ms 
Bloom Filter Generation: 1090 ms 
Join Core: 23 ms 
39132 linhas
1113 ms 

Bloom Join
-----------------
16384 Buckets 2 Hash Functions
Initialization: 0 ms 
Bloom Filter Generation: 1467 ms 
Join Core: 24 ms 
39876 linhas
1491 ms 

Bloom Join
-----------------
16384 Buckets 2 Hash Functions
Initialization: 0 ms 
Bloom Filter Generation: 223 ms 
Join Core: 24 ms 
38853 linhas
247 ms 

Bloom Join
-----------------
16384 Buckets 2 Hash Functions
Initialization: 0 ms 
Bloom Filter Generation: 262 ms 
Join Core: 26 ms 
22556 linhas
288 ms 

Bloom Join
-----------------
16384 Buckets 2 Hash Functions
Initialization: 0 ms 
Bloom Filter Generation: 258 ms 
Join Core: 26 ms 
22585 linhas
285 ms 

