Bloom Join
-----------------
65536 Buckets 3 Hash Functions
Initialization: 0 ms 
Bloom Filter Generation: 537 ms 
Join Core: 25 ms 
118208 linhas
562 ms 

Bloom Join
-----------------
65536 Buckets 3 Hash Functions
Initialization: 0 ms 
Bloom Filter Generation: 1058 ms 
Join Core: 25 ms 
118286 linhas
1083 ms 

Bloom Join
-----------------
65536 Buckets 3 Hash Functions
Initialization: 0 ms 
Bloom Filter Generation: 1462 ms 
Join Core: 25 ms 
118284 linhas
1487 ms 

Bloom Join
-----------------
65536 Buckets 3 Hash Functions
Initialization: 0 ms 
Bloom Filter Generation: 1697 ms 
Join Core: 32 ms 
118223 linhas
1729 ms 

Bloom Join
-----------------
65536 Buckets 3 Hash Functions
Initialization: 0 ms 
Bloom Filter Generation: 280 ms 
Join Core: 26 ms 
117874 linhas
307 ms 

