Bloom Join
-----------------
131072 Buckets 3 Hash Functions
Initialization: 0 ms 
Bloom Filter Generation: 548 ms 
Join Core: 24 ms 
131653 linhas
572 ms 

Bloom Join
-----------------
131072 Buckets 3 Hash Functions
Initialization: 0 ms 
Bloom Filter Generation: 1051 ms 
Join Core: 22 ms 
131638 linhas
1073 ms 

Bloom Join
-----------------
131072 Buckets 3 Hash Functions
Initialization: 0 ms 
Bloom Filter Generation: 1369 ms 
Join Core: 23 ms 
131643 linhas
1392 ms 

Bloom Join
-----------------
131072 Buckets 3 Hash Functions
Initialization: 0 ms 
Bloom Filter Generation: 1717 ms 
Join Core: 23 ms 
131592 linhas
1740 ms 

Bloom Join
-----------------
131072 Buckets 3 Hash Functions
Initialization: 0 ms 
Bloom Filter Generation: 282 ms 
Join Core: 23 ms 
131618 linhas
305 ms 

