Bloom Join
-----------------
131072 Buckets 0 Hash Functions
Initialization: 0 ms 
Bloom Filter Generation: 347 ms 
Join Core: 17 ms 
120409 linhas
365 ms 

Bloom Join
-----------------
131072 Buckets 0 Hash Functions
Initialization: 0 ms 
Bloom Filter Generation: 686 ms 
Join Core: 17 ms 
120479 linhas
704 ms 

Bloom Join
-----------------
131072 Buckets 0 Hash Functions
Initialization: 0 ms 
Bloom Filter Generation: 843 ms 
Join Core: 17 ms 
120441 linhas
861 ms 

Bloom Join
-----------------
131072 Buckets 0 Hash Functions
Initialization: 0 ms 
Bloom Filter Generation: 1066 ms 
Join Core: 18 ms 
120331 linhas
1084 ms 

Bloom Join
-----------------
131072 Buckets 0 Hash Functions
Initialization: 0 ms 
Bloom Filter Generation: 178 ms 
Join Core: 19 ms 
120547 linhas
198 ms 

