Bloom Join
-----------------
262144 Buckets 0 Hash Functions
Initialization: 1 ms 
Bloom Filter Generation: 349 ms 
Join Core: 20 ms 
127496 linhas
370 ms 

Bloom Join
-----------------
262144 Buckets 0 Hash Functions
Initialization: 1 ms 
Bloom Filter Generation: 701 ms 
Join Core: 18 ms 
127472 linhas
720 ms 

Bloom Join
-----------------
262144 Buckets 0 Hash Functions
Initialization: 1 ms 
Bloom Filter Generation: 848 ms 
Join Core: 17 ms 
127540 linhas
866 ms 

Bloom Join
-----------------
262144 Buckets 0 Hash Functions
Initialization: 1 ms 
Bloom Filter Generation: 1054 ms 
Join Core: 20 ms 
127345 linhas
1075 ms 

Bloom Join
-----------------
262144 Buckets 0 Hash Functions
Initialization: 1 ms 
Bloom Filter Generation: 179 ms 
Join Core: 20 ms 
127607 linhas
200 ms 

