Bloom Join
-----------------
1048576 Buckets 2 Hash Functions
Initialization: 3 ms 
Bloom Filter Generation: 573 ms 
Join Core: 20 ms 
134987 linhas
597 ms 

Bloom Join
-----------------
1048576 Buckets 2 Hash Functions
Initialization: 4 ms 
Bloom Filter Generation: 1048 ms 
Join Core: 20 ms 
134990 linhas
1072 ms 

Bloom Join
-----------------
1048576 Buckets 2 Hash Functions
Initialization: 4 ms 
Bloom Filter Generation: 1162 ms 
Join Core: 20 ms 
134901 linhas
1185 ms 

Bloom Join
-----------------
1048576 Buckets 2 Hash Functions
Initialization: 4 ms 
Bloom Filter Generation: 1567 ms 
Join Core: 21 ms 
134897 linhas
1592 ms 

Bloom Join
-----------------
1048576 Buckets 2 Hash Functions
Initialization: 4 ms 
Bloom Filter Generation: 244 ms 
Join Core: 24 ms 
134906 linhas
271 ms 

