Bloom Join
-----------------
4194304 Buckets 2 Hash Functions
Initialization: 14 ms 
Bloom Filter Generation: 624 ms 
Join Core: 38 ms 
135000 linhas
677 ms 

Bloom Join
-----------------
4194304 Buckets 2 Hash Functions
Initialization: 15 ms 
Bloom Filter Generation: 1056 ms 
Join Core: 22 ms 
135000 linhas
1093 ms 

Bloom Join
-----------------
4194304 Buckets 2 Hash Functions
Initialization: 14 ms 
Bloom Filter Generation: 1163 ms 
Join Core: 22 ms 
134992 linhas
1199 ms 

Bloom Join
-----------------
4194304 Buckets 2 Hash Functions
Initialization: 16 ms 
Bloom Filter Generation: 1504 ms 
Join Core: 26 ms 
134995 linhas
1547 ms 

Bloom Join
-----------------
4194304 Buckets 2 Hash Functions
Initialization: 14 ms 
Bloom Filter Generation: 248 ms 
Join Core: 27 ms 
134992 linhas
289 ms 

