Bloom Join
-----------------
4194304 Buckets 3 Hash Functions
Initialization: 14 ms 
Bloom Filter Generation: 586 ms 
Join Core: 22 ms 
135000 linhas
622 ms 

Bloom Join
-----------------
4194304 Buckets 3 Hash Functions
Initialization: 14 ms 
Bloom Filter Generation: 1122 ms 
Join Core: 22 ms 
135000 linhas
1158 ms 

Bloom Join
-----------------
4194304 Buckets 3 Hash Functions
Initialization: 14 ms 
Bloom Filter Generation: 1463 ms 
Join Core: 22 ms 
135000 linhas
1499 ms 

Bloom Join
-----------------
4194304 Buckets 3 Hash Functions
Initialization: 15 ms 
Bloom Filter Generation: 1932 ms 
Join Core: 29 ms 
134998 linhas
1976 ms 

Bloom Join
-----------------
4194304 Buckets 3 Hash Functions
Initialization: 14 ms 
Bloom Filter Generation: 311 ms 
Join Core: 27 ms 
135000 linhas
352 ms 

Bloom Join
-----------------
4194304 Buckets 3 Hash Functions
Initialization: 14 ms 
Bloom Filter Generation: 367 ms 
Join Core: 23 ms 
135000 linhas
404 ms 

Bloom Join
-----------------
4194304 Buckets 3 Hash Functions
Initialization: 14 ms 
Bloom Filter Generation: 369 ms 
Join Core: 28 ms 
135000 linhas
412 ms 

