Bloom Join
-----------------
4194304 Buckets 1 Hash Functions
Initialization: 14 ms 
Bloom Filter Generation: 494 ms 
Join Core: 27 ms 
134992 linhas
535 ms 

Bloom Join
-----------------
4194304 Buckets 1 Hash Functions
Initialization: 14 ms 
Bloom Filter Generation: 917 ms 
Join Core: 22 ms 
134996 linhas
953 ms 

Bloom Join
-----------------
4194304 Buckets 1 Hash Functions
Initialization: 14 ms 
Bloom Filter Generation: 1094 ms 
Join Core: 21 ms 
134992 linhas
1129 ms 

Bloom Join
-----------------
4194304 Buckets 1 Hash Functions
Initialization: 14 ms 
Bloom Filter Generation: 1391 ms 
Join Core: 25 ms 
134995 linhas
1430 ms 

Bloom Join
-----------------
4194304 Buckets 1 Hash Functions
Initialization: 14 ms 
Bloom Filter Generation: 233 ms 
Join Core: 26 ms 
134993 linhas
273 ms 

Bloom Join
-----------------
4194304 Buckets 1 Hash Functions
Initialization: 14 ms 
Bloom Filter Generation: 226 ms 
Join Core: 31 ms 
134993 linhas
270 ms 

Bloom Join
-----------------
4194304 Buckets 1 Hash Functions
Initialization: 14 ms 
Bloom Filter Generation: 239 ms 
Join Core: 28 ms 
134993 linhas
282 ms 

