Nested Loop Join
-----------------
135000 linhas
550019 ms 

Hash Join
-----------------
Initialization: 147 ms 
Hash Table Generation: 560 ms 
Join Core: 60 ms 
135000 linhas
767 ms 

Bloom Join 
-----------------
Initialization: 0 ms 
Bloom Filter Generation: 431 ms 
Join Core: 48 ms 
135000 linhas
479 ms 

Bloom Nested Join
-----------------
Initialization: 0 ms 
Bloom Filter Generation: 437 ms 
Join Core: 341 ms 
135000 linhas
778 ms 

Bloom Hash Join
-----------------
Initialization: 150 ms 
Bloom Filter and Hash Table Generation: 856 ms 
Join core: 47 ms 
Bloom Filter Ocupation: 0% 
135000 linhas
1063 ms 

Cuckoo Join
-----------------
Initialization: 0 ms 
Cuckoo Table Generation: 245 ms 
Join core: 30 ms 
Cuckoo Ocupation: 6% 
135000 linhas
276 ms 

Cuckoo Filter Join
-----------------
Initialization: 0 ms 
Cuckoo Filter Generation: 2453 ms 
Join core: 50 ms 
Cuckoo Ocupation: 6% 
134771 linhas
2504 ms 

