Bloom Join
-----------------
32768 Buckets 3 Hash Functions
Initialization: 0 ms 
Bloom Filter Generation: 554 ms 
Join Core: 28 ms 
1079 linhas
582 ms 

Bloom Join
-----------------
32768 Buckets 3 Hash Functions
Initialization: 0 ms 
Bloom Filter Generation: 1115 ms 
Join Core: 28 ms 
1171 linhas
1143 ms 

Bloom Join
-----------------
32768 Buckets 3 Hash Functions
Initialization: 0 ms 
Bloom Filter Generation: 1514 ms 
Join Core: 28 ms 
1082 linhas
1542 ms 

Bloom Join
-----------------
32768 Buckets 3 Hash Functions
Initialization: 0 ms 
Bloom Filter Generation: 1694 ms 
Join Core: 28 ms 
1179 linhas
1722 ms 

Bloom Join
-----------------
32768 Buckets 3 Hash Functions
Initialization: 0 ms 
Bloom Filter Generation: 283 ms 
Join Core: 28 ms 
969 linhas
311 ms 

