Bloom Join
-----------------
65536 Buckets 3 Hash Functions
Initialization: 0 ms 
Bloom Filter Generation: 558 ms 
Join Core: 28 ms 
16136 linhas
586 ms 

Bloom Join
-----------------
65536 Buckets 3 Hash Functions
Initialization: 0 ms 
Bloom Filter Generation: 1116 ms 
Join Core: 28 ms 
16473 linhas
1145 ms 

Bloom Join
-----------------
65536 Buckets 3 Hash Functions
Initialization: 0 ms 
Bloom Filter Generation: 1432 ms 
Join Core: 28 ms 
16100 linhas
1460 ms 

Bloom Join
-----------------
65536 Buckets 3 Hash Functions
Initialization: 0 ms 
Bloom Filter Generation: 1703 ms 
Join Core: 28 ms 
15755 linhas
1731 ms 

Bloom Join
-----------------
65536 Buckets 3 Hash Functions
Initialization: 0 ms 
Bloom Filter Generation: 285 ms 
Join Core: 28 ms 
16482 linhas
313 ms 

