Bloom Join
-----------------
131072 Buckets 0 Hash Functions
Initialization: 0 ms 
Bloom Filter Generation: 348 ms 
Join Core: 18 ms 
57142 linhas
366 ms 

Bloom Join
-----------------
131072 Buckets 0 Hash Functions
Initialization: 0 ms 
Bloom Filter Generation: 705 ms 
Join Core: 18 ms 
57200 linhas
723 ms 

Bloom Join
-----------------
131072 Buckets 0 Hash Functions
Initialization: 0 ms 
Bloom Filter Generation: 907 ms 
Join Core: 18 ms 
57110 linhas
925 ms 

Bloom Join
-----------------
131072 Buckets 0 Hash Functions
Initialization: 0 ms 
Bloom Filter Generation: 1055 ms 
Join Core: 19 ms 
56744 linhas
1074 ms 

Bloom Join
-----------------
131072 Buckets 0 Hash Functions
Initialization: 0 ms 
Bloom Filter Generation: 174 ms 
Join Core: 18 ms 
56996 linhas
192 ms 

