Bloom Join
-----------------
1048576 Buckets 4 Hash Functions
Initialization: 4 ms 
Bloom Filter Generation: 695 ms 
Join Core: 27 ms 
89827 linhas
727 ms 

Bloom Join
-----------------
1048576 Buckets 4 Hash Functions
Initialization: 4 ms 
Bloom Filter Generation: 1391 ms 
Join Core: 27 ms 
89829 linhas
1422 ms 

Bloom Join
-----------------
1048576 Buckets 4 Hash Functions
Initialization: 4 ms 
Bloom Filter Generation: 1882 ms 
Join Core: 27 ms 
89852 linhas
1913 ms 

Bloom Join
-----------------
1048576 Buckets 4 Hash Functions
Initialization: 4 ms 
Bloom Filter Generation: 2135 ms 
Join Core: 27 ms 
89838 linhas
2166 ms 

Bloom Join
-----------------
1048576 Buckets 4 Hash Functions
Initialization: 4 ms 
Bloom Filter Generation: 353 ms 
Join Core: 28 ms 
89845 linhas
385 ms 

