Bloom Join
-----------------
2097152 Buckets 3 Hash Functions
Initialization: 7 ms 
Bloom Filter Generation: 584 ms 
Join Core: 24 ms 
89942 linhas
615 ms 

Bloom Join
-----------------
2097152 Buckets 3 Hash Functions
Initialization: 7 ms 
Bloom Filter Generation: 1339 ms 
Join Core: 24 ms 
89956 linhas
1370 ms 

Bloom Join
-----------------
2097152 Buckets 3 Hash Functions
Initialization: 7 ms 
Bloom Filter Generation: 1552 ms 
Join Core: 26 ms 
89954 linhas
1586 ms 

Bloom Join
-----------------
2097152 Buckets 3 Hash Functions
Initialization: 7 ms 
Bloom Filter Generation: 1839 ms 
Join Core: 25 ms 
89948 linhas
1871 ms 

Bloom Join
-----------------
2097152 Buckets 3 Hash Functions
Initialization: 7 ms 
Bloom Filter Generation: 306 ms 
Join Core: 25 ms 
89945 linhas
338 ms 

Bloom Join
-----------------
2097152 Buckets 3 Hash Functions
Initialization: 7 ms 
Bloom Filter Generation: 371 ms 
Join Core: 28 ms 
89936 linhas
406 ms 

Bloom Join
-----------------
2097152 Buckets 3 Hash Functions
Initialization: 8 ms 
Bloom Filter Generation: 373 ms 
Join Core: 28 ms 
89936 linhas
409 ms 

