Bloom Join
-----------------
4194304 Buckets 2 Hash Functions
Initialization: 14 ms 
Bloom Filter Generation: 553 ms 
Join Core: 25 ms 
89993 linhas
593 ms 

Bloom Join
-----------------
4194304 Buckets 2 Hash Functions
Initialization: 14 ms 
Bloom Filter Generation: 1118 ms 
Join Core: 26 ms 
89995 linhas
1158 ms 

Bloom Join
-----------------
4194304 Buckets 2 Hash Functions
Initialization: 14 ms 
Bloom Filter Generation: 1220 ms 
Join Core: 23 ms 
89929 linhas
1257 ms 

Bloom Join
-----------------
4194304 Buckets 2 Hash Functions
Initialization: 14 ms 
Bloom Filter Generation: 1476 ms 
Join Core: 25 ms 
89917 linhas
1515 ms 

Bloom Join
-----------------
4194304 Buckets 2 Hash Functions
Initialization: 14 ms 
Bloom Filter Generation: 244 ms 
Join Core: 24 ms 
89913 linhas
282 ms 

Bloom Join
-----------------
4194304 Buckets 2 Hash Functions
Initialization: 15 ms 
Bloom Filter Generation: 290 ms 
Join Core: 26 ms 
89904 linhas
331 ms 

Bloom Join
-----------------
4194304 Buckets 2 Hash Functions
Initialization: 14 ms 
Bloom Filter Generation: 289 ms 
Join Core: 26 ms 
89905 linhas
330 ms 

