Hash Join
-----------------
Initialization: 2 ms 
Hash Table Generation: 692 ms 
Join Core: 32 ms 
90000 linhas
726 ms 

Bloom  Join
-----------------
Initialization: 14 ms 
Bloom Filter Generation: 709 ms 
Join Core: 29 ms 
90000 linhas
752 ms 

Bloom Nested Join
-----------------
Initialization: 13 ms 
Bloom Filter Generation: 710 ms 
Join Core: 4717 ms 
90000 linhas
5441 ms 

Bloom Hash Join
-----------------
Initialization: 15 ms 
Bloom Filter and Hash Table Generation: 1210 ms 
Join core: 41 ms 
90000 linhas
1267 ms 

Hash Join
-----------------
Initialization: 2 ms 
Hash Table Generation: 1379 ms 
Join Core: 33 ms 
90000 linhas
1414 ms 

Bloom  Join
-----------------
Initialization: 14 ms 
Bloom Filter Generation: 1420 ms 
Join Core: 30 ms 
90000 linhas
1463 ms 

Bloom Nested Join
-----------------
Initialization: 13 ms 
Bloom Filter Generation: 1417 ms 
Join Core: 4816 ms 
90000 linhas
6247 ms 

Bloom Hash Join
-----------------
Initialization: 15 ms 
Bloom Filter and Hash Table Generation: 2427 ms 
Join core: 44 ms 
90000 linhas
2487 ms 

Hash Join
-----------------
Initialization: 2 ms 
Hash Table Generation: 1707 ms 
Join Core: 32 ms 
90000 linhas
1741 ms 

Bloom  Join
-----------------
Initialization: 14 ms 
Bloom Filter Generation: 1795 ms 
Join Core: 29 ms 
90000 linhas
1838 ms 

Bloom Nested Join
-----------------
Initialization: 14 ms 
Bloom Filter Generation: 1779 ms 
Join Core: 4918 ms 
90000 linhas
6710 ms 

Bloom Hash Join
-----------------
Initialization: 15 ms 
Bloom Filter and Hash Table Generation: 3040 ms 
Join core: 42 ms 
90000 linhas
3097 ms 

Hash Join
-----------------
Initialization: 2 ms 
Hash Table Generation: 2174 ms 
Join Core: 35 ms 
90000 linhas
2210 ms 

Bloom  Join
-----------------
Initialization: 14 ms 
Bloom Filter Generation: 2166 ms 
Join Core: 33 ms 
90000 linhas
2213 ms 

Bloom Nested Join
-----------------
Initialization: 14 ms 
Bloom Filter Generation: 2144 ms 
Join Core: 4941 ms 
90000 linhas
7099 ms 

Bloom Hash Join
-----------------
Initialization: 16 ms 
Bloom Filter and Hash Table Generation: 3761 ms 
Join core: 64 ms 
90000 linhas
3841 ms 

Hash Join
-----------------
Initialization: 2 ms 
Hash Table Generation: 342 ms 
Join Core: 33 ms 
90000 linhas
377 ms 

Bloom  Join
-----------------
Initialization: 15 ms 
Bloom Filter Generation: 365 ms 
Join Core: 30 ms 
90000 linhas
409 ms 

Bloom Nested Join
-----------------
Initialization: 13 ms 
Bloom Filter Generation: 371 ms 
Join Core: 4603 ms 
90000 linhas
4987 ms 

Bloom Hash Join
-----------------
Initialization: 15 ms 
Bloom Filter and Hash Table Generation: 623 ms 
Join core: 57 ms 
90000 linhas
696 ms 

