Nested Loop Join
-----------------
60000 linhas
246666 ms 

Hash Join
-----------------
Initialization: 4 ms 
Hash Table Generation: 399 ms 
Join Core: 36 ms 
60000 linhas
439 ms 

Bloom  Join
-----------------
Initialization: 14 ms 
Bloom Filter Generation: 322 ms 
Join Core: 29 ms 
59988 linhas
365 ms 

Bloom Nested Join
-----------------
Initialization: 13 ms 
Bloom Filter Generation: 372 ms 
Join Core: 10240 ms 
60000 linhas
10625 ms 

Bloom Hash Join
-----------------
Initialization: 18 ms 
Bloom Filter and Hash Table Generation: 592 ms 
Join core: 48 ms 
60000 linhas
658 ms 

