Bloom Join
-----------------
16384 Buckets 2 Hash Functions
Initialization: 0 ms 
Bloom Filter Generation: 514 ms 
Join Core: 26 ms 
0 linhas
540 ms 

Bloom Join
-----------------
16384 Buckets 2 Hash Functions
Initialization: 0 ms 
Bloom Filter Generation: 1017 ms 
Join Core: 25 ms 
0 linhas
1043 ms 

Bloom Join
-----------------
16384 Buckets 2 Hash Functions
Initialization: 0 ms 
Bloom Filter Generation: 1158 ms 
Join Core: 23 ms 
0 linhas
1181 ms 

Bloom Join
-----------------
16384 Buckets 2 Hash Functions
Initialization: 0 ms 
Bloom Filter Generation: 1386 ms 
Join Core: 23 ms 
0 linhas
1409 ms 

Bloom Join
-----------------
16384 Buckets 2 Hash Functions
Initialization: 0 ms 
Bloom Filter Generation: 230 ms 
Join Core: 23 ms 
5 linhas
254 ms 

Bloom Join
-----------------
16384 Buckets 2 Hash Functions
Initialization: 0 ms 
Bloom Filter Generation: 265 ms 
Join Core: 27 ms 
5 linhas
292 ms 

Bloom Join
-----------------
16384 Buckets 2 Hash Functions
Initialization: 0 ms 
Bloom Filter Generation: 281 ms 
Join Core: 27 ms 
5 linhas
308 ms 

