Bloom Join
-----------------
16384 Buckets 3 Hash Functions
Initialization: 0 ms 
Bloom Filter Generation: 576 ms 
Join Core: 28 ms 
0 linhas
604 ms 

Bloom Join
-----------------
16384 Buckets 3 Hash Functions
Initialization: 0 ms 
Bloom Filter Generation: 1127 ms 
Join Core: 28 ms 
0 linhas
1155 ms 

Bloom Join
-----------------
16384 Buckets 3 Hash Functions
Initialization: 0 ms 
Bloom Filter Generation: 1410 ms 
Join Core: 28 ms 
0 linhas
1438 ms 

Bloom Join
-----------------
16384 Buckets 3 Hash Functions
Initialization: 0 ms 
Bloom Filter Generation: 1686 ms 
Join Core: 28 ms 
0 linhas
1714 ms 

Bloom Join
-----------------
16384 Buckets 3 Hash Functions
Initialization: 0 ms 
Bloom Filter Generation: 282 ms 
Join Core: 28 ms 
0 linhas
310 ms 

