Bloom Join
-----------------
16384 Buckets 4 Hash Functions
Initialization: 0 ms 
Bloom Filter Generation: 701 ms 
Join Core: 33 ms 
0 linhas
734 ms 

Bloom Join
-----------------
16384 Buckets 4 Hash Functions
Initialization: 0 ms 
Bloom Filter Generation: 1312 ms 
Join Core: 33 ms 
0 linhas
1345 ms 

Bloom Join
-----------------
16384 Buckets 4 Hash Functions
Initialization: 0 ms 
Bloom Filter Generation: 1631 ms 
Join Core: 33 ms 
0 linhas
1664 ms 

Bloom Join
-----------------
16384 Buckets 4 Hash Functions
Initialization: 0 ms 
Bloom Filter Generation: 1958 ms 
Join Core: 33 ms 
0 linhas
1990 ms 

Bloom Join
-----------------
16384 Buckets 4 Hash Functions
Initialization: 0 ms 
Bloom Filter Generation: 332 ms 
Join Core: 33 ms 
0 linhas
364 ms 

