Bloom Join
-----------------
32768 Buckets 0 Hash Functions
Initialization: 0 ms 
Bloom Filter Generation: 368 ms 
Join Core: 18 ms 
3794 linhas
386 ms 

Bloom Join
-----------------
32768 Buckets 0 Hash Functions
Initialization: 0 ms 
Bloom Filter Generation: 684 ms 
Join Core: 18 ms 
3737 linhas
702 ms 

Bloom Join
-----------------
32768 Buckets 0 Hash Functions
Initialization: 0 ms 
Bloom Filter Generation: 854 ms 
Join Core: 17 ms 
3728 linhas
871 ms 

Bloom Join
-----------------
32768 Buckets 0 Hash Functions
Initialization: 0 ms 
Bloom Filter Generation: 1028 ms 
Join Core: 17 ms 
3804 linhas
1045 ms 

Bloom Join
-----------------
32768 Buckets 0 Hash Functions
Initialization: 0 ms 
Bloom Filter Generation: 169 ms 
Join Core: 17 ms 
3881 linhas
186 ms 

