Bloom Join
-----------------
65536 Buckets 2 Hash Functions
Initialization: 0 ms 
Bloom Filter Generation: 513 ms 
Join Core: 26 ms 
2833 linhas
539 ms 

Bloom Join
-----------------
65536 Buckets 2 Hash Functions
Initialization: 0 ms 
Bloom Filter Generation: 1045 ms 
Join Core: 26 ms 
2809 linhas
1071 ms 

Bloom Join
-----------------
65536 Buckets 2 Hash Functions
Initialization: 0 ms 
Bloom Filter Generation: 1205 ms 
Join Core: 24 ms 
7152 linhas
1230 ms 

Bloom Join
-----------------
65536 Buckets 2 Hash Functions
Initialization: 0 ms 
Bloom Filter Generation: 1393 ms 
Join Core: 24 ms 
7335 linhas
1417 ms 

Bloom Join
-----------------
65536 Buckets 2 Hash Functions
Initialization: 0 ms 
Bloom Filter Generation: 232 ms 
Join Core: 23 ms 
7688 linhas
255 ms 

