Bloom Join
-----------------
65536 Buckets 0 Hash Functions
Initialization: 0 ms 
Bloom Filter Generation: 346 ms 
Join Core: 17 ms 
15005 linhas
364 ms 

Bloom Join
-----------------
65536 Buckets 0 Hash Functions
Initialization: 0 ms 
Bloom Filter Generation: 703 ms 
Join Core: 17 ms 
15320 linhas
720 ms 

Bloom Join
-----------------
65536 Buckets 0 Hash Functions
Initialization: 0 ms 
Bloom Filter Generation: 864 ms 
Join Core: 17 ms 
15106 linhas
881 ms 

Bloom Join
-----------------
65536 Buckets 0 Hash Functions
Initialization: 0 ms 
Bloom Filter Generation: 1038 ms 
Join Core: 17 ms 
15381 linhas
1055 ms 

Bloom Join
-----------------
65536 Buckets 0 Hash Functions
Initialization: 0 ms 
Bloom Filter Generation: 173 ms 
Join Core: 17 ms 
15198 linhas
190 ms 

