Bloom Join
-----------------
131072 Buckets 3 Hash Functions
Initialization: 0 ms 
Bloom Filter Generation: 663 ms 
Join Core: 28 ms 
20044 linhas
692 ms 

Bloom Join
-----------------
131072 Buckets 3 Hash Functions
Initialization: 0 ms 
Bloom Filter Generation: 1128 ms 
Join Core: 28 ms 
19887 linhas
1156 ms 

Bloom Join
-----------------
131072 Buckets 3 Hash Functions
Initialization: 0 ms 
Bloom Filter Generation: 1448 ms 
Join Core: 28 ms 
20102 linhas
1477 ms 

Bloom Join
-----------------
131072 Buckets 3 Hash Functions
Initialization: 0 ms 
Bloom Filter Generation: 1723 ms 
Join Core: 28 ms 
20216 linhas
1751 ms 

Bloom Join
-----------------
131072 Buckets 3 Hash Functions
Initialization: 0 ms 
Bloom Filter Generation: 289 ms 
Join Core: 28 ms 
20243 linhas
318 ms 

