Nested Loop Join
-----------------
75000 linhas
302346 ms 

Hash Join
-----------------
Initialization: 4 ms 
Hash Table Generation: 378 ms 
Join Core: 35 ms 
75000 linhas
417 ms 

Bloom  Join
-----------------
Initialization: 14 ms 
Bloom Filter Generation: 324 ms 
Join Core: 29 ms 
74990 linhas
367 ms 

Bloom Nested Join
-----------------
Initialization: 14 ms 
Bloom Filter Generation: 374 ms 
Join Core: 7143 ms 
75000 linhas
7530 ms 

Bloom Hash Join
-----------------
Initialization: 18 ms 
Bloom Filter and Hash Table Generation: 589 ms 
Join core: 44 ms 
75000 linhas
651 ms 

