Bloom Join
-----------------
65536 Buckets 4 Hash Functions
Initialization: 0 ms 
Bloom Filter Generation: 660 ms 
Join Core: 31 ms 
59891 linhas
692 ms 

Bloom Join
-----------------
65536 Buckets 4 Hash Functions
Initialization: 0 ms 
Bloom Filter Generation: 1309 ms 
Join Core: 31 ms 
60440 linhas
1340 ms 

Bloom Join
-----------------
65536 Buckets 4 Hash Functions
Initialization: 0 ms 
Bloom Filter Generation: 1628 ms 
Join Core: 32 ms 
59724 linhas
1660 ms 

Bloom Join
-----------------
65536 Buckets 4 Hash Functions
Initialization: 0 ms 
Bloom Filter Generation: 1956 ms 
Join Core: 31 ms 
59837 linhas
1987 ms 

Bloom Join
-----------------
65536 Buckets 4 Hash Functions
Initialization: 0 ms 
Bloom Filter Generation: 338 ms 
Join Core: 31 ms 
60224 linhas
369 ms 

