Bloom Join
-----------------
262144 Buckets 4 Hash Functions
Initialization: 1 ms 
Bloom Filter Generation: 655 ms 
Join Core: 25 ms 
117813 linhas
681 ms 

Bloom Join
-----------------
262144 Buckets 4 Hash Functions
Initialization: 1 ms 
Bloom Filter Generation: 1326 ms 
Join Core: 25 ms 
117851 linhas
1353 ms 

Bloom Join
-----------------
262144 Buckets 4 Hash Functions
Initialization: 1 ms 
Bloom Filter Generation: 1823 ms 
Join Core: 26 ms 
117759 linhas
1850 ms 

Bloom Join
-----------------
262144 Buckets 4 Hash Functions
Initialization: 1 ms 
Bloom Filter Generation: 1999 ms 
Join Core: 26 ms 
117825 linhas
2026 ms 

Bloom Join
-----------------
262144 Buckets 4 Hash Functions
Initialization: 1 ms 
Bloom Filter Generation: 343 ms 
Join Core: 28 ms 
117751 linhas
372 ms 

