Bloom Join
-----------------
2097152 Buckets 3 Hash Functions
Initialization: 7 ms 
Bloom Filter Generation: 578 ms 
Join Core: 21 ms 
119982 linhas
607 ms 

Bloom Join
-----------------
2097152 Buckets 3 Hash Functions
Initialization: 8 ms 
Bloom Filter Generation: 1158 ms 
Join Core: 21 ms 
119992 linhas
1187 ms 

Bloom Join
-----------------
2097152 Buckets 3 Hash Functions
Initialization: 7 ms 
Bloom Filter Generation: 1506 ms 
Join Core: 22 ms 
119995 linhas
1535 ms 

Bloom Join
-----------------
2097152 Buckets 3 Hash Functions
Initialization: 8 ms 
Bloom Filter Generation: 1831 ms 
Join Core: 22 ms 
119988 linhas
1861 ms 

Bloom Join
-----------------
2097152 Buckets 3 Hash Functions
Initialization: 7 ms 
Bloom Filter Generation: 324 ms 
Join Core: 27 ms 
119994 linhas
358 ms 

Bloom Join
-----------------
2097152 Buckets 3 Hash Functions
Initialization: 8 ms 
Bloom Filter Generation: 429 ms 
Join Core: 27 ms 
119988 linhas
464 ms 

Bloom Join
-----------------
2097152 Buckets 3 Hash Functions
Initialization: 8 ms 
Bloom Filter Generation: 368 ms 
Join Core: 24 ms 
119988 linhas
400 ms 

