Bloom Join
-----------------
4194304 Buckets 0 Hash Functions
Initialization: 14 ms 
Bloom Filter Generation: 366 ms 
Join Core: 20 ms 
119177 linhas
400 ms 

Bloom Join
-----------------
4194304 Buckets 0 Hash Functions
Initialization: 14 ms 
Bloom Filter Generation: 746 ms 
Join Core: 21 ms 
119139 linhas
781 ms 

Bloom Join
-----------------
4194304 Buckets 0 Hash Functions
Initialization: 14 ms 
Bloom Filter Generation: 925 ms 
Join Core: 21 ms 
119129 linhas
960 ms 

Bloom Join
-----------------
4194304 Buckets 0 Hash Functions
Initialization: 15 ms 
Bloom Filter Generation: 1270 ms 
Join Core: 25 ms 
119142 linhas
1310 ms 

Bloom Join
-----------------
4194304 Buckets 0 Hash Functions
Initialization: 14 ms 
Bloom Filter Generation: 197 ms 
Join Core: 26 ms 
119098 linhas
237 ms 

