Bloom Join
-----------------
32768 Buckets 4 Hash Functions
Initialization: 0 ms 
Bloom Filter Generation: 654 ms 
Join Core: 33 ms 
1583 linhas
687 ms 

Bloom Join
-----------------
32768 Buckets 4 Hash Functions
Initialization: 0 ms 
Bloom Filter Generation: 1303 ms 
Join Core: 33 ms 
1543 linhas
1336 ms 

Bloom Join
-----------------
32768 Buckets 4 Hash Functions
Initialization: 0 ms 
Bloom Filter Generation: 1642 ms 
Join Core: 33 ms 
1694 linhas
1675 ms 

Bloom Join
-----------------
32768 Buckets 4 Hash Functions
Initialization: 0 ms 
Bloom Filter Generation: 1952 ms 
Join Core: 33 ms 
1644 linhas
1985 ms 

Bloom Join
-----------------
32768 Buckets 4 Hash Functions
Initialization: 0 ms 
Bloom Filter Generation: 352 ms 
Join Core: 33 ms 
1742 linhas
385 ms 

