Bloom Join
-----------------
1048576 Buckets 0 Hash Functions
Initialization: 4 ms 
Bloom Filter Generation: 374 ms 
Join Core: 19 ms 
100607 linhas
397 ms 

Bloom Join
-----------------
1048576 Buckets 0 Hash Functions
Initialization: 4 ms 
Bloom Filter Generation: 740 ms 
Join Core: 19 ms 
100618 linhas
762 ms 

Bloom Join
-----------------
1048576 Buckets 0 Hash Functions
Initialization: 4 ms 
Bloom Filter Generation: 931 ms 
Join Core: 18 ms 
100685 linhas
953 ms 

Bloom Join
-----------------
1048576 Buckets 0 Hash Functions
Initialization: 4 ms 
Bloom Filter Generation: 1103 ms 
Join Core: 18 ms 
100485 linhas
1125 ms 

Bloom Join
-----------------
1048576 Buckets 0 Hash Functions
Initialization: 4 ms 
Bloom Filter Generation: 189 ms 
Join Core: 19 ms 
100498 linhas
211 ms 

Bloom Join
-----------------
1048576 Buckets 0 Hash Functions
Initialization: 4 ms 
Bloom Filter Generation: 187 ms 
Join Core: 18 ms 
100498 linhas
210 ms 

Bloom Join
-----------------
1048576 Buckets 0 Hash Functions
Initialization: 4 ms 
Bloom Filter Generation: 185 ms 
Join Core: 18 ms 
100498 linhas
207 ms 

