Bloom Join
-----------------
1048576 Buckets 3 Hash Functions
Initialization: 4 ms 
Bloom Filter Generation: 624 ms 
Join Core: 23 ms 
104829 linhas
651 ms 

Bloom Join
-----------------
1048576 Buckets 3 Hash Functions
Initialization: 4 ms 
Bloom Filter Generation: 1294 ms 
Join Core: 25 ms 
104814 linhas
1323 ms 

Bloom Join
-----------------
1048576 Buckets 3 Hash Functions
Initialization: 4 ms 
Bloom Filter Generation: 1510 ms 
Join Core: 23 ms 
104826 linhas
1537 ms 

Bloom Join
-----------------
1048576 Buckets 3 Hash Functions
Initialization: 4 ms 
Bloom Filter Generation: 1816 ms 
Join Core: 23 ms 
104791 linhas
1843 ms 

Bloom Join
-----------------
1048576 Buckets 3 Hash Functions
Initialization: 4 ms 
Bloom Filter Generation: 300 ms 
Join Core: 23 ms 
104828 linhas
327 ms 

Bloom Join
-----------------
1048576 Buckets 3 Hash Functions
Initialization: 4 ms 
Bloom Filter Generation: 364 ms 
Join Core: 26 ms 
104795 linhas
393 ms 

Bloom Join
-----------------
1048576 Buckets 3 Hash Functions
Initialization: 4 ms 
Bloom Filter Generation: 368 ms 
Join Core: 26 ms 
104795 linhas
397 ms 

