Bloom Join
-----------------
2097152 Buckets 3 Hash Functions
Initialization: 8 ms 
Bloom Filter Generation: 598 ms 
Join Core: 22 ms 
104970 linhas
628 ms 

Bloom Join
-----------------
2097152 Buckets 3 Hash Functions
Initialization: 7 ms 
Bloom Filter Generation: 1171 ms 
Join Core: 23 ms 
104971 linhas
1201 ms 

Bloom Join
-----------------
2097152 Buckets 3 Hash Functions
Initialization: 7 ms 
Bloom Filter Generation: 1524 ms 
Join Core: 23 ms 
104980 linhas
1554 ms 

Bloom Join
-----------------
2097152 Buckets 3 Hash Functions
Initialization: 8 ms 
Bloom Filter Generation: 1828 ms 
Join Core: 23 ms 
104975 linhas
1859 ms 

Bloom Join
-----------------
2097152 Buckets 3 Hash Functions
Initialization: 7 ms 
Bloom Filter Generation: 305 ms 
Join Core: 23 ms 
104980 linhas
335 ms 

Bloom Join
-----------------
2097152 Buckets 3 Hash Functions
Initialization: 7 ms 
Bloom Filter Generation: 370 ms 
Join Core: 25 ms 
104972 linhas
402 ms 

Bloom Join
-----------------
2097152 Buckets 3 Hash Functions
Initialization: 7 ms 
Bloom Filter Generation: 372 ms 
Join Core: 25 ms 
104972 linhas
405 ms 

