Bloom Join
-----------------
4194304 Buckets 4 Hash Functions
Initialization: 14 ms 
Bloom Filter Generation: 695 ms 
Join Core: 27 ms 
105000 linhas
736 ms 

Bloom Join
-----------------
4194304 Buckets 4 Hash Functions
Initialization: 14 ms 
Bloom Filter Generation: 1402 ms 
Join Core: 27 ms 
105000 linhas
1443 ms 

Bloom Join
-----------------
4194304 Buckets 4 Hash Functions
Initialization: 14 ms 
Bloom Filter Generation: 1787 ms 
Join Core: 27 ms 
105000 linhas
1828 ms 

Bloom Join
-----------------
4194304 Buckets 4 Hash Functions
Initialization: 14 ms 
Bloom Filter Generation: 2168 ms 
Join Core: 35 ms 
105000 linhas
2217 ms 

Bloom Join
-----------------
4194304 Buckets 4 Hash Functions
Initialization: 14 ms 
Bloom Filter Generation: 356 ms 
Join Core: 27 ms 
105000 linhas
397 ms 

