Bloom Join
-----------------
4194304 Buckets 2 Hash Functions
Initialization: 14 ms 
Bloom Filter Generation: 578 ms 
Join Core: 26 ms 
104996 linhas
618 ms 

Bloom Join
-----------------
4194304 Buckets 2 Hash Functions
Initialization: 14 ms 
Bloom Filter Generation: 1111 ms 
Join Core: 24 ms 
104998 linhas
1149 ms 

Bloom Join
-----------------
4194304 Buckets 2 Hash Functions
Initialization: 14 ms 
Bloom Filter Generation: 1257 ms 
Join Core: 22 ms 
104949 linhas
1293 ms 

Bloom Join
-----------------
4194304 Buckets 2 Hash Functions
Initialization: 14 ms 
Bloom Filter Generation: 1466 ms 
Join Core: 24 ms 
104950 linhas
1504 ms 

Bloom Join
-----------------
4194304 Buckets 2 Hash Functions
Initialization: 14 ms 
Bloom Filter Generation: 242 ms 
Join Core: 23 ms 
104946 linhas
279 ms 

