--------------------------------------------------------------------------------
CPU name:	Intel(R) Core(TM) i7-6500U CPU @ 2.50GHz
CPU type:	Intel Skylake processor
CPU clock:	2.59 GHz
--------------------------------------------------------------------------------
Bloom Join
-----------------
16384 Buckets 3 Hash Functions
Initialization: 0 ms 
Bloom Filter Generation: 336700 ms 
Join Core: 34 ms 
0 linhas
336737 ms 

--------------------------------------------------------------------------------
Region Initialization, Group 1: L2
+-------------------+----------+
|    Region Info    |  Core 0  |
+-------------------+----------+
| RDTSC Runtime [s] | 0.000005 |
|     call count    |        1 |
+-------------------+----------+

+-----------------------+---------+--------+
|         Event         | Counter | Core 0 |
+-----------------------+---------+--------+
|   INSTR_RETIRED_ANY   |  FIXC0  |   8411 |
| CPU_CLK_UNHALTED_CORE |  FIXC1  |  14261 |
|  CPU_CLK_UNHALTED_REF |  FIXC2  |  46224 |
|    L1D_REPLACEMENT    |   PMC0  |    321 |
|      L1D_M_EVICT      |   PMC1  |    104 |
| ICACHE_64B_IFTAG_MISS |   PMC2  |    633 |
+-----------------------+---------+--------+

+--------------------------------+--------------+
|             Metric             |    Core 0    |
+--------------------------------+--------------+
|       Runtime (RDTSC) [s]      | 4.544856e-06 |
|      Runtime unhalted [s]      | 5.501987e-06 |
|           Clock [MHz]          |     799.6738 |
|               CPI              |       1.6955 |
|  L2D load bandwidth [MBytes/s] |    4520.2752 |
|  L2D load data volume [GBytes] | 2.054400e-05 |
| L2D evict bandwidth [MBytes/s] |    1464.5128 |
| L2D evict data volume [GBytes] | 6.656000e-06 |
|     L2 bandwidth [MBytes/s]    |   14898.6018 |
|     L2 data volume [GBytes]    |       0.0001 |
+--------------------------------+--------------+

Region Generation, Group 1: L2
+-------------------+----------+
|    Region Info    |  Core 0  |
+-------------------+----------+
| RDTSC Runtime [s] | 0.864908 |
|     call count    |  6000000 |
+-------------------+----------+

+-----------------------+---------+-------------+
|         Event         | Counter |    Core 0   |
+-----------------------+---------+-------------+
|   INSTR_RETIRED_ANY   |  FIXC0  | 22471490000 |
| CPU_CLK_UNHALTED_CORE |  FIXC1  | 50484570000 |
|  CPU_CLK_UNHALTED_REF |  FIXC2  | 52466340000 |
|    L1D_REPLACEMENT    |   PMC0  |  1144800000 |
|      L1D_M_EVICT      |   PMC1  |   349506000 |
| ICACHE_64B_IFTAG_MISS |   PMC2  |  2233240000 |
+-----------------------+---------+-------------+

+--------------------------------+-------------+
|             Metric             |    Core 0   |
+--------------------------------+-------------+
|       Runtime (RDTSC) [s]      |      0.8649 |
|      Runtime unhalted [s]      |     19.4773 |
|           Clock [MHz]          |   2494.0681 |
|               CPI              |      2.2466 |
|  L2D load bandwidth [MBytes/s] |  84711.0142 |
|  L2D load data volume [GBytes] |     73.2672 |
| L2D evict bandwidth [MBytes/s] |  25862.1661 |
| L2D evict data volume [GBytes] |     22.3684 |
|     L2 bandwidth [MBytes/s]    | 275824.7748 |
|     L2 data volume [GBytes]    |    238.5629 |
+--------------------------------+-------------+

Region Core, Group 1: L2
+-------------------+----------+
|    Region Info    |  Core 0  |
+-------------------+----------+
| RDTSC Runtime [s] | 0.034410 |
|     call count    |        1 |
+-------------------+----------+

+-----------------------+---------+-----------+
|         Event         | Counter |   Core 0  |
+-----------------------+---------+-----------+
|   INSTR_RETIRED_ANY   |  FIXC0  | 201371500 |
| CPU_CLK_UNHALTED_CORE |  FIXC1  |  85264700 |
|  CPU_CLK_UNHALTED_REF |  FIXC2  |  88608280 |
|    L1D_REPLACEMENT    |   PMC0  |     29325 |
|      L1D_M_EVICT      |   PMC1  |      1242 |
| ICACHE_64B_IFTAG_MISS |   PMC2  |      2413 |
+-----------------------+---------+-----------+

+--------------------------------+-----------+
|             Metric             |   Core 0  |
+--------------------------------+-----------+
|       Runtime (RDTSC) [s]      |    0.0344 |
|      Runtime unhalted [s]      |    0.0329 |
|           Clock [MHz]          | 2494.1661 |
|               CPI              |    0.4234 |
|  L2D load bandwidth [MBytes/s] |   54.5422 |
|  L2D load data volume [GBytes] |    0.0019 |
| L2D evict bandwidth [MBytes/s] |    2.3100 |
| L2D evict data volume [GBytes] |    0.0001 |
|     L2 bandwidth [MBytes/s]    |   61.3403 |
|     L2 data volume [GBytes]    |    0.0021 |
+--------------------------------+-----------+

--------------------------------------------------------------------------------
CPU name:	Intel(R) Core(TM) i7-6500U CPU @ 2.50GHz
CPU type:	Intel Skylake processor
CPU clock:	2.59 GHz
--------------------------------------------------------------------------------
Bloom Join
-----------------
16384 Buckets 3 Hash Functions
Initialization: 0 ms 
Bloom Filter Generation: 342926 ms 
Join Core: 34 ms 
0 linhas
342963 ms 

--------------------------------------------------------------------------------
Region Initialization, Group 1: L2
+-------------------+----------+
|    Region Info    |  Core 0  |
+-------------------+----------+
| RDTSC Runtime [s] | 0.000004 |
|     call count    |        1 |
+-------------------+----------+

+-----------------------+---------+--------+
|         Event         | Counter | Core 0 |
+-----------------------+---------+--------+
|   INSTR_RETIRED_ANY   |  FIXC0  |   8411 |
| CPU_CLK_UNHALTED_CORE |  FIXC1  |  14445 |
|  CPU_CLK_UNHALTED_REF |  FIXC2  |  46872 |
|    L1D_REPLACEMENT    |   PMC0  |    317 |
|      L1D_M_EVICT      |   PMC1  |    111 |
| ICACHE_64B_IFTAG_MISS |   PMC2  |    602 |
+-----------------------+---------+--------+

+--------------------------------+--------------+
|             Metric             |    Core 0    |
+--------------------------------+--------------+
|       Runtime (RDTSC) [s]      | 4.462291e-06 |
|      Runtime unhalted [s]      | 5.572951e-06 |
|           Clock [MHz]          |     798.7970 |
|               CPI              |       1.7174 |
|  L2D load bandwidth [MBytes/s] |    4546.5435 |
|  L2D load data volume [GBytes] | 2.028800e-05 |
| L2D evict bandwidth [MBytes/s] |    1592.0073 |
| L2D evict data volume [GBytes] | 7.104000e-06 |
|     L2 bandwidth [MBytes/s]    |   14772.6807 |
|     L2 data volume [GBytes]    |       0.0001 |
+--------------------------------+--------------+

Region Generation, Group 1: L2
+-------------------+----------+
|    Region Info    |  Core 0  |
+-------------------+----------+
| RDTSC Runtime [s] | 1.047844 |
|     call count    |  6000000 |
+-------------------+----------+

+-----------------------+---------+--------------+
|         Event         | Counter |    Core 0    |
+-----------------------+---------+--------------+
|   INSTR_RETIRED_ANY   |  FIXC0  | 1.844674e+19 |
| CPU_CLK_UNHALTED_CORE |  FIXC1  | 1.844674e+19 |
|  CPU_CLK_UNHALTED_REF |  FIXC2  | 1.844674e+19 |
|    L1D_REPLACEMENT    |   PMC0  | 1.844674e+19 |
|      L1D_M_EVICT      |   PMC1  |    149921300 |
| ICACHE_64B_IFTAG_MISS |   PMC2  |   1136908000 |
+-----------------------+---------+--------------+

+--------------------------------+------------------+
|             Metric             |      Core 0      |
+--------------------------------+------------------+
|       Runtime (RDTSC) [s]      |           1.0478 |
|      Runtime unhalted [s]      |     7.116841e+09 |
|           Clock [MHz]          |        2591.9841 |
|               CPI              |                1 |
|  L2D load bandwidth [MBytes/s] | 1126686186111673 |
|  L2D load data volume [GBytes] |    1180591360000 |
| L2D evict bandwidth [MBytes/s] |        9156.8623 |
| L2D evict data volume [GBytes] |           9.5950 |
|     L2 bandwidth [MBytes/s]    |     1.126686e+15 |
|     L2 data volume [GBytes]    |     1.180591e+12 |
+--------------------------------+------------------+

Region Core, Group 1: L2
+-------------------+----------+
|    Region Info    |  Core 0  |
+-------------------+----------+
| RDTSC Runtime [s] | 0.034367 |
|     call count    |        1 |
+-------------------+----------+

+-----------------------+---------+--------+
|         Event         | Counter | Core 0 |
+-----------------------+---------+--------+
|   INSTR_RETIRED_ANY   |  FIXC0  |      0 |
| CPU_CLK_UNHALTED_CORE |  FIXC1  |      0 |
|  CPU_CLK_UNHALTED_REF |  FIXC2  |      0 |
|    L1D_REPLACEMENT    |   PMC0  |      0 |
|      L1D_M_EVICT      |   PMC1  |      0 |
| ICACHE_64B_IFTAG_MISS |   PMC2  |      0 |
+-----------------------+---------+--------+

+--------------------------------+--------+
|             Metric             | Core 0 |
+--------------------------------+--------+
|       Runtime (RDTSC) [s]      | 0.0344 |
|      Runtime unhalted [s]      |      0 |
|           Clock [MHz]          |    -   |
|               CPI              |    -   |
|  L2D load bandwidth [MBytes/s] |      0 |
|  L2D load data volume [GBytes] |      0 |
| L2D evict bandwidth [MBytes/s] |      0 |
| L2D evict data volume [GBytes] |      0 |
|     L2 bandwidth [MBytes/s]    |      0 |
|     L2 data volume [GBytes]    |      0 |
+--------------------------------+--------+

--------------------------------------------------------------------------------
CPU name:	Intel(R) Core(TM) i7-6500U CPU @ 2.50GHz
CPU type:	Intel Skylake processor
CPU clock:	2.59 GHz
--------------------------------------------------------------------------------
Bloom Join
-----------------
16384 Buckets 3 Hash Functions
Initialization: 0 ms 
Bloom Filter Generation: 345251 ms 
Join Core: 37 ms 
0 linhas
345290 ms 

--------------------------------------------------------------------------------
Region Initialization, Group 1: L2
+-------------------+----------+
|    Region Info    |  Core 0  |
+-------------------+----------+
| RDTSC Runtime [s] | 0.000001 |
|     call count    |        1 |
+-------------------+----------+

+-----------------------+---------+--------+
|         Event         | Counter | Core 0 |
+-----------------------+---------+--------+
|   INSTR_RETIRED_ANY   |  FIXC0  |   8411 |
| CPU_CLK_UNHALTED_CORE |  FIXC1  |  14854 |
|  CPU_CLK_UNHALTED_REF |  FIXC2  |  14904 |
|    L1D_REPLACEMENT    |   PMC0  |    321 |
|      L1D_M_EVICT      |   PMC1  |    107 |
| ICACHE_64B_IFTAG_MISS |   PMC2  |    590 |
+-----------------------+---------+--------+

+--------------------------------+--------------+
|             Metric             |    Core 0    |
+--------------------------------+--------------+
|       Runtime (RDTSC) [s]      | 1.334110e-06 |
|      Runtime unhalted [s]      | 5.730753e-06 |
|           Clock [MHz]          |    2583.2849 |
|               CPI              |       1.7660 |
|  L2D load bandwidth [MBytes/s] |   15399.0301 |
|  L2D load data volume [GBytes] | 2.054400e-05 |
| L2D evict bandwidth [MBytes/s] |    5133.0100 |
| L2D evict data volume [GBytes] | 6.848000e-06 |
|     L2 bandwidth [MBytes/s]    |   48835.5533 |
|     L2 data volume [GBytes]    |       0.0001 |
+--------------------------------+--------------+

Region Generation, Group 1: L2
+-------------------+----------+
|    Region Info    |  Core 0  |
+-------------------+----------+
| RDTSC Runtime [s] | 1.308208 |
|     call count    |  6000000 |
+-------------------+----------+

+-----------------------+---------+-------------+
|         Event         | Counter |    Core 0   |
+-----------------------+---------+-------------+
|   INSTR_RETIRED_ANY   |  FIXC0  | 22471500000 |
| CPU_CLK_UNHALTED_CORE |  FIXC1  | 53362630000 |
|  CPU_CLK_UNHALTED_REF |  FIXC2  | 54283720000 |
|    L1D_REPLACEMENT    |   PMC0  |  1208189000 |
|      L1D_M_EVICT      |   PMC1  |   369774400 |
| ICACHE_64B_IFTAG_MISS |   PMC2  |  2242652000 |
+-----------------------+---------+-------------+

+--------------------------------+-------------+
|             Metric             |    Core 0   |
+--------------------------------+-------------+
|       Runtime (RDTSC) [s]      |      1.3082 |
|      Runtime unhalted [s]      |     20.5876 |
|           Clock [MHz]          |   2547.9995 |
|               CPI              |      2.3747 |
|  L2D load bandwidth [MBytes/s] |  59106.8821 |
|  L2D load data volume [GBytes] |     77.3241 |
| L2D evict bandwidth [MBytes/s] |  18090.0603 |
| L2D evict data volume [GBytes] |     23.6656 |
|     L2 bandwidth [MBytes/s]    | 186911.7033 |
|     L2 data volume [GBytes]    |    244.5194 |
+--------------------------------+-------------+

Region Core, Group 1: L2
+-------------------+----------+
|    Region Info    |  Core 0  |
+-------------------+----------+
| RDTSC Runtime [s] | 0.037147 |
|     call count    |        1 |
+-------------------+----------+

+-----------------------+---------+-----------+
|         Event         | Counter |   Core 0  |
+-----------------------+---------+-----------+
|   INSTR_RETIRED_ANY   |  FIXC0  | 201371600 |
| CPU_CLK_UNHALTED_CORE |  FIXC1  |  89211680 |
|  CPU_CLK_UNHALTED_REF |  FIXC2  |  92711090 |
|    L1D_REPLACEMENT    |   PMC0  |     40961 |
|      L1D_M_EVICT      |   PMC1  |      9709 |
| ICACHE_64B_IFTAG_MISS |   PMC2  |     12926 |
+-----------------------+---------+-----------+

+--------------------------------+-----------+
|             Metric             |   Core 0  |
+--------------------------------+-----------+
|       Runtime (RDTSC) [s]      |    0.0371 |
|      Runtime unhalted [s]      |    0.0344 |
|           Clock [MHz]          | 2494.1453 |
|               CPI              |    0.4430 |
|  L2D load bandwidth [MBytes/s] |   70.5716 |
|  L2D load data volume [GBytes] |    0.0026 |
| L2D evict bandwidth [MBytes/s] |   16.7276 |
| L2D evict data volume [GBytes] |    0.0006 |
|     L2 bandwidth [MBytes/s]    |  109.5694 |
|     L2 data volume [GBytes]    |    0.0041 |
+--------------------------------+-----------+

--------------------------------------------------------------------------------
CPU name:	Intel(R) Core(TM) i7-6500U CPU @ 2.50GHz
CPU type:	Intel Skylake processor
CPU clock:	2.59 GHz
--------------------------------------------------------------------------------
Bloom Join
-----------------
16384 Buckets 3 Hash Functions
Initialization: 0 ms 
Bloom Filter Generation: 338619 ms 
Join Core: 34 ms 
0 linhas
338655 ms 

--------------------------------------------------------------------------------
Region Initialization, Group 1: L2
+-------------------+----------+
|    Region Info    |  Core 0  |
+-------------------+----------+
| RDTSC Runtime [s] | 0.000004 |
|     call count    |        1 |
+-------------------+----------+

+-----------------------+---------+--------+
|         Event         | Counter | Core 0 |
+-----------------------+---------+--------+
|   INSTR_RETIRED_ANY   |  FIXC0  |   8411 |
| CPU_CLK_UNHALTED_CORE |  FIXC1  |  14552 |
|  CPU_CLK_UNHALTED_REF |  FIXC2  |  46872 |
|    L1D_REPLACEMENT    |   PMC0  |    309 |
|      L1D_M_EVICT      |   PMC1  |    107 |
| ICACHE_64B_IFTAG_MISS |   PMC2  |    620 |
+-----------------------+---------+--------+

+--------------------------------+--------------+
|             Metric             |    Core 0    |
+--------------------------------+--------------+
|       Runtime (RDTSC) [s]      | 4.416691e-06 |
|      Runtime unhalted [s]      | 5.614214e-06 |
|           Clock [MHz]          |     804.7166 |
|               CPI              |       1.7301 |
|  L2D load bandwidth [MBytes/s] |    4477.5602 |
|  L2D load data volume [GBytes] | 1.977600e-05 |
| L2D evict bandwidth [MBytes/s] |    1550.4820 |
| L2D evict data volume [GBytes] | 6.848000e-06 |
|     L2 bandwidth [MBytes/s]    |   15012.1437 |
|     L2 data volume [GBytes]    |       0.0001 |
+--------------------------------+--------------+

Region Generation, Group 1: L2
+-------------------+----------+
|    Region Info    |  Core 0  |
+-------------------+----------+
| RDTSC Runtime [s] | 0.891974 |
|     call count    |  6000000 |
+-------------------+----------+

+-----------------------+---------+-------------+
|         Event         | Counter |    Core 0   |
+-----------------------+---------+-------------+
|   INSTR_RETIRED_ANY   |  FIXC0  | 22471490000 |
| CPU_CLK_UNHALTED_CORE |  FIXC1  | 50664690000 |
|  CPU_CLK_UNHALTED_REF |  FIXC2  | 52652540000 |
|    L1D_REPLACEMENT    |   PMC0  |  1169057000 |
|      L1D_M_EVICT      |   PMC1  |   360254600 |
| ICACHE_64B_IFTAG_MISS |   PMC2  |  2412961000 |
+-----------------------+---------+-------------+

+--------------------------------+-------------+
|             Metric             |    Core 0   |
+--------------------------------+-------------+
|       Runtime (RDTSC) [s]      |      0.8920 |
|      Runtime unhalted [s]      |     19.5466 |
|           Clock [MHz]          |   2494.1342 |
|               CPI              |      2.2546 |
|  L2D load bandwidth [MBytes/s] |  83880.9741 |
|  L2D load data volume [GBytes] |     74.8196 |
| L2D evict bandwidth [MBytes/s] |  25848.6171 |
| L2D evict data volume [GBytes] |     23.0563 |
|     L2 bandwidth [MBytes/s]    | 282861.8843 |
|     L2 data volume [GBytes]    |    252.3054 |
+--------------------------------+-------------+

Region Core, Group 1: L2
+-------------------+----------+
|    Region Info    |  Core 0  |
+-------------------+----------+
| RDTSC Runtime [s] | 0.034387 |
|     call count    |        1 |
+-------------------+----------+

+-----------------------+---------+-----------+
|         Event         | Counter |   Core 0  |
+-----------------------+---------+-----------+
|   INSTR_RETIRED_ANY   |  FIXC0  | 201371500 |
| CPU_CLK_UNHALTED_CORE |  FIXC1  |  85075870 |
|  CPU_CLK_UNHALTED_REF |  FIXC2  |  88412040 |
|    L1D_REPLACEMENT    |   PMC0  |     29172 |
|      L1D_M_EVICT      |   PMC1  |      1273 |
| ICACHE_64B_IFTAG_MISS |   PMC2  |      1501 |
+-----------------------+---------+-----------+

+--------------------------------+-----------+
|             Metric             |   Core 0  |
+--------------------------------+-----------+
|       Runtime (RDTSC) [s]      |    0.0344 |
|      Runtime unhalted [s]      |    0.0328 |
|           Clock [MHz]          | 2494.1854 |
|               CPI              |    0.4225 |
|  L2D load bandwidth [MBytes/s] |   54.2946 |
|  L2D load data volume [GBytes] |    0.0019 |
| L2D evict bandwidth [MBytes/s] |    2.3693 |
| L2D evict data volume [GBytes] |    0.0001 |
|     L2 bandwidth [MBytes/s]    |   59.4576 |
|     L2 data volume [GBytes]    |    0.0020 |
+--------------------------------+-----------+

--------------------------------------------------------------------------------
CPU name:	Intel(R) Core(TM) i7-6500U CPU @ 2.50GHz
CPU type:	Intel Skylake processor
CPU clock:	2.59 GHz
--------------------------------------------------------------------------------
Bloom Join
-----------------
16384 Buckets 3 Hash Functions
Initialization: 0 ms 
Bloom Filter Generation: 278082 ms 
Join Core: 28 ms 
0 linhas
278111 ms 

--------------------------------------------------------------------------------
Region Initialization, Group 1: L2
+-------------------+----------+
|    Region Info    |  Core 0  |
+-------------------+----------+
| RDTSC Runtime [s] | 0.000002 |
|     call count    |        1 |
+-------------------+----------+

+-----------------------+---------+--------+
|         Event         | Counter | Core 0 |
+-----------------------+---------+--------+
|   INSTR_RETIRED_ANY   |  FIXC0  |   8411 |
| CPU_CLK_UNHALTED_CORE |  FIXC1  |  17997 |
|  CPU_CLK_UNHALTED_REF |  FIXC2  |  18036 |
|    L1D_REPLACEMENT    |   PMC0  |    325 |
|      L1D_M_EVICT      |   PMC1  |     95 |
| ICACHE_64B_IFTAG_MISS |   PMC2  |    620 |
+-----------------------+---------+--------+

+--------------------------------+--------------+
|             Metric             |    Core 0    |
+--------------------------------+--------------+
|       Runtime (RDTSC) [s]      | 2.124434e-06 |
|      Runtime unhalted [s]      | 6.943444e-06 |
|           Clock [MHz]          |    2586.3368 |
|               CPI              |       2.1397 |
|  L2D load bandwidth [MBytes/s] |    9790.8431 |
|  L2D load data volume [GBytes] | 2.080000e-05 |
| L2D evict bandwidth [MBytes/s] |    2861.9388 |
| L2D evict data volume [GBytes] | 6.080000e-06 |
|     L2 bandwidth [MBytes/s]    |   31330.6980 |
|     L2 data volume [GBytes]    |       0.0001 |
+--------------------------------+--------------+

Region Generation, Group 1: L2
+-------------------+----------+
|    Region Info    |  Core 0  |
+-------------------+----------+
| RDTSC Runtime [s] | 0.797141 |
|     call count    |  6000000 |
+-------------------+----------+

+-----------------------+---------+-------------+
|         Event         | Counter |    Core 0   |
+-----------------------+---------+-------------+
|   INSTR_RETIRED_ANY   |  FIXC0  | 22471490000 |
| CPU_CLK_UNHALTED_CORE |  FIXC1  | 51868470000 |
|  CPU_CLK_UNHALTED_REF |  FIXC2  | 43519980000 |
|    L1D_REPLACEMENT    |   PMC0  |  1149678000 |
|      L1D_M_EVICT      |   PMC1  |   325400200 |
| ICACHE_64B_IFTAG_MISS |   PMC2  |  2103284000 |
+-----------------------+---------+-------------+

+--------------------------------+-------------+
|             Metric             |    Core 0   |
+--------------------------------+-------------+
|       Runtime (RDTSC) [s]      |      0.7971 |
|      Runtime unhalted [s]      |     20.0114 |
|           Clock [MHz]          |   3089.1567 |
|               CPI              |      2.3082 |
|  L2D load bandwidth [MBytes/s] |  92304.1002 |
|  L2D load data volume [GBytes] |     73.5794 |
| L2D evict bandwidth [MBytes/s] |  26125.3783 |
| L2D evict data volume [GBytes] |     20.8256 |
|     L2 bandwidth [MBytes/s]    | 287295.6630 |
|     L2 data volume [GBytes]    |    229.0152 |
+--------------------------------+-------------+

Region Core, Group 1: L2
+-------------------+----------+
|    Region Info    |  Core 0  |
+-------------------+----------+
| RDTSC Runtime [s] | 0.028032 |
|     call count    |        1 |
+-------------------+----------+

+-----------------------+---------+-----------+
|         Event         | Counter |   Core 0  |
+-----------------------+---------+-----------+
|   INSTR_RETIRED_ANY   |  FIXC0  | 201371500 |
| CPU_CLK_UNHALTED_CORE |  FIXC1  |  85071610 |
|  CPU_CLK_UNHALTED_REF |  FIXC2  |  71324390 |
|    L1D_REPLACEMENT    |   PMC0  |     29092 |
|      L1D_M_EVICT      |   PMC1  |       971 |
| ICACHE_64B_IFTAG_MISS |   PMC2  |      1196 |
+-----------------------+---------+-----------+

+--------------------------------+-----------+
|             Metric             |   Core 0  |
+--------------------------------+-----------+
|       Runtime (RDTSC) [s]      |    0.0280 |
|      Runtime unhalted [s]      |    0.0328 |
|           Clock [MHz]          | 3091.5180 |
|               CPI              |    0.4225 |
|  L2D load bandwidth [MBytes/s] |   66.4205 |
|  L2D load data volume [GBytes] |    0.0019 |
| L2D evict bandwidth [MBytes/s] |    2.2169 |
| L2D evict data volume [GBytes] |    0.0001 |
|     L2 bandwidth [MBytes/s]    |   71.3680 |
|     L2 data volume [GBytes]    |    0.0020 |
+--------------------------------+-----------+

--------------------------------------------------------------------------------
CPU name:	Intel(R) Core(TM) i7-6500U CPU @ 2.50GHz
CPU type:	Intel Skylake processor
CPU clock:	2.59 GHz
--------------------------------------------------------------------------------
Bloom Join
-----------------
16384 Buckets 3 Hash Functions
Initialization: 0 ms 
Bloom Filter Generation: 335097 ms 
Join Core: 34 ms 
0 linhas
335133 ms 

--------------------------------------------------------------------------------
Region Initialization, Group 1: L2
+-------------------+----------+
|    Region Info    |  Core 0  |
+-------------------+----------+
| RDTSC Runtime [s] | 0.000004 |
|     call count    |        1 |
+-------------------+----------+

+-----------------------+---------+--------+
|         Event         | Counter | Core 0 |
+-----------------------+---------+--------+
|   INSTR_RETIRED_ANY   |  FIXC0  |   8411 |
| CPU_CLK_UNHALTED_CORE |  FIXC1  |  13798 |
|  CPU_CLK_UNHALTED_REF |  FIXC2  |  44928 |
|    L1D_REPLACEMENT    |   PMC0  |    293 |
|      L1D_M_EVICT      |   PMC1  |     97 |
| ICACHE_64B_IFTAG_MISS |   PMC2  |    603 |
+-----------------------+---------+--------+

+--------------------------------+--------------+
|             Metric             |    Core 0    |
+--------------------------------+--------------+
|       Runtime (RDTSC) [s]      | 4.220840e-06 |
|      Runtime unhalted [s]      | 5.323333e-06 |
|           Clock [MHz]          |     796.0339 |
|               CPI              |       1.6405 |
|  L2D load bandwidth [MBytes/s] |    4442.7176 |
|  L2D load data volume [GBytes] | 1.875200e-05 |
| L2D evict bandwidth [MBytes/s] |    1470.7973 |
| L2D evict data volume [GBytes] | 6.208000e-06 |
|     L2 bandwidth [MBytes/s]    |   15056.7186 |
|     L2 data volume [GBytes]    |       0.0001 |
+--------------------------------+--------------+

Region Generation, Group 1: L2
+-------------------+----------+
|    Region Info    |  Core 0  |
+-------------------+----------+
| RDTSC Runtime [s] | 0.876605 |
|     call count    |  6000000 |
+-------------------+----------+

+-----------------------+---------+-------------+
|         Event         | Counter |    Core 0   |
+-----------------------+---------+-------------+
|   INSTR_RETIRED_ANY   |  FIXC0  | 22471490000 |
| CPU_CLK_UNHALTED_CORE |  FIXC1  | 51357820000 |
|  CPU_CLK_UNHALTED_REF |  FIXC2  | 53374040000 |
|    L1D_REPLACEMENT    |   PMC0  |  1130031000 |
|      L1D_M_EVICT      |   PMC1  |   350980100 |
| ICACHE_64B_IFTAG_MISS |   PMC2  |  2620377000 |
+-----------------------+---------+-------------+

+--------------------------------+-------------+
|             Metric             |    Core 0   |
+--------------------------------+-------------+
|       Runtime (RDTSC) [s]      |      0.8766 |
|      Runtime unhalted [s]      |     19.8141 |
|           Clock [MHz]          |   2494.0720 |
|               CPI              |      2.2855 |
|  L2D load bandwidth [MBytes/s] |  82502.3537 |
|  L2D load data volume [GBytes] |     72.3220 |
| L2D evict bandwidth [MBytes/s] |  25624.6814 |
| L2D evict data volume [GBytes] |     22.4627 |
|     L2 bandwidth [MBytes/s]    | 299437.9549 |
|     L2 data volume [GBytes]    |    262.4888 |
+--------------------------------+-------------+

Region Core, Group 1: L2
+-------------------+----------+
|    Region Info    |  Core 0  |
+-------------------+----------+
| RDTSC Runtime [s] | 0.034327 |
|     call count    |        1 |
+-------------------+----------+

+-----------------------+---------+-----------+
|         Event         | Counter |   Core 0  |
+-----------------------+---------+-----------+
|   INSTR_RETIRED_ANY   |  FIXC0  | 201371500 |
| CPU_CLK_UNHALTED_CORE |  FIXC1  |  85076040 |
|  CPU_CLK_UNHALTED_REF |  FIXC2  |  88412040 |
|    L1D_REPLACEMENT    |   PMC0  |     28995 |
|      L1D_M_EVICT      |   PMC1  |       905 |
| ICACHE_64B_IFTAG_MISS |   PMC2  |      1197 |
+-----------------------+---------+-----------+

+--------------------------------+-----------+
|             Metric             |   Core 0  |
+--------------------------------+-----------+
|       Runtime (RDTSC) [s]      |    0.0343 |
|      Runtime unhalted [s]      |    0.0328 |
|           Clock [MHz]          | 2494.1832 |
|               CPI              |    0.4225 |
|  L2D load bandwidth [MBytes/s] |   54.0585 |
|  L2D load data volume [GBytes] |    0.0019 |
| L2D evict bandwidth [MBytes/s] |    1.6873 |
| L2D evict data volume [GBytes] |    0.0001 |
|     L2 bandwidth [MBytes/s]    |   57.9775 |
|     L2 data volume [GBytes]    |    0.0020 |
+--------------------------------+-----------+

--------------------------------------------------------------------------------
CPU name:	Intel(R) Core(TM) i7-6500U CPU @ 2.50GHz
CPU type:	Intel Skylake processor
CPU clock:	2.59 GHz
--------------------------------------------------------------------------------
Bloom Join
-----------------
16384 Buckets 3 Hash Functions
Initialization: 0 ms 
Bloom Filter Generation: 338295 ms 
Join Core: 34 ms 
0 linhas
338331 ms 

--------------------------------------------------------------------------------
Region Initialization, Group 1: L2
+-------------------+----------+
|    Region Info    |  Core 0  |
+-------------------+----------+
| RDTSC Runtime [s] | 0.000002 |
|     call count    |        1 |
+-------------------+----------+

+-----------------------+---------+--------+
|         Event         | Counter | Core 0 |
+-----------------------+---------+--------+
|   INSTR_RETIRED_ANY   |  FIXC0  |   8411 |
| CPU_CLK_UNHALTED_CORE |  FIXC1  |  15092 |
|  CPU_CLK_UNHALTED_REF |  FIXC2  |  16308 |
|    L1D_REPLACEMENT    |   PMC0  |    312 |
|      L1D_M_EVICT      |   PMC1  |    110 |
| ICACHE_64B_IFTAG_MISS |   PMC2  |    611 |
+-----------------------+---------+--------+

+--------------------------------+--------------+
|             Metric             |    Core 0    |
+--------------------------------+--------------+
|       Runtime (RDTSC) [s]      | 1.619394e-06 |
|      Runtime unhalted [s]      | 5.822549e-06 |
|           Clock [MHz]          |    2398.7211 |
|               CPI              |       1.7943 |
|  L2D load bandwidth [MBytes/s] |   12330.5385 |
|  L2D load data volume [GBytes] | 1.996800e-05 |
| L2D evict bandwidth [MBytes/s] |    4347.3052 |
| L2D evict data volume [GBytes] | 7.040000e-06 |
|     L2 bandwidth [MBytes/s]    |   40825.1482 |
|     L2 data volume [GBytes]    |       0.0001 |
+--------------------------------+--------------+

Region Generation, Group 1: L2
+-------------------+----------+
|    Region Info    |  Core 0  |
+-------------------+----------+
| RDTSC Runtime [s] | 0.975443 |
|     call count    |  6000000 |
+-------------------+----------+

+-----------------------+---------+-------------+
|         Event         | Counter |    Core 0   |
+-----------------------+---------+-------------+
|   INSTR_RETIRED_ANY   |  FIXC0  | 22471490000 |
| CPU_CLK_UNHALTED_CORE |  FIXC1  | 50462500000 |
|  CPU_CLK_UNHALTED_REF |  FIXC2  | 52192540000 |
|    L1D_REPLACEMENT    |   PMC0  |  1133950000 |
|      L1D_M_EVICT      |   PMC1  |   348344600 |
| ICACHE_64B_IFTAG_MISS |   PMC2  |  2261241000 |
+-----------------------+---------+-------------+

+--------------------------------+-------------+
|             Metric             |    Core 0   |
+--------------------------------+-------------+
|       Runtime (RDTSC) [s]      |      0.9754 |
|      Runtime unhalted [s]      |     19.4686 |
|           Clock [MHz]          |   2506.0745 |
|               CPI              |      2.2456 |
|  L2D load bandwidth [MBytes/s] |  74399.8063 |
|  L2D load data volume [GBytes] |     72.5728 |
| L2D evict bandwidth [MBytes/s] |  22855.3029 |
| L2D evict data volume [GBytes] |     22.2941 |
|     L2 bandwidth [MBytes/s]    | 245617.8169 |
|     L2 data volume [GBytes]    |    239.5863 |
+--------------------------------+-------------+

Region Core, Group 1: L2
+-------------------+----------+
|    Region Info    |  Core 0  |
+-------------------+----------+
| RDTSC Runtime [s] | 0.034412 |
|     call count    |        1 |
+-------------------+----------+

+-----------------------+---------+-----------+
|         Event         | Counter |   Core 0  |
+-----------------------+---------+-----------+
|   INSTR_RETIRED_ANY   |  FIXC0  | 201371500 |
| CPU_CLK_UNHALTED_CORE |  FIXC1  |  85117670 |
|  CPU_CLK_UNHALTED_REF |  FIXC2  |  88455780 |
|    L1D_REPLACEMENT    |   PMC0  |     29294 |
|      L1D_M_EVICT      |   PMC1  |      1232 |
| ICACHE_64B_IFTAG_MISS |   PMC2  |      1702 |
+-----------------------+---------+-----------+

+--------------------------------+-----------+
|             Metric             |   Core 0  |
+--------------------------------+-----------+
|       Runtime (RDTSC) [s]      |    0.0344 |
|      Runtime unhalted [s]      |    0.0328 |
|           Clock [MHz]          | 2494.1764 |
|               CPI              |    0.4227 |
|  L2D load bandwidth [MBytes/s] |   54.4812 |
|  L2D load data volume [GBytes] |    0.0019 |
| L2D evict bandwidth [MBytes/s] |    2.2913 |
| L2D evict data volume [GBytes] |    0.0001 |
|     L2 bandwidth [MBytes/s]    |   59.9378 |
|     L2 data volume [GBytes]    |    0.0021 |
+--------------------------------+-----------+

--------------------------------------------------------------------------------
CPU name:	Intel(R) Core(TM) i7-6500U CPU @ 2.50GHz
CPU type:	Intel Skylake processor
CPU clock:	2.59 GHz
--------------------------------------------------------------------------------
Bloom Join
-----------------
16384 Buckets 3 Hash Functions
Initialization: 0 ms 
Bloom Filter Generation: 302183 ms 
Join Core: 34 ms 
0 linhas
302219 ms 

--------------------------------------------------------------------------------
Region Initialization, Group 1: L3
+-------------------+----------+
|    Region Info    |  Core 0  |
+-------------------+----------+
| RDTSC Runtime [s] | 0.000004 |
|     call count    |        1 |
+-------------------+----------+

+-----------------------+---------+--------+
|         Event         | Counter | Core 0 |
+-----------------------+---------+--------+
|   INSTR_RETIRED_ANY   |  FIXC0  |   8318 |
| CPU_CLK_UNHALTED_CORE |  FIXC1  |  14160 |
|  CPU_CLK_UNHALTED_REF |  FIXC2  |  46116 |
|    L2_LINES_IN_ALL    |   PMC0  |    524 |
|     L2_TRANS_L2_WB    |   PMC1  |     90 |
+-----------------------+---------+--------+

+-------------------------------+--------------+
|             Metric            |    Core 0    |
+-------------------------------+--------------+
|      Runtime (RDTSC) [s]      | 4.285961e-06 |
|      Runtime unhalted [s]     | 5.463152e-06 |
|          Clock [MHz]          |     795.8507 |
|              CPI              |       1.7023 |
|  L3 load bandwidth [MBytes/s] |    7824.6162 |
|  L3 load data volume [GBytes] | 3.353600e-05 |
| L3 evict bandwidth [MBytes/s] |    1343.9226 |
| L3 evict data volume [GBytes] | 5.760000e-06 |
|    L3 bandwidth [MBytes/s]    |    9168.5389 |
|    L3 data volume [GBytes]    | 3.929600e-05 |
+-------------------------------+--------------+

Region Generation, Group 1: L3
+-------------------+----------+
|    Region Info    |  Core 0  |
+-------------------+----------+
| RDTSC Runtime [s] | 0.983338 |
|     call count    |  6000000 |
+-------------------+----------+

+-----------------------+---------+-------------+
|         Event         | Counter |    Core 0   |
+-----------------------+---------+-------------+
|   INSTR_RETIRED_ANY   |  FIXC0  | 21913520000 |
| CPU_CLK_UNHALTED_CORE |  FIXC1  | 50317450000 |
|  CPU_CLK_UNHALTED_REF |  FIXC2  | 52292930000 |
|    L2_LINES_IN_ALL    |   PMC0  |   545072600 |
|     L2_TRANS_L2_WB    |   PMC1  |    98381830 |
+-----------------------+---------+-------------+

+-------------------------------+------------+
|             Metric            |   Core 0   |
+-------------------------------+------------+
|      Runtime (RDTSC) [s]      |     0.9833 |
|      Runtime unhalted [s]     |    19.4133 |
|          Clock [MHz]          |  2493.9952 |
|              CPI              |     2.2962 |
|  L3 load bandwidth [MBytes/s] | 35475.7288 |
|  L3 load data volume [GBytes] |    34.8846 |
| L3 evict bandwidth [MBytes/s] |  6403.1234 |
| L3 evict data volume [GBytes] |     6.2964 |
|    L3 bandwidth [MBytes/s]    | 41878.8522 |
|    L3 data volume [GBytes]    |    41.1811 |
+-------------------------------+------------+

Region Core, Group 1: L3
+-------------------+----------+
|    Region Info    |  Core 0  |
+-------------------+----------+
| RDTSC Runtime [s] | 0.034333 |
|     call count    |        1 |
+-------------------+----------+

+-----------------------+---------+-----------+
|         Event         | Counter |   Core 0  |
+-----------------------+---------+-----------+
|   INSTR_RETIRED_ANY   |  FIXC0  | 201371500 |
| CPU_CLK_UNHALTED_CORE |  FIXC1  |  85017260 |
|  CPU_CLK_UNHALTED_REF |  FIXC2  |  88351670 |
|    L2_LINES_IN_ALL    |   PMC0  |     30231 |
|     L2_TRANS_L2_WB    |   PMC1  |     19703 |
+-----------------------+---------+-----------+

+-------------------------------+-----------+
|             Metric            |   Core 0  |
+-------------------------------+-----------+
|      Runtime (RDTSC) [s]      |    0.0343 |
|      Runtime unhalted [s]     |    0.0328 |
|          Clock [MHz]          | 2494.0911 |
|              CPI              |    0.4222 |
|  L3 load bandwidth [MBytes/s] |   56.3536 |
|  L3 load data volume [GBytes] |    0.0019 |
| L3 evict bandwidth [MBytes/s] |   36.7284 |
| L3 evict data volume [GBytes] |    0.0013 |
|    L3 bandwidth [MBytes/s]    |   93.0820 |
|    L3 data volume [GBytes]    |    0.0032 |
+-------------------------------+-----------+

--------------------------------------------------------------------------------
CPU name:	Intel(R) Core(TM) i7-6500U CPU @ 2.50GHz
CPU type:	Intel Skylake processor
CPU clock:	2.59 GHz
--------------------------------------------------------------------------------
Bloom Join
-----------------
16384 Buckets 3 Hash Functions
Initialization: 0 ms 
Bloom Filter Generation: 312179 ms 
Join Core: 34 ms 
0 linhas
312216 ms 

--------------------------------------------------------------------------------
Region Initialization, Group 1: L3
+-------------------+----------+
|    Region Info    |  Core 0  |
+-------------------+----------+
| RDTSC Runtime [s] | 0.000004 |
|     call count    |        1 |
+-------------------+----------+

+-----------------------+---------+--------+
|         Event         | Counter | Core 0 |
+-----------------------+---------+--------+
|   INSTR_RETIRED_ANY   |  FIXC0  |   8318 |
| CPU_CLK_UNHALTED_CORE |  FIXC1  |  14143 |
|  CPU_CLK_UNHALTED_REF |  FIXC2  |  46008 |
|    L2_LINES_IN_ALL    |   PMC0  |    502 |
|     L2_TRANS_L2_WB    |   PMC1  |    105 |
+-----------------------+---------+--------+

+-------------------------------+--------------+
|             Metric            |    Core 0    |
+-------------------------------+--------------+
|      Runtime (RDTSC) [s]      | 4.367348e-06 |
|      Runtime unhalted [s]     | 5.456420e-06 |
|          Clock [MHz]          |     796.7865 |
|              CPI              |       1.7003 |
|  L3 load bandwidth [MBytes/s] |    7356.4094 |
|  L3 load data volume [GBytes] | 3.212800e-05 |
| L3 evict bandwidth [MBytes/s] |    1538.6912 |
| L3 evict data volume [GBytes] | 6.720000e-06 |
|    L3 bandwidth [MBytes/s]    |    8895.1006 |
|    L3 data volume [GBytes]    | 3.884800e-05 |
+-------------------------------+--------------+

Region Generation, Group 1: L3
+-------------------+----------+
|    Region Info    |  Core 0  |
+-------------------+----------+
| RDTSC Runtime [s] | 0.997354 |
|     call count    |  6000000 |
+-------------------+----------+

+-----------------------+---------+-------------+
|         Event         | Counter |    Core 0   |
+-----------------------+---------+-------------+
|   INSTR_RETIRED_ANY   |  FIXC0  | 21913490000 |
| CPU_CLK_UNHALTED_CORE |  FIXC1  | 52379320000 |
|  CPU_CLK_UNHALTED_REF |  FIXC2  | 54435370000 |
|    L2_LINES_IN_ALL    |   PMC0  |   749283500 |
|     L2_TRANS_L2_WB    |   PMC1  |   120422100 |
+-----------------------+---------+-------------+

+-------------------------------+------------+
|             Metric            |   Core 0   |
+-------------------------------+------------+
|      Runtime (RDTSC) [s]      |     0.9974 |
|      Runtime unhalted [s]     |    20.2081 |
|          Clock [MHz]          |  2494.0919 |
|              CPI              |     2.3903 |
|  L3 load bandwidth [MBytes/s] | 48081.3818 |
|  L3 load data volume [GBytes] |    47.9541 |
| L3 evict bandwidth [MBytes/s] |  7727.4636 |
| L3 evict data volume [GBytes] |     7.7070 |
|    L3 bandwidth [MBytes/s]    | 55808.8453 |
|    L3 data volume [GBytes]    |    55.6612 |
+-------------------------------+------------+

Region Core, Group 1: L3
+-------------------+----------+
|    Region Info    |  Core 0  |
+-------------------+----------+
| RDTSC Runtime [s] | 0.034348 |
|     call count    |        1 |
+-------------------+----------+

+-----------------------+---------+-----------+
|         Event         | Counter |   Core 0  |
+-----------------------+---------+-----------+
|   INSTR_RETIRED_ANY   |  FIXC0  | 201371500 |
| CPU_CLK_UNHALTED_CORE |  FIXC1  |  85007840 |
|  CPU_CLK_UNHALTED_REF |  FIXC2  |  88341520 |
|    L2_LINES_IN_ALL    |   PMC0  |     30372 |
|     L2_TRANS_L2_WB    |   PMC1  |     20183 |
+-----------------------+---------+-----------+

+-------------------------------+-----------+
|             Metric            |   Core 0  |
+-------------------------------+-----------+
|      Runtime (RDTSC) [s]      |    0.0343 |
|      Runtime unhalted [s]     |    0.0328 |
|          Clock [MHz]          | 2494.1806 |
|              CPI              |    0.4221 |
|  L3 load bandwidth [MBytes/s] |   56.5921 |
|  L3 load data volume [GBytes] |    0.0019 |
| L3 evict bandwidth [MBytes/s] |   37.6069 |
| L3 evict data volume [GBytes] |    0.0013 |
|    L3 bandwidth [MBytes/s]    |   94.1990 |
|    L3 data volume [GBytes]    |    0.0032 |
+-------------------------------+-----------+

--------------------------------------------------------------------------------
CPU name:	Intel(R) Core(TM) i7-6500U CPU @ 2.50GHz
CPU type:	Intel Skylake processor
CPU clock:	2.59 GHz
--------------------------------------------------------------------------------
Bloom Join
-----------------
16384 Buckets 3 Hash Functions
Initialization: 0 ms 
Bloom Filter Generation: 306495 ms 
Join Core: 35 ms 
0 linhas
306532 ms 

--------------------------------------------------------------------------------
Region Initialization, Group 1: L3
+-------------------+----------+
|    Region Info    |  Core 0  |
+-------------------+----------+
| RDTSC Runtime [s] | 0.000005 |
|     call count    |        1 |
+-------------------+----------+

+-----------------------+---------+--------+
|         Event         | Counter | Core 0 |
+-----------------------+---------+--------+
|   INSTR_RETIRED_ANY   |  FIXC0  |   8318 |
| CPU_CLK_UNHALTED_CORE |  FIXC1  |  14671 |
|  CPU_CLK_UNHALTED_REF |  FIXC2  |  47088 |
|    L2_LINES_IN_ALL    |   PMC0  |    535 |
|     L2_TRANS_L2_WB    |   PMC1  |     99 |
+-----------------------+---------+--------+

+-------------------------------+--------------+
|             Metric            |    Core 0    |
+-------------------------------+--------------+
|      Runtime (RDTSC) [s]      | 5.013669e-06 |
|      Runtime unhalted [s]     | 5.660144e-06 |
|          Clock [MHz]          |     807.5728 |
|              CPI              |       1.7638 |
|  L3 load bandwidth [MBytes/s] |    6829.3300 |
|  L3 load data volume [GBytes] | 3.424000e-05 |
| L3 evict bandwidth [MBytes/s] |    1263.7452 |
| L3 evict data volume [GBytes] | 6.336000e-06 |
|    L3 bandwidth [MBytes/s]    |    8093.0752 |
|    L3 data volume [GBytes]    | 4.057600e-05 |
+-------------------------------+--------------+

Region Generation, Group 1: L3
+-------------------+----------+
|    Region Info    |  Core 0  |
+-------------------+----------+
| RDTSC Runtime [s] | 1.010886 |
|     call count    |  6000000 |
+-------------------+----------+

+-----------------------+---------+-------------+
|         Event         | Counter |    Core 0   |
+-----------------------+---------+-------------+
|   INSTR_RETIRED_ANY   |  FIXC0  | 21913490000 |
| CPU_CLK_UNHALTED_CORE |  FIXC1  | 50564900000 |
|  CPU_CLK_UNHALTED_REF |  FIXC2  | 52549340000 |
|    L2_LINES_IN_ALL    |   PMC0  |   658714500 |
|     L2_TRANS_L2_WB    |   PMC1  |   150558300 |
+-----------------------+---------+-------------+

+-------------------------------+------------+
|             Metric            |   Core 0   |
+-------------------------------+------------+
|      Runtime (RDTSC) [s]      |     1.0109 |
|      Runtime unhalted [s]     |    19.5082 |
|          Clock [MHz]          |  2494.1013 |
|              CPI              |     2.3075 |
|  L3 load bandwidth [MBytes/s] | 41703.7411 |
|  L3 load data volume [GBytes] |    42.1577 |
| L3 evict bandwidth [MBytes/s] |  9531.9662 |
| L3 evict data volume [GBytes] |     9.6357 |
|    L3 bandwidth [MBytes/s]    | 51235.7073 |
|    L3 data volume [GBytes]    |    51.7935 |
+-------------------------------+------------+

Region Core, Group 1: L3
+-------------------+----------+
|    Region Info    |  Core 0  |
+-------------------+----------+
| RDTSC Runtime [s] | 0.034592 |
|     call count    |        1 |
+-------------------+----------+

+-----------------------+---------+-----------+
|         Event         | Counter |   Core 0  |
+-----------------------+---------+-----------+
|   INSTR_RETIRED_ANY   |  FIXC0  | 201371500 |
| CPU_CLK_UNHALTED_CORE |  FIXC1  |  85508900 |
|  CPU_CLK_UNHALTED_REF |  FIXC2  |  88862080 |
|    L2_LINES_IN_ALL    |   PMC0  |     32214 |
|     L2_TRANS_L2_WB    |   PMC1  |     13380 |
+-----------------------+---------+-----------+

+-------------------------------+-----------+
|             Metric            |   Core 0  |
+-------------------------------+-----------+
|      Runtime (RDTSC) [s]      |    0.0346 |
|      Runtime unhalted [s]     |    0.0330 |
|          Clock [MHz]          | 2494.1757 |
|              CPI              |    0.4246 |
|  L3 load bandwidth [MBytes/s] |   59.6001 |
|  L3 load data volume [GBytes] |    0.0021 |
| L3 evict bandwidth [MBytes/s] |   24.7547 |
| L3 evict data volume [GBytes] |    0.0009 |
|    L3 bandwidth [MBytes/s]    |   84.3548 |
|    L3 data volume [GBytes]    |    0.0029 |
+-------------------------------+-----------+

--------------------------------------------------------------------------------
CPU name:	Intel(R) Core(TM) i7-6500U CPU @ 2.50GHz
CPU type:	Intel Skylake processor
CPU clock:	2.59 GHz
--------------------------------------------------------------------------------
Bloom Join
-----------------
16384 Buckets 3 Hash Functions
Initialization: 0 ms 
Bloom Filter Generation: 303464 ms 
Join Core: 34 ms 
0 linhas
303501 ms 

--------------------------------------------------------------------------------
Region Initialization, Group 1: L3
+-------------------+----------+
|    Region Info    |  Core 0  |
+-------------------+----------+
| RDTSC Runtime [s] | 0.000004 |
|     call count    |        1 |
+-------------------+----------+

+-----------------------+---------+--------+
|         Event         | Counter | Core 0 |
+-----------------------+---------+--------+
|   INSTR_RETIRED_ANY   |  FIXC0  |   8318 |
| CPU_CLK_UNHALTED_CORE |  FIXC1  |  14600 |
|  CPU_CLK_UNHALTED_REF |  FIXC2  |  47412 |
|    L2_LINES_IN_ALL    |   PMC0  |    559 |
|     L2_TRANS_L2_WB    |   PMC1  |    101 |
+-----------------------+---------+--------+

+-------------------------------+--------------+
|             Metric            |    Core 0    |
+-------------------------------+--------------+
|      Runtime (RDTSC) [s]      | 4.457101e-06 |
|      Runtime unhalted [s]     | 5.632728e-06 |
|          Clock [MHz]          |     798.1760 |
|              CPI              |       1.7552 |
|  L3 load bandwidth [MBytes/s] |    8026.7420 |
|  L3 load data volume [GBytes] | 3.577600e-05 |
| L3 evict bandwidth [MBytes/s] |    1450.2700 |
| L3 evict data volume [GBytes] | 6.464000e-06 |
|    L3 bandwidth [MBytes/s]    |    9477.0121 |
|    L3 data volume [GBytes]    | 4.224000e-05 |
+-------------------------------+--------------+

Region Generation, Group 1: L3
+-------------------+----------+
|    Region Info    |  Core 0  |
+-------------------+----------+
| RDTSC Runtime [s] | 1.027906 |
|     call count    |  6000000 |
+-------------------+----------+

+-----------------------+---------+-------------+
|         Event         | Counter |    Core 0   |
+-----------------------+---------+-------------+
|   INSTR_RETIRED_ANY   |  FIXC0  | 21913490000 |
| CPU_CLK_UNHALTED_CORE |  FIXC1  | 52365870000 |
|  CPU_CLK_UNHALTED_REF |  FIXC2  | 54421660000 |
|    L2_LINES_IN_ALL    |   PMC0  |   782701400 |
|     L2_TRANS_L2_WB    |   PMC1  |   148354200 |
+-----------------------+---------+-------------+

+-------------------------------+------------+
|             Metric            |   Core 0   |
+-------------------------------+------------+
|      Runtime (RDTSC) [s]      |     1.0279 |
|      Runtime unhalted [s]     |    20.2029 |
|          Clock [MHz]          |  2494.0814 |
|              CPI              |     2.3897 |
|  L3 load bandwidth [MBytes/s] | 48732.9480 |
|  L3 load data volume [GBytes] |    50.0929 |
| L3 evict bandwidth [MBytes/s] |  9236.9038 |
| L3 evict data volume [GBytes] |     9.4947 |
|    L3 bandwidth [MBytes/s]    | 57969.8517 |
|    L3 data volume [GBytes]    |    59.5876 |
+-------------------------------+------------+

Region Core, Group 1: L3
+-------------------+----------+
|    Region Info    |  Core 0  |
+-------------------+----------+
| RDTSC Runtime [s] | 0.034741 |
|     call count    |        1 |
+-------------------+----------+

+-----------------------+---------+-----------+
|         Event         | Counter |   Core 0  |
+-----------------------+---------+-----------+
|   INSTR_RETIRED_ANY   |  FIXC0  | 201371500 |
| CPU_CLK_UNHALTED_CORE |  FIXC1  |  85272650 |
|  CPU_CLK_UNHALTED_REF |  FIXC2  |  88616380 |
|    L2_LINES_IN_ALL    |   PMC0  |     31390 |
|     L2_TRANS_L2_WB    |   PMC1  |     14598 |
+-----------------------+---------+-----------+

+-------------------------------+-----------+
|             Metric            |   Core 0  |
+-------------------------------+-----------+
|      Runtime (RDTSC) [s]      |    0.0347 |
|      Runtime unhalted [s]     |    0.0329 |
|          Clock [MHz]          | 2494.1918 |
|              CPI              |    0.4235 |
|  L3 load bandwidth [MBytes/s] |   57.8261 |
|  L3 load data volume [GBytes] |    0.0020 |
| L3 evict bandwidth [MBytes/s] |   26.8922 |
| L3 evict data volume [GBytes] |    0.0009 |
|    L3 bandwidth [MBytes/s]    |   84.7183 |
|    L3 data volume [GBytes]    |    0.0029 |
+-------------------------------+-----------+

--------------------------------------------------------------------------------
CPU name:	Intel(R) Core(TM) i7-6500U CPU @ 2.50GHz
CPU type:	Intel Skylake processor
CPU clock:	2.59 GHz
--------------------------------------------------------------------------------
Bloom Join
-----------------
16384 Buckets 3 Hash Functions
Initialization: 0 ms 
Bloom Filter Generation: 304585 ms 
Join Core: 35 ms 
0 linhas
304623 ms 

--------------------------------------------------------------------------------
Region Initialization, Group 1: L3
+-------------------+----------+
|    Region Info    |  Core 0  |
+-------------------+----------+
| RDTSC Runtime [s] | 0.000005 |
|     call count    |        1 |
+-------------------+----------+

+-----------------------+---------+--------+
|         Event         | Counter | Core 0 |
+-----------------------+---------+--------+
|   INSTR_RETIRED_ANY   |  FIXC0  |   8318 |
| CPU_CLK_UNHALTED_CORE |  FIXC1  |  18707 |
|  CPU_CLK_UNHALTED_REF |  FIXC2  |  60696 |
|    L2_LINES_IN_ALL    |   PMC0  |    977 |
|     L2_TRANS_L2_WB    |   PMC1  |    256 |
+-----------------------+---------+--------+

+-------------------------------+--------------+
|             Metric            |    Core 0    |
+-------------------------------+--------------+
|      Runtime (RDTSC) [s]      | 5.217002e-06 |
|      Runtime unhalted [s]     | 7.217249e-06 |
|          Clock [MHz]          |     798.8708 |
|              CPI              |       2.2490 |
|  L3 load bandwidth [MBytes/s] |   11985.4276 |
|  L3 load data volume [GBytes] |       0.0001 |
| L3 evict bandwidth [MBytes/s] |    3140.5010 |
| L3 evict data volume [GBytes] | 1.638400e-05 |
|    L3 bandwidth [MBytes/s]    |   15125.9286 |
|    L3 data volume [GBytes]    |       0.0001 |
+-------------------------------+--------------+

Region Generation, Group 1: L3
+-------------------+----------+
|    Region Info    |  Core 0  |
+-------------------+----------+
| RDTSC Runtime [s] | 0.987129 |
|     call count    |  6000000 |
+-------------------+----------+

+-----------------------+---------+-------------+
|         Event         | Counter |    Core 0   |
+-----------------------+---------+-------------+
|   INSTR_RETIRED_ANY   |  FIXC0  | 21913490000 |
| CPU_CLK_UNHALTED_CORE |  FIXC1  | 52110130000 |
|  CPU_CLK_UNHALTED_REF |  FIXC2  | 51941910000 |
|    L2_LINES_IN_ALL    |   PMC0  |   793330100 |
|     L2_TRANS_L2_WB    |   PMC1  |   151195400 |
+-----------------------+---------+-------------+

+-------------------------------+------------+
|             Metric            |   Core 0   |
+-------------------------------+------------+
|      Runtime (RDTSC) [s]      |     0.9871 |
|      Runtime unhalted [s]     |    20.1043 |
|          Clock [MHz]          |  2600.3793 |
|              CPI              |     2.3780 |
|  L3 load bandwidth [MBytes/s] | 51435.1378 |
|  L3 load data volume [GBytes] |    50.7731 |
| L3 evict bandwidth [MBytes/s] |  9802.6739 |
| L3 evict data volume [GBytes] |     9.6765 |
|    L3 bandwidth [MBytes/s]    | 61237.8116 |
|    L3 data volume [GBytes]    |    60.4496 |
+-------------------------------+------------+

Region Core, Group 1: L3
+-------------------+----------+
|    Region Info    |  Core 0  |
+-------------------+----------+
| RDTSC Runtime [s] | 0.034595 |
|     call count    |        1 |
+-------------------+----------+

+-----------------------+---------+-----------+
|         Event         | Counter |   Core 0  |
+-----------------------+---------+-----------+
|   INSTR_RETIRED_ANY   |  FIXC0  | 201371500 |
| CPU_CLK_UNHALTED_CORE |  FIXC1  |  85328640 |
|  CPU_CLK_UNHALTED_REF |  FIXC2  |  88675020 |
|    L2_LINES_IN_ALL    |   PMC0  |     31823 |
|     L2_TRANS_L2_WB    |   PMC1  |     17013 |
+-----------------------+---------+-----------+

+-------------------------------+-----------+
|             Metric            |   Core 0  |
+-------------------------------+-----------+
|      Runtime (RDTSC) [s]      |    0.0346 |
|      Runtime unhalted [s]     |    0.0329 |
|          Clock [MHz]          | 2494.1697 |
|              CPI              |    0.4237 |
|  L3 load bandwidth [MBytes/s] |   58.8722 |
|  L3 load data volume [GBytes] |    0.0020 |
| L3 evict bandwidth [MBytes/s] |   31.4739 |
| L3 evict data volume [GBytes] |    0.0011 |
|    L3 bandwidth [MBytes/s]    |   90.3460 |
|    L3 data volume [GBytes]    |    0.0031 |
+-------------------------------+-----------+

--------------------------------------------------------------------------------
CPU name:	Intel(R) Core(TM) i7-6500U CPU @ 2.50GHz
CPU type:	Intel Skylake processor
CPU clock:	2.59 GHz
--------------------------------------------------------------------------------
Bloom Join
-----------------
16384 Buckets 3 Hash Functions
Initialization: 0 ms 
Bloom Filter Generation: 259274 ms 
Join Core: 31 ms 
0 linhas
259307 ms 

--------------------------------------------------------------------------------
Region Initialization, Group 1: L3
+-------------------+----------+
|    Region Info    |  Core 0  |
+-------------------+----------+
| RDTSC Runtime [s] | 0.000004 |
|     call count    |        1 |
+-------------------+----------+

+-----------------------+---------+--------+
|         Event         | Counter | Core 0 |
+-----------------------+---------+--------+
|   INSTR_RETIRED_ANY   |  FIXC0  |   8318 |
| CPU_CLK_UNHALTED_CORE |  FIXC1  |  14213 |
|  CPU_CLK_UNHALTED_REF |  FIXC2  |  46332 |
|    L2_LINES_IN_ALL    |   PMC0  |    575 |
|     L2_TRANS_L2_WB    |   PMC1  |     89 |
+-----------------------+---------+--------+

+-------------------------------+--------------+
|             Metric            |    Core 0    |
+-------------------------------+--------------+
|      Runtime (RDTSC) [s]      | 4.405656e-06 |
|      Runtime unhalted [s]     | 5.483448e-06 |
|          Clock [MHz]          |     795.1274 |
|              CPI              |       1.7087 |
|  L3 load bandwidth [MBytes/s] |    8352.8991 |
|  L3 load data volume [GBytes] | 3.680000e-05 |
| L3 evict bandwidth [MBytes/s] |    1292.8835 |
| L3 evict data volume [GBytes] | 5.696000e-06 |
|    L3 bandwidth [MBytes/s]    |    9645.7826 |
|    L3 data volume [GBytes]    | 4.249600e-05 |
+-------------------------------+--------------+

Region Generation, Group 1: L3
+-------------------+----------+
|    Region Info    |  Core 0  |
+-------------------+----------+
| RDTSC Runtime [s] | 0.900868 |
|     call count    |  6000000 |
+-------------------+----------+

+-----------------------+---------+-------------+
|         Event         | Counter |    Core 0   |
+-----------------------+---------+-------------+
|   INSTR_RETIRED_ANY   |  FIXC0  | 21914470000 |
| CPU_CLK_UNHALTED_CORE |  FIXC1  | 53909740000 |
|  CPU_CLK_UNHALTED_REF |  FIXC2  | 45432050000 |
|    L2_LINES_IN_ALL    |   PMC0  |   807170200 |
|     L2_TRANS_L2_WB    |   PMC1  |   155688800 |
+-----------------------+---------+-------------+

+-------------------------------+------------+
|             Metric            |   Core 0   |
+-------------------------------+------------+
|      Runtime (RDTSC) [s]      |     0.9009 |
|      Runtime unhalted [s]     |    20.7987 |
|          Clock [MHz]          |  3075.6500 |
|              CPI              |     2.4600 |
|  L3 load bandwidth [MBytes/s] | 57343.4334 |
|  L3 load data volume [GBytes] |    51.6589 |
| L3 evict bandwidth [MBytes/s] | 11060.5301 |
| L3 evict data volume [GBytes] |     9.9641 |
|    L3 bandwidth [MBytes/s]    | 68403.9635 |
|    L3 data volume [GBytes]    |    61.6230 |
+-------------------------------+------------+

Region Core, Group 1: L3
+-------------------+----------+
|    Region Info    |  Core 0  |
+-------------------+----------+
| RDTSC Runtime [s] | 0.030521 |
|     call count    |        1 |
+-------------------+----------+

+-----------------------+---------+-----------+
|         Event         | Counter |   Core 0  |
+-----------------------+---------+-----------+
|   INSTR_RETIRED_ANY   |  FIXC0  | 201371500 |
| CPU_CLK_UNHALTED_CORE |  FIXC1  |  88637480 |
|  CPU_CLK_UNHALTED_REF |  FIXC2  |  77608480 |
|    L2_LINES_IN_ALL    |   PMC0  |     35126 |
|     L2_TRANS_L2_WB    |   PMC1  |     11840 |
+-----------------------+---------+-----------+

+-------------------------------+-----------+
|             Metric            |   Core 0  |
+-------------------------------+-----------+
|      Runtime (RDTSC) [s]      |    0.0305 |
|      Runtime unhalted [s]     |    0.0342 |
|          Clock [MHz]          | 2960.3308 |
|              CPI              |    0.4402 |
|  L3 load bandwidth [MBytes/s] |   73.6559 |
|  L3 load data volume [GBytes] |    0.0022 |
| L3 evict bandwidth [MBytes/s] |   24.8274 |
| L3 evict data volume [GBytes] |    0.0008 |
|    L3 bandwidth [MBytes/s]    |   98.4833 |
|    L3 data volume [GBytes]    |    0.0030 |
+-------------------------------+-----------+

--------------------------------------------------------------------------------
CPU name:	Intel(R) Core(TM) i7-6500U CPU @ 2.50GHz
CPU type:	Intel Skylake processor
CPU clock:	2.59 GHz
--------------------------------------------------------------------------------
Bloom Join
-----------------
16384 Buckets 3 Hash Functions
Initialization: 0 ms 
Bloom Filter Generation: 309233 ms 
Join Core: 35 ms 
0 linhas
309270 ms 

--------------------------------------------------------------------------------
Region Initialization, Group 1: L3
+-------------------+----------+
|    Region Info    |  Core 0  |
+-------------------+----------+
| RDTSC Runtime [s] | 0.000004 |
|     call count    |        1 |
+-------------------+----------+

+-----------------------+---------+--------+
|         Event         | Counter | Core 0 |
+-----------------------+---------+--------+
|   INSTR_RETIRED_ANY   |  FIXC0  |   8318 |
| CPU_CLK_UNHALTED_CORE |  FIXC1  |  13831 |
|  CPU_CLK_UNHALTED_REF |  FIXC2  |  44928 |
|    L2_LINES_IN_ALL    |   PMC0  |    476 |
|     L2_TRANS_L2_WB    |   PMC1  |     68 |
+-----------------------+---------+--------+

+-------------------------------+--------------+
|             Metric            |    Core 0    |
+-------------------------------+--------------+
|      Runtime (RDTSC) [s]      | 4.066609e-06 |
|      Runtime unhalted [s]     | 5.336050e-06 |
|          Clock [MHz]          |     797.9399 |
|              CPI              |       1.6628 |
|  L3 load bandwidth [MBytes/s] |    7491.2538 |
|  L3 load data volume [GBytes] | 3.046400e-05 |
| L3 evict bandwidth [MBytes/s] |    1070.1791 |
| L3 evict data volume [GBytes] | 4.352000e-06 |
|    L3 bandwidth [MBytes/s]    |    8561.4329 |
|    L3 data volume [GBytes]    | 3.481600e-05 |
+-------------------------------+--------------+

Region Generation, Group 1: L3
+-------------------+----------+
|    Region Info    |  Core 0  |
+-------------------+----------+
| RDTSC Runtime [s] | 0.984560 |
|     call count    |  6000000 |
+-------------------+----------+

+-----------------------+---------+-------------+
|         Event         | Counter |    Core 0   |
+-----------------------+---------+-------------+
|   INSTR_RETIRED_ANY   |  FIXC0  | 21913490000 |
| CPU_CLK_UNHALTED_CORE |  FIXC1  | 51686870000 |
|  CPU_CLK_UNHALTED_REF |  FIXC2  | 53716400000 |
|    L2_LINES_IN_ALL    |   PMC0  |   775637900 |
|     L2_TRANS_L2_WB    |   PMC1  |   136760400 |
+-----------------------+---------+-------------+

+-------------------------------+------------+
|             Metric            |   Core 0   |
+-------------------------------+------------+
|      Runtime (RDTSC) [s]      |     0.9846 |
|      Runtime unhalted [s]     |    19.9410 |
|          Clock [MHz]          |  2494.0606 |
|              CPI              |     2.3587 |
|  L3 load bandwidth [MBytes/s] | 50419.3047 |
|  L3 load data volume [GBytes] |    49.6408 |
| L3 evict bandwidth [MBytes/s] |  8889.9270 |
| L3 evict data volume [GBytes] |     8.7527 |
|    L3 bandwidth [MBytes/s]    | 59309.2317 |
|    L3 data volume [GBytes]    |    58.3935 |
+-------------------------------+------------+

Region Core, Group 1: L3
+-------------------+----------+
|    Region Info    |  Core 0  |
+-------------------+----------+
| RDTSC Runtime [s] | 0.034815 |
|     call count    |        1 |
+-------------------+----------+

+-----------------------+---------+-----------+
|         Event         | Counter |   Core 0  |
+-----------------------+---------+-----------+
|   INSTR_RETIRED_ANY   |  FIXC0  | 201371500 |
| CPU_CLK_UNHALTED_CORE |  FIXC1  |  86110970 |
|  CPU_CLK_UNHALTED_REF |  FIXC2  |  89487720 |
|    L2_LINES_IN_ALL    |   PMC0  |     32505 |
|     L2_TRANS_L2_WB    |   PMC1  |     16052 |
+-----------------------+---------+-----------+

+-------------------------------+-----------+
|             Metric            |   Core 0  |
+-------------------------------+-----------+
|      Runtime (RDTSC) [s]      |    0.0348 |
|      Runtime unhalted [s]     |    0.0332 |
|          Clock [MHz]          | 2494.1853 |
|              CPI              |    0.4276 |
|  L3 load bandwidth [MBytes/s] |   59.7529 |
|  L3 load data volume [GBytes] |    0.0021 |
| L3 evict bandwidth [MBytes/s] |   29.5079 |
| L3 evict data volume [GBytes] |    0.0010 |
|    L3 bandwidth [MBytes/s]    |   89.2607 |
|    L3 data volume [GBytes]    |    0.0031 |
+-------------------------------+-----------+

--------------------------------------------------------------------------------
CPU name:	Intel(R) Core(TM) i7-6500U CPU @ 2.50GHz
CPU type:	Intel Skylake processor
CPU clock:	2.59 GHz
--------------------------------------------------------------------------------
Bloom Join
-----------------
16384 Buckets 3 Hash Functions
Initialization: 0 ms 
Bloom Filter Generation: 327869 ms 
Join Core: 34 ms 
0 linhas
327906 ms 

--------------------------------------------------------------------------------
Region Initialization, Group 1: TLB_DATA
+-------------------+----------+
|    Region Info    |  Core 0  |
+-------------------+----------+
| RDTSC Runtime [s] | 0.000004 |
|     call count    |        1 |
+-------------------+----------+

+---------------------------------+---------+--------+
|              Event              | Counter | Core 0 |
+---------------------------------+---------+--------+
|        INSTR_RETIRED_ANY        |  FIXC0  |   8504 |
|      CPU_CLK_UNHALTED_CORE      |  FIXC1  |  14149 |
|       CPU_CLK_UNHALTED_REF      |  FIXC2  |  45792 |
|  DTLB_LOAD_MISSES_CAUSES_A_WALK |   PMC0  |     77 |
| DTLB_STORE_MISSES_CAUSES_A_WALK |   PMC1  |      5 |
|   DTLB_LOAD_MISSES_WALK_ACTIVE  |   PMC2  |   1996 |
|  DTLB_STORE_MISSES_WALK_ACTIVE  |   PMC3  |    148 |
+---------------------------------+---------+--------+

+-----------------------------------+--------------+
|               Metric              |    Core 0    |
+-----------------------------------+--------------+
|        Runtime (RDTSC) [s]        | 4.497204e-06 |
|        Runtime unhalted [s]       | 5.458754e-06 |
|            Clock [MHz]            |     800.8816 |
|                CPI                |       1.6638 |
|        L1 DTLB load misses        |           77 |
|       L1 DTLB load miss rate      |       0.0091 |
|  L1 DTLB load miss duration [Cyc] |      25.9221 |
|        L1 DTLB store misses       |            5 |
|      L1 DTLB store miss rate      |       0.0006 |
| L1 DTLB store miss duration [Cyc] |      29.6000 |
+-----------------------------------+--------------+

Region Generation, Group 1: TLB_DATA
+-------------------+----------+
|    Region Info    |  Core 0  |
+-------------------+----------+
| RDTSC Runtime [s] | 0.983375 |
|     call count    |  6000000 |
+-------------------+----------+

+---------------------------------+---------+-------------+
|              Event              | Counter |    Core 0   |
+---------------------------------+---------+-------------+
|        INSTR_RETIRED_ANY        |  FIXC0  | 23029810000 |
|      CPU_CLK_UNHALTED_CORE      |  FIXC1  | 53336520000 |
|       CPU_CLK_UNHALTED_REF      |  FIXC2  | 46693230000 |
|  DTLB_LOAD_MISSES_CAUSES_A_WALK |   PMC0  |   373398800 |
| DTLB_STORE_MISSES_CAUSES_A_WALK |   PMC1  |    35673000 |
|   DTLB_LOAD_MISSES_WALK_ACTIVE  |   PMC2  | 11011790000 |
|  DTLB_STORE_MISSES_WALK_ACTIVE  |   PMC3  |  1038139000 |
+---------------------------------+---------+-------------+

+-----------------------------------+-----------+
|               Metric              |   Core 0  |
+-----------------------------------+-----------+
|        Runtime (RDTSC) [s]        |    0.9834 |
|        Runtime unhalted [s]       |   20.5775 |
|            Clock [MHz]            | 2960.7582 |
|                CPI                |    2.3160 |
|        L1 DTLB load misses        | 373398800 |
|       L1 DTLB load miss rate      |    0.0162 |
|  L1 DTLB load miss duration [Cyc] |   29.4907 |
|        L1 DTLB store misses       |  35673000 |
|      L1 DTLB store miss rate      |    0.0015 |
| L1 DTLB store miss duration [Cyc] |   29.1015 |
+-----------------------------------+-----------+

Region Core, Group 1: TLB_DATA
+-------------------+----------+
|    Region Info    |  Core 0  |
+-------------------+----------+
| RDTSC Runtime [s] | 0.034384 |
|     call count    |        1 |
+-------------------+----------+

+---------------------------------+---------+-----------+
|              Event              | Counter |   Core 0  |
+---------------------------------+---------+-----------+
|        INSTR_RETIRED_ANY        |  FIXC0  | 201371600 |
|      CPU_CLK_UNHALTED_CORE      |  FIXC1  |  85111480 |
|       CPU_CLK_UNHALTED_REF      |  FIXC2  |  88449080 |
|  DTLB_LOAD_MISSES_CAUSES_A_WALK |   PMC0  |       273 |
| DTLB_STORE_MISSES_CAUSES_A_WALK |   PMC1  |        11 |
|   DTLB_LOAD_MISSES_WALK_ACTIVE  |   PMC2  |      8228 |
|  DTLB_STORE_MISSES_WALK_ACTIVE  |   PMC3  |       531 |
+---------------------------------+---------+-----------+

+-----------------------------------+--------------+
|               Metric              |    Core 0    |
+-----------------------------------+--------------+
|        Runtime (RDTSC) [s]        |       0.0344 |
|        Runtime unhalted [s]       |       0.0328 |
|            Clock [MHz]            |    2494.1755 |
|                CPI                |       0.4227 |
|        L1 DTLB load misses        |          273 |
|       L1 DTLB load miss rate      | 1.355703e-06 |
|  L1 DTLB load miss duration [Cyc] |      30.1392 |
|        L1 DTLB store misses       |           11 |
|      L1 DTLB store miss rate      | 5.462538e-08 |
| L1 DTLB store miss duration [Cyc] |      48.2727 |
+-----------------------------------+--------------+

