--------------------------------------------------------------------------------
CPU name:	Intel(R) Core(TM) i7-6500U CPU @ 2.50GHz
CPU type:	Intel Skylake processor
CPU clock:	2.59 GHz
--------------------------------------------------------------------------------
Bloom Join
-----------------
16384 Buckets 1 Hash Functions
Initialization: 0 ms 
Bloom Filter Generation: 169207 ms 
Join Core: 22 ms 
0 linhas
169231 ms 

--------------------------------------------------------------------------------
Region Initialization, Group 1: L2
+-------------------+----------+
|    Region Info    |  Core 0  |
+-------------------+----------+
| RDTSC Runtime [s] | 0.000005 |
|     call count    |        1 |
+-------------------+----------+

+-----------------------+---------+--------+
|         Event         | Counter | Core 0 |
+-----------------------+---------+--------+
|   INSTR_RETIRED_ANY   |  FIXC0  |   8411 |
| CPU_CLK_UNHALTED_CORE |  FIXC1  |  14041 |
|  CPU_CLK_UNHALTED_REF |  FIXC2  |  45684 |
|    L1D_REPLACEMENT    |   PMC0  |    326 |
|      L1D_M_EVICT      |   PMC1  |     99 |
| ICACHE_64B_IFTAG_MISS |   PMC2  |    601 |
+-----------------------+---------+--------+

+--------------------------------+--------------+
|             Metric             |    Core 0    |
+--------------------------------+--------------+
|       Runtime (RDTSC) [s]      | 4.753114e-06 |
|      Runtime unhalted [s]      | 5.418311e-06 |
|           Clock [MHz]          |     796.4674 |
|               CPI              |       1.6694 |
|  L2D load bandwidth [MBytes/s] |    4389.5434 |
|  L2D load data volume [GBytes] | 2.086400e-05 |
| L2D evict bandwidth [MBytes/s] |    1333.0208 |
| L2D evict data volume [GBytes] | 6.336000e-06 |
|     L2 bandwidth [MBytes/s]    |   13814.9432 |
|     L2 data volume [GBytes]    |       0.0001 |
+--------------------------------+--------------+

Region Generation, Group 1: L2
+-------------------+----------+
|    Region Info    |  Core 0  |
+-------------------+----------+
| RDTSC Runtime [s] | 0.492424 |
|     call count    |  3000000 |
+-------------------+----------+

+-----------------------+---------+-------------+
|         Event         | Counter |    Core 0   |
+-----------------------+---------+-------------+
|   INSTR_RETIRED_ANY   |  FIXC0  | 11211480000 |
| CPU_CLK_UNHALTED_CORE |  FIXC1  | 25495180000 |
|  CPU_CLK_UNHALTED_REF |  FIXC2  | 26496550000 |
|    L1D_REPLACEMENT    |   PMC0  |   626687900 |
|      L1D_M_EVICT      |   PMC1  |   179500500 |
| ICACHE_64B_IFTAG_MISS |   PMC2  |  1059371000 |
+-----------------------+---------+-------------+

+--------------------------------+-------------+
|             Metric             |    Core 0   |
+--------------------------------+-------------+
|       Runtime (RDTSC) [s]      |      0.4924 |
|      Runtime unhalted [s]      |      9.8384 |
|           Clock [MHz]          |   2493.4624 |
|               CPI              |      2.2740 |
|  L2D load bandwidth [MBytes/s] |  81450.1844 |
|  L2D load data volume [GBytes] |     40.1080 |
| L2D evict bandwidth [MBytes/s] |  23329.5534 |
| L2D evict data volume [GBytes] |     11.4880 |
|     L2 bandwidth [MBytes/s]    | 242465.4395 |
|     L2 data volume [GBytes]    |    119.3958 |
+--------------------------------+-------------+

Region Core, Group 1: L2
+-------------------+----------+
|    Region Info    |  Core 0  |
+-------------------+----------+
| RDTSC Runtime [s] | 0.021854 |
|     call count    |        1 |
+-------------------+----------+

+-----------------------+---------+-----------+
|         Event         | Counter |   Core 0  |
+-----------------------+---------+-----------+
|   INSTR_RETIRED_ANY   |  FIXC0  | 136815000 |
| CPU_CLK_UNHALTED_CORE |  FIXC1  |  53731930 |
|  CPU_CLK_UNHALTED_REF |  FIXC2  |  55839350 |
|    L1D_REPLACEMENT    |   PMC0  |     29699 |
|      L1D_M_EVICT      |   PMC1  |      1183 |
| ICACHE_64B_IFTAG_MISS |   PMC2  |      2910 |
+-----------------------+---------+-----------+

+--------------------------------+-----------+
|             Metric             |   Core 0  |
+--------------------------------+-----------+
|       Runtime (RDTSC) [s]      |    0.0219 |
|      Runtime unhalted [s]      |    0.0207 |
|           Clock [MHz]          | 2493.5964 |
|               CPI              |    0.3927 |
|  L2D load bandwidth [MBytes/s] |   86.9746 |
|  L2D load data volume [GBytes] |    0.0019 |
| L2D evict bandwidth [MBytes/s] |    3.4645 |
| L2D evict data volume [GBytes] |    0.0001 |
|     L2 bandwidth [MBytes/s]    |   98.9611 |
|     L2 data volume [GBytes]    |    0.0022 |
+--------------------------------+-----------+

--------------------------------------------------------------------------------
CPU name:	Intel(R) Core(TM) i7-6500U CPU @ 2.50GHz
CPU type:	Intel Skylake processor
CPU clock:	2.59 GHz
--------------------------------------------------------------------------------
Bloom Join
-----------------
16384 Buckets 1 Hash Functions
Initialization: 0 ms 
Bloom Filter Generation: 170538 ms 
Join Core: 22 ms 
0 linhas
170562 ms 

--------------------------------------------------------------------------------
Region Initialization, Group 1: L2
+-------------------+----------+
|    Region Info    |  Core 0  |
+-------------------+----------+
| RDTSC Runtime [s] | 0.000002 |
|     call count    |        1 |
+-------------------+----------+

+-----------------------+---------+--------+
|         Event         | Counter | Core 0 |
+-----------------------+---------+--------+
|   INSTR_RETIRED_ANY   |  FIXC0  |   8411 |
| CPU_CLK_UNHALTED_CORE |  FIXC1  |  15236 |
|  CPU_CLK_UNHALTED_REF |  FIXC2  |  19764 |
|    L1D_REPLACEMENT    |   PMC0  |    330 |
|      L1D_M_EVICT      |   PMC1  |    103 |
| ICACHE_64B_IFTAG_MISS |   PMC2  |    574 |
+-----------------------+---------+--------+

+--------------------------------+--------------+
|             Metric             |    Core 0    |
+--------------------------------+--------------+
|       Runtime (RDTSC) [s]      | 1.851683e-06 |
|      Runtime unhalted [s]      | 5.878107e-06 |
|           Clock [MHz]          |    1998.1569 |
|               CPI              |       1.8114 |
|  L2D load bandwidth [MBytes/s] |   11405.8400 |
|  L2D load data volume [GBytes] | 2.112000e-05 |
| L2D evict bandwidth [MBytes/s] |    3560.0046 |
| L2D evict data volume [GBytes] | 6.592000e-06 |
|     L2 bandwidth [MBytes/s]    |   34805.0935 |
|     L2 data volume [GBytes]    |       0.0001 |
+--------------------------------+--------------+

Region Generation, Group 1: L2
+-------------------+----------+
|    Region Info    |  Core 0  |
+-------------------+----------+
| RDTSC Runtime [s] | 0.421465 |
|     call count    |  3000000 |
+-------------------+----------+

+-----------------------+---------+-------------+
|         Event         | Counter |    Core 0   |
+-----------------------+---------+-------------+
|   INSTR_RETIRED_ANY   |  FIXC0  | 11100980000 |
| CPU_CLK_UNHALTED_CORE |  FIXC1  | 25254520000 |
|  CPU_CLK_UNHALTED_REF |  FIXC2  | 26245930000 |
|    L1D_REPLACEMENT    |   PMC0  |   587084500 |
|      L1D_M_EVICT      |   PMC1  |   176486600 |
| ICACHE_64B_IFTAG_MISS |   PMC2  |  1074342000 |
+-----------------------+---------+-------------+

+--------------------------------+-------------+
|             Metric             |    Core 0   |
+--------------------------------+-------------+
|       Runtime (RDTSC) [s]      |      0.4215 |
|      Runtime unhalted [s]      |      9.7433 |
|           Clock [MHz]          |   2494.0814 |
|               CPI              |      2.2750 |
|  L2D load bandwidth [MBytes/s] |  89149.4909 |
|  L2D load data volume [GBytes] |     37.5734 |
| L2D evict bandwidth [MBytes/s] |  26799.7035 |
| L2D evict data volume [GBytes] |     11.2951 |
|     L2 bandwidth [MBytes/s]    | 279089.3255 |
|     L2 data volume [GBytes]    |    117.6264 |
+--------------------------------+-------------+

Region Core, Group 1: L2
+-------------------+----------+
|    Region Info    |  Core 0  |
+-------------------+----------+
| RDTSC Runtime [s] | 0.021730 |
|     call count    |        1 |
+-------------------+----------+

+-----------------------+---------+-----------+
|         Event         | Counter |   Core 0  |
+-----------------------+---------+-----------+
|   INSTR_RETIRED_ANY   |  FIXC0  | 136768400 |
| CPU_CLK_UNHALTED_CORE |  FIXC1  |  53714420 |
|  CPU_CLK_UNHALTED_REF |  FIXC2  |  55821100 |
|    L1D_REPLACEMENT    |   PMC0  |     29032 |
|      L1D_M_EVICT      |   PMC1  |       934 |
| ICACHE_64B_IFTAG_MISS |   PMC2  |      1237 |
+-----------------------+---------+-----------+

+--------------------------------+-----------+
|             Metric             |   Core 0  |
+--------------------------------+-----------+
|       Runtime (RDTSC) [s]      |    0.0217 |
|      Runtime unhalted [s]      |    0.0207 |
|           Clock [MHz]          | 2494.1696 |
|               CPI              |    0.3927 |
|  L2D load bandwidth [MBytes/s] |   85.5065 |
|  L2D load data volume [GBytes] |    0.0019 |
| L2D evict bandwidth [MBytes/s] |    2.7509 |
| L2D evict data volume [GBytes] |    0.0001 |
|     L2 bandwidth [MBytes/s]    |   91.9006 |
|     L2 data volume [GBytes]    |    0.0020 |
+--------------------------------+-----------+

--------------------------------------------------------------------------------
CPU name:	Intel(R) Core(TM) i7-6500U CPU @ 2.50GHz
CPU type:	Intel Skylake processor
CPU clock:	2.59 GHz
--------------------------------------------------------------------------------
Bloom Join
-----------------
16384 Buckets 1 Hash Functions
Initialization: 0 ms 
Bloom Filter Generation: 166904 ms 
Join Core: 22 ms 
0 linhas
166927 ms 

--------------------------------------------------------------------------------
Region Initialization, Group 1: L2
+-------------------+----------+
|    Region Info    |  Core 0  |
+-------------------+----------+
| RDTSC Runtime [s] | 0.000002 |
|     call count    |        1 |
+-------------------+----------+

+-----------------------+---------+--------+
|         Event         | Counter | Core 0 |
+-----------------------+---------+--------+
|   INSTR_RETIRED_ANY   |  FIXC0  |   8411 |
| CPU_CLK_UNHALTED_CORE |  FIXC1  |  15113 |
|  CPU_CLK_UNHALTED_REF |  FIXC2  |  16956 |
|    L1D_REPLACEMENT    |   PMC0  |    323 |
|      L1D_M_EVICT      |   PMC1  |    110 |
| ICACHE_64B_IFTAG_MISS |   PMC2  |    571 |
+-----------------------+---------+--------+

+--------------------------------+--------------+
|             Metric             |    Core 0    |
+--------------------------------+--------------+
|       Runtime (RDTSC) [s]      | 1.502356e-06 |
|      Runtime unhalted [s]      | 5.830674e-06 |
|           Clock [MHz]          |    2310.2512 |
|               CPI              |       1.7968 |
|  L2D load bandwidth [MBytes/s] |   13759.7214 |
|  L2D load data volume [GBytes] | 2.067200e-05 |
| L2D evict bandwidth [MBytes/s] |    4685.9732 |
| L2D evict data volume [GBytes] | 7.040000e-06 |
|     L2 bandwidth [MBytes/s]    |   42770.1557 |
|     L2 data volume [GBytes]    |       0.0001 |
+--------------------------------+--------------+

Region Generation, Group 1: L2
+-------------------+----------+
|    Region Info    |  Core 0  |
+-------------------+----------+
| RDTSC Runtime [s] | 0.419794 |
|     call count    |  3000000 |
+-------------------+----------+

+-----------------------+---------+-------------+
|         Event         | Counter |    Core 0   |
+-----------------------+---------+-------------+
|   INSTR_RETIRED_ANY   |  FIXC0  | 11100980000 |
| CPU_CLK_UNHALTED_CORE |  FIXC1  | 24552900000 |
|  CPU_CLK_UNHALTED_REF |  FIXC2  | 25167770000 |
|    L1D_REPLACEMENT    |   PMC0  |   612722000 |
|      L1D_M_EVICT      |   PMC1  |   184635200 |
| ICACHE_64B_IFTAG_MISS |   PMC2  |  1082620000 |
+-----------------------+---------+-------------+

+--------------------------------+-------------+
|             Metric             |    Core 0   |
+--------------------------------+-------------+
|       Runtime (RDTSC) [s]      |      0.4198 |
|      Runtime unhalted [s]      |      9.4726 |
|           Clock [MHz]          |   2528.6574 |
|               CPI              |      2.2118 |
|  L2D load bandwidth [MBytes/s] |  93412.9120 |
|  L2D load data volume [GBytes] |     39.2142 |
| L2D evict bandwidth [MBytes/s] |  28148.6738 |
| L2D evict data volume [GBytes] |     11.8167 |
|     L2 bandwidth [MBytes/s]    | 286613.0884 |
|     L2 data volume [GBytes]    |    120.3185 |
+--------------------------------+-------------+

Region Core, Group 1: L2
+-------------------+----------+
|    Region Info    |  Core 0  |
+-------------------+----------+
| RDTSC Runtime [s] | 0.021864 |
|     call count    |        1 |
+-------------------+----------+

+-----------------------+---------+-----------+
|         Event         | Counter |   Core 0  |
+-----------------------+---------+-----------+
|   INSTR_RETIRED_ANY   |  FIXC0  | 136768400 |
| CPU_CLK_UNHALTED_CORE |  FIXC1  |  53712590 |
|  CPU_CLK_UNHALTED_REF |  FIXC2  |  55819150 |
|    L1D_REPLACEMENT    |   PMC0  |     28968 |
|      L1D_M_EVICT      |   PMC1  |       797 |
| ICACHE_64B_IFTAG_MISS |   PMC2  |      1302 |
+-----------------------+---------+-----------+

+--------------------------------+-----------+
|             Metric             |   Core 0  |
+--------------------------------+-----------+
|       Runtime (RDTSC) [s]      |    0.0219 |
|      Runtime unhalted [s]      |    0.0207 |
|           Clock [MHz]          | 2494.1629 |
|               CPI              |    0.3927 |
|  L2D load bandwidth [MBytes/s] |   84.7956 |
|  L2D load data volume [GBytes] |    0.0019 |
| L2D evict bandwidth [MBytes/s] |    2.3330 |
| L2D evict data volume [GBytes] |    0.0001 |
|     L2 bandwidth [MBytes/s]    |   90.9399 |
|     L2 data volume [GBytes]    |    0.0020 |
+--------------------------------+-----------+

--------------------------------------------------------------------------------
CPU name:	Intel(R) Core(TM) i7-6500U CPU @ 2.50GHz
CPU type:	Intel Skylake processor
CPU clock:	2.59 GHz
--------------------------------------------------------------------------------
Bloom Join
-----------------
16384 Buckets 1 Hash Functions
Initialization: 0 ms 
Bloom Filter Generation: 168260 ms 
Join Core: 22 ms 
0 linhas
168283 ms 

--------------------------------------------------------------------------------
Region Initialization, Group 1: L2
+-------------------+----------+
|    Region Info    |  Core 0  |
+-------------------+----------+
| RDTSC Runtime [s] | 0.000002 |
|     call count    |        1 |
+-------------------+----------+

+-----------------------+---------+--------+
|         Event         | Counter | Core 0 |
+-----------------------+---------+--------+
|   INSTR_RETIRED_ANY   |  FIXC0  |   8411 |
| CPU_CLK_UNHALTED_CORE |  FIXC1  |  16969 |
|  CPU_CLK_UNHALTED_REF |  FIXC2  |  18576 |
|    L1D_REPLACEMENT    |   PMC0  |    295 |
|      L1D_M_EVICT      |   PMC1  |    115 |
| ICACHE_64B_IFTAG_MISS |   PMC2  |    640 |
+-----------------------+---------+--------+

+--------------------------------+--------------+
|             Metric             |    Core 0    |
+--------------------------------+--------------+
|       Runtime (RDTSC) [s]      | 1.585386e-06 |
|      Runtime unhalted [s]      | 6.546697e-06 |
|           Clock [MHz]          |    2367.7620 |
|               CPI              |       2.0175 |
|  L2D load bandwidth [MBytes/s] |   11908.7717 |
|  L2D load data volume [GBytes] | 1.888000e-05 |
| L2D evict bandwidth [MBytes/s] |    4642.4025 |
| L2D evict data volume [GBytes] | 7.360000e-06 |
|     L2 bandwidth [MBytes/s]    |   42387.1537 |
|     L2 data volume [GBytes]    |       0.0001 |
+--------------------------------+--------------+

Region Generation, Group 1: L2
+-------------------+----------+
|    Region Info    |  Core 0  |
+-------------------+----------+
| RDTSC Runtime [s] | 0.411361 |
|     call count    |  3000000 |
+-------------------+----------+

+-----------------------+---------+-------------+
|         Event         | Counter |    Core 0   |
+-----------------------+---------+-------------+
|   INSTR_RETIRED_ANY   |  FIXC0  | 11100980000 |
| CPU_CLK_UNHALTED_CORE |  FIXC1  | 24867880000 |
|  CPU_CLK_UNHALTED_REF |  FIXC2  | 25844480000 |
|    L1D_REPLACEMENT    |   PMC0  |   573055500 |
|      L1D_M_EVICT      |   PMC1  |   189640900 |
| ICACHE_64B_IFTAG_MISS |   PMC2  |  1059037000 |
+-----------------------+---------+-------------+

+--------------------------------+-------------+
|             Metric             |    Core 0   |
+--------------------------------+-------------+
|       Runtime (RDTSC) [s]      |      0.4114 |
|      Runtime unhalted [s]      |      9.5941 |
|           Clock [MHz]          |   2494.0489 |
|               CPI              |      2.2402 |
|  L2D load bandwidth [MBytes/s] |  89156.6311 |
|  L2D load data volume [GBytes] |     36.6756 |
| L2D evict bandwidth [MBytes/s] |  29504.5484 |
| L2D evict data volume [GBytes] |     12.1370 |
|     L2 bandwidth [MBytes/s]    | 283427.3690 |
|     L2 data volume [GBytes]    |    116.5909 |
+--------------------------------+-------------+

Region Core, Group 1: L2
+-------------------+----------+
|    Region Info    |  Core 0  |
+-------------------+----------+
| RDTSC Runtime [s] | 0.021732 |
|     call count    |        1 |
+-------------------+----------+

+-----------------------+---------+-----------+
|         Event         | Counter |   Core 0  |
+-----------------------+---------+-----------+
|   INSTR_RETIRED_ANY   |  FIXC0  | 136768400 |
| CPU_CLK_UNHALTED_CORE |  FIXC1  |  53700400 |
|  CPU_CLK_UNHALTED_REF |  FIXC2  |  55806410 |
|    L1D_REPLACEMENT    |   PMC0  |     28917 |
|      L1D_M_EVICT      |   PMC1  |       752 |
| ICACHE_64B_IFTAG_MISS |   PMC2  |      1116 |
+-----------------------+---------+-----------+

+--------------------------------+--------------+
|             Metric             |    Core 0    |
+--------------------------------+--------------+
|       Runtime (RDTSC) [s]      |       0.0217 |
|      Runtime unhalted [s]      |       0.0207 |
|           Clock [MHz]          |    2494.1779 |
|               CPI              |       0.3926 |
|  L2D load bandwidth [MBytes/s] |      85.1599 |
|  L2D load data volume [GBytes] |       0.0019 |
| L2D evict bandwidth [MBytes/s] |       2.2146 |
| L2D evict data volume [GBytes] | 4.812800e-05 |
|     L2 bandwidth [MBytes/s]    |      90.6611 |
|     L2 data volume [GBytes]    |       0.0020 |
+--------------------------------+--------------+

--------------------------------------------------------------------------------
CPU name:	Intel(R) Core(TM) i7-6500U CPU @ 2.50GHz
CPU type:	Intel Skylake processor
CPU clock:	2.59 GHz
--------------------------------------------------------------------------------
Bloom Join
-----------------
16384 Buckets 1 Hash Functions
Initialization: 0 ms 
Bloom Filter Generation: 139340 ms 
Join Core: 20 ms 
0 linhas
139362 ms 

--------------------------------------------------------------------------------
Region Initialization, Group 1: L2
+-------------------+----------+
|    Region Info    |  Core 0  |
+-------------------+----------+
| RDTSC Runtime [s] | 0.000004 |
|     call count    |        1 |
+-------------------+----------+

+-----------------------+---------+--------+
|         Event         | Counter | Core 0 |
+-----------------------+---------+--------+
|   INSTR_RETIRED_ANY   |  FIXC0  |   8411 |
| CPU_CLK_UNHALTED_CORE |  FIXC1  |  13658 |
|  CPU_CLK_UNHALTED_REF |  FIXC2  |  44496 |
|    L1D_REPLACEMENT    |   PMC0  |    316 |
|      L1D_M_EVICT      |   PMC1  |    105 |
| ICACHE_64B_IFTAG_MISS |   PMC2  |    595 |
+-----------------------+---------+--------+

+--------------------------------+--------------+
|             Metric             |    Core 0    |
+--------------------------------+--------------+
|       Runtime (RDTSC) [s]      | 3.931165e-06 |
|      Runtime unhalted [s]      | 5.269379e-06 |
|           Clock [MHz]          |     795.5982 |
|               CPI              |       1.6238 |
|  L2D load bandwidth [MBytes/s] |    5144.5309 |
|  L2D load data volume [GBytes] | 2.022400e-05 |
| L2D evict bandwidth [MBytes/s] |    1709.4169 |
| L2D evict data volume [GBytes] | 6.720000e-06 |
|     L2 bandwidth [MBytes/s]    |   16540.6438 |
|     L2 data volume [GBytes]    |       0.0001 |
+--------------------------------+--------------+

Region Generation, Group 1: L2
+-------------------+----------+
|    Region Info    |  Core 0  |
+-------------------+----------+
| RDTSC Runtime [s] | 0.422543 |
|     call count    |  3000000 |
+-------------------+----------+

+-----------------------+---------+-------------+
|         Event         | Counter |    Core 0   |
+-----------------------+---------+-------------+
|   INSTR_RETIRED_ANY   |  FIXC0  | 11100980000 |
| CPU_CLK_UNHALTED_CORE |  FIXC1  | 26033470000 |
|  CPU_CLK_UNHALTED_REF |  FIXC2  | 21841770000 |
|    L1D_REPLACEMENT    |   PMC0  |   552966200 |
|      L1D_M_EVICT      |   PMC1  |   164376900 |
| ICACHE_64B_IFTAG_MISS |   PMC2  |  1075295000 |
+-----------------------+---------+-------------+

+--------------------------------+-------------+
|             Metric             |    Core 0   |
+--------------------------------+-------------+
|       Runtime (RDTSC) [s]      |      0.4225 |
|      Runtime unhalted [s]      |     10.0439 |
|           Clock [MHz]          |   3089.3838 |
|               CPI              |      2.3452 |
|  L2D load bandwidth [MBytes/s] |  83754.3438 |
|  L2D load data volume [GBytes] |     35.3898 |
| L2D evict bandwidth [MBytes/s] |  24897.1445 |
| L2D evict data volume [GBytes] |     10.5201 |
|     L2 bandwidth [MBytes/s]    | 271519.7198 |
|     L2 data volume [GBytes]    |    114.7288 |
+--------------------------------+-------------+

Region Core, Group 1: L2
+-------------------+----------+
|    Region Info    |  Core 0  |
+-------------------+----------+
| RDTSC Runtime [s] | 0.019907 |
|     call count    |        1 |
+-------------------+----------+

+-----------------------+---------+-----------+
|         Event         | Counter |   Core 0  |
+-----------------------+---------+-----------+
|   INSTR_RETIRED_ANY   |  FIXC0  | 136768400 |
| CPU_CLK_UNHALTED_CORE |  FIXC1  |  55935680 |
|  CPU_CLK_UNHALTED_REF |  FIXC2  |  47217710 |
|    L1D_REPLACEMENT    |   PMC0  |     31080 |
|      L1D_M_EVICT      |   PMC1  |      2282 |
| ICACHE_64B_IFTAG_MISS |   PMC2  |      2843 |
+-----------------------+---------+-----------+

+--------------------------------+-----------+
|             Metric             |   Core 0  |
+--------------------------------+-----------+
|       Runtime (RDTSC) [s]      |    0.0199 |
|      Runtime unhalted [s]      |    0.0216 |
|           Clock [MHz]          | 3070.5180 |
|               CPI              |    0.4090 |
|  L2D load bandwidth [MBytes/s] |   99.9226 |
|  L2D load data volume [GBytes] |    0.0020 |
| L2D evict bandwidth [MBytes/s] |    7.3367 |
| L2D evict data volume [GBytes] |    0.0001 |
|     L2 bandwidth [MBytes/s]    |  116.3996 |
|     L2 data volume [GBytes]    |    0.0023 |
+--------------------------------+-----------+

--------------------------------------------------------------------------------
CPU name:	Intel(R) Core(TM) i7-6500U CPU @ 2.50GHz
CPU type:	Intel Skylake processor
CPU clock:	2.59 GHz
--------------------------------------------------------------------------------
Bloom Join
-----------------
16384 Buckets 1 Hash Functions
Initialization: 0 ms 
Bloom Filter Generation: 170145 ms 
Join Core: 22 ms 
0 linhas
170169 ms 

--------------------------------------------------------------------------------
Region Initialization, Group 1: L2
+-------------------+----------+
|    Region Info    |  Core 0  |
+-------------------+----------+
| RDTSC Runtime [s] | 0.000004 |
|     call count    |        1 |
+-------------------+----------+

+-----------------------+---------+--------+
|         Event         | Counter | Core 0 |
+-----------------------+---------+--------+
|   INSTR_RETIRED_ANY   |  FIXC0  |   8411 |
| CPU_CLK_UNHALTED_CORE |  FIXC1  |  13951 |
|  CPU_CLK_UNHALTED_REF |  FIXC2  |  45576 |
|    L1D_REPLACEMENT    |   PMC0  |    308 |
|      L1D_M_EVICT      |   PMC1  |     94 |
| ICACHE_64B_IFTAG_MISS |   PMC2  |    583 |
+-----------------------+---------+--------+

+--------------------------------+--------------+
|             Metric             |    Core 0    |
+--------------------------------+--------------+
|       Runtime (RDTSC) [s]      | 4.144629e-06 |
|      Runtime unhalted [s]      | 5.382409e-06 |
|           Clock [MHz]          |     793.4101 |
|               CPI              |       1.6587 |
|  L2D load bandwidth [MBytes/s] |    4756.0349 |
|  L2D load data volume [GBytes] | 1.971200e-05 |
| L2D evict bandwidth [MBytes/s] |    1451.5171 |
| L2D evict data volume [GBytes] | 6.016000e-06 |
|     L2 bandwidth [MBytes/s]    |   15210.0465 |
|     L2 data volume [GBytes]    |       0.0001 |
+--------------------------------+--------------+

Region Generation, Group 1: L2
+-------------------+----------+
|    Region Info    |  Core 0  |
+-------------------+----------+
| RDTSC Runtime [s] | 0.426733 |
|     call count    |  3000000 |
+-------------------+----------+

+-----------------------+---------+-------------+
|         Event         | Counter |    Core 0   |
+-----------------------+---------+-------------+
|   INSTR_RETIRED_ANY   |  FIXC0  | 11100980000 |
| CPU_CLK_UNHALTED_CORE |  FIXC1  | 25259450000 |
|  CPU_CLK_UNHALTED_REF |  FIXC2  | 26252290000 |
|    L1D_REPLACEMENT    |   PMC0  |   604463000 |
|      L1D_M_EVICT      |   PMC1  |   166172200 |
| ICACHE_64B_IFTAG_MISS |   PMC2  |  1094581000 |
+-----------------------+---------+-------------+

+--------------------------------+-------------+
|             Metric             |    Core 0   |
+--------------------------------+-------------+
|       Runtime (RDTSC) [s]      |      0.4267 |
|      Runtime unhalted [s]      |      9.7453 |
|           Clock [MHz]          |   2493.9361 |
|               CPI              |      2.2754 |
|  L2D load bandwidth [MBytes/s] |  90655.2709 |
|  L2D load data volume [GBytes] |     38.6856 |
| L2D evict bandwidth [MBytes/s] |  24921.9321 |
| L2D evict data volume [GBytes] |     10.6350 |
|     L2 bandwidth [MBytes/s]    | 279738.6771 |
|     L2 data volume [GBytes]    |    119.3738 |
+--------------------------------+-------------+

Region Core, Group 1: L2
+-------------------+----------+
|    Region Info    |  Core 0  |
+-------------------+----------+
| RDTSC Runtime [s] | 0.021791 |
|     call count    |        1 |
+-------------------+----------+

+-----------------------+---------+-----------+
|         Event         | Counter |   Core 0  |
+-----------------------+---------+-----------+
|   INSTR_RETIRED_ANY   |  FIXC0  | 136768400 |
| CPU_CLK_UNHALTED_CORE |  FIXC1  |  53731230 |
|  CPU_CLK_UNHALTED_REF |  FIXC2  |  55838700 |
|    L1D_REPLACEMENT    |   PMC0  |     28995 |
|      L1D_M_EVICT      |   PMC1  |       929 |
| ICACHE_64B_IFTAG_MISS |   PMC2  |      1401 |
+-----------------------+---------+-----------+

+--------------------------------+-----------+
|             Metric             |   Core 0  |
+--------------------------------+-----------+
|       Runtime (RDTSC) [s]      |    0.0218 |
|      Runtime unhalted [s]      |    0.0207 |
|           Clock [MHz]          | 2494.1358 |
|               CPI              |    0.3929 |
|  L2D load bandwidth [MBytes/s] |   85.1576 |
|  L2D load data volume [GBytes] |    0.0019 |
| L2D evict bandwidth [MBytes/s] |    2.7285 |
| L2D evict data volume [GBytes] |    0.0001 |
|     L2 bandwidth [MBytes/s]    |   92.0008 |
|     L2 data volume [GBytes]    |    0.0020 |
+--------------------------------+-----------+

--------------------------------------------------------------------------------
CPU name:	Intel(R) Core(TM) i7-6500U CPU @ 2.50GHz
CPU type:	Intel Skylake processor
CPU clock:	2.59 GHz
--------------------------------------------------------------------------------
Bloom Join
-----------------
16384 Buckets 1 Hash Functions
Initialization: 0 ms 
Bloom Filter Generation: 168609 ms 
Join Core: 22 ms 
0 linhas
168633 ms 

--------------------------------------------------------------------------------
Region Initialization, Group 1: L2
+-------------------+----------+
|    Region Info    |  Core 0  |
+-------------------+----------+
| RDTSC Runtime [s] | 0.000004 |
|     call count    |        1 |
+-------------------+----------+

+-----------------------+---------+--------+
|         Event         | Counter | Core 0 |
+-----------------------+---------+--------+
|   INSTR_RETIRED_ANY   |  FIXC0  |   8411 |
| CPU_CLK_UNHALTED_CORE |  FIXC1  |  14421 |
|  CPU_CLK_UNHALTED_REF |  FIXC2  |  46980 |
|    L1D_REPLACEMENT    |   PMC0  |    320 |
|      L1D_M_EVICT      |   PMC1  |    117 |
| ICACHE_64B_IFTAG_MISS |   PMC2  |    653 |
+-----------------------+---------+--------+

+--------------------------------+--------------+
|             Metric             |    Core 0    |
+--------------------------------+--------------+
|       Runtime (RDTSC) [s]      | 4.480151e-06 |
|      Runtime unhalted [s]      | 5.563681e-06 |
|           Clock [MHz]          |     795.6380 |
|               CPI              |       1.7145 |
|  L2D load bandwidth [MBytes/s] |    4571.2745 |
|  L2D load data volume [GBytes] | 2.048000e-05 |
| L2D evict bandwidth [MBytes/s] |    1671.3722 |
| L2D evict data volume [GBytes] | 7.488000e-06 |
|     L2 bandwidth [MBytes/s]    |   15570.9037 |
|     L2 data volume [GBytes]    |       0.0001 |
+--------------------------------+--------------+

Region Generation, Group 1: L2
+-------------------+----------+
|    Region Info    |  Core 0  |
+-------------------+----------+
| RDTSC Runtime [s] | 0.492488 |
|     call count    |  3000000 |
+-------------------+----------+

+-----------------------+---------+-------------+
|         Event         | Counter |    Core 0   |
+-----------------------+---------+-------------+
|   INSTR_RETIRED_ANY   |  FIXC0  | 11100980000 |
| CPU_CLK_UNHALTED_CORE |  FIXC1  | 25369190000 |
|  CPU_CLK_UNHALTED_REF |  FIXC2  | 26365250000 |
|    L1D_REPLACEMENT    |   PMC0  |   543042400 |
|      L1D_M_EVICT      |   PMC1  |   186695600 |
| ICACHE_64B_IFTAG_MISS |   PMC2  |  1158710000 |
+-----------------------+---------+-------------+

+--------------------------------+-------------+
|             Metric             |    Core 0   |
+--------------------------------+-------------+
|       Runtime (RDTSC) [s]      |      0.4925 |
|      Runtime unhalted [s]      |      9.7875 |
|           Clock [MHz]          |   2494.0656 |
|               CPI              |      2.2853 |
|  L2D load bandwidth [MBytes/s] |  70569.7088 |
|  L2D load data volume [GBytes] |     34.7547 |
| L2D evict bandwidth [MBytes/s] |  24261.5570 |
| L2D evict data volume [GBytes] |     11.9485 |
|     L2 bandwidth [MBytes/s]    | 245408.5087 |
|     L2 data volume [GBytes]    |    120.8607 |
+--------------------------------+-------------+

Region Core, Group 1: L2
+-------------------+----------+
|    Region Info    |  Core 0  |
+-------------------+----------+
| RDTSC Runtime [s] | 0.022053 |
|     call count    |        1 |
+-------------------+----------+

+-----------------------+---------+-----------+
|         Event         | Counter |   Core 0  |
+-----------------------+---------+-----------+
|   INSTR_RETIRED_ANY   |  FIXC0  | 136768400 |
| CPU_CLK_UNHALTED_CORE |  FIXC1  |  53813220 |
|  CPU_CLK_UNHALTED_REF |  FIXC2  |  55923590 |
|    L1D_REPLACEMENT    |   PMC0  |     28908 |
|      L1D_M_EVICT      |   PMC1  |       804 |
| ICACHE_64B_IFTAG_MISS |   PMC2  |      1016 |
+-----------------------+---------+-----------+

+--------------------------------+-----------+
|             Metric             |   Core 0  |
+--------------------------------+-----------+
|       Runtime (RDTSC) [s]      |    0.0221 |
|      Runtime unhalted [s]      |    0.0208 |
|           Clock [MHz]          | 2494.1760 |
|               CPI              |    0.3935 |
|  L2D load bandwidth [MBytes/s] |   83.8947 |
|  L2D load data volume [GBytes] |    0.0019 |
| L2D evict bandwidth [MBytes/s] |    2.3333 |
| L2D evict data volume [GBytes] |    0.0001 |
|     L2 bandwidth [MBytes/s]    |   89.1766 |
|     L2 data volume [GBytes]    |    0.0020 |
+--------------------------------+-----------+

--------------------------------------------------------------------------------
CPU name:	Intel(R) Core(TM) i7-6500U CPU @ 2.50GHz
CPU type:	Intel Skylake processor
CPU clock:	2.59 GHz
--------------------------------------------------------------------------------
Bloom Join
-----------------
16384 Buckets 1 Hash Functions
Initialization: 0 ms 
Bloom Filter Generation: 154296 ms 
Join Core: 22 ms 
0 linhas
154321 ms 

--------------------------------------------------------------------------------
Region Initialization, Group 1: L3
+-------------------+----------+
|    Region Info    |  Core 0  |
+-------------------+----------+
| RDTSC Runtime [s] | 0.000004 |
|     call count    |        1 |
+-------------------+----------+

+-----------------------+---------+--------+
|         Event         | Counter | Core 0 |
+-----------------------+---------+--------+
|   INSTR_RETIRED_ANY   |  FIXC0  |   8318 |
| CPU_CLK_UNHALTED_CORE |  FIXC1  |  14056 |
|  CPU_CLK_UNHALTED_REF |  FIXC2  |  45468 |
|    L2_LINES_IN_ALL    |   PMC0  |    574 |
|     L2_TRANS_L2_WB    |   PMC1  |     84 |
+-----------------------+---------+--------+

+-------------------------------+--------------+
|             Metric            |    Core 0    |
+-------------------------------+--------------+
|      Runtime (RDTSC) [s]      | 4.279199e-06 |
|      Runtime unhalted [s]     | 5.422867e-06 |
|          Clock [MHz]          |     801.2880 |
|              CPI              |       1.6898 |
|  L3 load bandwidth [MBytes/s] |    8584.7842 |
|  L3 load data volume [GBytes] | 3.673600e-05 |
| L3 evict bandwidth [MBytes/s] |    1256.3099 |
| L3 evict data volume [GBytes] | 5.376000e-06 |
|    L3 bandwidth [MBytes/s]    |    9841.0941 |
|    L3 data volume [GBytes]    | 4.211200e-05 |
+-------------------------------+--------------+

Region Generation, Group 1: L3
+-------------------+----------+
|    Region Info    |  Core 0  |
+-------------------+----------+
| RDTSC Runtime [s] | 0.450817 |
|     call count    |  3000000 |
+-------------------+----------+

+-----------------------+---------+-------------+
|         Event         | Counter |    Core 0   |
+-----------------------+---------+-------------+
|   INSTR_RETIRED_ANY   |  FIXC0  | 10821980000 |
| CPU_CLK_UNHALTED_CORE |  FIXC1  | 25489450000 |
|  CPU_CLK_UNHALTED_REF |  FIXC2  | 26490800000 |
|    L2_LINES_IN_ALL    |   PMC0  |   457064700 |
|     L2_TRANS_L2_WB    |   PMC1  |    60306930 |
+-----------------------+---------+-------------+

+-------------------------------+------------+
|             Metric            |   Core 0   |
+-------------------------------+------------+
|      Runtime (RDTSC) [s]      |     0.4508 |
|      Runtime unhalted [s]     |     9.8339 |
|          Clock [MHz]          |  2494.0098 |
|              CPI              |     2.3553 |
|  L3 load bandwidth [MBytes/s] | 64886.9227 |
|  L3 load data volume [GBytes] |    29.2521 |
| L3 evict bandwidth [MBytes/s] |  8561.4380 |
| L3 evict data volume [GBytes] |     3.8596 |
|    L3 bandwidth [MBytes/s]    | 73448.3607 |
|    L3 data volume [GBytes]    |    33.1118 |
+-------------------------------+------------+

Region Core, Group 1: L3
+-------------------+----------+
|    Region Info    |  Core 0  |
+-------------------+----------+
| RDTSC Runtime [s] | 0.021881 |
|     call count    |        1 |
+-------------------+----------+

+-----------------------+---------+-----------+
|         Event         | Counter |   Core 0  |
+-----------------------+---------+-----------+
|   INSTR_RETIRED_ANY   |  FIXC0  | 136768300 |
| CPU_CLK_UNHALTED_CORE |  FIXC1  |  53817790 |
|  CPU_CLK_UNHALTED_REF |  FIXC2  |  55928340 |
|    L2_LINES_IN_ALL    |   PMC0  |     30694 |
|     L2_TRANS_L2_WB    |   PMC1  |     19783 |
+-----------------------+---------+-----------+

+-------------------------------+-----------+
|             Metric            |   Core 0  |
+-------------------------------+-----------+
|      Runtime (RDTSC) [s]      |    0.0219 |
|      Runtime unhalted [s]     |    0.0208 |
|          Clock [MHz]          | 2494.1737 |
|              CPI              |    0.3935 |
|  L3 load bandwidth [MBytes/s] |   89.7753 |
|  L3 load data volume [GBytes] |    0.0020 |
| L3 evict bandwidth [MBytes/s] |   57.8623 |
| L3 evict data volume [GBytes] |    0.0013 |
|    L3 bandwidth [MBytes/s]    |  147.6376 |
|    L3 data volume [GBytes]    |    0.0032 |
+-------------------------------+-----------+

--------------------------------------------------------------------------------
CPU name:	Intel(R) Core(TM) i7-6500U CPU @ 2.50GHz
CPU type:	Intel Skylake processor
CPU clock:	2.59 GHz
--------------------------------------------------------------------------------
Bloom Join
-----------------
16384 Buckets 1 Hash Functions
Initialization: 0 ms 
Bloom Filter Generation: 153861 ms 
Join Core: 22 ms 
0 linhas
153885 ms 

--------------------------------------------------------------------------------
Region Initialization, Group 1: L3
+-------------------+----------+
|    Region Info    |  Core 0  |
+-------------------+----------+
| RDTSC Runtime [s] | 0.000002 |
|     call count    |        1 |
+-------------------+----------+

+-----------------------+---------+--------+
|         Event         | Counter | Core 0 |
+-----------------------+---------+--------+
|   INSTR_RETIRED_ANY   |  FIXC0  |   8318 |
| CPU_CLK_UNHALTED_CORE |  FIXC1  |  14283 |
|  CPU_CLK_UNHALTED_REF |  FIXC2  |  19764 |
|    L2_LINES_IN_ALL    |   PMC0  |    557 |
|     L2_TRANS_L2_WB    |   PMC1  |     68 |
+-----------------------+---------+--------+

+-------------------------------+--------------+
|             Metric            |    Core 0    |
+-------------------------------+--------------+
|      Runtime (RDTSC) [s]      | 1.833342e-06 |
|      Runtime unhalted [s]     | 5.510480e-06 |
|          Clock [MHz]          |    1873.1588 |
|              CPI              |       1.7171 |
|  L3 load bandwidth [MBytes/s] |   19444.2717 |
|  L3 load data volume [GBytes] | 3.564800e-05 |
| L3 evict bandwidth [MBytes/s] |    2373.8070 |
| L3 evict data volume [GBytes] | 4.352000e-06 |
|    L3 bandwidth [MBytes/s]    |   21818.0787 |
|    L3 data volume [GBytes]    | 4.000000e-05 |
+-------------------------------+--------------+

Region Generation, Group 1: L3
+-------------------+----------+
|    Region Info    |  Core 0  |
+-------------------+----------+
| RDTSC Runtime [s] | 0.457774 |
|     call count    |  3000000 |
+-------------------+----------+

+-----------------------+---------+-------------+
|         Event         | Counter |    Core 0   |
+-----------------------+---------+-------------+
|   INSTR_RETIRED_ANY   |  FIXC0  | 10821980000 |
| CPU_CLK_UNHALTED_CORE |  FIXC1  | 24947820000 |
|  CPU_CLK_UNHALTED_REF |  FIXC2  | 25927390000 |
|    L2_LINES_IN_ALL    |   PMC0  |   437869900 |
|     L2_TRANS_L2_WB    |   PMC1  |    80205480 |
+-----------------------+---------+-------------+

+-------------------------------+------------+
|             Metric            |   Core 0   |
+-------------------------------+------------+
|      Runtime (RDTSC) [s]      |     0.4578 |
|      Runtime unhalted [s]     |     9.6250 |
|          Clock [MHz]          |  2494.0423 |
|              CPI              |     2.3053 |
|  L3 load bandwidth [MBytes/s] | 61217.2144 |
|  L3 load data volume [GBytes] |    28.0237 |
| L3 evict bandwidth [MBytes/s] | 11213.2761 |
| L3 evict data volume [GBytes] |     5.1332 |
|    L3 bandwidth [MBytes/s]    | 72430.4905 |
|    L3 data volume [GBytes]    |    33.1568 |
+-------------------------------+------------+

Region Core, Group 1: L3
+-------------------+----------+
|    Region Info    |  Core 0  |
+-------------------+----------+
| RDTSC Runtime [s] | 0.021869 |
|     call count    |        1 |
+-------------------+----------+

+-----------------------+---------+-----------+
|         Event         | Counter |   Core 0  |
+-----------------------+---------+-----------+
|   INSTR_RETIRED_ANY   |  FIXC0  | 136768300 |
| CPU_CLK_UNHALTED_CORE |  FIXC1  |  53750000 |
|  CPU_CLK_UNHALTED_REF |  FIXC2  |  55857600 |
|    L2_LINES_IN_ALL    |   PMC0  |     30596 |
|     L2_TRANS_L2_WB    |   PMC1  |     18204 |
+-----------------------+---------+-----------+

+-------------------------------+-----------+
|             Metric            |   Core 0  |
+-------------------------------+-----------+
|      Runtime (RDTSC) [s]      |    0.0219 |
|      Runtime unhalted [s]     |    0.0207 |
|          Clock [MHz]          | 2494.1709 |
|              CPI              |    0.3930 |
|  L3 load bandwidth [MBytes/s] |   89.5389 |
|  L3 load data volume [GBytes] |    0.0020 |
| L3 evict bandwidth [MBytes/s] |   53.2738 |
| L3 evict data volume [GBytes] |    0.0012 |
|    L3 bandwidth [MBytes/s]    |  142.8127 |
|    L3 data volume [GBytes]    |    0.0031 |
+-------------------------------+-----------+

--------------------------------------------------------------------------------
CPU name:	Intel(R) Core(TM) i7-6500U CPU @ 2.50GHz
CPU type:	Intel Skylake processor
CPU clock:	2.59 GHz
--------------------------------------------------------------------------------
Bloom Join
-----------------
16384 Buckets 1 Hash Functions
Initialization: 0 ms 
Bloom Filter Generation: 156075 ms 
Join Core: 22 ms 
0 linhas
156100 ms 

--------------------------------------------------------------------------------
Region Initialization, Group 1: L3
+-------------------+----------+
|    Region Info    |  Core 0  |
+-------------------+----------+
| RDTSC Runtime [s] | 0.000005 |
|     call count    |        1 |
+-------------------+----------+

+-----------------------+---------+--------+
|         Event         | Counter | Core 0 |
+-----------------------+---------+--------+
|   INSTR_RETIRED_ANY   |  FIXC0  |   8318 |
| CPU_CLK_UNHALTED_CORE |  FIXC1  |  14554 |
|  CPU_CLK_UNHALTED_REF |  FIXC2  |  47196 |
|    L2_LINES_IN_ALL    |   PMC0  |    495 |
|     L2_TRANS_L2_WB    |   PMC1  |    144 |
+-----------------------+---------+--------+

+-------------------------------+--------------+
|             Metric            |    Core 0    |
+-------------------------------+--------------+
|      Runtime (RDTSC) [s]      | 4.834175e-06 |
|      Runtime unhalted [s]     | 5.615182e-06 |
|          Clock [MHz]          |     799.2740 |
|              CPI              |       1.7497 |
|  L3 load bandwidth [MBytes/s] |    6553.3416 |
|  L3 load data volume [GBytes] | 3.168000e-05 |
| L3 evict bandwidth [MBytes/s] |    1906.4266 |
| L3 evict data volume [GBytes] | 9.216000e-06 |
|    L3 bandwidth [MBytes/s]    |    8459.7682 |
|    L3 data volume [GBytes]    | 4.089600e-05 |
+-------------------------------+--------------+

Region Generation, Group 1: L3
+-------------------+----------+
|    Region Info    |  Core 0  |
+-------------------+----------+
| RDTSC Runtime [s] | 0.447155 |
|     call count    |  3000000 |
+-------------------+----------+

+-----------------------+---------+-------------+
|         Event         | Counter |    Core 0   |
+-----------------------+---------+-------------+
|   INSTR_RETIRED_ANY   |  FIXC0  | 10821980000 |
| CPU_CLK_UNHALTED_CORE |  FIXC1  | 26466870000 |
|  CPU_CLK_UNHALTED_REF |  FIXC2  | 27506080000 |
|    L2_LINES_IN_ALL    |   PMC0  |   512002600 |
|     L2_TRANS_L2_WB    |   PMC1  |    70615090 |
+-----------------------+---------+-------------+

+-------------------------------+------------+
|             Metric            |   Core 0   |
+-------------------------------+------------+
|      Runtime (RDTSC) [s]      |     0.4472 |
|      Runtime unhalted [s]     |    10.2114 |
|          Clock [MHz]          |  2493.9766 |
|              CPI              |     2.4457 |
|  L3 load bandwidth [MBytes/s] | 73281.4328 |
|  L3 load data volume [GBytes] |    32.7682 |
| L3 evict bandwidth [MBytes/s] | 10106.9310 |
| L3 evict data volume [GBytes] |     4.5194 |
|    L3 bandwidth [MBytes/s]    | 83388.3638 |
|    L3 data volume [GBytes]    |    37.2875 |
+-------------------------------+------------+

Region Core, Group 1: L3
+-------------------+----------+
|    Region Info    |  Core 0  |
+-------------------+----------+
| RDTSC Runtime [s] | 0.022118 |
|     call count    |        1 |
+-------------------+----------+

+-----------------------+---------+-----------+
|         Event         | Counter |   Core 0  |
+-----------------------+---------+-----------+
|   INSTR_RETIRED_ANY   |  FIXC0  | 136768300 |
| CPU_CLK_UNHALTED_CORE |  FIXC1  |  54321200 |
|  CPU_CLK_UNHALTED_REF |  FIXC2  |  56451380 |
|    L2_LINES_IN_ALL    |   PMC0  |     32155 |
|     L2_TRANS_L2_WB    |   PMC1  |     12312 |
+-----------------------+---------+-----------+

+-------------------------------+-----------+
|             Metric            |   Core 0  |
+-------------------------------+-----------+
|      Runtime (RDTSC) [s]      |    0.0221 |
|      Runtime unhalted [s]     |    0.0210 |
|          Clock [MHz]          | 2494.0967 |
|              CPI              |    0.3972 |
|  L3 load bandwidth [MBytes/s] |   93.0429 |
|  L3 load data volume [GBytes] |    0.0021 |
| L3 evict bandwidth [MBytes/s] |   35.6257 |
| L3 evict data volume [GBytes] |    0.0008 |
|    L3 bandwidth [MBytes/s]    |  128.6686 |
|    L3 data volume [GBytes]    |    0.0028 |
+-------------------------------+-----------+

--------------------------------------------------------------------------------
CPU name:	Intel(R) Core(TM) i7-6500U CPU @ 2.50GHz
CPU type:	Intel Skylake processor
CPU clock:	2.59 GHz
--------------------------------------------------------------------------------
Bloom Join
-----------------
16384 Buckets 1 Hash Functions
Initialization: 0 ms 
Bloom Filter Generation: 153161 ms 
Join Core: 22 ms 
0 linhas
153185 ms 

--------------------------------------------------------------------------------
Region Initialization, Group 1: L3
+-------------------+----------+
|    Region Info    |  Core 0  |
+-------------------+----------+
| RDTSC Runtime [s] | 0.000004 |
|     call count    |        1 |
+-------------------+----------+

+-----------------------+---------+--------+
|         Event         | Counter | Core 0 |
+-----------------------+---------+--------+
|   INSTR_RETIRED_ANY   |  FIXC0  |   8318 |
| CPU_CLK_UNHALTED_CORE |  FIXC1  |  14740 |
|  CPU_CLK_UNHALTED_REF |  FIXC2  |  48168 |
|    L2_LINES_IN_ALL    |   PMC0  |    510 |
|     L2_TRANS_L2_WB    |   PMC1  |    102 |
+-----------------------+---------+--------+

+-------------------------------+--------------+
|             Metric            |    Core 0    |
+-------------------------------+--------------+
|      Runtime (RDTSC) [s]      | 4.299077e-06 |
|      Runtime unhalted [s]     | 5.686758e-06 |
|          Clock [MHz]          |     793.1797 |
|              CPI              |       1.7721 |
|  L3 load bandwidth [MBytes/s] |    7592.3274 |
|  L3 load data volume [GBytes] | 3.264000e-05 |
| L3 evict bandwidth [MBytes/s] |    1518.4655 |
| L3 evict data volume [GBytes] | 6.528000e-06 |
|    L3 bandwidth [MBytes/s]    |    9110.7929 |
|    L3 data volume [GBytes]    | 3.916800e-05 |
+-------------------------------+--------------+

Region Generation, Group 1: L3
+-------------------+----------+
|    Region Info    |  Core 0  |
+-------------------+----------+
| RDTSC Runtime [s] | 0.430019 |
|     call count    |  3000000 |
+-------------------+----------+

+-----------------------+---------+-------------+
|         Event         | Counter |    Core 0   |
+-----------------------+---------+-------------+
|   INSTR_RETIRED_ANY   |  FIXC0  | 10821980000 |
| CPU_CLK_UNHALTED_CORE |  FIXC1  | 24827330000 |
|  CPU_CLK_UNHALTED_REF |  FIXC2  | 25802240000 |
|    L2_LINES_IN_ALL    |   PMC0  |   341621200 |
|     L2_TRANS_L2_WB    |   PMC1  |    72406360 |
+-----------------------+---------+-------------+

+-------------------------------+------------+
|             Metric            |   Core 0   |
+-------------------------------+------------+
|      Runtime (RDTSC) [s]      |     0.4300 |
|      Runtime unhalted [s]     |     9.5785 |
|          Clock [MHz]          |  2494.0509 |
|              CPI              |     2.2942 |
|  L3 load bandwidth [MBytes/s] | 50843.6522 |
|  L3 load data volume [GBytes] |    21.8638 |
| L3 evict bandwidth [MBytes/s] | 10776.2744 |
| L3 evict data volume [GBytes] |     4.6340 |
|    L3 bandwidth [MBytes/s]    | 61619.9265 |
|    L3 data volume [GBytes]    |    26.4978 |
+-------------------------------+------------+

Region Core, Group 1: L3
+-------------------+----------+
|    Region Info    |  Core 0  |
+-------------------+----------+
| RDTSC Runtime [s] | 0.021896 |
|     call count    |        1 |
+-------------------+----------+

+-----------------------+---------+-----------+
|         Event         | Counter |   Core 0  |
+-----------------------+---------+-----------+
|   INSTR_RETIRED_ANY   |  FIXC0  | 136768300 |
| CPU_CLK_UNHALTED_CORE |  FIXC1  |  54045800 |
|  CPU_CLK_UNHALTED_REF |  FIXC2  |  56165620 |
|    L2_LINES_IN_ALL    |   PMC0  |     31463 |
|     L2_TRANS_L2_WB    |   PMC1  |     17004 |
+-----------------------+---------+-----------+

+-------------------------------+-----------+
|             Metric            |   Core 0  |
+-------------------------------+-----------+
|      Runtime (RDTSC) [s]      |    0.0219 |
|      Runtime unhalted [s]     |    0.0209 |
|          Clock [MHz]          | 2494.1588 |
|              CPI              |    0.3952 |
|  L3 load bandwidth [MBytes/s] |   91.9635 |
|  L3 load data volume [GBytes] |    0.0020 |
| L3 evict bandwidth [MBytes/s] |   49.7012 |
| L3 evict data volume [GBytes] |    0.0011 |
|    L3 bandwidth [MBytes/s]    |  141.6647 |
|    L3 data volume [GBytes]    |    0.0031 |
+-------------------------------+-----------+

--------------------------------------------------------------------------------
CPU name:	Intel(R) Core(TM) i7-6500U CPU @ 2.50GHz
CPU type:	Intel Skylake processor
CPU clock:	2.59 GHz
--------------------------------------------------------------------------------
Bloom Join
-----------------
16384 Buckets 1 Hash Functions
Initialization: 0 ms 
Bloom Filter Generation: 129815 ms 
Join Core: 18 ms 
0 linhas
129835 ms 

--------------------------------------------------------------------------------
Region Initialization, Group 1: L3
+-------------------+----------+
|    Region Info    |  Core 0  |
+-------------------+----------+
| RDTSC Runtime [s] | 0.000005 |
|     call count    |        1 |
+-------------------+----------+

+-----------------------+---------+--------+
|         Event         | Counter | Core 0 |
+-----------------------+---------+--------+
|   INSTR_RETIRED_ANY   |  FIXC0  |   8318 |
| CPU_CLK_UNHALTED_CORE |  FIXC1  |  16023 |
|  CPU_CLK_UNHALTED_REF |  FIXC2  |  52056 |
|    L2_LINES_IN_ALL    |   PMC0  |    916 |
|     L2_TRANS_L2_WB    |   PMC1  |    234 |
+-----------------------+---------+--------+

+-------------------------------+--------------+
|             Metric            |    Core 0    |
+-------------------------------+--------------+
|      Runtime (RDTSC) [s]      | 4.892774e-06 |
|      Runtime unhalted [s]     | 6.181750e-06 |
|          Clock [MHz]          |     797.8210 |
|              CPI              |       1.9263 |
|  L3 load bandwidth [MBytes/s] |   11981.7510 |
|  L3 load data volume [GBytes] |       0.0001 |
| L3 evict bandwidth [MBytes/s] |    3060.8403 |
| L3 evict data volume [GBytes] | 1.497600e-05 |
|    L3 bandwidth [MBytes/s]    |   15042.5914 |
|    L3 data volume [GBytes]    |       0.0001 |
+-------------------------------+--------------+

Region Generation, Group 1: L3
+-------------------+----------+
|    Region Info    |  Core 0  |
+-------------------+----------+
| RDTSC Runtime [s] | 0.367850 |
|     call count    |  3000000 |
+-------------------+----------+

+-----------------------+---------+-------------+
|         Event         | Counter |    Core 0   |
+-----------------------+---------+-------------+
|   INSTR_RETIRED_ANY   |  FIXC0  | 10821980000 |
| CPU_CLK_UNHALTED_CORE |  FIXC1  | 26531370000 |
|  CPU_CLK_UNHALTED_REF |  FIXC2  | 22353260000 |
|    L2_LINES_IN_ALL    |   PMC0  |   447662400 |
|     L2_TRANS_L2_WB    |   PMC1  |    68736640 |
+-----------------------+---------+-------------+

+-------------------------------+------------+
|             Metric            |   Core 0   |
+-------------------------------+------------+
|      Runtime (RDTSC) [s]      |     0.3678 |
|      Runtime unhalted [s]     |    10.2359 |
|          Clock [MHz]          |  3076.4597 |
|              CPI              |     2.4516 |
|  L3 load bandwidth [MBytes/s] | 77886.1198 |
|  L3 load data volume [GBytes] |    28.6504 |
| L3 evict bandwidth [MBytes/s] | 11959.0794 |
| L3 evict data volume [GBytes] |     4.3991 |
|    L3 bandwidth [MBytes/s]    | 89845.1992 |
|    L3 data volume [GBytes]    |    33.0495 |
+-------------------------------+------------+

Region Core, Group 1: L3
+-------------------+----------+
|    Region Info    |  Core 0  |
+-------------------+----------+
| RDTSC Runtime [s] | 0.018348 |
|     call count    |        1 |
+-------------------+----------+

+-----------------------+---------+-----------+
|         Event         | Counter |   Core 0  |
+-----------------------+---------+-----------+
|   INSTR_RETIRED_ANY   |  FIXC0  | 136768300 |
| CPU_CLK_UNHALTED_CORE |  FIXC1  |  53843990 |
|  CPU_CLK_UNHALTED_REF |  FIXC2  |  45290770 |
|    L2_LINES_IN_ALL    |   PMC0  |     30471 |
|     L2_TRANS_L2_WB    |   PMC1  |     20477 |
+-----------------------+---------+-----------+

+-------------------------------+-----------+
|             Metric            |   Core 0  |
+-------------------------------+-----------+
|      Runtime (RDTSC) [s]      |    0.0183 |
|      Runtime unhalted [s]     |    0.0208 |
|          Clock [MHz]          | 3081.4842 |
|              CPI              |    0.3937 |
|  L3 load bandwidth [MBytes/s] |  106.2855 |
|  L3 load data volume [GBytes] |    0.0020 |
| L3 evict bandwidth [MBytes/s] |   71.4256 |
| L3 evict data volume [GBytes] |    0.0013 |
|    L3 bandwidth [MBytes/s]    |  177.7111 |
|    L3 data volume [GBytes]    |    0.0033 |
+-------------------------------+-----------+

--------------------------------------------------------------------------------
CPU name:	Intel(R) Core(TM) i7-6500U CPU @ 2.50GHz
CPU type:	Intel Skylake processor
CPU clock:	2.59 GHz
--------------------------------------------------------------------------------
Bloom Join
-----------------
16384 Buckets 1 Hash Functions
Initialization: 0 ms 
Bloom Filter Generation: 126889 ms 
Join Core: 18 ms 
0 linhas
126910 ms 

--------------------------------------------------------------------------------
Region Initialization, Group 1: L3
+-------------------+----------+
|    Region Info    |  Core 0  |
+-------------------+----------+
| RDTSC Runtime [s] | 0.000005 |
|     call count    |        1 |
+-------------------+----------+

+-----------------------+---------+--------+
|         Event         | Counter | Core 0 |
+-----------------------+---------+--------+
|   INSTR_RETIRED_ANY   |  FIXC0  |   8318 |
| CPU_CLK_UNHALTED_CORE |  FIXC1  |  15692 |
|  CPU_CLK_UNHALTED_REF |  FIXC2  |  51084 |
|    L2_LINES_IN_ALL    |   PMC0  |    918 |
|     L2_TRANS_L2_WB    |   PMC1  |    149 |
+-----------------------+---------+--------+

+-------------------------------+--------------+
|             Metric            |    Core 0    |
+-------------------------------+--------------+
|      Runtime (RDTSC) [s]      | 4.952970e-06 |
|      Runtime unhalted [s]     | 6.054055e-06 |
|          Clock [MHz]          |     796.2058 |
|              CPI              |       1.8865 |
|  L3 load bandwidth [MBytes/s] |   11861.9737 |
|  L3 load data volume [GBytes] |       0.0001 |
| L3 evict bandwidth [MBytes/s] |    1925.3095 |
| L3 evict data volume [GBytes] | 9.536000e-06 |
|    L3 bandwidth [MBytes/s]    |   13787.2832 |
|    L3 data volume [GBytes]    |       0.0001 |
+-------------------------------+--------------+

Region Generation, Group 1: L3
+-------------------+----------+
|    Region Info    |  Core 0  |
+-------------------+----------+
| RDTSC Runtime [s] | 0.379328 |
|     call count    |  3000000 |
+-------------------+----------+

+-----------------------+---------+-------------+
|         Event         | Counter |    Core 0   |
+-----------------------+---------+-------------+
|   INSTR_RETIRED_ANY   |  FIXC0  | 10821980000 |
| CPU_CLK_UNHALTED_CORE |  FIXC1  | 25251280000 |
|  CPU_CLK_UNHALTED_REF |  FIXC2  | 21284860000 |
|    L2_LINES_IN_ALL    |   PMC0  |   345157100 |
|     L2_TRANS_L2_WB    |   PMC1  |    65943740 |
+-----------------------+---------+-------------+

+-------------------------------+------------+
|             Metric            |   Core 0   |
+-------------------------------+------------+
|      Runtime (RDTSC) [s]      |     0.3793 |
|      Runtime unhalted [s]     |     9.7421 |
|          Clock [MHz]          |  3074.9959 |
|              CPI              |     2.3333 |
|  L3 load bandwidth [MBytes/s] | 58234.7363 |
|  L3 load data volume [GBytes] |    22.0901 |
| L3 evict bandwidth [MBytes/s] | 11125.9954 |
| L3 evict data volume [GBytes] |     4.2204 |
|    L3 bandwidth [MBytes/s]    | 69360.7317 |
|    L3 data volume [GBytes]    |    26.3105 |
+-------------------------------+------------+

Region Core, Group 1: L3
+-------------------+----------+
|    Region Info    |  Core 0  |
+-------------------+----------+
| RDTSC Runtime [s] | 0.018260 |
|     call count    |        1 |
+-------------------+----------+

+-----------------------+---------+-----------+
|         Event         | Counter |   Core 0  |
+-----------------------+---------+-----------+
|   INSTR_RETIRED_ANY   |  FIXC0  | 136768300 |
| CPU_CLK_UNHALTED_CORE |  FIXC1  |  53800100 |
|  CPU_CLK_UNHALTED_REF |  FIXC2  |  45274790 |
|    L2_LINES_IN_ALL    |   PMC0  |     30122 |
|     L2_TRANS_L2_WB    |   PMC1  |     19875 |
+-----------------------+---------+-----------+

+-------------------------------+-----------+
|             Metric            |   Core 0  |
+-------------------------------+-----------+
|      Runtime (RDTSC) [s]      |    0.0183 |
|      Runtime unhalted [s]     |    0.0208 |
|          Clock [MHz]          | 3080.0558 |
|              CPI              |    0.3934 |
|  L3 load bandwidth [MBytes/s] |  105.5726 |
|  L3 load data volume [GBytes] |    0.0019 |
| L3 evict bandwidth [MBytes/s] |   69.6586 |
| L3 evict data volume [GBytes] |    0.0013 |
|    L3 bandwidth [MBytes/s]    |  175.2311 |
|    L3 data volume [GBytes]    |    0.0032 |
+-------------------------------+-----------+

--------------------------------------------------------------------------------
CPU name:	Intel(R) Core(TM) i7-6500U CPU @ 2.50GHz
CPU type:	Intel Skylake processor
CPU clock:	2.59 GHz
--------------------------------------------------------------------------------
Bloom Join
-----------------
16384 Buckets 1 Hash Functions
Initialization: 0 ms 
Bloom Filter Generation: 153680 ms 
Join Core: 23 ms 
0 linhas
153705 ms 

--------------------------------------------------------------------------------
Region Initialization, Group 1: L3
+-------------------+----------+
|    Region Info    |  Core 0  |
+-------------------+----------+
| RDTSC Runtime [s] | 0.000004 |
|     call count    |        1 |
+-------------------+----------+

+-----------------------+---------+--------+
|         Event         | Counter | Core 0 |
+-----------------------+---------+--------+
|   INSTR_RETIRED_ANY   |  FIXC0  |   8318 |
| CPU_CLK_UNHALTED_CORE |  FIXC1  |  14005 |
|  CPU_CLK_UNHALTED_REF |  FIXC2  |  45684 |
|    L2_LINES_IN_ALL    |   PMC0  |    456 |
|     L2_TRANS_L2_WB    |   PMC1  |     72 |
+-----------------------+---------+--------+

+-------------------------------+--------------+
|             Metric            |    Core 0    |
+-------------------------------+--------------+
|      Runtime (RDTSC) [s]      | 4.304992e-06 |
|      Runtime unhalted [s]     | 5.403204e-06 |
|          Clock [MHz]          |     794.6039 |
|              CPI              |       1.6837 |
|  L3 load bandwidth [MBytes/s] |    6779.1067 |
|  L3 load data volume [GBytes] | 2.918400e-05 |
| L3 evict bandwidth [MBytes/s] |    1070.3853 |
| L3 evict data volume [GBytes] | 4.608000e-06 |
|    L3 bandwidth [MBytes/s]    |    7849.4919 |
|    L3 data volume [GBytes]    | 3.379200e-05 |
+-------------------------------+--------------+

Region Generation, Group 1: L3
+-------------------+----------+
|    Region Info    |  Core 0  |
+-------------------+----------+
| RDTSC Runtime [s] | 0.477807 |
|     call count    |  3000000 |
+-------------------+----------+

+-----------------------+---------+-------------+
|         Event         | Counter |    Core 0   |
+-----------------------+---------+-------------+
|   INSTR_RETIRED_ANY   |  FIXC0  | 10821980000 |
| CPU_CLK_UNHALTED_CORE |  FIXC1  | 25785500000 |
|  CPU_CLK_UNHALTED_REF |  FIXC2  | 26797850000 |
|    L2_LINES_IN_ALL    |   PMC0  |   375234400 |
|     L2_TRANS_L2_WB    |   PMC1  |    66250270 |
+-----------------------+---------+-------------+

+-------------------------------+------------+
|             Metric            |   Core 0   |
+-------------------------------+------------+
|      Runtime (RDTSC) [s]      |     0.4778 |
|      Runtime unhalted [s]     |     9.9482 |
|          Clock [MHz]          |  2494.0625 |
|              CPI              |     2.3827 |
|  L3 load bandwidth [MBytes/s] | 50260.9353 |
|  L3 load data volume [GBytes] |    24.0150 |
| L3 evict bandwidth [MBytes/s] |  8873.9213 |
| L3 evict data volume [GBytes] |     4.2400 |
|    L3 bandwidth [MBytes/s]    | 59134.8566 |
|    L3 data volume [GBytes]    |    28.2550 |
+-------------------------------+------------+

Region Core, Group 1: L3
+-------------------+----------+
|    Region Info    |  Core 0  |
+-------------------+----------+
| RDTSC Runtime [s] | 0.022504 |
|     call count    |        1 |
+-------------------+----------+

+-----------------------+---------+-----------+
|         Event         | Counter |   Core 0  |
+-----------------------+---------+-----------+
|   INSTR_RETIRED_ANY   |  FIXC0  | 136768300 |
| CPU_CLK_UNHALTED_CORE |  FIXC1  |  55034980 |
|  CPU_CLK_UNHALTED_REF |  FIXC2  |  57193780 |
|    L2_LINES_IN_ALL    |   PMC0  |     33232 |
|     L2_TRANS_L2_WB    |   PMC1  |     14161 |
+-----------------------+---------+-----------+

+-------------------------------+-----------+
|             Metric            |   Core 0  |
+-------------------------------+-----------+
|      Runtime (RDTSC) [s]      |    0.0225 |
|      Runtime unhalted [s]     |    0.0212 |
|          Clock [MHz]          | 2494.1452 |
|              CPI              |    0.4024 |
|  L3 load bandwidth [MBytes/s] |   94.5099 |
|  L3 load data volume [GBytes] |    0.0021 |
| L3 evict bandwidth [MBytes/s] |   40.2731 |
| L3 evict data volume [GBytes] |    0.0009 |
|    L3 bandwidth [MBytes/s]    |  134.7830 |
|    L3 data volume [GBytes]    |    0.0030 |
+-------------------------------+-----------+

--------------------------------------------------------------------------------
CPU name:	Intel(R) Core(TM) i7-6500U CPU @ 2.50GHz
CPU type:	Intel Skylake processor
CPU clock:	2.59 GHz
--------------------------------------------------------------------------------
Bloom Join
-----------------
16384 Buckets 1 Hash Functions
Initialization: 0 ms 
Bloom Filter Generation: 154490 ms 
Join Core: 18 ms 
0 linhas
154510 ms 

--------------------------------------------------------------------------------
Region Initialization, Group 1: TLB_DATA
+-------------------+----------+
|    Region Info    |  Core 0  |
+-------------------+----------+
| RDTSC Runtime [s] | 0.000004 |
|     call count    |        1 |
+-------------------+----------+

+---------------------------------+---------+--------+
|              Event              | Counter | Core 0 |
+---------------------------------+---------+--------+
|        INSTR_RETIRED_ANY        |  FIXC0  |   8504 |
|      CPU_CLK_UNHALTED_CORE      |  FIXC1  |  13838 |
|       CPU_CLK_UNHALTED_REF      |  FIXC2  |  45144 |
|  DTLB_LOAD_MISSES_CAUSES_A_WALK |   PMC0  |     72 |
| DTLB_STORE_MISSES_CAUSES_A_WALK |   PMC1  |      7 |
|   DTLB_LOAD_MISSES_WALK_ACTIVE  |   PMC2  |   1899 |
|  DTLB_STORE_MISSES_WALK_ACTIVE  |   PMC3  |    163 |
+---------------------------------+---------+--------+

+-----------------------------------+--------------+
|               Metric              |    Core 0    |
+-----------------------------------+--------------+
|        Runtime (RDTSC) [s]        | 4.169400e-06 |
|        Runtime unhalted [s]       | 5.338765e-06 |
|            Clock [MHz]            |     794.5218 |
|                CPI                |       1.6272 |
|        L1 DTLB load misses        |           72 |
|       L1 DTLB load miss rate      |       0.0085 |
|  L1 DTLB load miss duration [Cyc] |      26.3750 |
|        L1 DTLB store misses       |            7 |
|      L1 DTLB store miss rate      |       0.0008 |
| L1 DTLB store miss duration [Cyc] |      23.2857 |
+-----------------------------------+--------------+

Region Generation, Group 1: TLB_DATA
+-------------------+----------+
|    Region Info    |  Core 0  |
+-------------------+----------+
| RDTSC Runtime [s] | 0.383246 |
|     call count    |  3000000 |
+-------------------+----------+

+---------------------------------+---------+-------------+
|              Event              | Counter |    Core 0   |
+---------------------------------+---------+-------------+
|        INSTR_RETIRED_ANY        |  FIXC0  | 11379980000 |
|      CPU_CLK_UNHALTED_CORE      |  FIXC1  | 25852200000 |
|       CPU_CLK_UNHALTED_REF      |  FIXC2  | 21719840000 |
|  DTLB_LOAD_MISSES_CAUSES_A_WALK |   PMC0  |   173184700 |
| DTLB_STORE_MISSES_CAUSES_A_WALK |   PMC1  |    25035560 |
|   DTLB_LOAD_MISSES_WALK_ACTIVE  |   PMC2  |  4735798000 |
|  DTLB_STORE_MISSES_WALK_ACTIVE  |   PMC3  |   704992200 |
+---------------------------------+---------+-------------+

+-----------------------------------+-----------+
|               Metric              |   Core 0  |
+-----------------------------------+-----------+
|        Runtime (RDTSC) [s]        |    0.3832 |
|        Runtime unhalted [s]       |    9.9739 |
|            Clock [MHz]            | 3085.1298 |
|                CPI                |    2.2717 |
|        L1 DTLB load misses        | 173184700 |
|       L1 DTLB load miss rate      |    0.0152 |
|  L1 DTLB load miss duration [Cyc] |   27.3454 |
|        L1 DTLB store misses       |  25035560 |
|      L1 DTLB store miss rate      |    0.0022 |
| L1 DTLB store miss duration [Cyc] |   28.1596 |
+-----------------------------------+-----------+

Region Core, Group 1: TLB_DATA
+-------------------+----------+
|    Region Info    |  Core 0  |
+-------------------+----------+
| RDTSC Runtime [s] | 0.017933 |
|     call count    |        1 |
+-------------------+----------+

+---------------------------------+---------+-----------+
|              Event              | Counter |   Core 0  |
+---------------------------------+---------+-----------+
|        INSTR_RETIRED_ANY        |  FIXC0  | 136768500 |
|      CPU_CLK_UNHALTED_CORE      |  FIXC1  |  53746390 |
|       CPU_CLK_UNHALTED_REF      |  FIXC2  |  45069800 |
|  DTLB_LOAD_MISSES_CAUSES_A_WALK |   PMC0  |        85 |
| DTLB_STORE_MISSES_CAUSES_A_WALK |   PMC1  |        14 |
|   DTLB_LOAD_MISSES_WALK_ACTIVE  |   PMC2  |      3658 |
|  DTLB_STORE_MISSES_WALK_ACTIVE  |   PMC3  |       485 |
+---------------------------------+---------+-----------+

+-----------------------------------+--------------+
|               Metric              |    Core 0    |
+-----------------------------------+--------------+
|        Runtime (RDTSC) [s]        |       0.0179 |
|        Runtime unhalted [s]       |       0.0207 |
|            Clock [MHz]            |    3090.9802 |
|                CPI                |       0.3930 |
|        L1 DTLB load misses        |           85 |
|       L1 DTLB load miss rate      | 6.214881e-07 |
|  L1 DTLB load miss duration [Cyc] |      43.0353 |
|        L1 DTLB store misses       |           14 |
|      L1 DTLB store miss rate      | 1.023628e-07 |
| L1 DTLB store miss duration [Cyc] |      34.6429 |
+-----------------------------------+--------------+

