--------------------------------------------------------------------------------
CPU name:	Intel(R) Core(TM) i7-6500U CPU @ 2.50GHz
CPU type:	Intel Skylake processor
CPU clock:	2.59 GHz
--------------------------------------------------------------------------------
Bloom Join
-----------------
16384 Buckets 2 Hash Functions
Initialization: 0 ms 
Bloom Filter Generation: 252130 ms 
Join Core: 27 ms 
0 linhas
252160 ms 

--------------------------------------------------------------------------------
Region Initialization, Group 1: L2
+-------------------+----------+
|    Region Info    |  Core 0  |
+-------------------+----------+
| RDTSC Runtime [s] | 0.000006 |
|     call count    |        1 |
+-------------------+----------+

+-----------------------+---------+--------+
|         Event         | Counter | Core 0 |
+-----------------------+---------+--------+
|   INSTR_RETIRED_ANY   |  FIXC0  |   8411 |
| CPU_CLK_UNHALTED_CORE |  FIXC1  |  17305 |
|  CPU_CLK_UNHALTED_REF |  FIXC2  |  56700 |
|    L1D_REPLACEMENT    |   PMC0  |    313 |
|      L1D_M_EVICT      |   PMC1  |     95 |
| ICACHE_64B_IFTAG_MISS |   PMC2  |    750 |
+-----------------------+---------+--------+

+--------------------------------+--------------+
|             Metric             |    Core 0    |
+--------------------------------+--------------+
|       Runtime (RDTSC) [s]      | 5.829071e-06 |
|      Runtime unhalted [s]      | 6.676537e-06 |
|           Clock [MHz]          |     791.0591 |
|               CPI              |       2.0574 |
|  L2D load bandwidth [MBytes/s] |    3436.5682 |
|  L2D load data volume [GBytes] | 2.003200e-05 |
| L2D evict bandwidth [MBytes/s] |    1043.0479 |
| L2D evict data volume [GBytes] | 6.080000e-06 |
|     L2 bandwidth [MBytes/s]    |   12714.2044 |
|     L2 data volume [GBytes]    |       0.0001 |
+--------------------------------+--------------+

Region Generation, Group 1: L2
+-------------------+----------+
|    Region Info    |  Core 0  |
+-------------------+----------+
| RDTSC Runtime [s] | 0.735170 |
|     call count    |  4500000 |
+-------------------+----------+

+-----------------------+---------+-------------+
|         Event         | Counter |    Core 0   |
+-----------------------+---------+-------------+
|   INSTR_RETIRED_ANY   |  FIXC0  | 16989640000 |
| CPU_CLK_UNHALTED_CORE |  FIXC1  | 37718500000 |
|  CPU_CLK_UNHALTED_REF |  FIXC2  | 39199760000 |
|    L1D_REPLACEMENT    |   PMC0  |   841129900 |
|      L1D_M_EVICT      |   PMC1  |   252589800 |
| ICACHE_64B_IFTAG_MISS |   PMC2  |  1617137000 |
+-----------------------+---------+-------------+

+--------------------------------+-------------+
|             Metric             |    Core 0   |
+--------------------------------+-------------+
|       Runtime (RDTSC) [s]      |      0.7352 |
|      Runtime unhalted [s]      |     14.5524 |
|           Clock [MHz]          |   2493.9709 |
|               CPI              |      2.2201 |
|  L2D load bandwidth [MBytes/s] |  73224.3167 |
|  L2D load data volume [GBytes] |     53.8323 |
| L2D evict bandwidth [MBytes/s] |  21989.1309 |
| L2D evict data volume [GBytes] |     16.1657 |
|     L2 bandwidth [MBytes/s]    | 235992.8349 |
|     L2 data volume [GBytes]    |    173.4948 |
+--------------------------------+-------------+

Region Core, Group 1: L2
+-------------------+----------+
|    Region Info    |  Core 0  |
+-------------------+----------+
| RDTSC Runtime [s] | 0.027381 |
|     call count    |        1 |
+-------------------+----------+

+-----------------------+---------+-----------+
|         Event         | Counter |   Core 0  |
+-----------------------+---------+-----------+
|   INSTR_RETIRED_ANY   |  FIXC0  | 176218300 |
| CPU_CLK_UNHALTED_CORE |  FIXC1  |  67508370 |
|  CPU_CLK_UNHALTED_REF |  FIXC2  |  70155830 |
|    L1D_REPLACEMENT    |   PMC0  |     29118 |
|      L1D_M_EVICT      |   PMC1  |      1042 |
| ICACHE_64B_IFTAG_MISS |   PMC2  |      1362 |
+-----------------------+---------+-----------+

+--------------------------------+-----------+
|             Metric             |   Core 0  |
+--------------------------------+-----------+
|       Runtime (RDTSC) [s]      |    0.0274 |
|      Runtime unhalted [s]      |    0.0260 |
|           Clock [MHz]          | 2494.1021 |
|               CPI              |    0.3831 |
|  L2D load bandwidth [MBytes/s] |   68.0611 |
|  L2D load data volume [GBytes] |    0.0019 |
| L2D evict bandwidth [MBytes/s] |    2.4356 |
| L2D evict data volume [GBytes] |    0.0001 |
|     L2 bandwidth [MBytes/s]    |   73.6803 |
|     L2 data volume [GBytes]    |    0.0020 |
+--------------------------------+-----------+

--------------------------------------------------------------------------------
CPU name:	Intel(R) Core(TM) i7-6500U CPU @ 2.50GHz
CPU type:	Intel Skylake processor
CPU clock:	2.59 GHz
--------------------------------------------------------------------------------
Bloom Join
-----------------
16384 Buckets 2 Hash Functions
Initialization: 0 ms 
Bloom Filter Generation: 253923 ms 
Join Core: 27 ms 
0 linhas
253952 ms 

--------------------------------------------------------------------------------
Region Initialization, Group 1: L2
+-------------------+----------+
|    Region Info    |  Core 0  |
+-------------------+----------+
| RDTSC Runtime [s] | 0.000002 |
|     call count    |        1 |
+-------------------+----------+

+-----------------------+---------+--------+
|         Event         | Counter | Core 0 |
+-----------------------+---------+--------+
|   INSTR_RETIRED_ANY   |  FIXC0  |   8411 |
| CPU_CLK_UNHALTED_CORE |  FIXC1  |  21124 |
|  CPU_CLK_UNHALTED_REF |  FIXC2  |  22356 |
|    L1D_REPLACEMENT    |   PMC0  |    332 |
|      L1D_M_EVICT      |   PMC1  |     95 |
| ICACHE_64B_IFTAG_MISS |   PMC2  |    684 |
+-----------------------+---------+--------+

+--------------------------------+--------------+
|             Metric             |    Core 0    |
+--------------------------------+--------------+
|       Runtime (RDTSC) [s]      | 2.012261e-06 |
|      Runtime unhalted [s]      | 8.149717e-06 |
|           Clock [MHz]          |    2449.1517 |
|               CPI              |       2.5115 |
|  L2D load bandwidth [MBytes/s] |   10559.2664 |
|  L2D load data volume [GBytes] | 2.124800e-05 |
| L2D evict bandwidth [MBytes/s] |    3021.4768 |
| L2D evict data volume [GBytes] | 6.080000e-06 |
|     L2 bandwidth [MBytes/s]    |   35335.3765 |
|     L2 data volume [GBytes]    |       0.0001 |
+--------------------------------+--------------+

Region Generation, Group 1: L2
+-------------------+----------+
|    Region Info    |  Core 0  |
+-------------------+----------+
| RDTSC Runtime [s] | 0.673279 |
|     call count    |  4500000 |
+-------------------+----------+

+-----------------------+---------+-------------+
|         Event         | Counter |    Core 0   |
+-----------------------+---------+-------------+
|   INSTR_RETIRED_ANY   |  FIXC0  | 16858040000 |
| CPU_CLK_UNHALTED_CORE |  FIXC1  | 37303280000 |
|  CPU_CLK_UNHALTED_REF |  FIXC2  | 38767070000 |
|    L1D_REPLACEMENT    |   PMC0  |   893439300 |
|      L1D_M_EVICT      |   PMC1  |   276767700 |
| ICACHE_64B_IFTAG_MISS |   PMC2  |  1639159000 |
+-----------------------+---------+-------------+

+--------------------------------+-------------+
|             Metric             |    Core 0   |
+--------------------------------+-------------+
|       Runtime (RDTSC) [s]      |      0.6733 |
|      Runtime unhalted [s]      |     14.3917 |
|           Clock [MHz]          |   2494.1218 |
|               CPI              |      2.2128 |
|  L2D load bandwidth [MBytes/s] |  84927.8163 |
|  L2D load data volume [GBytes] |     57.1801 |
| L2D evict bandwidth [MBytes/s] |  26308.7558 |
| L2D evict data volume [GBytes] |     17.7131 |
|     L2 bandwidth [MBytes/s]    | 267050.3966 |
|     L2 data volume [GBytes]    |    179.7994 |
+--------------------------------+-------------+

Region Core, Group 1: L2
+-------------------+----------+
|    Region Info    |  Core 0  |
+-------------------+----------+
| RDTSC Runtime [s] | 0.027376 |
|     call count    |        1 |
+-------------------+----------+

+-----------------------+---------+-----------+
|         Event         | Counter |   Core 0  |
+-----------------------+---------+-----------+
|   INSTR_RETIRED_ANY   |  FIXC0  | 176218300 |
| CPU_CLK_UNHALTED_CORE |  FIXC1  |  67642020 |
|  CPU_CLK_UNHALTED_REF |  FIXC2  |  70294820 |
|    L1D_REPLACEMENT    |   PMC0  |     29351 |
|      L1D_M_EVICT      |   PMC1  |      1202 |
| ICACHE_64B_IFTAG_MISS |   PMC2  |      1332 |
+-----------------------+---------+-----------+

+--------------------------------+-----------+
|             Metric             |   Core 0  |
+--------------------------------+-----------+
|       Runtime (RDTSC) [s]      |    0.0274 |
|      Runtime unhalted [s]      |    0.0261 |
|           Clock [MHz]          | 2494.1747 |
|               CPI              |    0.3839 |
|  L2D load bandwidth [MBytes/s] |   68.6166 |
|  L2D load data volume [GBytes] |    0.0019 |
| L2D evict bandwidth [MBytes/s] |    2.8100 |
| L2D evict data volume [GBytes] |    0.0001 |
|     L2 bandwidth [MBytes/s]    |   74.5406 |
|     L2 data volume [GBytes]    |    0.0020 |
+--------------------------------+-----------+

--------------------------------------------------------------------------------
CPU name:	Intel(R) Core(TM) i7-6500U CPU @ 2.50GHz
CPU type:	Intel Skylake processor
CPU clock:	2.59 GHz
--------------------------------------------------------------------------------
Bloom Join
-----------------
16384 Buckets 2 Hash Functions
Initialization: 0 ms 
Bloom Filter Generation: 230443 ms 
Join Core: 27 ms 
0 linhas
230472 ms 

--------------------------------------------------------------------------------
Region Initialization, Group 1: L2
+-------------------+----------+
|    Region Info    |  Core 0  |
+-------------------+----------+
| RDTSC Runtime [s] | 0.000001 |
|     call count    |        1 |
+-------------------+----------+

+-----------------------+---------+--------+
|         Event         | Counter | Core 0 |
+-----------------------+---------+--------+
|   INSTR_RETIRED_ANY   |  FIXC0  |   8411 |
| CPU_CLK_UNHALTED_CORE |  FIXC1  |  15604 |
|  CPU_CLK_UNHALTED_REF |  FIXC2  |  16524 |
|    L1D_REPLACEMENT    |   PMC0  |    273 |
|      L1D_M_EVICT      |   PMC1  |    107 |
| ICACHE_64B_IFTAG_MISS |   PMC2  |    609 |
+-----------------------+---------+--------+

+--------------------------------+--------------+
|             Metric             |    Core 0    |
+--------------------------------+--------------+
|       Runtime (RDTSC) [s]      | 1.483475e-06 |
|      Runtime unhalted [s]      | 6.020098e-06 |
|           Clock [MHz]          |    2447.6713 |
|               CPI              |       1.8552 |
|  L2D load bandwidth [MBytes/s] |   11777.7516 |
|  L2D load data volume [GBytes] | 1.747200e-05 |
| L2D evict bandwidth [MBytes/s] |    4616.1883 |
| L2D evict data volume [GBytes] | 6.848000e-06 |
|     L2 bandwidth [MBytes/s]    |   42667.3857 |
|     L2 data volume [GBytes]    |       0.0001 |
+--------------------------------+--------------+

Region Generation, Group 1: L2
+-------------------+----------+
|    Region Info    |  Core 0  |
+-------------------+----------+
| RDTSC Runtime [s] | 0.683435 |
|     call count    |  4500000 |
+-------------------+----------+

+-----------------------+---------+-------------+
|         Event         | Counter |    Core 0   |
+-----------------------+---------+-------------+
|   INSTR_RETIRED_ANY   |  FIXC0  | 16857980000 |
| CPU_CLK_UNHALTED_CORE |  FIXC1  | 38935720000 |
|  CPU_CLK_UNHALTED_REF |  FIXC2  | 35928940000 |
|    L1D_REPLACEMENT    |   PMC0  |   861283300 |
|      L1D_M_EVICT      |   PMC1  |   283754500 |
| ICACHE_64B_IFTAG_MISS |   PMC2  |  1831401000 |
+-----------------------+---------+-------------+

+--------------------------------+-------------+
|             Metric             |    Core 0   |
+--------------------------------+-------------+
|       Runtime (RDTSC) [s]      |      0.6834 |
|      Runtime unhalted [s]      |     15.0216 |
|           Clock [MHz]          |   2808.8992 |
|               CPI              |      2.3096 |
|  L2D load bandwidth [MBytes/s] |  80654.4746 |
|  L2D load data volume [GBytes] |     55.1221 |
| L2D evict bandwidth [MBytes/s] |  26572.0584 |
| L2D evict data volume [GBytes] |     18.1603 |
|     L2 bandwidth [MBytes/s]    | 278727.2291 |
|     L2 data volume [GBytes]    |    190.4921 |
+--------------------------------+-------------+

Region Core, Group 1: L2
+-------------------+----------+
|    Region Info    |  Core 0  |
+-------------------+----------+
| RDTSC Runtime [s] | 0.027241 |
|     call count    |        1 |
+-------------------+----------+

+-----------------------+---------+-----------+
|         Event         | Counter |   Core 0  |
+-----------------------+---------+-----------+
|   INSTR_RETIRED_ANY   |  FIXC0  | 176218300 |
| CPU_CLK_UNHALTED_CORE |  FIXC1  |  67388040 |
|  CPU_CLK_UNHALTED_REF |  FIXC2  |  70030660 |
|    L1D_REPLACEMENT    |   PMC0  |     28945 |
|      L1D_M_EVICT      |   PMC1  |       802 |
| ICACHE_64B_IFTAG_MISS |   PMC2  |      1074 |
+-----------------------+---------+-----------+

+--------------------------------+-----------+
|             Metric             |   Core 0  |
+--------------------------------+-----------+
|       Runtime (RDTSC) [s]      |    0.0272 |
|      Runtime unhalted [s]      |    0.0260 |
|           Clock [MHz]          | 2494.1752 |
|               CPI              |    0.3824 |
|  L2D load bandwidth [MBytes/s] |   68.0038 |
|  L2D load data volume [GBytes] |    0.0019 |
| L2D evict bandwidth [MBytes/s] |    1.8842 |
| L2D evict data volume [GBytes] |    0.0001 |
|     L2 bandwidth [MBytes/s]    |   72.4113 |
|     L2 data volume [GBytes]    |    0.0020 |
+--------------------------------+-----------+

--------------------------------------------------------------------------------
CPU name:	Intel(R) Core(TM) i7-6500U CPU @ 2.50GHz
CPU type:	Intel Skylake processor
CPU clock:	2.59 GHz
--------------------------------------------------------------------------------
Bloom Join
-----------------
16384 Buckets 2 Hash Functions
Initialization: 0 ms 
Bloom Filter Generation: 257785 ms 
Join Core: 27 ms 
0 linhas
257815 ms 

--------------------------------------------------------------------------------
Region Initialization, Group 1: L2
+-------------------+----------+
|    Region Info    |  Core 0  |
+-------------------+----------+
| RDTSC Runtime [s] | 0.000005 |
|     call count    |        1 |
+-------------------+----------+

+-----------------------+---------+--------+
|         Event         | Counter | Core 0 |
+-----------------------+---------+--------+
|   INSTR_RETIRED_ANY   |  FIXC0  |   8411 |
| CPU_CLK_UNHALTED_CORE |  FIXC1  |  14740 |
|  CPU_CLK_UNHALTED_REF |  FIXC2  |  47844 |
|    L1D_REPLACEMENT    |   PMC0  |    319 |
|      L1D_M_EVICT      |   PMC1  |    101 |
| ICACHE_64B_IFTAG_MISS |   PMC2  |    644 |
+-----------------------+---------+--------+

+--------------------------------+--------------+
|             Metric             |    Core 0    |
+--------------------------------+--------------+
|       Runtime (RDTSC) [s]      | 4.731863e-06 |
|      Runtime unhalted [s]      | 5.686763e-06 |
|           Clock [MHz]          |     798.5505 |
|               CPI              |       1.7525 |
|  L2D load bandwidth [MBytes/s] |    4314.5797 |
|  L2D load data volume [GBytes] | 2.041600e-05 |
| L2D evict bandwidth [MBytes/s] |    1366.0581 |
| L2D evict data volume [GBytes] | 6.464000e-06 |
|     L2 bandwidth [MBytes/s]    |   14390.9492 |
|     L2 data volume [GBytes]    |       0.0001 |
+--------------------------------+--------------+

Region Generation, Group 1: L2
+-------------------+----------+
|    Region Info    |  Core 0  |
+-------------------+----------+
| RDTSC Runtime [s] | 0.819279 |
|     call count    |  4500000 |
+-------------------+----------+

+-----------------------+---------+-------------+
|         Event         | Counter |    Core 0   |
+-----------------------+---------+-------------+
|   INSTR_RETIRED_ANY   |  FIXC0  | 16857980000 |
| CPU_CLK_UNHALTED_CORE |  FIXC1  | 39230770000 |
|  CPU_CLK_UNHALTED_REF |  FIXC2  | 40771810000 |
|    L1D_REPLACEMENT    |   PMC0  |   855189300 |
|      L1D_M_EVICT      |   PMC1  |   241621800 |
| ICACHE_64B_IFTAG_MISS |   PMC2  |  1909489000 |
+-----------------------+---------+-------------+

+--------------------------------+-------------+
|             Metric             |    Core 0   |
+--------------------------------+-------------+
|       Runtime (RDTSC) [s]      |      0.8193 |
|      Runtime unhalted [s]      |     15.1354 |
|           Clock [MHz]          |   2494.0160 |
|               CPI              |      2.3271 |
|  L2D load bandwidth [MBytes/s] |  66805.2543 |
|  L2D load data volume [GBytes] |     54.7321 |
| L2D evict bandwidth [MBytes/s] |  18874.8921 |
| L2D evict data volume [GBytes] |     15.4638 |
|     L2 bandwidth [MBytes/s]    | 234844.6626 |
|     L2 data volume [GBytes]    |    192.4032 |
+--------------------------------+-------------+

Region Core, Group 1: L2
+-------------------+----------+
|    Region Info    |  Core 0  |
+-------------------+----------+
| RDTSC Runtime [s] | 0.027227 |
|     call count    |        1 |
+-------------------+----------+

+-----------------------+---------+-----------+
|         Event         | Counter |   Core 0  |
+-----------------------+---------+-----------+
|   INSTR_RETIRED_ANY   |  FIXC0  | 176218300 |
| CPU_CLK_UNHALTED_CORE |  FIXC1  |  67356760 |
|  CPU_CLK_UNHALTED_REF |  FIXC2  |  69998260 |
|    L1D_REPLACEMENT    |   PMC0  |     29109 |
|      L1D_M_EVICT      |   PMC1  |       993 |
| ICACHE_64B_IFTAG_MISS |   PMC2  |      1318 |
+-----------------------+---------+-----------+

+--------------------------------+-----------+
|             Metric             |   Core 0  |
+--------------------------------+-----------+
|       Runtime (RDTSC) [s]      |    0.0272 |
|      Runtime unhalted [s]      |    0.0260 |
|           Clock [MHz]          | 2494.1716 |
|               CPI              |    0.3822 |
|  L2D load bandwidth [MBytes/s] |   68.4235 |
|  L2D load data volume [GBytes] |    0.0019 |
| L2D evict bandwidth [MBytes/s] |    2.3341 |
| L2D evict data volume [GBytes] |    0.0001 |
|     L2 bandwidth [MBytes/s]    |   73.8557 |
|     L2 data volume [GBytes]    |    0.0020 |
+--------------------------------+-----------+

--------------------------------------------------------------------------------
CPU name:	Intel(R) Core(TM) i7-6500U CPU @ 2.50GHz
CPU type:	Intel Skylake processor
CPU clock:	2.59 GHz
--------------------------------------------------------------------------------
Bloom Join
-----------------
16384 Buckets 2 Hash Functions
Initialization: 0 ms 
Bloom Filter Generation: 207526 ms 
Join Core: 22 ms 
0 linhas
207550 ms 

--------------------------------------------------------------------------------
Region Initialization, Group 1: L2
+-------------------+----------+
|    Region Info    |  Core 0  |
+-------------------+----------+
| RDTSC Runtime [s] | 0.000003 |
|     call count    |        1 |
+-------------------+----------+

+-----------------------+---------+--------+
|         Event         | Counter | Core 0 |
+-----------------------+---------+--------+
|   INSTR_RETIRED_ANY   |  FIXC0  |   8411 |
| CPU_CLK_UNHALTED_CORE |  FIXC1  |  13905 |
|  CPU_CLK_UNHALTED_REF |  FIXC2  |  32832 |
|    L1D_REPLACEMENT    |   PMC0  |    310 |
|      L1D_M_EVICT      |   PMC1  |    110 |
| ICACHE_64B_IFTAG_MISS |   PMC2  |    565 |
+-----------------------+---------+--------+

+--------------------------------+--------------+
|             Metric             |    Core 0    |
+--------------------------------+--------------+
|       Runtime (RDTSC) [s]      | 3.310648e-06 |
|      Runtime unhalted [s]      | 5.364615e-06 |
|           Clock [MHz]          |    1097.7566 |
|               CPI              |       1.6532 |
|  L2D load bandwidth [MBytes/s] |    5992.7845 |
|  L2D load data volume [GBytes] | 1.984000e-05 |
| L2D evict bandwidth [MBytes/s] |    2126.4719 |
| L2D evict data volume [GBytes] | 7.040000e-06 |
|     L2 bandwidth [MBytes/s]    |   19041.5894 |
|     L2 data volume [GBytes]    |       0.0001 |
+--------------------------------+--------------+

Region Generation, Group 1: L2
+-------------------+----------+
|    Region Info    |  Core 0  |
+-------------------+----------+
| RDTSC Runtime [s] | 0.673517 |
|     call count    |  4500000 |
+-------------------+----------+

+-----------------------+---------+-------------+
|         Event         | Counter |    Core 0   |
+-----------------------+---------+-------------+
|   INSTR_RETIRED_ANY   |  FIXC0  | 16857980000 |
| CPU_CLK_UNHALTED_CORE |  FIXC1  | 38694410000 |
|  CPU_CLK_UNHALTED_REF |  FIXC2  | 32466890000 |
|    L1D_REPLACEMENT    |   PMC0  |   885429300 |
|      L1D_M_EVICT      |   PMC1  |   277809000 |
| ICACHE_64B_IFTAG_MISS |   PMC2  |  1570602000 |
+-----------------------+---------+-------------+

+--------------------------------+-------------+
|             Metric             |    Core 0   |
+--------------------------------+-------------+
|       Runtime (RDTSC) [s]      |      0.6735 |
|      Runtime unhalted [s]      |     14.9285 |
|           Clock [MHz]          |   3089.1568 |
|               CPI              |      2.2953 |
|  L2D load bandwidth [MBytes/s] |  84136.6790 |
|  L2D load data volume [GBytes] |     56.6675 |
| L2D evict bandwidth [MBytes/s] |  26398.4111 |
| L2D evict data volume [GBytes] |     17.7798 |
|     L2 bandwidth [MBytes/s]    | 259779.3451 |
|     L2 data volume [GBytes]    |    174.9658 |
+--------------------------------+-------------+

Region Core, Group 1: L2
+-------------------+----------+
|    Region Info    |  Core 0  |
+-------------------+----------+
| RDTSC Runtime [s] | 0.022247 |
|     call count    |        1 |
+-------------------+----------+

+-----------------------+---------+-----------+
|         Event         | Counter |   Core 0  |
+-----------------------+---------+-----------+
|   INSTR_RETIRED_ANY   |  FIXC0  | 176218300 |
| CPU_CLK_UNHALTED_CORE |  FIXC1  |  67430570 |
|  CPU_CLK_UNHALTED_REF |  FIXC2  |  56526440 |
|    L1D_REPLACEMENT    |   PMC0  |     29096 |
|      L1D_M_EVICT      |   PMC1  |       888 |
| ICACHE_64B_IFTAG_MISS |   PMC2  |      1268 |
+-----------------------+---------+-----------+

+--------------------------------+-----------+
|             Metric             |   Core 0  |
+--------------------------------+-----------+
|       Runtime (RDTSC) [s]      |    0.0222 |
|      Runtime unhalted [s]      |    0.0260 |
|           Clock [MHz]          | 3091.9867 |
|               CPI              |    0.3827 |
|  L2D load bandwidth [MBytes/s] |   83.7016 |
|  L2D load data volume [GBytes] |    0.0019 |
| L2D evict bandwidth [MBytes/s] |    2.5545 |
| L2D evict data volume [GBytes] |    0.0001 |
|     L2 bandwidth [MBytes/s]    |   89.9038 |
|     L2 data volume [GBytes]    |    0.0020 |
+--------------------------------+-----------+

--------------------------------------------------------------------------------
CPU name:	Intel(R) Core(TM) i7-6500U CPU @ 2.50GHz
CPU type:	Intel Skylake processor
CPU clock:	2.59 GHz
--------------------------------------------------------------------------------
Bloom Join
-----------------
16384 Buckets 2 Hash Functions
Initialization: 0 ms 
Bloom Filter Generation: 253690 ms 
Join Core: 27 ms 
0 linhas
253719 ms 

--------------------------------------------------------------------------------
Region Initialization, Group 1: L2
+-------------------+----------+
|    Region Info    |  Core 0  |
+-------------------+----------+
| RDTSC Runtime [s] | 0.000002 |
|     call count    |        1 |
+-------------------+----------+

+-----------------------+---------+--------+
|         Event         | Counter | Core 0 |
+-----------------------+---------+--------+
|   INSTR_RETIRED_ANY   |  FIXC0  |   8411 |
| CPU_CLK_UNHALTED_CORE |  FIXC1  |  16479 |
|  CPU_CLK_UNHALTED_REF |  FIXC2  |  16956 |
|    L1D_REPLACEMENT    |   PMC0  |    314 |
|      L1D_M_EVICT      |   PMC1  |    116 |
| ICACHE_64B_IFTAG_MISS |   PMC2  |    605 |
+-----------------------+---------+--------+

+--------------------------------+--------------+
|             Metric             |    Core 0    |
+--------------------------------+--------------+
|       Runtime (RDTSC) [s]      | 1.510867e-06 |
|      Runtime unhalted [s]      | 6.357677e-06 |
|           Clock [MHz]          |    2519.0676 |
|               CPI              |       1.9592 |
|  L2D load bandwidth [MBytes/s] |   13300.9722 |
|  L2D load data volume [GBytes] | 2.009600e-05 |
| L2D evict bandwidth [MBytes/s] |    4913.7350 |
| L2D evict data volume [GBytes] | 7.424000e-06 |
|     L2 bandwidth [MBytes/s]    |   43842.3766 |
|     L2 data volume [GBytes]    |       0.0001 |
+--------------------------------+--------------+

Region Generation, Group 1: L2
+-------------------+----------+
|    Region Info    |  Core 0  |
+-------------------+----------+
| RDTSC Runtime [s] | 0.702313 |
|     call count    |  4500000 |
+-------------------+----------+

+-----------------------+---------+-------------+
|         Event         | Counter |    Core 0   |
+-----------------------+---------+-------------+
|   INSTR_RETIRED_ANY   |  FIXC0  | 16857980000 |
| CPU_CLK_UNHALTED_CORE |  FIXC1  | 38340620000 |
|  CPU_CLK_UNHALTED_REF |  FIXC2  | 39845470000 |
|    L1D_REPLACEMENT    |   PMC0  |   868158000 |
|      L1D_M_EVICT      |   PMC1  |   284530600 |
| ICACHE_64B_IFTAG_MISS |   PMC2  |  1783948000 |
+-----------------------+---------+-------------+

+--------------------------------+-------------+
|             Metric             |    Core 0   |
+--------------------------------+-------------+
|       Runtime (RDTSC) [s]      |      0.7023 |
|      Runtime unhalted [s]      |     14.7920 |
|           Clock [MHz]          |   2494.0925 |
|               CPI              |      2.2743 |
|  L2D load bandwidth [MBytes/s] |  79113.0674 |
|  L2D load data volume [GBytes] |     55.5621 |
| L2D evict bandwidth [MBytes/s] |  25928.5620 |
| L2D evict data volume [GBytes] |     18.2100 |
|     L2 bandwidth [MBytes/s]    | 267608.3494 |
|     L2 data volume [GBytes]    |    187.9447 |
+--------------------------------+-------------+

Region Core, Group 1: L2
+-------------------+----------+
|    Region Info    |  Core 0  |
+-------------------+----------+
| RDTSC Runtime [s] | 0.027331 |
|     call count    |        1 |
+-------------------+----------+

+-----------------------+---------+-----------+
|         Event         | Counter |   Core 0  |
+-----------------------+---------+-----------+
|   INSTR_RETIRED_ANY   |  FIXC0  | 176218300 |
| CPU_CLK_UNHALTED_CORE |  FIXC1  |  67363170 |
|  CPU_CLK_UNHALTED_REF |  FIXC2  |  70004950 |
|    L1D_REPLACEMENT    |   PMC0  |     28891 |
|      L1D_M_EVICT      |   PMC1  |       802 |
| ICACHE_64B_IFTAG_MISS |   PMC2  |      1080 |
+-----------------------+---------+-----------+

+--------------------------------+-----------+
|             Metric             |   Core 0  |
+--------------------------------+-----------+
|       Runtime (RDTSC) [s]      |    0.0273 |
|      Runtime unhalted [s]      |    0.0260 |
|           Clock [MHz]          | 2494.1705 |
|               CPI              |    0.3823 |
|  L2D load bandwidth [MBytes/s] |   67.6531 |
|  L2D load data volume [GBytes] |    0.0018 |
| L2D evict bandwidth [MBytes/s] |    1.8780 |
| L2D evict data volume [GBytes] |    0.0001 |
|     L2 bandwidth [MBytes/s]    |   72.0602 |
|     L2 data volume [GBytes]    |    0.0020 |
+--------------------------------+-----------+

--------------------------------------------------------------------------------
CPU name:	Intel(R) Core(TM) i7-6500U CPU @ 2.50GHz
CPU type:	Intel Skylake processor
CPU clock:	2.59 GHz
--------------------------------------------------------------------------------
Bloom Join
-----------------
16384 Buckets 2 Hash Functions
Initialization: 0 ms 
Bloom Filter Generation: 252322 ms 
Join Core: 27 ms 
0 linhas
252351 ms 

--------------------------------------------------------------------------------
Region Initialization, Group 1: L2
+-------------------+----------+
|    Region Info    |  Core 0  |
+-------------------+----------+
| RDTSC Runtime [s] | 0.000004 |
|     call count    |        1 |
+-------------------+----------+

+-----------------------+---------+--------+
|         Event         | Counter | Core 0 |
+-----------------------+---------+--------+
|   INSTR_RETIRED_ANY   |  FIXC0  |   8411 |
| CPU_CLK_UNHALTED_CORE |  FIXC1  |  13527 |
|  CPU_CLK_UNHALTED_REF |  FIXC2  |  43524 |
|    L1D_REPLACEMENT    |   PMC0  |    294 |
|      L1D_M_EVICT      |   PMC1  |    107 |
| ICACHE_64B_IFTAG_MISS |   PMC2  |    585 |
+-----------------------+---------+--------+

+--------------------------------+--------------+
|             Metric             |    Core 0    |
+--------------------------------+--------------+
|       Runtime (RDTSC) [s]      | 4.198204e-06 |
|      Runtime unhalted [s]      | 5.218784e-06 |
|           Clock [MHz]          |     805.5729 |
|               CPI              |       1.6083 |
|  L2D load bandwidth [MBytes/s] |    4481.9166 |
|  L2D load data volume [GBytes] | 1.881600e-05 |
| L2D evict bandwidth [MBytes/s] |    1631.1737 |
| L2D evict data volume [GBytes] | 6.848000e-06 |
|     L2 bandwidth [MBytes/s]    |   15031.1895 |
|     L2 data volume [GBytes]    |       0.0001 |
+--------------------------------+--------------+

Region Generation, Group 1: L2
+-------------------+----------+
|    Region Info    |  Core 0  |
+-------------------+----------+
| RDTSC Runtime [s] | 0.731346 |
|     call count    |  4500000 |
+-------------------+----------+

+-----------------------+---------+-------------+
|         Event         | Counter |    Core 0   |
+-----------------------+---------+-------------+
|   INSTR_RETIRED_ANY   |  FIXC0  | 16857980000 |
| CPU_CLK_UNHALTED_CORE |  FIXC1  | 37375650000 |
|  CPU_CLK_UNHALTED_REF |  FIXC2  | 38842130000 |
|    L1D_REPLACEMENT    |   PMC0  |   874419200 |
|      L1D_M_EVICT      |   PMC1  |   264391200 |
| ICACHE_64B_IFTAG_MISS |   PMC2  |  1644932000 |
+-----------------------+---------+-------------+

+--------------------------------+-------------+
|             Metric             |    Core 0   |
+--------------------------------+-------------+
|       Runtime (RDTSC) [s]      |      0.7313 |
|      Runtime unhalted [s]      |     14.4197 |
|           Clock [MHz]          |   2494.1232 |
|               CPI              |      2.2171 |
|  L2D load bandwidth [MBytes/s] |  76520.2870 |
|  L2D load data volume [GBytes] |     55.9628 |
| L2D evict bandwidth [MBytes/s] |  23136.8324 |
| L2D evict data volume [GBytes] |     16.9210 |
|     L2 bandwidth [MBytes/s]    | 243604.8608 |
|     L2 data volume [GBytes]    |    178.1595 |
+--------------------------------+-------------+

Region Core, Group 1: L2
+-------------------+----------+
|    Region Info    |  Core 0  |
+-------------------+----------+
| RDTSC Runtime [s] | 0.027228 |
|     call count    |        1 |
+-------------------+----------+

+-----------------------+---------+-----------+
|         Event         | Counter |   Core 0  |
+-----------------------+---------+-----------+
|   INSTR_RETIRED_ANY   |  FIXC0  | 176218300 |
| CPU_CLK_UNHALTED_CORE |  FIXC1  |  67360690 |
|  CPU_CLK_UNHALTED_REF |  FIXC2  |  70002470 |
|    L1D_REPLACEMENT    |   PMC0  |     29156 |
|      L1D_M_EVICT      |   PMC1  |      1014 |
| ICACHE_64B_IFTAG_MISS |   PMC2  |      1207 |
+-----------------------+---------+-----------+

+--------------------------------+-----------+
|             Metric             |   Core 0  |
+--------------------------------+-----------+
|       Runtime (RDTSC) [s]      |    0.0272 |
|      Runtime unhalted [s]      |    0.0260 |
|           Clock [MHz]          | 2494.1659 |
|               CPI              |    0.3823 |
|  L2D load bandwidth [MBytes/s] |   68.5325 |
|  L2D load data volume [GBytes] |    0.0019 |
| L2D evict bandwidth [MBytes/s] |    2.3835 |
| L2D evict data volume [GBytes] |    0.0001 |
|     L2 bandwidth [MBytes/s]    |   73.7531 |
|     L2 data volume [GBytes]    |    0.0020 |
+--------------------------------+-----------+

--------------------------------------------------------------------------------
CPU name:	Intel(R) Core(TM) i7-6500U CPU @ 2.50GHz
CPU type:	Intel Skylake processor
CPU clock:	2.59 GHz
--------------------------------------------------------------------------------
Bloom Join
-----------------
16384 Buckets 2 Hash Functions
Initialization: 0 ms 
Bloom Filter Generation: 230257 ms 
Join Core: 28 ms 
0 linhas
230286 ms 

--------------------------------------------------------------------------------
Region Initialization, Group 1: L3
+-------------------+----------+
|    Region Info    |  Core 0  |
+-------------------+----------+
| RDTSC Runtime [s] | 0.000002 |
|     call count    |        1 |
+-------------------+----------+

+-----------------------+---------+--------+
|         Event         | Counter | Core 0 |
+-----------------------+---------+--------+
|   INSTR_RETIRED_ANY   |  FIXC0  |   8318 |
| CPU_CLK_UNHALTED_CORE |  FIXC1  |  15756 |
|  CPU_CLK_UNHALTED_REF |  FIXC2  |  17064 |
|    L2_LINES_IN_ALL    |   PMC0  |    487 |
|     L2_TRANS_L2_WB    |   PMC1  |     89 |
+-----------------------+---------+--------+

+-------------------------------+--------------+
|             Metric            |    Core 0    |
+-------------------------------+--------------+
|      Runtime (RDTSC) [s]      | 1.540191e-06 |
|      Runtime unhalted [s]     | 6.080059e-06 |
|          Clock [MHz]          |    2392.7832 |
|              CPI              |       1.8942 |
|  L3 load bandwidth [MBytes/s] |   20236.4512 |
|  L3 load data volume [GBytes] | 3.116800e-05 |
| L3 evict bandwidth [MBytes/s] |    3698.2426 |
| L3 evict data volume [GBytes] | 5.696000e-06 |
|    L3 bandwidth [MBytes/s]    |   23934.6938 |
|    L3 data volume [GBytes]    | 3.686400e-05 |
+-------------------------------+--------------+

Region Generation, Group 1: L3
+-------------------+----------+
|    Region Info    |  Core 0  |
+-------------------+----------+
| RDTSC Runtime [s] | 0.669356 |
|     call count    |  4500000 |
+-------------------+----------+

+-----------------------+---------+-------------+
|         Event         | Counter |    Core 0   |
+-----------------------+---------+-------------+
|   INSTR_RETIRED_ANY   |  FIXC0  | 16439480000 |
| CPU_CLK_UNHALTED_CORE |  FIXC1  | 38539130000 |
|  CPU_CLK_UNHALTED_REF |  FIXC2  | 40051500000 |
|    L2_LINES_IN_ALL    |   PMC0  |   452511100 |
|     L2_TRANS_L2_WB    |   PMC1  |    76248360 |
+-----------------------+---------+-------------+

+-------------------------------+------------+
|             Metric            |   Core 0   |
+-------------------------------+------------+
|      Runtime (RDTSC) [s]      |     0.6694 |
|      Runtime unhalted [s]     |    14.8718 |
|          Clock [MHz]          |  2493.5687 |
|              CPI              |     2.3443 |
|  L3 load bandwidth [MBytes/s] | 43266.5478 |
|  L3 load data volume [GBytes] |    28.9607 |
| L3 evict bandwidth [MBytes/s] |  7290.4362 |
| L3 evict data volume [GBytes] |     4.8799 |
|    L3 bandwidth [MBytes/s]    | 50556.9840 |
|    L3 data volume [GBytes]    |    33.8406 |
+-------------------------------+------------+

Region Core, Group 1: L3
+-------------------+----------+
|    Region Info    |  Core 0  |
+-------------------+----------+
| RDTSC Runtime [s] | 0.027868 |
|     call count    |        1 |
+-------------------+----------+

+-----------------------+---------+-----------+
|         Event         | Counter |   Core 0  |
+-----------------------+---------+-----------+
|   INSTR_RETIRED_ANY   |  FIXC0  | 176218200 |
| CPU_CLK_UNHALTED_CORE |  FIXC1  |  68777590 |
|  CPU_CLK_UNHALTED_REF |  FIXC2  |  71475050 |
|    L2_LINES_IN_ALL    |   PMC0  |     34012 |
|     L2_TRANS_L2_WB    |   PMC1  |     12581 |
+-----------------------+---------+-----------+

+-------------------------------+-----------+
|             Metric            |   Core 0  |
+-------------------------------+-----------+
|      Runtime (RDTSC) [s]      |    0.0279 |
|      Runtime unhalted [s]     |    0.0265 |
|          Clock [MHz]          | 2493.6225 |
|              CPI              |    0.3903 |
|  L3 load bandwidth [MBytes/s] |   78.1099 |
|  L3 load data volume [GBytes] |    0.0022 |
| L3 evict bandwidth [MBytes/s] |   28.8928 |
| L3 evict data volume [GBytes] |    0.0008 |
|    L3 bandwidth [MBytes/s]    |  107.0027 |
|    L3 data volume [GBytes]    |    0.0030 |
+-------------------------------+-----------+

--------------------------------------------------------------------------------
CPU name:	Intel(R) Core(TM) i7-6500U CPU @ 2.50GHz
CPU type:	Intel Skylake processor
CPU clock:	2.59 GHz
--------------------------------------------------------------------------------
Bloom Join
-----------------
16384 Buckets 2 Hash Functions
Initialization: 0 ms 
Bloom Filter Generation: 229196 ms 
Join Core: 27 ms 
0 linhas
229226 ms 

--------------------------------------------------------------------------------
Region Initialization, Group 1: L3
+-------------------+----------+
|    Region Info    |  Core 0  |
+-------------------+----------+
| RDTSC Runtime [s] | 0.000004 |
|     call count    |        1 |
+-------------------+----------+

+-----------------------+---------+--------+
|         Event         | Counter | Core 0 |
+-----------------------+---------+--------+
|   INSTR_RETIRED_ANY   |  FIXC0  |   8318 |
| CPU_CLK_UNHALTED_CORE |  FIXC1  |  13640 |
|  CPU_CLK_UNHALTED_REF |  FIXC2  |  44388 |
|    L2_LINES_IN_ALL    |   PMC0  |    513 |
|     L2_TRANS_L2_WB    |   PMC1  |    118 |
+-----------------------+---------+--------+

+-------------------------------+--------------+
|             Metric            |    Core 0    |
+-------------------------------+--------------+
|      Runtime (RDTSC) [s]      | 4.490764e-06 |
|      Runtime unhalted [s]     | 5.262489e-06 |
|          Clock [MHz]          |     796.4746 |
|              CPI              |       1.6398 |
|  L3 load bandwidth [MBytes/s] |    7311.0054 |
|  L3 load data volume [GBytes] | 3.283200e-05 |
| L3 evict bandwidth [MBytes/s] |    1681.6738 |
| L3 evict data volume [GBytes] | 7.552000e-06 |
|    L3 bandwidth [MBytes/s]    |    8992.6792 |
|    L3 data volume [GBytes]    | 4.038400e-05 |
+-------------------------------+--------------+

Region Generation, Group 1: L3
+-------------------+----------+
|    Region Info    |  Core 0  |
+-------------------+----------+
| RDTSC Runtime [s] | 0.756384 |
|     call count    |  4500000 |
+-------------------+----------+

+-----------------------+---------+-------------+
|         Event         | Counter |    Core 0   |
+-----------------------+---------+-------------+
|   INSTR_RETIRED_ANY   |  FIXC0  | 16439480000 |
| CPU_CLK_UNHALTED_CORE |  FIXC1  | 37176840000 |
|  CPU_CLK_UNHALTED_REF |  FIXC2  | 38636950000 |
|    L2_LINES_IN_ALL    |   PMC0  |   632340900 |
|     L2_TRANS_L2_WB    |   PMC1  |   112714900 |
+-----------------------+---------+-------------+

+-------------------------------+------------+
|             Metric            |   Core 0   |
+-------------------------------+------------+
|      Runtime (RDTSC) [s]      |     0.7564 |
|      Runtime unhalted [s]     |    14.3433 |
|          Clock [MHz]          |  2493.9790 |
|              CPI              |     2.2614 |
|  L3 load bandwidth [MBytes/s] | 53504.3067 |
|  L3 load data volume [GBytes] |    40.4698 |
| L3 evict bandwidth [MBytes/s] |  9537.1541 |
| L3 evict data volume [GBytes] |     7.2138 |
|    L3 bandwidth [MBytes/s]    | 63041.4608 |
|    L3 data volume [GBytes]    |    47.6836 |
+-------------------------------+------------+

Region Core, Group 1: L3
+-------------------+----------+
|    Region Info    |  Core 0  |
+-------------------+----------+
| RDTSC Runtime [s] | 0.027391 |
|     call count    |        1 |
+-------------------+----------+

+-----------------------+---------+-----------+
|         Event         | Counter |   Core 0  |
+-----------------------+---------+-----------+
|   INSTR_RETIRED_ANY   |  FIXC0  | 176218200 |
| CPU_CLK_UNHALTED_CORE |  FIXC1  |  67492620 |
|  CPU_CLK_UNHALTED_REF |  FIXC2  |  70139300 |
|    L2_LINES_IN_ALL    |   PMC0  |     30871 |
|     L2_TRANS_L2_WB    |   PMC1  |     19290 |
+-----------------------+---------+-----------+

+-------------------------------+-----------+
|             Metric            |   Core 0  |
+-------------------------------+-----------+
|      Runtime (RDTSC) [s]      |    0.0274 |
|      Runtime unhalted [s]     |    0.0260 |
|          Clock [MHz]          | 2494.1239 |
|              CPI              |    0.3830 |
|  L3 load bandwidth [MBytes/s] |   72.1321 |
|  L3 load data volume [GBytes] |    0.0020 |
| L3 evict bandwidth [MBytes/s] |   45.0723 |
| L3 evict data volume [GBytes] |    0.0012 |
|    L3 bandwidth [MBytes/s]    |  117.2044 |
|    L3 data volume [GBytes]    |    0.0032 |
+-------------------------------+-----------+

--------------------------------------------------------------------------------
CPU name:	Intel(R) Core(TM) i7-6500U CPU @ 2.50GHz
CPU type:	Intel Skylake processor
CPU clock:	2.59 GHz
--------------------------------------------------------------------------------
Bloom Join
-----------------
16384 Buckets 2 Hash Functions
Initialization: 0 ms 
Bloom Filter Generation: 233179 ms 
Join Core: 27 ms 
0 linhas
233209 ms 

--------------------------------------------------------------------------------
Region Initialization, Group 1: L3
+-------------------+----------+
|    Region Info    |  Core 0  |
+-------------------+----------+
| RDTSC Runtime [s] | 0.000005 |
|     call count    |        1 |
+-------------------+----------+

+-----------------------+---------+--------+
|         Event         | Counter | Core 0 |
+-----------------------+---------+--------+
|   INSTR_RETIRED_ANY   |  FIXC0  |   8318 |
| CPU_CLK_UNHALTED_CORE |  FIXC1  |  14167 |
|  CPU_CLK_UNHALTED_REF |  FIXC2  |  46008 |
|    L2_LINES_IN_ALL    |   PMC0  |    409 |
|     L2_TRANS_L2_WB    |   PMC1  |     66 |
+-----------------------+---------+--------+

+-------------------------------+--------------+
|             Metric            |    Core 0    |
+-------------------------------+--------------+
|      Runtime (RDTSC) [s]      | 4.567928e-06 |
|      Runtime unhalted [s]     | 5.465707e-06 |
|          Clock [MHz]          |     798.1345 |
|              CPI              |       1.7032 |
|  L3 load bandwidth [MBytes/s] |    5730.3880 |
|  L3 load data volume [GBytes] | 2.617600e-05 |
| L3 evict bandwidth [MBytes/s] |     924.7081 |
| L3 evict data volume [GBytes] | 4.224000e-06 |
|    L3 bandwidth [MBytes/s]    |    6655.0961 |
|    L3 data volume [GBytes]    | 3.040000e-05 |
+-------------------------------+--------------+

Region Generation, Group 1: L3
+-------------------+----------+
|    Region Info    |  Core 0  |
+-------------------+----------+
| RDTSC Runtime [s] | 0.692217 |
|     call count    |  4500000 |
+-------------------+----------+

+-----------------------+---------+-------------+
|         Event         | Counter |    Core 0   |
+-----------------------+---------+-------------+
|   INSTR_RETIRED_ANY   |  FIXC0  | 16439480000 |
| CPU_CLK_UNHALTED_CORE |  FIXC1  | 39920310000 |
|  CPU_CLK_UNHALTED_REF |  FIXC2  | 41487710000 |
|    L2_LINES_IN_ALL    |   PMC0  |   598850200 |
|     L2_TRANS_L2_WB    |   PMC1  |   123123900 |
+-----------------------+---------+-------------+

+-------------------------------+------------+
|             Metric            |   Core 0   |
+-------------------------------+------------+
|      Runtime (RDTSC) [s]      |     0.6922 |
|      Runtime unhalted [s]     |    15.4015 |
|          Clock [MHz]          |  2494.0548 |
|              CPI              |     2.4283 |
|  L3 load bandwidth [MBytes/s] | 55367.6192 |
|  L3 load data volume [GBytes] |    38.3264 |
| L3 evict bandwidth [MBytes/s] | 11383.6101 |
| L3 evict data volume [GBytes] |     7.8799 |
|    L3 bandwidth [MBytes/s]    | 66751.2293 |
|    L3 data volume [GBytes]    |    46.2063 |
+-------------------------------+------------+

Region Core, Group 1: L3
+-------------------+----------+
|    Region Info    |  Core 0  |
+-------------------+----------+
| RDTSC Runtime [s] | 0.027389 |
|     call count    |        1 |
+-------------------+----------+

+-----------------------+---------+-----------+
|         Event         | Counter |   Core 0  |
+-----------------------+---------+-----------+
|   INSTR_RETIRED_ANY   |  FIXC0  | 176218200 |
| CPU_CLK_UNHALTED_CORE |  FIXC1  |  67510280 |
|  CPU_CLK_UNHALTED_REF |  FIXC2  |  70157660 |
|    L2_LINES_IN_ALL    |   PMC0  |     30745 |
|     L2_TRANS_L2_WB    |   PMC1  |     17772 |
+-----------------------+---------+-----------+

+-------------------------------+-----------+
|             Metric            |   Core 0  |
+-------------------------------+-----------+
|      Runtime (RDTSC) [s]      |    0.0274 |
|      Runtime unhalted [s]     |    0.0260 |
|          Clock [MHz]          | 2494.1718 |
|              CPI              |    0.3831 |
|  L3 load bandwidth [MBytes/s] |   71.8416 |
|  L3 load data volume [GBytes] |    0.0020 |
| L3 evict bandwidth [MBytes/s] |   41.5277 |
| L3 evict data volume [GBytes] |    0.0011 |
|    L3 bandwidth [MBytes/s]    |  113.3694 |
|    L3 data volume [GBytes]    |    0.0031 |
+-------------------------------+-----------+

--------------------------------------------------------------------------------
CPU name:	Intel(R) Core(TM) i7-6500U CPU @ 2.50GHz
CPU type:	Intel Skylake processor
CPU clock:	2.59 GHz
--------------------------------------------------------------------------------
Bloom Join
-----------------
16384 Buckets 2 Hash Functions
Initialization: 0 ms 
Bloom Filter Generation: 232549 ms 
Join Core: 28 ms 
0 linhas
232580 ms 

--------------------------------------------------------------------------------
Region Initialization, Group 1: L3
+-------------------+----------+
|    Region Info    |  Core 0  |
+-------------------+----------+
| RDTSC Runtime [s] | 0.000004 |
|     call count    |        1 |
+-------------------+----------+

+-----------------------+---------+--------+
|         Event         | Counter | Core 0 |
+-----------------------+---------+--------+
|   INSTR_RETIRED_ANY   |  FIXC0  |   8318 |
| CPU_CLK_UNHALTED_CORE |  FIXC1  |  13972 |
|  CPU_CLK_UNHALTED_REF |  FIXC2  |  45576 |
|    L2_LINES_IN_ALL    |   PMC0  |    525 |
|     L2_TRANS_L2_WB    |   PMC1  |     88 |
+-----------------------+---------+--------+

+-------------------------------+--------------+
|             Metric            |    Core 0    |
+-------------------------------+--------------+
|      Runtime (RDTSC) [s]      | 4.380105e-06 |
|      Runtime unhalted [s]     | 5.390654e-06 |
|          Clock [MHz]          |     794.5834 |
|              CPI              |       1.6797 |
|  L3 load bandwidth [MBytes/s] |    7671.0490 |
|  L3 load data volume [GBytes] | 3.360000e-05 |
| L3 evict bandwidth [MBytes/s] |    1285.8139 |
| L3 evict data volume [GBytes] | 5.632000e-06 |
|    L3 bandwidth [MBytes/s]    |    8956.8629 |
|    L3 data volume [GBytes]    | 3.923200e-05 |
+-------------------------------+--------------+

Region Generation, Group 1: L3
+-------------------+----------+
|    Region Info    |  Core 0  |
+-------------------+----------+
| RDTSC Runtime [s] | 0.803414 |
|     call count    |  4500000 |
+-------------------+----------+

+-----------------------+---------+-------------+
|         Event         | Counter |    Core 0   |
+-----------------------+---------+-------------+
|   INSTR_RETIRED_ANY   |  FIXC0  | 16439480000 |
| CPU_CLK_UNHALTED_CORE |  FIXC1  | 38832190000 |
|  CPU_CLK_UNHALTED_REF |  FIXC2  | 40356930000 |
|    L2_LINES_IN_ALL    |   PMC0  |   690259300 |
|     L2_TRANS_L2_WB    |   PMC1  |   127679000 |
+-----------------------+---------+-------------+

+-------------------------------+------------+
|             Metric            |   Core 0   |
+-------------------------------+------------+
|      Runtime (RDTSC) [s]      |     0.8034 |
|      Runtime unhalted [s]     |    14.9822 |
|          Clock [MHz]          |  2493.9679 |
|              CPI              |     2.3621 |
|  L3 load bandwidth [MBytes/s] | 54986.1182 |
|  L3 load data volume [GBytes] |    44.1766 |
| L3 evict bandwidth [MBytes/s] | 10170.9207 |
| L3 evict data volume [GBytes] |     8.1715 |
|    L3 bandwidth [MBytes/s]    | 65157.0389 |
|    L3 data volume [GBytes]    |    52.3481 |
+-------------------------------+------------+

Region Core, Group 1: L3
+-------------------+----------+
|    Region Info    |  Core 0  |
+-------------------+----------+
| RDTSC Runtime [s] | 0.028230 |
|     call count    |        1 |
+-------------------+----------+

+-----------------------+---------+-----------+
|         Event         | Counter |   Core 0  |
+-----------------------+---------+-----------+
|   INSTR_RETIRED_ANY   |  FIXC0  | 176218200 |
| CPU_CLK_UNHALTED_CORE |  FIXC1  |  69779210 |
|  CPU_CLK_UNHALTED_REF |  FIXC2  |  72516280 |
|    L2_LINES_IN_ALL    |   PMC0  |     32448 |
|     L2_TRANS_L2_WB    |   PMC1  |     17906 |
+-----------------------+---------+-----------+

+-------------------------------+-----------+
|             Metric            |   Core 0  |
+-------------------------------+-----------+
|      Runtime (RDTSC) [s]      |    0.0282 |
|      Runtime unhalted [s]     |    0.0269 |
|          Clock [MHz]          | 2494.0642 |
|              CPI              |    0.3960 |
|  L3 load bandwidth [MBytes/s] |   73.5615 |
|  L3 load data volume [GBytes] |    0.0021 |
| L3 evict bandwidth [MBytes/s] |   40.5939 |
| L3 evict data volume [GBytes] |    0.0011 |
|    L3 bandwidth [MBytes/s]    |  114.1554 |
|    L3 data volume [GBytes]    |    0.0032 |
+-------------------------------+-----------+

--------------------------------------------------------------------------------
CPU name:	Intel(R) Core(TM) i7-6500U CPU @ 2.50GHz
CPU type:	Intel Skylake processor
CPU clock:	2.59 GHz
--------------------------------------------------------------------------------
Bloom Join
-----------------
16384 Buckets 2 Hash Functions
Initialization: 0 ms 
Bloom Filter Generation: 194825 ms 
Join Core: 23 ms 
0 linhas
194850 ms 

--------------------------------------------------------------------------------
Region Initialization, Group 1: L3
+-------------------+----------+
|    Region Info    |  Core 0  |
+-------------------+----------+
| RDTSC Runtime [s] | 0.000004 |
|     call count    |        1 |
+-------------------+----------+

+-----------------------+---------+--------+
|         Event         | Counter | Core 0 |
+-----------------------+---------+--------+
|   INSTR_RETIRED_ANY   |  FIXC0  |   8318 |
| CPU_CLK_UNHALTED_CORE |  FIXC1  |  14382 |
|  CPU_CLK_UNHALTED_REF |  FIXC2  |  46440 |
|    L2_LINES_IN_ALL    |   PMC0  |    479 |
|     L2_TRANS_L2_WB    |   PMC1  |     92 |
+-----------------------+---------+--------+

+-------------------------------+--------------+
|             Metric            |    Core 0    |
+-------------------------------+--------------+
|      Runtime (RDTSC) [s]      | 4.471470e-06 |
|      Runtime unhalted [s]     | 5.550290e-06 |
|          Clock [MHz]          |     802.4734 |
|              CPI              |       1.7290 |
|  L3 load bandwidth [MBytes/s] |    6855.9109 |
|  L3 load data volume [GBytes] | 3.065600e-05 |
| L3 evict bandwidth [MBytes/s] |    1316.7929 |
| L3 evict data volume [GBytes] | 5.888000e-06 |
|    L3 bandwidth [MBytes/s]    |    8172.7038 |
|    L3 data volume [GBytes]    | 3.654400e-05 |
+-------------------------------+--------------+

Region Generation, Group 1: L3
+-------------------+----------+
|    Region Info    |  Core 0  |
+-------------------+----------+
| RDTSC Runtime [s] | 0.616476 |
|     call count    |  4500000 |
+-------------------+----------+

+-----------------------+---------+-------------+
|         Event         | Counter |    Core 0   |
+-----------------------+---------+-------------+
|   INSTR_RETIRED_ANY   |  FIXC0  | 16440400000 |
| CPU_CLK_UNHALTED_CORE |  FIXC1  | 39787940000 |
|  CPU_CLK_UNHALTED_REF |  FIXC2  | 33527770000 |
|    L2_LINES_IN_ALL    |   PMC0  |   595633300 |
|     L2_TRANS_L2_WB    |   PMC1  |   105094700 |
+-----------------------+---------+-------------+

+-------------------------------+------------+
|             Metric            |   Core 0   |
+-------------------------------+------------+
|      Runtime (RDTSC) [s]      |     0.6165 |
|      Runtime unhalted [s]     |    15.3549 |
|          Clock [MHz]          |  3075.0373 |
|              CPI              |     2.4201 |
|  L3 load bandwidth [MBytes/s] | 61836.2368 |
|  L3 load data volume [GBytes] |    38.1205 |
| L3 evict bandwidth [MBytes/s] | 10910.5061 |
| L3 evict data volume [GBytes] |     6.7261 |
|    L3 bandwidth [MBytes/s]    | 72746.7429 |
|    L3 data volume [GBytes]    |    44.8466 |
+-------------------------------+------------+

Region Core, Group 1: L3
+-------------------+----------+
|    Region Info    |  Core 0  |
+-------------------+----------+
| RDTSC Runtime [s] | 0.022806 |
|     call count    |        1 |
+-------------------+----------+

+-----------------------+---------+-----------+
|         Event         | Counter |   Core 0  |
+-----------------------+---------+-----------+
|   INSTR_RETIRED_ANY   |  FIXC0  | 176218200 |
| CPU_CLK_UNHALTED_CORE |  FIXC1  |  67844530 |
|  CPU_CLK_UNHALTED_REF |  FIXC2  |  57060400 |
|    L2_LINES_IN_ALL    |   PMC0  |     31124 |
|     L2_TRANS_L2_WB    |   PMC1  |     20480 |
+-----------------------+---------+-----------+

+-------------------------------+-----------+
|             Metric            |   Core 0  |
+-------------------------------+-----------+
|      Runtime (RDTSC) [s]      |    0.0228 |
|      Runtime unhalted [s]     |    0.0262 |
|          Clock [MHz]          | 3080.9427 |
|              CPI              |    0.3850 |
|  L3 load bandwidth [MBytes/s] |   87.3443 |
|  L3 load data volume [GBytes] |    0.0020 |
| L3 evict bandwidth [MBytes/s] |   57.4737 |
| L3 evict data volume [GBytes] |    0.0013 |
|    L3 bandwidth [MBytes/s]    |  144.8180 |
|    L3 data volume [GBytes]    |    0.0033 |
+-------------------------------+-----------+

--------------------------------------------------------------------------------
CPU name:	Intel(R) Core(TM) i7-6500U CPU @ 2.50GHz
CPU type:	Intel Skylake processor
CPU clock:	2.59 GHz
--------------------------------------------------------------------------------
Bloom Join
-----------------
16384 Buckets 2 Hash Functions
Initialization: 0 ms 
Bloom Filter Generation: 190491 ms 
Join Core: 23 ms 
0 linhas
190516 ms 

--------------------------------------------------------------------------------
Region Initialization, Group 1: L3
+-------------------+----------+
|    Region Info    |  Core 0  |
+-------------------+----------+
| RDTSC Runtime [s] | 0.000004 |
|     call count    |        1 |
+-------------------+----------+

+-----------------------+---------+--------+
|         Event         | Counter | Core 0 |
+-----------------------+---------+--------+
|   INSTR_RETIRED_ANY   |  FIXC0  |   8318 |
| CPU_CLK_UNHALTED_CORE |  FIXC1  |  13635 |
|  CPU_CLK_UNHALTED_REF |  FIXC2  |  43848 |
|    L2_LINES_IN_ALL    |   PMC0  |    445 |
|     L2_TRANS_L2_WB    |   PMC1  |     88 |
+-----------------------+---------+--------+

+-------------------------------+--------------+
|             Metric            |    Core 0    |
+-------------------------------+--------------+
|      Runtime (RDTSC) [s]      | 4.098019e-06 |
|      Runtime unhalted [s]     | 5.260429e-06 |
|          Clock [MHz]          |     806.0080 |
|              CPI              |       1.6392 |
|  L3 load bandwidth [MBytes/s] |    6949.6994 |
|  L3 load data volume [GBytes] | 2.848000e-05 |
| L3 evict bandwidth [MBytes/s] |    1374.3226 |
| L3 evict data volume [GBytes] | 5.632000e-06 |
|    L3 bandwidth [MBytes/s]    |    8324.0219 |
|    L3 data volume [GBytes]    | 3.411200e-05 |
+-------------------------------+--------------+

Region Generation, Group 1: L3
+-------------------+----------+
|    Region Info    |  Core 0  |
+-------------------+----------+
| RDTSC Runtime [s] | 0.599162 |
|     call count    |  4500000 |
+-------------------+----------+

+-----------------------+---------+-------------+
|         Event         | Counter |    Core 0   |
+-----------------------+---------+-------------+
|   INSTR_RETIRED_ANY   |  FIXC0  | 16439480000 |
| CPU_CLK_UNHALTED_CORE |  FIXC1  | 37834890000 |
|  CPU_CLK_UNHALTED_REF |  FIXC2  | 31884750000 |
|    L2_LINES_IN_ALL    |   PMC0  |   471987300 |
|     L2_TRANS_L2_WB    |   PMC1  |   114966100 |
+-----------------------+---------+-------------+

+-------------------------------+------------+
|             Metric            |   Core 0   |
+-------------------------------+------------+
|      Runtime (RDTSC) [s]      |     0.5992 |
|      Runtime unhalted [s]     |    14.5968 |
|          Clock [MHz]          |  3075.6963 |
|              CPI              |     2.3015 |
|  L3 load bandwidth [MBytes/s] | 50415.7596 |
|  L3 load data volume [GBytes] |    30.2072 |
| L3 evict bandwidth [MBytes/s] | 12280.2102 |
| L3 evict data volume [GBytes] |     7.3578 |
|    L3 bandwidth [MBytes/s]    | 62695.9698 |
|    L3 data volume [GBytes]    |    37.5650 |
+-------------------------------+------------+

Region Core, Group 1: L3
+-------------------+----------+
|    Region Info    |  Core 0  |
+-------------------+----------+
| RDTSC Runtime [s] | 0.022998 |
|     call count    |        1 |
+-------------------+----------+

+-----------------------+---------+-----------+
|         Event         | Counter |   Core 0  |
+-----------------------+---------+-----------+
|   INSTR_RETIRED_ANY   |  FIXC0  | 176218200 |
| CPU_CLK_UNHALTED_CORE |  FIXC1  |  67698760 |
|  CPU_CLK_UNHALTED_REF |  FIXC2  |  56979180 |
|    L2_LINES_IN_ALL    |   PMC0  |     31118 |
|     L2_TRANS_L2_WB    |   PMC1  |     19355 |
+-----------------------+---------+-----------+

+-------------------------------+-----------+
|             Metric            |   Core 0  |
+-------------------------------+-----------+
|      Runtime (RDTSC) [s]      |    0.0230 |
|      Runtime unhalted [s]     |    0.0261 |
|          Clock [MHz]          | 3079.6297 |
|              CPI              |    0.3842 |
|  L3 load bandwidth [MBytes/s] |   86.5951 |
|  L3 load data volume [GBytes] |    0.0020 |
| L3 evict bandwidth [MBytes/s] |   53.8610 |
| L3 evict data volume [GBytes] |    0.0012 |
|    L3 bandwidth [MBytes/s]    |  140.4561 |
|    L3 data volume [GBytes]    |    0.0032 |
+-------------------------------+-----------+

--------------------------------------------------------------------------------
CPU name:	Intel(R) Core(TM) i7-6500U CPU @ 2.50GHz
CPU type:	Intel Skylake processor
CPU clock:	2.59 GHz
--------------------------------------------------------------------------------
Bloom Join
-----------------
16384 Buckets 2 Hash Functions
Initialization: 0 ms 
Bloom Filter Generation: 228121 ms 
Join Core: 27 ms 
0 linhas
228151 ms 

--------------------------------------------------------------------------------
Region Initialization, Group 1: L3
+-------------------+----------+
|    Region Info    |  Core 0  |
+-------------------+----------+
| RDTSC Runtime [s] | 0.000005 |
|     call count    |        1 |
+-------------------+----------+

+-----------------------+---------+--------+
|         Event         | Counter | Core 0 |
+-----------------------+---------+--------+
|   INSTR_RETIRED_ANY   |  FIXC0  |   8318 |
| CPU_CLK_UNHALTED_CORE |  FIXC1  |  16364 |
|  CPU_CLK_UNHALTED_REF |  FIXC2  |  53028 |
|    L2_LINES_IN_ALL    |   PMC0  |    493 |
|     L2_TRANS_L2_WB    |   PMC1  |     92 |
+-----------------------+---------+--------+

+-------------------------------+--------------+
|             Metric            |    Core 0    |
+-------------------------------+--------------+
|      Runtime (RDTSC) [s]      | 4.596053e-06 |
|      Runtime unhalted [s]     | 6.313300e-06 |
|          Clock [MHz]          |     799.8660 |
|              CPI              |       1.9673 |
|  L3 load bandwidth [MBytes/s] |    6865.0209 |
|  L3 load data volume [GBytes] | 3.155200e-05 |
| L3 evict bandwidth [MBytes/s] |    1281.0992 |
| L3 evict data volume [GBytes] | 5.888000e-06 |
|    L3 bandwidth [MBytes/s]    |    8146.1202 |
|    L3 data volume [GBytes]    | 3.744000e-05 |
+-------------------------------+--------------+

Region Generation, Group 1: L3
+-------------------+----------+
|    Region Info    |  Core 0  |
+-------------------+----------+
| RDTSC Runtime [s] | 0.687441 |
|     call count    |  4500000 |
+-------------------+----------+

+-----------------------+---------+-------------+
|         Event         | Counter |    Core 0   |
+-----------------------+---------+-------------+
|   INSTR_RETIRED_ANY   |  FIXC0  | 16439810000 |
| CPU_CLK_UNHALTED_CORE |  FIXC1  | 38333390000 |
|  CPU_CLK_UNHALTED_REF |  FIXC2  | 39838230000 |
|    L2_LINES_IN_ALL    |   PMC0  |   516806000 |
|     L2_TRANS_L2_WB    |   PMC1  |    83793500 |
+-----------------------+---------+-------------+

+-------------------------------+------------+
|             Metric            |   Core 0   |
+-------------------------------+------------+
|      Runtime (RDTSC) [s]      |     0.6874 |
|      Runtime unhalted [s]     |    14.7892 |
|          Clock [MHz]          |  2494.0791 |
|              CPI              |     2.3317 |
|  L3 load bandwidth [MBytes/s] | 48114.0904 |
|  L3 load data volume [GBytes] |    33.0756 |
| L3 evict bandwidth [MBytes/s] |  7801.0860 |
| L3 evict data volume [GBytes] |     5.3628 |
|    L3 bandwidth [MBytes/s]    | 55915.1764 |
|    L3 data volume [GBytes]    |    38.4384 |
+-------------------------------+------------+

Region Core, Group 1: L3
+-------------------+----------+
|    Region Info    |  Core 0  |
+-------------------+----------+
| RDTSC Runtime [s] | 0.027664 |
|     call count    |        1 |
+-------------------+----------+

+-----------------------+---------+-----------+
|         Event         | Counter |   Core 0  |
+-----------------------+---------+-----------+
|   INSTR_RETIRED_ANY   |  FIXC0  | 176218200 |
| CPU_CLK_UNHALTED_CORE |  FIXC1  |  68282720 |
|  CPU_CLK_UNHALTED_REF |  FIXC2  |  70960970 |
|    L2_LINES_IN_ALL    |   PMC0  |     31375 |
|     L2_TRANS_L2_WB    |   PMC1  |     19273 |
+-----------------------+---------+-----------+

+-------------------------------+-----------+
|             Metric            |   Core 0  |
+-------------------------------+-----------+
|      Runtime (RDTSC) [s]      |    0.0277 |
|      Runtime unhalted [s]     |    0.0263 |
|          Clock [MHz]          | 2494.1600 |
|              CPI              |    0.3875 |
|  L3 load bandwidth [MBytes/s] |   72.5858 |
|  L3 load data volume [GBytes] |    0.0020 |
| L3 evict bandwidth [MBytes/s] |   44.5879 |
| L3 evict data volume [GBytes] |    0.0012 |
|    L3 bandwidth [MBytes/s]    |  117.1738 |
|    L3 data volume [GBytes]    |    0.0032 |
+-------------------------------+-----------+

--------------------------------------------------------------------------------
CPU name:	Intel(R) Core(TM) i7-6500U CPU @ 2.50GHz
CPU type:	Intel Skylake processor
CPU clock:	2.59 GHz
--------------------------------------------------------------------------------
Bloom Join
-----------------
16384 Buckets 2 Hash Functions
Initialization: 0 ms 
Bloom Filter Generation: 239773 ms 
Join Core: 28 ms 
0 linhas
239804 ms 

--------------------------------------------------------------------------------
Region Initialization, Group 1: TLB_DATA
+-------------------+----------+
|    Region Info    |  Core 0  |
+-------------------+----------+
| RDTSC Runtime [s] | 0.000004 |
|     call count    |        1 |
+-------------------+----------+

+---------------------------------+---------+--------+
|              Event              | Counter | Core 0 |
+---------------------------------+---------+--------+
|        INSTR_RETIRED_ANY        |  FIXC0  |   8504 |
|      CPU_CLK_UNHALTED_CORE      |  FIXC1  |  14559 |
|       CPU_CLK_UNHALTED_REF      |  FIXC2  |  47196 |
|  DTLB_LOAD_MISSES_CAUSES_A_WALK |   PMC0  |     69 |
| DTLB_STORE_MISSES_CAUSES_A_WALK |   PMC1  |      5 |
|   DTLB_LOAD_MISSES_WALK_ACTIVE  |   PMC2  |   1998 |
|  DTLB_STORE_MISSES_WALK_ACTIVE  |   PMC3  |    155 |
+---------------------------------+---------+--------+

+-----------------------------------+--------------+
|               Metric              |    Core 0    |
+-----------------------------------+--------------+
|        Runtime (RDTSC) [s]        | 4.392813e-06 |
|        Runtime unhalted [s]       | 5.616908e-06 |
|            Clock [MHz]            |     799.5776 |
|                CPI                |       1.7120 |
|        L1 DTLB load misses        |           69 |
|       L1 DTLB load miss rate      |       0.0081 |
|  L1 DTLB load miss duration [Cyc] |      28.9565 |
|        L1 DTLB store misses       |            5 |
|      L1 DTLB store miss rate      |       0.0006 |
| L1 DTLB store miss duration [Cyc] |           31 |
+-----------------------------------+--------------+

Region Generation, Group 1: TLB_DATA
+-------------------+----------+
|    Region Info    |  Core 0  |
+-------------------+----------+
| RDTSC Runtime [s] | 0.569057 |
|     call count    |  4500000 |
+-------------------+----------+

+---------------------------------+---------+-------------+
|              Event              | Counter |    Core 0   |
+---------------------------------+---------+-------------+
|        INSTR_RETIRED_ANY        |  FIXC0  | 17276480000 |
|      CPU_CLK_UNHALTED_CORE      |  FIXC1  | 38986450000 |
|       CPU_CLK_UNHALTED_REF      |  FIXC2  | 33496540000 |
|  DTLB_LOAD_MISSES_CAUSES_A_WALK |   PMC0  |   266785600 |
| DTLB_STORE_MISSES_CAUSES_A_WALK |   PMC1  |    26273860 |
|   DTLB_LOAD_MISSES_WALK_ACTIVE  |   PMC2  |  7766415000 |
|  DTLB_STORE_MISSES_WALK_ACTIVE  |   PMC3  |   737496200 |
+---------------------------------+---------+-------------+

+-----------------------------------+-----------+
|               Metric              |   Core 0  |
+-----------------------------------+-----------+
|        Runtime (RDTSC) [s]        |    0.5691 |
|        Runtime unhalted [s]       |   15.0411 |
|            Clock [MHz]            | 3016.8103 |
|                CPI                |    2.2566 |
|        L1 DTLB load misses        | 266785600 |
|       L1 DTLB load miss rate      |    0.0154 |
|  L1 DTLB load miss duration [Cyc] |   29.1111 |
|        L1 DTLB store misses       |  26273860 |
|      L1 DTLB store miss rate      |    0.0015 |
| L1 DTLB store miss duration [Cyc] |   28.0696 |
+-----------------------------------+-----------+

Region Core, Group 1: TLB_DATA
+-------------------+----------+
|    Region Info    |  Core 0  |
+-------------------+----------+
| RDTSC Runtime [s] | 0.027938 |
|     call count    |        1 |
+-------------------+----------+

+---------------------------------+---------+-----------+
|              Event              | Counter |   Core 0  |
+---------------------------------+---------+-----------+
|        INSTR_RETIRED_ANY        |  FIXC0  | 176218400 |
|      CPU_CLK_UNHALTED_CORE      |  FIXC1  |  69025480 |
|       CPU_CLK_UNHALTED_REF      |  FIXC2  |  71732200 |
|  DTLB_LOAD_MISSES_CAUSES_A_WALK |   PMC0  |       444 |
| DTLB_STORE_MISSES_CAUSES_A_WALK |   PMC1  |        11 |
|   DTLB_LOAD_MISSES_WALK_ACTIVE  |   PMC2  |     16264 |
|  DTLB_STORE_MISSES_WALK_ACTIVE  |   PMC3  |       509 |
+---------------------------------+---------+-----------+

+-----------------------------------+--------------+
|               Metric              |    Core 0    |
+-----------------------------------+--------------+
|        Runtime (RDTSC) [s]        |       0.0279 |
|        Runtime unhalted [s]       |       0.0266 |
|            Clock [MHz]            |    2494.1901 |
|                CPI                |       0.3917 |
|        L1 DTLB load misses        |          444 |
|       L1 DTLB load miss rate      | 2.519601e-06 |
|  L1 DTLB load miss duration [Cyc] |      36.6306 |
|        L1 DTLB store misses       |           11 |
|      L1 DTLB store miss rate      | 6.242254e-08 |
| L1 DTLB store miss duration [Cyc] |      46.2727 |
+-----------------------------------+--------------+

