--------------------------------------------------------------------------------
CPU name:	Intel(R) Core(TM) i7-6500U CPU @ 2.50GHz
CPU type:	Intel Skylake processor
CPU clock:	2.59 GHz
--------------------------------------------------------------------------------
Bloom Join
-----------------
32768 Buckets 3 Hash Functions
Initialization: 0 ms 
Bloom Filter Generation: 344021 ms 
Join Core: 34 ms 
0 linhas
344057 ms 

--------------------------------------------------------------------------------
Region Initialization, Group 1: L2
+-------------------+----------+
|    Region Info    |  Core 0  |
+-------------------+----------+
| RDTSC Runtime [s] | 0.000003 |
|     call count    |        1 |
+-------------------+----------+

+-----------------------+---------+--------+
|         Event         | Counter | Core 0 |
+-----------------------+---------+--------+
|   INSTR_RETIRED_ANY   |  FIXC0  |  11995 |
| CPU_CLK_UNHALTED_CORE |  FIXC1  |  17317 |
|  CPU_CLK_UNHALTED_REF |  FIXC2  |  20520 |
|    L1D_REPLACEMENT    |   PMC0  |    350 |
|      L1D_M_EVICT      |   PMC1  |    127 |
| ICACHE_64B_IFTAG_MISS |   PMC2  |    560 |
+-----------------------+---------+--------+

+--------------------------------+--------------+
|             Metric             |    Core 0    |
+--------------------------------+--------------+
|       Runtime (RDTSC) [s]      | 2.649865e-06 |
|      Runtime unhalted [s]      | 6.681051e-06 |
|           Clock [MHz]          |    2187.3746 |
|               CPI              |       1.4437 |
|  L2D load bandwidth [MBytes/s] |    8453.2608 |
|  L2D load data volume [GBytes] | 2.240000e-05 |
| L2D evict bandwidth [MBytes/s] |    3067.3261 |
| L2D evict data volume [GBytes] | 8.128000e-06 |
|     L2 bandwidth [MBytes/s]    |   25045.8042 |
|     L2 data volume [GBytes]    |       0.0001 |
+--------------------------------+--------------+

Region Generation, Group 1: L2
+-------------------+----------+
|    Region Info    |  Core 0  |
+-------------------+----------+
| RDTSC Runtime [s] | 0.990095 |
|     call count    |  6000000 |
+-------------------+----------+

+-----------------------+---------+-------------+
|         Event         | Counter |    Core 0   |
+-----------------------+---------+-------------+
|   INSTR_RETIRED_ANY   |  FIXC0  | 22471490000 |
| CPU_CLK_UNHALTED_CORE |  FIXC1  | 53356510000 |
|  CPU_CLK_UNHALTED_REF |  FIXC2  | 55450370000 |
|    L1D_REPLACEMENT    |   PMC0  |  1160540000 |
|      L1D_M_EVICT      |   PMC1  |   374390500 |
| ICACHE_64B_IFTAG_MISS |   PMC2  |  2466540000 |
+-----------------------+---------+-------------+

+--------------------------------+-------------+
|             Metric             |    Core 0   |
+--------------------------------+-------------+
|       Runtime (RDTSC) [s]      |      0.9901 |
|      Runtime unhalted [s]      |     20.5854 |
|           Clock [MHz]          |   2494.0826 |
|               CPI              |      2.3744 |
|  L2D load bandwidth [MBytes/s] |  75017.6322 |
|  L2D load data volume [GBytes] |     74.2746 |
| L2D evict bandwidth [MBytes/s] |  24200.7073 |
| L2D evict data volume [GBytes] |     23.9610 |
|     L2 bandwidth [MBytes/s]    | 258656.1791 |
|     L2 data volume [GBytes]    |    256.0941 |
+--------------------------------+-------------+

Region Core, Group 1: L2
+-------------------+----------+
|    Region Info    |  Core 0  |
+-------------------+----------+
| RDTSC Runtime [s] | 0.034319 |
|     call count    |        1 |
+-------------------+----------+

+-----------------------+---------+-----------+
|         Event         | Counter |   Core 0  |
+-----------------------+---------+-----------+
|   INSTR_RETIRED_ANY   |  FIXC0  | 201371500 |
| CPU_CLK_UNHALTED_CORE |  FIXC1  |  85021550 |
|  CPU_CLK_UNHALTED_REF |  FIXC2  |  88355560 |
|    L1D_REPLACEMENT    |   PMC0  |     29178 |
|      L1D_M_EVICT      |   PMC1  |       948 |
| ICACHE_64B_IFTAG_MISS |   PMC2  |      1292 |
+-----------------------+---------+-----------+

+--------------------------------+-----------+
|             Metric             |   Core 0  |
+--------------------------------+-----------+
|       Runtime (RDTSC) [s]      |    0.0343 |
|      Runtime unhalted [s]      |    0.0328 |
|           Clock [MHz]          | 2494.1525 |
|               CPI              |    0.4222 |
|  L2D load bandwidth [MBytes/s] |   54.4131 |
|  L2D load data volume [GBytes] |    0.0019 |
| L2D evict bandwidth [MBytes/s] |    1.7679 |
| L2D evict data volume [GBytes] |    0.0001 |
|     L2 bandwidth [MBytes/s]    |   58.5904 |
|     L2 data volume [GBytes]    |    0.0020 |
+--------------------------------+-----------+

--------------------------------------------------------------------------------
CPU name:	Intel(R) Core(TM) i7-6500U CPU @ 2.50GHz
CPU type:	Intel Skylake processor
CPU clock:	2.59 GHz
--------------------------------------------------------------------------------
Bloom Join
-----------------
32768 Buckets 3 Hash Functions
Initialization: 0 ms 
Bloom Filter Generation: 337933 ms 
Join Core: 34 ms 
0 linhas
337969 ms 

--------------------------------------------------------------------------------
Region Initialization, Group 1: L2
+-------------------+----------+
|    Region Info    |  Core 0  |
+-------------------+----------+
| RDTSC Runtime [s] | 0.000003 |
|     call count    |        1 |
+-------------------+----------+

+-----------------------+---------+--------+
|         Event         | Counter | Core 0 |
+-----------------------+---------+--------+
|   INSTR_RETIRED_ANY   |  FIXC0  |  11995 |
| CPU_CLK_UNHALTED_CORE |  FIXC1  |  17718 |
|  CPU_CLK_UNHALTED_REF |  FIXC2  |  23544 |
|    L1D_REPLACEMENT    |   PMC0  |    359 |
|      L1D_M_EVICT      |   PMC1  |    132 |
| ICACHE_64B_IFTAG_MISS |   PMC2  |    642 |
+-----------------------+---------+--------+

+--------------------------------+--------------+
|             Metric             |    Core 0    |
+--------------------------------+--------------+
|       Runtime (RDTSC) [s]      | 3.330313e-06 |
|      Runtime unhalted [s]      | 6.835697e-06 |
|           Clock [MHz]          |    1950.5915 |
|               CPI              |       1.4771 |
|  L2D load bandwidth [MBytes/s] |    6899.0512 |
|  L2D load data volume [GBytes] | 2.297600e-05 |
| L2D evict bandwidth [MBytes/s] |    2536.6985 |
| L2D evict data volume [GBytes] | 8.448000e-06 |
|     L2 bandwidth [MBytes/s]    |   21773.3288 |
|     L2 data volume [GBytes]    |       0.0001 |
+--------------------------------+--------------+

Region Generation, Group 1: L2
+-------------------+----------+
|    Region Info    |  Core 0  |
+-------------------+----------+
| RDTSC Runtime [s] | 0.881281 |
|     call count    |  6000000 |
+-------------------+----------+

+-----------------------+---------+-------------+
|         Event         | Counter |    Core 0   |
+-----------------------+---------+-------------+
|   INSTR_RETIRED_ANY   |  FIXC0  | 22471490000 |
| CPU_CLK_UNHALTED_CORE |  FIXC1  | 50640290000 |
|  CPU_CLK_UNHALTED_REF |  FIXC2  | 52627830000 |
|    L1D_REPLACEMENT    |   PMC0  |  1173133000 |
|      L1D_M_EVICT      |   PMC1  |   363205900 |
| ICACHE_64B_IFTAG_MISS |   PMC2  |  2164601000 |
+-----------------------+---------+-------------+

+--------------------------------+-------------+
|             Metric             |    Core 0   |
+--------------------------------+-------------+
|       Runtime (RDTSC) [s]      |      0.8813 |
|      Runtime unhalted [s]      |     19.5373 |
|           Clock [MHz]          |   2494.0927 |
|               CPI              |      2.2535 |
|  L2D load bandwidth [MBytes/s] |  85194.7375 |
|  L2D load data volume [GBytes] |     75.0805 |
| L2D evict bandwidth [MBytes/s] |  26376.5756 |
| L2D evict data volume [GBytes] |     23.2452 |
|     L2 bandwidth [MBytes/s]    | 268767.9942 |
|     L2 data volume [GBytes]    |    236.8602 |
+--------------------------------+-------------+

Region Core, Group 1: L2
+-------------------+----------+
|    Region Info    |  Core 0  |
+-------------------+----------+
| RDTSC Runtime [s] | 0.034337 |
|     call count    |        1 |
+-------------------+----------+

+-----------------------+---------+-----------+
|         Event         | Counter |   Core 0  |
+-----------------------+---------+-----------+
|   INSTR_RETIRED_ANY   |  FIXC0  | 201371500 |
| CPU_CLK_UNHALTED_CORE |  FIXC1  |  85025600 |
|  CPU_CLK_UNHALTED_REF |  FIXC2  |  88359770 |
|    L1D_REPLACEMENT    |   PMC0  |     29192 |
|      L1D_M_EVICT      |   PMC1  |       886 |
| ICACHE_64B_IFTAG_MISS |   PMC2  |      1366 |
+-----------------------+---------+-----------+

+--------------------------------+-----------+
|             Metric             |   Core 0  |
+--------------------------------+-----------+
|       Runtime (RDTSC) [s]      |    0.0343 |
|      Runtime unhalted [s]      |    0.0328 |
|           Clock [MHz]          | 2494.1755 |
|               CPI              |    0.4222 |
|  L2D load bandwidth [MBytes/s] |   54.4104 |
|  L2D load data volume [GBytes] |    0.0019 |
| L2D evict bandwidth [MBytes/s] |    1.6514 |
| L2D evict data volume [GBytes] |    0.0001 |
|     L2 bandwidth [MBytes/s]    |   58.6078 |
|     L2 data volume [GBytes]    |    0.0020 |
+--------------------------------+-----------+

--------------------------------------------------------------------------------
CPU name:	Intel(R) Core(TM) i7-6500U CPU @ 2.50GHz
CPU type:	Intel Skylake processor
CPU clock:	2.59 GHz
--------------------------------------------------------------------------------
Bloom Join
-----------------
32768 Buckets 3 Hash Functions
Initialization: 0 ms 
Bloom Filter Generation: 344105 ms 
Join Core: 34 ms 
0 linhas
344141 ms 

--------------------------------------------------------------------------------
Region Initialization, Group 1: L2
+-------------------+----------+
|    Region Info    |  Core 0  |
+-------------------+----------+
| RDTSC Runtime [s] | 0.000006 |
|     call count    |        1 |
+-------------------+----------+

+-----------------------+---------+--------+
|         Event         | Counter | Core 0 |
+-----------------------+---------+--------+
|   INSTR_RETIRED_ANY   |  FIXC0  |  11995 |
| CPU_CLK_UNHALTED_CORE |  FIXC1  |  15977 |
|  CPU_CLK_UNHALTED_REF |  FIXC2  |  51840 |
|    L1D_REPLACEMENT    |   PMC0  |    361 |
|      L1D_M_EVICT      |   PMC1  |    118 |
| ICACHE_64B_IFTAG_MISS |   PMC2  |    631 |
+-----------------------+---------+--------+

+--------------------------------+--------------+
|             Metric             |    Core 0    |
+--------------------------------+--------------+
|       Runtime (RDTSC) [s]      | 6.409885e-06 |
|      Runtime unhalted [s]      | 6.163990e-06 |
|           Clock [MHz]          |     798.8469 |
|               CPI              |       1.3320 |
|  L2D load bandwidth [MBytes/s] |    3604.4328 |
|  L2D load data volume [GBytes] | 2.310400e-05 |
| L2D evict bandwidth [MBytes/s] |    1178.1803 |
| L2D evict data volume [GBytes] | 7.552000e-06 |
|     L2 bandwidth [MBytes/s]    |   11082.8821 |
|     L2 data volume [GBytes]    |       0.0001 |
+--------------------------------+--------------+

Region Generation, Group 1: L2
+-------------------+----------+
|    Region Info    |  Core 0  |
+-------------------+----------+
| RDTSC Runtime [s] | 0.949310 |
|     call count    |  6000000 |
+-------------------+----------+

+-----------------------+---------+-------------+
|         Event         | Counter |    Core 0   |
+-----------------------+---------+-------------+
|   INSTR_RETIRED_ANY   |  FIXC0  | 22471490000 |
| CPU_CLK_UNHALTED_CORE |  FIXC1  | 52190420000 |
|  CPU_CLK_UNHALTED_REF |  FIXC2  | 54239260000 |
|    L1D_REPLACEMENT    |   PMC0  |  1249841000 |
|      L1D_M_EVICT      |   PMC1  |   373204300 |
| ICACHE_64B_IFTAG_MISS |   PMC2  |  2429322000 |
+-----------------------+---------+-------------+

+--------------------------------+-------------+
|             Metric             |    Core 0   |
+--------------------------------+-------------+
|       Runtime (RDTSC) [s]      |      0.9493 |
|      Runtime unhalted [s]      |     20.1353 |
|           Clock [MHz]          |   2494.0797 |
|               CPI              |      2.3225 |
|  L2D load bandwidth [MBytes/s] |  84260.9971 |
|  L2D load data volume [GBytes] |     79.9898 |
| L2D evict bandwidth [MBytes/s] |  25160.4536 |
| L2D evict data volume [GBytes] |     23.8851 |
|     L2 bandwidth [MBytes/s]    | 273199.9585 |
|     L2 data volume [GBytes]    |    259.3515 |
+--------------------------------+-------------+

Region Core, Group 1: L2
+-------------------+----------+
|    Region Info    |  Core 0  |
+-------------------+----------+
| RDTSC Runtime [s] | 0.034351 |
|     call count    |        1 |
+-------------------+----------+

+-----------------------+---------+-----------+
|         Event         | Counter |   Core 0  |
+-----------------------+---------+-----------+
|   INSTR_RETIRED_ANY   |  FIXC0  | 201371500 |
| CPU_CLK_UNHALTED_CORE |  FIXC1  |  85026900 |
|  CPU_CLK_UNHALTED_REF |  FIXC2  |  88361390 |
|    L1D_REPLACEMENT    |   PMC0  |     29176 |
|      L1D_M_EVICT      |   PMC1  |       861 |
| ICACHE_64B_IFTAG_MISS |   PMC2  |      1415 |
+-----------------------+---------+-----------+

+--------------------------------+-----------+
|             Metric             |   Core 0  |
+--------------------------------+-----------+
|       Runtime (RDTSC) [s]      |    0.0344 |
|      Runtime unhalted [s]      |    0.0328 |
|           Clock [MHz]          | 2494.1760 |
|               CPI              |    0.4222 |
|  L2D load bandwidth [MBytes/s] |   54.3582 |
|  L2D load data volume [GBytes] |    0.0019 |
| L2D evict bandwidth [MBytes/s] |    1.6041 |
| L2D evict data volume [GBytes] |    0.0001 |
|     L2 bandwidth [MBytes/s]    |   58.5987 |
|     L2 data volume [GBytes]    |    0.0020 |
+--------------------------------+-----------+

--------------------------------------------------------------------------------
CPU name:	Intel(R) Core(TM) i7-6500U CPU @ 2.50GHz
CPU type:	Intel Skylake processor
CPU clock:	2.59 GHz
--------------------------------------------------------------------------------
Bloom Join
-----------------
32768 Buckets 3 Hash Functions
Initialization: 0 ms 
Bloom Filter Generation: 342212 ms 
Join Core: 34 ms 
0 linhas
342248 ms 

--------------------------------------------------------------------------------
Region Initialization, Group 1: L2
+-------------------+----------+
|    Region Info    |  Core 0  |
+-------------------+----------+
| RDTSC Runtime [s] | 0.000008 |
|     call count    |        1 |
+-------------------+----------+

+-----------------------+---------+--------+
|         Event         | Counter | Core 0 |
+-----------------------+---------+--------+
|   INSTR_RETIRED_ANY   |  FIXC0  |  11995 |
| CPU_CLK_UNHALTED_CORE |  FIXC1  |  17200 |
|  CPU_CLK_UNHALTED_REF |  FIXC2  |  56160 |
|    L1D_REPLACEMENT    |   PMC0  |    352 |
|      L1D_M_EVICT      |   PMC1  |    131 |
| ICACHE_64B_IFTAG_MISS |   PMC2  |    626 |
+-----------------------+---------+--------+

+--------------------------------+--------------+
|             Metric             |    Core 0    |
+--------------------------------+--------------+
|       Runtime (RDTSC) [s]      | 8.079131e-06 |
|      Runtime unhalted [s]      | 6.635881e-06 |
|           Clock [MHz]          |     793.8367 |
|               CPI              |       1.4339 |
|  L2D load bandwidth [MBytes/s] |    2788.4187 |
|  L2D load data volume [GBytes] | 2.252800e-05 |
| L2D evict bandwidth [MBytes/s] |    1037.7354 |
| L2D evict data volume [GBytes] | 8.384000e-06 |
|     L2 bandwidth [MBytes/s]    |    8785.1032 |
|     L2 data volume [GBytes]    |       0.0001 |
+--------------------------------+--------------+

Region Generation, Group 1: L2
+-------------------+----------+
|    Region Info    |  Core 0  |
+-------------------+----------+
| RDTSC Runtime [s] | 1.007890 |
|     call count    |  6000000 |
+-------------------+----------+

+-----------------------+---------+-------------+
|         Event         | Counter |    Core 0   |
+-----------------------+---------+-------------+
|   INSTR_RETIRED_ANY   |  FIXC0  | 22471490000 |
| CPU_CLK_UNHALTED_CORE |  FIXC1  | 53811910000 |
|  CPU_CLK_UNHALTED_REF |  FIXC2  | 55924310000 |
|    L1D_REPLACEMENT    |   PMC0  |  1228593000 |
|      L1D_M_EVICT      |   PMC1  |   426244500 |
| ICACHE_64B_IFTAG_MISS |   PMC2  |  2646620000 |
+-----------------------+---------+-------------+

+--------------------------------+-------------+
|             Metric             |    Core 0   |
+--------------------------------+-------------+
|       Runtime (RDTSC) [s]      |      1.0079 |
|      Runtime unhalted [s]      |     20.7610 |
|           Clock [MHz]          |   2494.0641 |
|               CPI              |      2.3947 |
|  L2D load bandwidth [MBytes/s] |  78014.4182 |
|  L2D load data volume [GBytes] |     78.6300 |
| L2D evict bandwidth [MBytes/s] |  27066.0965 |
| L2D evict data volume [GBytes] |     27.2796 |
|     L2 bandwidth [MBytes/s]    | 273138.2194 |
|     L2 data volume [GBytes]    |    275.2933 |
+--------------------------------+-------------+

Region Core, Group 1: L2
+-------------------+----------+
|    Region Info    |  Core 0  |
+-------------------+----------+
| RDTSC Runtime [s] | 0.034316 |
|     call count    |        1 |
+-------------------+----------+

+-----------------------+---------+-----------+
|         Event         | Counter |   Core 0  |
+-----------------------+---------+-----------+
|   INSTR_RETIRED_ANY   |  FIXC0  | 201371500 |
| CPU_CLK_UNHALTED_CORE |  FIXC1  |  85074960 |
|  CPU_CLK_UNHALTED_REF |  FIXC2  |  88411500 |
|    L1D_REPLACEMENT    |   PMC0  |     29320 |
|      L1D_M_EVICT      |   PMC1  |       983 |
| ICACHE_64B_IFTAG_MISS |   PMC2  |      1479 |
+-----------------------+---------+-----------+

+--------------------------------+-----------+
|             Metric             |   Core 0  |
+--------------------------------+-----------+
|       Runtime (RDTSC) [s]      |    0.0343 |
|      Runtime unhalted [s]      |    0.0328 |
|           Clock [MHz]          | 2494.1515 |
|               CPI              |    0.4225 |
|  L2D load bandwidth [MBytes/s] |   54.6816 |
|  L2D load data volume [GBytes] |    0.0019 |
| L2D evict bandwidth [MBytes/s] |    1.8333 |
| L2D evict data volume [GBytes] |    0.0001 |
|     L2 bandwidth [MBytes/s]    |   59.2732 |
|     L2 data volume [GBytes]    |    0.0020 |
+--------------------------------+-----------+

--------------------------------------------------------------------------------
CPU name:	Intel(R) Core(TM) i7-6500U CPU @ 2.50GHz
CPU type:	Intel Skylake processor
CPU clock:	2.59 GHz
--------------------------------------------------------------------------------
Bloom Join
-----------------
32768 Buckets 3 Hash Functions
Initialization: 0 ms 
Bloom Filter Generation: 276329 ms 
Join Core: 28 ms 
0 linhas
276358 ms 

--------------------------------------------------------------------------------
Region Initialization, Group 1: L2
+-------------------+----------+
|    Region Info    |  Core 0  |
+-------------------+----------+
| RDTSC Runtime [s] | 0.000004 |
|     call count    |        1 |
+-------------------+----------+

+-----------------------+---------+--------+
|         Event         | Counter | Core 0 |
+-----------------------+---------+--------+
|   INSTR_RETIRED_ANY   |  FIXC0  |  11995 |
| CPU_CLK_UNHALTED_CORE |  FIXC1  |  15838 |
|  CPU_CLK_UNHALTED_REF |  FIXC2  |  31428 |
|    L1D_REPLACEMENT    |   PMC0  |    328 |
|      L1D_M_EVICT      |   PMC1  |    113 |
| ICACHE_64B_IFTAG_MISS |   PMC2  |    645 |
+-----------------------+---------+--------+

+--------------------------------+--------------+
|             Metric             |    Core 0    |
+--------------------------------+--------------+
|       Runtime (RDTSC) [s]      | 4.154534e-06 |
|      Runtime unhalted [s]      | 6.110395e-06 |
|           Clock [MHz]          |    1306.2150 |
|               CPI              |       1.3204 |
|  L2D load bandwidth [MBytes/s] |    5052.7929 |
|  L2D load data volume [GBytes] | 2.099200e-05 |
| L2D evict bandwidth [MBytes/s] |    1740.7488 |
| L2D evict data volume [GBytes] | 7.232000e-06 |
|     L2 bandwidth [MBytes/s]    |   16729.6741 |
|     L2 data volume [GBytes]    |       0.0001 |
+--------------------------------+--------------+

Region Generation, Group 1: L2
+-------------------+----------+
|    Region Info    |  Core 0  |
+-------------------+----------+
| RDTSC Runtime [s] | 0.764587 |
|     call count    |  6000000 |
+-------------------+----------+

+-----------------------+---------+-------------+
|         Event         | Counter |    Core 0   |
+-----------------------+---------+-------------+
|   INSTR_RETIRED_ANY   |  FIXC0  | 22471520000 |
| CPU_CLK_UNHALTED_CORE |  FIXC1  | 50776850000 |
|  CPU_CLK_UNHALTED_REF |  FIXC2  | 42602520000 |
|    L1D_REPLACEMENT    |   PMC0  |  1116483000 |
|      L1D_M_EVICT      |   PMC1  |   303942000 |
| ICACHE_64B_IFTAG_MISS |   PMC2  |  2125752000 |
+-----------------------+---------+-------------+

+--------------------------------+-------------+
|             Metric             |    Core 0   |
+--------------------------------+-------------+
|       Runtime (RDTSC) [s]      |      0.7646 |
|      Runtime unhalted [s]      |     19.5900 |
|           Clock [MHz]          |   3089.3103 |
|               CPI              |      2.2596 |
|  L2D load bandwidth [MBytes/s] |  93455.5675 |
|  L2D load data volume [GBytes] |     71.4549 |
| L2D evict bandwidth [MBytes/s] |  25441.5626 |
| L2D evict data volume [GBytes] |     19.4523 |
|     L2 bandwidth [MBytes/s]    | 296833.8829 |
|     L2 data volume [GBytes]    |    226.9553 |
+--------------------------------+-------------+

Region Core, Group 1: L2
+-------------------+----------+
|    Region Info    |  Core 0  |
+-------------------+----------+
| RDTSC Runtime [s] | 0.027844 |
|     call count    |        1 |
+-------------------+----------+

+-----------------------+---------+-----------+
|         Event         | Counter |   Core 0  |
+-----------------------+---------+-----------+
|   INSTR_RETIRED_ANY   |  FIXC0  | 201371500 |
| CPU_CLK_UNHALTED_CORE |  FIXC1  |  85056630 |
|  CPU_CLK_UNHALTED_REF |  FIXC2  |  71294260 |
|    L1D_REPLACEMENT    |   PMC0  |     29425 |
|      L1D_M_EVICT      |   PMC1  |       974 |
| ICACHE_64B_IFTAG_MISS |   PMC2  |      1577 |
+-----------------------+---------+-----------+

+--------------------------------+-----------+
|             Metric             |   Core 0  |
+--------------------------------+-----------+
|       Runtime (RDTSC) [s]      |    0.0278 |
|      Runtime unhalted [s]      |    0.0328 |
|           Clock [MHz]          | 3092.3218 |
|               CPI              |    0.4224 |
|  L2D load bandwidth [MBytes/s] |   67.6347 |
|  L2D load data volume [GBytes] |    0.0019 |
| L2D evict bandwidth [MBytes/s] |    2.2388 |
| L2D evict data volume [GBytes] |    0.0001 |
|     L2 bandwidth [MBytes/s]    |   73.4983 |
|     L2 data volume [GBytes]    |    0.0020 |
+--------------------------------+-----------+

--------------------------------------------------------------------------------
CPU name:	Intel(R) Core(TM) i7-6500U CPU @ 2.50GHz
CPU type:	Intel Skylake processor
CPU clock:	2.59 GHz
--------------------------------------------------------------------------------
Bloom Join
-----------------
32768 Buckets 3 Hash Functions
Initialization: 0 ms 
Bloom Filter Generation: 338932 ms 
Join Core: 34 ms 
0 linhas
338969 ms 

--------------------------------------------------------------------------------
Region Initialization, Group 1: L2
+-------------------+----------+
|    Region Info    |  Core 0  |
+-------------------+----------+
| RDTSC Runtime [s] | 0.000006 |
|     call count    |        1 |
+-------------------+----------+

+-----------------------+---------+--------+
|         Event         | Counter | Core 0 |
+-----------------------+---------+--------+
|   INSTR_RETIRED_ANY   |  FIXC0  |  11995 |
| CPU_CLK_UNHALTED_CORE |  FIXC1  |  15702 |
|  CPU_CLK_UNHALTED_REF |  FIXC2  |  50760 |
|    L1D_REPLACEMENT    |   PMC0  |    344 |
|      L1D_M_EVICT      |   PMC1  |    110 |
| ICACHE_64B_IFTAG_MISS |   PMC2  |    628 |
+-----------------------+---------+--------+

+--------------------------------+--------------+
|             Metric             |    Core 0    |
+--------------------------------+--------------+
|       Runtime (RDTSC) [s]      | 6.455011e-06 |
|      Runtime unhalted [s]      | 6.057900e-06 |
|           Clock [MHz]          |     801.8004 |
|               CPI              |       1.3090 |
|  L2D load bandwidth [MBytes/s] |    3410.6836 |
|  L2D load data volume [GBytes] | 2.201600e-05 |
| L2D evict bandwidth [MBytes/s] |    1090.6256 |
| L2D evict data volume [GBytes] | 7.040000e-06 |
|     L2 bandwidth [MBytes/s]    |   10727.7896 |
|     L2 data volume [GBytes]    |       0.0001 |
+--------------------------------+--------------+

Region Generation, Group 1: L2
+-------------------+----------+
|    Region Info    |  Core 0  |
+-------------------+----------+
| RDTSC Runtime [s] | 1.127771 |
|     call count    |  6000000 |
+-------------------+----------+

+-----------------------+---------+-------------+
|         Event         | Counter |    Core 0   |
+-----------------------+---------+-------------+
|   INSTR_RETIRED_ANY   |  FIXC0  | 22471590000 |
| CPU_CLK_UNHALTED_CORE |  FIXC1  | 50773700000 |
|  CPU_CLK_UNHALTED_REF |  FIXC2  | 52767650000 |
|    L1D_REPLACEMENT    |   PMC0  |  1205725000 |
|      L1D_M_EVICT      |   PMC1  |   337928700 |
| ICACHE_64B_IFTAG_MISS |   PMC2  |  2158039000 |
+-----------------------+---------+-------------+

+--------------------------------+-------------+
|             Metric             |    Core 0   |
+--------------------------------+-------------+
|       Runtime (RDTSC) [s]      |      1.1278 |
|      Runtime unhalted [s]      |     19.5887 |
|           Clock [MHz]          |   2494.0431 |
|               CPI              |      2.2595 |
|  L2D load bandwidth [MBytes/s] |  68423.8201 |
|  L2D load data volume [GBytes] |     77.1664 |
| L2D evict bandwidth [MBytes/s] |  19177.1528 |
| L2D evict data volume [GBytes] |     21.6274 |
|     L2 bandwidth [MBytes/s]    | 210067.7645 |
|     L2 data volume [GBytes]    |    236.9083 |
+--------------------------------+-------------+

Region Core, Group 1: L2
+-------------------+----------+
|    Region Info    |  Core 0  |
+-------------------+----------+
| RDTSC Runtime [s] | 0.034395 |
|     call count    |        1 |
+-------------------+----------+

+-----------------------+---------+-----------+
|         Event         | Counter |   Core 0  |
+-----------------------+---------+-----------+
|   INSTR_RETIRED_ANY   |  FIXC0  | 201371500 |
| CPU_CLK_UNHALTED_CORE |  FIXC1  |  85063810 |
|  CPU_CLK_UNHALTED_REF |  FIXC2  |  88400160 |
|    L1D_REPLACEMENT    |   PMC0  |     29510 |
|      L1D_M_EVICT      |   PMC1  |      1068 |
| ICACHE_64B_IFTAG_MISS |   PMC2  |      1350 |
+-----------------------+---------+-----------+

+--------------------------------+-----------+
|             Metric             |   Core 0  |
+--------------------------------+-----------+
|       Runtime (RDTSC) [s]      |    0.0344 |
|      Runtime unhalted [s]      |    0.0328 |
|           Clock [MHz]          | 2494.1621 |
|               CPI              |    0.4224 |
|  L2D load bandwidth [MBytes/s] |   54.9099 |
|  L2D load data volume [GBytes] |    0.0019 |
| L2D evict bandwidth [MBytes/s] |    1.9873 |
| L2D evict data volume [GBytes] |    0.0001 |
|     L2 bandwidth [MBytes/s]    |   59.4091 |
|     L2 data volume [GBytes]    |    0.0020 |
+--------------------------------+-----------+

--------------------------------------------------------------------------------
CPU name:	Intel(R) Core(TM) i7-6500U CPU @ 2.50GHz
CPU type:	Intel Skylake processor
CPU clock:	2.59 GHz
--------------------------------------------------------------------------------
Bloom Join
-----------------
32768 Buckets 3 Hash Functions
Initialization: 0 ms 
Bloom Filter Generation: 323145 ms 
Join Core: 34 ms 
0 linhas
323180 ms 

--------------------------------------------------------------------------------
Region Initialization, Group 1: L2
+-------------------+----------+
|    Region Info    |  Core 0  |
+-------------------+----------+
| RDTSC Runtime [s] | 0.000002 |
|     call count    |        1 |
+-------------------+----------+

+-----------------------+---------+--------+
|         Event         | Counter | Core 0 |
+-----------------------+---------+--------+
|   INSTR_RETIRED_ANY   |  FIXC0  |  11995 |
| CPU_CLK_UNHALTED_CORE |  FIXC1  |  17785 |
|  CPU_CLK_UNHALTED_REF |  FIXC2  |  18792 |
|    L1D_REPLACEMENT    |   PMC0  |    342 |
|      L1D_M_EVICT      |   PMC1  |    123 |
| ICACHE_64B_IFTAG_MISS |   PMC2  |    630 |
+-----------------------+---------+--------+

+--------------------------------+--------------+
|             Metric             |    Core 0    |
+--------------------------------+--------------+
|       Runtime (RDTSC) [s]      | 2.471467e-06 |
|      Runtime unhalted [s]      | 6.861543e-06 |
|           Clock [MHz]          |    2453.0868 |
|               CPI              |       1.4827 |
|  L2D load bandwidth [MBytes/s] |    8856.2785 |
|  L2D load data volume [GBytes] | 2.188800e-05 |
| L2D evict bandwidth [MBytes/s] |    3185.1528 |
| L2D evict data volume [GBytes] | 7.872000e-06 |
|     L2 bandwidth [MBytes/s]    |   28355.6285 |
|     L2 data volume [GBytes]    |       0.0001 |
+--------------------------------+--------------+

Region Generation, Group 1: L2
+-------------------+----------+
|    Region Info    |  Core 0  |
+-------------------+----------+
| RDTSC Runtime [s] | 0.883208 |
|     call count    |  6000000 |
+-------------------+----------+

+-----------------------+---------+-------------+
|         Event         | Counter |    Core 0   |
+-----------------------+---------+-------------+
|   INSTR_RETIRED_ANY   |  FIXC0  | 22471490000 |
| CPU_CLK_UNHALTED_CORE |  FIXC1  | 51783930000 |
|  CPU_CLK_UNHALTED_REF |  FIXC2  | 50461700000 |
|    L1D_REPLACEMENT    |   PMC0  |  1188027000 |
|      L1D_M_EVICT      |   PMC1  |   365966200 |
| ICACHE_64B_IFTAG_MISS |   PMC2  |  2380106000 |
+-----------------------+---------+-------------+

+--------------------------------+-------------+
|             Metric             |    Core 0   |
+--------------------------------+-------------+
|       Runtime (RDTSC) [s]      |      0.8832 |
|      Runtime unhalted [s]      |     19.9785 |
|           Clock [MHz]          |   2659.8992 |
|               CPI              |      2.3044 |
|  L2D load bandwidth [MBytes/s] |  86088.1138 |
|  L2D load data volume [GBytes] |     76.0337 |
| L2D evict bandwidth [MBytes/s] |  26519.0436 |
| L2D evict data volume [GBytes] |     23.4218 |
|     L2 bandwidth [MBytes/s]    | 285077.0054 |
|     L2 data volume [GBytes]    |    251.7823 |
+--------------------------------+-------------+

Region Core, Group 1: L2
+-------------------+----------+
|    Region Info    |  Core 0  |
+-------------------+----------+
| RDTSC Runtime [s] | 0.034339 |
|     call count    |        1 |
+-------------------+----------+

+-----------------------+---------+-----------+
|         Event         | Counter |   Core 0  |
+-----------------------+---------+-----------+
|   INSTR_RETIRED_ANY   |  FIXC0  | 201371500 |
| CPU_CLK_UNHALTED_CORE |  FIXC1  |  85031240 |
|  CPU_CLK_UNHALTED_REF |  FIXC2  |  88365820 |
|    L1D_REPLACEMENT    |   PMC0  |     29177 |
|      L1D_M_EVICT      |   PMC1  |       989 |
| ICACHE_64B_IFTAG_MISS |   PMC2  |      1381 |
+-----------------------+---------+-----------+

+--------------------------------+-----------+
|             Metric             |   Core 0  |
+--------------------------------+-----------+
|       Runtime (RDTSC) [s]      |    0.0343 |
|      Runtime unhalted [s]      |    0.0328 |
|           Clock [MHz]          | 2494.1712 |
|               CPI              |    0.4223 |
|  L2D load bandwidth [MBytes/s] |   54.3799 |
|  L2D load data volume [GBytes] |    0.0019 |
| L2D evict bandwidth [MBytes/s] |    1.8433 |
| L2D evict data volume [GBytes] |    0.0001 |
|     L2 bandwidth [MBytes/s]    |   58.7971 |
|     L2 data volume [GBytes]    |    0.0020 |
+--------------------------------+-----------+

--------------------------------------------------------------------------------
CPU name:	Intel(R) Core(TM) i7-6500U CPU @ 2.50GHz
CPU type:	Intel Skylake processor
CPU clock:	2.59 GHz
--------------------------------------------------------------------------------
Bloom Join
-----------------
32768 Buckets 3 Hash Functions
Initialization: 0 ms 
Bloom Filter Generation: 308134 ms 
Join Core: 35 ms 
0 linhas
308172 ms 

--------------------------------------------------------------------------------
Region Initialization, Group 1: L3
+-------------------+----------+
|    Region Info    |  Core 0  |
+-------------------+----------+
| RDTSC Runtime [s] | 0.000008 |
|     call count    |        1 |
+-------------------+----------+

+-----------------------+---------+--------+
|         Event         | Counter | Core 0 |
+-----------------------+---------+--------+
|   INSTR_RETIRED_ANY   |  FIXC0  |  11902 |
| CPU_CLK_UNHALTED_CORE |  FIXC1  |  16888 |
|  CPU_CLK_UNHALTED_REF |  FIXC2  |  54756 |
|    L2_LINES_IN_ALL    |   PMC0  |    528 |
|     L2_TRANS_L2_WB    |   PMC1  |     67 |
+-----------------------+---------+--------+

+-------------------------------+--------------+
|             Metric            |    Core 0    |
+-------------------------------+--------------+
|      Runtime (RDTSC) [s]      | 7.507582e-06 |
|      Runtime unhalted [s]     | 6.515460e-06 |
|          Clock [MHz]          |     799.4285 |
|              CPI              |       1.4189 |
|  L3 load bandwidth [MBytes/s] |    4501.0497 |
|  L3 load data volume [GBytes] | 3.379200e-05 |
| L3 evict bandwidth [MBytes/s] |     571.1559 |
| L3 evict data volume [GBytes] | 4.288000e-06 |
|    L3 bandwidth [MBytes/s]    |    5072.2057 |
|    L3 data volume [GBytes]    | 3.808000e-05 |
+-------------------------------+--------------+

Region Generation, Group 1: L3
+-------------------+----------+
|    Region Info    |  Core 0  |
+-------------------+----------+
| RDTSC Runtime [s] | 1.013814 |
|     call count    |  6000000 |
+-------------------+----------+

+-----------------------+---------+-------------+
|         Event         | Counter |    Core 0   |
+-----------------------+---------+-------------+
|   INSTR_RETIRED_ANY   |  FIXC0  | 21913490000 |
| CPU_CLK_UNHALTED_CORE |  FIXC1  | 52182250000 |
|  CPU_CLK_UNHALTED_REF |  FIXC2  | 54230710000 |
|    L2_LINES_IN_ALL    |   PMC0  |   989809500 |
|     L2_TRANS_L2_WB    |   PMC1  |   109514000 |
+-----------------------+---------+-------------+

+-------------------------------+------------+
|             Metric            |   Core 0   |
+-------------------------------+------------+
|      Runtime (RDTSC) [s]      |     1.0138 |
|      Runtime unhalted [s]     |    20.1321 |
|          Clock [MHz]          |  2494.0814 |
|              CPI              |     2.3813 |
|  L3 load bandwidth [MBytes/s] | 62484.6451 |
|  L3 load data volume [GBytes] |    63.3478 |
| L3 evict bandwidth [MBytes/s] |  6913.3944 |
| L3 evict data volume [GBytes] |     7.0089 |
|    L3 bandwidth [MBytes/s]    | 69398.0395 |
|    L3 data volume [GBytes]    |    70.3567 |
+-------------------------------+------------+

Region Core, Group 1: L3
+-------------------+----------+
|    Region Info    |  Core 0  |
+-------------------+----------+
| RDTSC Runtime [s] | 0.035001 |
|     call count    |        1 |
+-------------------+----------+

+-----------------------+---------+-----------+
|         Event         | Counter |   Core 0  |
+-----------------------+---------+-----------+
|   INSTR_RETIRED_ANY   |  FIXC0  | 201371500 |
| CPU_CLK_UNHALTED_CORE |  FIXC1  |  86649570 |
|  CPU_CLK_UNHALTED_REF |  FIXC2  |  90047590 |
|    L2_LINES_IN_ALL    |   PMC0  |     34099 |
|     L2_TRANS_L2_WB    |   PMC1  |     17925 |
+-----------------------+---------+-----------+

+-------------------------------+-----------+
|             Metric            |   Core 0  |
+-------------------------------+-----------+
|      Runtime (RDTSC) [s]      |    0.0350 |
|      Runtime unhalted [s]     |    0.0334 |
|          Clock [MHz]          | 2494.1779 |
|              CPI              |    0.4303 |
|  L3 load bandwidth [MBytes/s] |   62.3501 |
|  L3 load data volume [GBytes] |    0.0022 |
| L3 evict bandwidth [MBytes/s] |   32.7759 |
| L3 evict data volume [GBytes] |    0.0011 |
|    L3 bandwidth [MBytes/s]    |   95.1260 |
|    L3 data volume [GBytes]    |    0.0033 |
+-------------------------------+-----------+

--------------------------------------------------------------------------------
CPU name:	Intel(R) Core(TM) i7-6500U CPU @ 2.50GHz
CPU type:	Intel Skylake processor
CPU clock:	2.59 GHz
--------------------------------------------------------------------------------
Bloom Join
-----------------
32768 Buckets 3 Hash Functions
Initialization: 0 ms 
Bloom Filter Generation: 302270 ms 
Join Core: 34 ms 
0 linhas
302306 ms 

--------------------------------------------------------------------------------
Region Initialization, Group 1: L3
+-------------------+----------+
|    Region Info    |  Core 0  |
+-------------------+----------+
| RDTSC Runtime [s] | 0.000007 |
|     call count    |        1 |
+-------------------+----------+

+-----------------------+---------+--------+
|         Event         | Counter | Core 0 |
+-----------------------+---------+--------+
|   INSTR_RETIRED_ANY   |  FIXC0  |  11902 |
| CPU_CLK_UNHALTED_CORE |  FIXC1  |  16449 |
|  CPU_CLK_UNHALTED_REF |  FIXC2  |  53136 |
|    L2_LINES_IN_ALL    |   PMC0  |    531 |
|     L2_TRANS_L2_WB    |   PMC1  |     86 |
+-----------------------+---------+--------+

+-------------------------------+--------------+
|             Metric            |    Core 0    |
+-------------------------------+--------------+
|      Runtime (RDTSC) [s]      | 7.012571e-06 |
|      Runtime unhalted [s]     | 6.346100e-06 |
|          Clock [MHz]          |     802.3858 |
|              CPI              |       1.3820 |
|  L3 load bandwidth [MBytes/s] |    4846.1541 |
|  L3 load data volume [GBytes] | 3.398400e-05 |
| L3 evict bandwidth [MBytes/s] |     784.8762 |
| L3 evict data volume [GBytes] | 5.504000e-06 |
|    L3 bandwidth [MBytes/s]    |    5631.0303 |
|    L3 data volume [GBytes]    | 3.948800e-05 |
+-------------------------------+--------------+

Region Generation, Group 1: L3
+-------------------+----------+
|    Region Info    |  Core 0  |
+-------------------+----------+
| RDTSC Runtime [s] | 0.993758 |
|     call count    |  6000000 |
+-------------------+----------+

+-----------------------+---------+-------------+
|         Event         | Counter |    Core 0   |
+-----------------------+---------+-------------+
|   INSTR_RETIRED_ANY   |  FIXC0  | 21913540000 |
| CPU_CLK_UNHALTED_CORE |  FIXC1  | 49874990000 |
|  CPU_CLK_UNHALTED_REF |  FIXC2  | 51832850000 |
|    L2_LINES_IN_ALL    |   PMC0  |   851980400 |
|     L2_TRANS_L2_WB    |   PMC1  |   110500900 |
+-----------------------+---------+-------------+

+-------------------------------+------------+
|             Metric            |   Core 0   |
+-------------------------------+------------+
|      Runtime (RDTSC) [s]      |     0.9938 |
|      Runtime unhalted [s]     |    19.2420 |
|          Clock [MHz]          |  2494.0798 |
|              CPI              |     2.2760 |
|  L3 load bandwidth [MBytes/s] | 54869.2560 |
|  L3 load data volume [GBytes] |    54.5267 |
| L3 evict bandwidth [MBytes/s] |  7116.4808 |
| L3 evict data volume [GBytes] |     7.0721 |
|    L3 bandwidth [MBytes/s]    | 61985.7368 |
|    L3 data volume [GBytes]    |    61.5988 |
+-------------------------------+------------+

Region Core, Group 1: L3
+-------------------+----------+
|    Region Info    |  Core 0  |
+-------------------+----------+
| RDTSC Runtime [s] | 0.034407 |
|     call count    |        1 |
+-------------------+----------+

+-----------------------+---------+-----------+
|         Event         | Counter |   Core 0  |
+-----------------------+---------+-----------+
|   INSTR_RETIRED_ANY   |  FIXC0  | 201371500 |
| CPU_CLK_UNHALTED_CORE |  FIXC1  |  85057990 |
|  CPU_CLK_UNHALTED_REF |  FIXC2  |  88393360 |
|    L2_LINES_IN_ALL    |   PMC0  |     30837 |
|     L2_TRANS_L2_WB    |   PMC1  |     19282 |
+-----------------------+---------+-----------+

+-------------------------------+-----------+
|             Metric            |   Core 0  |
+-------------------------------+-----------+
|      Runtime (RDTSC) [s]      |    0.0344 |
|      Runtime unhalted [s]     |    0.0328 |
|          Clock [MHz]          | 2494.1816 |
|              CPI              |    0.4224 |
|  L3 load bandwidth [MBytes/s] |   57.3603 |
|  L3 load data volume [GBytes] |    0.0020 |
| L3 evict bandwidth [MBytes/s] |   35.8667 |
| L3 evict data volume [GBytes] |    0.0012 |
|    L3 bandwidth [MBytes/s]    |   93.2270 |
|    L3 data volume [GBytes]    |    0.0032 |
+-------------------------------+-----------+

--------------------------------------------------------------------------------
CPU name:	Intel(R) Core(TM) i7-6500U CPU @ 2.50GHz
CPU type:	Intel Skylake processor
CPU clock:	2.59 GHz
--------------------------------------------------------------------------------
Bloom Join
-----------------
32768 Buckets 3 Hash Functions
Initialization: 0 ms 
Bloom Filter Generation: 308175 ms 
Join Core: 35 ms 
0 linhas
308213 ms 

--------------------------------------------------------------------------------
Region Initialization, Group 1: L3
+-------------------+----------+
|    Region Info    |  Core 0  |
+-------------------+----------+
| RDTSC Runtime [s] | 0.000007 |
|     call count    |        1 |
+-------------------+----------+

+-----------------------+---------+--------+
|         Event         | Counter | Core 0 |
+-----------------------+---------+--------+
|   INSTR_RETIRED_ANY   |  FIXC0  |  11902 |
| CPU_CLK_UNHALTED_CORE |  FIXC1  |  16580 |
|  CPU_CLK_UNHALTED_REF |  FIXC2  |  53676 |
|    L2_LINES_IN_ALL    |   PMC0  |    538 |
|     L2_TRANS_L2_WB    |   PMC1  |     95 |
+-----------------------+---------+--------+

+-------------------------------+--------------+
|             Metric            |    Core 0    |
+-------------------------------+--------------+
|      Runtime (RDTSC) [s]      | 7.159002e-06 |
|      Runtime unhalted [s]     | 6.396643e-06 |
|          Clock [MHz]          |     800.6391 |
|              CPI              |       1.3930 |
|  L3 load bandwidth [MBytes/s] |    4809.6089 |
|  L3 load data volume [GBytes] | 3.443200e-05 |
| L3 evict bandwidth [MBytes/s] |     849.2804 |
| L3 evict data volume [GBytes] | 6.080000e-06 |
|    L3 bandwidth [MBytes/s]    |    5658.8893 |
|    L3 data volume [GBytes]    | 4.051200e-05 |
+-------------------------------+--------------+

Region Generation, Group 1: L3
+-------------------+----------+
|    Region Info    |  Core 0  |
+-------------------+----------+
| RDTSC Runtime [s] | 1.045682 |
|     call count    |  6000000 |
+-------------------+----------+

+-----------------------+---------+-------------+
|         Event         | Counter |    Core 0   |
+-----------------------+---------+-------------+
|   INSTR_RETIRED_ANY   |  FIXC0  | 21913490000 |
| CPU_CLK_UNHALTED_CORE |  FIXC1  | 52300410000 |
|  CPU_CLK_UNHALTED_REF |  FIXC2  | 54353920000 |
|    L2_LINES_IN_ALL    |   PMC0  |   771834400 |
|     L2_TRANS_L2_WB    |   PMC1  |   153729900 |
+-----------------------+---------+-------------+

+-------------------------------+------------+
|             Metric            |   Core 0   |
+-------------------------------+------------+
|      Runtime (RDTSC) [s]      |     1.0457 |
|      Runtime unhalted [s]     |    20.1777 |
|          Clock [MHz]          |  2494.0585 |
|              CPI              |     2.3867 |
|  L3 load bandwidth [MBytes/s] | 47239.4108 |
|  L3 load data volume [GBytes] |    49.3974 |
| L3 evict bandwidth [MBytes/s] |  9408.8964 |
| L3 evict data volume [GBytes] |     9.8387 |
|    L3 bandwidth [MBytes/s]    | 56648.3072 |
|    L3 data volume [GBytes]    |    59.2361 |
+-------------------------------+------------+

Region Core, Group 1: L3
+-------------------+----------+
|    Region Info    |  Core 0  |
+-------------------+----------+
| RDTSC Runtime [s] | 0.035330 |
|     call count    |        1 |
+-------------------+----------+

+-----------------------+---------+-----------+
|         Event         | Counter |   Core 0  |
+-----------------------+---------+-----------+
|   INSTR_RETIRED_ANY   |  FIXC0  | 201371500 |
| CPU_CLK_UNHALTED_CORE |  FIXC1  |  86974720 |
|  CPU_CLK_UNHALTED_REF |  FIXC2  |  90385200 |
|    L2_LINES_IN_ALL    |   PMC0  |     36095 |
|     L2_TRANS_L2_WB    |   PMC1  |     17523 |
+-----------------------+---------+-----------+

+-------------------------------+-----------+
|             Metric            |   Core 0  |
+-------------------------------+-----------+
|      Runtime (RDTSC) [s]      |    0.0353 |
|      Runtime unhalted [s]     |    0.0336 |
|          Clock [MHz]          | 2494.1819 |
|              CPI              |    0.4319 |
|  L3 load bandwidth [MBytes/s] |   65.3863 |
|  L3 load data volume [GBytes] |    0.0023 |
| L3 evict bandwidth [MBytes/s] |   31.7430 |
| L3 evict data volume [GBytes] |    0.0011 |
|    L3 bandwidth [MBytes/s]    |   97.1294 |
|    L3 data volume [GBytes]    |    0.0034 |
+-------------------------------+-----------+

--------------------------------------------------------------------------------
CPU name:	Intel(R) Core(TM) i7-6500U CPU @ 2.50GHz
CPU type:	Intel Skylake processor
CPU clock:	2.59 GHz
--------------------------------------------------------------------------------
Bloom Join
-----------------
32768 Buckets 3 Hash Functions
Initialization: 0 ms 
Bloom Filter Generation: 288251 ms 
Join Core: 35 ms 
0 linhas
288288 ms 

--------------------------------------------------------------------------------
Region Initialization, Group 1: L3
+-------------------+----------+
|    Region Info    |  Core 0  |
+-------------------+----------+
| RDTSC Runtime [s] | 0.000007 |
|     call count    |        1 |
+-------------------+----------+

+-----------------------+---------+--------+
|         Event         | Counter | Core 0 |
+-----------------------+---------+--------+
|   INSTR_RETIRED_ANY   |  FIXC0  |  11902 |
| CPU_CLK_UNHALTED_CORE |  FIXC1  |  16898 |
|  CPU_CLK_UNHALTED_REF |  FIXC2  |  54756 |
|    L2_LINES_IN_ALL    |   PMC0  |    517 |
|     L2_TRANS_L2_WB    |   PMC1  |     74 |
+-----------------------+---------+--------+

+-------------------------------+--------------+
|             Metric            |    Core 0    |
+-------------------------------+--------------+
|      Runtime (RDTSC) [s]      | 6.647979e-06 |
|      Runtime unhalted [s]     | 6.520569e-06 |
|          Clock [MHz]          |     799.7484 |
|              CPI              |       1.4198 |
|  L3 load bandwidth [MBytes/s] |    4977.1517 |
|  L3 load data volume [GBytes] | 3.308800e-05 |
| L3 evict bandwidth [MBytes/s] |     712.3970 |
| L3 evict data volume [GBytes] | 4.736000e-06 |
|    L3 bandwidth [MBytes/s]    |    5689.5487 |
|    L3 data volume [GBytes]    | 3.782400e-05 |
+-------------------------------+--------------+

Region Generation, Group 1: L3
+-------------------+----------+
|    Region Info    |  Core 0  |
+-------------------+----------+
| RDTSC Runtime [s] | 0.954619 |
|     call count    |  6000000 |
+-------------------+----------+

+-----------------------+---------+-------------+
|         Event         | Counter |    Core 0   |
+-----------------------+---------+-------------+
|   INSTR_RETIRED_ANY   |  FIXC0  | 21914430000 |
| CPU_CLK_UNHALTED_CORE |  FIXC1  | 50062670000 |
|  CPU_CLK_UNHALTED_REF |  FIXC2  | 48216240000 |
|    L2_LINES_IN_ALL    |   PMC0  |   635687900 |
|     L2_TRANS_L2_WB    |   PMC1  |   148025000 |
+-----------------------+---------+-------------+

+-------------------------------+------------+
|             Metric            |   Core 0   |
+-------------------------------+------------+
|      Runtime (RDTSC) [s]      |     0.9546 |
|      Runtime unhalted [s]     |    19.3181 |
|          Clock [MHz]          |  2690.7320 |
|              CPI              |     2.2845 |
|  L3 load bandwidth [MBytes/s] | 42618.0542 |
|  L3 load data volume [GBytes] |    40.6840 |
| L3 evict bandwidth [MBytes/s] |  9923.9540 |
| L3 evict data volume [GBytes] |     9.4736 |
|    L3 bandwidth [MBytes/s]    | 52542.0082 |
|    L3 data volume [GBytes]    |    50.1576 |
+-------------------------------+------------+

Region Core, Group 1: L3
+-------------------+----------+
|    Region Info    |  Core 0  |
+-------------------+----------+
| RDTSC Runtime [s] | 0.034541 |
|     call count    |        1 |
+-------------------+----------+

+-----------------------+---------+-----------+
|         Event         | Counter |   Core 0  |
+-----------------------+---------+-----------+
|   INSTR_RETIRED_ANY   |  FIXC0  | 201371500 |
| CPU_CLK_UNHALTED_CORE |  FIXC1  |  85215220 |
|  CPU_CLK_UNHALTED_REF |  FIXC2  |  88557520 |
|    L2_LINES_IN_ALL    |   PMC0  |     32003 |
|     L2_TRANS_L2_WB    |   PMC1  |     18482 |
+-----------------------+---------+-----------+

+-------------------------------+-----------+
|             Metric            |   Core 0  |
+-------------------------------+-----------+
|      Runtime (RDTSC) [s]      |    0.0345 |
|      Runtime unhalted [s]     |    0.0329 |
|          Clock [MHz]          | 2493.6845 |
|              CPI              |    0.4232 |
|  L3 load bandwidth [MBytes/s] |   59.2973 |
|  L3 load data volume [GBytes] |    0.0020 |
| L3 evict bandwidth [MBytes/s] |   34.2447 |
| L3 evict data volume [GBytes] |    0.0012 |
|    L3 bandwidth [MBytes/s]    |   93.5421 |
|    L3 data volume [GBytes]    |    0.0032 |
+-------------------------------+-----------+

--------------------------------------------------------------------------------
CPU name:	Intel(R) Core(TM) i7-6500U CPU @ 2.50GHz
CPU type:	Intel Skylake processor
CPU clock:	2.59 GHz
--------------------------------------------------------------------------------
Bloom Join
-----------------
32768 Buckets 3 Hash Functions
Initialization: 0 ms 
Bloom Filter Generation: 255813 ms 
Join Core: 29 ms 
0 linhas
255844 ms 

--------------------------------------------------------------------------------
Region Initialization, Group 1: L3
+-------------------+----------+
|    Region Info    |  Core 0  |
+-------------------+----------+
| RDTSC Runtime [s] | 0.000007 |
|     call count    |        1 |
+-------------------+----------+

+-----------------------+---------+--------+
|         Event         | Counter | Core 0 |
+-----------------------+---------+--------+
|   INSTR_RETIRED_ANY   |  FIXC0  |  11902 |
| CPU_CLK_UNHALTED_CORE |  FIXC1  |  15791 |
|  CPU_CLK_UNHALTED_REF |  FIXC2  |  51408 |
|    L2_LINES_IN_ALL    |   PMC0  |    535 |
|     L2_TRANS_L2_WB    |   PMC1  |    100 |
+-----------------------+---------+--------+

+-------------------------------+--------------+
|             Metric            |    Core 0    |
+-------------------------------+--------------+
|      Runtime (RDTSC) [s]      | 7.490624e-06 |
|      Runtime unhalted [s]     | 6.092228e-06 |
|          Clock [MHz]          |     796.1821 |
|              CPI              |       1.3268 |
|  L3 load bandwidth [MBytes/s] |    4571.0478 |
|  L3 load data volume [GBytes] | 3.424000e-05 |
| L3 evict bandwidth [MBytes/s] |     854.4014 |
| L3 evict data volume [GBytes] | 6.400000e-06 |
|    L3 bandwidth [MBytes/s]    |    5425.4492 |
|    L3 data volume [GBytes]    | 4.064000e-05 |
+-------------------------------+--------------+

Region Generation, Group 1: L3
+-------------------+----------+
|    Region Info    |  Core 0  |
+-------------------+----------+
| RDTSC Runtime [s] | 0.905455 |
|     call count    |  6000000 |
+-------------------+----------+

+-----------------------+---------+-------------+
|         Event         | Counter |    Core 0   |
+-----------------------+---------+-------------+
|   INSTR_RETIRED_ANY   |  FIXC0  | 21913490000 |
| CPU_CLK_UNHALTED_CORE |  FIXC1  | 52117230000 |
|  CPU_CLK_UNHALTED_REF |  FIXC2  | 43910700000 |
|    L2_LINES_IN_ALL    |   PMC0  |   822227900 |
|     L2_TRANS_L2_WB    |   PMC1  |   152369100 |
+-----------------------+---------+-------------+

+-------------------------------+------------+
|             Metric            |   Core 0   |
+-------------------------------+------------+
|      Runtime (RDTSC) [s]      |     0.9055 |
|      Runtime unhalted [s]     |    20.1070 |
|          Clock [MHz]          |  3076.4115 |
|              CPI              |     2.3783 |
|  L3 load bandwidth [MBytes/s] | 58117.3163 |
|  L3 load data volume [GBytes] |    52.6226 |
| L3 evict bandwidth [MBytes/s] | 10769.8646 |
| L3 evict data volume [GBytes] |     9.7516 |
|    L3 bandwidth [MBytes/s]    | 68887.1810 |
|    L3 data volume [GBytes]    |    62.3742 |
+-------------------------------+------------+

Region Core, Group 1: L3
+-------------------+----------+
|    Region Info    |  Core 0  |
+-------------------+----------+
| RDTSC Runtime [s] | 0.028767 |
|     call count    |        1 |
+-------------------+----------+

+-----------------------+---------+-----------+
|         Event         | Counter |   Core 0  |
+-----------------------+---------+-----------+
|   INSTR_RETIRED_ANY   |  FIXC0  | 201371500 |
| CPU_CLK_UNHALTED_CORE |  FIXC1  |  85276280 |
|  CPU_CLK_UNHALTED_REF |  FIXC2  |  71701420 |
|    L2_LINES_IN_ALL    |   PMC0  |     31596 |
|     L2_TRANS_L2_WB    |   PMC1  |     20481 |
+-----------------------+---------+-----------+

+-------------------------------+-----------+
|             Metric            |   Core 0  |
+-------------------------------+-----------+
|      Runtime (RDTSC) [s]      |    0.0288 |
|      Runtime unhalted [s]     |    0.0329 |
|          Clock [MHz]          | 3082.7191 |
|              CPI              |    0.4235 |
|  L3 load bandwidth [MBytes/s] |   70.2950 |
|  L3 load data volume [GBytes] |    0.0020 |
| L3 evict bandwidth [MBytes/s] |   45.5663 |
| L3 evict data volume [GBytes] |    0.0013 |
|    L3 bandwidth [MBytes/s]    |  115.8613 |
|    L3 data volume [GBytes]    |    0.0033 |
+-------------------------------+-----------+

--------------------------------------------------------------------------------
CPU name:	Intel(R) Core(TM) i7-6500U CPU @ 2.50GHz
CPU type:	Intel Skylake processor
CPU clock:	2.59 GHz
--------------------------------------------------------------------------------
Bloom Join
-----------------
32768 Buckets 3 Hash Functions
Initialization: 0 ms 
Bloom Filter Generation: 257385 ms 
Join Core: 29 ms 
0 linhas
257417 ms 

--------------------------------------------------------------------------------
Region Initialization, Group 1: L3
+-------------------+----------+
|    Region Info    |  Core 0  |
+-------------------+----------+
| RDTSC Runtime [s] | 0.000007 |
|     call count    |        1 |
+-------------------+----------+

+-----------------------+---------+--------+
|         Event         | Counter | Core 0 |
+-----------------------+---------+--------+
|   INSTR_RETIRED_ANY   |  FIXC0  |  11902 |
| CPU_CLK_UNHALTED_CORE |  FIXC1  |  16942 |
|  CPU_CLK_UNHALTED_REF |  FIXC2  |  54972 |
|    L2_LINES_IN_ALL    |   PMC0  |    498 |
|     L2_TRANS_L2_WB    |   PMC1  |     83 |
+-----------------------+---------+--------+

+-------------------------------+--------------+
|             Metric            |    Core 0    |
+-------------------------------+--------------+
|      Runtime (RDTSC) [s]      | 6.992034e-06 |
|      Runtime unhalted [s]     | 6.536622e-06 |
|          Clock [MHz]          |     798.7933 |
|              CPI              |       1.4235 |
|  L3 load bandwidth [MBytes/s] |    4558.3302 |
|  L3 load data volume [GBytes] | 3.187200e-05 |
| L3 evict bandwidth [MBytes/s] |     759.7217 |
| L3 evict data volume [GBytes] | 5.312000e-06 |
|    L3 bandwidth [MBytes/s]    |    5318.0519 |
|    L3 data volume [GBytes]    | 3.718400e-05 |
+-------------------------------+--------------+

Region Generation, Group 1: L3
+-------------------+----------+
|    Region Info    |  Core 0  |
+-------------------+----------+
| RDTSC Runtime [s] | 0.870083 |
|     call count    |  6000000 |
+-------------------+----------+

+-----------------------+---------+-------------+
|         Event         | Counter |    Core 0   |
+-----------------------+---------+-------------+
|   INSTR_RETIRED_ANY   |  FIXC0  | 21913490000 |
| CPU_CLK_UNHALTED_CORE |  FIXC1  | 51241070000 |
|  CPU_CLK_UNHALTED_REF |  FIXC2  | 43184650000 |
|    L2_LINES_IN_ALL    |   PMC0  |   632036600 |
|     L2_TRANS_L2_WB    |   PMC1  |   141445100 |
+-----------------------+---------+-------------+

+-------------------------------+------------+
|             Metric            |   Core 0   |
+-------------------------------+------------+
|      Runtime (RDTSC) [s]      |     0.8701 |
|      Runtime unhalted [s]     |    19.7700 |
|          Clock [MHz]          |  3075.3890 |
|              CPI              |     2.3383 |
|  L3 load bandwidth [MBytes/s] | 46490.1951 |
|  L3 load data volume [GBytes] |    40.4503 |
| L3 evict bandwidth [MBytes/s] | 10404.1606 |
| L3 evict data volume [GBytes] |     9.0525 |
|    L3 bandwidth [MBytes/s]    | 56894.3557 |
|    L3 data volume [GBytes]    |    49.5028 |
+-------------------------------+------------+

Region Core, Group 1: L3
+-------------------+----------+
|    Region Info    |  Core 0  |
+-------------------+----------+
| RDTSC Runtime [s] | 0.028851 |
|     call count    |        1 |
+-------------------+----------+

+-----------------------+---------+-----------+
|         Event         | Counter |   Core 0  |
+-----------------------+---------+-----------+
|   INSTR_RETIRED_ANY   |  FIXC0  | 201371400 |
| CPU_CLK_UNHALTED_CORE |  FIXC1  |  85312530 |
|  CPU_CLK_UNHALTED_REF |  FIXC2  |  71935020 |
|    L2_LINES_IN_ALL    |   PMC0  |     31172 |
|     L2_TRANS_L2_WB    |   PMC1  |     19429 |
+-----------------------+---------+-----------+

+-------------------------------+-----------+
|             Metric            |   Core 0  |
+-------------------------------+-----------+
|      Runtime (RDTSC) [s]      |    0.0289 |
|      Runtime unhalted [s]     |    0.0329 |
|          Clock [MHz]          | 3073.8575 |
|              CPI              |    0.4237 |
|  L3 load bandwidth [MBytes/s] |   69.1496 |
|  L3 load data volume [GBytes] |    0.0020 |
| L3 evict bandwidth [MBytes/s] |   43.0998 |
| L3 evict data volume [GBytes] |    0.0012 |
|    L3 bandwidth [MBytes/s]    |  112.2495 |
|    L3 data volume [GBytes]    |    0.0032 |
+-------------------------------+-----------+

--------------------------------------------------------------------------------
CPU name:	Intel(R) Core(TM) i7-6500U CPU @ 2.50GHz
CPU type:	Intel Skylake processor
CPU clock:	2.59 GHz
--------------------------------------------------------------------------------
Bloom Join
-----------------
32768 Buckets 3 Hash Functions
Initialization: 0 ms 
Bloom Filter Generation: 313740 ms 
Join Core: 35 ms 
0 linhas
313777 ms 

--------------------------------------------------------------------------------
Region Initialization, Group 1: L3
+-------------------+----------+
|    Region Info    |  Core 0  |
+-------------------+----------+
| RDTSC Runtime [s] | 0.000004 |
|     call count    |        1 |
+-------------------+----------+

+-----------------------+---------+--------+
|         Event         | Counter | Core 0 |
+-----------------------+---------+--------+
|   INSTR_RETIRED_ANY   |  FIXC0  |  11902 |
| CPU_CLK_UNHALTED_CORE |  FIXC1  |  22703 |
|  CPU_CLK_UNHALTED_REF |  FIXC2  |  31104 |
|    L2_LINES_IN_ALL    |   PMC0  |   1164 |
|     L2_TRANS_L2_WB    |   PMC1  |    342 |
+-----------------------+---------+--------+

+-------------------------------+--------------+
|             Metric            |    Core 0    |
+-------------------------------+--------------+
|      Runtime (RDTSC) [s]      | 3.558041e-06 |
|      Runtime unhalted [s]     | 8.758923e-06 |
|          Clock [MHz]          |    1891.9059 |
|              CPI              |       1.9075 |
|  L3 load bandwidth [MBytes/s] |   20937.3641 |
|  L3 load data volume [GBytes] |       0.0001 |
| L3 evict bandwidth [MBytes/s] |    6151.6998 |
| L3 evict data volume [GBytes] | 2.188800e-05 |
|    L3 bandwidth [MBytes/s]    |   27089.0639 |
|    L3 data volume [GBytes]    |       0.0001 |
+-------------------------------+--------------+

Region Generation, Group 1: L3
+-------------------+----------+
|    Region Info    |  Core 0  |
+-------------------+----------+
| RDTSC Runtime [s] | 0.985082 |
|     call count    |  6000000 |
+-------------------+----------+

+-----------------------+---------+-------------+
|         Event         | Counter |    Core 0   |
+-----------------------+---------+-------------+
|   INSTR_RETIRED_ANY   |  FIXC0  | 21913490000 |
| CPU_CLK_UNHALTED_CORE |  FIXC1  | 52242690000 |
|  CPU_CLK_UNHALTED_REF |  FIXC2  | 54292330000 |
|    L2_LINES_IN_ALL    |   PMC0  |   878990100 |
|     L2_TRANS_L2_WB    |   PMC1  |   127863300 |
+-----------------------+---------+-------------+

+-------------------------------+------------+
|             Metric            |   Core 0   |
+-------------------------------+------------+
|      Runtime (RDTSC) [s]      |     0.9851 |
|      Runtime unhalted [s]     |    20.1555 |
|          Clock [MHz]          |  2494.1328 |
|              CPI              |     2.3840 |
|  L3 load bandwidth [MBytes/s] | 57107.2872 |
|  L3 load data volume [GBytes] |    56.2554 |
| L3 evict bandwidth [MBytes/s] |  8307.1768 |
| L3 evict data volume [GBytes] |     8.1833 |
|    L3 bandwidth [MBytes/s]    | 65414.4640 |
|    L3 data volume [GBytes]    |    64.4386 |
+-------------------------------+------------+

Region Core, Group 1: L3
+-------------------+----------+
|    Region Info    |  Core 0  |
+-------------------+----------+
| RDTSC Runtime [s] | 0.034840 |
|     call count    |        1 |
+-------------------+----------+

+-----------------------+---------+-----------+
|         Event         | Counter |   Core 0  |
+-----------------------+---------+-----------+
|   INSTR_RETIRED_ANY   |  FIXC0  | 201371500 |
| CPU_CLK_UNHALTED_CORE |  FIXC1  |  86350250 |
|  CPU_CLK_UNHALTED_REF |  FIXC2  |  89736440 |
|    L2_LINES_IN_ALL    |   PMC0  |     34005 |
|     L2_TRANS_L2_WB    |   PMC1  |     17040 |
+-----------------------+---------+-----------+

+-------------------------------+-----------+
|             Metric            |   Core 0  |
+-------------------------------+-----------+
|      Runtime (RDTSC) [s]      |    0.0348 |
|      Runtime unhalted [s]     |    0.0333 |
|          Clock [MHz]          | 2494.1771 |
|              CPI              |    0.4288 |
|  L3 load bandwidth [MBytes/s] |   62.4653 |
|  L3 load data volume [GBytes] |    0.0022 |
| L3 evict bandwidth [MBytes/s] |   31.3015 |
| L3 evict data volume [GBytes] |    0.0011 |
|    L3 bandwidth [MBytes/s]    |   93.7668 |
|    L3 data volume [GBytes]    |    0.0033 |
+-------------------------------+-----------+

--------------------------------------------------------------------------------
CPU name:	Intel(R) Core(TM) i7-6500U CPU @ 2.50GHz
CPU type:	Intel Skylake processor
CPU clock:	2.59 GHz
--------------------------------------------------------------------------------
Bloom Join
-----------------
32768 Buckets 3 Hash Functions
Initialization: 0 ms 
Bloom Filter Generation: 384276 ms 
Join Core: 35 ms 
0 linhas
384314 ms 

--------------------------------------------------------------------------------
Region Initialization, Group 1: TLB_DATA
+-------------------+----------+
|    Region Info    |  Core 0  |
+-------------------+----------+
| RDTSC Runtime [s] | 0.000008 |
|     call count    |        1 |
+-------------------+----------+

+---------------------------------+---------+--------+
|              Event              | Counter | Core 0 |
+---------------------------------+---------+--------+
|        INSTR_RETIRED_ANY        |  FIXC0  |  12088 |
|      CPU_CLK_UNHALTED_CORE      |  FIXC1  |  17162 |
|       CPU_CLK_UNHALTED_REF      |  FIXC2  |  55728 |
|  DTLB_LOAD_MISSES_CAUSES_A_WALK |   PMC0  |     68 |
| DTLB_STORE_MISSES_CAUSES_A_WALK |   PMC1  |      7 |
|   DTLB_LOAD_MISSES_WALK_ACTIVE  |   PMC2  |   1806 |
|  DTLB_STORE_MISSES_WALK_ACTIVE  |   PMC3  |    209 |
+---------------------------------+---------+--------+

+-----------------------------------+--------------+
|               Metric              |    Core 0    |
+-----------------------------------+--------------+
|        Runtime (RDTSC) [s]        | 7.566593e-06 |
|        Runtime unhalted [s]       | 6.621170e-06 |
|            Clock [MHz]            |     798.2292 |
|                CPI                |       1.4198 |
|        L1 DTLB load misses        |           68 |
|       L1 DTLB load miss rate      |       0.0056 |
|  L1 DTLB load miss duration [Cyc] |      26.5588 |
|        L1 DTLB store misses       |            7 |
|      L1 DTLB store miss rate      |       0.0006 |
| L1 DTLB store miss duration [Cyc] |      29.8571 |
+-----------------------------------+--------------+

Region Generation, Group 1: TLB_DATA
+-------------------+----------+
|    Region Info    |  Core 0  |
+-------------------+----------+
| RDTSC Runtime [s] | 1.240931 |
|     call count    |  6000000 |
+-------------------+----------+

+---------------------------------+---------+-------------+
|              Event              | Counter |    Core 0   |
+---------------------------------+---------+-------------+
|        INSTR_RETIRED_ANY        |  FIXC0  | 23029490000 |
|      CPU_CLK_UNHALTED_CORE      |  FIXC1  | 54123200000 |
|       CPU_CLK_UNHALTED_REF      |  FIXC2  | 56247100000 |
|  DTLB_LOAD_MISSES_CAUSES_A_WALK |   PMC0  |   353066900 |
| DTLB_STORE_MISSES_CAUSES_A_WALK |   PMC1  |    38415330 |
|   DTLB_LOAD_MISSES_WALK_ACTIVE  |   PMC2  | 10019170000 |
|  DTLB_STORE_MISSES_WALK_ACTIVE  |   PMC3  |   943781500 |
+---------------------------------+---------+-------------+

+-----------------------------------+-----------+
|               Metric              |   Core 0  |
+-----------------------------------+-----------+
|        Runtime (RDTSC) [s]        |    1.2409 |
|        Runtime unhalted [s]       |   20.8810 |
|            Clock [MHz]            | 2494.1151 |
|                CPI                |    2.3502 |
|        L1 DTLB load misses        | 353066900 |
|       L1 DTLB load miss rate      |    0.0153 |
|  L1 DTLB load miss duration [Cyc] |   28.3775 |
|        L1 DTLB store misses       |  38415330 |
|      L1 DTLB store miss rate      |    0.0017 |
| L1 DTLB store miss duration [Cyc] |   24.5678 |
+-----------------------------------+-----------+

Region Core, Group 1: TLB_DATA
+-------------------+----------+
|    Region Info    |  Core 0  |
+-------------------+----------+
| RDTSC Runtime [s] | 0.034704 |
|     call count    |        1 |
+-------------------+----------+

+---------------------------------+---------+-----------+
|              Event              | Counter |   Core 0  |
+---------------------------------+---------+-----------+
|        INSTR_RETIRED_ANY        |  FIXC0  | 201371600 |
|      CPU_CLK_UNHALTED_CORE      |  FIXC1  |  85902550 |
|       CPU_CLK_UNHALTED_REF      |  FIXC2  |  89271400 |
|  DTLB_LOAD_MISSES_CAUSES_A_WALK |   PMC0  |       249 |
| DTLB_STORE_MISSES_CAUSES_A_WALK |   PMC1  |        13 |
|   DTLB_LOAD_MISSES_WALK_ACTIVE  |   PMC2  |      9542 |
|  DTLB_STORE_MISSES_WALK_ACTIVE  |   PMC3  |       591 |
+---------------------------------+---------+-----------+

+-----------------------------------+--------------+
|               Metric              |    Core 0    |
+-----------------------------------+--------------+
|        Runtime (RDTSC) [s]        |       0.0347 |
|        Runtime unhalted [s]       |       0.0331 |
|            Clock [MHz]            |    2494.1747 |
|                CPI                |       0.4266 |
|        L1 DTLB load misses        |          249 |
|       L1 DTLB load miss rate      | 1.236520e-06 |
|  L1 DTLB load miss duration [Cyc] |      38.3213 |
|        L1 DTLB store misses       |           13 |
|      L1 DTLB store miss rate      | 6.455727e-08 |
| L1 DTLB store miss duration [Cyc] |      45.4615 |
+-----------------------------------+--------------+

