--------------------------------------------------------------------------------
CPU name:	Intel(R) Core(TM) i7-6500U CPU @ 2.50GHz
CPU type:	Intel Skylake processor
CPU clock:	2.59 GHz
--------------------------------------------------------------------------------
Bloom Join
-----------------
32768 Buckets 0 Hash Functions
Initialization: 0 ms 
Bloom Filter Generation: 83377 ms 
Join Core: 17 ms 
223 linhas
83395 ms 

--------------------------------------------------------------------------------
Region Initialization, Group 1: L2
+-------------------+----------+
|    Region Info    |  Core 0  |
+-------------------+----------+
| RDTSC Runtime [s] | 0.000002 |
|     call count    |        1 |
+-------------------+----------+

+-----------------------+---------+--------+
|         Event         | Counter | Core 0 |
+-----------------------+---------+--------+
|   INSTR_RETIRED_ANY   |  FIXC0  |  11995 |
| CPU_CLK_UNHALTED_CORE |  FIXC1  |  17260 |
|  CPU_CLK_UNHALTED_REF |  FIXC2  |  18036 |
|    L1D_REPLACEMENT    |   PMC0  |    349 |
|      L1D_M_EVICT      |   PMC1  |    126 |
| ICACHE_64B_IFTAG_MISS |   PMC2  |    610 |
+-----------------------+---------+--------+

+--------------------------------+--------------+
|             Metric             |    Core 0    |
+--------------------------------+--------------+
|       Runtime (RDTSC) [s]      | 2.165186e-06 |
|      Runtime unhalted [s]      | 6.658993e-06 |
|           Clock [MHz]          |    2480.4634 |
|               CPI              |       1.4389 |
|  L2D load bandwidth [MBytes/s] |   10315.9729 |
|  L2D load data volume [GBytes] | 2.233600e-05 |
| L2D evict bandwidth [MBytes/s] |    3724.3913 |
| L2D evict data volume [GBytes] | 8.064000e-06 |
|     L2 bandwidth [MBytes/s]    |   32071.1477 |
|     L2 data volume [GBytes]    |       0.0001 |
+--------------------------------+--------------+

Region Generation, Group 1: L2
+-------------------+----------+
|    Region Info    |  Core 0  |
+-------------------+----------+
| RDTSC Runtime [s] | 0.220476 |
|     call count    |  1500000 |
+-------------------+----------+

+-----------------------+---------+-------------+
|         Event         | Counter |    Core 0   |
+-----------------------+---------+-------------+
|   INSTR_RETIRED_ANY   |  FIXC0  |  5539447000 |
| CPU_CLK_UNHALTED_CORE |  FIXC1  | 12443450000 |
|  CPU_CLK_UNHALTED_REF |  FIXC2  | 12931910000 |
|    L1D_REPLACEMENT    |   PMC0  |   286351600 |
|      L1D_M_EVICT      |   PMC1  |    80445010 |
| ICACHE_64B_IFTAG_MISS |   PMC2  |   595488600 |
+-----------------------+---------+-------------+

+--------------------------------+-------------+
|             Metric             |    Core 0   |
+--------------------------------+-------------+
|       Runtime (RDTSC) [s]      |      0.2205 |
|      Runtime unhalted [s]      |      4.8007 |
|           Clock [MHz]          |   2494.0801 |
|               CPI              |      2.2463 |
|  L2D load bandwidth [MBytes/s] |  83122.5123 |
|  L2D load data volume [GBytes] |     18.3265 |
| L2D evict bandwidth [MBytes/s] |  23351.6814 |
| L2D evict data volume [GBytes] |      5.1485 |
|     L2 bandwidth [MBytes/s]    | 279333.3937 |
|     L2 data volume [GBytes]    |     61.5863 |
+--------------------------------+-------------+

Region Core, Group 1: L2
+-------------------+----------+
|    Region Info    |  Core 0  |
+-------------------+----------+
| RDTSC Runtime [s] | 0.017313 |
|     call count    |        1 |
+-------------------+----------+

+-----------------------+---------+-----------+
|         Event         | Counter |   Core 0  |
+-----------------------+---------+-----------+
|   INSTR_RETIRED_ANY   |  FIXC0  | 116648900 |
| CPU_CLK_UNHALTED_CORE |  FIXC1  |  42434840 |
|  CPU_CLK_UNHALTED_REF |  FIXC2  |  44099420 |
|    L1D_REPLACEMENT    |   PMC0  |     29004 |
|      L1D_M_EVICT      |   PMC1  |       694 |
| ICACHE_64B_IFTAG_MISS |   PMC2  |       876 |
+-----------------------+---------+-----------+

+--------------------------------+--------------+
|             Metric             |    Core 0    |
+--------------------------------+--------------+
|       Runtime (RDTSC) [s]      |       0.0173 |
|      Runtime unhalted [s]      |       0.0164 |
|           Clock [MHz]          |    2494.1465 |
|               CPI              |       0.3638 |
|  L2D load bandwidth [MBytes/s] |     107.2202 |
|  L2D load data volume [GBytes] |       0.0019 |
| L2D evict bandwidth [MBytes/s] |       2.5655 |
| L2D evict data volume [GBytes] | 4.441600e-05 |
|     L2 bandwidth [MBytes/s]    |     113.0241 |
|     L2 data volume [GBytes]    |       0.0020 |
+--------------------------------+--------------+

--------------------------------------------------------------------------------
CPU name:	Intel(R) Core(TM) i7-6500U CPU @ 2.50GHz
CPU type:	Intel Skylake processor
CPU clock:	2.59 GHz
--------------------------------------------------------------------------------
Bloom Join
-----------------
32768 Buckets 0 Hash Functions
Initialization: 0 ms 
Bloom Filter Generation: 84082 ms 
Join Core: 17 ms 
223 linhas
84100 ms 

--------------------------------------------------------------------------------
Region Initialization, Group 1: L2
+-------------------+----------+
|    Region Info    |  Core 0  |
+-------------------+----------+
| RDTSC Runtime [s] | 0.000003 |
|     call count    |        1 |
+-------------------+----------+

+-----------------------+---------+--------+
|         Event         | Counter | Core 0 |
+-----------------------+---------+--------+
|   INSTR_RETIRED_ANY   |  FIXC0  |  11995 |
| CPU_CLK_UNHALTED_CORE |  FIXC1  |  18446 |
|  CPU_CLK_UNHALTED_REF |  FIXC2  |  18792 |
|    L1D_REPLACEMENT    |   PMC0  |    356 |
|      L1D_M_EVICT      |   PMC1  |    118 |
| ICACHE_64B_IFTAG_MISS |   PMC2  |    631 |
+-----------------------+---------+--------+

+--------------------------------+--------------+
|             Metric             |    Core 0    |
+--------------------------------+--------------+
|       Runtime (RDTSC) [s]      | 2.696199e-06 |
|      Runtime unhalted [s]      | 7.117927e-06 |
|           Clock [MHz]          |    2543.7702 |
|               CPI              |       1.5378 |
|  L2D load bandwidth [MBytes/s] |    8450.4148 |
|  L2D load data volume [GBytes] | 2.278400e-05 |
| L2D evict bandwidth [MBytes/s] |    2800.9802 |
| L2D evict data volume [GBytes] | 7.552000e-06 |
|     L2 bandwidth [MBytes/s]    |   26229.5179 |
|     L2 data volume [GBytes]    |       0.0001 |
+--------------------------------+--------------+

Region Generation, Group 1: L2
+-------------------+----------+
|    Region Info    |  Core 0  |
+-------------------+----------+
| RDTSC Runtime [s] | 0.209319 |
|     call count    |  1500000 |
+-------------------+----------+

+-----------------------+---------+-------------+
|         Event         | Counter |    Core 0   |
+-----------------------+---------+-------------+
|   INSTR_RETIRED_ANY   |  FIXC0  |  5539447000 |
| CPU_CLK_UNHALTED_CORE |  FIXC1  | 12496390000 |
|  CPU_CLK_UNHALTED_REF |  FIXC2  | 12986480000 |
|    L1D_REPLACEMENT    |   PMC0  |   312985700 |
|      L1D_M_EVICT      |   PMC1  |    93629370 |
| ICACHE_64B_IFTAG_MISS |   PMC2  |   555149400 |
+-----------------------+---------+-------------+

+--------------------------------+-------------+
|             Metric             |    Core 0   |
+--------------------------------+-------------+
|       Runtime (RDTSC) [s]      |      0.2093 |
|      Runtime unhalted [s]      |      4.8221 |
|           Clock [MHz]          |   2493.6862 |
|               CPI              |      2.2559 |
|  L2D load bandwidth [MBytes/s] |  95696.2194 |
|  L2D load data volume [GBytes] |     20.0311 |
| L2D evict bandwidth [MBytes/s] |  28627.4317 |
| L2D evict data volume [GBytes] |      5.9923 |
|     L2 bandwidth [MBytes/s]    | 294062.0730 |
|     L2 data volume [GBytes]    |     61.5529 |
+--------------------------------+-------------+

Region Core, Group 1: L2
+-------------------+----------+
|    Region Info    |  Core 0  |
+-------------------+----------+
| RDTSC Runtime [s] | 0.017400 |
|     call count    |        1 |
+-------------------+----------+

+-----------------------+---------+-----------+
|         Event         | Counter |   Core 0  |
+-----------------------+---------+-----------+
|   INSTR_RETIRED_ANY   |  FIXC0  | 116648900 |
| CPU_CLK_UNHALTED_CORE |  FIXC1  |  42308440 |
|  CPU_CLK_UNHALTED_REF |  FIXC2  |  43967880 |
|    L1D_REPLACEMENT    |   PMC0  |     29057 |
|      L1D_M_EVICT      |   PMC1  |       700 |
| ICACHE_64B_IFTAG_MISS |   PMC2  |      1034 |
+-----------------------+---------+-----------+

+--------------------------------+--------------+
|             Metric             |    Core 0    |
+--------------------------------+--------------+
|       Runtime (RDTSC) [s]      |       0.0174 |
|      Runtime unhalted [s]      |       0.0163 |
|           Clock [MHz]          |    2493.6768 |
|               CPI              |       0.3627 |
|  L2D load bandwidth [MBytes/s] |     106.8747 |
|  L2D load data volume [GBytes] |       0.0019 |
| L2D evict bandwidth [MBytes/s] |       2.5747 |
| L2D evict data volume [GBytes] | 4.480000e-05 |
|     L2 bandwidth [MBytes/s]    |     113.2525 |
|     L2 data volume [GBytes]    |       0.0020 |
+--------------------------------+--------------+

--------------------------------------------------------------------------------
CPU name:	Intel(R) Core(TM) i7-6500U CPU @ 2.50GHz
CPU type:	Intel Skylake processor
CPU clock:	2.59 GHz
--------------------------------------------------------------------------------
Bloom Join
-----------------
32768 Buckets 0 Hash Functions
Initialization: 0 ms 
Bloom Filter Generation: 84979 ms 
Join Core: 17 ms 
223 linhas
84997 ms 

--------------------------------------------------------------------------------
Region Initialization, Group 1: L2
+-------------------+----------+
|    Region Info    |  Core 0  |
+-------------------+----------+
| RDTSC Runtime [s] | 0.000003 |
|     call count    |        1 |
+-------------------+----------+

+-----------------------+---------+--------+
|         Event         | Counter | Core 0 |
+-----------------------+---------+--------+
|   INSTR_RETIRED_ANY   |  FIXC0  |  11995 |
| CPU_CLK_UNHALTED_CORE |  FIXC1  |  16154 |
|  CPU_CLK_UNHALTED_REF |  FIXC2  |  23652 |
|    L1D_REPLACEMENT    |   PMC0  |    346 |
|      L1D_M_EVICT      |   PMC1  |    124 |
| ICACHE_64B_IFTAG_MISS |   PMC2  |    584 |
+-----------------------+---------+--------+

+--------------------------------+--------------+
|             Metric             |    Core 0    |
+--------------------------------+--------------+
|       Runtime (RDTSC) [s]      | 2.978814e-06 |
|      Runtime unhalted [s]      | 6.232288e-06 |
|           Clock [MHz]          |    1770.2914 |
|               CPI              |       1.3467 |
|  L2D load bandwidth [MBytes/s] |    7433.8310 |
|  L2D load data volume [GBytes] | 2.214400e-05 |
| L2D evict bandwidth [MBytes/s] |    2664.1475 |
| L2D evict data volume [GBytes] | 7.936000e-06 |
|     L2 bandwidth [MBytes/s]    |   22645.2541 |
|     L2 data volume [GBytes]    |       0.0001 |
+--------------------------------+--------------+

Region Generation, Group 1: L2
+-------------------+----------+
|    Region Info    |  Core 0  |
+-------------------+----------+
| RDTSC Runtime [s] | 0.205805 |
|     call count    |  1500000 |
+-------------------+----------+

+-----------------------+---------+-------------+
|         Event         | Counter |    Core 0   |
+-----------------------+---------+-------------+
|   INSTR_RETIRED_ANY   |  FIXC0  |  5539447000 |
| CPU_CLK_UNHALTED_CORE |  FIXC1  | 12860820000 |
|  CPU_CLK_UNHALTED_REF |  FIXC2  | 13365930000 |
|    L1D_REPLACEMENT    |   PMC0  |   309742400 |
|      L1D_M_EVICT      |   PMC1  |   102059300 |
| ICACHE_64B_IFTAG_MISS |   PMC2  |   647211900 |
+-----------------------+---------+-------------+

+--------------------------------+-------------+
|             Metric             |    Core 0   |
+--------------------------------+-------------+
|       Runtime (RDTSC) [s]      |      0.2058 |
|      Runtime unhalted [s]      |      4.9618 |
|           Clock [MHz]          |   2494.0321 |
|               CPI              |      2.3217 |
|  L2D load bandwidth [MBytes/s] |  96321.9674 |
|  L2D load data volume [GBytes] |     19.8235 |
| L2D evict bandwidth [MBytes/s] |  31737.8330 |
| L2D evict data volume [GBytes] |      6.5318 |
|     L2 bandwidth [MBytes/s]    | 329326.1544 |
|     L2 data volume [GBytes]    |     67.7769 |
+--------------------------------+-------------+

Region Core, Group 1: L2
+-------------------+----------+
|    Region Info    |  Core 0  |
+-------------------+----------+
| RDTSC Runtime [s] | 0.017605 |
|     call count    |        1 |
+-------------------+----------+

+-----------------------+---------+-----------+
|         Event         | Counter |   Core 0  |
+-----------------------+---------+-----------+
|   INSTR_RETIRED_ANY   |  FIXC0  | 116648900 |
| CPU_CLK_UNHALTED_CORE |  FIXC1  |  42531850 |
|  CPU_CLK_UNHALTED_REF |  FIXC2  |  44199650 |
|    L1D_REPLACEMENT    |   PMC0  |     29342 |
|      L1D_M_EVICT      |   PMC1  |       929 |
| ICACHE_64B_IFTAG_MISS |   PMC2  |      1290 |
+-----------------------+---------+-----------+

+--------------------------------+-----------+
|             Metric             |   Core 0  |
+--------------------------------+-----------+
|       Runtime (RDTSC) [s]      |    0.0176 |
|      Runtime unhalted [s]      |    0.0164 |
|           Clock [MHz]          | 2494.1812 |
|               CPI              |    0.3646 |
|  L2D load bandwidth [MBytes/s] |  106.6652 |
|  L2D load data volume [GBytes] |    0.0019 |
| L2D evict bandwidth [MBytes/s] |    3.3771 |
| L2D evict data volume [GBytes] |    0.0001 |
|     L2 bandwidth [MBytes/s]    |  114.7317 |
|     L2 data volume [GBytes]    |    0.0020 |
+--------------------------------+-----------+

--------------------------------------------------------------------------------
CPU name:	Intel(R) Core(TM) i7-6500U CPU @ 2.50GHz
CPU type:	Intel Skylake processor
CPU clock:	2.59 GHz
--------------------------------------------------------------------------------
Bloom Join
-----------------
32768 Buckets 0 Hash Functions
Initialization: 0 ms 
Bloom Filter Generation: 86078 ms 
Join Core: 17 ms 
223 linhas
86097 ms 

--------------------------------------------------------------------------------
Region Initialization, Group 1: L2
+-------------------+----------+
|    Region Info    |  Core 0  |
+-------------------+----------+
| RDTSC Runtime [s] | 0.000003 |
|     call count    |        1 |
+-------------------+----------+

+-----------------------+---------+--------+
|         Event         | Counter | Core 0 |
+-----------------------+---------+--------+
|   INSTR_RETIRED_ANY   |  FIXC0  |  11995 |
| CPU_CLK_UNHALTED_CORE |  FIXC1  |  20582 |
|  CPU_CLK_UNHALTED_REF |  FIXC2  |  21276 |
|    L1D_REPLACEMENT    |   PMC0  |    359 |
|      L1D_M_EVICT      |   PMC1  |    127 |
| ICACHE_64B_IFTAG_MISS |   PMC2  |    660 |
+-----------------------+---------+--------+

+--------------------------------+--------------+
|             Metric             |    Core 0    |
+--------------------------------+--------------+
|       Runtime (RDTSC) [s]      | 2.518684e-06 |
|      Runtime unhalted [s]      | 7.940621e-06 |
|           Clock [MHz]          |    2507.4407 |
|               CPI              |       1.7159 |
|  L2D load bandwidth [MBytes/s] |    9122.2241 |
|  L2D load data volume [GBytes] | 2.297600e-05 |
| L2D evict bandwidth [MBytes/s] |    3227.0821 |
| L2D evict data volume [GBytes] | 8.128000e-06 |
|     L2 bandwidth [MBytes/s]    |   29119.9690 |
|     L2 data volume [GBytes]    |       0.0001 |
+--------------------------------+--------------+

Region Generation, Group 1: L2
+-------------------+----------+
|    Region Info    |  Core 0  |
+-------------------+----------+
| RDTSC Runtime [s] | 0.226447 |
|     call count    |  1500000 |
+-------------------+----------+

+-----------------------+---------+-------------+
|         Event         | Counter |    Core 0   |
+-----------------------+---------+-------------+
|   INSTR_RETIRED_ANY   |  FIXC0  |  5539447000 |
| CPU_CLK_UNHALTED_CORE |  FIXC1  | 13139820000 |
|  CPU_CLK_UNHALTED_REF |  FIXC2  | 13655380000 |
|    L1D_REPLACEMENT    |   PMC0  |   294264800 |
|      L1D_M_EVICT      |   PMC1  |    99063950 |
| ICACHE_64B_IFTAG_MISS |   PMC2  |   565691700 |
+-----------------------+---------+-------------+

+--------------------------------+-------------+
|             Metric             |    Core 0   |
+--------------------------------+-------------+
|       Runtime (RDTSC) [s]      |      0.2264 |
|      Runtime unhalted [s]      |      5.0694 |
|           Clock [MHz]          |   2494.1279 |
|               CPI              |      2.3720 |
|  L2D load bandwidth [MBytes/s] |  83166.9469 |
|  L2D load data volume [GBytes] |     18.8329 |
| L2D evict bandwidth [MBytes/s] |  27998.0693 |
| L2D evict data volume [GBytes] |      6.3401 |
|     L2 bandwidth [MBytes/s]    | 271044.3206 |
|     L2 data volume [GBytes]    |     61.3773 |
+--------------------------------+-------------+

Region Core, Group 1: L2
+-------------------+----------+
|    Region Info    |  Core 0  |
+-------------------+----------+
| RDTSC Runtime [s] | 0.017298 |
|     call count    |        1 |
+-------------------+----------+

+-----------------------+---------+-----------+
|         Event         | Counter |   Core 0  |
+-----------------------+---------+-----------+
|   INSTR_RETIRED_ANY   |  FIXC0  | 116648900 |
| CPU_CLK_UNHALTED_CORE |  FIXC1  |  42452510 |
|  CPU_CLK_UNHALTED_REF |  FIXC2  |  44117350 |
|    L1D_REPLACEMENT    |   PMC0  |     29360 |
|      L1D_M_EVICT      |   PMC1  |       881 |
| ICACHE_64B_IFTAG_MISS |   PMC2  |      1014 |
+-----------------------+---------+-----------+

+--------------------------------+-----------+
|             Metric             |   Core 0  |
+--------------------------------+-----------+
|       Runtime (RDTSC) [s]      |    0.0173 |
|      Runtime unhalted [s]      |    0.0164 |
|           Clock [MHz]          | 2494.1757 |
|               CPI              |    0.3639 |
|  L2D load bandwidth [MBytes/s] |  108.6249 |
|  L2D load data volume [GBytes] |    0.0019 |
| L2D evict bandwidth [MBytes/s] |    3.2595 |
| L2D evict data volume [GBytes] |    0.0001 |
|     L2 bandwidth [MBytes/s]    |  115.6360 |
|     L2 data volume [GBytes]    |    0.0020 |
+--------------------------------+-----------+

--------------------------------------------------------------------------------
CPU name:	Intel(R) Core(TM) i7-6500U CPU @ 2.50GHz
CPU type:	Intel Skylake processor
CPU clock:	2.59 GHz
--------------------------------------------------------------------------------
Bloom Join
-----------------
32768 Buckets 0 Hash Functions
Initialization: 0 ms 
Bloom Filter Generation: 69660 ms 
Join Core: 14 ms 
223 linhas
69676 ms 

--------------------------------------------------------------------------------
Region Initialization, Group 1: L2
+-------------------+----------+
|    Region Info    |  Core 0  |
+-------------------+----------+
| RDTSC Runtime [s] | 0.000006 |
|     call count    |        1 |
+-------------------+----------+

+-----------------------+---------+--------+
|         Event         | Counter | Core 0 |
+-----------------------+---------+--------+
|   INSTR_RETIRED_ANY   |  FIXC0  |  11995 |
| CPU_CLK_UNHALTED_CORE |  FIXC1  |  16248 |
|  CPU_CLK_UNHALTED_REF |  FIXC2  |  47088 |
|    L1D_REPLACEMENT    |   PMC0  |    335 |
|      L1D_M_EVICT      |   PMC1  |    124 |
| ICACHE_64B_IFTAG_MISS |   PMC2  |    611 |
+-----------------------+---------+--------+

+--------------------------------+--------------+
|             Metric             |    Core 0    |
+--------------------------------+--------------+
|       Runtime (RDTSC) [s]      | 6.420280e-06 |
|      Runtime unhalted [s]      | 6.268692e-06 |
|           Clock [MHz]          |     894.3606 |
|               CPI              |       1.3546 |
|  L2D load bandwidth [MBytes/s] |    3339.4182 |
|  L2D load data volume [GBytes] | 2.144000e-05 |
| L2D evict bandwidth [MBytes/s] |    1236.0832 |
| L2D evict data volume [GBytes] | 7.936000e-06 |
|     L2 bandwidth [MBytes/s]    |   10666.2015 |
|     L2 data volume [GBytes]    |       0.0001 |
+--------------------------------+--------------+

Region Generation, Group 1: L2
+-------------------+----------+
|    Region Info    |  Core 0  |
+-------------------+----------+
| RDTSC Runtime [s] | 0.159245 |
|     call count    |  1500000 |
+-------------------+----------+

+-----------------------+---------+-------------+
|         Event         | Counter |    Core 0   |
+-----------------------+---------+-------------+
|   INSTR_RETIRED_ANY   |  FIXC0  |  5539447000 |
| CPU_CLK_UNHALTED_CORE |  FIXC1  | 13041510000 |
|  CPU_CLK_UNHALTED_REF |  FIXC2  | 10943790000 |
|    L1D_REPLACEMENT    |   PMC0  |   285971600 |
|      L1D_M_EVICT      |   PMC1  |    92956490 |
| ICACHE_64B_IFTAG_MISS |   PMC2  |   621134000 |
+-----------------------+---------+-------------+

+--------------------------------+-------------+
|             Metric             |    Core 0   |
+--------------------------------+-------------+
|       Runtime (RDTSC) [s]      |      0.1592 |
|      Runtime unhalted [s]      |      5.0316 |
|           Clock [MHz]          |   3088.7525 |
|               CPI              |      2.3543 |
|  L2D load bandwidth [MBytes/s] | 114931.3314 |
|  L2D load data volume [GBytes] |     18.3022 |
| L2D evict bandwidth [MBytes/s] |  37359.0005 |
| L2D evict data volume [GBytes] |      5.9492 |
|     L2 bandwidth [MBytes/s]    | 401922.6646 |
|     L2 data volume [GBytes]    |     64.0040 |
+--------------------------------+-------------+

Region Core, Group 1: L2
+-------------------+----------+
|    Region Info    |  Core 0  |
+-------------------+----------+
| RDTSC Runtime [s] | 0.014142 |
|     call count    |        1 |
+-------------------+----------+

+-----------------------+---------+-----------+
|         Event         | Counter |   Core 0  |
+-----------------------+---------+-----------+
|   INSTR_RETIRED_ANY   |  FIXC0  | 116648900 |
| CPU_CLK_UNHALTED_CORE |  FIXC1  |  42453650 |
|  CPU_CLK_UNHALTED_REF |  FIXC2  |  35585780 |
|    L1D_REPLACEMENT    |   PMC0  |     29252 |
|      L1D_M_EVICT      |   PMC1  |       853 |
| ICACHE_64B_IFTAG_MISS |   PMC2  |      1113 |
+-----------------------+---------+-----------+

+--------------------------------+-----------+
|             Metric             |   Core 0  |
+--------------------------------+-----------+
|       Runtime (RDTSC) [s]      |    0.0141 |
|      Runtime unhalted [s]      |    0.0164 |
|           Clock [MHz]          | 3092.1569 |
|               CPI              |    0.3639 |
|  L2D load bandwidth [MBytes/s] |  132.3795 |
|  L2D load data volume [GBytes] |    0.0019 |
| L2D evict bandwidth [MBytes/s] |    3.8602 |
| L2D evict data volume [GBytes] |    0.0001 |
|     L2 bandwidth [MBytes/s]    |  141.2766 |
|     L2 data volume [GBytes]    |    0.0020 |
+--------------------------------+-----------+

--------------------------------------------------------------------------------
CPU name:	Intel(R) Core(TM) i7-6500U CPU @ 2.50GHz
CPU type:	Intel Skylake processor
CPU clock:	2.59 GHz
--------------------------------------------------------------------------------
Bloom Join
-----------------
32768 Buckets 0 Hash Functions
Initialization: 0 ms 
Bloom Filter Generation: 83294 ms 
Join Core: 17 ms 
223 linhas
83314 ms 

--------------------------------------------------------------------------------
Region Initialization, Group 1: L2
+-------------------+----------+
|    Region Info    |  Core 0  |
+-------------------+----------+
| RDTSC Runtime [s] | 0.000007 |
|     call count    |        1 |
+-------------------+----------+

+-----------------------+---------+--------+
|         Event         | Counter | Core 0 |
+-----------------------+---------+--------+
|   INSTR_RETIRED_ANY   |  FIXC0  |  11995 |
| CPU_CLK_UNHALTED_CORE |  FIXC1  |  16342 |
|  CPU_CLK_UNHALTED_REF |  FIXC2  |  53136 |
|    L1D_REPLACEMENT    |   PMC0  |    348 |
|      L1D_M_EVICT      |   PMC1  |    124 |
| ICACHE_64B_IFTAG_MISS |   PMC2  |    609 |
+-----------------------+---------+--------+

+--------------------------------+--------------+
|             Metric             |    Core 0    |
+--------------------------------+--------------+
|       Runtime (RDTSC) [s]      | 6.992599e-06 |
|      Runtime unhalted [s]      | 6.304822e-06 |
|           Clock [MHz]          |     797.1659 |
|               CPI              |       1.3624 |
|  L2D load bandwidth [MBytes/s] |    3185.0818 |
|  L2D load data volume [GBytes] | 2.227200e-05 |
| L2D evict bandwidth [MBytes/s] |    1134.9142 |
| L2D evict data volume [GBytes] | 7.936000e-06 |
|     L2 bandwidth [MBytes/s]    |    9893.8892 |
|     L2 data volume [GBytes]    |       0.0001 |
+--------------------------------+--------------+

Region Generation, Group 1: L2
+-------------------+----------+
|    Region Info    |  Core 0  |
+-------------------+----------+
| RDTSC Runtime [s] | 0.206511 |
|     call count    |  1500000 |
+-------------------+----------+

+-----------------------+---------+-------------+
|         Event         | Counter |    Core 0   |
+-----------------------+---------+-------------+
|   INSTR_RETIRED_ANY   |  FIXC0  |  5539447000 |
| CPU_CLK_UNHALTED_CORE |  FIXC1  | 12566110000 |
|  CPU_CLK_UNHALTED_REF |  FIXC2  | 13060590000 |
|    L1D_REPLACEMENT    |   PMC0  |   295282200 |
|      L1D_M_EVICT      |   PMC1  |    86230150 |
| ICACHE_64B_IFTAG_MISS |   PMC2  |   578190800 |
+-----------------------+---------+-------------+

+--------------------------------+-------------+
|             Metric             |    Core 0   |
+--------------------------------+-------------+
|       Runtime (RDTSC) [s]      |      0.2065 |
|      Runtime unhalted [s]      |      4.8481 |
|           Clock [MHz]          |   2493.8504 |
|               CPI              |      2.2685 |
|  L2D load bandwidth [MBytes/s] |  91510.9810 |
|  L2D load data volume [GBytes] |     18.8981 |
| L2D evict bandwidth [MBytes/s] |  26723.6075 |
| L2D evict data volume [GBytes] |      5.5187 |
|     L2 bandwidth [MBytes/s]    | 297421.8450 |
|     L2 data volume [GBytes]    |     61.4210 |
+--------------------------------+-------------+

Region Core, Group 1: L2
+-------------------+----------+
|    Region Info    |  Core 0  |
+-------------------+----------+
| RDTSC Runtime [s] | 0.017340 |
|     call count    |        1 |
+-------------------+----------+

+-----------------------+---------+-----------+
|         Event         | Counter |   Core 0  |
+-----------------------+---------+-----------+
|   INSTR_RETIRED_ANY   |  FIXC0  | 116648900 |
| CPU_CLK_UNHALTED_CORE |  FIXC1  |  42447920 |
|  CPU_CLK_UNHALTED_REF |  FIXC2  |  44112920 |
|    L1D_REPLACEMENT    |   PMC0  |     29259 |
|      L1D_M_EVICT      |   PMC1  |       751 |
| ICACHE_64B_IFTAG_MISS |   PMC2  |      1189 |
+-----------------------+---------+-----------+

+--------------------------------+--------------+
|             Metric             |    Core 0    |
+--------------------------------+--------------+
|       Runtime (RDTSC) [s]      |       0.0173 |
|      Runtime unhalted [s]      |       0.0164 |
|           Clock [MHz]          |    2494.1522 |
|               CPI              |       0.3639 |
|  L2D load bandwidth [MBytes/s] |     107.9886 |
|  L2D load data volume [GBytes] |       0.0019 |
| L2D evict bandwidth [MBytes/s] |       2.7718 |
| L2D evict data volume [GBytes] | 4.806400e-05 |
|     L2 bandwidth [MBytes/s]    |     115.1487 |
|     L2 data volume [GBytes]    |       0.0020 |
+--------------------------------+--------------+

--------------------------------------------------------------------------------
CPU name:	Intel(R) Core(TM) i7-6500U CPU @ 2.50GHz
CPU type:	Intel Skylake processor
CPU clock:	2.59 GHz
--------------------------------------------------------------------------------
Bloom Join
-----------------
32768 Buckets 0 Hash Functions
Initialization: 0 ms 
Bloom Filter Generation: 85185 ms 
Join Core: 17 ms 
223 linhas
85204 ms 

--------------------------------------------------------------------------------
Region Initialization, Group 1: L2
+-------------------+----------+
|    Region Info    |  Core 0  |
+-------------------+----------+
| RDTSC Runtime [s] | 0.000002 |
|     call count    |        1 |
+-------------------+----------+

+-----------------------+---------+--------+
|         Event         | Counter | Core 0 |
+-----------------------+---------+--------+
|   INSTR_RETIRED_ANY   |  FIXC0  |  11995 |
| CPU_CLK_UNHALTED_CORE |  FIXC1  |  16792 |
|  CPU_CLK_UNHALTED_REF |  FIXC2  |  18036 |
|    L1D_REPLACEMENT    |   PMC0  |    341 |
|      L1D_M_EVICT      |   PMC1  |    109 |
| ICACHE_64B_IFTAG_MISS |   PMC2  |    609 |
+-----------------------+---------+--------+

+--------------------------------+--------------+
|             Metric             |    Core 0    |
+--------------------------------+--------------+
|       Runtime (RDTSC) [s]      | 2.157265e-06 |
|      Runtime unhalted [s]      | 6.478432e-06 |
|           Clock [MHz]          |    2413.2076 |
|               CPI              |       1.3999 |
|  L2D load bandwidth [MBytes/s] |   10116.5133 |
|  L2D load data volume [GBytes] | 2.182400e-05 |
| L2D evict bandwidth [MBytes/s] |    3233.7242 |
| L2D evict data volume [GBytes] | 6.976000e-06 |
|     L2 bandwidth [MBytes/s]    |   31417.5588 |
|     L2 data volume [GBytes]    |       0.0001 |
+--------------------------------+--------------+

Region Generation, Group 1: L2
+-------------------+----------+
|    Region Info    |  Core 0  |
+-------------------+----------+
| RDTSC Runtime [s] | 0.226734 |
|     call count    |  1500000 |
+-------------------+----------+

+-----------------------+---------+-------------+
|         Event         | Counter |    Core 0   |
+-----------------------+---------+-------------+
|   INSTR_RETIRED_ANY   |  FIXC0  |  5539447000 |
| CPU_CLK_UNHALTED_CORE |  FIXC1  | 13006710000 |
|  CPU_CLK_UNHALTED_REF |  FIXC2  | 13412600000 |
|    L1D_REPLACEMENT    |   PMC0  |   304998200 |
|      L1D_M_EVICT      |   PMC1  |    93056050 |
| ICACHE_64B_IFTAG_MISS |   PMC2  |   627943500 |
+-----------------------+---------+-------------+

+--------------------------------+-------------+
|             Metric             |    Core 0   |
+--------------------------------+-------------+
|       Runtime (RDTSC) [s]      |      0.2267 |
|      Runtime unhalted [s]      |      5.0180 |
|           Clock [MHz]          |   2513.5468 |
|               CPI              |      2.3480 |
|  L2D load bandwidth [MBytes/s] |  86091.4507 |
|  L2D load data volume [GBytes] |     19.5199 |
| L2D evict bandwidth [MBytes/s] |  26266.8119 |
| L2D evict data volume [GBytes] |      5.9556 |
|     L2 bandwidth [MBytes/s]    | 289607.0687 |
|     L2 data volume [GBytes]    |     65.6639 |
+--------------------------------+-------------+

Region Core, Group 1: L2
+-------------------+----------+
|    Region Info    |  Core 0  |
+-------------------+----------+
| RDTSC Runtime [s] | 0.017214 |
|     call count    |        1 |
+-------------------+----------+

+-----------------------+---------+-----------+
|         Event         | Counter |   Core 0  |
+-----------------------+---------+-----------+
|   INSTR_RETIRED_ANY   |  FIXC0  | 116648900 |
| CPU_CLK_UNHALTED_CORE |  FIXC1  |  42431060 |
|  CPU_CLK_UNHALTED_REF |  FIXC2  |  44095430 |
|    L1D_REPLACEMENT    |   PMC0  |     29057 |
|      L1D_M_EVICT      |   PMC1  |       753 |
| ICACHE_64B_IFTAG_MISS |   PMC2  |       944 |
+-----------------------+---------+-----------+

+--------------------------------+--------------+
|             Metric             |    Core 0    |
+--------------------------------+--------------+
|       Runtime (RDTSC) [s]      |       0.0172 |
|      Runtime unhalted [s]      |       0.0164 |
|           Clock [MHz]          |    2494.1513 |
|               CPI              |       0.3638 |
|  L2D load bandwidth [MBytes/s] |     108.0340 |
|  L2D load data volume [GBytes] |       0.0019 |
| L2D evict bandwidth [MBytes/s] |       2.7997 |
| L2D evict data volume [GBytes] | 4.819200e-05 |
|     L2 bandwidth [MBytes/s]    |     114.3434 |
|     L2 data volume [GBytes]    |       0.0020 |
+--------------------------------+--------------+

--------------------------------------------------------------------------------
CPU name:	Intel(R) Core(TM) i7-6500U CPU @ 2.50GHz
CPU type:	Intel Skylake processor
CPU clock:	2.59 GHz
--------------------------------------------------------------------------------
Bloom Join
-----------------
32768 Buckets 0 Hash Functions
Initialization: 0 ms 
Bloom Filter Generation: 75111 ms 
Join Core: 17 ms 
223 linhas
75130 ms 

--------------------------------------------------------------------------------
Region Initialization, Group 1: L3
+-------------------+----------+
|    Region Info    |  Core 0  |
+-------------------+----------+
| RDTSC Runtime [s] | 0.000002 |
|     call count    |        1 |
+-------------------+----------+

+-----------------------+---------+--------+
|         Event         | Counter | Core 0 |
+-----------------------+---------+--------+
|   INSTR_RETIRED_ANY   |  FIXC0  |  11902 |
| CPU_CLK_UNHALTED_CORE |  FIXC1  |  18181 |
|  CPU_CLK_UNHALTED_REF |  FIXC2  |  18684 |
|    L2_LINES_IN_ALL    |   PMC0  |    519 |
|     L2_TRANS_L2_WB    |   PMC1  |    121 |
+-----------------------+---------+--------+

+-------------------------------+--------------+
|             Metric            |    Core 0    |
+-------------------------------+--------------+
|      Runtime (RDTSC) [s]      | 2.122466e-06 |
|      Runtime unhalted [s]     | 7.014304e-06 |
|          Clock [MHz]          |    2522.2089 |
|              CPI              |       1.5276 |
|  L3 load bandwidth [MBytes/s] |   15649.7207 |
|  L3 load data volume [GBytes] | 3.321600e-05 |
| L3 evict bandwidth [MBytes/s] |    3648.5861 |
| L3 evict data volume [GBytes] | 7.744000e-06 |
|    L3 bandwidth [MBytes/s]    |   19298.3068 |
|    L3 data volume [GBytes]    | 4.096000e-05 |
+-------------------------------+--------------+

Region Generation, Group 1: L3
+-------------------+----------+
|    Region Info    |  Core 0  |
+-------------------+----------+
| RDTSC Runtime [s] | 0.209003 |
|     call count    |  1500000 |
+-------------------+----------+

+-----------------------+---------+-------------+
|         Event         | Counter |    Core 0   |
+-----------------------+---------+-------------+
|   INSTR_RETIRED_ANY   |  FIXC0  |  5399947000 |
| CPU_CLK_UNHALTED_CORE |  FIXC1  | 12451950000 |
|  CPU_CLK_UNHALTED_REF |  FIXC2  | 12940470000 |
|    L2_LINES_IN_ALL    |   PMC0  |   188108800 |
|     L2_TRANS_L2_WB    |   PMC1  |    26235830 |
+-----------------------+---------+-------------+

+-------------------------------+------------+
|             Metric            |   Core 0   |
+-------------------------------+------------+
|      Runtime (RDTSC) [s]      |     0.2090 |
|      Runtime unhalted [s]     |     4.8040 |
|          Clock [MHz]          |  2494.1379 |
|              CPI              |     2.3059 |
|  L3 load bandwidth [MBytes/s] | 57601.8128 |
|  L3 load data volume [GBytes] |    12.0390 |
| L3 evict bandwidth [MBytes/s] |  8033.8154 |
| L3 evict data volume [GBytes] |     1.6791 |
|    L3 bandwidth [MBytes/s]    | 65635.6282 |
|    L3 data volume [GBytes]    |    13.7181 |
+-------------------------------+------------+

Region Core, Group 1: L3
+-------------------+----------+
|    Region Info    |  Core 0  |
+-------------------+----------+
| RDTSC Runtime [s] | 0.017384 |
|     call count    |        1 |
+-------------------+----------+

+-----------------------+---------+-----------+
|         Event         | Counter |   Core 0  |
+-----------------------+---------+-----------+
|   INSTR_RETIRED_ANY   |  FIXC0  | 116648800 |
| CPU_CLK_UNHALTED_CORE |  FIXC1  |  43094720 |
|  CPU_CLK_UNHALTED_REF |  FIXC2  |  44784680 |
|    L2_LINES_IN_ALL    |   PMC0  |     30047 |
|     L2_TRANS_L2_WB    |   PMC1  |     19598 |
+-----------------------+---------+-----------+

+-------------------------------+-----------+
|             Metric            |   Core 0  |
+-------------------------------+-----------+
|      Runtime (RDTSC) [s]      |    0.0174 |
|      Runtime unhalted [s]     |    0.0166 |
|          Clock [MHz]          | 2494.1797 |
|              CPI              |    0.3694 |
|  L3 load bandwidth [MBytes/s] |  110.6211 |
|  L3 load data volume [GBytes] |    0.0019 |
| L3 evict bandwidth [MBytes/s] |   72.1520 |
| L3 evict data volume [GBytes] |    0.0013 |
|    L3 bandwidth [MBytes/s]    |  182.7731 |
|    L3 data volume [GBytes]    |    0.0032 |
+-------------------------------+-----------+

--------------------------------------------------------------------------------
CPU name:	Intel(R) Core(TM) i7-6500U CPU @ 2.50GHz
CPU type:	Intel Skylake processor
CPU clock:	2.59 GHz
--------------------------------------------------------------------------------
Bloom Join
-----------------
32768 Buckets 0 Hash Functions
Initialization: 0 ms 
Bloom Filter Generation: 76657 ms 
Join Core: 17 ms 
223 linhas
76677 ms 

--------------------------------------------------------------------------------
Region Initialization, Group 1: L3
+-------------------+----------+
|    Region Info    |  Core 0  |
+-------------------+----------+
| RDTSC Runtime [s] | 0.000007 |
|     call count    |        1 |
+-------------------+----------+

+-----------------------+---------+--------+
|         Event         | Counter | Core 0 |
+-----------------------+---------+--------+
|   INSTR_RETIRED_ANY   |  FIXC0  |  11902 |
| CPU_CLK_UNHALTED_CORE |  FIXC1  |  16872 |
|  CPU_CLK_UNHALTED_REF |  FIXC2  |  54540 |
|    L2_LINES_IN_ALL    |   PMC0  |    569 |
|     L2_TRANS_L2_WB    |   PMC1  |    107 |
+-----------------------+---------+--------+

+-------------------------------+--------------+
|             Metric            |    Core 0    |
+-------------------------------+--------------+
|      Runtime (RDTSC) [s]      | 6.719176e-06 |
|      Runtime unhalted [s]     | 6.509288e-06 |
|          Clock [MHz]          |     801.8341 |
|              CPI              |       1.4176 |
|  L3 load bandwidth [MBytes/s] |    5419.7122 |
|  L3 load data volume [GBytes] | 3.641600e-05 |
| L3 evict bandwidth [MBytes/s] |    1019.1726 |
| L3 evict data volume [GBytes] | 6.848000e-06 |
|    L3 bandwidth [MBytes/s]    |    6438.8848 |
|    L3 data volume [GBytes]    | 4.326400e-05 |
+-------------------------------+--------------+

Region Generation, Group 1: L3
+-------------------+----------+
|    Region Info    |  Core 0  |
+-------------------+----------+
| RDTSC Runtime [s] | 0.213851 |
|     call count    |  1500000 |
+-------------------+----------+

+-----------------------+---------+-------------+
|         Event         | Counter |    Core 0   |
+-----------------------+---------+-------------+
|   INSTR_RETIRED_ANY   |  FIXC0  |  5399947000 |
| CPU_CLK_UNHALTED_CORE |  FIXC1  | 12641870000 |
|  CPU_CLK_UNHALTED_REF |  FIXC2  | 13138850000 |
|    L2_LINES_IN_ALL    |   PMC0  |   195263700 |
|     L2_TRANS_L2_WB    |   PMC1  |    27690280 |
+-----------------------+---------+-------------+

+-------------------------------+------------+
|             Metric            |   Core 0   |
+-------------------------------+------------+
|      Runtime (RDTSC) [s]      |     0.2139 |
|      Runtime unhalted [s]     |     4.8773 |
|          Clock [MHz]          |  2493.9461 |
|              CPI              |     2.3411 |
|  L3 load bandwidth [MBytes/s] | 58437.2809 |
|  L3 load data volume [GBytes] |    12.4969 |
| L3 evict bandwidth [MBytes/s] |  8286.9713 |
| L3 evict data volume [GBytes] |     1.7722 |
|    L3 bandwidth [MBytes/s]    | 66724.2522 |
|    L3 data volume [GBytes]    |    14.2691 |
+-------------------------------+------------+

Region Core, Group 1: L3
+-------------------+----------+
|    Region Info    |  Core 0  |
+-------------------+----------+
| RDTSC Runtime [s] | 0.017251 |
|     call count    |        1 |
+-------------------+----------+

+-----------------------+---------+-----------+
|         Event         | Counter |   Core 0  |
+-----------------------+---------+-----------+
|   INSTR_RETIRED_ANY   |  FIXC0  | 116648800 |
| CPU_CLK_UNHALTED_CORE |  FIXC1  |  42510080 |
|  CPU_CLK_UNHALTED_REF |  FIXC2  |  44176970 |
|    L2_LINES_IN_ALL    |   PMC0  |     30532 |
|     L2_TRANS_L2_WB    |   PMC1  |     18452 |
+-----------------------+---------+-----------+

+-------------------------------+-----------+
|             Metric            |   Core 0  |
+-------------------------------+-----------+
|      Runtime (RDTSC) [s]      |    0.0173 |
|      Runtime unhalted [s]     |    0.0164 |
|          Clock [MHz]          | 2494.1875 |
|              CPI              |    0.3644 |
|  L3 load bandwidth [MBytes/s] |  113.2711 |
|  L3 load data volume [GBytes] |    0.0020 |
| L3 evict bandwidth [MBytes/s] |   68.4553 |
| L3 evict data volume [GBytes] |    0.0012 |
|    L3 bandwidth [MBytes/s]    |  181.7264 |
|    L3 data volume [GBytes]    |    0.0031 |
+-------------------------------+-----------+

--------------------------------------------------------------------------------
CPU name:	Intel(R) Core(TM) i7-6500U CPU @ 2.50GHz
CPU type:	Intel Skylake processor
CPU clock:	2.59 GHz
--------------------------------------------------------------------------------
Bloom Join
-----------------
32768 Buckets 0 Hash Functions
Initialization: 0 ms 
Bloom Filter Generation: 75876 ms 
Join Core: 17 ms 
223 linhas
75896 ms 

--------------------------------------------------------------------------------
Region Initialization, Group 1: L3
+-------------------+----------+
|    Region Info    |  Core 0  |
+-------------------+----------+
| RDTSC Runtime [s] | 0.000007 |
|     call count    |        1 |
+-------------------+----------+

+-----------------------+---------+--------+
|         Event         | Counter | Core 0 |
+-----------------------+---------+--------+
|   INSTR_RETIRED_ANY   |  FIXC0  |  11902 |
| CPU_CLK_UNHALTED_CORE |  FIXC1  |  15966 |
|  CPU_CLK_UNHALTED_REF |  FIXC2  |  51948 |
|    L2_LINES_IN_ALL    |   PMC0  |    546 |
|     L2_TRANS_L2_WB    |   PMC1  |    113 |
+-----------------------+---------+--------+

+-------------------------------+--------------+
|             Metric            |    Core 0    |
+-------------------------------+--------------+
|      Runtime (RDTSC) [s]      | 6.912079e-06 |
|      Runtime unhalted [s]     | 6.160104e-06 |
|          Clock [MHz]          |     796.5910 |
|              CPI              |       1.3415 |
|  L3 load bandwidth [MBytes/s] |    5055.4978 |
|  L3 load data volume [GBytes] | 3.494400e-05 |
| L3 evict bandwidth [MBytes/s] |    1046.2843 |
| L3 evict data volume [GBytes] | 7.232000e-06 |
|    L3 bandwidth [MBytes/s]    |    6101.7821 |
|    L3 data volume [GBytes]    | 4.217600e-05 |
+-------------------------------+--------------+

Region Generation, Group 1: L3
+-------------------+----------+
|    Region Info    |  Core 0  |
+-------------------+----------+
| RDTSC Runtime [s] | 0.200814 |
|     call count    |  1500000 |
+-------------------+----------+

+-----------------------+---------+-------------+
|         Event         | Counter |    Core 0   |
+-----------------------+---------+-------------+
|   INSTR_RETIRED_ANY   |  FIXC0  |  5399947000 |
| CPU_CLK_UNHALTED_CORE |  FIXC1  | 12269690000 |
|  CPU_CLK_UNHALTED_REF |  FIXC2  | 12752090000 |
|    L2_LINES_IN_ALL    |   PMC0  |   142533700 |
|     L2_TRANS_L2_WB    |   PMC1  |    31000870 |
+-----------------------+---------+-------------+

+-------------------------------+------------+
|             Metric            |   Core 0   |
+-------------------------------+------------+
|      Runtime (RDTSC) [s]      |     0.2008 |
|      Runtime unhalted [s]     |     4.7340 |
|          Clock [MHz]          |  2493.7926 |
|              CPI              |     2.2722 |
|  L3 load bandwidth [MBytes/s] | 45425.8101 |
|  L3 load data volume [GBytes] |     9.1222 |
| L3 evict bandwidth [MBytes/s] |  9880.0468 |
| L3 evict data volume [GBytes] |     1.9841 |
|    L3 bandwidth [MBytes/s]    | 55305.8570 |
|    L3 data volume [GBytes]    |    11.1062 |
+-------------------------------+------------+

Region Core, Group 1: L3
+-------------------+----------+
|    Region Info    |  Core 0  |
+-------------------+----------+
| RDTSC Runtime [s] | 0.017546 |
|     call count    |        1 |
+-------------------+----------+

+-----------------------+---------+-----------+
|         Event         | Counter |   Core 0  |
+-----------------------+---------+-----------+
|   INSTR_RETIRED_ANY   |  FIXC0  | 116648800 |
| CPU_CLK_UNHALTED_CORE |  FIXC1  |  42479540 |
|  CPU_CLK_UNHALTED_REF |  FIXC2  |  44145650 |
|    L2_LINES_IN_ALL    |   PMC0  |     30046 |
|     L2_TRANS_L2_WB    |   PMC1  |     19769 |
+-----------------------+---------+-----------+

+-------------------------------+-----------+
|             Metric            |   Core 0  |
+-------------------------------+-----------+
|      Runtime (RDTSC) [s]      |    0.0175 |
|      Runtime unhalted [s]     |    0.0164 |
|          Clock [MHz]          | 2494.0204 |
|              CPI              |    0.3642 |
|  L3 load bandwidth [MBytes/s] |  109.5955 |
|  L3 load data volume [GBytes] |    0.0019 |
| L3 evict bandwidth [MBytes/s] |   72.1092 |
| L3 evict data volume [GBytes] |    0.0013 |
|    L3 bandwidth [MBytes/s]    |  181.7047 |
|    L3 data volume [GBytes]    |    0.0032 |
+-------------------------------+-----------+

--------------------------------------------------------------------------------
CPU name:	Intel(R) Core(TM) i7-6500U CPU @ 2.50GHz
CPU type:	Intel Skylake processor
CPU clock:	2.59 GHz
--------------------------------------------------------------------------------
Bloom Join
-----------------
32768 Buckets 0 Hash Functions
Initialization: 0 ms 
Bloom Filter Generation: 64855 ms 
Join Core: 14 ms 
223 linhas
64872 ms 

--------------------------------------------------------------------------------
Region Initialization, Group 1: L3
+-------------------+----------+
|    Region Info    |  Core 0  |
+-------------------+----------+
| RDTSC Runtime [s] | 0.000006 |
|     call count    |        1 |
+-------------------+----------+

+-----------------------+---------+--------+
|         Event         | Counter | Core 0 |
+-----------------------+---------+--------+
|   INSTR_RETIRED_ANY   |  FIXC0  |  11902 |
| CPU_CLK_UNHALTED_CORE |  FIXC1  |  16429 |
|  CPU_CLK_UNHALTED_REF |  FIXC2  |  53352 |
|    L2_LINES_IN_ALL    |   PMC0  |    574 |
|     L2_TRANS_L2_WB    |   PMC1  |     75 |
+-----------------------+---------+--------+

+-------------------------------+--------------+
|             Metric            |    Core 0    |
+-------------------------------+--------------+
|      Runtime (RDTSC) [s]      | 6.466865e-06 |
|      Runtime unhalted [s]     | 6.338388e-06 |
|          Clock [MHz]          |     798.1651 |
|              CPI              |       1.3804 |
|  L3 load bandwidth [MBytes/s] |    5680.6505 |
|  L3 load data volume [GBytes] | 3.673600e-05 |
| L3 evict bandwidth [MBytes/s] |     742.2453 |
| L3 evict data volume [GBytes] | 4.800000e-06 |
|    L3 bandwidth [MBytes/s]    |    6422.8958 |
|    L3 data volume [GBytes]    | 4.153600e-05 |
+-------------------------------+--------------+

Region Generation, Group 1: L3
+-------------------+----------+
|    Region Info    |  Core 0  |
+-------------------+----------+
| RDTSC Runtime [s] | 0.203903 |
|     call count    |  1500000 |
+-------------------+----------+

+-----------------------+---------+-------------+
|         Event         | Counter |    Core 0   |
+-----------------------+---------+-------------+
|   INSTR_RETIRED_ANY   |  FIXC0  |  5399947000 |
| CPU_CLK_UNHALTED_CORE |  FIXC1  | 13562510000 |
|  CPU_CLK_UNHALTED_REF |  FIXC2  | 11424640000 |
|    L2_LINES_IN_ALL    |   PMC0  |   241882900 |
|     L2_TRANS_L2_WB    |   PMC1  |    39393940 |
+-----------------------+---------+-------------+

+-------------------------------+------------+
|             Metric            |   Core 0   |
+-------------------------------+------------+
|      Runtime (RDTSC) [s]      |     0.2039 |
|      Runtime unhalted [s]     |     5.2325 |
|          Clock [MHz]          |  3077.0169 |
|              CPI              |     2.5116 |
|  L3 load bandwidth [MBytes/s] | 75920.8566 |
|  L3 load data volume [GBytes] |    15.4805 |
| L3 evict bandwidth [MBytes/s] | 12364.7503 |
| L3 evict data volume [GBytes] |     2.5212 |
|    L3 bandwidth [MBytes/s]    | 88285.6069 |
|    L3 data volume [GBytes]    |    18.0017 |
+-------------------------------+------------+

Region Core, Group 1: L3
+-------------------+----------+
|    Region Info    |  Core 0  |
+-------------------+----------+
| RDTSC Runtime [s] | 0.014390 |
|     call count    |        1 |
+-------------------+----------+

+-----------------------+---------+-----------+
|         Event         | Counter |   Core 0  |
+-----------------------+---------+-----------+
|   INSTR_RETIRED_ANY   |  FIXC0  | 116648800 |
| CPU_CLK_UNHALTED_CORE |  FIXC1  |  42506930 |
|  CPU_CLK_UNHALTED_REF |  FIXC2  |  35762040 |
|    L2_LINES_IN_ALL    |   PMC0  |     30512 |
|     L2_TRANS_L2_WB    |   PMC1  |     19287 |
+-----------------------+---------+-----------+

+-------------------------------+-----------+
|             Metric            |   Core 0  |
+-------------------------------+-----------+
|      Runtime (RDTSC) [s]      |    0.0144 |
|      Runtime unhalted [s]     |    0.0164 |
|          Clock [MHz]          | 3080.8446 |
|              CPI              |    0.3644 |
|  L3 load bandwidth [MBytes/s] |  135.7037 |
|  L3 load data volume [GBytes] |    0.0020 |
| L3 evict bandwidth [MBytes/s] |   85.7799 |
| L3 evict data volume [GBytes] |    0.0012 |
|    L3 bandwidth [MBytes/s]    |  221.4836 |
|    L3 data volume [GBytes]    |    0.0032 |
+-------------------------------+-----------+

--------------------------------------------------------------------------------
CPU name:	Intel(R) Core(TM) i7-6500U CPU @ 2.50GHz
CPU type:	Intel Skylake processor
CPU clock:	2.59 GHz
--------------------------------------------------------------------------------
Bloom Join
-----------------
32768 Buckets 0 Hash Functions
Initialization: 0 ms 
Bloom Filter Generation: 64239 ms 
Join Core: 14 ms 
223 linhas
64255 ms 

--------------------------------------------------------------------------------
Region Initialization, Group 1: L3
+-------------------+----------+
|    Region Info    |  Core 0  |
+-------------------+----------+
| RDTSC Runtime [s] | 0.000007 |
|     call count    |        1 |
+-------------------+----------+

+-----------------------+---------+--------+
|         Event         | Counter | Core 0 |
+-----------------------+---------+--------+
|   INSTR_RETIRED_ANY   |  FIXC0  |  11902 |
| CPU_CLK_UNHALTED_CORE |  FIXC1  |  19709 |
|  CPU_CLK_UNHALTED_REF |  FIXC2  |  63828 |
|    L2_LINES_IN_ALL    |   PMC0  |    846 |
|     L2_TRANS_L2_WB    |   PMC1  |    182 |
+-----------------------+---------+--------+

+-------------------------------+--------------+
|             Metric            |    Core 0    |
+-------------------------------+--------------+
|      Runtime (RDTSC) [s]      | 7.408219e-06 |
|      Runtime unhalted [s]     | 7.603821e-06 |
|          Clock [MHz]          |     800.3612 |
|              CPI              |       1.6559 |
|  L3 load bandwidth [MBytes/s] |    7308.6392 |
|  L3 load data volume [GBytes] |       0.0001 |
| L3 evict bandwidth [MBytes/s] |    1572.3077 |
| L3 evict data volume [GBytes] | 1.164800e-05 |
|    L3 bandwidth [MBytes/s]    |    8880.9470 |
|    L3 data volume [GBytes]    |       0.0001 |
+-------------------------------+--------------+

Region Generation, Group 1: L3
+-------------------+----------+
|    Region Info    |  Core 0  |
+-------------------+----------+
| RDTSC Runtime [s] | 0.254138 |
|     call count    |  1500000 |
+-------------------+----------+

+-----------------------+---------+-------------+
|         Event         | Counter |    Core 0   |
+-----------------------+---------+-------------+
|   INSTR_RETIRED_ANY   |  FIXC0  |  5399947000 |
| CPU_CLK_UNHALTED_CORE |  FIXC1  | 13476180000 |
|  CPU_CLK_UNHALTED_REF |  FIXC2  | 11352780000 |
|    L2_LINES_IN_ALL    |   PMC0  |   184118200 |
|     L2_TRANS_L2_WB    |   PMC1  |    33300600 |
+-----------------------+---------+-------------+

+-------------------------------+------------+
|             Metric            |   Core 0   |
+-------------------------------+------------+
|      Runtime (RDTSC) [s]      |     0.2541 |
|      Runtime unhalted [s]     |     5.1992 |
|          Clock [MHz]          |  3076.7859 |
|              CPI              |     2.4956 |
|  L3 load bandwidth [MBytes/s] | 46366.7413 |
|  L3 load data volume [GBytes] |    11.7836 |
| L3 evict bandwidth [MBytes/s] |  8386.1362 |
| L3 evict data volume [GBytes] |     2.1312 |
|    L3 bandwidth [MBytes/s]    | 54752.8775 |
|    L3 data volume [GBytes]    |    13.9148 |
+-------------------------------+------------+

Region Core, Group 1: L3
+-------------------+----------+
|    Region Info    |  Core 0  |
+-------------------+----------+
| RDTSC Runtime [s] | 0.014303 |
|     call count    |        1 |
+-------------------+----------+

+-----------------------+---------+-----------+
|         Event         | Counter |   Core 0  |
+-----------------------+---------+-----------+
|   INSTR_RETIRED_ANY   |  FIXC0  | 116648800 |
| CPU_CLK_UNHALTED_CORE |  FIXC1  |  42504080 |
|  CPU_CLK_UNHALTED_REF |  FIXC2  |  35802650 |
|    L2_LINES_IN_ALL    |   PMC0  |     30065 |
|     L2_TRANS_L2_WB    |   PMC1  |     22103 |
+-----------------------+---------+-----------+

+-------------------------------+-----------+
|             Metric            |   Core 0  |
+-------------------------------+-----------+
|      Runtime (RDTSC) [s]      |    0.0143 |
|      Runtime unhalted [s]     |    0.0164 |
|          Clock [MHz]          | 3077.1463 |
|              CPI              |    0.3644 |
|  L3 load bandwidth [MBytes/s] |  134.5264 |
|  L3 load data volume [GBytes] |    0.0019 |
| L3 evict bandwidth [MBytes/s] |   98.9003 |
| L3 evict data volume [GBytes] |    0.0014 |
|    L3 bandwidth [MBytes/s]    |  233.4268 |
|    L3 data volume [GBytes]    |    0.0033 |
+-------------------------------+-----------+

--------------------------------------------------------------------------------
CPU name:	Intel(R) Core(TM) i7-6500U CPU @ 2.50GHz
CPU type:	Intel Skylake processor
CPU clock:	2.59 GHz
--------------------------------------------------------------------------------
Bloom Join
-----------------
32768 Buckets 0 Hash Functions
Initialization: 0 ms 
Bloom Filter Generation: 64813 ms 
Join Core: 14 ms 
223 linhas
64830 ms 

--------------------------------------------------------------------------------
Region Initialization, Group 1: L3
+-------------------+----------+
|    Region Info    |  Core 0  |
+-------------------+----------+
| RDTSC Runtime [s] | 0.000007 |
|     call count    |        1 |
+-------------------+----------+

+-----------------------+---------+--------+
|         Event         | Counter | Core 0 |
+-----------------------+---------+--------+
|   INSTR_RETIRED_ANY   |  FIXC0  |  11902 |
| CPU_CLK_UNHALTED_CORE |  FIXC1  |  15554 |
|  CPU_CLK_UNHALTED_REF |  FIXC2  |  50436 |
|    L2_LINES_IN_ALL    |   PMC0  |    566 |
|     L2_TRANS_L2_WB    |   PMC1  |     91 |
+-----------------------+---------+--------+

+-------------------------------+--------------+
|             Metric            |    Core 0    |
+-------------------------------+--------------+
|      Runtime (RDTSC) [s]      | 6.707604e-06 |
|      Runtime unhalted [s]     | 6.000800e-06 |
|          Clock [MHz]          |     799.3453 |
|              CPI              |       1.3068 |
|  L3 load bandwidth [MBytes/s] |    5400.4381 |
|  L3 load data volume [GBytes] | 3.622400e-05 |
| L3 evict bandwidth [MBytes/s] |     868.2683 |
| L3 evict data volume [GBytes] | 5.824000e-06 |
|    L3 bandwidth [MBytes/s]    |    6268.7064 |
|    L3 data volume [GBytes]    | 4.204800e-05 |
+-------------------------------+--------------+

Region Generation, Group 1: L3
+-------------------+----------+
|    Region Info    |  Core 0  |
+-------------------+----------+
| RDTSC Runtime [s] | 0.191081 |
|     call count    |  1500000 |
+-------------------+----------+

+-----------------------+---------+-------------+
|         Event         | Counter |    Core 0   |
+-----------------------+---------+-------------+
|   INSTR_RETIRED_ANY   |  FIXC0  |  5399947000 |
| CPU_CLK_UNHALTED_CORE |  FIXC1  | 13073260000 |
|  CPU_CLK_UNHALTED_REF |  FIXC2  | 11019850000 |
|    L2_LINES_IN_ALL    |   PMC0  |   211808600 |
|     L2_TRANS_L2_WB    |   PMC1  |    31370550 |
+-----------------------+---------+-------------+

+-------------------------------+------------+
|             Metric            |   Core 0   |
+-------------------------------+------------+
|      Runtime (RDTSC) [s]      |     0.1911 |
|      Runtime unhalted [s]     |     5.0437 |
|          Clock [MHz]          |  3074.9721 |
|              CPI              |     2.4210 |
|  L3 load bandwidth [MBytes/s] | 70942.4297 |
|  L3 load data volume [GBytes] |    13.5558 |
| L3 evict bandwidth [MBytes/s] | 10507.1420 |
| L3 evict data volume [GBytes] |     2.0077 |
|    L3 bandwidth [MBytes/s]    | 81449.5716 |
|    L3 data volume [GBytes]    |    15.5635 |
+-------------------------------+------------+

Region Core, Group 1: L3
+-------------------+----------+
|    Region Info    |  Core 0  |
+-------------------+----------+
| RDTSC Runtime [s] | 0.014410 |
|     call count    |        1 |
+-------------------+----------+

+-----------------------+---------+-----------+
|         Event         | Counter |   Core 0  |
+-----------------------+---------+-----------+
|   INSTR_RETIRED_ANY   |  FIXC0  | 116648800 |
| CPU_CLK_UNHALTED_CORE |  FIXC1  |  43060720 |
|  CPU_CLK_UNHALTED_REF |  FIXC2  |  36196310 |
|    L2_LINES_IN_ALL    |   PMC0  |     31885 |
|     L2_TRANS_L2_WB    |   PMC1  |     12105 |
+-----------------------+---------+-----------+

+-------------------------------+-----------+
|             Metric            |   Core 0  |
+-------------------------------+-----------+
|      Runtime (RDTSC) [s]      |    0.0144 |
|      Runtime unhalted [s]     |    0.0166 |
|          Clock [MHz]          | 3083.5426 |
|              CPI              |    0.3691 |
|  L3 load bandwidth [MBytes/s] |  141.6145 |
|  L3 load data volume [GBytes] |    0.0020 |
| L3 evict bandwidth [MBytes/s] |   53.7633 |
| L3 evict data volume [GBytes] |    0.0008 |
|    L3 bandwidth [MBytes/s]    |  195.3779 |
|    L3 data volume [GBytes]    |    0.0028 |
+-------------------------------+-----------+

--------------------------------------------------------------------------------
CPU name:	Intel(R) Core(TM) i7-6500U CPU @ 2.50GHz
CPU type:	Intel Skylake processor
CPU clock:	2.59 GHz
--------------------------------------------------------------------------------
Bloom Join
-----------------
32768 Buckets 0 Hash Functions
Initialization: 0 ms 
Bloom Filter Generation: 75654 ms 
Join Core: 17 ms 
223 linhas
75674 ms 

--------------------------------------------------------------------------------
Region Initialization, Group 1: L3
+-------------------+----------+
|    Region Info    |  Core 0  |
+-------------------+----------+
| RDTSC Runtime [s] | 0.000007 |
|     call count    |        1 |
+-------------------+----------+

+-----------------------+---------+--------+
|         Event         | Counter | Core 0 |
+-----------------------+---------+--------+
|   INSTR_RETIRED_ANY   |  FIXC0  |  11902 |
| CPU_CLK_UNHALTED_CORE |  FIXC1  |  16069 |
|  CPU_CLK_UNHALTED_REF |  FIXC2  |  52164 |
|    L2_LINES_IN_ALL    |   PMC0  |    588 |
|     L2_TRANS_L2_WB    |   PMC1  |     95 |
+-----------------------+---------+--------+

+-------------------------------+--------------+
|             Metric            |    Core 0    |
+-------------------------------+--------------+
|      Runtime (RDTSC) [s]      | 6.670164e-06 |
|      Runtime unhalted [s]     | 6.199483e-06 |
|          Clock [MHz]          |     798.4567 |
|              CPI              |       1.3501 |
|  L3 load bandwidth [MBytes/s] |    5641.8403 |
|  L3 load data volume [GBytes] | 3.763200e-05 |
| L3 evict bandwidth [MBytes/s] |     911.5218 |
| L3 evict data volume [GBytes] | 6.080000e-06 |
|    L3 bandwidth [MBytes/s]    |    6553.3621 |
|    L3 data volume [GBytes]    | 4.371200e-05 |
+-------------------------------+--------------+

Region Generation, Group 1: L3
+-------------------+----------+
|    Region Info    |  Core 0  |
+-------------------+----------+
| RDTSC Runtime [s] | 0.229411 |
|     call count    |  1500000 |
+-------------------+----------+

+-----------------------+---------+-------------+
|         Event         | Counter |    Core 0   |
+-----------------------+---------+-------------+
|   INSTR_RETIRED_ANY   |  FIXC0  |  5399982000 |
| CPU_CLK_UNHALTED_CORE |  FIXC1  | 12780310000 |
|  CPU_CLK_UNHALTED_REF |  FIXC2  | 13282650000 |
|    L2_LINES_IN_ALL    |   PMC0  |   222153700 |
|     L2_TRANS_L2_WB    |   PMC1  |    31541900 |
+-----------------------+---------+-------------+

+-------------------------------+------------+
|             Metric            |   Core 0   |
+-------------------------------+------------+
|      Runtime (RDTSC) [s]      |     0.2294 |
|      Runtime unhalted [s]     |     4.9307 |
|          Clock [MHz]          |  2493.9634 |
|              CPI              |     2.3667 |
|  L3 load bandwidth [MBytes/s] | 61975.3926 |
|  L3 load data volume [GBytes] |    14.2178 |
| L3 evict bandwidth [MBytes/s] |  8799.4107 |
| L3 evict data volume [GBytes] |     2.0187 |
|    L3 bandwidth [MBytes/s]    | 70774.8033 |
|    L3 data volume [GBytes]    |    16.2365 |
+-------------------------------+------------+

Region Core, Group 1: L3
+-------------------+----------+
|    Region Info    |  Core 0  |
+-------------------+----------+
| RDTSC Runtime [s] | 0.017229 |
|     call count    |        1 |
+-------------------+----------+

+-----------------------+---------+-----------+
|         Event         | Counter |   Core 0  |
+-----------------------+---------+-----------+
|   INSTR_RETIRED_ANY   |  FIXC0  | 116648800 |
| CPU_CLK_UNHALTED_CORE |  FIXC1  |  42461180 |
|  CPU_CLK_UNHALTED_REF |  FIXC2  |  44126530 |
|    L2_LINES_IN_ALL    |   PMC0  |     30045 |
|     L2_TRANS_L2_WB    |   PMC1  |     21639 |
+-----------------------+---------+-----------+

+-------------------------------+-----------+
|             Metric            |   Core 0  |
+-------------------------------+-----------+
|      Runtime (RDTSC) [s]      |    0.0172 |
|      Runtime unhalted [s]     |    0.0164 |
|          Clock [MHz]          | 2494.1679 |
|              CPI              |    0.3640 |
|  L3 load bandwidth [MBytes/s] |  111.6058 |
|  L3 load data volume [GBytes] |    0.0019 |
| L3 evict bandwidth [MBytes/s] |   80.3807 |
| L3 evict data volume [GBytes] |    0.0014 |
|    L3 bandwidth [MBytes/s]    |  191.9865 |
|    L3 data volume [GBytes]    |    0.0033 |
+-------------------------------+-----------+

--------------------------------------------------------------------------------
CPU name:	Intel(R) Core(TM) i7-6500U CPU @ 2.50GHz
CPU type:	Intel Skylake processor
CPU clock:	2.59 GHz
--------------------------------------------------------------------------------
Bloom Join
-----------------
32768 Buckets 0 Hash Functions
Initialization: 0 ms 
Bloom Filter Generation: 78227 ms 
Join Core: 14 ms 
223 linhas
78244 ms 

--------------------------------------------------------------------------------
Region Initialization, Group 1: TLB_DATA
+-------------------+----------+
|    Region Info    |  Core 0  |
+-------------------+----------+
| RDTSC Runtime [s] | 0.000006 |
|     call count    |        1 |
+-------------------+----------+

+---------------------------------+---------+--------+
|              Event              | Counter | Core 0 |
+---------------------------------+---------+--------+
|        INSTR_RETIRED_ANY        |  FIXC0  |  12088 |
|      CPU_CLK_UNHALTED_CORE      |  FIXC1  |  15228 |
|       CPU_CLK_UNHALTED_REF      |  FIXC2  |  49356 |
|  DTLB_LOAD_MISSES_CAUSES_A_WALK |   PMC0  |     70 |
| DTLB_STORE_MISSES_CAUSES_A_WALK |   PMC1  |      8 |
|   DTLB_LOAD_MISSES_WALK_ACTIVE  |   PMC2  |   2060 |
|  DTLB_STORE_MISSES_WALK_ACTIVE  |   PMC3  |    184 |
+---------------------------------+---------+--------+

+-----------------------------------+--------------+
|               Metric              |    Core 0    |
+-----------------------------------+--------------+
|        Runtime (RDTSC) [s]        | 6.338859e-06 |
|        Runtime unhalted [s]       | 5.875097e-06 |
|            Clock [MHz]            |     799.7067 |
|                CPI                |       1.2598 |
|        L1 DTLB load misses        |           70 |
|       L1 DTLB load miss rate      |       0.0058 |
|  L1 DTLB load miss duration [Cyc] |      29.4286 |
|        L1 DTLB store misses       |            8 |
|      L1 DTLB store miss rate      |       0.0007 |
| L1 DTLB store miss duration [Cyc] |           23 |
+-----------------------------------+--------------+

Region Generation, Group 1: TLB_DATA
+-------------------+----------+
|    Region Info    |  Core 0  |
+-------------------+----------+
| RDTSC Runtime [s] | 0.180977 |
|     call count    |  1500000 |
+-------------------+----------+

+---------------------------------+---------+-------------+
|              Event              | Counter |    Core 0   |
+---------------------------------+---------+-------------+
|        INSTR_RETIRED_ANY        |  FIXC0  |  5678947000 |
|      CPU_CLK_UNHALTED_CORE      |  FIXC1  | 12794420000 |
|       CPU_CLK_UNHALTED_REF      |  FIXC2  | 10750890000 |
|  DTLB_LOAD_MISSES_CAUSES_A_WALK |   PMC0  |    90256580 |
| DTLB_STORE_MISSES_CAUSES_A_WALK |   PMC1  |     9104633 |
|   DTLB_LOAD_MISSES_WALK_ACTIVE  |   PMC2  |  2552303000 |
|  DTLB_STORE_MISSES_WALK_ACTIVE  |   PMC3  |   236080400 |
+---------------------------------+---------+-------------+

+-----------------------------------+-----------+
|               Metric              |   Core 0  |
+-----------------------------------+-----------+
|        Runtime (RDTSC) [s]        |    0.1810 |
|        Runtime unhalted [s]       |    4.9362 |
|            Clock [MHz]            | 3084.6368 |
|                CPI                |    2.2530 |
|        L1 DTLB load misses        |  90256580 |
|       L1 DTLB load miss rate      |    0.0159 |
|  L1 DTLB load miss duration [Cyc] |   28.2783 |
|        L1 DTLB store misses       |   9104633 |
|      L1 DTLB store miss rate      |    0.0016 |
| L1 DTLB store miss duration [Cyc] |   25.9297 |
+-----------------------------------+-----------+

Region Core, Group 1: TLB_DATA
+-------------------+----------+
|    Region Info    |  Core 0  |
+-------------------+----------+
| RDTSC Runtime [s] | 0.014354 |
|     call count    |        1 |
+-------------------+----------+

+---------------------------------+---------+-----------+
|              Event              | Counter |   Core 0  |
+---------------------------------+---------+-----------+
|        INSTR_RETIRED_ANY        |  FIXC0  | 116649000 |
|      CPU_CLK_UNHALTED_CORE      |  FIXC1  |  42511300 |
|       CPU_CLK_UNHALTED_REF      |  FIXC2  |  35654580 |
|  DTLB_LOAD_MISSES_CAUSES_A_WALK |   PMC0  |        63 |
| DTLB_STORE_MISSES_CAUSES_A_WALK |   PMC1  |         7 |
|   DTLB_LOAD_MISSES_WALK_ACTIVE  |   PMC2  |      3525 |
|  DTLB_STORE_MISSES_WALK_ACTIVE  |   PMC3  |       317 |
+---------------------------------+---------+-----------+

+-----------------------------------+--------------+
|               Metric              |    Core 0    |
+-----------------------------------+--------------+
|        Runtime (RDTSC) [s]        |       0.0144 |
|        Runtime unhalted [s]       |       0.0164 |
|            Clock [MHz]            |    3090.4157 |
|                CPI                |       0.3644 |
|        L1 DTLB load misses        |           63 |
|       L1 DTLB load miss rate      | 5.400818e-07 |
|  L1 DTLB load miss duration [Cyc] |      55.9524 |
|        L1 DTLB store misses       |            7 |
|      L1 DTLB store miss rate      | 6.000909e-08 |
| L1 DTLB store miss duration [Cyc] |      45.2857 |
+-----------------------------------+--------------+

