--------------------------------------------------------------------------------
CPU name:	Intel(R) Core(TM) i7-6500U CPU @ 2.50GHz
CPU type:	Intel Skylake processor
CPU clock:	2.59 GHz
--------------------------------------------------------------------------------
Bloom Join
-----------------
32768 Buckets 4 Hash Functions
Initialization: 0 ms 
Bloom Filter Generation: 426175 ms 
Join Core: 38 ms 
0 linhas
426215 ms 

--------------------------------------------------------------------------------
Region Initialization, Group 1: L2
+-------------------+----------+
|    Region Info    |  Core 0  |
+-------------------+----------+
| RDTSC Runtime [s] | 0.000007 |
|     call count    |        1 |
+-------------------+----------+

+-----------------------+---------+--------+
|         Event         | Counter | Core 0 |
+-----------------------+---------+--------+
|   INSTR_RETIRED_ANY   |  FIXC0  |  11995 |
| CPU_CLK_UNHALTED_CORE |  FIXC1  |  16187 |
|  CPU_CLK_UNHALTED_REF |  FIXC2  |  52488 |
|    L1D_REPLACEMENT    |   PMC0  |    351 |
|      L1D_M_EVICT      |   PMC1  |    119 |
| ICACHE_64B_IFTAG_MISS |   PMC2  |    625 |
+-----------------------+---------+--------+

+--------------------------------+--------------+
|             Metric             |    Core 0    |
+--------------------------------+--------------+
|       Runtime (RDTSC) [s]      | 7.199163e-06 |
|      Runtime unhalted [s]      | 6.245023e-06 |
|           Clock [MHz]          |     799.3531 |
|               CPI              |       1.3495 |
|  L2D load bandwidth [MBytes/s] |    3120.3627 |
|  L2D load data volume [GBytes] | 2.246400e-05 |
| L2D evict bandwidth [MBytes/s] |    1057.9008 |
| L2D evict data volume [GBytes] | 7.616000e-06 |
|     L2 bandwidth [MBytes/s]    |    9734.4650 |
|     L2 data volume [GBytes]    |       0.0001 |
+--------------------------------+--------------+

Region Generation, Group 1: L2
+-------------------+----------+
|    Region Info    |  Core 0  |
+-------------------+----------+
| RDTSC Runtime [s] | 1.182517 |
|     call count    |  7500000 |
+-------------------+----------+

+-----------------------+---------+-------------+
|         Event         | Counter |    Core 0   |
+-----------------------+---------+-------------+
|   INSTR_RETIRED_ANY   |  FIXC0  | 28068350000 |
| CPU_CLK_UNHALTED_CORE |  FIXC1  | 64311850000 |
|  CPU_CLK_UNHALTED_REF |  FIXC2  | 66837190000 |
|    L1D_REPLACEMENT    |   PMC0  |  1490971000 |
|      L1D_M_EVICT      |   PMC1  |   456436500 |
| ICACHE_64B_IFTAG_MISS |   PMC2  |  3112733000 |
+-----------------------+---------+-------------+

+--------------------------------+-------------+
|             Metric             |    Core 0   |
+--------------------------------+-------------+
|       Runtime (RDTSC) [s]      |      1.1825 |
|      Runtime unhalted [s]      |     24.8118 |
|           Clock [MHz]          |   2494.0500 |
|               CPI              |      2.2913 |
|  L2D load bandwidth [MBytes/s] |  80694.0991 |
|  L2D load data volume [GBytes] |     95.4221 |
| L2D evict bandwidth [MBytes/s] |  24703.1848 |
| L2D evict data volume [GBytes] |     29.2119 |
|     L2 bandwidth [MBytes/s]    | 273864.1322 |
|     L2 data volume [GBytes]    |    323.8490 |
+--------------------------------+-------------+

Region Core, Group 1: L2
+-------------------+----------+
|    Region Info    |  Core 0  |
+-------------------+----------+
| RDTSC Runtime [s] | 0.038416 |
|     call count    |        1 |
+-------------------+----------+

+-----------------------+---------+-----------+
|         Event         | Counter |   Core 0  |
+-----------------------+---------+-----------+
|   INSTR_RETIRED_ANY   |  FIXC0  | 224883900 |
| CPU_CLK_UNHALTED_CORE |  FIXC1  |  95083320 |
|  CPU_CLK_UNHALTED_REF |  FIXC2  |  98812550 |
|    L1D_REPLACEMENT    |   PMC0  |     29507 |
|      L1D_M_EVICT      |   PMC1  |      1131 |
| ICACHE_64B_IFTAG_MISS |   PMC2  |      1822 |
+-----------------------+---------+-----------+

+--------------------------------+-----------+
|             Metric             |   Core 0  |
+--------------------------------+-----------+
|       Runtime (RDTSC) [s]      |    0.0384 |
|      Runtime unhalted [s]      |    0.0367 |
|           Clock [MHz]          | 2494.1615 |
|               CPI              |    0.4228 |
|  L2D load bandwidth [MBytes/s] |   49.1580 |
|  L2D load data volume [GBytes] |    0.0019 |
| L2D evict bandwidth [MBytes/s] |    1.8842 |
| L2D evict data volume [GBytes] |    0.0001 |
|     L2 bandwidth [MBytes/s]    |   54.0777 |
|     L2 data volume [GBytes]    |    0.0021 |
+--------------------------------+-----------+

--------------------------------------------------------------------------------
CPU name:	Intel(R) Core(TM) i7-6500U CPU @ 2.50GHz
CPU type:	Intel Skylake processor
CPU clock:	2.59 GHz
--------------------------------------------------------------------------------
Bloom Join
-----------------
32768 Buckets 4 Hash Functions
Initialization: 0 ms 
Bloom Filter Generation: 423677 ms 
Join Core: 38 ms 
0 linhas
423718 ms 

--------------------------------------------------------------------------------
Region Initialization, Group 1: L2
+-------------------+----------+
|    Region Info    |  Core 0  |
+-------------------+----------+
| RDTSC Runtime [s] | 0.000007 |
|     call count    |        1 |
+-------------------+----------+

+-----------------------+---------+--------+
|         Event         | Counter | Core 0 |
+-----------------------+---------+--------+
|   INSTR_RETIRED_ANY   |  FIXC0  |  11995 |
| CPU_CLK_UNHALTED_CORE |  FIXC1  |  16316 |
|  CPU_CLK_UNHALTED_REF |  FIXC2  |  53028 |
|    L1D_REPLACEMENT    |   PMC0  |    335 |
|      L1D_M_EVICT      |   PMC1  |    105 |
| ICACHE_64B_IFTAG_MISS |   PMC2  |    627 |
+-----------------------+---------+--------+

+--------------------------------+--------------+
|             Metric             |    Core 0    |
+--------------------------------+--------------+
|       Runtime (RDTSC) [s]      | 6.844174e-06 |
|      Runtime unhalted [s]      | 6.295576e-06 |
|           Clock [MHz]          |     797.4192 |
|               CPI              |       1.3602 |
|  L2D load bandwidth [MBytes/s] |    3132.5913 |
|  L2D load data volume [GBytes] | 2.144000e-05 |
| L2D evict bandwidth [MBytes/s] |     981.8570 |
| L2D evict data volume [GBytes] | 6.720000e-06 |
|     L2 bandwidth [MBytes/s]    |    9977.5371 |
|     L2 data volume [GBytes]    |       0.0001 |
+--------------------------------+--------------+

Region Generation, Group 1: L2
+-------------------+----------+
|    Region Info    |  Core 0  |
+-------------------+----------+
| RDTSC Runtime [s] | 1.304821 |
|     call count    |  7500000 |
+-------------------+----------+

+-----------------------+---------+-------------+
|         Event         | Counter |    Core 0   |
+-----------------------+---------+-------------+
|   INSTR_RETIRED_ANY   |  FIXC0  | 28068360000 |
| CPU_CLK_UNHALTED_CORE |  FIXC1  | 61418000000 |
|  CPU_CLK_UNHALTED_REF |  FIXC2  | 63829250000 |
|    L1D_REPLACEMENT    |   PMC0  |  1402214000 |
|      L1D_M_EVICT      |   PMC1  |   449085500 |
| ICACHE_64B_IFTAG_MISS |   PMC2  |  2788180000 |
+-----------------------+---------+-------------+

+--------------------------------+-------------+
|             Metric             |    Core 0   |
+--------------------------------+-------------+
|       Runtime (RDTSC) [s]      |      1.3048 |
|      Runtime unhalted [s]      |     23.6983 |
|           Clock [MHz]          |   2493.7572 |
|               CPI              |      2.1882 |
|  L2D load bandwidth [MBytes/s] |  68777.0169 |
|  L2D load data volume [GBytes] |     89.7417 |
| L2D evict bandwidth [MBytes/s] |  22027.1378 |
| L2D evict data volume [GBytes] |     28.7415 |
|     L2 bandwidth [MBytes/s]    | 227561.2425 |
|     L2 data volume [GBytes]    |    296.9267 |
+--------------------------------+-------------+

Region Core, Group 1: L2
+-------------------+----------+
|    Region Info    |  Core 0  |
+-------------------+----------+
| RDTSC Runtime [s] | 0.038397 |
|     call count    |        1 |
+-------------------+----------+

+-----------------------+---------+-----------+
|         Event         | Counter |   Core 0  |
+-----------------------+---------+-----------+
|   INSTR_RETIRED_ANY   |  FIXC0  | 224883900 |
| CPU_CLK_UNHALTED_CORE |  FIXC1  |  95132080 |
|  CPU_CLK_UNHALTED_REF |  FIXC2  |  98862770 |
|    L1D_REPLACEMENT    |   PMC0  |     29294 |
|      L1D_M_EVICT      |   PMC1  |      1012 |
| ICACHE_64B_IFTAG_MISS |   PMC2  |      1417 |
+-----------------------+---------+-----------+

+--------------------------------+-----------+
|             Metric             |   Core 0  |
+--------------------------------+-----------+
|       Runtime (RDTSC) [s]      |    0.0384 |
|      Runtime unhalted [s]      |    0.0367 |
|           Clock [MHz]          | 2493.8622 |
|               CPI              |    0.4230 |
|  L2D load bandwidth [MBytes/s] |   48.8278 |
|  L2D load data volume [GBytes] |    0.0019 |
| L2D evict bandwidth [MBytes/s] |    1.6868 |
| L2D evict data volume [GBytes] |    0.0001 |
|     L2 bandwidth [MBytes/s]    |   52.8765 |
|     L2 data volume [GBytes]    |    0.0020 |
+--------------------------------+-----------+

--------------------------------------------------------------------------------
CPU name:	Intel(R) Core(TM) i7-6500U CPU @ 2.50GHz
CPU type:	Intel Skylake processor
CPU clock:	2.59 GHz
--------------------------------------------------------------------------------
Bloom Join
-----------------
32768 Buckets 4 Hash Functions
Initialization: 0 ms 
Bloom Filter Generation: 414946 ms 
Join Core: 38 ms 
0 linhas
414986 ms 

--------------------------------------------------------------------------------
Region Initialization, Group 1: L2
+-------------------+----------+
|    Region Info    |  Core 0  |
+-------------------+----------+
| RDTSC Runtime [s] | 0.000003 |
|     call count    |        1 |
+-------------------+----------+

+-----------------------+---------+--------+
|         Event         | Counter | Core 0 |
+-----------------------+---------+--------+
|   INSTR_RETIRED_ANY   |  FIXC0  |  11995 |
| CPU_CLK_UNHALTED_CORE |  FIXC1  |  17802 |
|  CPU_CLK_UNHALTED_REF |  FIXC2  |  22140 |
|    L1D_REPLACEMENT    |   PMC0  |    328 |
|      L1D_M_EVICT      |   PMC1  |    127 |
| ICACHE_64B_IFTAG_MISS |   PMC2  |    665 |
+-----------------------+---------+--------+

+--------------------------------+--------------+
|             Metric             |    Core 0    |
+--------------------------------+--------------+
|       Runtime (RDTSC) [s]      | 2.762557e-06 |
|      Runtime unhalted [s]      | 6.868117e-06 |
|           Clock [MHz]          |    2084.1180 |
|               CPI              |       1.4841 |
|  L2D load bandwidth [MBytes/s] |    7598.7572 |
|  L2D load data volume [GBytes] | 2.099200e-05 |
| L2D evict bandwidth [MBytes/s] |    2942.2017 |
| L2D evict data volume [GBytes] | 8.128000e-06 |
|     L2 bandwidth [MBytes/s]    |   25946.9759 |
|     L2 data volume [GBytes]    |       0.0001 |
+--------------------------------+--------------+

Region Generation, Group 1: L2
+-------------------+----------+
|    Region Info    |  Core 0  |
+-------------------+----------+
| RDTSC Runtime [s] | 1.247538 |
|     call count    |  7500000 |
+-------------------+----------+

+-----------------------+---------+-------------+
|         Event         | Counter |    Core 0   |
+-----------------------+---------+-------------+
|   INSTR_RETIRED_ANY   |  FIXC0  | 28068350000 |
| CPU_CLK_UNHALTED_CORE |  FIXC1  | 65470760000 |
|  CPU_CLK_UNHALTED_REF |  FIXC2  | 64882540000 |
|    L1D_REPLACEMENT    |   PMC0  |  1410407000 |
|      L1D_M_EVICT      |   PMC1  |   497511300 |
| ICACHE_64B_IFTAG_MISS |   PMC2  |  3395524000 |
+-----------------------+---------+-------------+

+--------------------------------+-------------+
|             Metric             |    Core 0   |
+--------------------------------+-------------+
|       Runtime (RDTSC) [s]      |      1.2475 |
|      Runtime unhalted [s]      |     25.2590 |
|           Clock [MHz]          |   2615.4756 |
|               CPI              |      2.3325 |
|  L2D load bandwidth [MBytes/s] |  72355.3495 |
|  L2D load data volume [GBytes] |     90.2660 |
| L2D evict bandwidth [MBytes/s] |  25522.8484 |
| L2D evict data volume [GBytes] |     31.8407 |
|     L2 bandwidth [MBytes/s]    | 272072.1190 |
|     L2 data volume [GBytes]    |    339.4203 |
+--------------------------------+-------------+

Region Core, Group 1: L2
+-------------------+----------+
|    Region Info    |  Core 0  |
+-------------------+----------+
| RDTSC Runtime [s] | 0.038366 |
|     call count    |        1 |
+-------------------+----------+

+-----------------------+---------+-----------+
|         Event         | Counter |   Core 0  |
+-----------------------+---------+-----------+
|   INSTR_RETIRED_ANY   |  FIXC0  | 224883900 |
| CPU_CLK_UNHALTED_CORE |  FIXC1  |  95164430 |
|  CPU_CLK_UNHALTED_REF |  FIXC2  |  98896250 |
|    L1D_REPLACEMENT    |   PMC0  |     29734 |
|      L1D_M_EVICT      |   PMC1  |      1347 |
| ICACHE_64B_IFTAG_MISS |   PMC2  |      2196 |
+-----------------------+---------+-----------+

+--------------------------------+-----------+
|             Metric             |   Core 0  |
+--------------------------------+-----------+
|       Runtime (RDTSC) [s]      |    0.0384 |
|      Runtime unhalted [s]      |    0.0367 |
|           Clock [MHz]          | 2494.1694 |
|               CPI              |    0.4232 |
|  L2D load bandwidth [MBytes/s] |   49.6000 |
|  L2D load data volume [GBytes] |    0.0019 |
| L2D evict bandwidth [MBytes/s] |    2.2470 |
| L2D evict data volume [GBytes] |    0.0001 |
|     L2 bandwidth [MBytes/s]    |   55.5101 |
|     L2 data volume [GBytes]    |    0.0021 |
+--------------------------------+-----------+

--------------------------------------------------------------------------------
CPU name:	Intel(R) Core(TM) i7-6500U CPU @ 2.50GHz
CPU type:	Intel Skylake processor
CPU clock:	2.59 GHz
--------------------------------------------------------------------------------
Bloom Join
-----------------
32768 Buckets 4 Hash Functions
Initialization: 0 ms 
Bloom Filter Generation: 426177 ms 
Join Core: 39 ms 
0 linhas
426219 ms 

--------------------------------------------------------------------------------
Region Initialization, Group 1: L2
+-------------------+----------+
|    Region Info    |  Core 0  |
+-------------------+----------+
| RDTSC Runtime [s] | 0.000007 |
|     call count    |        1 |
+-------------------+----------+

+-----------------------+---------+--------+
|         Event         | Counter | Core 0 |
+-----------------------+---------+--------+
|   INSTR_RETIRED_ANY   |  FIXC0  |  11995 |
| CPU_CLK_UNHALTED_CORE |  FIXC1  |  16542 |
|  CPU_CLK_UNHALTED_REF |  FIXC2  |  53460 |
|    L1D_REPLACEMENT    |   PMC0  |    338 |
|      L1D_M_EVICT      |   PMC1  |    120 |
| ICACHE_64B_IFTAG_MISS |   PMC2  |    575 |
+-----------------------+---------+--------+

+--------------------------------+--------------+
|             Metric             |    Core 0    |
+--------------------------------+--------------+
|       Runtime (RDTSC) [s]      | 6.918585e-06 |
|      Runtime unhalted [s]      | 6.381977e-06 |
|           Clock [MHz]          |     802.0322 |
|               CPI              |       1.3791 |
|  L2D load bandwidth [MBytes/s] |    3126.6509 |
|  L2D load data volume [GBytes] | 2.163200e-05 |
| L2D evict bandwidth [MBytes/s] |    1110.0536 |
| L2D evict data volume [GBytes] | 7.680000e-06 |
|     L2 bandwidth [MBytes/s]    |    9555.7112 |
|     L2 data volume [GBytes]    |       0.0001 |
+--------------------------------+--------------+

Region Generation, Group 1: L2
+-------------------+----------+
|    Region Info    |  Core 0  |
+-------------------+----------+
| RDTSC Runtime [s] | 1.285025 |
|     call count    |  7500000 |
+-------------------+----------+

+-----------------------+---------+-------------+
|         Event         | Counter |    Core 0   |
+-----------------------+---------+-------------+
|   INSTR_RETIRED_ANY   |  FIXC0  | 28068510000 |
| CPU_CLK_UNHALTED_CORE |  FIXC1  | 65413740000 |
|  CPU_CLK_UNHALTED_REF |  FIXC2  | 67981280000 |
|    L1D_REPLACEMENT    |   PMC0  |  1412999000 |
|      L1D_M_EVICT      |   PMC1  |   470708300 |
| ICACHE_64B_IFTAG_MISS |   PMC2  |  3096720000 |
+-----------------------+---------+-------------+

+--------------------------------+-------------+
|             Metric             |    Core 0   |
+--------------------------------+-------------+
|       Runtime (RDTSC) [s]      |      1.2850 |
|      Runtime unhalted [s]      |     25.2369 |
|           Clock [MHz]          |   2494.0916 |
|               CPI              |      2.3305 |
|  L2D load bandwidth [MBytes/s] |  70373.6783 |
|  L2D load data volume [GBytes] |     90.4319 |
| L2D evict bandwidth [MBytes/s] |  23443.3814 |
| L2D evict data volume [GBytes] |     30.1253 |
|     L2 bandwidth [MBytes/s]    | 248047.5844 |
|     L2 data volume [GBytes]    |    318.7473 |
+--------------------------------+-------------+

Region Core, Group 1: L2
+-------------------+----------+
|    Region Info    |  Core 0  |
+-------------------+----------+
| RDTSC Runtime [s] | 0.038920 |
|     call count    |        1 |
+-------------------+----------+

+-----------------------+---------+-----------+
|         Event         | Counter |   Core 0  |
+-----------------------+---------+-----------+
|   INSTR_RETIRED_ANY   |  FIXC0  | 224883900 |
| CPU_CLK_UNHALTED_CORE |  FIXC1  |  96414280 |
|  CPU_CLK_UNHALTED_REF |  FIXC2  | 100195300 |
|    L1D_REPLACEMENT    |   PMC0  |     32836 |
|      L1D_M_EVICT      |   PMC1  |      2559 |
| ICACHE_64B_IFTAG_MISS |   PMC2  |      3644 |
+-----------------------+---------+-----------+

+--------------------------------+-----------+
|             Metric             |   Core 0  |
+--------------------------------+-----------+
|       Runtime (RDTSC) [s]      |    0.0389 |
|      Runtime unhalted [s]      |    0.0372 |
|           Clock [MHz]          | 2494.1742 |
|               CPI              |    0.4287 |
|  L2D load bandwidth [MBytes/s] |   53.9954 |
|  L2D load data volume [GBytes] |    0.0021 |
| L2D evict bandwidth [MBytes/s] |    4.2080 |
| L2D evict data volume [GBytes] |    0.0002 |
|     L2 bandwidth [MBytes/s]    |   64.1956 |
|     L2 data volume [GBytes]    |    0.0025 |
+--------------------------------+-----------+

--------------------------------------------------------------------------------
CPU name:	Intel(R) Core(TM) i7-6500U CPU @ 2.50GHz
CPU type:	Intel Skylake processor
CPU clock:	2.59 GHz
--------------------------------------------------------------------------------
Bloom Join
-----------------
32768 Buckets 4 Hash Functions
Initialization: 0 ms 
Bloom Filter Generation: 345714 ms 
Join Core: 31 ms 
0 linhas
345747 ms 

--------------------------------------------------------------------------------
Region Initialization, Group 1: L2
+-------------------+----------+
|    Region Info    |  Core 0  |
+-------------------+----------+
| RDTSC Runtime [s] | 0.000006 |
|     call count    |        1 |
+-------------------+----------+

+-----------------------+---------+--------+
|         Event         | Counter | Core 0 |
+-----------------------+---------+--------+
|   INSTR_RETIRED_ANY   |  FIXC0  |  11995 |
| CPU_CLK_UNHALTED_CORE |  FIXC1  |  15614 |
|  CPU_CLK_UNHALTED_REF |  FIXC2  |  50760 |
|    L1D_REPLACEMENT    |   PMC0  |    369 |
|      L1D_M_EVICT      |   PMC1  |    138 |
| ICACHE_64B_IFTAG_MISS |   PMC2  |    617 |
+-----------------------+---------+--------+

+--------------------------------+--------------+
|             Metric             |    Core 0    |
+--------------------------------+--------------+
|       Runtime (RDTSC) [s]      | 6.425410e-06 |
|      Runtime unhalted [s]      | 6.023938e-06 |
|           Clock [MHz]          |     797.3082 |
|               CPI              |       1.3017 |
|  L2D load bandwidth [MBytes/s] |    3675.4075 |
|  L2D load data volume [GBytes] | 2.361600e-05 |
| L2D evict bandwidth [MBytes/s] |    1374.5426 |
| L2D evict data volume [GBytes] | 8.832000e-06 |
|     L2 bandwidth [MBytes/s]    |   11195.5502 |
|     L2 data volume [GBytes]    |       0.0001 |
+--------------------------------+--------------+

Region Generation, Group 1: L2
+-------------------+----------+
|    Region Info    |  Core 0  |
+-------------------+----------+
| RDTSC Runtime [s] | 1.015820 |
|     call count    |  7500000 |
+-------------------+----------+

+-----------------------+---------+-------------+
|         Event         | Counter |    Core 0   |
+-----------------------+---------+-------------+
|   INSTR_RETIRED_ANY   |  FIXC0  | 28068350000 |
| CPU_CLK_UNHALTED_CORE |  FIXC1  | 64092150000 |
|  CPU_CLK_UNHALTED_REF |  FIXC2  | 53777450000 |
|    L1D_REPLACEMENT    |   PMC0  |  1531160000 |
|      L1D_M_EVICT      |   PMC1  |   513094400 |
| ICACHE_64B_IFTAG_MISS |   PMC2  |  2849961000 |
+-----------------------+---------+-------------+

+--------------------------------+-------------+
|             Metric             |    Core 0   |
+--------------------------------+-------------+
|       Runtime (RDTSC) [s]      |      1.0158 |
|      Runtime unhalted [s]      |     24.7270 |
|           Clock [MHz]          |   3089.1452 |
|               CPI              |      2.2834 |
|  L2D load bandwidth [MBytes/s] |  96468.1144 |
|  L2D load data volume [GBytes] |     97.9942 |
| L2D evict bandwidth [MBytes/s] |  32326.6342 |
| L2D evict data volume [GBytes] |     32.8380 |
|     L2 bandwidth [MBytes/s]    | 308351.6623 |
|     L2 data volume [GBytes]    |    313.2298 |
+--------------------------------+-------------+

Region Core, Group 1: L2
+-------------------+----------+
|    Region Info    |  Core 0  |
+-------------------+----------+
| RDTSC Runtime [s] | 0.031329 |
|     call count    |        1 |
+-------------------+----------+

+-----------------------+---------+-----------+
|         Event         | Counter |   Core 0  |
+-----------------------+---------+-----------+
|   INSTR_RETIRED_ANY   |  FIXC0  | 224883900 |
| CPU_CLK_UNHALTED_CORE |  FIXC1  |  95140480 |
|  CPU_CLK_UNHALTED_REF |  FIXC2  |  79752060 |
|    L1D_REPLACEMENT    |   PMC0  |     29412 |
|      L1D_M_EVICT      |   PMC1  |      1098 |
| ICACHE_64B_IFTAG_MISS |   PMC2  |      1583 |
+-----------------------+---------+-----------+

+--------------------------------+-----------+
|             Metric             |   Core 0  |
+--------------------------------+-----------+
|       Runtime (RDTSC) [s]      |    0.0313 |
|      Runtime unhalted [s]      |    0.0367 |
|           Clock [MHz]          | 3092.1255 |
|               CPI              |    0.4231 |
|  L2D load bandwidth [MBytes/s] |   60.0838 |
|  L2D load data volume [GBytes] |    0.0019 |
| L2D evict bandwidth [MBytes/s] |    2.2430 |
| L2D evict data volume [GBytes] |    0.0001 |
|     L2 bandwidth [MBytes/s]    |   65.5607 |
|     L2 data volume [GBytes]    |    0.0021 |
+--------------------------------+-----------+

--------------------------------------------------------------------------------
CPU name:	Intel(R) Core(TM) i7-6500U CPU @ 2.50GHz
CPU type:	Intel Skylake processor
CPU clock:	2.59 GHz
--------------------------------------------------------------------------------
Bloom Join
-----------------
32768 Buckets 4 Hash Functions
Initialization: 0 ms 
Bloom Filter Generation: 421231 ms 
Join Core: 38 ms 
0 linhas
421271 ms 

--------------------------------------------------------------------------------
Region Initialization, Group 1: L2
+-------------------+----------+
|    Region Info    |  Core 0  |
+-------------------+----------+
| RDTSC Runtime [s] | 0.000007 |
|     call count    |        1 |
+-------------------+----------+

+-----------------------+---------+--------+
|         Event         | Counter | Core 0 |
+-----------------------+---------+--------+
|   INSTR_RETIRED_ANY   |  FIXC0  |  11995 |
| CPU_CLK_UNHALTED_CORE |  FIXC1  |  16021 |
|  CPU_CLK_UNHALTED_REF |  FIXC2  |  51948 |
|    L1D_REPLACEMENT    |   PMC0  |    338 |
|      L1D_M_EVICT      |   PMC1  |    124 |
| ICACHE_64B_IFTAG_MISS |   PMC2  |    641 |
+-----------------------+---------+--------+

+--------------------------------+--------------+
|             Metric             |    Core 0    |
+--------------------------------+--------------+
|       Runtime (RDTSC) [s]      | 7.039766e-06 |
|      Runtime unhalted [s]      | 6.180959e-06 |
|           Clock [MHz]          |     799.3823 |
|               CPI              |       1.3356 |
|  L2D load bandwidth [MBytes/s] |    3072.8294 |
|  L2D load data volume [GBytes] | 2.163200e-05 |
| L2D evict bandwidth [MBytes/s] |    1127.3102 |
| L2D evict data volume [GBytes] | 7.936000e-06 |
|     L2 bandwidth [MBytes/s]    |   10027.6060 |
|     L2 data volume [GBytes]    |       0.0001 |
+--------------------------------+--------------+

Region Generation, Group 1: L2
+-------------------+----------+
|    Region Info    |  Core 0  |
+-------------------+----------+
| RDTSC Runtime [s] | 1.255855 |
|     call count    |  7500000 |
+-------------------+----------+

+-----------------------+---------+-------------+
|         Event         | Counter |    Core 0   |
+-----------------------+---------+-------------+
|   INSTR_RETIRED_ANY   |  FIXC0  | 28068350000 |
| CPU_CLK_UNHALTED_CORE |  FIXC1  | 62393010000 |
|  CPU_CLK_UNHALTED_REF |  FIXC2  | 64841800000 |
|    L1D_REPLACEMENT    |   PMC0  |  1422160000 |
|      L1D_M_EVICT      |   PMC1  |   476838400 |
| ICACHE_64B_IFTAG_MISS |   PMC2  |  2920114000 |
+-----------------------+---------+-------------+

+--------------------------------+-------------+
|             Metric             |    Core 0   |
+--------------------------------+-------------+
|       Runtime (RDTSC) [s]      |      1.2559 |
|      Runtime unhalted [s]      |     24.0714 |
|           Clock [MHz]          |   2494.1043 |
|               CPI              |      2.2229 |
|  L2D load bandwidth [MBytes/s] |  72475.1185 |
|  L2D load data volume [GBytes] |     91.0182 |
| L2D evict bandwidth [MBytes/s] |  24300.3035 |
| L2D evict data volume [GBytes] |     30.5177 |
|     L2 bandwidth [MBytes/s]    | 245588.2197 |
|     L2 data volume [GBytes]    |    308.4232 |
+--------------------------------+-------------+

Region Core, Group 1: L2
+-------------------+----------+
|    Region Info    |  Core 0  |
+-------------------+----------+
| RDTSC Runtime [s] | 0.038399 |
|     call count    |        1 |
+-------------------+----------+

+-----------------------+---------+-----------+
|         Event         | Counter |   Core 0  |
+-----------------------+---------+-----------+
|   INSTR_RETIRED_ANY   |  FIXC0  | 224883900 |
| CPU_CLK_UNHALTED_CORE |  FIXC1  |  95111300 |
|  CPU_CLK_UNHALTED_REF |  FIXC2  |  98841170 |
|    L1D_REPLACEMENT    |   PMC0  |     29375 |
|      L1D_M_EVICT      |   PMC1  |      1037 |
| ICACHE_64B_IFTAG_MISS |   PMC2  |      1519 |
+-----------------------+---------+-----------+

+--------------------------------+-----------+
|             Metric             |   Core 0  |
+--------------------------------+-----------+
|       Runtime (RDTSC) [s]      |    0.0384 |
|      Runtime unhalted [s]      |    0.0367 |
|           Clock [MHz]          | 2494.1810 |
|               CPI              |    0.4229 |
|  L2D load bandwidth [MBytes/s] |   48.9599 |
|  L2D load data volume [GBytes] |    0.0019 |
| L2D evict bandwidth [MBytes/s] |    1.7284 |
| L2D evict data volume [GBytes] |    0.0001 |
|     L2 bandwidth [MBytes/s]    |   53.2201 |
|     L2 data volume [GBytes]    |    0.0020 |
+--------------------------------+-----------+

--------------------------------------------------------------------------------
CPU name:	Intel(R) Core(TM) i7-6500U CPU @ 2.50GHz
CPU type:	Intel Skylake processor
CPU clock:	2.59 GHz
--------------------------------------------------------------------------------
Bloom Join
-----------------
32768 Buckets 4 Hash Functions
Initialization: 0 ms 
Bloom Filter Generation: 431211 ms 
Join Core: 38 ms 
0 linhas
431252 ms 

--------------------------------------------------------------------------------
Region Initialization, Group 1: L2
+-------------------+----------+
|    Region Info    |  Core 0  |
+-------------------+----------+
| RDTSC Runtime [s] | 0.000007 |
|     call count    |        1 |
+-------------------+----------+

+-----------------------+---------+--------+
|         Event         | Counter | Core 0 |
+-----------------------+---------+--------+
|   INSTR_RETIRED_ANY   |  FIXC0  |  11995 |
| CPU_CLK_UNHALTED_CORE |  FIXC1  |  16289 |
|  CPU_CLK_UNHALTED_REF |  FIXC2  |  53244 |
|    L1D_REPLACEMENT    |   PMC0  |    334 |
|      L1D_M_EVICT      |   PMC1  |     97 |
| ICACHE_64B_IFTAG_MISS |   PMC2  |    627 |
+-----------------------+---------+--------+

+--------------------------------+--------------+
|             Metric             |    Core 0    |
+--------------------------------+--------------+
|       Runtime (RDTSC) [s]      | 6.757098e-06 |
|      Runtime unhalted [s]      | 6.284366e-06 |
|           Clock [MHz]          |     792.9700 |
|               CPI              |       1.3580 |
|  L2D load bandwidth [MBytes/s] |    3163.4882 |
|  L2D load data volume [GBytes] | 2.137600e-05 |
| L2D evict bandwidth [MBytes/s] |     918.7376 |
| L2D evict data volume [GBytes] | 6.208000e-06 |
|     L2 bandwidth [MBytes/s]    |   10020.8699 |
|     L2 data volume [GBytes]    |       0.0001 |
+--------------------------------+--------------+

Region Generation, Group 1: L2
+-------------------+----------+
|    Region Info    |  Core 0  |
+-------------------+----------+
| RDTSC Runtime [s] | 1.261132 |
|     call count    |  7500000 |
+-------------------+----------+

+-----------------------+---------+-------------+
|         Event         | Counter |    Core 0   |
+-----------------------+---------+-------------+
|   INSTR_RETIRED_ANY   |  FIXC0  | 28068350000 |
| CPU_CLK_UNHALTED_CORE |  FIXC1  | 67002920000 |
|  CPU_CLK_UNHALTED_REF |  FIXC2  | 69367940000 |
|    L1D_REPLACEMENT    |   PMC0  |  1510016000 |
|      L1D_M_EVICT      |   PMC1  |   461622100 |
| ICACHE_64B_IFTAG_MISS |   PMC2  |  3458233000 |
+-----------------------+---------+-------------+

+--------------------------------+-------------+
|             Metric             |    Core 0   |
+--------------------------------+-------------+
|       Runtime (RDTSC) [s]      |      1.2611 |
|      Runtime unhalted [s]      |     25.8500 |
|           Clock [MHz]          |   2503.6172 |
|               CPI              |      2.3871 |
|  L2D load bandwidth [MBytes/s] |  76630.3797 |
|  L2D load data volume [GBytes] |     96.6410 |
| L2D evict bandwidth [MBytes/s] |  23426.4251 |
| L2D evict data volume [GBytes] |     29.5438 |
|     L2 bandwidth [MBytes/s]    | 275555.4140 |
|     L2 data volume [GBytes]    |    347.5118 |
+--------------------------------+-------------+

Region Core, Group 1: L2
+-------------------+----------+
|    Region Info    |  Core 0  |
+-------------------+----------+
| RDTSC Runtime [s] | 0.038452 |
|     call count    |        1 |
+-------------------+----------+

+-----------------------+---------+-----------+
|         Event         | Counter |   Core 0  |
+-----------------------+---------+-----------+
|   INSTR_RETIRED_ANY   |  FIXC0  | 224883900 |
| CPU_CLK_UNHALTED_CORE |  FIXC1  |  95236830 |
|  CPU_CLK_UNHALTED_REF |  FIXC2  |  98971960 |
|    L1D_REPLACEMENT    |   PMC0  |     29981 |
|      L1D_M_EVICT      |   PMC1  |      1550 |
| ICACHE_64B_IFTAG_MISS |   PMC2  |      2153 |
+-----------------------+---------+-----------+

+--------------------------------+-----------+
|             Metric             |   Core 0  |
+--------------------------------+-----------+
|       Runtime (RDTSC) [s]      |    0.0385 |
|      Runtime unhalted [s]      |    0.0367 |
|           Clock [MHz]          | 2494.1683 |
|               CPI              |    0.4235 |
|  L2D load bandwidth [MBytes/s] |   49.9006 |
|  L2D load data volume [GBytes] |    0.0019 |
| L2D evict bandwidth [MBytes/s] |    2.5798 |
| L2D evict data volume [GBytes] |    0.0001 |
|     L2 bandwidth [MBytes/s]    |   56.0639 |
|     L2 data volume [GBytes]    |    0.0022 |
+--------------------------------+-----------+

--------------------------------------------------------------------------------
CPU name:	Intel(R) Core(TM) i7-6500U CPU @ 2.50GHz
CPU type:	Intel Skylake processor
CPU clock:	2.59 GHz
--------------------------------------------------------------------------------
Bloom Join
-----------------
32768 Buckets 4 Hash Functions
Initialization: 0 ms 
Bloom Filter Generation: 379219 ms 
Join Core: 38 ms 
0 linhas
379259 ms 

--------------------------------------------------------------------------------
Region Initialization, Group 1: L3
+-------------------+----------+
|    Region Info    |  Core 0  |
+-------------------+----------+
| RDTSC Runtime [s] | 0.000003 |
|     call count    |        1 |
+-------------------+----------+

+-----------------------+---------+--------+
|         Event         | Counter | Core 0 |
+-----------------------+---------+--------+
|   INSTR_RETIRED_ANY   |  FIXC0  |  11902 |
| CPU_CLK_UNHALTED_CORE |  FIXC1  |  18334 |
|  CPU_CLK_UNHALTED_REF |  FIXC2  |  21924 |
|    L2_LINES_IN_ALL    |   PMC0  |    651 |
|     L2_TRANS_L2_WB    |   PMC1  |     96 |
+-----------------------+---------+--------+

+-------------------------------+--------------+
|             Metric            |    Core 0    |
+-------------------------------+--------------+
|      Runtime (RDTSC) [s]      | 3.358968e-06 |
|      Runtime unhalted [s]     | 7.073496e-06 |
|          Clock [MHz]          |    2167.5072 |
|              CPI              |       1.5404 |
|  L3 load bandwidth [MBytes/s] |   12403.8097 |
|  L3 load data volume [GBytes] | 4.166400e-05 |
| L3 evict bandwidth [MBytes/s] |    1829.1332 |
| L3 evict data volume [GBytes] | 6.144000e-06 |
|    L3 bandwidth [MBytes/s]    |   14232.9430 |
|    L3 data volume [GBytes]    | 4.780800e-05 |
+-------------------------------+--------------+

Region Generation, Group 1: L3
+-------------------+----------+
|    Region Info    |  Core 0  |
+-------------------+----------+
| RDTSC Runtime [s] | 1.205407 |
|     call count    |  7500000 |
+-------------------+----------+

+-----------------------+---------+-------------+
|         Event         | Counter |    Core 0   |
+-----------------------+---------+-------------+
|   INSTR_RETIRED_ANY   |  FIXC0  | 27370850000 |
| CPU_CLK_UNHALTED_CORE |  FIXC1  | 64774260000 |
|  CPU_CLK_UNHALTED_REF |  FIXC2  | 67316350000 |
|    L2_LINES_IN_ALL    |   PMC0  |   826763900 |
|     L2_TRANS_L2_WB    |   PMC1  |   167633100 |
+-----------------------+---------+-------------+

+-------------------------------+------------+
|             Metric            |   Core 0   |
+-------------------------------+------------+
|      Runtime (RDTSC) [s]      |     1.2054 |
|      Runtime unhalted [s]     |    24.9908 |
|          Clock [MHz]          |  2494.0491 |
|              CPI              |     2.3665 |
|  L3 load bandwidth [MBytes/s] | 43896.2853 |
|  L3 load data volume [GBytes] |    52.9129 |
| L3 evict bandwidth [MBytes/s] |  8900.3286 |
| L3 evict data volume [GBytes] |    10.7285 |
|    L3 bandwidth [MBytes/s]    | 52796.6139 |
|    L3 data volume [GBytes]    |    63.6414 |
+-------------------------------+------------+

Region Core, Group 1: L3
+-------------------+----------+
|    Region Info    |  Core 0  |
+-------------------+----------+
| RDTSC Runtime [s] | 0.038455 |
|     call count    |        1 |
+-------------------+----------+

+-----------------------+---------+-----------+
|         Event         | Counter |   Core 0  |
+-----------------------+---------+-----------+
|   INSTR_RETIRED_ANY   |  FIXC0  | 224883800 |
| CPU_CLK_UNHALTED_CORE |  FIXC1  |  95106650 |
|  CPU_CLK_UNHALTED_REF |  FIXC2  |  98836090 |
|    L2_LINES_IN_ALL    |   PMC0  |     30725 |
|     L2_TRANS_L2_WB    |   PMC1  |     19632 |
+-----------------------+---------+-----------+

+-------------------------------+-----------+
|             Metric            |   Core 0  |
+-------------------------------+-----------+
|      Runtime (RDTSC) [s]      |    0.0385 |
|      Runtime unhalted [s]     |    0.0367 |
|          Clock [MHz]          | 2494.1263 |
|              CPI              |    0.4229 |
|  L3 load bandwidth [MBytes/s] |   51.1345 |
|  L3 load data volume [GBytes] |    0.0020 |
| L3 evict bandwidth [MBytes/s] |   32.6728 |
| L3 evict data volume [GBytes] |    0.0013 |
|    L3 bandwidth [MBytes/s]    |   83.8073 |
|    L3 data volume [GBytes]    |    0.0032 |
+-------------------------------+-----------+

--------------------------------------------------------------------------------
CPU name:	Intel(R) Core(TM) i7-6500U CPU @ 2.50GHz
CPU type:	Intel Skylake processor
CPU clock:	2.59 GHz
--------------------------------------------------------------------------------
Bloom Join
-----------------
32768 Buckets 4 Hash Functions
Initialization: 0 ms 
Bloom Filter Generation: 380186 ms 
Join Core: 38 ms 
0 linhas
380226 ms 

--------------------------------------------------------------------------------
Region Initialization, Group 1: L3
+-------------------+----------+
|    Region Info    |  Core 0  |
+-------------------+----------+
| RDTSC Runtime [s] | 0.000003 |
|     call count    |        1 |
+-------------------+----------+

+-----------------------+---------+--------+
|         Event         | Counter | Core 0 |
+-----------------------+---------+--------+
|   INSTR_RETIRED_ANY   |  FIXC0  |  11902 |
| CPU_CLK_UNHALTED_CORE |  FIXC1  |  17509 |
|  CPU_CLK_UNHALTED_REF |  FIXC2  |  19980 |
|    L2_LINES_IN_ALL    |   PMC0  |    566 |
|     L2_TRANS_L2_WB    |   PMC1  |    143 |
+-----------------------+---------+--------+

+-------------------------------+--------------+
|             Metric            |    Core 0    |
+-------------------------------+--------------+
|      Runtime (RDTSC) [s]      | 2.591835e-06 |
|      Runtime unhalted [s]     | 6.755218e-06 |
|          Clock [MHz]          |    2271.3697 |
|              CPI              |       1.4711 |
|  L3 load bandwidth [MBytes/s] |   13976.1983 |
|  L3 load data volume [GBytes] | 3.622400e-05 |
| L3 evict bandwidth [MBytes/s] |    3531.0890 |
| L3 evict data volume [GBytes] | 9.152000e-06 |
|    L3 bandwidth [MBytes/s]    |   17507.2873 |
|    L3 data volume [GBytes]    | 4.537600e-05 |
+-------------------------------+--------------+

Region Generation, Group 1: L3
+-------------------+----------+
|    Region Info    |  Core 0  |
+-------------------+----------+
| RDTSC Runtime [s] | 1.203763 |
|     call count    |  7500000 |
+-------------------+----------+

+-----------------------+---------+-------------+
|         Event         | Counter |    Core 0   |
+-----------------------+---------+-------------+
|   INSTR_RETIRED_ANY   |  FIXC0  | 27370850000 |
| CPU_CLK_UNHALTED_CORE |  FIXC1  | 61906780000 |
|  CPU_CLK_UNHALTED_REF |  FIXC2  | 64335230000 |
|    L2_LINES_IN_ALL    |   PMC0  |   847306300 |
|     L2_TRANS_L2_WB    |   PMC1  |   166709700 |
+-----------------------+---------+-------------+

+-------------------------------+------------+
|             Metric            |   Core 0   |
+-------------------------------+------------+
|      Runtime (RDTSC) [s]      |     1.2038 |
|      Runtime unhalted [s]     |    23.8845 |
|          Clock [MHz]          |  2494.0854 |
|              CPI              |     2.2618 |
|  L3 load bandwidth [MBytes/s] | 45048.4050 |
|  L3 load data volume [GBytes] |    54.2276 |
| L3 evict bandwidth [MBytes/s] |  8863.3899 |
| L3 evict data volume [GBytes] |    10.6694 |
|    L3 bandwidth [MBytes/s]    | 53911.7949 |
|    L3 data volume [GBytes]    |    64.8970 |
+-------------------------------+------------+

Region Core, Group 1: L3
+-------------------+----------+
|    Region Info    |  Core 0  |
+-------------------+----------+
| RDTSC Runtime [s] | 0.038416 |
|     call count    |        1 |
+-------------------+----------+

+-----------------------+---------+-----------+
|         Event         | Counter |   Core 0  |
+-----------------------+---------+-----------+
|   INSTR_RETIRED_ANY   |  FIXC0  | 224883800 |
| CPU_CLK_UNHALTED_CORE |  FIXC1  |  95206570 |
|  CPU_CLK_UNHALTED_REF |  FIXC2  |  98940310 |
|    L2_LINES_IN_ALL    |   PMC0  |     31381 |
|     L2_TRANS_L2_WB    |   PMC1  |     17649 |
+-----------------------+---------+-----------+

+-------------------------------+-----------+
|             Metric            |   Core 0  |
+-------------------------------+-----------+
|      Runtime (RDTSC) [s]      |    0.0384 |
|      Runtime unhalted [s]     |    0.0367 |
|          Clock [MHz]          | 2494.1101 |
|              CPI              |    0.4234 |
|  L3 load bandwidth [MBytes/s] |   52.2793 |
|  L3 load data volume [GBytes] |    0.0020 |
| L3 evict bandwidth [MBytes/s] |   29.4024 |
| L3 evict data volume [GBytes] |    0.0011 |
|    L3 bandwidth [MBytes/s]    |   81.6818 |
|    L3 data volume [GBytes]    |    0.0031 |
+-------------------------------+-----------+

--------------------------------------------------------------------------------
CPU name:	Intel(R) Core(TM) i7-6500U CPU @ 2.50GHz
CPU type:	Intel Skylake processor
CPU clock:	2.59 GHz
--------------------------------------------------------------------------------
Bloom Join
-----------------
32768 Buckets 4 Hash Functions
Initialization: 0 ms 
Bloom Filter Generation: 383078 ms 
Join Core: 39 ms 
0 linhas
383119 ms 

--------------------------------------------------------------------------------
Region Initialization, Group 1: L3
+-------------------+----------+
|    Region Info    |  Core 0  |
+-------------------+----------+
| RDTSC Runtime [s] | 0.000006 |
|     call count    |        1 |
+-------------------+----------+

+-----------------------+---------+--------+
|         Event         | Counter | Core 0 |
+-----------------------+---------+--------+
|   INSTR_RETIRED_ANY   |  FIXC0  |  11902 |
| CPU_CLK_UNHALTED_CORE |  FIXC1  |  15040 |
|  CPU_CLK_UNHALTED_REF |  FIXC2  |  48816 |
|    L2_LINES_IN_ALL    |   PMC0  |    493 |
|     L2_TRANS_L2_WB    |   PMC1  |    109 |
+-----------------------+---------+--------+

+-------------------------------+--------------+
|             Metric            |    Core 0    |
+-------------------------------+--------------+
|      Runtime (RDTSC) [s]      | 6.407808e-06 |
|      Runtime unhalted [s]     | 5.802536e-06 |
|          Clock [MHz]          |     798.5748 |
|              CPI              |       1.2637 |
|  L3 load bandwidth [MBytes/s] |    4923.9927 |
|  L3 load data volume [GBytes] | 3.155200e-05 |
| L3 evict bandwidth [MBytes/s] |    1088.6718 |
| L3 evict data volume [GBytes] | 6.976000e-06 |
|    L3 bandwidth [MBytes/s]    |    6012.6645 |
|    L3 data volume [GBytes]    | 3.852800e-05 |
+-------------------------------+--------------+

Region Generation, Group 1: L3
+-------------------+----------+
|    Region Info    |  Core 0  |
+-------------------+----------+
| RDTSC Runtime [s] | 1.234278 |
|     call count    |  7500000 |
+-------------------+----------+

+-----------------------+---------+-------------+
|         Event         | Counter |    Core 0   |
+-----------------------+---------+-------------+
|   INSTR_RETIRED_ANY   |  FIXC0  | 27370850000 |
| CPU_CLK_UNHALTED_CORE |  FIXC1  | 62452450000 |
|  CPU_CLK_UNHALTED_REF |  FIXC2  | 64903180000 |
|    L2_LINES_IN_ALL    |   PMC0  |  1007308000 |
|     L2_TRANS_L2_WB    |   PMC1  |   213483400 |
+-----------------------+---------+-------------+

+-------------------------------+------------+
|             Metric            |   Core 0   |
+-------------------------------+------------+
|      Runtime (RDTSC) [s]      |     1.2343 |
|      Runtime unhalted [s]     |    24.0946 |
|          Clock [MHz]          |  2494.0978 |
|              CPI              |     2.2817 |
|  L3 load bandwidth [MBytes/s] | 52231.1116 |
|  L3 load data volume [GBytes] |    64.4677 |
| L3 evict bandwidth [MBytes/s] | 11069.5788 |
| L3 evict data volume [GBytes] |    13.6629 |
|    L3 bandwidth [MBytes/s]    | 63300.6904 |
|    L3 data volume [GBytes]    |    78.1306 |
+-------------------------------+------------+

Region Core, Group 1: L3
+-------------------+----------+
|    Region Info    |  Core 0  |
+-------------------+----------+
| RDTSC Runtime [s] | 0.038571 |
|     call count    |        1 |
+-------------------+----------+

+-----------------------+---------+-----------+
|         Event         | Counter |   Core 0  |
+-----------------------+---------+-----------+
|   INSTR_RETIRED_ANY   |  FIXC0  | 224883800 |
| CPU_CLK_UNHALTED_CORE |  FIXC1  |  95456950 |
|  CPU_CLK_UNHALTED_REF |  FIXC2  |  99200270 |
|    L2_LINES_IN_ALL    |   PMC0  |     32236 |
|     L2_TRANS_L2_WB    |   PMC1  |     17080 |
+-----------------------+---------+-----------+

+-------------------------------+-----------+
|             Metric            |   Core 0  |
+-------------------------------+-----------+
|      Runtime (RDTSC) [s]      |    0.0386 |
|      Runtime unhalted [s]     |    0.0368 |
|          Clock [MHz]          | 2494.1621 |
|              CPI              |    0.4245 |
|  L3 load bandwidth [MBytes/s] |   53.4882 |
|  L3 load data volume [GBytes] |    0.0021 |
| L3 evict bandwidth [MBytes/s] |   28.3403 |
| L3 evict data volume [GBytes] |    0.0011 |
|    L3 bandwidth [MBytes/s]    |   81.8285 |
|    L3 data volume [GBytes]    |    0.0032 |
+-------------------------------+-----------+

--------------------------------------------------------------------------------
CPU name:	Intel(R) Core(TM) i7-6500U CPU @ 2.50GHz
CPU type:	Intel Skylake processor
CPU clock:	2.59 GHz
--------------------------------------------------------------------------------
Bloom Join
-----------------
32768 Buckets 4 Hash Functions
Initialization: 0 ms 
Bloom Filter Generation: 348869 ms 
Join Core: 39 ms 
0 linhas
348911 ms 

--------------------------------------------------------------------------------
Region Initialization, Group 1: L3
+-------------------+----------+
|    Region Info    |  Core 0  |
+-------------------+----------+
| RDTSC Runtime [s] | 0.000007 |
|     call count    |        1 |
+-------------------+----------+

+-----------------------+---------+--------+
|         Event         | Counter | Core 0 |
+-----------------------+---------+--------+
|   INSTR_RETIRED_ANY   |  FIXC0  |  11902 |
| CPU_CLK_UNHALTED_CORE |  FIXC1  |  18913 |
|  CPU_CLK_UNHALTED_REF |  FIXC2  |  61128 |
|    L2_LINES_IN_ALL    |   PMC0  |    618 |
|     L2_TRANS_L2_WB    |   PMC1  |    142 |
+-----------------------+---------+--------+

+-------------------------------+--------------+
|             Metric            |    Core 0    |
+-------------------------------+--------------+
|      Runtime (RDTSC) [s]      | 7.164447e-06 |
|      Runtime unhalted [s]     | 7.296726e-06 |
|          Clock [MHz]          |     801.9598 |
|              CPI              |       1.5891 |
|  L3 load bandwidth [MBytes/s] |    5520.5936 |
|  L3 load data volume [GBytes] | 3.955200e-05 |
| L3 evict bandwidth [MBytes/s] |    1268.4859 |
| L3 evict data volume [GBytes] | 9.088000e-06 |
|    L3 bandwidth [MBytes/s]    |    6789.0795 |
|    L3 data volume [GBytes]    | 4.864000e-05 |
+-------------------------------+--------------+

Region Generation, Group 1: L3
+-------------------+----------+
|    Region Info    |  Core 0  |
+-------------------+----------+
| RDTSC Runtime [s] | 1.191422 |
|     call count    |  7500000 |
+-------------------+----------+

+-----------------------+---------+-------------+
|         Event         | Counter |    Core 0   |
+-----------------------+---------+-------------+
|   INSTR_RETIRED_ANY   |  FIXC0  | 27370850000 |
| CPU_CLK_UNHALTED_CORE |  FIXC1  | 65973370000 |
|  CPU_CLK_UNHALTED_REF |  FIXC2  | 60749850000 |
|    L2_LINES_IN_ALL    |   PMC0  |  1028758000 |
|     L2_TRANS_L2_WB    |   PMC1  |   169829100 |
+-----------------------+---------+-------------+

+-------------------------------+------------+
|             Metric            |   Core 0   |
+-------------------------------+------------+
|      Runtime (RDTSC) [s]      |     1.1914 |
|      Runtime unhalted [s]     |    25.4528 |
|          Clock [MHz]          |  2814.8538 |
|              CPI              |     2.4104 |
|  L3 load bandwidth [MBytes/s] | 55262.1254 |
|  L3 load data volume [GBytes] |    65.8405 |
| L3 evict bandwidth [MBytes/s] |  9122.7646 |
| L3 evict data volume [GBytes] |    10.8691 |
|    L3 bandwidth [MBytes/s]    | 64384.8900 |
|    L3 data volume [GBytes]    |    76.7096 |
+-------------------------------+------------+

Region Core, Group 1: L3
+-------------------+----------+
|    Region Info    |  Core 0  |
+-------------------+----------+
| RDTSC Runtime [s] | 0.039116 |
|     call count    |        1 |
+-------------------+----------+

+-----------------------+---------+-----------+
|         Event         | Counter |   Core 0  |
+-----------------------+---------+-----------+
|   INSTR_RETIRED_ANY   |  FIXC0  | 224883800 |
| CPU_CLK_UNHALTED_CORE |  FIXC1  |  96823800 |
|  CPU_CLK_UNHALTED_REF |  FIXC2  | 100620700 |
|    L2_LINES_IN_ALL    |   PMC0  |     36389 |
|     L2_TRANS_L2_WB    |   PMC1  |      8805 |
+-----------------------+---------+-----------+

+-------------------------------+-----------+
|             Metric            |   Core 0  |
+-------------------------------+-----------+
|      Runtime (RDTSC) [s]      |    0.0391 |
|      Runtime unhalted [s]     |    0.0374 |
|          Clock [MHz]          | 2494.1764 |
|              CPI              |    0.4306 |
|  L3 load bandwidth [MBytes/s] |   59.5381 |
|  L3 load data volume [GBytes] |    0.0023 |
| L3 evict bandwidth [MBytes/s] |   14.4063 |
| L3 evict data volume [GBytes] |    0.0006 |
|    L3 bandwidth [MBytes/s]    |   73.9444 |
|    L3 data volume [GBytes]    |    0.0029 |
+-------------------------------+-----------+

--------------------------------------------------------------------------------
CPU name:	Intel(R) Core(TM) i7-6500U CPU @ 2.50GHz
CPU type:	Intel Skylake processor
CPU clock:	2.59 GHz
--------------------------------------------------------------------------------
Bloom Join
-----------------
32768 Buckets 4 Hash Functions
Initialization: 0 ms 
Bloom Filter Generation: 327012 ms 
Join Core: 32 ms 
0 linhas
327046 ms 

--------------------------------------------------------------------------------
Region Initialization, Group 1: L3
+-------------------+----------+
|    Region Info    |  Core 0  |
+-------------------+----------+
| RDTSC Runtime [s] | 0.000007 |
|     call count    |        1 |
+-------------------+----------+

+-----------------------+---------+--------+
|         Event         | Counter | Core 0 |
+-----------------------+---------+--------+
|   INSTR_RETIRED_ANY   |  FIXC0  |  11902 |
| CPU_CLK_UNHALTED_CORE |  FIXC1  |  15557 |
|  CPU_CLK_UNHALTED_REF |  FIXC2  |  50220 |
|    L2_LINES_IN_ALL    |   PMC0  |    559 |
|     L2_TRANS_L2_WB    |   PMC1  |     82 |
+-----------------------+---------+--------+

+-------------------------------+--------------+
|             Metric            |    Core 0    |
+-------------------------------+--------------+
|      Runtime (RDTSC) [s]      | 6.652039e-06 |
|      Runtime unhalted [s]     | 6.001946e-06 |
|          Clock [MHz]          |     802.9396 |
|              CPI              |       1.3071 |
|  L3 load bandwidth [MBytes/s] |    5378.2006 |
|  L3 load data volume [GBytes] | 3.577600e-05 |
| L3 evict bandwidth [MBytes/s] |     788.9310 |
| L3 evict data volume [GBytes] | 5.248000e-06 |
|    L3 bandwidth [MBytes/s]    |    6167.1316 |
|    L3 data volume [GBytes]    | 4.102400e-05 |
+-------------------------------+--------------+

Region Generation, Group 1: L3
+-------------------+----------+
|    Region Info    |  Core 0  |
+-------------------+----------+
| RDTSC Runtime [s] | 1.187063 |
|     call count    |  7500000 |
+-------------------+----------+

+-----------------------+---------+-------------+
|         Event         | Counter |    Core 0   |
+-----------------------+---------+-------------+
|   INSTR_RETIRED_ANY   |  FIXC0  | 27370850000 |
| CPU_CLK_UNHALTED_CORE |  FIXC1  | 67144310000 |
|  CPU_CLK_UNHALTED_REF |  FIXC2  | 56564580000 |
|    L2_LINES_IN_ALL    |   PMC0  |  1111011000 |
|     L2_TRANS_L2_WB    |   PMC1  |   183010300 |
+-----------------------+---------+-------------+

+-------------------------------+------------+
|             Metric            |   Core 0   |
+-------------------------------+------------+
|      Runtime (RDTSC) [s]      |     1.1871 |
|      Runtime unhalted [s]     |    25.9045 |
|          Clock [MHz]          |  3076.7939 |
|              CPI              |     2.4531 |
|  L3 load bandwidth [MBytes/s] | 59899.6886 |
|  L3 load data volume [GBytes] |    71.1047 |
| L3 evict bandwidth [MBytes/s] |  9866.9230 |
| L3 evict data volume [GBytes] |    11.7127 |
|    L3 bandwidth [MBytes/s]    | 69766.6115 |
|    L3 data volume [GBytes]    |    82.8174 |
+-------------------------------+------------+

Region Core, Group 1: L3
+-------------------+----------+
|    Region Info    |  Core 0  |
+-------------------+----------+
| RDTSC Runtime [s] | 0.032033 |
|     call count    |        1 |
+-------------------+----------+

+-----------------------+---------+-----------+
|         Event         | Counter |   Core 0  |
+-----------------------+---------+-----------+
|   INSTR_RETIRED_ANY   |  FIXC0  | 224883800 |
| CPU_CLK_UNHALTED_CORE |  FIXC1  |  95506660 |
|  CPU_CLK_UNHALTED_REF |  FIXC2  |  80338070 |
|    L2_LINES_IN_ALL    |   PMC0  |     31937 |
|     L2_TRANS_L2_WB    |   PMC1  |     18510 |
+-----------------------+---------+-----------+

+-------------------------------+-----------+
|             Metric            |   Core 0  |
+-------------------------------+-----------+
|      Runtime (RDTSC) [s]      |    0.0320 |
|      Runtime unhalted [s]     |    0.0368 |
|          Clock [MHz]          | 3081.3854 |
|              CPI              |    0.4247 |
|  L3 load bandwidth [MBytes/s] |   63.8085 |
|  L3 load data volume [GBytes] |    0.0020 |
| L3 evict bandwidth [MBytes/s] |   36.9820 |
| L3 evict data volume [GBytes] |    0.0012 |
|    L3 bandwidth [MBytes/s]    |  100.7905 |
|    L3 data volume [GBytes]    |    0.0032 |
+-------------------------------+-----------+

--------------------------------------------------------------------------------
CPU name:	Intel(R) Core(TM) i7-6500U CPU @ 2.50GHz
CPU type:	Intel Skylake processor
CPU clock:	2.59 GHz
--------------------------------------------------------------------------------
Bloom Join
-----------------
32768 Buckets 4 Hash Functions
Initialization: 0 ms 
Bloom Filter Generation: 324149 ms 
Join Core: 32 ms 
0 linhas
324183 ms 

--------------------------------------------------------------------------------
Region Initialization, Group 1: L3
+-------------------+----------+
|    Region Info    |  Core 0  |
+-------------------+----------+
| RDTSC Runtime [s] | 0.000007 |
|     call count    |        1 |
+-------------------+----------+

+-----------------------+---------+--------+
|         Event         | Counter | Core 0 |
+-----------------------+---------+--------+
|   INSTR_RETIRED_ANY   |  FIXC0  |  11902 |
| CPU_CLK_UNHALTED_CORE |  FIXC1  |  15896 |
|  CPU_CLK_UNHALTED_REF |  FIXC2  |  51516 |
|    L2_LINES_IN_ALL    |   PMC0  |    566 |
|     L2_TRANS_L2_WB    |   PMC1  |     87 |
+-----------------------+---------+--------+

+-------------------------------+--------------+
|             Metric            |    Core 0    |
+-------------------------------+--------------+
|      Runtime (RDTSC) [s]      | 6.581093e-06 |
|      Runtime unhalted [s]     | 6.133205e-06 |
|          Clock [MHz]          |     799.7350 |
|              CPI              |       1.3356 |
|  L3 load bandwidth [MBytes/s] |    5504.2529 |
|  L3 load data volume [GBytes] | 3.622400e-05 |
| L3 evict bandwidth [MBytes/s] |     846.0601 |
| L3 evict data volume [GBytes] | 5.568000e-06 |
|    L3 bandwidth [MBytes/s]    |    6350.3129 |
|    L3 data volume [GBytes]    | 4.179200e-05 |
+-------------------------------+--------------+

Region Generation, Group 1: L3
+-------------------+----------+
|    Region Info    |  Core 0  |
+-------------------+----------+
| RDTSC Runtime [s] | 1.095568 |
|     call count    |  7500000 |
+-------------------+----------+

+-----------------------+---------+-------------+
|         Event         | Counter |    Core 0   |
+-----------------------+---------+-------------+
|   INSTR_RETIRED_ANY   |  FIXC0  | 27370850000 |
| CPU_CLK_UNHALTED_CORE |  FIXC1  | 65148550000 |
|  CPU_CLK_UNHALTED_REF |  FIXC2  | 54903960000 |
|    L2_LINES_IN_ALL    |   PMC0  |  1248364000 |
|     L2_TRANS_L2_WB    |   PMC1  |   223866100 |
+-----------------------+---------+-------------+

+-------------------------------+------------+
|             Metric            |   Core 0   |
+-------------------------------+------------+
|      Runtime (RDTSC) [s]      |     1.0956 |
|      Runtime unhalted [s]     |    25.1365 |
|          Clock [MHz]          |  3075.3990 |
|              CPI              |     2.3802 |
|  L3 load bandwidth [MBytes/s] | 72925.9124 |
|  L3 load data volume [GBytes] |    79.8953 |
| L3 evict bandwidth [MBytes/s] | 13077.6277 |
| L3 evict data volume [GBytes] |    14.3274 |
|    L3 bandwidth [MBytes/s]    | 86003.5401 |
|    L3 data volume [GBytes]    |    94.2227 |
+-------------------------------+------------+

Region Core, Group 1: L3
+-------------------+----------+
|    Region Info    |  Core 0  |
+-------------------+----------+
| RDTSC Runtime [s] | 0.032166 |
|     call count    |        1 |
+-------------------+----------+

+-----------------------+---------+-----------+
|         Event         | Counter |   Core 0  |
+-----------------------+---------+-----------+
|   INSTR_RETIRED_ANY   |  FIXC0  | 224883800 |
| CPU_CLK_UNHALTED_CORE |  FIXC1  |  95363980 |
|  CPU_CLK_UNHALTED_REF |  FIXC2  |  80312150 |
|    L2_LINES_IN_ALL    |   PMC0  |     31718 |
|     L2_TRANS_L2_WB    |   PMC1  |     17368 |
+-----------------------+---------+-----------+

+-------------------------------+-----------+
|             Metric            |   Core 0  |
+-------------------------------+-----------+
|      Runtime (RDTSC) [s]      |    0.0322 |
|      Runtime unhalted [s]     |    0.0368 |
|          Clock [MHz]          | 3077.5386 |
|              CPI              |    0.4241 |
|  L3 load bandwidth [MBytes/s] |   63.1087 |
|  L3 load data volume [GBytes] |    0.0020 |
| L3 evict bandwidth [MBytes/s] |   34.5568 |
| L3 evict data volume [GBytes] |    0.0011 |
|    L3 bandwidth [MBytes/s]    |   97.6655 |
|    L3 data volume [GBytes]    |    0.0031 |
+-------------------------------+-----------+

--------------------------------------------------------------------------------
CPU name:	Intel(R) Core(TM) i7-6500U CPU @ 2.50GHz
CPU type:	Intel Skylake processor
CPU clock:	2.59 GHz
--------------------------------------------------------------------------------
Bloom Join
-----------------
32768 Buckets 4 Hash Functions
Initialization: 0 ms 
Bloom Filter Generation: 382326 ms 
Join Core: 38 ms 
0 linhas
382367 ms 

--------------------------------------------------------------------------------
Region Initialization, Group 1: L3
+-------------------+----------+
|    Region Info    |  Core 0  |
+-------------------+----------+
| RDTSC Runtime [s] | 0.000008 |
|     call count    |        1 |
+-------------------+----------+

+-----------------------+---------+--------+
|         Event         | Counter | Core 0 |
+-----------------------+---------+--------+
|   INSTR_RETIRED_ANY   |  FIXC0  |  11902 |
| CPU_CLK_UNHALTED_CORE |  FIXC1  |  17190 |
|  CPU_CLK_UNHALTED_REF |  FIXC2  |  55728 |
|    L2_LINES_IN_ALL    |   PMC0  |    545 |
|     L2_TRANS_L2_WB    |   PMC1  |     93 |
+-----------------------+---------+--------+

+-------------------------------+--------------+
|             Metric            |    Core 0    |
+-------------------------------+--------------+
|      Runtime (RDTSC) [s]      | 7.964570e-06 |
|      Runtime unhalted [s]     | 6.631972e-06 |
|          Clock [MHz]          |     799.5315 |
|              CPI              |       1.4443 |
|  L3 load bandwidth [MBytes/s] |    4379.3952 |
|  L3 load data volume [GBytes] | 3.488000e-05 |
| L3 evict bandwidth [MBytes/s] |     747.3096 |
| L3 evict data volume [GBytes] | 5.952000e-06 |
|    L3 bandwidth [MBytes/s]    |    5126.7049 |
|    L3 data volume [GBytes]    | 4.083200e-05 |
+-------------------------------+--------------+

Region Generation, Group 1: L3
+-------------------+----------+
|    Region Info    |  Core 0  |
+-------------------+----------+
| RDTSC Runtime [s] | 1.258350 |
|     call count    |  7500000 |
+-------------------+----------+

+-----------------------+---------+-------------+
|         Event         | Counter |    Core 0   |
+-----------------------+---------+-------------+
|   INSTR_RETIRED_ANY   |  FIXC0  | 27370850000 |
| CPU_CLK_UNHALTED_CORE |  FIXC1  | 66345150000 |
|  CPU_CLK_UNHALTED_REF |  FIXC2  | 68949400000 |
|    L2_LINES_IN_ALL    |   PMC0  |  1318396000 |
|     L2_TRANS_L2_WB    |   PMC1  |   210776400 |
+-----------------------+---------+-------------+

+-------------------------------+------------+
|             Metric            |   Core 0   |
+-------------------------------+------------+
|      Runtime (RDTSC) [s]      |     1.2584 |
|      Runtime unhalted [s]     |    25.5962 |
|          Clock [MHz]          |  2494.0885 |
|              CPI              |     2.4239 |
|  L3 load bandwidth [MBytes/s] | 67053.9548 |
|  L3 load data volume [GBytes] |    84.3773 |
| L3 evict bandwidth [MBytes/s] | 10720.1411 |
| L3 evict data volume [GBytes] |    13.4897 |
|    L3 bandwidth [MBytes/s]    | 77774.0959 |
|    L3 data volume [GBytes]    |    97.8670 |
+-------------------------------+------------+

Region Core, Group 1: L3
+-------------------+----------+
|    Region Info    |  Core 0  |
+-------------------+----------+
| RDTSC Runtime [s] | 0.038377 |
|     call count    |        1 |
+-------------------+----------+

+-----------------------+---------+-----------+
|         Event         | Counter |   Core 0  |
+-----------------------+---------+-----------+
|   INSTR_RETIRED_ANY   |  FIXC0  | 224883800 |
| CPU_CLK_UNHALTED_CORE |  FIXC1  |  95245820 |
|  CPU_CLK_UNHALTED_REF |  FIXC2  |  98981030 |
|    L2_LINES_IN_ALL    |   PMC0  |     31114 |
|     L2_TRANS_L2_WB    |   PMC1  |     16706 |
+-----------------------+---------+-----------+

+-------------------------------+-----------+
|             Metric            |   Core 0  |
+-------------------------------+-----------+
|      Runtime (RDTSC) [s]      |    0.0384 |
|      Runtime unhalted [s]     |    0.0367 |
|          Clock [MHz]          | 2494.1762 |
|              CPI              |    0.4235 |
|  L3 load bandwidth [MBytes/s] |   51.8879 |
|  L3 load data volume [GBytes] |    0.0020 |
| L3 evict bandwidth [MBytes/s] |   27.8601 |
| L3 evict data volume [GBytes] |    0.0011 |
|    L3 bandwidth [MBytes/s]    |   79.7479 |
|    L3 data volume [GBytes]    |    0.0031 |
+-------------------------------+-----------+

--------------------------------------------------------------------------------
CPU name:	Intel(R) Core(TM) i7-6500U CPU @ 2.50GHz
CPU type:	Intel Skylake processor
CPU clock:	2.59 GHz
--------------------------------------------------------------------------------
Bloom Join
-----------------
32768 Buckets 4 Hash Functions
Initialization: 0 ms 
Bloom Filter Generation: 456442 ms 
Join Core: 39 ms 
0 linhas
456484 ms 

--------------------------------------------------------------------------------
Region Initialization, Group 1: TLB_DATA
+-------------------+----------+
|    Region Info    |  Core 0  |
+-------------------+----------+
| RDTSC Runtime [s] | 0.000006 |
|     call count    |        1 |
+-------------------+----------+

+---------------------------------+---------+--------+
|              Event              | Counter | Core 0 |
+---------------------------------+---------+--------+
|        INSTR_RETIRED_ANY        |  FIXC0  |  12088 |
|      CPU_CLK_UNHALTED_CORE      |  FIXC1  |  16069 |
|       CPU_CLK_UNHALTED_REF      |  FIXC2  |  51948 |
|  DTLB_LOAD_MISSES_CAUSES_A_WALK |   PMC0  |     73 |
| DTLB_STORE_MISSES_CAUSES_A_WALK |   PMC1  |     10 |
|   DTLB_LOAD_MISSES_WALK_ACTIVE  |   PMC2  |   2042 |
|  DTLB_STORE_MISSES_WALK_ACTIVE  |   PMC3  |    199 |
+---------------------------------+---------+--------+

+-----------------------------------+--------------+
|               Metric              |    Core 0    |
+-----------------------------------+--------------+
|        Runtime (RDTSC) [s]        | 6.353632e-06 |
|        Runtime unhalted [s]       | 6.199566e-06 |
|            Clock [MHz]            |     801.7659 |
|                CPI                |       1.3293 |
|        L1 DTLB load misses        |           73 |
|       L1 DTLB load miss rate      |       0.0060 |
|  L1 DTLB load miss duration [Cyc] |      27.9726 |
|        L1 DTLB store misses       |           10 |
|      L1 DTLB store miss rate      |       0.0008 |
| L1 DTLB store miss duration [Cyc] |      19.9000 |
+-----------------------------------+--------------+

Region Generation, Group 1: TLB_DATA
+-------------------+----------+
|    Region Info    |  Core 0  |
+-------------------+----------+
| RDTSC Runtime [s] | 1.261727 |
|     call count    |  7500000 |
+-------------------+----------+

+---------------------------------+---------+-------------+
|              Event              | Counter |    Core 0   |
+---------------------------------+---------+-------------+
|        INSTR_RETIRED_ANY        |  FIXC0  | 28765850000 |
|      CPU_CLK_UNHALTED_CORE      |  FIXC1  | 63931600000 |
|       CPU_CLK_UNHALTED_REF      |  FIXC2  | 63639120000 |
|  DTLB_LOAD_MISSES_CAUSES_A_WALK |   PMC0  |   444473800 |
| DTLB_STORE_MISSES_CAUSES_A_WALK |   PMC1  |    49507210 |
|   DTLB_LOAD_MISSES_WALK_ACTIVE  |   PMC2  | 12832520000 |
|  DTLB_STORE_MISSES_WALK_ACTIVE  |   PMC3  |  1311954000 |
+---------------------------------+---------+-------------+

+-----------------------------------+-----------+
|               Metric              |   Core 0  |
+-----------------------------------+-----------+
|        Runtime (RDTSC) [s]        |    1.2617 |
|        Runtime unhalted [s]       |   24.6654 |
|            Clock [MHz]            | 2603.8681 |
|                CPI                |    2.2225 |
|        L1 DTLB load misses        | 444473800 |
|       L1 DTLB load miss rate      |    0.0155 |
|  L1 DTLB load miss duration [Cyc] |   28.8713 |
|        L1 DTLB store misses       |  49507210 |
|      L1 DTLB store miss rate      |    0.0017 |
| L1 DTLB store miss duration [Cyc] |   26.5003 |
+-----------------------------------+-----------+

Region Core, Group 1: TLB_DATA
+-------------------+----------+
|    Region Info    |  Core 0  |
+-------------------+----------+
| RDTSC Runtime [s] | 0.038904 |
|     call count    |        1 |
+-------------------+----------+

+---------------------------------+---------+-----------+
|              Event              | Counter |   Core 0  |
+---------------------------------+---------+-----------+
|        INSTR_RETIRED_ANY        |  FIXC0  | 224884000 |
|      CPU_CLK_UNHALTED_CORE      |  FIXC1  |  96182120 |
|       CPU_CLK_UNHALTED_REF      |  FIXC2  |  99953680 |
|  DTLB_LOAD_MISSES_CAUSES_A_WALK |   PMC0  |       210 |
| DTLB_STORE_MISSES_CAUSES_A_WALK |   PMC1  |        12 |
|   DTLB_LOAD_MISSES_WALK_ACTIVE  |   PMC2  |      9349 |
|  DTLB_STORE_MISSES_WALK_ACTIVE  |   PMC3  |       626 |
+---------------------------------+---------+-----------+

+-----------------------------------+--------------+
|               Metric              |    Core 0    |
+-----------------------------------+--------------+
|        Runtime (RDTSC) [s]        |       0.0389 |
|        Runtime unhalted [s]       |       0.0371 |
|            Clock [MHz]            |    2494.1532 |
|                CPI                |       0.4277 |
|        L1 DTLB load misses        |          210 |
|       L1 DTLB load miss rate      | 9.338148e-07 |
|  L1 DTLB load miss duration [Cyc] |      44.5190 |
|        L1 DTLB store misses       |           12 |
|      L1 DTLB store miss rate      | 5.336084e-08 |
| L1 DTLB store miss duration [Cyc] |      52.1667 |
+-----------------------------------+--------------+

