--------------------------------------------------------------------------------
CPU name:	Intel(R) Core(TM) i7-6500U CPU @ 2.50GHz
CPU type:	Intel Skylake processor
CPU clock:	2.59 GHz
--------------------------------------------------------------------------------
Bloom Join
-----------------
65536 Buckets 2 Hash Functions
Initialization: 0 ms 
Bloom Filter Generation: 257438 ms 
Join Core: 27 ms 
27 linhas
257467 ms 

--------------------------------------------------------------------------------
Region Initialization, Group 1: L2
+-------------------+----------+
|    Region Info    |  Core 0  |
+-------------------+----------+
| RDTSC Runtime [s] | 0.000005 |
|     call count    |        1 |
+-------------------+----------+

+-----------------------+---------+--------+
|         Event         | Counter | Core 0 |
+-----------------------+---------+--------+
|   INSTR_RETIRED_ANY   |  FIXC0  |  19164 |
| CPU_CLK_UNHALTED_CORE |  FIXC1  |  22450 |
|  CPU_CLK_UNHALTED_REF |  FIXC2  |  25164 |
|    L1D_REPLACEMENT    |   PMC0  |    330 |
|      L1D_M_EVICT      |   PMC1  |    143 |
| ICACHE_64B_IFTAG_MISS |   PMC2  |    560 |
+-----------------------+---------+--------+

+--------------------------------+--------------+
|             Metric             |    Core 0    |
+--------------------------------+--------------+
|       Runtime (RDTSC) [s]      | 5.266757e-06 |
|      Runtime unhalted [s]      | 8.661440e-06 |
|           Clock [MHz]          |    2312.3998 |
|               CPI              |       1.1715 |
|  L2D load bandwidth [MBytes/s] |    4010.0578 |
|  L2D load data volume [GBytes] | 2.112000e-05 |
| L2D evict bandwidth [MBytes/s] |    1737.6917 |
| L2D evict data volume [GBytes] | 9.152000e-06 |
|     L2 bandwidth [MBytes/s]    |   12552.6961 |
|     L2 data volume [GBytes]    |       0.0001 |
+--------------------------------+--------------+

Region Generation, Group 1: L2
+-------------------+----------+
|    Region Info    |  Core 0  |
+-------------------+----------+
| RDTSC Runtime [s] | 0.708259 |
|     call count    |  4500000 |
+-------------------+----------+

+-----------------------+---------+-------------+
|         Event         | Counter |    Core 0   |
+-----------------------+---------+-------------+
|   INSTR_RETIRED_ANY   |  FIXC0  | 16857980000 |
| CPU_CLK_UNHALTED_CORE |  FIXC1  | 40037020000 |
|  CPU_CLK_UNHALTED_REF |  FIXC2  | 41607620000 |
|    L1D_REPLACEMENT    |   PMC0  |   868923800 |
|      L1D_M_EVICT      |   PMC1  |   269343200 |
| ICACHE_64B_IFTAG_MISS |   PMC2  |  1987179000 |
+-----------------------+---------+-------------+

+--------------------------------+-------------+
|             Metric             |    Core 0   |
+--------------------------------+-------------+
|       Runtime (RDTSC) [s]      |      0.7083 |
|      Runtime unhalted [s]      |     15.4467 |
|           Clock [MHz]          |   2494.1072 |
|               CPI              |      2.3750 |
|  L2D load bandwidth [MBytes/s] |  78518.0829 |
|  L2D load data volume [GBytes] |     55.6111 |
| L2D evict bandwidth [MBytes/s] |  24338.5113 |
| L2D evict data volume [GBytes] |     17.2380 |
|     L2 bandwidth [MBytes/s]    | 282422.9561 |
|     L2 data volume [GBytes]    |    200.0285 |
+--------------------------------+-------------+

Region Core, Group 1: L2
+-------------------+----------+
|    Region Info    |  Core 0  |
+-------------------+----------+
| RDTSC Runtime [s] | 0.027172 |
|     call count    |        1 |
+-------------------+----------+

+-----------------------+---------+-----------+
|         Event         | Counter |   Core 0  |
+-----------------------+---------+-----------+
|   INSTR_RETIRED_ANY   |  FIXC0  | 176218000 |
| CPU_CLK_UNHALTED_CORE |  FIXC1  |  67298510 |
|  CPU_CLK_UNHALTED_REF |  FIXC2  |  69937670 |
|    L1D_REPLACEMENT    |   PMC0  |     29973 |
|      L1D_M_EVICT      |   PMC1  |       924 |
| ICACHE_64B_IFTAG_MISS |   PMC2  |      1123 |
+-----------------------+---------+-----------+

+--------------------------------+-----------+
|             Metric             |   Core 0  |
+--------------------------------+-----------+
|       Runtime (RDTSC) [s]      |    0.0272 |
|      Runtime unhalted [s]      |    0.0260 |
|           Clock [MHz]          | 2494.1383 |
|               CPI              |    0.3819 |
|  L2D load bandwidth [MBytes/s] |   70.5982 |
|  L2D load data volume [GBytes] |    0.0019 |
| L2D evict bandwidth [MBytes/s] |    2.1764 |
| L2D evict data volume [GBytes] |    0.0001 |
|     L2 bandwidth [MBytes/s]    |   75.4196 |
|     L2 data volume [GBytes]    |    0.0020 |
+--------------------------------+-----------+

--------------------------------------------------------------------------------
CPU name:	Intel(R) Core(TM) i7-6500U CPU @ 2.50GHz
CPU type:	Intel Skylake processor
CPU clock:	2.59 GHz
--------------------------------------------------------------------------------
Bloom Join
-----------------
65536 Buckets 2 Hash Functions
Initialization: 0 ms 
Bloom Filter Generation: 255154 ms 
Join Core: 27 ms 
27 linhas
255182 ms 

--------------------------------------------------------------------------------
Region Initialization, Group 1: L2
+-------------------+----------+
|    Region Info    |  Core 0  |
+-------------------+----------+
| RDTSC Runtime [s] | 0.000005 |
|     call count    |        1 |
+-------------------+----------+

+-----------------------+---------+--------+
|         Event         | Counter | Core 0 |
+-----------------------+---------+--------+
|   INSTR_RETIRED_ANY   |  FIXC0  |  19164 |
| CPU_CLK_UNHALTED_CORE |  FIXC1  |  22920 |
|  CPU_CLK_UNHALTED_REF |  FIXC2  |  23868 |
|    L1D_REPLACEMENT    |   PMC0  |    371 |
|      L1D_M_EVICT      |   PMC1  |    136 |
| ICACHE_64B_IFTAG_MISS |   PMC2  |    642 |
+-----------------------+---------+--------+

+--------------------------------+--------------+
|             Metric             |    Core 0    |
+--------------------------------+--------------+
|       Runtime (RDTSC) [s]      | 4.808167e-06 |
|      Runtime unhalted [s]      | 8.842628e-06 |
|           Clock [MHz]          |    2489.0397 |
|               CPI              |       1.1960 |
|  L2D load bandwidth [MBytes/s] |    4938.2644 |
|  L2D load data volume [GBytes] | 2.374400e-05 |
| L2D evict bandwidth [MBytes/s] |    1810.2533 |
| L2D evict data volume [GBytes] | 8.704000e-06 |
|     L2 bandwidth [MBytes/s]    |   15293.9779 |
|     L2 data volume [GBytes]    |       0.0001 |
+--------------------------------+--------------+

Region Generation, Group 1: L2
+-------------------+----------+
|    Region Info    |  Core 0  |
+-------------------+----------+
| RDTSC Runtime [s] | 0.755821 |
|     call count    |  4500000 |
+-------------------+----------+

+-----------------------+---------+-------------+
|         Event         | Counter |    Core 0   |
+-----------------------+---------+-------------+
|   INSTR_RETIRED_ANY   |  FIXC0  | 16857980000 |
| CPU_CLK_UNHALTED_CORE |  FIXC1  | 39293280000 |
|  CPU_CLK_UNHALTED_REF |  FIXC2  | 40835600000 |
|    L1D_REPLACEMENT    |   PMC0  |   894616100 |
|      L1D_M_EVICT      |   PMC1  |   269960100 |
| ICACHE_64B_IFTAG_MISS |   PMC2  |  1985240000 |
+-----------------------+---------+-------------+

+--------------------------------+-------------+
|             Metric             |    Core 0   |
+--------------------------------+-------------+
|       Runtime (RDTSC) [s]      |      0.7558 |
|      Runtime unhalted [s]      |     15.1595 |
|           Clock [MHz]          |   2494.0927 |
|               CPI              |      2.3308 |
|  L2D load bandwidth [MBytes/s] |  75752.6324 |
|  L2D load data volume [GBytes] |     57.2554 |
| L2D evict bandwidth [MBytes/s] |  22859.1775 |
| L2D evict data volume [GBytes] |     17.2774 |
|     L2 bandwidth [MBytes/s]    | 266714.2575 |
|     L2 data volume [GBytes]    |    201.5882 |
+--------------------------------+-------------+

Region Core, Group 1: L2
+-------------------+----------+
|    Region Info    |  Core 0  |
+-------------------+----------+
| RDTSC Runtime [s] | 0.027299 |
|     call count    |        1 |
+-------------------+----------+

+-----------------------+---------+-----------+
|         Event         | Counter |   Core 0  |
+-----------------------+---------+-----------+
|   INSTR_RETIRED_ANY   |  FIXC0  | 176218000 |
| CPU_CLK_UNHALTED_CORE |  FIXC1  |  67400300 |
|  CPU_CLK_UNHALTED_REF |  FIXC2  |  70043290 |
|    L1D_REPLACEMENT    |   PMC0  |     30559 |
|      L1D_M_EVICT      |   PMC1  |      1104 |
| ICACHE_64B_IFTAG_MISS |   PMC2  |      1356 |
+-----------------------+---------+-----------+

+--------------------------------+-----------+
|             Metric             |   Core 0  |
+--------------------------------+-----------+
|       Runtime (RDTSC) [s]      |    0.0273 |
|      Runtime unhalted [s]      |    0.0260 |
|           Clock [MHz]          | 2494.1843 |
|               CPI              |    0.3825 |
|  L2D load bandwidth [MBytes/s] |   71.6420 |
|  L2D load data volume [GBytes] |    0.0020 |
| L2D evict bandwidth [MBytes/s] |    2.5882 |
| L2D evict data volume [GBytes] |    0.0001 |
|     L2 bandwidth [MBytes/s]    |   77.4091 |
|     L2 data volume [GBytes]    |    0.0021 |
+--------------------------------+-----------+

--------------------------------------------------------------------------------
CPU name:	Intel(R) Core(TM) i7-6500U CPU @ 2.50GHz
CPU type:	Intel Skylake processor
CPU clock:	2.59 GHz
--------------------------------------------------------------------------------
Bloom Join
-----------------
65536 Buckets 2 Hash Functions
Initialization: 0 ms 
Bloom Filter Generation: 253004 ms 
Join Core: 28 ms 
27 linhas
253034 ms 

--------------------------------------------------------------------------------
Region Initialization, Group 1: L2
+-------------------+----------+
|    Region Info    |  Core 0  |
+-------------------+----------+
| RDTSC Runtime [s] | 0.000014 |
|     call count    |        1 |
+-------------------+----------+

+-----------------------+---------+--------+
|         Event         | Counter | Core 0 |
+-----------------------+---------+--------+
|   INSTR_RETIRED_ANY   |  FIXC0  |  19164 |
| CPU_CLK_UNHALTED_CORE |  FIXC1  |  20843 |
|  CPU_CLK_UNHALTED_REF |  FIXC2  |  67500 |
|    L1D_REPLACEMENT    |   PMC0  |    375 |
|      L1D_M_EVICT      |   PMC1  |    126 |
| ICACHE_64B_IFTAG_MISS |   PMC2  |    605 |
+-----------------------+---------+--------+

+--------------------------------+--------------+
|             Metric             |    Core 0    |
+--------------------------------+--------------+
|       Runtime (RDTSC) [s]      | 1.405470e-05 |
|      Runtime unhalted [s]      | 8.041308e-06 |
|           Clock [MHz]          |     800.3685 |
|               CPI              |       1.0876 |
|  L2D load bandwidth [MBytes/s] |    1707.6138 |
|  L2D load data volume [GBytes] | 2.400000e-05 |
| L2D evict bandwidth [MBytes/s] |     573.7582 |
| L2D evict data volume [GBytes] | 8.064000e-06 |
|     L2 bandwidth [MBytes/s]    |    5036.3224 |
|     L2 data volume [GBytes]    |       0.0001 |
+--------------------------------+--------------+

Region Generation, Group 1: L2
+-------------------+----------+
|    Region Info    |  Core 0  |
+-------------------+----------+
| RDTSC Runtime [s] | 0.716241 |
|     call count    |  4500000 |
+-------------------+----------+

+-----------------------+---------+-------------+
|         Event         | Counter |    Core 0   |
+-----------------------+---------+-------------+
|   INSTR_RETIRED_ANY   |  FIXC0  | 16857980000 |
| CPU_CLK_UNHALTED_CORE |  FIXC1  | 38518470000 |
|  CPU_CLK_UNHALTED_REF |  FIXC2  | 40030930000 |
|    L1D_REPLACEMENT    |   PMC0  |   959602300 |
|      L1D_M_EVICT      |   PMC1  |   310843000 |
| ICACHE_64B_IFTAG_MISS |   PMC2  |  1821786000 |
+-----------------------+---------+-------------+

+--------------------------------+-------------+
|             Metric             |    Core 0   |
+--------------------------------+-------------+
|       Runtime (RDTSC) [s]      |      0.7162 |
|      Runtime unhalted [s]      |     14.8606 |
|           Clock [MHz]          |   2494.0600 |
|               CPI              |      2.2849 |
|  L2D load bandwidth [MBytes/s] |  85745.5861 |
|  L2D load data volume [GBytes] |     61.4145 |
| L2D evict bandwidth [MBytes/s] |  27775.4808 |
| L2D evict data volume [GBytes] |     19.8940 |
|     L2 bandwidth [MBytes/s]    | 276307.3673 |
|     L2 data volume [GBytes]    |    197.9028 |
+--------------------------------+-------------+

Region Core, Group 1: L2
+-------------------+----------+
|    Region Info    |  Core 0  |
+-------------------+----------+
| RDTSC Runtime [s] | 0.027738 |
|     call count    |        1 |
+-------------------+----------+

+-----------------------+---------+-----------+
|         Event         | Counter |   Core 0  |
+-----------------------+---------+-----------+
|   INSTR_RETIRED_ANY   |  FIXC0  | 176218000 |
| CPU_CLK_UNHALTED_CORE |  FIXC1  |  68548450 |
|  CPU_CLK_UNHALTED_REF |  FIXC2  |  71236370 |
|    L1D_REPLACEMENT    |   PMC0  |     30334 |
|      L1D_M_EVICT      |   PMC1  |      1067 |
| ICACHE_64B_IFTAG_MISS |   PMC2  |      1331 |
+-----------------------+---------+-----------+

+--------------------------------+-----------+
|             Metric             |   Core 0  |
+--------------------------------+-----------+
|       Runtime (RDTSC) [s]      |    0.0277 |
|      Runtime unhalted [s]      |    0.0264 |
|           Clock [MHz]          | 2494.1893 |
|               CPI              |    0.3890 |
|  L2D load bandwidth [MBytes/s] |   69.9900 |
|  L2D load data volume [GBytes] |    0.0019 |
| L2D evict bandwidth [MBytes/s] |    2.4619 |
| L2D evict data volume [GBytes] |    0.0001 |
|     L2 bandwidth [MBytes/s]    |   75.5229 |
|     L2 data volume [GBytes]    |    0.0021 |
+--------------------------------+-----------+

--------------------------------------------------------------------------------
CPU name:	Intel(R) Core(TM) i7-6500U CPU @ 2.50GHz
CPU type:	Intel Skylake processor
CPU clock:	2.59 GHz
--------------------------------------------------------------------------------
Bloom Join
-----------------
65536 Buckets 2 Hash Functions
Initialization: 0 ms 
Bloom Filter Generation: 254408 ms 
Join Core: 27 ms 
27 linhas
254437 ms 

--------------------------------------------------------------------------------
Region Initialization, Group 1: L2
+-------------------+----------+
|    Region Info    |  Core 0  |
+-------------------+----------+
| RDTSC Runtime [s] | 0.000005 |
|     call count    |        1 |
+-------------------+----------+

+-----------------------+---------+--------+
|         Event         | Counter | Core 0 |
+-----------------------+---------+--------+
|   INSTR_RETIRED_ANY   |  FIXC0  |  19164 |
| CPU_CLK_UNHALTED_CORE |  FIXC1  |  21657 |
|  CPU_CLK_UNHALTED_REF |  FIXC2  |  21816 |
|    L1D_REPLACEMENT    |   PMC0  |    378 |
|      L1D_M_EVICT      |   PMC1  |    130 |
| ICACHE_64B_IFTAG_MISS |   PMC2  |    601 |
+-----------------------+---------+--------+

+--------------------------------+--------------+
|             Metric             |    Core 0    |
+--------------------------------+--------------+
|       Runtime (RDTSC) [s]      | 4.896587e-06 |
|      Runtime unhalted [s]      | 8.355379e-06 |
|           Clock [MHz]          |    2573.0919 |
|               CPI              |       1.1301 |
|  L2D load bandwidth [MBytes/s] |    4940.5841 |
|  L2D load data volume [GBytes] | 2.419200e-05 |
| L2D evict bandwidth [MBytes/s] |    1699.1427 |
| L2D evict data volume [GBytes] | 8.320000e-06 |
|     L2 bandwidth [MBytes/s]    |   14494.9942 |
|     L2 data volume [GBytes]    |       0.0001 |
+--------------------------------+--------------+

Region Generation, Group 1: L2
+-------------------+----------+
|    Region Info    |  Core 0  |
+-------------------+----------+
| RDTSC Runtime [s] | 0.735049 |
|     call count    |  4500000 |
+-------------------+----------+

+-----------------------+---------+-------------+
|         Event         | Counter |    Core 0   |
+-----------------------+---------+-------------+
|   INSTR_RETIRED_ANY   |  FIXC0  | 16857980000 |
| CPU_CLK_UNHALTED_CORE |  FIXC1  | 38746390000 |
|  CPU_CLK_UNHALTED_REF |  FIXC2  | 40266590000 |
|    L1D_REPLACEMENT    |   PMC0  |   899954800 |
|      L1D_M_EVICT      |   PMC1  |   252176500 |
| ICACHE_64B_IFTAG_MISS |   PMC2  |  1652784000 |
+-----------------------+---------+-------------+

+--------------------------------+-------------+
|             Metric             |    Core 0   |
+--------------------------------+-------------+
|       Runtime (RDTSC) [s]      |      0.7350 |
|      Runtime unhalted [s]      |     14.9486 |
|           Clock [MHz]          |   2494.1268 |
|               CPI              |      2.2984 |
|  L2D load bandwidth [MBytes/s] |  78358.2299 |
|  L2D load data volume [GBytes] |     57.5971 |
| L2D evict bandwidth [MBytes/s] |  21956.7740 |
| L2D evict data volume [GBytes] |     16.1393 |
|     L2 bandwidth [MBytes/s]    | 244221.3742 |
|     L2 data volume [GBytes]    |    179.5146 |
+--------------------------------+-------------+

Region Core, Group 1: L2
+-------------------+----------+
|    Region Info    |  Core 0  |
+-------------------+----------+
| RDTSC Runtime [s] | 0.027205 |
|     call count    |        1 |
+-------------------+----------+

+-----------------------+---------+-----------+
|         Event         | Counter |   Core 0  |
+-----------------------+---------+-----------+
|   INSTR_RETIRED_ANY   |  FIXC0  | 176218000 |
| CPU_CLK_UNHALTED_CORE |  FIXC1  |  67509030 |
|  CPU_CLK_UNHALTED_REF |  FIXC2  |  70156370 |
|    L1D_REPLACEMENT    |   PMC0  |     30592 |
|      L1D_M_EVICT      |   PMC1  |      1055 |
| ICACHE_64B_IFTAG_MISS |   PMC2  |      1298 |
+-----------------------+---------+-----------+

+--------------------------------+-----------+
|             Metric             |   Core 0  |
+--------------------------------+-----------+
|       Runtime (RDTSC) [s]      |    0.0272 |
|      Runtime unhalted [s]      |    0.0260 |
|           Clock [MHz]          | 2494.1748 |
|               CPI              |    0.3831 |
|  L2D load bandwidth [MBytes/s] |   71.9691 |
|  L2D load data volume [GBytes] |    0.0020 |
| L2D evict bandwidth [MBytes/s] |    2.4819 |
| L2D evict data volume [GBytes] |    0.0001 |
|     L2 bandwidth [MBytes/s]    |   77.5047 |
|     L2 data volume [GBytes]    |    0.0021 |
+--------------------------------+-----------+

--------------------------------------------------------------------------------
CPU name:	Intel(R) Core(TM) i7-6500U CPU @ 2.50GHz
CPU type:	Intel Skylake processor
CPU clock:	2.59 GHz
--------------------------------------------------------------------------------
Bloom Join
-----------------
65536 Buckets 2 Hash Functions
Initialization: 0 ms 
Bloom Filter Generation: 208295 ms 
Join Core: 22 ms 
27 linhas
208318 ms 

--------------------------------------------------------------------------------
Region Initialization, Group 1: L2
+-------------------+----------+
|    Region Info    |  Core 0  |
+-------------------+----------+
| RDTSC Runtime [s] | 0.000005 |
|     call count    |        1 |
+-------------------+----------+

+-----------------------+---------+--------+
|         Event         | Counter | Core 0 |
+-----------------------+---------+--------+
|   INSTR_RETIRED_ANY   |  FIXC0  |  19164 |
| CPU_CLK_UNHALTED_CORE |  FIXC1  |  21497 |
|  CPU_CLK_UNHALTED_REF |  FIXC2  |  24192 |
|    L1D_REPLACEMENT    |   PMC0  |    360 |
|      L1D_M_EVICT      |   PMC1  |    128 |
| ICACHE_64B_IFTAG_MISS |   PMC2  |    619 |
+-----------------------+---------+--------+

+--------------------------------+--------------+
|             Metric             |    Core 0    |
+--------------------------------+--------------+
|       Runtime (RDTSC) [s]      | 5.085771e-06 |
|      Runtime unhalted [s]      | 8.293654e-06 |
|           Clock [MHz]          |    2303.2337 |
|               CPI              |       1.1217 |
|  L2D load bandwidth [MBytes/s] |    4530.2866 |
|  L2D load data volume [GBytes] | 2.304000e-05 |
| L2D evict bandwidth [MBytes/s] |    1610.7686 |
| L2D evict data volume [GBytes] | 8.192000e-06 |
|     L2 bandwidth [MBytes/s]    |   13930.6312 |
|     L2 data volume [GBytes]    |       0.0001 |
+--------------------------------+--------------+

Region Generation, Group 1: L2
+-------------------+----------+
|    Region Info    |  Core 0  |
+-------------------+----------+
| RDTSC Runtime [s] | 0.636669 |
|     call count    |  4500000 |
+-------------------+----------+

+-----------------------+---------+-------------+
|         Event         | Counter |    Core 0   |
+-----------------------+---------+-------------+
|   INSTR_RETIRED_ANY   |  FIXC0  | 16857980000 |
| CPU_CLK_UNHALTED_CORE |  FIXC1  | 39498430000 |
|  CPU_CLK_UNHALTED_REF |  FIXC2  | 33139810000 |
|    L1D_REPLACEMENT    |   PMC0  |   885781000 |
|      L1D_M_EVICT      |   PMC1  |   274385700 |
| ICACHE_64B_IFTAG_MISS |   PMC2  |  1940683000 |
+-----------------------+---------+-------------+

+--------------------------------+-------------+
|             Metric             |    Core 0   |
+--------------------------------+-------------+
|       Runtime (RDTSC) [s]      |      0.6367 |
|      Runtime unhalted [s]      |     15.2387 |
|           Clock [MHz]          |   3089.3118 |
|               CPI              |      2.3430 |
|  L2D load bandwidth [MBytes/s] |  89041.4634 |
|  L2D load data volume [GBytes] |     56.6900 |
| L2D evict bandwidth [MBytes/s] |  27582.1047 |
| L2D evict data volume [GBytes] |     17.5607 |
|     L2 bandwidth [MBytes/s]    | 311707.0643 |
|     L2 data volume [GBytes]    |    198.4544 |
+--------------------------------+-------------+

Region Core, Group 1: L2
+-------------------+----------+
|    Region Info    |  Core 0  |
+-------------------+----------+
| RDTSC Runtime [s] | 0.022328 |
|     call count    |        1 |
+-------------------+----------+

+-----------------------+---------+-----------+
|         Event         | Counter |   Core 0  |
+-----------------------+---------+-----------+
|   INSTR_RETIRED_ANY   |  FIXC0  | 176218000 |
| CPU_CLK_UNHALTED_CORE |  FIXC1  |  67476590 |
|  CPU_CLK_UNHALTED_REF |  FIXC2  |  56564030 |
|    L1D_REPLACEMENT    |   PMC0  |     30540 |
|      L1D_M_EVICT      |   PMC1  |      1055 |
| ICACHE_64B_IFTAG_MISS |   PMC2  |      1451 |
+-----------------------+---------+-----------+

+--------------------------------+-----------+
|             Metric             |   Core 0  |
+--------------------------------+-----------+
|       Runtime (RDTSC) [s]      |    0.0223 |
|      Runtime unhalted [s]      |    0.0260 |
|           Clock [MHz]          | 3092.0372 |
|               CPI              |    0.3829 |
|  L2D load bandwidth [MBytes/s] |   87.5383 |
|  L2D load data volume [GBytes] |    0.0020 |
| L2D evict bandwidth [MBytes/s] |    3.0240 |
| L2D evict data volume [GBytes] |    0.0001 |
|     L2 bandwidth [MBytes/s]    |   94.7214 |
|     L2 data volume [GBytes]    |    0.0021 |
+--------------------------------+-----------+

--------------------------------------------------------------------------------
CPU name:	Intel(R) Core(TM) i7-6500U CPU @ 2.50GHz
CPU type:	Intel Skylake processor
CPU clock:	2.59 GHz
--------------------------------------------------------------------------------
Bloom Join
-----------------
65536 Buckets 2 Hash Functions
Initialization: 0 ms 
Bloom Filter Generation: 256083 ms 
Join Core: 27 ms 
27 linhas
256113 ms 

--------------------------------------------------------------------------------
Region Initialization, Group 1: L2
+-------------------+----------+
|    Region Info    |  Core 0  |
+-------------------+----------+
| RDTSC Runtime [s] | 0.000016 |
|     call count    |        1 |
+-------------------+----------+

+-----------------------+---------+--------+
|         Event         | Counter | Core 0 |
+-----------------------+---------+--------+
|   INSTR_RETIRED_ANY   |  FIXC0  |  19164 |
| CPU_CLK_UNHALTED_CORE |  FIXC1  |  21279 |
|  CPU_CLK_UNHALTED_REF |  FIXC2  |  69228 |
|    L1D_REPLACEMENT    |   PMC0  |    360 |
|      L1D_M_EVICT      |   PMC1  |    120 |
| ICACHE_64B_IFTAG_MISS |   PMC2  |    560 |
+-----------------------+---------+--------+

+--------------------------------+--------------+
|             Metric             |    Core 0    |
+--------------------------------+--------------+
|       Runtime (RDTSC) [s]      | 1.566259e-05 |
|      Runtime unhalted [s]      | 8.209520e-06 |
|           Clock [MHz]          |     796.7148 |
|               CPI              |       1.1104 |
|  L2D load bandwidth [MBytes/s] |    1471.0211 |
|  L2D load data volume [GBytes] | 2.304000e-05 |
| L2D evict bandwidth [MBytes/s] |     490.3404 |
| L2D evict data volume [GBytes] | 7.680000e-06 |
|     L2 bandwidth [MBytes/s]    |    4249.6164 |
|     L2 data volume [GBytes]    |       0.0001 |
+--------------------------------+--------------+

Region Generation, Group 1: L2
+-------------------+----------+
|    Region Info    |  Core 0  |
+-------------------+----------+
| RDTSC Runtime [s] | 0.734234 |
|     call count    |  4500000 |
+-------------------+----------+

+-----------------------+---------+-------------+
|         Event         | Counter |    Core 0   |
+-----------------------+---------+-------------+
|   INSTR_RETIRED_ANY   |  FIXC0  | 16857980000 |
| CPU_CLK_UNHALTED_CORE |  FIXC1  | 37980930000 |
|  CPU_CLK_UNHALTED_REF |  FIXC2  | 39472210000 |
|    L1D_REPLACEMENT    |   PMC0  |   874956400 |
|      L1D_M_EVICT      |   PMC1  |   246907000 |
| ICACHE_64B_IFTAG_MISS |   PMC2  |  1735140000 |
+-----------------------+---------+-------------+

+--------------------------------+-------------+
|             Metric             |    Core 0   |
+--------------------------------+-------------+
|       Runtime (RDTSC) [s]      |      0.7342 |
|      Runtime unhalted [s]      |     14.6532 |
|           Clock [MHz]          |   2494.0640 |
|               CPI              |      2.2530 |
|  L2D load bandwidth [MBytes/s] |  76266.1937 |
|  L2D load data volume [GBytes] |     55.9972 |
| L2D evict bandwidth [MBytes/s] |  21521.8234 |
| L2D evict data volume [GBytes] |     15.8020 |
|     L2 bandwidth [MBytes/s]    | 249032.7230 |
|     L2 data volume [GBytes]    |    182.8482 |
+--------------------------------+-------------+

Region Core, Group 1: L2
+-------------------+----------+
|    Region Info    |  Core 0  |
+-------------------+----------+
| RDTSC Runtime [s] | 0.027337 |
|     call count    |        1 |
+-------------------+----------+

+-----------------------+---------+-----------+
|         Event         | Counter |   Core 0  |
+-----------------------+---------+-----------+
|   INSTR_RETIRED_ANY   |  FIXC0  | 176218000 |
| CPU_CLK_UNHALTED_CORE |  FIXC1  |  67391310 |
|  CPU_CLK_UNHALTED_REF |  FIXC2  |  70034220 |
|    L1D_REPLACEMENT    |   PMC0  |     30415 |
|      L1D_M_EVICT      |   PMC1  |      1283 |
| ICACHE_64B_IFTAG_MISS |   PMC2  |      1336 |
+-----------------------+---------+-----------+

+--------------------------------+-----------+
|             Metric             |   Core 0  |
+--------------------------------+-----------+
|       Runtime (RDTSC) [s]      |    0.0273 |
|      Runtime unhalted [s]      |    0.0260 |
|           Clock [MHz]          | 2494.1757 |
|               CPI              |    0.3824 |
|  L2D load bandwidth [MBytes/s] |   71.2049 |
|  L2D load data volume [GBytes] |    0.0019 |
| L2D evict bandwidth [MBytes/s] |    3.0036 |
| L2D evict data volume [GBytes] |    0.0001 |
|     L2 bandwidth [MBytes/s]    |   77.3363 |
|     L2 data volume [GBytes]    |    0.0021 |
+--------------------------------+-----------+

--------------------------------------------------------------------------------
CPU name:	Intel(R) Core(TM) i7-6500U CPU @ 2.50GHz
CPU type:	Intel Skylake processor
CPU clock:	2.59 GHz
--------------------------------------------------------------------------------
Bloom Join
-----------------
65536 Buckets 2 Hash Functions
Initialization: 0 ms 
Bloom Filter Generation: 254246 ms 
Join Core: 27 ms 
27 linhas
254275 ms 

--------------------------------------------------------------------------------
Region Initialization, Group 1: L2
+-------------------+----------+
|    Region Info    |  Core 0  |
+-------------------+----------+
| RDTSC Runtime [s] | 0.000018 |
|     call count    |        1 |
+-------------------+----------+

+-----------------------+---------+--------+
|         Event         | Counter | Core 0 |
+-----------------------+---------+--------+
|   INSTR_RETIRED_ANY   |  FIXC0  |  19164 |
| CPU_CLK_UNHALTED_CORE |  FIXC1  |  24541 |
|  CPU_CLK_UNHALTED_REF |  FIXC2  |  80028 |
|    L1D_REPLACEMENT    |   PMC0  |    376 |
|      L1D_M_EVICT      |   PMC1  |    129 |
| ICACHE_64B_IFTAG_MISS |   PMC2  |    647 |
+-----------------------+---------+--------+

+--------------------------------+--------------+
|             Metric             |    Core 0    |
+--------------------------------+--------------+
|       Runtime (RDTSC) [s]      | 1.849904e-05 |
|      Runtime unhalted [s]      | 9.468686e-06 |
|           Clock [MHz]          |     794.7908 |
|               CPI              |       1.2806 |
|  L2D load bandwidth [MBytes/s] |    1300.8243 |
|  L2D load data volume [GBytes] | 2.406400e-05 |
| L2D evict bandwidth [MBytes/s] |     446.2934 |
| L2D evict data volume [GBytes] | 8.256000e-06 |
|     L2 bandwidth [MBytes/s]    |    3985.5041 |
|     L2 data volume [GBytes]    |       0.0001 |
+--------------------------------+--------------+

Region Generation, Group 1: L2
+-------------------+----------+
|    Region Info    |  Core 0  |
+-------------------+----------+
| RDTSC Runtime [s] | 0.717805 |
|     call count    |  4500000 |
+-------------------+----------+

+-----------------------+---------+-------------+
|         Event         | Counter |    Core 0   |
+-----------------------+---------+-------------+
|   INSTR_RETIRED_ANY   |  FIXC0  | 16857980000 |
| CPU_CLK_UNHALTED_CORE |  FIXC1  | 38688760000 |
|  CPU_CLK_UNHALTED_REF |  FIXC2  | 40207740000 |
|    L1D_REPLACEMENT    |   PMC0  |   912827300 |
|      L1D_M_EVICT      |   PMC1  |   264415400 |
| ICACHE_64B_IFTAG_MISS |   PMC2  |  1700911000 |
+-----------------------+---------+-------------+

+--------------------------------+-------------+
|             Metric             |    Core 0   |
+--------------------------------+-------------+
|       Runtime (RDTSC) [s]      |      0.7178 |
|      Runtime unhalted [s]      |     14.9273 |
|           Clock [MHz]          |   2493.8922 |
|               CPI              |      2.2950 |
|  L2D load bandwidth [MBytes/s] |  81388.3258 |
|  L2D load data volume [GBytes] |     58.4209 |
| L2D evict bandwidth [MBytes/s] |  23575.4635 |
| L2D evict data volume [GBytes] |     16.9226 |
|     L2 bandwidth [MBytes/s]    | 256618.2136 |
|     L2 data volume [GBytes]    |    184.2018 |
+--------------------------------+-------------+

Region Core, Group 1: L2
+-------------------+----------+
|    Region Info    |  Core 0  |
+-------------------+----------+
| RDTSC Runtime [s] | 0.027611 |
|     call count    |        1 |
+-------------------+----------+

+-----------------------+---------+-----------+
|         Event         | Counter |   Core 0  |
+-----------------------+---------+-----------+
|   INSTR_RETIRED_ANY   |  FIXC0  | 176218000 |
| CPU_CLK_UNHALTED_CORE |  FIXC1  |  67465850 |
|  CPU_CLK_UNHALTED_REF |  FIXC2  |  70111980 |
|    L1D_REPLACEMENT    |   PMC0  |     30780 |
|      L1D_M_EVICT      |   PMC1  |      1288 |
| ICACHE_64B_IFTAG_MISS |   PMC2  |      1539 |
+-----------------------+---------+-----------+

+--------------------------------+-----------+
|             Metric             |   Core 0  |
+--------------------------------+-----------+
|       Runtime (RDTSC) [s]      |    0.0276 |
|      Runtime unhalted [s]      |    0.0260 |
|           Clock [MHz]          | 2493.9876 |
|               CPI              |    0.3829 |
|  L2D load bandwidth [MBytes/s] |   71.3459 |
|  L2D load data volume [GBytes] |    0.0020 |
| L2D evict bandwidth [MBytes/s] |    2.9855 |
| L2D evict data volume [GBytes] |    0.0001 |
|     L2 bandwidth [MBytes/s]    |   77.8987 |
|     L2 data volume [GBytes]    |    0.0022 |
+--------------------------------+-----------+

--------------------------------------------------------------------------------
CPU name:	Intel(R) Core(TM) i7-6500U CPU @ 2.50GHz
CPU type:	Intel Skylake processor
CPU clock:	2.59 GHz
--------------------------------------------------------------------------------
Bloom Join
-----------------
65536 Buckets 2 Hash Functions
Initialization: 0 ms 
Bloom Filter Generation: 229659 ms 
Join Core: 27 ms 
27 linhas
229688 ms 

--------------------------------------------------------------------------------
Region Initialization, Group 1: L3
+-------------------+----------+
|    Region Info    |  Core 0  |
+-------------------+----------+
| RDTSC Runtime [s] | 0.000016 |
|     call count    |        1 |
+-------------------+----------+

+-----------------------+---------+--------+
|         Event         | Counter | Core 0 |
+-----------------------+---------+--------+
|   INSTR_RETIRED_ANY   |  FIXC0  |  19071 |
| CPU_CLK_UNHALTED_CORE |  FIXC1  |  22307 |
|  CPU_CLK_UNHALTED_REF |  FIXC2  |  72468 |
|    L2_LINES_IN_ALL    |   PMC0  |    627 |
|     L2_TRANS_L2_WB    |   PMC1  |     96 |
+-----------------------+---------+--------+

+-------------------------------+--------------+
|             Metric            |    Core 0    |
+-------------------------------+--------------+
|      Runtime (RDTSC) [s]      | 1.590508e-05 |
|      Runtime unhalted [s]     | 8.606127e-06 |
|          Clock [MHz]          |     797.8630 |
|              CPI              |       1.1697 |
|  L3 load bandwidth [MBytes/s] |    2522.9675 |
|  L3 load data volume [GBytes] | 4.012800e-05 |
| L3 evict bandwidth [MBytes/s] |     386.2917 |
| L3 evict data volume [GBytes] | 6.144000e-06 |
|    L3 bandwidth [MBytes/s]    |    2909.2592 |
|    L3 data volume [GBytes]    | 4.627200e-05 |
+-------------------------------+--------------+

Region Generation, Group 1: L3
+-------------------+----------+
|    Region Info    |  Core 0  |
+-------------------+----------+
| RDTSC Runtime [s] | 0.716293 |
|     call count    |  4500000 |
+-------------------+----------+

+-----------------------+---------+-------------+
|         Event         | Counter |    Core 0   |
+-----------------------+---------+-------------+
|   INSTR_RETIRED_ANY   |  FIXC0  | 16439480000 |
| CPU_CLK_UNHALTED_CORE |  FIXC1  | 39383160000 |
|  CPU_CLK_UNHALTED_REF |  FIXC2  | 40929440000 |
|    L2_LINES_IN_ALL    |   PMC0  |   705454200 |
|     L2_TRANS_L2_WB    |   PMC1  |    93708850 |
+-----------------------+---------+-------------+

+-------------------------------+------------+
|             Metric            |   Core 0   |
+-------------------------------+------------+
|      Runtime (RDTSC) [s]      |     0.7163 |
|      Runtime unhalted [s]     |    15.1942 |
|          Clock [MHz]          |  2494.0673 |
|              CPI              |     2.3956 |
|  L3 load bandwidth [MBytes/s] | 63031.5914 |
|  L3 load data volume [GBytes] |    45.1491 |
| L3 evict bandwidth [MBytes/s] |  8372.7873 |
| L3 evict data volume [GBytes] |     5.9974 |
|    L3 bandwidth [MBytes/s]    | 71404.3787 |
|    L3 data volume [GBytes]    |    51.1464 |
+-------------------------------+------------+

Region Core, Group 1: L3
+-------------------+----------+
|    Region Info    |  Core 0  |
+-------------------+----------+
| RDTSC Runtime [s] | 0.027272 |
|     call count    |        1 |
+-------------------+----------+

+-----------------------+---------+-----------+
|         Event         | Counter |   Core 0  |
+-----------------------+---------+-----------+
|   INSTR_RETIRED_ANY   |  FIXC0  | 176217900 |
| CPU_CLK_UNHALTED_CORE |  FIXC1  |  67344930 |
|  CPU_CLK_UNHALTED_REF |  FIXC2  |  69986380 |
|    L2_LINES_IN_ALL    |   PMC0  |     31155 |
|     L2_TRANS_L2_WB    |   PMC1  |     19070 |
+-----------------------+---------+-----------+

+-------------------------------+-----------+
|             Metric            |   Core 0  |
+-------------------------------+-----------+
|      Runtime (RDTSC) [s]      |    0.0273 |
|      Runtime unhalted [s]     |    0.0260 |
|          Clock [MHz]          | 2494.1628 |
|              CPI              |    0.3822 |
|  L3 load bandwidth [MBytes/s] |   73.1114 |
|  L3 load data volume [GBytes] |    0.0020 |
| L3 evict bandwidth [MBytes/s] |   44.7516 |
| L3 evict data volume [GBytes] |    0.0012 |
|    L3 bandwidth [MBytes/s]    |  117.8630 |
|    L3 data volume [GBytes]    |    0.0032 |
+-------------------------------+-----------+

--------------------------------------------------------------------------------
CPU name:	Intel(R) Core(TM) i7-6500U CPU @ 2.50GHz
CPU type:	Intel Skylake processor
CPU clock:	2.59 GHz
--------------------------------------------------------------------------------
Bloom Join
-----------------
65536 Buckets 2 Hash Functions
Initialization: 0 ms 
Bloom Filter Generation: 226252 ms 
Join Core: 27 ms 
27 linhas
226282 ms 

--------------------------------------------------------------------------------
Region Initialization, Group 1: L3
+-------------------+----------+
|    Region Info    |  Core 0  |
+-------------------+----------+
| RDTSC Runtime [s] | 0.000015 |
|     call count    |        1 |
+-------------------+----------+

+-----------------------+---------+--------+
|         Event         | Counter | Core 0 |
+-----------------------+---------+--------+
|   INSTR_RETIRED_ANY   |  FIXC0  |  19071 |
| CPU_CLK_UNHALTED_CORE |  FIXC1  |  20705 |
|  CPU_CLK_UNHALTED_REF |  FIXC2  |  67176 |
|    L2_LINES_IN_ALL    |   PMC0  |    553 |
|     L2_TRANS_L2_WB    |   PMC1  |    105 |
+-----------------------+---------+--------+

+-------------------------------+--------------+
|             Metric            |    Core 0    |
+-------------------------------+--------------+
|      Runtime (RDTSC) [s]      | 1.455035e-05 |
|      Runtime unhalted [s]     | 7.988089e-06 |
|          Clock [MHz]          |     798.9018 |
|              CPI              |       1.0857 |
|  L3 load bandwidth [MBytes/s] |    2432.3814 |
|  L3 load data volume [GBytes] | 3.539200e-05 |
| L3 evict bandwidth [MBytes/s] |     461.8446 |
| L3 evict data volume [GBytes] | 6.720000e-06 |
|    L3 bandwidth [MBytes/s]    |    2894.2259 |
|    L3 data volume [GBytes]    | 4.211200e-05 |
+-------------------------------+--------------+

Region Generation, Group 1: L3
+-------------------+----------+
|    Region Info    |  Core 0  |
+-------------------+----------+
| RDTSC Runtime [s] | 0.815613 |
|     call count    |  4500000 |
+-------------------+----------+

+-----------------------+---------+-------------+
|         Event         | Counter |    Core 0   |
+-----------------------+---------+-------------+
|   INSTR_RETIRED_ANY   |  FIXC0  | 16439480000 |
| CPU_CLK_UNHALTED_CORE |  FIXC1  | 37322310000 |
|  CPU_CLK_UNHALTED_REF |  FIXC2  | 38788140000 |
|    L2_LINES_IN_ALL    |   PMC0  |   729764800 |
|     L2_TRANS_L2_WB    |   PMC1  |    98966780 |
+-----------------------+---------+-------------+

+-------------------------------+------------+
|             Metric            |   Core 0   |
+-------------------------------+------------+
|      Runtime (RDTSC) [s]      |     0.8156 |
|      Runtime unhalted [s]     |    14.3991 |
|          Clock [MHz]          |  2494.0312 |
|              CPI              |     2.2703 |
|  L3 load bandwidth [MBytes/s] | 57263.6271 |
|  L3 load data volume [GBytes] |    46.7049 |
| L3 evict bandwidth [MBytes/s] |  7765.7853 |
| L3 evict data volume [GBytes] |     6.3339 |
|    L3 bandwidth [MBytes/s]    | 65029.4124 |
|    L3 data volume [GBytes]    |    53.0388 |
+-------------------------------+------------+

Region Core, Group 1: L3
+-------------------+----------+
|    Region Info    |  Core 0  |
+-------------------+----------+
| RDTSC Runtime [s] | 0.027225 |
|     call count    |        1 |
+-------------------+----------+

+-----------------------+---------+-----------+
|         Event         | Counter |   Core 0  |
+-----------------------+---------+-----------+
|   INSTR_RETIRED_ANY   |  FIXC0  | 176217900 |
| CPU_CLK_UNHALTED_CORE |  FIXC1  |  67389700 |
|  CPU_CLK_UNHALTED_REF |  FIXC2  |  70032600 |
|    L2_LINES_IN_ALL    |   PMC0  |     31470 |
|     L2_TRANS_L2_WB    |   PMC1  |     16883 |
+-----------------------+---------+-----------+

+-------------------------------+-----------+
|             Metric            |   Core 0  |
+-------------------------------+-----------+
|      Runtime (RDTSC) [s]      |    0.0272 |
|      Runtime unhalted [s]     |    0.0260 |
|          Clock [MHz]          | 2494.1673 |
|              CPI              |    0.3824 |
|  L3 load bandwidth [MBytes/s] |   73.9803 |
|  L3 load data volume [GBytes] |    0.0020 |
| L3 evict bandwidth [MBytes/s] |   39.6889 |
| L3 evict data volume [GBytes] |    0.0011 |
|    L3 bandwidth [MBytes/s]    |  113.6691 |
|    L3 data volume [GBytes]    |    0.0031 |
+-------------------------------+-----------+

--------------------------------------------------------------------------------
CPU name:	Intel(R) Core(TM) i7-6500U CPU @ 2.50GHz
CPU type:	Intel Skylake processor
CPU clock:	2.59 GHz
--------------------------------------------------------------------------------
Bloom Join
-----------------
65536 Buckets 2 Hash Functions
Initialization: 0 ms 
Bloom Filter Generation: 232236 ms 
Join Core: 27 ms 
27 linhas
232266 ms 

--------------------------------------------------------------------------------
Region Initialization, Group 1: L3
+-------------------+----------+
|    Region Info    |  Core 0  |
+-------------------+----------+
| RDTSC Runtime [s] | 0.000014 |
|     call count    |        1 |
+-------------------+----------+

+-----------------------+---------+--------+
|         Event         | Counter | Core 0 |
+-----------------------+---------+--------+
|   INSTR_RETIRED_ANY   |  FIXC0  |  19071 |
| CPU_CLK_UNHALTED_CORE |  FIXC1  |  19948 |
|  CPU_CLK_UNHALTED_REF |  FIXC2  |  64908 |
|    L2_LINES_IN_ALL    |   PMC0  |    640 |
|     L2_TRANS_L2_WB    |   PMC1  |    104 |
+-----------------------+---------+--------+

+-------------------------------+--------------+
|             Metric            |    Core 0    |
+-------------------------------+--------------+
|      Runtime (RDTSC) [s]      | 1.418605e-05 |
|      Runtime unhalted [s]     | 7.696318e-06 |
|          Clock [MHz]          |     796.5582 |
|              CPI              |       1.0460 |
|  L3 load bandwidth [MBytes/s] |    2887.3436 |
|  L3 load data volume [GBytes] | 4.096000e-05 |
| L3 evict bandwidth [MBytes/s] |     469.1933 |
| L3 evict data volume [GBytes] | 6.656000e-06 |
|    L3 bandwidth [MBytes/s]    |    3356.5369 |
|    L3 data volume [GBytes]    | 4.761600e-05 |
+-------------------------------+--------------+

Region Generation, Group 1: L3
+-------------------+----------+
|    Region Info    |  Core 0  |
+-------------------+----------+
| RDTSC Runtime [s] | 0.904624 |
|     call count    |  4500000 |
+-------------------+----------+

+-----------------------+---------+-------------+
|         Event         | Counter |    Core 0   |
+-----------------------+---------+-------------+
|   INSTR_RETIRED_ANY   |  FIXC0  | 16439480000 |
| CPU_CLK_UNHALTED_CORE |  FIXC1  | 38835460000 |
|  CPU_CLK_UNHALTED_REF |  FIXC2  | 40360440000 |
|    L2_LINES_IN_ALL    |   PMC0  |   584901400 |
|     L2_TRANS_L2_WB    |   PMC1  |   110974900 |
+-----------------------+---------+-------------+

+-------------------------------+------------+
|             Metric            |   Core 0   |
+-------------------------------+------------+
|      Runtime (RDTSC) [s]      |     0.9046 |
|      Runtime unhalted [s]     |    14.9835 |
|          Clock [MHz]          |  2493.9568 |
|              CPI              |     2.3623 |
|  L3 load bandwidth [MBytes/s] | 41380.4035 |
|  L3 load data volume [GBytes] |    37.4337 |
| L3 evict bandwidth [MBytes/s] |  7851.2141 |
| L3 evict data volume [GBytes] |     7.1024 |
|    L3 bandwidth [MBytes/s]    | 49231.6177 |
|    L3 data volume [GBytes]    |    44.5361 |
+-------------------------------+------------+

Region Core, Group 1: L3
+-------------------+----------+
|    Region Info    |  Core 0  |
+-------------------+----------+
| RDTSC Runtime [s] | 0.027421 |
|     call count    |        1 |
+-------------------+----------+

+-----------------------+---------+-----------+
|         Event         | Counter |   Core 0  |
+-----------------------+---------+-----------+
|   INSTR_RETIRED_ANY   |  FIXC0  | 176217900 |
| CPU_CLK_UNHALTED_CORE |  FIXC1  |  67534060 |
|  CPU_CLK_UNHALTED_REF |  FIXC2  |  70182400 |
|    L2_LINES_IN_ALL    |   PMC0  |     32078 |
|     L2_TRANS_L2_WB    |   PMC1  |     19728 |
+-----------------------+---------+-----------+

+-------------------------------+-----------+
|             Metric            |   Core 0  |
+-------------------------------+-----------+
|      Runtime (RDTSC) [s]      |    0.0274 |
|      Runtime unhalted [s]     |    0.0261 |
|          Clock [MHz]          | 2494.0837 |
|              CPI              |    0.3832 |
|  L3 load bandwidth [MBytes/s] |   74.8688 |
|  L3 load data volume [GBytes] |    0.0021 |
| L3 evict bandwidth [MBytes/s] |   46.0444 |
| L3 evict data volume [GBytes] |    0.0013 |
|    L3 bandwidth [MBytes/s]    |  120.9132 |
|    L3 data volume [GBytes]    |    0.0033 |
+-------------------------------+-----------+

--------------------------------------------------------------------------------
CPU name:	Intel(R) Core(TM) i7-6500U CPU @ 2.50GHz
CPU type:	Intel Skylake processor
CPU clock:	2.59 GHz
--------------------------------------------------------------------------------
Bloom Join
-----------------
65536 Buckets 2 Hash Functions
Initialization: 0 ms 
Bloom Filter Generation: 197066 ms 
Join Core: 27 ms 
27 linhas
197096 ms 

--------------------------------------------------------------------------------
Region Initialization, Group 1: L3
+-------------------+----------+
|    Region Info    |  Core 0  |
+-------------------+----------+
| RDTSC Runtime [s] | 0.000017 |
|     call count    |        1 |
+-------------------+----------+

+-----------------------+---------+--------+
|         Event         | Counter | Core 0 |
+-----------------------+---------+--------+
|   INSTR_RETIRED_ANY   |  FIXC0  |  19071 |
| CPU_CLK_UNHALTED_CORE |  FIXC1  |  25936 |
|  CPU_CLK_UNHALTED_REF |  FIXC2  |  84240 |
|    L2_LINES_IN_ALL    |   PMC0  |   1020 |
|     L2_TRANS_L2_WB    |   PMC1  |    178 |
+-----------------------+---------+--------+

+-------------------------------+--------------+
|             Metric            |    Core 0    |
+-------------------------------+--------------+
|      Runtime (RDTSC) [s]      | 1.726883e-05 |
|      Runtime unhalted [s]     | 1.000623e-05 |
|          Clock [MHz]          |     798.0258 |
|              CPI              |       1.3600 |
|  L3 load bandwidth [MBytes/s] |    3780.2214 |
|  L3 load data volume [GBytes] |       0.0001 |
| L3 evict bandwidth [MBytes/s] |     659.6857 |
| L3 evict data volume [GBytes] | 1.139200e-05 |
|    L3 bandwidth [MBytes/s]    |    4439.9070 |
|    L3 data volume [GBytes]    |       0.0001 |
+-------------------------------+--------------+

Region Generation, Group 1: L3
+-------------------+----------+
|    Region Info    |  Core 0  |
+-------------------+----------+
| RDTSC Runtime [s] | 0.730865 |
|     call count    |  4500000 |
+-------------------+----------+

+-----------------------+---------+-------------+
|         Event         | Counter |    Core 0   |
+-----------------------+---------+-------------+
|   INSTR_RETIRED_ANY   |  FIXC0  | 16439480000 |
| CPU_CLK_UNHALTED_CORE |  FIXC1  | 40109840000 |
|  CPU_CLK_UNHALTED_REF |  FIXC2  | 34039320000 |
|    L2_LINES_IN_ALL    |   PMC0  |   584470300 |
|     L2_TRANS_L2_WB    |   PMC1  |   106233500 |
+-----------------------+---------+-------------+

+-------------------------------+------------+
|             Metric            |   Core 0   |
+-------------------------------+------------+
|      Runtime (RDTSC) [s]      |     0.7309 |
|      Runtime unhalted [s]     |    15.4746 |
|          Clock [MHz]          |  3054.2344 |
|              CPI              |     2.4398 |
|  L3 load bandwidth [MBytes/s] | 51180.6073 |
|  L3 load data volume [GBytes] |    37.4061 |
| L3 evict bandwidth [MBytes/s] |  9302.6028 |
| L3 evict data volume [GBytes] |     6.7989 |
|    L3 bandwidth [MBytes/s]    | 60483.2101 |
|    L3 data volume [GBytes]    |    44.2050 |
+-------------------------------+------------+

Region Core, Group 1: L3
+-------------------+----------+
|    Region Info    |  Core 0  |
+-------------------+----------+
| RDTSC Runtime [s] | 0.027399 |
|     call count    |        1 |
+-------------------+----------+

+-----------------------+---------+-----------+
|         Event         | Counter |   Core 0  |
+-----------------------+---------+-----------+
|   INSTR_RETIRED_ANY   |  FIXC0  | 176217900 |
| CPU_CLK_UNHALTED_CORE |  FIXC1  |  67459520 |
|  CPU_CLK_UNHALTED_REF |  FIXC2  |  70105280 |
|    L2_LINES_IN_ALL    |   PMC0  |     31875 |
|     L2_TRANS_L2_WB    |   PMC1  |     19801 |
+-----------------------+---------+-----------+

+-------------------------------+-----------+
|             Metric            |   Core 0  |
+-------------------------------+-----------+
|      Runtime (RDTSC) [s]      |    0.0274 |
|      Runtime unhalted [s]     |    0.0260 |
|          Clock [MHz]          | 2494.1630 |
|              CPI              |    0.3828 |
|  L3 load bandwidth [MBytes/s] |   74.4553 |
|  L3 load data volume [GBytes] |    0.0020 |
| L3 evict bandwidth [MBytes/s] |   46.2522 |
| L3 evict data volume [GBytes] |    0.0013 |
|    L3 bandwidth [MBytes/s]    |  120.7075 |
|    L3 data volume [GBytes]    |    0.0033 |
+-------------------------------+-----------+

--------------------------------------------------------------------------------
CPU name:	Intel(R) Core(TM) i7-6500U CPU @ 2.50GHz
CPU type:	Intel Skylake processor
CPU clock:	2.59 GHz
--------------------------------------------------------------------------------
Bloom Join
-----------------
65536 Buckets 2 Hash Functions
Initialization: 0 ms 
Bloom Filter Generation: 192828 ms 
Join Core: 23 ms 
27 linhas
192853 ms 

--------------------------------------------------------------------------------
Region Initialization, Group 1: L3
+-------------------+----------+
|    Region Info    |  Core 0  |
+-------------------+----------+
| RDTSC Runtime [s] | 0.000016 |
|     call count    |        1 |
+-------------------+----------+

+-----------------------+---------+--------+
|         Event         | Counter | Core 0 |
+-----------------------+---------+--------+
|   INSTR_RETIRED_ANY   |  FIXC0  |  19071 |
| CPU_CLK_UNHALTED_CORE |  FIXC1  |  21773 |
|  CPU_CLK_UNHALTED_REF |  FIXC2  |  70740 |
|    L2_LINES_IN_ALL    |   PMC0  |    711 |
|     L2_TRANS_L2_WB    |   PMC1  |     87 |
+-----------------------+---------+--------+

+-------------------------------+--------------+
|             Metric            |    Core 0    |
+-------------------------------+--------------+
|      Runtime (RDTSC) [s]      | 1.579271e-05 |
|      Runtime unhalted [s]     | 8.401389e-06 |
|          Clock [MHz]          |     797.6647 |
|              CPI              |       1.1417 |
|  L3 load bandwidth [MBytes/s] |    2881.3294 |
|  L3 load data volume [GBytes] | 4.550400e-05 |
| L3 evict bandwidth [MBytes/s] |     352.5677 |
| L3 evict data volume [GBytes] | 5.568000e-06 |
|    L3 bandwidth [MBytes/s]    |    3233.8972 |
|    L3 data volume [GBytes]    |       0.0001 |
+-------------------------------+--------------+

Region Generation, Group 1: L3
+-------------------+----------+
|    Region Info    |  Core 0  |
+-------------------+----------+
| RDTSC Runtime [s] | 0.725117 |
|     call count    |  4500000 |
+-------------------+----------+

+-----------------------+---------+-------------+
|         Event         | Counter |    Core 0   |
+-----------------------+---------+-------------+
|   INSTR_RETIRED_ANY   |  FIXC0  | 16440220000 |
| CPU_CLK_UNHALTED_CORE |  FIXC1  | 39065970000 |
|  CPU_CLK_UNHALTED_REF |  FIXC2  | 32916260000 |
|    L2_LINES_IN_ALL    |   PMC0  |   618236200 |
|     L2_TRANS_L2_WB    |   PMC1  |   124605600 |
+-----------------------+---------+-------------+

+-------------------------------+------------+
|             Metric            |   Core 0   |
+-------------------------------+------------+
|      Runtime (RDTSC) [s]      |     0.7251 |
|      Runtime unhalted [s]     |    15.0741 |
|          Clock [MHz]          |  3075.7802 |
|              CPI              |     2.3762 |
|  L3 load bandwidth [MBytes/s] | 54566.5351 |
|  L3 load data volume [GBytes] |    39.5671 |
| L3 evict bandwidth [MBytes/s] | 10997.8934 |
| L3 evict data volume [GBytes] |     7.9748 |
|    L3 bandwidth [MBytes/s]    | 65564.4286 |
|    L3 data volume [GBytes]    |    47.5419 |
+-------------------------------+------------+

Region Core, Group 1: L3
+-------------------+----------+
|    Region Info    |  Core 0  |
+-------------------+----------+
| RDTSC Runtime [s] | 0.022897 |
|     call count    |        1 |
+-------------------+----------+

+-----------------------+---------+-----------+
|         Event         | Counter |   Core 0  |
+-----------------------+---------+-----------+
|   INSTR_RETIRED_ANY   |  FIXC0  | 176217900 |
| CPU_CLK_UNHALTED_CORE |  FIXC1  |  68205240 |
|  CPU_CLK_UNHALTED_REF |  FIXC2  |  57362040 |
|    L2_LINES_IN_ALL    |   PMC0  |     35184 |
|     L2_TRANS_L2_WB    |   PMC1  |     13049 |
+-----------------------+---------+-----------+

+-------------------------------+-----------+
|             Metric            |   Core 0  |
+-------------------------------+-----------+
|      Runtime (RDTSC) [s]      |    0.0229 |
|      Runtime unhalted [s]     |    0.0263 |
|          Clock [MHz]          | 3081.4869 |
|              CPI              |    0.3871 |
|  L3 load bandwidth [MBytes/s] |   98.3451 |
|  L3 load data volume [GBytes] |    0.0023 |
| L3 evict bandwidth [MBytes/s] |   36.4741 |
| L3 evict data volume [GBytes] |    0.0008 |
|    L3 bandwidth [MBytes/s]    |  134.8193 |
|    L3 data volume [GBytes]    |    0.0031 |
+-------------------------------+-----------+

--------------------------------------------------------------------------------
CPU name:	Intel(R) Core(TM) i7-6500U CPU @ 2.50GHz
CPU type:	Intel Skylake processor
CPU clock:	2.59 GHz
--------------------------------------------------------------------------------
Bloom Join
-----------------
65536 Buckets 2 Hash Functions
Initialization: 0 ms 
Bloom Filter Generation: 227356 ms 
Join Core: 28 ms 
27 linhas
227387 ms 

--------------------------------------------------------------------------------
Region Initialization, Group 1: L3
+-------------------+----------+
|    Region Info    |  Core 0  |
+-------------------+----------+
| RDTSC Runtime [s] | 0.000015 |
|     call count    |        1 |
+-------------------+----------+

+-----------------------+---------+--------+
|         Event         | Counter | Core 0 |
+-----------------------+---------+--------+
|   INSTR_RETIRED_ANY   |  FIXC0  |  19071 |
| CPU_CLK_UNHALTED_CORE |  FIXC1  |  20940 |
|  CPU_CLK_UNHALTED_REF |  FIXC2  |  67392 |
|    L2_LINES_IN_ALL    |   PMC0  |    561 |
|     L2_TRANS_L2_WB    |   PMC1  |    109 |
+-----------------------+---------+--------+

+-------------------------------+--------------+
|             Metric            |    Core 0    |
+-------------------------------+--------------+
|      Runtime (RDTSC) [s]      | 1.483804e-05 |
|      Runtime unhalted [s]     | 8.078737e-06 |
|          Clock [MHz]          |     805.3813 |
|              CPI              |       1.0980 |
|  L3 load bandwidth [MBytes/s] |    2419.7266 |
|  L3 load data volume [GBytes] | 3.590400e-05 |
| L3 evict bandwidth [MBytes/s] |     470.1430 |
| L3 evict data volume [GBytes] | 6.976000e-06 |
|    L3 bandwidth [MBytes/s]    |    2889.8696 |
|    L3 data volume [GBytes]    | 4.288000e-05 |
+-------------------------------+--------------+

Region Generation, Group 1: L3
+-------------------+----------+
|    Region Info    |  Core 0  |
+-------------------+----------+
| RDTSC Runtime [s] | 0.906802 |
|     call count    |  4500000 |
+-------------------+----------+

+-----------------------+---------+-------------+
|         Event         | Counter |    Core 0   |
+-----------------------+---------+-------------+
|   INSTR_RETIRED_ANY   |  FIXC0  | 16439480000 |
| CPU_CLK_UNHALTED_CORE |  FIXC1  | 40812880000 |
|  CPU_CLK_UNHALTED_REF |  FIXC2  | 39370080000 |
|    L2_LINES_IN_ALL    |   PMC0  |   680363900 |
|     L2_TRANS_L2_WB    |   PMC1  |   137554100 |
+-----------------------+---------+-------------+

+-------------------------------+------------+
|             Metric            |   Core 0   |
+-------------------------------+------------+
|      Runtime (RDTSC) [s]      |     0.9068 |
|      Runtime unhalted [s]     |    15.7458 |
|          Clock [MHz]          |  2686.9784 |
|              CPI              |     2.4826 |
|  L3 load bandwidth [MBytes/s] | 48018.5037 |
|  L3 load data volume [GBytes] |    43.5433 |
| L3 evict bandwidth [MBytes/s] |  9708.2489 |
| L3 evict data volume [GBytes] |     8.8035 |
|    L3 bandwidth [MBytes/s]    | 57726.7526 |
|    L3 data volume [GBytes]    |    52.3468 |
+-------------------------------+------------+

Region Core, Group 1: L3
+-------------------+----------+
|    Region Info    |  Core 0  |
+-------------------+----------+
| RDTSC Runtime [s] | 0.028192 |
|     call count    |        1 |
+-------------------+----------+

+-----------------------+---------+-----------+
|         Event         | Counter |   Core 0  |
+-----------------------+---------+-----------+
|   INSTR_RETIRED_ANY   |  FIXC0  | 176217900 |
| CPU_CLK_UNHALTED_CORE |  FIXC1  |  69556090 |
|  CPU_CLK_UNHALTED_REF |  FIXC2  |  72284080 |
|    L2_LINES_IN_ALL    |   PMC0  |     36816 |
|     L2_TRANS_L2_WB    |   PMC1  |     12499 |
+-----------------------+---------+-----------+

+-------------------------------+-----------+
|             Metric            |   Core 0  |
+-------------------------------+-----------+
|      Runtime (RDTSC) [s]      |    0.0282 |
|      Runtime unhalted [s]     |    0.0268 |
|          Clock [MHz]          | 2494.1681 |
|              CPI              |    0.3947 |
|  L3 load bandwidth [MBytes/s] |   83.5780 |
|  L3 load data volume [GBytes] |    0.0024 |
| L3 evict bandwidth [MBytes/s] |   28.3746 |
| L3 evict data volume [GBytes] |    0.0008 |
|    L3 bandwidth [MBytes/s]    |  111.9526 |
|    L3 data volume [GBytes]    |    0.0032 |
+-------------------------------+-----------+

--------------------------------------------------------------------------------
CPU name:	Intel(R) Core(TM) i7-6500U CPU @ 2.50GHz
CPU type:	Intel Skylake processor
CPU clock:	2.59 GHz
--------------------------------------------------------------------------------
Bloom Join
-----------------
65536 Buckets 2 Hash Functions
Initialization: 0 ms 
Bloom Filter Generation: 231058 ms 
Join Core: 27 ms 
27 linhas
231087 ms 

--------------------------------------------------------------------------------
Region Initialization, Group 1: L3
+-------------------+----------+
|    Region Info    |  Core 0  |
+-------------------+----------+
| RDTSC Runtime [s] | 0.000017 |
|     call count    |        1 |
+-------------------+----------+

+-----------------------+---------+--------+
|         Event         | Counter | Core 0 |
+-----------------------+---------+--------+
|   INSTR_RETIRED_ANY   |  FIXC0  |  19071 |
| CPU_CLK_UNHALTED_CORE |  FIXC1  |  22589 |
|  CPU_CLK_UNHALTED_REF |  FIXC2  |  73440 |
|    L2_LINES_IN_ALL    |   PMC0  |    600 |
|     L2_TRANS_L2_WB    |   PMC1  |    109 |
+-----------------------+---------+--------+

+-------------------------------+--------------+
|             Metric            |    Core 0    |
+-------------------------------+--------------+
|      Runtime (RDTSC) [s]      | 1.733905e-05 |
|      Runtime unhalted [s]     | 8.714925e-06 |
|          Clock [MHz]          |     797.2558 |
|              CPI              |       1.1845 |
|  L3 load bandwidth [MBytes/s] |    2214.6542 |
|  L3 load data volume [GBytes] | 3.840000e-05 |
| L3 evict bandwidth [MBytes/s] |     402.3288 |
| L3 evict data volume [GBytes] | 6.976000e-06 |
|    L3 bandwidth [MBytes/s]    |    2616.9831 |
|    L3 data volume [GBytes]    | 4.537600e-05 |
+-------------------------------+--------------+

Region Generation, Group 1: L3
+-------------------+----------+
|    Region Info    |  Core 0  |
+-------------------+----------+
| RDTSC Runtime [s] | 0.732619 |
|     call count    |  4500000 |
+-------------------+----------+

+-----------------------+---------+-------------+
|         Event         | Counter |    Core 0   |
+-----------------------+---------+-------------+
|   INSTR_RETIRED_ANY   |  FIXC0  | 16439480000 |
| CPU_CLK_UNHALTED_CORE |  FIXC1  | 39864810000 |
|  CPU_CLK_UNHALTED_REF |  FIXC2  | 41429780000 |
|    L2_LINES_IN_ALL    |   PMC0  |   533326100 |
|     L2_TRANS_L2_WB    |   PMC1  |   101853400 |
+-----------------------+---------+-------------+

+-------------------------------+------------+
|             Metric            |   Core 0   |
+-------------------------------+------------+
|      Runtime (RDTSC) [s]      |     0.7326 |
|      Runtime unhalted [s]     |    15.3800 |
|          Clock [MHz]          |  2494.0803 |
|              CPI              |     2.4249 |
|  L3 load bandwidth [MBytes/s] | 46590.2064 |
|  L3 load data volume [GBytes] |    34.1329 |
| L3 evict bandwidth [MBytes/s] |  8897.6912 |
| L3 evict data volume [GBytes] |     6.5186 |
|    L3 bandwidth [MBytes/s]    | 55487.8975 |
|    L3 data volume [GBytes]    |    40.6515 |
+-------------------------------+------------+

Region Core, Group 1: L3
+-------------------+----------+
|    Region Info    |  Core 0  |
+-------------------+----------+
| RDTSC Runtime [s] | 0.027417 |
|     call count    |        1 |
+-------------------+----------+

+-----------------------+---------+-----------+
|         Event         | Counter |   Core 0  |
+-----------------------+---------+-----------+
|   INSTR_RETIRED_ANY   |  FIXC0  | 176217900 |
| CPU_CLK_UNHALTED_CORE |  FIXC1  |  67567230 |
|  CPU_CLK_UNHALTED_REF |  FIXC2  |  70216420 |
|    L2_LINES_IN_ALL    |   PMC0  |     31886 |
|     L2_TRANS_L2_WB    |   PMC1  |     17558 |
+-----------------------+---------+-----------+

+-------------------------------+-----------+
|             Metric            |   Core 0  |
+-------------------------------+-----------+
|      Runtime (RDTSC) [s]      |    0.0274 |
|      Runtime unhalted [s]     |    0.0261 |
|          Clock [MHz]          | 2494.1972 |
|              CPI              |    0.3834 |
|  L3 load bandwidth [MBytes/s] |   74.4318 |
|  L3 load data volume [GBytes] |    0.0020 |
| L3 evict bandwidth [MBytes/s] |   40.9858 |
| L3 evict data volume [GBytes] |    0.0011 |
|    L3 bandwidth [MBytes/s]    |  115.4176 |
|    L3 data volume [GBytes]    |    0.0032 |
+-------------------------------+-----------+

--------------------------------------------------------------------------------
CPU name:	Intel(R) Core(TM) i7-6500U CPU @ 2.50GHz
CPU type:	Intel Skylake processor
CPU clock:	2.59 GHz
--------------------------------------------------------------------------------
Bloom Join
-----------------
65536 Buckets 2 Hash Functions
Initialization: 0 ms 
Bloom Filter Generation: 240921 ms 
Join Core: 27 ms 
27 linhas
240951 ms 

--------------------------------------------------------------------------------
Region Initialization, Group 1: TLB_DATA
+-------------------+----------+
|    Region Info    |  Core 0  |
+-------------------+----------+
| RDTSC Runtime [s] | 0.000015 |
|     call count    |        1 |
+-------------------+----------+

+---------------------------------+---------+--------+
|              Event              | Counter | Core 0 |
+---------------------------------+---------+--------+
|        INSTR_RETIRED_ANY        |  FIXC0  |  19257 |
|      CPU_CLK_UNHALTED_CORE      |  FIXC1  |  21747 |
|       CPU_CLK_UNHALTED_REF      |  FIXC2  |  70740 |
|  DTLB_LOAD_MISSES_CAUSES_A_WALK |   PMC0  |     74 |
| DTLB_STORE_MISSES_CAUSES_A_WALK |   PMC1  |     14 |
|   DTLB_LOAD_MISSES_WALK_ACTIVE  |   PMC2  |   2120 |
|  DTLB_STORE_MISSES_WALK_ACTIVE  |   PMC3  |    404 |
+---------------------------------+---------+--------+

+-----------------------------------+--------------+
|               Metric              |    Core 0    |
+-----------------------------------+--------------+
|        Runtime (RDTSC) [s]        | 1.478018e-05 |
|        Runtime unhalted [s]       | 8.390096e-06 |
|            Clock [MHz]            |     796.8319 |
|                CPI                |       1.1293 |
|        L1 DTLB load misses        |           74 |
|       L1 DTLB load miss rate      |       0.0038 |
|  L1 DTLB load miss duration [Cyc] |      28.6486 |
|        L1 DTLB store misses       |           14 |
|      L1 DTLB store miss rate      |       0.0007 |
| L1 DTLB store miss duration [Cyc] |      28.8571 |
+-----------------------------------+--------------+

Region Generation, Group 1: TLB_DATA
+-------------------+----------+
|    Region Info    |  Core 0  |
+-------------------+----------+
| RDTSC Runtime [s] | 0.763235 |
|     call count    |  4500000 |
+-------------------+----------+

+---------------------------------+---------+-------------+
|              Event              | Counter |    Core 0   |
+---------------------------------+---------+-------------+
|        INSTR_RETIRED_ANY        |  FIXC0  | 17276480000 |
|      CPU_CLK_UNHALTED_CORE      |  FIXC1  | 39639950000 |
|       CPU_CLK_UNHALTED_REF      |  FIXC2  | 34386670000 |
|  DTLB_LOAD_MISSES_CAUSES_A_WALK |   PMC0  |   268658700 |
| DTLB_STORE_MISSES_CAUSES_A_WALK |   PMC1  |    32081470 |
|   DTLB_LOAD_MISSES_WALK_ACTIVE  |   PMC2  |  7590117000 |
|  DTLB_STORE_MISSES_WALK_ACTIVE  |   PMC3  |   862604100 |
+---------------------------------+---------+-------------+

+-----------------------------------+-----------+
|               Metric              |   Core 0  |
+-----------------------------------+-----------+
|        Runtime (RDTSC) [s]        |    0.7632 |
|        Runtime unhalted [s]       |   15.2933 |
|            Clock [MHz]            | 2987.9641 |
|                CPI                |    2.2944 |
|        L1 DTLB load misses        | 268658700 |
|       L1 DTLB load miss rate      |    0.0156 |
|  L1 DTLB load miss duration [Cyc] |   28.2519 |
|        L1 DTLB store misses       |  32081470 |
|      L1 DTLB store miss rate      |    0.0019 |
| L1 DTLB store miss duration [Cyc] |   26.8879 |
+-----------------------------------+-----------+

Region Core, Group 1: TLB_DATA
+-------------------+----------+
|    Region Info    |  Core 0  |
+-------------------+----------+
| RDTSC Runtime [s] | 0.027370 |
|     call count    |        1 |
+-------------------+----------+

+---------------------------------+---------+-----------+
|              Event              | Counter |   Core 0  |
+---------------------------------+---------+-----------+
|        INSTR_RETIRED_ANY        |  FIXC0  | 176218100 |
|      CPU_CLK_UNHALTED_CORE      |  FIXC1  |  67463840 |
|       CPU_CLK_UNHALTED_REF      |  FIXC2  |  70109820 |
|  DTLB_LOAD_MISSES_CAUSES_A_WALK |   PMC0  |       394 |
| DTLB_STORE_MISSES_CAUSES_A_WALK |   PMC1  |        11 |
|   DTLB_LOAD_MISSES_WALK_ACTIVE  |   PMC2  |     11888 |
|  DTLB_STORE_MISSES_WALK_ACTIVE  |   PMC3  |       487 |
+---------------------------------+---------+-----------+

+-----------------------------------+--------------+
|               Metric              |    Core 0    |
+-----------------------------------+--------------+
|        Runtime (RDTSC) [s]        |       0.0274 |
|        Runtime unhalted [s]       |       0.0260 |
|            Clock [MHz]            |    2494.1617 |
|                CPI                |       0.3828 |
|        L1 DTLB load misses        |          394 |
|       L1 DTLB load miss rate      | 2.235866e-06 |
|  L1 DTLB load miss duration [Cyc] |      30.1726 |
|        L1 DTLB store misses       |           11 |
|      L1 DTLB store miss rate      | 6.242265e-08 |
| L1 DTLB store miss duration [Cyc] |      44.2727 |
+-----------------------------------+--------------+

