--------------------------------------------------------------------------------
CPU name:	Intel(R) Core(TM) i7-6500U CPU @ 2.50GHz
CPU type:	Intel Skylake processor
CPU clock:	2.59 GHz
--------------------------------------------------------------------------------
Bloom Join
-----------------
65536 Buckets 1 Hash Functions
Initialization: 0 ms 
Bloom Filter Generation: 166659 ms 
Join Core: 22 ms 
445 linhas
166683 ms 

--------------------------------------------------------------------------------
Region Initialization, Group 1: L2
+-------------------+----------+
|    Region Info    |  Core 0  |
+-------------------+----------+
| RDTSC Runtime [s] | 0.000015 |
|     call count    |        1 |
+-------------------+----------+

+-----------------------+---------+--------+
|         Event         | Counter | Core 0 |
+-----------------------+---------+--------+
|   INSTR_RETIRED_ANY   |  FIXC0  |  19164 |
| CPU_CLK_UNHALTED_CORE |  FIXC1  |  20670 |
|  CPU_CLK_UNHALTED_REF |  FIXC2  |  66960 |
|    L1D_REPLACEMENT    |   PMC0  |    357 |
|      L1D_M_EVICT      |   PMC1  |    134 |
| ICACHE_64B_IFTAG_MISS |   PMC2  |    654 |
+-----------------------+---------+--------+

+--------------------------------+--------------+
|             Metric             |    Core 0    |
+--------------------------------+--------------+
|       Runtime (RDTSC) [s]      | 1.497727e-05 |
|      Runtime unhalted [s]      | 7.974581e-06 |
|           Clock [MHz]          |     800.1246 |
|               CPI              |       1.0786 |
|  L2D load bandwidth [MBytes/s] |    1525.5117 |
|  L2D load data volume [GBytes] | 2.284800e-05 |
| L2D evict bandwidth [MBytes/s] |     572.6010 |
| L2D evict data volume [GBytes] | 8.576000e-06 |
|     L2 bandwidth [MBytes/s]    |    4892.7475 |
|     L2 data volume [GBytes]    |       0.0001 |
+--------------------------------+--------------+

Region Generation, Group 1: L2
+-------------------+----------+
|    Region Info    |  Core 0  |
+-------------------+----------+
| RDTSC Runtime [s] | 0.435667 |
|     call count    |  3000000 |
+-------------------+----------+

+-----------------------+---------+-------------+
|         Event         | Counter |    Core 0   |
+-----------------------+---------+-------------+
|   INSTR_RETIRED_ANY   |  FIXC0  | 11100980000 |
| CPU_CLK_UNHALTED_CORE |  FIXC1  | 24644520000 |
|  CPU_CLK_UNHALTED_REF |  FIXC2  | 25611930000 |
|    L1D_REPLACEMENT    |   PMC0  |   565412900 |
|      L1D_M_EVICT      |   PMC1  |   159445000 |
| ICACHE_64B_IFTAG_MISS |   PMC2  |  1110605000 |
+-----------------------+---------+-------------+

+--------------------------------+-------------+
|             Metric             |    Core 0   |
+--------------------------------+-------------+
|       Runtime (RDTSC) [s]      |      0.4357 |
|      Runtime unhalted [s]      |      9.5080 |
|           Clock [MHz]          |   2494.0815 |
|               CPI              |      2.2200 |
|  L2D load bandwidth [MBytes/s] |  83059.8460 |
|  L2D load data volume [GBytes] |     36.1864 |
| L2D evict bandwidth [MBytes/s] |  23422.6653 |
| L2D evict data volume [GBytes] |     10.2045 |
|     L2 bandwidth [MBytes/s]    | 269631.7430 |
|     L2 data volume [GBytes]    |    117.4696 |
+--------------------------------+-------------+

Region Core, Group 1: L2
+-------------------+----------+
|    Region Info    |  Core 0  |
+-------------------+----------+
| RDTSC Runtime [s] | 0.021768 |
|     call count    |        1 |
+-------------------+----------+

+-----------------------+---------+-----------+
|         Event         | Counter |   Core 0  |
+-----------------------+---------+-----------+
|   INSTR_RETIRED_ANY   |  FIXC0  | 136770700 |
| CPU_CLK_UNHALTED_CORE |  FIXC1  |  53771100 |
|  CPU_CLK_UNHALTED_REF |  FIXC2  |  55880280 |
|    L1D_REPLACEMENT    |   PMC0  |     30629 |
|      L1D_M_EVICT      |   PMC1  |      1022 |
| ICACHE_64B_IFTAG_MISS |   PMC2  |      1279 |
+-----------------------+---------+-----------+

+--------------------------------+-----------+
|             Metric             |   Core 0  |
+--------------------------------+-----------+
|       Runtime (RDTSC) [s]      |    0.0218 |
|      Runtime unhalted [s]      |    0.0207 |
|           Clock [MHz]          | 2494.1521 |
|               CPI              |    0.3931 |
|  L2D load bandwidth [MBytes/s] |   90.0504 |
|  L2D load data volume [GBytes] |    0.0020 |
| L2D evict bandwidth [MBytes/s] |    3.0047 |
| L2D evict data volume [GBytes] |    0.0001 |
|     L2 bandwidth [MBytes/s]    |   96.8154 |
|     L2 data volume [GBytes]    |    0.0021 |
+--------------------------------+-----------+

--------------------------------------------------------------------------------
CPU name:	Intel(R) Core(TM) i7-6500U CPU @ 2.50GHz
CPU type:	Intel Skylake processor
CPU clock:	2.59 GHz
--------------------------------------------------------------------------------
Bloom Join
-----------------
65536 Buckets 1 Hash Functions
Initialization: 0 ms 
Bloom Filter Generation: 170444 ms 
Join Core: 22 ms 
445 linhas
170468 ms 

--------------------------------------------------------------------------------
Region Initialization, Group 1: L2
+-------------------+----------+
|    Region Info    |  Core 0  |
+-------------------+----------+
| RDTSC Runtime [s] | 0.000015 |
|     call count    |        1 |
+-------------------+----------+

+-----------------------+---------+--------+
|         Event         | Counter | Core 0 |
+-----------------------+---------+--------+
|   INSTR_RETIRED_ANY   |  FIXC0  |  19164 |
| CPU_CLK_UNHALTED_CORE |  FIXC1  |  21551 |
|  CPU_CLK_UNHALTED_REF |  FIXC2  |  70200 |
|    L1D_REPLACEMENT    |   PMC0  |    375 |
|      L1D_M_EVICT      |   PMC1  |    131 |
| ICACHE_64B_IFTAG_MISS |   PMC2  |    599 |
+-----------------------+---------+--------+

+--------------------------------+--------------+
|             Metric             |    Core 0    |
+--------------------------------+--------------+
|       Runtime (RDTSC) [s]      | 1.514470e-05 |
|      Runtime unhalted [s]      | 8.314457e-06 |
|           Clock [MHz]          |     795.7266 |
|               CPI              |       1.1246 |
|  L2D load bandwidth [MBytes/s] |    1584.7128 |
|  L2D load data volume [GBytes] | 2.400000e-05 |
| L2D evict bandwidth [MBytes/s] |     553.5930 |
| L2D evict data volume [GBytes] | 8.384000e-06 |
|     L2 bandwidth [MBytes/s]    |    4669.6204 |
|     L2 data volume [GBytes]    |       0.0001 |
+--------------------------------+--------------+

Region Generation, Group 1: L2
+-------------------+----------+
|    Region Info    |  Core 0  |
+-------------------+----------+
| RDTSC Runtime [s] | 0.472808 |
|     call count    |  3000000 |
+-------------------+----------+

+-----------------------+---------+-------------+
|         Event         | Counter |    Core 0   |
+-----------------------+---------+-------------+
|   INSTR_RETIRED_ANY   |  FIXC0  | 11100980000 |
| CPU_CLK_UNHALTED_CORE |  FIXC1  | 25092250000 |
|  CPU_CLK_UNHALTED_REF |  FIXC2  | 26077330000 |
|    L1D_REPLACEMENT    |   PMC0  |   558936000 |
|      L1D_M_EVICT      |   PMC1  |   212727800 |
| ICACHE_64B_IFTAG_MISS |   PMC2  |  1086112000 |
+-----------------------+---------+-------------+

+--------------------------------+-------------+
|             Metric             |    Core 0   |
+--------------------------------+-------------+
|       Runtime (RDTSC) [s]      |      0.4728 |
|      Runtime unhalted [s]      |      9.6807 |
|           Clock [MHz]          |   2494.0781 |
|               CPI              |      2.2604 |
|  L2D load bandwidth [MBytes/s] |  75658.3993 |
|  L2D load data volume [GBytes] |     35.7719 |
| L2D evict bandwidth [MBytes/s] |  28795.1480 |
| L2D evict data volume [GBytes] |     13.6146 |
|     L2 bandwidth [MBytes/s]    | 251471.2654 |
|     L2 data volume [GBytes]    |    118.8977 |
+--------------------------------+-------------+

Region Core, Group 1: L2
+-------------------+----------+
|    Region Info    |  Core 0  |
+-------------------+----------+
| RDTSC Runtime [s] | 0.021856 |
|     call count    |        1 |
+-------------------+----------+

+-----------------------+---------+-----------+
|         Event         | Counter |   Core 0  |
+-----------------------+---------+-----------+
|   INSTR_RETIRED_ANY   |  FIXC0  | 136770700 |
| CPU_CLK_UNHALTED_CORE |  FIXC1  |  53819570 |
|  CPU_CLK_UNHALTED_REF |  FIXC2  |  55930500 |
|    L1D_REPLACEMENT    |   PMC0  |     31465 |
|      L1D_M_EVICT      |   PMC1  |      1440 |
| ICACHE_64B_IFTAG_MISS |   PMC2  |      1668 |
+-----------------------+---------+-----------+

+--------------------------------+-----------+
|             Metric             |   Core 0  |
+--------------------------------+-----------+
|       Runtime (RDTSC) [s]      |    0.0219 |
|      Runtime unhalted [s]      |    0.0208 |
|           Clock [MHz]          | 2494.1644 |
|               CPI              |    0.3935 |
|  L2D load bandwidth [MBytes/s] |   92.1385 |
|  L2D load data volume [GBytes] |    0.0020 |
| L2D evict bandwidth [MBytes/s] |    4.2167 |
| L2D evict data volume [GBytes] |    0.0001 |
|     L2 bandwidth [MBytes/s]    |  101.2396 |
|     L2 data volume [GBytes]    |    0.0022 |
+--------------------------------+-----------+

--------------------------------------------------------------------------------
CPU name:	Intel(R) Core(TM) i7-6500U CPU @ 2.50GHz
CPU type:	Intel Skylake processor
CPU clock:	2.59 GHz
--------------------------------------------------------------------------------
Bloom Join
-----------------
65536 Buckets 1 Hash Functions
Initialization: 0 ms 
Bloom Filter Generation: 163735 ms 
Join Core: 22 ms 
445 linhas
163758 ms 

--------------------------------------------------------------------------------
Region Initialization, Group 1: L2
+-------------------+----------+
|    Region Info    |  Core 0  |
+-------------------+----------+
| RDTSC Runtime [s] | 0.000005 |
|     call count    |        1 |
+-------------------+----------+

+-----------------------+---------+--------+
|         Event         | Counter | Core 0 |
+-----------------------+---------+--------+
|   INSTR_RETIRED_ANY   |  FIXC0  |  19164 |
| CPU_CLK_UNHALTED_CORE |  FIXC1  |  23466 |
|  CPU_CLK_UNHALTED_REF |  FIXC2  |  25704 |
|    L1D_REPLACEMENT    |   PMC0  |    373 |
|      L1D_M_EVICT      |   PMC1  |    134 |
| ICACHE_64B_IFTAG_MISS |   PMC2  |    627 |
+-----------------------+---------+--------+

+--------------------------------+--------------+
|             Metric             |    Core 0    |
+--------------------------------+--------------+
|       Runtime (RDTSC) [s]      | 5.338120e-06 |
|      Runtime unhalted [s]      | 9.053499e-06 |
|           Clock [MHz]          |    2366.2519 |
|               CPI              |       1.2245 |
|  L2D load bandwidth [MBytes/s] |    4471.9864 |
|  L2D load data volume [GBytes] | 2.387200e-05 |
| L2D evict bandwidth [MBytes/s] |    1606.5581 |
| L2D evict data volume [GBytes] | 8.576000e-06 |
|     L2 bandwidth [MBytes/s]    |   13595.7978 |
|     L2 data volume [GBytes]    |       0.0001 |
+--------------------------------+--------------+

Region Generation, Group 1: L2
+-------------------+----------+
|    Region Info    |  Core 0  |
+-------------------+----------+
| RDTSC Runtime [s] | 0.516193 |
|     call count    |  3000000 |
+-------------------+----------+

+-----------------------+---------+-------------+
|         Event         | Counter |    Core 0   |
+-----------------------+---------+-------------+
|   INSTR_RETIRED_ANY   |  FIXC0  | 11100980000 |
| CPU_CLK_UNHALTED_CORE |  FIXC1  | 24932810000 |
|  CPU_CLK_UNHALTED_REF |  FIXC2  | 25068230000 |
|    L1D_REPLACEMENT    |   PMC0  |   625197000 |
|      L1D_M_EVICT      |   PMC1  |   148556600 |
| ICACHE_64B_IFTAG_MISS |   PMC2  |  1014866000 |
+-----------------------+---------+-------------+

+--------------------------------+-------------+
|             Metric             |    Core 0   |
+--------------------------------+-------------+
|       Runtime (RDTSC) [s]      |      0.5162 |
|      Runtime unhalted [s]      |      9.6194 |
|           Clock [MHz]          |   2577.9244 |
|               CPI              |      2.2460 |
|  L2D load bandwidth [MBytes/s] |  77514.7459 |
|  L2D load data volume [GBytes] |     40.0126 |
| L2D evict bandwidth [MBytes/s] |  18418.7178 |
| L2D evict data volume [GBytes] |      9.5076 |
|     L2 bandwidth [MBytes/s]    | 221761.1310 |
|     L2 data volume [GBytes]    |    114.4717 |
+--------------------------------+-------------+

Region Core, Group 1: L2
+-------------------+----------+
|    Region Info    |  Core 0  |
+-------------------+----------+
| RDTSC Runtime [s] | 0.021880 |
|     call count    |        1 |
+-------------------+----------+

+-----------------------+---------+-----------+
|         Event         | Counter |   Core 0  |
+-----------------------+---------+-----------+
|   INSTR_RETIRED_ANY   |  FIXC0  | 136770700 |
| CPU_CLK_UNHALTED_CORE |  FIXC1  |  54073150 |
|  CPU_CLK_UNHALTED_REF |  FIXC2  |  56193590 |
|    L1D_REPLACEMENT    |   PMC0  |     30534 |
|      L1D_M_EVICT      |   PMC1  |       968 |
| ICACHE_64B_IFTAG_MISS |   PMC2  |      1234 |
+-----------------------+---------+-----------+

+--------------------------------+-----------+
|             Metric             |   Core 0  |
+--------------------------------+-----------+
|       Runtime (RDTSC) [s]      |    0.0219 |
|      Runtime unhalted [s]      |    0.0209 |
|           Clock [MHz]          | 2494.1210 |
|               CPI              |    0.3954 |
|  L2D load bandwidth [MBytes/s] |   89.3115 |
|  L2D load data volume [GBytes] |    0.0020 |
| L2D evict bandwidth [MBytes/s] |    2.8314 |
| L2D evict data volume [GBytes] |    0.0001 |
|     L2 bandwidth [MBytes/s]    |   95.7523 |
|     L2 data volume [GBytes]    |    0.0021 |
+--------------------------------+-----------+

--------------------------------------------------------------------------------
CPU name:	Intel(R) Core(TM) i7-6500U CPU @ 2.50GHz
CPU type:	Intel Skylake processor
CPU clock:	2.59 GHz
--------------------------------------------------------------------------------
Bloom Join
-----------------
65536 Buckets 1 Hash Functions
Initialization: 0 ms 
Bloom Filter Generation: 168669 ms 
Join Core: 22 ms 
445 linhas
168693 ms 

--------------------------------------------------------------------------------
Region Initialization, Group 1: L2
+-------------------+----------+
|    Region Info    |  Core 0  |
+-------------------+----------+
| RDTSC Runtime [s] | 0.000006 |
|     call count    |        1 |
+-------------------+----------+

+-----------------------+---------+--------+
|         Event         | Counter | Core 0 |
+-----------------------+---------+--------+
|   INSTR_RETIRED_ANY   |  FIXC0  |  19164 |
| CPU_CLK_UNHALTED_CORE |  FIXC1  |  21537 |
|  CPU_CLK_UNHALTED_REF |  FIXC2  |  27864 |
|    L1D_REPLACEMENT    |   PMC0  |    358 |
|      L1D_M_EVICT      |   PMC1  |    122 |
| ICACHE_64B_IFTAG_MISS |   PMC2  |    672 |
+-----------------------+---------+--------+

+--------------------------------+--------------+
|             Metric             |    Core 0    |
+--------------------------------+--------------+
|       Runtime (RDTSC) [s]      | 5.897326e-06 |
|      Runtime unhalted [s]      | 8.309070e-06 |
|           Clock [MHz]          |    2003.4317 |
|               CPI              |       1.1238 |
|  L2D load bandwidth [MBytes/s] |    3885.1507 |
|  L2D load data volume [GBytes] | 2.291200e-05 |
| L2D evict bandwidth [MBytes/s] |    1323.9899 |
| L2D evict data volume [GBytes] | 7.808000e-06 |
|     L2 bandwidth [MBytes/s]    |   12501.9373 |
|     L2 data volume [GBytes]    |       0.0001 |
+--------------------------------+--------------+

Region Generation, Group 1: L2
+-------------------+----------+
|    Region Info    |  Core 0  |
+-------------------+----------+
| RDTSC Runtime [s] | 0.469425 |
|     call count    |  3000000 |
+-------------------+----------+

+-----------------------+---------+-------------+
|         Event         | Counter |    Core 0   |
+-----------------------+---------+-------------+
|   INSTR_RETIRED_ANY   |  FIXC0  | 11100980000 |
| CPU_CLK_UNHALTED_CORE |  FIXC1  | 25205800000 |
|  CPU_CLK_UNHALTED_REF |  FIXC2  | 26195230000 |
|    L1D_REPLACEMENT    |   PMC0  |   541744600 |
|      L1D_M_EVICT      |   PMC1  |   173228400 |
| ICACHE_64B_IFTAG_MISS |   PMC2  |  1101913000 |
+-----------------------+---------+-------------+

+--------------------------------+-------------+
|             Metric             |    Core 0   |
+--------------------------------+-------------+
|       Runtime (RDTSC) [s]      |      0.4694 |
|      Runtime unhalted [s]      |      9.7245 |
|           Clock [MHz]          |   2494.0839 |
|               CPI              |      2.2706 |
|  L2D load bandwidth [MBytes/s] |  73859.7907 |
|  L2D load data volume [GBytes] |     34.6717 |
| L2D evict bandwidth [MBytes/s] |  23617.4267 |
| L2D evict data volume [GBytes] |     11.0866 |
|     L2 bandwidth [MBytes/s]    | 247708.6429 |
|     L2 data volume [GBytes]    |    116.2807 |
+--------------------------------+-------------+

Region Core, Group 1: L2
+-------------------+----------+
|    Region Info    |  Core 0  |
+-------------------+----------+
| RDTSC Runtime [s] | 0.021957 |
|     call count    |        1 |
+-------------------+----------+

+-----------------------+---------+-----------+
|         Event         | Counter |   Core 0  |
+-----------------------+---------+-----------+
|   INSTR_RETIRED_ANY   |  FIXC0  | 136770700 |
| CPU_CLK_UNHALTED_CORE |  FIXC1  |  53746160 |
|  CPU_CLK_UNHALTED_REF |  FIXC2  |  55853710 |
|    L1D_REPLACEMENT    |   PMC0  |     29965 |
|      L1D_M_EVICT      |   PMC1  |       830 |
| ICACHE_64B_IFTAG_MISS |   PMC2  |      1092 |
+-----------------------+---------+-----------+

+--------------------------------+-----------+
|             Metric             |   Core 0  |
+--------------------------------+-----------+
|       Runtime (RDTSC) [s]      |    0.0220 |
|      Runtime unhalted [s]      |    0.0207 |
|           Clock [MHz]          | 2494.1824 |
|               CPI              |    0.3930 |
|  L2D load bandwidth [MBytes/s] |   87.3400 |
|  L2D load data volume [GBytes] |    0.0019 |
| L2D evict bandwidth [MBytes/s] |    2.4192 |
| L2D evict data volume [GBytes] |    0.0001 |
|     L2 bandwidth [MBytes/s]    |   92.9421 |
|     L2 data volume [GBytes]    |    0.0020 |
+--------------------------------+-----------+

--------------------------------------------------------------------------------
CPU name:	Intel(R) Core(TM) i7-6500U CPU @ 2.50GHz
CPU type:	Intel Skylake processor
CPU clock:	2.59 GHz
--------------------------------------------------------------------------------
Bloom Join
-----------------
65536 Buckets 1 Hash Functions
Initialization: 0 ms 
Bloom Filter Generation: 138717 ms 
Join Core: 18 ms 
445 linhas
138736 ms 

--------------------------------------------------------------------------------
Region Initialization, Group 1: L2
+-------------------+----------+
|    Region Info    |  Core 0  |
+-------------------+----------+
| RDTSC Runtime [s] | 0.000005 |
|     call count    |        1 |
+-------------------+----------+

+-----------------------+---------+--------+
|         Event         | Counter | Core 0 |
+-----------------------+---------+--------+
|   INSTR_RETIRED_ANY   |  FIXC0  |  19164 |
| CPU_CLK_UNHALTED_CORE |  FIXC1  |  21697 |
|  CPU_CLK_UNHALTED_REF |  FIXC2  |  21384 |
|    L1D_REPLACEMENT    |   PMC0  |    372 |
|      L1D_M_EVICT      |   PMC1  |    127 |
| ICACHE_64B_IFTAG_MISS |   PMC2  |    630 |
+-----------------------+---------+--------+

+--------------------------------+--------------+
|             Metric             |    Core 0    |
+--------------------------------+--------------+
|       Runtime (RDTSC) [s]      | 4.581034e-06 |
|      Runtime unhalted [s]      | 8.370771e-06 |
|           Clock [MHz]          |    2629.9347 |
|               CPI              |       1.1322 |
|  L2D load bandwidth [MBytes/s] |    5197.0800 |
|  L2D load data volume [GBytes] | 2.380800e-05 |
| L2D evict bandwidth [MBytes/s] |    1774.2719 |
| L2D evict data volume [GBytes] | 8.128000e-06 |
|     L2 bandwidth [MBytes/s]    |   15772.8583 |
|     L2 data volume [GBytes]    |       0.0001 |
+--------------------------------+--------------+

Region Generation, Group 1: L2
+-------------------+----------+
|    Region Info    |  Core 0  |
+-------------------+----------+
| RDTSC Runtime [s] | 0.380651 |
|     call count    |  3000000 |
+-------------------+----------+

+-----------------------+---------+-------------+
|         Event         | Counter |    Core 0   |
+-----------------------+---------+-------------+
|   INSTR_RETIRED_ANY   |  FIXC0  | 11100980000 |
| CPU_CLK_UNHALTED_CORE |  FIXC1  | 25926550000 |
|  CPU_CLK_UNHALTED_REF |  FIXC2  | 21757980000 |
|    L1D_REPLACEMENT    |   PMC0  |   576718000 |
|      L1D_M_EVICT      |   PMC1  |   171409000 |
| ICACHE_64B_IFTAG_MISS |   PMC2  |  1073024000 |
+-----------------------+---------+-------------+

+--------------------------------+-------------+
|             Metric             |    Core 0   |
+--------------------------------+-------------+
|       Runtime (RDTSC) [s]      |      0.3807 |
|      Runtime unhalted [s]      |     10.0025 |
|           Clock [MHz]          |   3088.5909 |
|               CPI              |      2.3355 |
|  L2D load bandwidth [MBytes/s] |  96965.2338 |
|  L2D load data volume [GBytes] |     36.9100 |
| L2D evict bandwidth [MBytes/s] |  28819.4816 |
| L2D evict data volume [GBytes] |     10.9702 |
|     L2 bandwidth [MBytes/s]    | 306195.2852 |
|     L2 data volume [GBytes]    |    116.5537 |
+--------------------------------+-------------+

Region Core, Group 1: L2
+-------------------+----------+
|    Region Info    |  Core 0  |
+-------------------+----------+
| RDTSC Runtime [s] | 0.017934 |
|     call count    |        1 |
+-------------------+----------+

+-----------------------+---------+-----------+
|         Event         | Counter |   Core 0  |
+-----------------------+---------+-----------+
|   INSTR_RETIRED_ANY   |  FIXC0  | 136770700 |
| CPU_CLK_UNHALTED_CORE |  FIXC1  |  53762940 |
|  CPU_CLK_UNHALTED_REF |  FIXC2  |  45072940 |
|    L1D_REPLACEMENT    |   PMC0  |     30206 |
|      L1D_M_EVICT      |   PMC1  |       968 |
| ICACHE_64B_IFTAG_MISS |   PMC2  |       981 |
+-----------------------+---------+-----------+

+--------------------------------+-----------+
|             Metric             |   Core 0  |
+--------------------------------+-----------+
|       Runtime (RDTSC) [s]      |    0.0179 |
|      Runtime unhalted [s]      |    0.0207 |
|           Clock [MHz]          | 3091.7285 |
|               CPI              |    0.3931 |
|  L2D load bandwidth [MBytes/s] |  107.7930 |
|  L2D load data volume [GBytes] |    0.0019 |
| L2D evict bandwidth [MBytes/s] |    3.4544 |
| L2D evict data volume [GBytes] |    0.0001 |
|     L2 bandwidth [MBytes/s]    |  114.7482 |
|     L2 data volume [GBytes]    |    0.0021 |
+--------------------------------+-----------+

--------------------------------------------------------------------------------
CPU name:	Intel(R) Core(TM) i7-6500U CPU @ 2.50GHz
CPU type:	Intel Skylake processor
CPU clock:	2.59 GHz
--------------------------------------------------------------------------------
Bloom Join
-----------------
65536 Buckets 1 Hash Functions
Initialization: 0 ms 
Bloom Filter Generation: 167413 ms 
Join Core: 22 ms 
445 linhas
167437 ms 

--------------------------------------------------------------------------------
Region Initialization, Group 1: L2
+-------------------+----------+
|    Region Info    |  Core 0  |
+-------------------+----------+
| RDTSC Runtime [s] | 0.000007 |
|     call count    |        1 |
+-------------------+----------+

+-----------------------+---------+--------+
|         Event         | Counter | Core 0 |
+-----------------------+---------+--------+
|   INSTR_RETIRED_ANY   |  FIXC0  |  19164 |
| CPU_CLK_UNHALTED_CORE |  FIXC1  |  22679 |
|  CPU_CLK_UNHALTED_REF |  FIXC2  |  31212 |
|    L1D_REPLACEMENT    |   PMC0  |    359 |
|      L1D_M_EVICT      |   PMC1  |    135 |
| ICACHE_64B_IFTAG_MISS |   PMC2  |    609 |
+-----------------------+---------+--------+

+--------------------------------+--------------+
|             Metric             |    Core 0    |
+--------------------------------+--------------+
|       Runtime (RDTSC) [s]      | 7.103830e-06 |
|      Runtime unhalted [s]      | 8.749829e-06 |
|           Clock [MHz]          |    1883.3309 |
|               CPI              |       1.1834 |
|  L2D load bandwidth [MBytes/s] |    3234.3116 |
|  L2D load data volume [GBytes] | 2.297600e-05 |
| L2D evict bandwidth [MBytes/s] |    1216.2453 |
| L2D evict data volume [GBytes] | 8.640000e-06 |
|     L2 bandwidth [MBytes/s]    |    9937.1747 |
|     L2 data volume [GBytes]    |       0.0001 |
+--------------------------------+--------------+

Region Generation, Group 1: L2
+-------------------+----------+
|    Region Info    |  Core 0  |
+-------------------+----------+
| RDTSC Runtime [s] | 0.498929 |
|     call count    |  3000000 |
+-------------------+----------+

+-----------------------+---------+-------------+
|         Event         | Counter |    Core 0   |
+-----------------------+---------+-------------+
|   INSTR_RETIRED_ANY   |  FIXC0  | 11100980000 |
| CPU_CLK_UNHALTED_CORE |  FIXC1  | 25205320000 |
|  CPU_CLK_UNHALTED_REF |  FIXC2  | 26194320000 |
|    L1D_REPLACEMENT    |   PMC0  |   587370700 |
|      L1D_M_EVICT      |   PMC1  |   180149300 |
| ICACHE_64B_IFTAG_MISS |   PMC2  |  1114631000 |
+-----------------------+---------+-------------+

+--------------------------------+-------------+
|             Metric             |    Core 0   |
+--------------------------------+-------------+
|       Runtime (RDTSC) [s]      |      0.4989 |
|      Runtime unhalted [s]      |      9.7245 |
|           Clock [MHz]          |   2494.0745 |
|               CPI              |      2.2705 |
|  L2D load bandwidth [MBytes/s] |  75344.8231 |
|  L2D load data volume [GBytes] |     37.5917 |
| L2D evict bandwidth [MBytes/s] |  23108.6044 |
| L2D evict data volume [GBytes] |     11.5296 |
|     L2 bandwidth [MBytes/s]    | 241432.4280 |
|     L2 data volume [GBytes]    |    120.4577 |
+--------------------------------+-------------+

Region Core, Group 1: L2
+-------------------+----------+
|    Region Info    |  Core 0  |
+-------------------+----------+
| RDTSC Runtime [s] | 0.021770 |
|     call count    |        1 |
+-------------------+----------+

+-----------------------+---------+-----------+
|         Event         | Counter |   Core 0  |
+-----------------------+---------+-----------+
|   INSTR_RETIRED_ANY   |  FIXC0  | 136770700 |
| CPU_CLK_UNHALTED_CORE |  FIXC1  |  53727440 |
|  CPU_CLK_UNHALTED_REF |  FIXC2  |  55834160 |
|    L1D_REPLACEMENT    |   PMC0  |     30335 |
|      L1D_M_EVICT      |   PMC1  |       845 |
| ICACHE_64B_IFTAG_MISS |   PMC2  |      1066 |
+-----------------------+---------+-----------+

+--------------------------------+-----------+
|             Metric             |   Core 0  |
+--------------------------------+-----------+
|       Runtime (RDTSC) [s]      |    0.0218 |
|      Runtime unhalted [s]      |    0.0207 |
|           Clock [MHz]          | 2494.1381 |
|               CPI              |    0.3928 |
|  L2D load bandwidth [MBytes/s] |   89.1809 |
|  L2D load data volume [GBytes] |    0.0019 |
| L2D evict bandwidth [MBytes/s] |    2.4842 |
| L2D evict data volume [GBytes] |    0.0001 |
|     L2 bandwidth [MBytes/s]    |   94.7990 |
|     L2 data volume [GBytes]    |    0.0021 |
+--------------------------------+-----------+

--------------------------------------------------------------------------------
CPU name:	Intel(R) Core(TM) i7-6500U CPU @ 2.50GHz
CPU type:	Intel Skylake processor
CPU clock:	2.59 GHz
--------------------------------------------------------------------------------
Bloom Join
-----------------
65536 Buckets 1 Hash Functions
Initialization: 0 ms 
Bloom Filter Generation: 167505 ms 
Join Core: 22 ms 
445 linhas
167530 ms 

--------------------------------------------------------------------------------
Region Initialization, Group 1: L2
+-------------------+----------+
|    Region Info    |  Core 0  |
+-------------------+----------+
| RDTSC Runtime [s] | 0.000014 |
|     call count    |        1 |
+-------------------+----------+

+-----------------------+---------+--------+
|         Event         | Counter | Core 0 |
+-----------------------+---------+--------+
|   INSTR_RETIRED_ANY   |  FIXC0  |  19164 |
| CPU_CLK_UNHALTED_CORE |  FIXC1  |  20233 |
|  CPU_CLK_UNHALTED_REF |  FIXC2  |  65772 |
|    L1D_REPLACEMENT    |   PMC0  |    364 |
|      L1D_M_EVICT      |   PMC1  |    143 |
| ICACHE_64B_IFTAG_MISS |   PMC2  |    626 |
+-----------------------+---------+--------+

+--------------------------------+--------------+
|             Metric             |    Core 0    |
+--------------------------------+--------------+
|       Runtime (RDTSC) [s]      | 1.395223e-05 |
|      Runtime unhalted [s]      | 7.806248e-06 |
|           Clock [MHz]          |     797.3283 |
|               CPI              |       1.0558 |
|  L2D load bandwidth [MBytes/s] |    1669.6972 |
|  L2D load data volume [GBytes] | 2.329600e-05 |
| L2D evict bandwidth [MBytes/s] |     655.9525 |
| L2D evict data volume [GBytes] | 9.152000e-06 |
|     L2 bandwidth [MBytes/s]    |    5197.1620 |
|     L2 data volume [GBytes]    |       0.0001 |
+--------------------------------+--------------+

Region Generation, Group 1: L2
+-------------------+----------+
|    Region Info    |  Core 0  |
+-------------------+----------+
| RDTSC Runtime [s] | 0.459968 |
|     call count    |  3000000 |
+-------------------+----------+

+-----------------------+---------+-------------+
|         Event         | Counter |    Core 0   |
+-----------------------+---------+-------------+
|   INSTR_RETIRED_ANY   |  FIXC0  | 11100980000 |
| CPU_CLK_UNHALTED_CORE |  FIXC1  | 24691200000 |
|  CPU_CLK_UNHALTED_REF |  FIXC2  | 25661330000 |
|    L1D_REPLACEMENT    |   PMC0  |   615313000 |
|      L1D_M_EVICT      |   PMC1  |   188324000 |
| ICACHE_64B_IFTAG_MISS |   PMC2  |  1114226000 |
+-----------------------+---------+-------------+

+--------------------------------+-------------+
|             Metric             |    Core 0   |
+--------------------------------+-------------+
|       Runtime (RDTSC) [s]      |      0.4600 |
|      Runtime unhalted [s]      |      9.5263 |
|           Clock [MHz]          |   2493.9110 |
|               CPI              |      2.2242 |
|  L2D load bandwidth [MBytes/s] |  85614.7024 |
|  L2D load data volume [GBytes] |     39.3800 |
| L2D evict bandwidth [MBytes/s] |  26203.4172 |
| L2D evict data volume [GBytes] |     12.0527 |
|     L2 bandwidth [MBytes/s]    | 266851.6186 |
|     L2 data volume [GBytes]    |    122.7432 |
+--------------------------------+-------------+

Region Core, Group 1: L2
+-------------------+----------+
|    Region Info    |  Core 0  |
+-------------------+----------+
| RDTSC Runtime [s] | 0.021829 |
|     call count    |        1 |
+-------------------+----------+

+-----------------------+---------+-----------+
|         Event         | Counter |   Core 0  |
+-----------------------+---------+-----------+
|   INSTR_RETIRED_ANY   |  FIXC0  | 136770700 |
| CPU_CLK_UNHALTED_CORE |  FIXC1  |  53855230 |
|  CPU_CLK_UNHALTED_REF |  FIXC2  |  55967110 |
|    L1D_REPLACEMENT    |   PMC0  |     31147 |
|      L1D_M_EVICT      |   PMC1  |      1396 |
| ICACHE_64B_IFTAG_MISS |   PMC2  |      1537 |
+-----------------------+---------+-----------+

+--------------------------------+-----------+
|             Metric             |   Core 0  |
+--------------------------------+-----------+
|       Runtime (RDTSC) [s]      |    0.0218 |
|      Runtime unhalted [s]      |    0.0208 |
|           Clock [MHz]          | 2494.0946 |
|               CPI              |    0.3938 |
|  L2D load bandwidth [MBytes/s] |   91.3191 |
|  L2D load data volume [GBytes] |    0.0020 |
| L2D evict bandwidth [MBytes/s] |    4.0929 |
| L2D evict data volume [GBytes] |    0.0001 |
|     L2 bandwidth [MBytes/s]    |   99.9183 |
|     L2 data volume [GBytes]    |    0.0022 |
+--------------------------------+-----------+

--------------------------------------------------------------------------------
CPU name:	Intel(R) Core(TM) i7-6500U CPU @ 2.50GHz
CPU type:	Intel Skylake processor
CPU clock:	2.59 GHz
--------------------------------------------------------------------------------
Bloom Join
-----------------
65536 Buckets 1 Hash Functions
Initialization: 0 ms 
Bloom Filter Generation: 151128 ms 
Join Core: 22 ms 
445 linhas
151151 ms 

--------------------------------------------------------------------------------
Region Initialization, Group 1: L3
+-------------------+----------+
|    Region Info    |  Core 0  |
+-------------------+----------+
| RDTSC Runtime [s] | 0.000006 |
|     call count    |        1 |
+-------------------+----------+

+-----------------------+---------+--------+
|         Event         | Counter | Core 0 |
+-----------------------+---------+--------+
|   INSTR_RETIRED_ANY   |  FIXC0  |  19071 |
| CPU_CLK_UNHALTED_CORE |  FIXC1  |  22674 |
|  CPU_CLK_UNHALTED_REF |  FIXC2  |  26460 |
|    L2_LINES_IN_ALL    |   PMC0  |    626 |
|     L2_TRANS_L2_WB    |   PMC1  |    144 |
+-----------------------+---------+--------+

+-------------------------------+--------------+
|             Metric            |    Core 0    |
+-------------------------------+--------------+
|      Runtime (RDTSC) [s]      | 5.533836e-06 |
|      Runtime unhalted [s]     | 8.747721e-06 |
|          Clock [MHz]          |    2221.1175 |
|              CPI              |       1.1889 |
|  L3 load bandwidth [MBytes/s] |    7239.8242 |
|  L3 load data volume [GBytes] | 4.006400e-05 |
| L3 evict bandwidth [MBytes/s] |    1665.3909 |
| L3 evict data volume [GBytes] | 9.216000e-06 |
|    L3 bandwidth [MBytes/s]    |    8905.2151 |
|    L3 data volume [GBytes]    | 4.928000e-05 |
+-------------------------------+--------------+

Region Generation, Group 1: L3
+-------------------+----------+
|    Region Info    |  Core 0  |
+-------------------+----------+
| RDTSC Runtime [s] | 0.490307 |
|     call count    |  3000000 |
+-------------------+----------+

+-----------------------+---------+-------------+
|         Event         | Counter |    Core 0   |
+-----------------------+---------+-------------+
|   INSTR_RETIRED_ANY   |  FIXC0  | 10822100000 |
| CPU_CLK_UNHALTED_CORE |  FIXC1  | 25067500000 |
|  CPU_CLK_UNHALTED_REF |  FIXC2  | 26051390000 |
|    L2_LINES_IN_ALL    |   PMC0  |   357932000 |
|     L2_TRANS_L2_WB    |   PMC1  |    57697550 |
+-----------------------+---------+-------------+

+-------------------------------+------------+
|             Metric            |   Core 0   |
+-------------------------------+------------+
|      Runtime (RDTSC) [s]      |     0.4903 |
|      Runtime unhalted [s]     |     9.6711 |
|          Clock [MHz]          |  2494.0971 |
|              CPI              |     2.3163 |
|  L3 load bandwidth [MBytes/s] | 46721.0394 |
|  L3 load data volume [GBytes] |    22.9076 |
| L3 evict bandwidth [MBytes/s] |  7531.2895 |
| L3 evict data volume [GBytes] |     3.6926 |
|    L3 bandwidth [MBytes/s]    | 54252.3289 |
|    L3 data volume [GBytes]    |    26.6003 |
+-------------------------------+------------+

Region Core, Group 1: L3
+-------------------+----------+
|    Region Info    |  Core 0  |
+-------------------+----------+
| RDTSC Runtime [s] | 0.022096 |
|     call count    |        1 |
+-------------------+----------+

+-----------------------+---------+-----------+
|         Event         | Counter |   Core 0  |
+-----------------------+---------+-----------+
|   INSTR_RETIRED_ANY   |  FIXC0  | 136770600 |
| CPU_CLK_UNHALTED_CORE |  FIXC1  |  54516960 |
|  CPU_CLK_UNHALTED_REF |  FIXC2  |  56654750 |
|    L2_LINES_IN_ALL    |   PMC0  |     32854 |
|     L2_TRANS_L2_WB    |   PMC1  |     19180 |
+-----------------------+---------+-----------+

+-------------------------------+-----------+
|             Metric            |   Core 0  |
+-------------------------------+-----------+
|      Runtime (RDTSC) [s]      |    0.0221 |
|      Runtime unhalted [s]     |    0.0210 |
|          Clock [MHz]          | 2494.1843 |
|              CPI              |    0.3986 |
|  L3 load bandwidth [MBytes/s] |   95.1613 |
|  L3 load data volume [GBytes] |    0.0021 |
| L3 evict bandwidth [MBytes/s] |   55.5547 |
| L3 evict data volume [GBytes] |    0.0012 |
|    L3 bandwidth [MBytes/s]    |  150.7160 |
|    L3 data volume [GBytes]    |    0.0033 |
+-------------------------------+-----------+

--------------------------------------------------------------------------------
CPU name:	Intel(R) Core(TM) i7-6500U CPU @ 2.50GHz
CPU type:	Intel Skylake processor
CPU clock:	2.59 GHz
--------------------------------------------------------------------------------
Bloom Join
-----------------
65536 Buckets 1 Hash Functions
Initialization: 0 ms 
Bloom Filter Generation: 151005 ms 
Join Core: 22 ms 
445 linhas
151029 ms 

--------------------------------------------------------------------------------
Region Initialization, Group 1: L3
+-------------------+----------+
|    Region Info    |  Core 0  |
+-------------------+----------+
| RDTSC Runtime [s] | 0.000014 |
|     call count    |        1 |
+-------------------+----------+

+-----------------------+---------+--------+
|         Event         | Counter | Core 0 |
+-----------------------+---------+--------+
|   INSTR_RETIRED_ANY   |  FIXC0  |  19071 |
| CPU_CLK_UNHALTED_CORE |  FIXC1  |  21415 |
|  CPU_CLK_UNHALTED_REF |  FIXC2  |  69444 |
|    L2_LINES_IN_ALL    |   PMC0  |    655 |
|     L2_TRANS_L2_WB    |   PMC1  |    107 |
+-----------------------+---------+--------+

+-------------------------------+--------------+
|             Metric            |    Core 0    |
+-------------------------------+--------------+
|      Runtime (RDTSC) [s]      | 1.430533e-05 |
|      Runtime unhalted [s]     | 8.264303e-06 |
|          Clock [MHz]          |     799.0891 |
|              CPI              |       1.1229 |
|  L3 load bandwidth [MBytes/s] |    2930.3763 |
|  L3 load data volume [GBytes] | 4.192000e-05 |
| L3 evict bandwidth [MBytes/s] |     478.7027 |
| L3 evict data volume [GBytes] | 6.848000e-06 |
|    L3 bandwidth [MBytes/s]    |    3409.0790 |
|    L3 data volume [GBytes]    | 4.876800e-05 |
+-------------------------------+--------------+

Region Generation, Group 1: L3
+-------------------+----------+
|    Region Info    |  Core 0  |
+-------------------+----------+
| RDTSC Runtime [s] | 0.439185 |
|     call count    |  3000000 |
+-------------------+----------+

+-----------------------+---------+-------------+
|         Event         | Counter |    Core 0   |
+-----------------------+---------+-------------+
|   INSTR_RETIRED_ANY   |  FIXC0  | 10823130000 |
| CPU_CLK_UNHALTED_CORE |  FIXC1  | 25765060000 |
|  CPU_CLK_UNHALTED_REF |  FIXC2  | 26776940000 |
|    L2_LINES_IN_ALL    |   PMC0  |   368579500 |
|     L2_TRANS_L2_WB    |   PMC1  |    56849790 |
+-----------------------+---------+-------------+

+-------------------------------+------------+
|             Metric            |   Core 0   |
+-------------------------------+------------+
|      Runtime (RDTSC) [s]      |     0.4392 |
|      Runtime unhalted [s]     |     9.9430 |
|          Clock [MHz]          |  2493.3431 |
|              CPI              |     2.3806 |
|  L3 load bandwidth [MBytes/s] | 53711.0634 |
|  L3 load data volume [GBytes] |    23.5891 |
| L3 evict bandwidth [MBytes/s] |  8284.4072 |
| L3 evict data volume [GBytes] |     3.6384 |
|    L3 bandwidth [MBytes/s]    | 61995.4706 |
|    L3 data volume [GBytes]    |    27.2275 |
+-------------------------------+------------+

Region Core, Group 1: L3
+-------------------+----------+
|    Region Info    |  Core 0  |
+-------------------+----------+
| RDTSC Runtime [s] | 0.021867 |
|     call count    |        1 |
+-------------------+----------+

+-----------------------+---------+-----------+
|         Event         | Counter |   Core 0  |
+-----------------------+---------+-----------+
|   INSTR_RETIRED_ANY   |  FIXC0  | 136770600 |
| CPU_CLK_UNHALTED_CORE |  FIXC1  |  53824180 |
|  CPU_CLK_UNHALTED_REF |  FIXC2  |  55934930 |
|    L2_LINES_IN_ALL    |   PMC0  |     31169 |
|     L2_TRANS_L2_WB    |   PMC1  |     19204 |
+-----------------------+---------+-----------+

+-------------------------------+-----------+
|             Metric            |   Core 0  |
+-------------------------------+-----------+
|      Runtime (RDTSC) [s]      |    0.0219 |
|      Runtime unhalted [s]     |    0.0208 |
|          Clock [MHz]          | 2493.4815 |
|              CPI              |    0.3935 |
|  L3 load bandwidth [MBytes/s] |   91.2267 |
|  L3 load data volume [GBytes] |    0.0020 |
| L3 evict bandwidth [MBytes/s] |   56.2071 |
| L3 evict data volume [GBytes] |    0.0012 |
|    L3 bandwidth [MBytes/s]    |  147.4338 |
|    L3 data volume [GBytes]    |    0.0032 |
+-------------------------------+-----------+

--------------------------------------------------------------------------------
CPU name:	Intel(R) Core(TM) i7-6500U CPU @ 2.50GHz
CPU type:	Intel Skylake processor
CPU clock:	2.59 GHz
--------------------------------------------------------------------------------
Bloom Join
-----------------
65536 Buckets 1 Hash Functions
Initialization: 0 ms 
Bloom Filter Generation: 155278 ms 
Join Core: 22 ms 
445 linhas
155303 ms 

--------------------------------------------------------------------------------
Region Initialization, Group 1: L3
+-------------------+----------+
|    Region Info    |  Core 0  |
+-------------------+----------+
| RDTSC Runtime [s] | 0.000014 |
|     call count    |        1 |
+-------------------+----------+

+-----------------------+---------+--------+
|         Event         | Counter | Core 0 |
+-----------------------+---------+--------+
|   INSTR_RETIRED_ANY   |  FIXC0  |  19071 |
| CPU_CLK_UNHALTED_CORE |  FIXC1  |  19858 |
|  CPU_CLK_UNHALTED_REF |  FIXC2  |  64584 |
|    L2_LINES_IN_ALL    |   PMC0  |    502 |
|     L2_TRANS_L2_WB    |   PMC1  |     70 |
+-----------------------+---------+--------+

+-------------------------------+--------------+
|             Metric            |    Core 0    |
+-------------------------------+--------------+
|      Runtime (RDTSC) [s]      | 1.425930e-05 |
|      Runtime unhalted [s]     | 7.661447e-06 |
|          Clock [MHz]          |     796.9577 |
|              CPI              |       1.0413 |
|  L3 load bandwidth [MBytes/s] |    2253.1260 |
|  L3 load data volume [GBytes] | 3.212800e-05 |
| L3 evict bandwidth [MBytes/s] |     314.1809 |
| L3 evict data volume [GBytes] | 4.480000e-06 |
|    L3 bandwidth [MBytes/s]    |    2567.3070 |
|    L3 data volume [GBytes]    | 3.660800e-05 |
+-------------------------------+--------------+

Region Generation, Group 1: L3
+-------------------+----------+
|    Region Info    |  Core 0  |
+-------------------+----------+
| RDTSC Runtime [s] | 0.537013 |
|     call count    |  3000000 |
+-------------------+----------+

+-----------------------+---------+-------------+
|         Event         | Counter |    Core 0   |
+-----------------------+---------+-------------+
|   INSTR_RETIRED_ANY   |  FIXC0  | 10821980000 |
| CPU_CLK_UNHALTED_CORE |  FIXC1  | 25498740000 |
|  CPU_CLK_UNHALTED_REF |  FIXC2  | 26499680000 |
|    L2_LINES_IN_ALL    |   PMC0  |   485426000 |
|     L2_TRANS_L2_WB    |   PMC1  |    73232280 |
+-----------------------+---------+-------------+

+-------------------------------+------------+
|             Metric            |   Core 0   |
+-------------------------------+------------+
|      Runtime (RDTSC) [s]      |     0.5370 |
|      Runtime unhalted [s]     |     9.8377 |
|          Clock [MHz]          |  2494.0365 |
|              CPI              |     2.3562 |
|  L3 load bandwidth [MBytes/s] | 57851.9883 |
|  L3 load data volume [GBytes] |    31.0673 |
| L3 evict bandwidth [MBytes/s] |  8727.6598 |
| L3 evict data volume [GBytes] |     4.6869 |
|    L3 bandwidth [MBytes/s]    | 66579.6481 |
|    L3 data volume [GBytes]    |    35.7541 |
+-------------------------------+------------+

Region Core, Group 1: L3
+-------------------+----------+
|    Region Info    |  Core 0  |
+-------------------+----------+
| RDTSC Runtime [s] | 0.021874 |
|     call count    |        1 |
+-------------------+----------+

+-----------------------+---------+-----------+
|         Event         | Counter |   Core 0  |
+-----------------------+---------+-----------+
|   INSTR_RETIRED_ANY   |  FIXC0  | 136770600 |
| CPU_CLK_UNHALTED_CORE |  FIXC1  |  53919100 |
|  CPU_CLK_UNHALTED_REF |  FIXC2  |  56033420 |
|    L2_LINES_IN_ALL    |   PMC0  |     31977 |
|     L2_TRANS_L2_WB    |   PMC1  |     18026 |
+-----------------------+---------+-----------+

+-------------------------------+-----------+
|             Metric            |   Core 0  |
+-------------------------------+-----------+
|      Runtime (RDTSC) [s]      |    0.0219 |
|      Runtime unhalted [s]     |    0.0208 |
|          Clock [MHz]          | 2494.1365 |
|              CPI              |    0.3942 |
|  L3 load bandwidth [MBytes/s] |   93.5585 |
|  L3 load data volume [GBytes] |    0.0020 |
| L3 evict bandwidth [MBytes/s] |   52.7406 |
| L3 evict data volume [GBytes] |    0.0012 |
|    L3 bandwidth [MBytes/s]    |  146.2991 |
|    L3 data volume [GBytes]    |    0.0032 |
+-------------------------------+-----------+

--------------------------------------------------------------------------------
CPU name:	Intel(R) Core(TM) i7-6500U CPU @ 2.50GHz
CPU type:	Intel Skylake processor
CPU clock:	2.59 GHz
--------------------------------------------------------------------------------
Bloom Join
-----------------
65536 Buckets 1 Hash Functions
Initialization: 0 ms 
Bloom Filter Generation: 143376 ms 
Join Core: 22 ms 
445 linhas
143400 ms 

--------------------------------------------------------------------------------
Region Initialization, Group 1: L3
+-------------------+----------+
|    Region Info    |  Core 0  |
+-------------------+----------+
| RDTSC Runtime [s] | 0.000015 |
|     call count    |        1 |
+-------------------+----------+

+-----------------------+---------+--------+
|         Event         | Counter | Core 0 |
+-----------------------+---------+--------+
|   INSTR_RETIRED_ANY   |  FIXC0  |  19071 |
| CPU_CLK_UNHALTED_CORE |  FIXC1  |  21060 |
|  CPU_CLK_UNHALTED_REF |  FIXC2  |  68256 |
|    L2_LINES_IN_ALL    |   PMC0  |    602 |
|     L2_TRANS_L2_WB    |   PMC1  |     96 |
+-----------------------+---------+--------+

+-------------------------------+--------------+
|             Metric            |    Core 0    |
+-------------------------------+--------------+
|      Runtime (RDTSC) [s]      | 1.512286e-05 |
|      Runtime unhalted [s]     | 8.125031e-06 |
|          Clock [MHz]          |     799.7438 |
|              CPI              |       1.1043 |
|  L3 load bandwidth [MBytes/s] |    2547.6662 |
|  L3 load data volume [GBytes] | 3.852800e-05 |
| L3 evict bandwidth [MBytes/s] |     406.2724 |
| L3 evict data volume [GBytes] | 6.144000e-06 |
|    L3 bandwidth [MBytes/s]    |    2953.9386 |
|    L3 data volume [GBytes]    | 4.467200e-05 |
+-------------------------------+--------------+

Region Generation, Group 1: L3
+-------------------+----------+
|    Region Info    |  Core 0  |
+-------------------+----------+
| RDTSC Runtime [s] | 0.578364 |
|     call count    |  3000000 |
+-------------------+----------+

+-----------------------+---------+-------------+
|         Event         | Counter |    Core 0   |
+-----------------------+---------+-------------+
|   INSTR_RETIRED_ANY   |  FIXC0  | 10821980000 |
| CPU_CLK_UNHALTED_CORE |  FIXC1  | 25797160000 |
|  CPU_CLK_UNHALTED_REF |  FIXC2  | 24618090000 |
|    L2_LINES_IN_ALL    |   PMC0  |   326625200 |
|     L2_TRANS_L2_WB    |   PMC1  |    75609240 |
+-----------------------+---------+-------------+

+-------------------------------+------------+
|             Metric            |   Core 0   |
+-------------------------------+------------+
|      Runtime (RDTSC) [s]      |     0.5784 |
|      Runtime unhalted [s]     |     9.9526 |
|          Clock [MHz]          |  2716.1322 |
|              CPI              |     2.3838 |
|  L3 load bandwidth [MBytes/s] | 36143.3568 |
|  L3 load data volume [GBytes] |    20.9040 |
| L3 evict bandwidth [MBytes/s] |  8366.6898 |
| L3 evict data volume [GBytes] |     4.8390 |
|    L3 bandwidth [MBytes/s]    | 44510.0466 |
|    L3 data volume [GBytes]    |    25.7430 |
+-------------------------------+------------+

Region Core, Group 1: L3
+-------------------+----------+
|    Region Info    |  Core 0  |
+-------------------+----------+
| RDTSC Runtime [s] | 0.021902 |
|     call count    |        1 |
+-------------------+----------+

+-----------------------+---------+-----------+
|         Event         | Counter |   Core 0  |
+-----------------------+---------+-----------+
|   INSTR_RETIRED_ANY   |  FIXC0  | 136770600 |
| CPU_CLK_UNHALTED_CORE |  FIXC1  |  53795060 |
|  CPU_CLK_UNHALTED_REF |  FIXC2  |  55904900 |
|    L2_LINES_IN_ALL    |   PMC0  |     31530 |
|     L2_TRANS_L2_WB    |   PMC1  |     19386 |
+-----------------------+---------+-----------+

+-------------------------------+-----------+
|             Metric            |   Core 0  |
+-------------------------------+-----------+
|      Runtime (RDTSC) [s]      |    0.0219 |
|      Runtime unhalted [s]     |    0.0208 |
|          Clock [MHz]          | 2494.1690 |
|              CPI              |    0.3933 |
|  L3 load bandwidth [MBytes/s] |   92.1333 |
|  L3 load data volume [GBytes] |    0.0020 |
| L3 evict bandwidth [MBytes/s] |   56.6475 |
| L3 evict data volume [GBytes] |    0.0012 |
|    L3 bandwidth [MBytes/s]    |  148.7808 |
|    L3 data volume [GBytes]    |    0.0033 |
+-------------------------------+-----------+

--------------------------------------------------------------------------------
CPU name:	Intel(R) Core(TM) i7-6500U CPU @ 2.50GHz
CPU type:	Intel Skylake processor
CPU clock:	2.59 GHz
--------------------------------------------------------------------------------
Bloom Join
-----------------
65536 Buckets 1 Hash Functions
Initialization: 0 ms 
Bloom Filter Generation: 152703 ms 
Join Core: 22 ms 
445 linhas
152728 ms 

--------------------------------------------------------------------------------
Region Initialization, Group 1: L3
+-------------------+----------+
|    Region Info    |  Core 0  |
+-------------------+----------+
| RDTSC Runtime [s] | 0.000015 |
|     call count    |        1 |
+-------------------+----------+

+-----------------------+---------+--------+
|         Event         | Counter | Core 0 |
+-----------------------+---------+--------+
|   INSTR_RETIRED_ANY   |  FIXC0  |  19071 |
| CPU_CLK_UNHALTED_CORE |  FIXC1  |  20626 |
|  CPU_CLK_UNHALTED_REF |  FIXC2  |  67176 |
|    L2_LINES_IN_ALL    |   PMC0  |    607 |
|     L2_TRANS_L2_WB    |   PMC1  |     98 |
+-----------------------+---------+--------+

+-------------------------------+--------------+
|             Metric            |    Core 0    |
+-------------------------------+--------------+
|      Runtime (RDTSC) [s]      | 1.452713e-05 |
|      Runtime unhalted [s]     | 7.957585e-06 |
|          Clock [MHz]          |     795.8562 |
|              CPI              |       1.0815 |
|  L3 load bandwidth [MBytes/s] |    2674.1690 |
|  L3 load data volume [GBytes] | 3.884800e-05 |
| L3 evict bandwidth [MBytes/s] |     431.7439 |
| L3 evict data volume [GBytes] | 6.272000e-06 |
|    L3 bandwidth [MBytes/s]    |    3105.9129 |
|    L3 data volume [GBytes]    | 4.512000e-05 |
+-------------------------------+--------------+

Region Generation, Group 1: L3
+-------------------+----------+
|    Region Info    |  Core 0  |
+-------------------+----------+
| RDTSC Runtime [s] | 0.571065 |
|     call count    |  3000000 |
+-------------------+----------+

+-----------------------+---------+-------------+
|         Event         | Counter |    Core 0   |
+-----------------------+---------+-------------+
|   INSTR_RETIRED_ANY   |  FIXC0  | 10821980000 |
| CPU_CLK_UNHALTED_CORE |  FIXC1  | 25210330000 |
|  CPU_CLK_UNHALTED_REF |  FIXC2  | 25956370000 |
|    L2_LINES_IN_ALL    |   PMC0  |   401053200 |
|     L2_TRANS_L2_WB    |   PMC1  |    73963850 |
+-----------------------+---------+-------------+

+-------------------------------+------------+
|             Metric            |   Core 0   |
+-------------------------------+------------+
|      Runtime (RDTSC) [s]      |     0.5711 |
|      Runtime unhalted [s]     |     9.7262 |
|          Clock [MHz]          |  2517.4931 |
|              CPI              |     2.3295 |
|  L3 load bandwidth [MBytes/s] | 44946.5242 |
|  L3 load data volume [GBytes] |    25.6674 |
| L3 evict bandwidth [MBytes/s] |  8289.2194 |
| L3 evict data volume [GBytes] |     4.7337 |
|    L3 bandwidth [MBytes/s]    | 53235.7436 |
|    L3 data volume [GBytes]    |    30.4011 |
+-------------------------------+------------+

Region Core, Group 1: L3
+-------------------+----------+
|    Region Info    |  Core 0  |
+-------------------+----------+
| RDTSC Runtime [s] | 0.021958 |
|     call count    |        1 |
+-------------------+----------+

+-----------------------+---------+-----------+
|         Event         | Counter |   Core 0  |
+-----------------------+---------+-----------+
|   INSTR_RETIRED_ANY   |  FIXC0  | 136770600 |
| CPU_CLK_UNHALTED_CORE |  FIXC1  |  53976480 |
|  CPU_CLK_UNHALTED_REF |  FIXC2  |  56093360 |
|    L2_LINES_IN_ALL    |   PMC0  |     32430 |
|     L2_TRANS_L2_WB    |   PMC1  |     18231 |
+-----------------------+---------+-----------+

+-------------------------------+-----------+
|             Metric            |   Core 0  |
+-------------------------------+-----------+
|      Runtime (RDTSC) [s]      |    0.0220 |
|      Runtime unhalted [s]     |    0.0208 |
|          Clock [MHz]          | 2494.1744 |
|              CPI              |    0.3946 |
|  L3 load bandwidth [MBytes/s] |   94.5212 |
|  L3 load data volume [GBytes] |    0.0021 |
| L3 evict bandwidth [MBytes/s] |   53.1365 |
| L3 evict data volume [GBytes] |    0.0012 |
|    L3 bandwidth [MBytes/s]    |  147.6577 |
|    L3 data volume [GBytes]    |    0.0032 |
+-------------------------------+-----------+

--------------------------------------------------------------------------------
CPU name:	Intel(R) Core(TM) i7-6500U CPU @ 2.50GHz
CPU type:	Intel Skylake processor
CPU clock:	2.59 GHz
--------------------------------------------------------------------------------
Bloom Join
-----------------
65536 Buckets 1 Hash Functions
Initialization: 0 ms 
Bloom Filter Generation: 142429 ms 
Join Core: 23 ms 
445 linhas
142454 ms 

--------------------------------------------------------------------------------
Region Initialization, Group 1: L3
+-------------------+----------+
|    Region Info    |  Core 0  |
+-------------------+----------+
| RDTSC Runtime [s] | 0.000014 |
|     call count    |        1 |
+-------------------+----------+

+-----------------------+---------+--------+
|         Event         | Counter | Core 0 |
+-----------------------+---------+--------+
|   INSTR_RETIRED_ANY   |  FIXC0  |  19071 |
| CPU_CLK_UNHALTED_CORE |  FIXC1  |  19781 |
|  CPU_CLK_UNHALTED_REF |  FIXC2  |  64260 |
|    L2_LINES_IN_ALL    |   PMC0  |    595 |
|     L2_TRANS_L2_WB    |   PMC1  |    110 |
+-----------------------+---------+--------+

+-------------------------------+--------------+
|             Metric            |    Core 0    |
+-------------------------------+--------------+
|      Runtime (RDTSC) [s]      | 1.411944e-05 |
|      Runtime unhalted [s]     | 7.631882e-06 |
|          Clock [MHz]          |     797.8553 |
|              CPI              |       1.0372 |
|  L3 load bandwidth [MBytes/s] |    2696.9908 |
|  L3 load data volume [GBytes] | 3.808000e-05 |
| L3 evict bandwidth [MBytes/s] |     498.6033 |
| L3 evict data volume [GBytes] | 7.040000e-06 |
|    L3 bandwidth [MBytes/s]    |    3195.5942 |
|    L3 data volume [GBytes]    | 4.512000e-05 |
+-------------------------------+--------------+

Region Generation, Group 1: L3
+-------------------+----------+
|    Region Info    |  Core 0  |
+-------------------+----------+
| RDTSC Runtime [s] | 0.483186 |
|     call count    |  3000000 |
+-------------------+----------+

+-----------------------+---------+-------------+
|         Event         | Counter |    Core 0   |
+-----------------------+---------+-------------+
|   INSTR_RETIRED_ANY   |  FIXC0  | 10821980000 |
| CPU_CLK_UNHALTED_CORE |  FIXC1  | 25637920000 |
|  CPU_CLK_UNHALTED_REF |  FIXC2  | 24286310000 |
|    L2_LINES_IN_ALL    |   PMC0  |   368453800 |
|     L2_TRANS_L2_WB    |   PMC1  |    72592200 |
+-----------------------+---------+-------------+

+-------------------------------+------------+
|             Metric            |   Core 0   |
+-------------------------------+------------+
|      Runtime (RDTSC) [s]      |     0.4832 |
|      Runtime unhalted [s]     |     9.8916 |
|          Clock [MHz]          |  2736.1372 |
|              CPI              |     2.3691 |
|  L3 load bandwidth [MBytes/s] | 48803.2014 |
|  L3 load data volume [GBytes] |    23.5810 |
| L3 evict bandwidth [MBytes/s] |  9615.1316 |
| L3 evict data volume [GBytes] |     4.6459 |
|    L3 bandwidth [MBytes/s]    | 58418.3330 |
|    L3 data volume [GBytes]    |    28.2269 |
+-------------------------------+------------+

Region Core, Group 1: L3
+-------------------+----------+
|    Region Info    |  Core 0  |
+-------------------+----------+
| RDTSC Runtime [s] | 0.022925 |
|     call count    |        1 |
+-------------------+----------+

+-----------------------+---------+-----------+
|         Event         | Counter |   Core 0  |
+-----------------------+---------+-----------+
|   INSTR_RETIRED_ANY   |  FIXC0  | 136770600 |
| CPU_CLK_UNHALTED_CORE |  FIXC1  |  56248270 |
|  CPU_CLK_UNHALTED_REF |  FIXC2  |  58454240 |
|    L2_LINES_IN_ALL    |   PMC0  |     37229 |
|     L2_TRANS_L2_WB    |   PMC1  |     16155 |
+-----------------------+---------+-----------+

+-------------------------------+-----------+
|             Metric            |   Core 0  |
+-------------------------------+-----------+
|      Runtime (RDTSC) [s]      |    0.0229 |
|      Runtime unhalted [s]     |    0.0217 |
|          Clock [MHz]          | 2494.0765 |
|              CPI              |    0.4113 |
|  L3 load bandwidth [MBytes/s] |  103.9340 |
|  L3 load data volume [GBytes] |    0.0024 |
| L3 evict bandwidth [MBytes/s] |   45.1007 |
| L3 evict data volume [GBytes] |    0.0010 |
|    L3 bandwidth [MBytes/s]    |  149.0346 |
|    L3 data volume [GBytes]    |    0.0034 |
+-------------------------------+-----------+

--------------------------------------------------------------------------------
CPU name:	Intel(R) Core(TM) i7-6500U CPU @ 2.50GHz
CPU type:	Intel Skylake processor
CPU clock:	2.59 GHz
--------------------------------------------------------------------------------
Bloom Join
-----------------
65536 Buckets 1 Hash Functions
Initialization: 0 ms 
Bloom Filter Generation: 154279 ms 
Join Core: 22 ms 
445 linhas
154303 ms 

--------------------------------------------------------------------------------
Region Initialization, Group 1: L3
+-------------------+----------+
|    Region Info    |  Core 0  |
+-------------------+----------+
| RDTSC Runtime [s] | 0.000014 |
|     call count    |        1 |
+-------------------+----------+

+-----------------------+---------+--------+
|         Event         | Counter | Core 0 |
+-----------------------+---------+--------+
|   INSTR_RETIRED_ANY   |  FIXC0  |  19071 |
| CPU_CLK_UNHALTED_CORE |  FIXC1  |  20644 |
|  CPU_CLK_UNHALTED_REF |  FIXC2  |  66852 |
|    L2_LINES_IN_ALL    |   PMC0  |    603 |
|     L2_TRANS_L2_WB    |   PMC1  |     74 |
+-----------------------+---------+--------+

+-------------------------------+--------------+
|             Metric            |    Core 0    |
+-------------------------------+--------------+
|      Runtime (RDTSC) [s]      | 1.413749e-05 |
|      Runtime unhalted [s]     | 7.966990e-06 |
|          Clock [MHz]          |     800.1640 |
|              CPI              |       1.0825 |
|  L3 load bandwidth [MBytes/s] |    2729.7632 |
|  L3 load data volume [GBytes] | 3.859200e-05 |
| L3 evict bandwidth [MBytes/s] |     334.9958 |
| L3 evict data volume [GBytes] | 4.736000e-06 |
|    L3 bandwidth [MBytes/s]    |    3064.7590 |
|    L3 data volume [GBytes]    | 4.332800e-05 |
+-------------------------------+--------------+

Region Generation, Group 1: L3
+-------------------+----------+
|    Region Info    |  Core 0  |
+-------------------+----------+
| RDTSC Runtime [s] | 0.525690 |
|     call count    |  3000000 |
+-------------------+----------+

+-----------------------+---------+-------------+
|         Event         | Counter |    Core 0   |
+-----------------------+---------+-------------+
|   INSTR_RETIRED_ANY   |  FIXC0  | 10821980000 |
| CPU_CLK_UNHALTED_CORE |  FIXC1  | 25916850000 |
|  CPU_CLK_UNHALTED_REF |  FIXC2  | 26935230000 |
|    L2_LINES_IN_ALL    |   PMC0  |   379456300 |
|     L2_TRANS_L2_WB    |   PMC1  |    68370120 |
+-----------------------+---------+-------------+

+-------------------------------+------------+
|             Metric            |   Core 0   |
+-------------------------------+------------+
|      Runtime (RDTSC) [s]      |     0.5257 |
|      Runtime unhalted [s]     |    10.0019 |
|          Clock [MHz]          |  2493.2228 |
|              CPI              |     2.3948 |
|  L3 load bandwidth [MBytes/s] | 46196.7702 |
|  L3 load data volume [GBytes] |    24.2852 |
| L3 evict bandwidth [MBytes/s] |  8323.6956 |
| L3 evict data volume [GBytes] |     4.3757 |
|    L3 bandwidth [MBytes/s]    | 54520.4657 |
|    L3 data volume [GBytes]    |    28.6609 |
+-------------------------------+------------+

Region Core, Group 1: L3
+-------------------+----------+
|    Region Info    |  Core 0  |
+-------------------+----------+
| RDTSC Runtime [s] | 0.021930 |
|     call count    |        1 |
+-------------------+----------+

+-----------------------+---------+-----------+
|         Event         | Counter |   Core 0  |
+-----------------------+---------+-----------+
|   INSTR_RETIRED_ANY   |  FIXC0  | 136770600 |
| CPU_CLK_UNHALTED_CORE |  FIXC1  |  53854400 |
|  CPU_CLK_UNHALTED_REF |  FIXC2  |  55966030 |
|    L2_LINES_IN_ALL    |   PMC0  |     31823 |
|     L2_TRANS_L2_WB    |   PMC1  |     20566 |
+-----------------------+---------+-----------+

+-------------------------------+-----------+
|             Metric            |   Core 0  |
+-------------------------------+-----------+
|      Runtime (RDTSC) [s]      |    0.0219 |
|      Runtime unhalted [s]     |    0.0208 |
|          Clock [MHz]          | 2493.4247 |
|              CPI              |    0.3938 |
|  L3 load bandwidth [MBytes/s] |   92.8716 |
|  L3 load data volume [GBytes] |    0.0020 |
| L3 evict bandwidth [MBytes/s] |   60.0194 |
| L3 evict data volume [GBytes] |    0.0013 |
|    L3 bandwidth [MBytes/s]    |  152.8910 |
|    L3 data volume [GBytes]    |    0.0034 |
+-------------------------------+-----------+

--------------------------------------------------------------------------------
CPU name:	Intel(R) Core(TM) i7-6500U CPU @ 2.50GHz
CPU type:	Intel Skylake processor
CPU clock:	2.59 GHz
--------------------------------------------------------------------------------
Bloom Join
-----------------
65536 Buckets 1 Hash Functions
Initialization: 0 ms 
Bloom Filter Generation: 171312 ms 
Join Core: 22 ms 
445 linhas
171337 ms 

--------------------------------------------------------------------------------
Region Initialization, Group 1: TLB_DATA
+-------------------+----------+
|    Region Info    |  Core 0  |
+-------------------+----------+
| RDTSC Runtime [s] | 0.000016 |
|     call count    |        1 |
+-------------------+----------+

+---------------------------------+---------+--------+
|              Event              | Counter | Core 0 |
+---------------------------------+---------+--------+
|        INSTR_RETIRED_ANY        |  FIXC0  |  19257 |
|      CPU_CLK_UNHALTED_CORE      |  FIXC1  |  21731 |
|       CPU_CLK_UNHALTED_REF      |  FIXC2  |  70632 |
|  DTLB_LOAD_MISSES_CAUSES_A_WALK |   PMC0  |     70 |
| DTLB_STORE_MISSES_CAUSES_A_WALK |   PMC1  |     10 |
|   DTLB_LOAD_MISSES_WALK_ACTIVE  |   PMC2  |   2068 |
|  DTLB_STORE_MISSES_WALK_ACTIVE  |   PMC3  |    271 |
+---------------------------------+---------+--------+

+-----------------------------------+--------------+
|               Metric              |    Core 0    |
+-----------------------------------+--------------+
|        Runtime (RDTSC) [s]        | 1.599913e-05 |
|        Runtime unhalted [s]       | 8.383934e-06 |
|            Clock [MHz]            |     797.4621 |
|                CPI                |       1.1285 |
|        L1 DTLB load misses        |           70 |
|       L1 DTLB load miss rate      |       0.0036 |
|  L1 DTLB load miss duration [Cyc] |      29.5429 |
|        L1 DTLB store misses       |           10 |
|      L1 DTLB store miss rate      |       0.0005 |
| L1 DTLB store miss duration [Cyc] |      27.1000 |
+-----------------------------------+--------------+

Region Generation, Group 1: TLB_DATA
+-------------------+----------+
|    Region Info    |  Core 0  |
+-------------------+----------+
| RDTSC Runtime [s] | 0.451178 |
|     call count    |  3000000 |
+-------------------+----------+

+---------------------------------+---------+-------------+
|              Event              | Counter |    Core 0   |
+---------------------------------+---------+-------------+
|        INSTR_RETIRED_ANY        |  FIXC0  | 11379980000 |
|      CPU_CLK_UNHALTED_CORE      |  FIXC1  | 26160130000 |
|       CPU_CLK_UNHALTED_REF      |  FIXC2  | 24006570000 |
|  DTLB_LOAD_MISSES_CAUSES_A_WALK |   PMC0  |   175267600 |
| DTLB_STORE_MISSES_CAUSES_A_WALK |   PMC1  |    19271740 |
|   DTLB_LOAD_MISSES_WALK_ACTIVE  |   PMC2  |  4840635000 |
|  DTLB_STORE_MISSES_WALK_ACTIVE  |   PMC3  |   514846300 |
+---------------------------------+---------+-------------+

+-----------------------------------+-----------+
|               Metric              |   Core 0  |
+-----------------------------------+-----------+
|        Runtime (RDTSC) [s]        |    0.4512 |
|        Runtime unhalted [s]       |   10.0927 |
|            Clock [MHz]            | 2824.5004 |
|                CPI                |    2.2988 |
|        L1 DTLB load misses        | 175267600 |
|       L1 DTLB load miss rate      |    0.0154 |
|  L1 DTLB load miss duration [Cyc] |   27.6185 |
|        L1 DTLB store misses       |  19271740 |
|      L1 DTLB store miss rate      |    0.0017 |
| L1 DTLB store miss duration [Cyc] |   26.7151 |
+-----------------------------------+-----------+

Region Core, Group 1: TLB_DATA
+-------------------+----------+
|    Region Info    |  Core 0  |
+-------------------+----------+
| RDTSC Runtime [s] | 0.021828 |
|     call count    |        1 |
+-------------------+----------+

+---------------------------------+---------+-----------+
|              Event              | Counter |   Core 0  |
+---------------------------------+---------+-----------+
|        INSTR_RETIRED_ANY        |  FIXC0  | 136770700 |
|      CPU_CLK_UNHALTED_CORE      |  FIXC1  |  53899030 |
|       CPU_CLK_UNHALTED_REF      |  FIXC2  |  56012580 |
|  DTLB_LOAD_MISSES_CAUSES_A_WALK |   PMC0  |        99 |
| DTLB_STORE_MISSES_CAUSES_A_WALK |   PMC1  |        10 |
|   DTLB_LOAD_MISSES_WALK_ACTIVE  |   PMC2  |      4240 |
|  DTLB_STORE_MISSES_WALK_ACTIVE  |   PMC3  |       438 |
+---------------------------------+---------+-----------+

+-----------------------------------+--------------+
|               Metric              |    Core 0    |
+-----------------------------------+--------------+
|        Runtime (RDTSC) [s]        |       0.0218 |
|        Runtime unhalted [s]       |       0.0208 |
|            Clock [MHz]            |    2494.1767 |
|                CPI                |       0.3941 |
|        L1 DTLB load misses        |           99 |
|       L1 DTLB load miss rate      | 7.238392e-07 |
|  L1 DTLB load miss duration [Cyc] |      42.8283 |
|        L1 DTLB store misses       |           10 |
|      L1 DTLB store miss rate      | 7.311508e-08 |
| L1 DTLB store miss duration [Cyc] |      43.8000 |
+-----------------------------------+--------------+

