--------------------------------------------------------------------------------
CPU name:	Intel(R) Core(TM) i7-6500U CPU @ 2.50GHz
CPU type:	Intel Skylake processor
CPU clock:	2.59 GHz
--------------------------------------------------------------------------------
Bloom Join
-----------------
65536 Buckets 4 Hash Functions
Initialization: 0 ms 
Bloom Filter Generation: 414946 ms 
Join Core: 38 ms 
0 linhas
414986 ms 

--------------------------------------------------------------------------------
Region Initialization, Group 1: L2
+-------------------+----------+
|    Region Info    |  Core 0  |
+-------------------+----------+
| RDTSC Runtime [s] | 0.000017 |
|     call count    |        1 |
+-------------------+----------+

+-----------------------+---------+--------+
|         Event         | Counter | Core 0 |
+-----------------------+---------+--------+
|   INSTR_RETIRED_ANY   |  FIXC0  |  19164 |
| CPU_CLK_UNHALTED_CORE |  FIXC1  |  23257 |
|  CPU_CLK_UNHALTED_REF |  FIXC2  |  75600 |
|    L1D_REPLACEMENT    |   PMC0  |    360 |
|      L1D_M_EVICT      |   PMC1  |    122 |
| ICACHE_64B_IFTAG_MISS |   PMC2  |    621 |
+-----------------------+---------+--------+

+--------------------------------+--------------+
|             Metric             |    Core 0    |
+--------------------------------+--------------+
|       Runtime (RDTSC) [s]      | 1.695739e-05 |
|      Runtime unhalted [s]      | 8.974515e-06 |
|           Clock [MHz]          |     797.2134 |
|               CPI              |       1.2136 |
|  L2D load bandwidth [MBytes/s] |    1358.6997 |
|  L2D load data volume [GBytes] | 2.304000e-05 |
| L2D evict bandwidth [MBytes/s] |     460.4482 |
| L2D evict data volume [GBytes] | 7.808000e-06 |
|     L2 bandwidth [MBytes/s]    |    4162.9048 |
|     L2 data volume [GBytes]    |       0.0001 |
+--------------------------------+--------------+

Region Generation, Group 1: L2
+-------------------+----------+
|    Region Info    |  Core 0  |
+-------------------+----------+
| RDTSC Runtime [s] | 1.204293 |
|     call count    |  7500000 |
+-------------------+----------+

+-----------------------+---------+-------------+
|         Event         | Counter |    Core 0   |
+-----------------------+---------+-------------+
|   INSTR_RETIRED_ANY   |  FIXC0  | 28068350000 |
| CPU_CLK_UNHALTED_CORE |  FIXC1  | 64417680000 |
|  CPU_CLK_UNHALTED_REF |  FIXC2  | 66947200000 |
|    L1D_REPLACEMENT    |   PMC0  |  1389761000 |
|      L1D_M_EVICT      |   PMC1  |   376085800 |
| ICACHE_64B_IFTAG_MISS |   PMC2  |  2703290000 |
+-----------------------+---------+-------------+

+--------------------------------+-------------+
|             Metric             |    Core 0   |
+--------------------------------+-------------+
|       Runtime (RDTSC) [s]      |      1.2043 |
|      Runtime unhalted [s]      |     24.8578 |
|           Clock [MHz]          |   2493.5345 |
|               CPI              |      2.2950 |
|  L2D load bandwidth [MBytes/s] |  73856.3655 |
|  L2D load data volume [GBytes] |     88.9447 |
| L2D evict bandwidth [MBytes/s] |  19986.4080 |
| L2D evict data volume [GBytes] |     24.0695 |
|     L2 bandwidth [MBytes/s]    | 237504.2911 |
|     L2 data volume [GBytes]    |    286.0248 |
+--------------------------------+-------------+

Region Core, Group 1: L2
+-------------------+----------+
|    Region Info    |  Core 0  |
+-------------------+----------+
| RDTSC Runtime [s] | 0.038430 |
|     call count    |        1 |
+-------------------+----------+

+-----------------------+---------+-----------+
|         Event         | Counter |   Core 0  |
+-----------------------+---------+-----------+
|   INSTR_RETIRED_ANY   |  FIXC0  | 224883900 |
| CPU_CLK_UNHALTED_CORE |  FIXC1  |  95093020 |
|  CPU_CLK_UNHALTED_REF |  FIXC2  |  98822160 |
|    L1D_REPLACEMENT    |   PMC0  |     30627 |
|      L1D_M_EVICT      |   PMC1  |      1355 |
| ICACHE_64B_IFTAG_MISS |   PMC2  |      1669 |
+-----------------------+---------+-----------+

+--------------------------------+-----------+
|             Metric             |   Core 0  |
+--------------------------------+-----------+
|       Runtime (RDTSC) [s]      |    0.0384 |
|      Runtime unhalted [s]      |    0.0367 |
|           Clock [MHz]          | 2493.6587 |
|               CPI              |    0.4229 |
|  L2D load bandwidth [MBytes/s] |   51.0047 |
|  L2D load data volume [GBytes] |    0.0020 |
| L2D evict bandwidth [MBytes/s] |    2.2566 |
| L2D evict data volume [GBytes] |    0.0001 |
|     L2 bandwidth [MBytes/s]    |   56.0408 |
|     L2 data volume [GBytes]    |    0.0022 |
+--------------------------------+-----------+

--------------------------------------------------------------------------------
CPU name:	Intel(R) Core(TM) i7-6500U CPU @ 2.50GHz
CPU type:	Intel Skylake processor
CPU clock:	2.59 GHz
--------------------------------------------------------------------------------
Bloom Join
-----------------
65536 Buckets 4 Hash Functions
Initialization: 0 ms 
Bloom Filter Generation: 419799 ms 
Join Core: 39 ms 
0 linhas
419839 ms 

--------------------------------------------------------------------------------
Region Initialization, Group 1: L2
+-------------------+----------+
|    Region Info    |  Core 0  |
+-------------------+----------+
| RDTSC Runtime [s] | 0.000005 |
|     call count    |        1 |
+-------------------+----------+

+-----------------------+---------+--------+
|         Event         | Counter | Core 0 |
+-----------------------+---------+--------+
|   INSTR_RETIRED_ANY   |  FIXC0  |  19164 |
| CPU_CLK_UNHALTED_CORE |  FIXC1  |  21422 |
|  CPU_CLK_UNHALTED_REF |  FIXC2  |  22032 |
|    L1D_REPLACEMENT    |   PMC0  |    363 |
|      L1D_M_EVICT      |   PMC1  |    133 |
| ICACHE_64B_IFTAG_MISS |   PMC2  |    631 |
+-----------------------+---------+--------+

+--------------------------------+--------------+
|             Metric             |    Core 0    |
+--------------------------------+--------------+
|       Runtime (RDTSC) [s]      | 4.693188e-06 |
|      Runtime unhalted [s]      | 8.264698e-06 |
|           Clock [MHz]          |    2520.2240 |
|               CPI              |       1.1178 |
|  L2D load bandwidth [MBytes/s] |    4950.1533 |
|  L2D load data volume [GBytes] | 2.323200e-05 |
| L2D evict bandwidth [MBytes/s] |    1813.6925 |
| L2D evict data volume [GBytes] | 8.512000e-06 |
|     L2 bandwidth [MBytes/s]    |   15368.6577 |
|     L2 data volume [GBytes]    |       0.0001 |
+--------------------------------+--------------+

Region Generation, Group 1: L2
+-------------------+----------+
|    Region Info    |  Core 0  |
+-------------------+----------+
| RDTSC Runtime [s] | 1.356495 |
|     call count    |  7500000 |
+-------------------+----------+

+-----------------------+---------+-------------+
|         Event         | Counter |    Core 0   |
+-----------------------+---------+-------------+
|   INSTR_RETIRED_ANY   |  FIXC0  | 28068350000 |
| CPU_CLK_UNHALTED_CORE |  FIXC1  | 63752510000 |
|  CPU_CLK_UNHALTED_REF |  FIXC2  | 66253900000 |
|    L1D_REPLACEMENT    |   PMC0  |  1489956000 |
|      L1D_M_EVICT      |   PMC1  |   413834900 |
| ICACHE_64B_IFTAG_MISS |   PMC2  |  2671567000 |
+-----------------------+---------+-------------+

+--------------------------------+-------------+
|             Metric             |    Core 0   |
+--------------------------------+-------------+
|       Runtime (RDTSC) [s]      |      1.3565 |
|      Runtime unhalted [s]      |     24.5960 |
|           Clock [MHz]          |   2494.1289 |
|               CPI              |      2.2713 |
|  L2D load bandwidth [MBytes/s] |  70296.7457 |
|  L2D load data volume [GBytes] |     95.3572 |
| L2D evict bandwidth [MBytes/s] |  19524.9032 |
| L2D evict data volume [GBytes] |     26.4854 |
|     L2 bandwidth [MBytes/s]    | 215867.2945 |
|     L2 data volume [GBytes]    |    292.8229 |
+--------------------------------+-------------+

Region Core, Group 1: L2
+-------------------+----------+
|    Region Info    |  Core 0  |
+-------------------+----------+
| RDTSC Runtime [s] | 0.038499 |
|     call count    |        1 |
+-------------------+----------+

+-----------------------+---------+-----------+
|         Event         | Counter |   Core 0  |
+-----------------------+---------+-----------+
|   INSTR_RETIRED_ANY   |  FIXC0  | 224883900 |
| CPU_CLK_UNHALTED_CORE |  FIXC1  |  95173950 |
|  CPU_CLK_UNHALTED_REF |  FIXC2  |  98906510 |
|    L1D_REPLACEMENT    |   PMC0  |     30890 |
|      L1D_M_EVICT      |   PMC1  |      1455 |
| ICACHE_64B_IFTAG_MISS |   PMC2  |      1955 |
+-----------------------+---------+-----------+

+--------------------------------+-----------+
|             Metric             |   Core 0  |
+--------------------------------+-----------+
|       Runtime (RDTSC) [s]      |    0.0385 |
|      Runtime unhalted [s]      |    0.0367 |
|           Clock [MHz]          | 2494.1712 |
|               CPI              |    0.4232 |
|  L2D load bandwidth [MBytes/s] |   51.3510 |
|  L2D load data volume [GBytes] |    0.0020 |
| L2D evict bandwidth [MBytes/s] |    2.4188 |
| L2D evict data volume [GBytes] |    0.0001 |
|     L2 bandwidth [MBytes/s]    |   57.0198 |
|     L2 data volume [GBytes]    |    0.0022 |
+--------------------------------+-----------+

--------------------------------------------------------------------------------
CPU name:	Intel(R) Core(TM) i7-6500U CPU @ 2.50GHz
CPU type:	Intel Skylake processor
CPU clock:	2.59 GHz
--------------------------------------------------------------------------------
Bloom Join
-----------------
65536 Buckets 4 Hash Functions
Initialization: 0 ms 
Bloom Filter Generation: 421906 ms 
Join Core: 38 ms 
0 linhas
421946 ms 

--------------------------------------------------------------------------------
Region Initialization, Group 1: L2
+-------------------+----------+
|    Region Info    |  Core 0  |
+-------------------+----------+
| RDTSC Runtime [s] | 0.000006 |
|     call count    |        1 |
+-------------------+----------+

+-----------------------+---------+--------+
|         Event         | Counter | Core 0 |
+-----------------------+---------+--------+
|   INSTR_RETIRED_ANY   |  FIXC0  |  19164 |
| CPU_CLK_UNHALTED_CORE |  FIXC1  |  22584 |
|  CPU_CLK_UNHALTED_REF |  FIXC2  |  26892 |
|    L1D_REPLACEMENT    |   PMC0  |    339 |
|      L1D_M_EVICT      |   PMC1  |    132 |
| ICACHE_64B_IFTAG_MISS |   PMC2  |    554 |
+-----------------------+---------+--------+

+--------------------------------+--------------+
|             Metric             |    Core 0    |
+--------------------------------+--------------+
|       Runtime (RDTSC) [s]      | 5.782291e-06 |
|      Runtime unhalted [s]      | 8.712985e-06 |
|           Clock [MHz]          |    2176.7656 |
|               CPI              |       1.1785 |
|  L2D load bandwidth [MBytes/s] |    3752.1460 |
|  L2D load data volume [GBytes] | 2.169600e-05 |
| L2D evict bandwidth [MBytes/s] |    1461.0126 |
| L2D evict data volume [GBytes] | 8.448000e-06 |
|     L2 bandwidth [MBytes/s]    |   11344.9842 |
|     L2 data volume [GBytes]    |       0.0001 |
+--------------------------------+--------------+

Region Generation, Group 1: L2
+-------------------+----------+
|    Region Info    |  Core 0  |
+-------------------+----------+
| RDTSC Runtime [s] | 1.295799 |
|     call count    |  7500000 |
+-------------------+----------+

+-----------------------+---------+-------------+
|         Event         | Counter |    Core 0   |
+-----------------------+---------+-------------+
|   INSTR_RETIRED_ANY   |  FIXC0  | 28068350000 |
| CPU_CLK_UNHALTED_CORE |  FIXC1  | 64853120000 |
|  CPU_CLK_UNHALTED_REF |  FIXC2  | 67397880000 |
|    L1D_REPLACEMENT    |   PMC0  |  1480084000 |
|      L1D_M_EVICT      |   PMC1  |   501728500 |
| ICACHE_64B_IFTAG_MISS |   PMC2  |  3077230000 |
+-----------------------+---------+-------------+

+--------------------------------+-------------+
|             Metric             |    Core 0   |
+--------------------------------+-------------+
|       Runtime (RDTSC) [s]      |      1.2958 |
|      Runtime unhalted [s]      |     25.0206 |
|           Clock [MHz]          |   2494.1268 |
|               CPI              |      2.3105 |
|  L2D load bandwidth [MBytes/s] |  73101.9055 |
|  L2D load data volume [GBytes] |     94.7254 |
| L2D evict bandwidth [MBytes/s] |  24780.5593 |
| L2D evict data volume [GBytes] |     32.1106 |
|     L2 bandwidth [MBytes/s]    | 249868.0119 |
|     L2 data volume [GBytes]    |    323.7787 |
+--------------------------------+-------------+

Region Core, Group 1: L2
+-------------------+----------+
|    Region Info    |  Core 0  |
+-------------------+----------+
| RDTSC Runtime [s] | 0.038394 |
|     call count    |        1 |
+-------------------+----------+

+-----------------------+---------+-----------+
|         Event         | Counter |   Core 0  |
+-----------------------+---------+-----------+
|   INSTR_RETIRED_ANY   |  FIXC0  | 224883900 |
| CPU_CLK_UNHALTED_CORE |  FIXC1  |  95167150 |
|  CPU_CLK_UNHALTED_REF |  FIXC2  |  98899160 |
|    L1D_REPLACEMENT    |   PMC0  |     30911 |
|      L1D_M_EVICT      |   PMC1  |      1256 |
| ICACHE_64B_IFTAG_MISS |   PMC2  |      1534 |
+-----------------------+---------+-----------+

+--------------------------------+-----------+
|             Metric             |   Core 0  |
+--------------------------------+-----------+
|       Runtime (RDTSC) [s]      |    0.0384 |
|      Runtime unhalted [s]      |    0.0367 |
|           Clock [MHz]          | 2494.1832 |
|               CPI              |    0.4232 |
|  L2D load bandwidth [MBytes/s] |   51.5269 |
|  L2D load data volume [GBytes] |    0.0020 |
| L2D evict bandwidth [MBytes/s] |    2.0937 |
| L2D evict data volume [GBytes] |    0.0001 |
|     L2 bandwidth [MBytes/s]    |   56.1777 |
|     L2 data volume [GBytes]    |    0.0022 |
+--------------------------------+-----------+

--------------------------------------------------------------------------------
CPU name:	Intel(R) Core(TM) i7-6500U CPU @ 2.50GHz
CPU type:	Intel Skylake processor
CPU clock:	2.59 GHz
--------------------------------------------------------------------------------
Bloom Join
-----------------
65536 Buckets 4 Hash Functions
Initialization: 0 ms 
Bloom Filter Generation: 423087 ms 
Join Core: 38 ms 
0 linhas
423128 ms 

--------------------------------------------------------------------------------
Region Initialization, Group 1: L2
+-------------------+----------+
|    Region Info    |  Core 0  |
+-------------------+----------+
| RDTSC Runtime [s] | 0.000016 |
|     call count    |        1 |
+-------------------+----------+

+-----------------------+---------+--------+
|         Event         | Counter | Core 0 |
+-----------------------+---------+--------+
|   INSTR_RETIRED_ANY   |  FIXC0  |  19164 |
| CPU_CLK_UNHALTED_CORE |  FIXC1  |  22176 |
|  CPU_CLK_UNHALTED_REF |  FIXC2  |  71820 |
|    L1D_REPLACEMENT    |   PMC0  |    373 |
|      L1D_M_EVICT      |   PMC1  |    144 |
| ICACHE_64B_IFTAG_MISS |   PMC2  |    640 |
+-----------------------+---------+--------+

+--------------------------------+--------------+
|             Metric             |    Core 0    |
+--------------------------------+--------------+
|       Runtime (RDTSC) [s]      | 1.640336e-05 |
|      Runtime unhalted [s]      | 8.555665e-06 |
|           Clock [MHz]          |     800.3266 |
|               CPI              |       1.1572 |
|  L2D load bandwidth [MBytes/s] |    1455.3116 |
|  L2D load data volume [GBytes] | 2.387200e-05 |
| L2D evict bandwidth [MBytes/s] |     561.8361 |
| L2D evict data volume [GBytes] | 9.216000e-06 |
|     L2 bandwidth [MBytes/s]    |    4514.1971 |
|     L2 data volume [GBytes]    |       0.0001 |
+--------------------------------+--------------+

Region Generation, Group 1: L2
+-------------------+----------+
|    Region Info    |  Core 0  |
+-------------------+----------+
| RDTSC Runtime [s] | 1.271841 |
|     call count    |  7500000 |
+-------------------+----------+

+-----------------------+---------+-------------+
|         Event         | Counter |    Core 0   |
+-----------------------+---------+-------------+
|   INSTR_RETIRED_ANY   |  FIXC0  | 28068350000 |
| CPU_CLK_UNHALTED_CORE |  FIXC1  | 61885390000 |
|  CPU_CLK_UNHALTED_REF |  FIXC2  | 64314860000 |
|    L1D_REPLACEMENT    |   PMC0  |  1458982000 |
|      L1D_M_EVICT      |   PMC1  |   464922600 |
| ICACHE_64B_IFTAG_MISS |   PMC2  |  2776590000 |
+-----------------------+---------+-------------+

+--------------------------------+-------------+
|             Metric             |    Core 0   |
+--------------------------------+-------------+
|       Runtime (RDTSC) [s]      |      1.2718 |
|      Runtime unhalted [s]      |     23.8758 |
|           Clock [MHz]          |   2494.0563 |
|               CPI              |      2.2048 |
|  L2D load bandwidth [MBytes/s] |  73417.0765 |
|  L2D load data volume [GBytes] |     93.3748 |
| L2D evict bandwidth [MBytes/s] |  23395.2565 |
| L2D evict data volume [GBytes] |     29.7550 |
|     L2 bandwidth [MBytes/s]    | 236532.4395 |
|     L2 data volume [GBytes]    |    300.8317 |
+--------------------------------+-------------+

Region Core, Group 1: L2
+-------------------+----------+
|    Region Info    |  Core 0  |
+-------------------+----------+
| RDTSC Runtime [s] | 0.038388 |
|     call count    |        1 |
+-------------------+----------+

+-----------------------+---------+-----------+
|         Event         | Counter |   Core 0  |
+-----------------------+---------+-----------+
|   INSTR_RETIRED_ANY   |  FIXC0  | 224883900 |
| CPU_CLK_UNHALTED_CORE |  FIXC1  |  95244910 |
|  CPU_CLK_UNHALTED_REF |  FIXC2  |  98980060 |
|    L1D_REPLACEMENT    |   PMC0  |     31713 |
|      L1D_M_EVICT      |   PMC1  |      1610 |
| ICACHE_64B_IFTAG_MISS |   PMC2  |      2008 |
+-----------------------+---------+-----------+

+--------------------------------+-----------+
|             Metric             |   Core 0  |
+--------------------------------+-----------+
|       Runtime (RDTSC) [s]      |    0.0384 |
|      Runtime unhalted [s]      |    0.0367 |
|           Clock [MHz]          | 2494.1554 |
|               CPI              |    0.4235 |
|  L2D load bandwidth [MBytes/s] |   52.8713 |
|  L2D load data volume [GBytes] |    0.0020 |
| L2D evict bandwidth [MBytes/s] |    2.6842 |
| L2D evict data volume [GBytes] |    0.0001 |
|     L2 bandwidth [MBytes/s]    |   58.9032 |
|     L2 data volume [GBytes]    |    0.0023 |
+--------------------------------+-----------+

--------------------------------------------------------------------------------
CPU name:	Intel(R) Core(TM) i7-6500U CPU @ 2.50GHz
CPU type:	Intel Skylake processor
CPU clock:	2.59 GHz
--------------------------------------------------------------------------------
Bloom Join
-----------------
65536 Buckets 4 Hash Functions
Initialization: 0 ms 
Bloom Filter Generation: 388406 ms 
Join Core: 38 ms 
0 linhas
388445 ms 

--------------------------------------------------------------------------------
Region Initialization, Group 1: L2
+-------------------+----------+
|    Region Info    |  Core 0  |
+-------------------+----------+
| RDTSC Runtime [s] | 0.000004 |
|     call count    |        1 |
+-------------------+----------+

+-----------------------+---------+--------+
|         Event         | Counter | Core 0 |
+-----------------------+---------+--------+
|   INSTR_RETIRED_ANY   |  FIXC0  |  19164 |
| CPU_CLK_UNHALTED_CORE |  FIXC1  |  22952 |
|  CPU_CLK_UNHALTED_REF |  FIXC2  |  21816 |
|    L1D_REPLACEMENT    |   PMC0  |    368 |
|      L1D_M_EVICT      |   PMC1  |    133 |
| ICACHE_64B_IFTAG_MISS |   PMC2  |    730 |
+-----------------------+---------+--------+

+--------------------------------+--------------+
|             Metric             |    Core 0    |
+--------------------------------+--------------+
|       Runtime (RDTSC) [s]      | 4.486897e-06 |
|      Runtime unhalted [s]      | 8.854964e-06 |
|           Clock [MHz]          |    2726.9623 |
|               CPI              |       1.1977 |
|  L2D load bandwidth [MBytes/s] |    5249.0619 |
|  L2D load data volume [GBytes] | 2.355200e-05 |
| L2D evict bandwidth [MBytes/s] |    1897.0794 |
| L2D evict data volume [GBytes] | 8.512000e-06 |
|     L2 bandwidth [MBytes/s]    |   17558.6825 |
|     L2 data volume [GBytes]    |       0.0001 |
+--------------------------------+--------------+

Region Generation, Group 1: L2
+-------------------+----------+
|    Region Info    |  Core 0  |
+-------------------+----------+
| RDTSC Runtime [s] | 1.158828 |
|     call count    |  7500000 |
+-------------------+----------+

+-----------------------+---------+-------------+
|         Event         | Counter |    Core 0   |
+-----------------------+---------+-------------+
|   INSTR_RETIRED_ANY   |  FIXC0  | 28068350000 |
| CPU_CLK_UNHALTED_CORE |  FIXC1  | 62858050000 |
|  CPU_CLK_UNHALTED_REF |  FIXC2  | 59376470000 |
|    L1D_REPLACEMENT    |   PMC0  |  1444627000 |
|      L1D_M_EVICT      |   PMC1  |   441621000 |
| ICACHE_64B_IFTAG_MISS |   PMC2  |  2822228000 |
+-----------------------+---------+-------------+

+--------------------------------+-------------+
|             Metric             |    Core 0   |
+--------------------------------+-------------+
|       Runtime (RDTSC) [s]      |      1.1588 |
|      Runtime unhalted [s]      |     24.2509 |
|           Clock [MHz]          |   2743.9757 |
|               CPI              |      2.2395 |
|  L2D load bandwidth [MBytes/s] |  79784.1681 |
|  L2D load data volume [GBytes] |     92.4561 |
| L2D evict bandwidth [MBytes/s] |  24389.9388 |
| L2D evict data volume [GBytes] |     28.2637 |
|     L2 bandwidth [MBytes/s]    | 260040.7170 |
|     L2 data volume [GBytes]    |    301.3425 |
+--------------------------------+-------------+

Region Core, Group 1: L2
+-------------------+----------+
|    Region Info    |  Core 0  |
+-------------------+----------+
| RDTSC Runtime [s] | 0.038381 |
|     call count    |        1 |
+-------------------+----------+

+-----------------------+---------+-----------+
|         Event         | Counter |   Core 0  |
+-----------------------+---------+-----------+
|   INSTR_RETIRED_ANY   |  FIXC0  | 224883900 |
| CPU_CLK_UNHALTED_CORE |  FIXC1  |  95100360 |
|  CPU_CLK_UNHALTED_REF |  FIXC2  |  98829940 |
|    L1D_REPLACEMENT    |   PMC0  |     30312 |
|      L1D_M_EVICT      |   PMC1  |      1215 |
| ICACHE_64B_IFTAG_MISS |   PMC2  |      1258 |
+-----------------------+---------+-----------+

+--------------------------------+-----------+
|             Metric             |   Core 0  |
+--------------------------------+-----------+
|       Runtime (RDTSC) [s]      |    0.0384 |
|      Runtime unhalted [s]      |    0.0367 |
|           Clock [MHz]          | 2494.1775 |
|               CPI              |    0.4229 |
|  L2D load bandwidth [MBytes/s] |   50.5449 |
|  L2D load data volume [GBytes] |    0.0019 |
| L2D evict bandwidth [MBytes/s] |    2.0260 |
| L2D evict data volume [GBytes] |    0.0001 |
|     L2 bandwidth [MBytes/s]    |   54.6686 |
|     L2 data volume [GBytes]    |    0.0021 |
+--------------------------------+-----------+

--------------------------------------------------------------------------------
CPU name:	Intel(R) Core(TM) i7-6500U CPU @ 2.50GHz
CPU type:	Intel Skylake processor
CPU clock:	2.59 GHz
--------------------------------------------------------------------------------
Bloom Join
-----------------
65536 Buckets 4 Hash Functions
Initialization: 0 ms 
Bloom Filter Generation: 419067 ms 
Join Core: 38 ms 
0 linhas
419107 ms 

--------------------------------------------------------------------------------
Region Initialization, Group 1: L2
+-------------------+----------+
|    Region Info    |  Core 0  |
+-------------------+----------+
| RDTSC Runtime [s] | 0.000007 |
|     call count    |        1 |
+-------------------+----------+

+-----------------------+---------+--------+
|         Event         | Counter | Core 0 |
+-----------------------+---------+--------+
|   INSTR_RETIRED_ANY   |  FIXC0  |  19164 |
| CPU_CLK_UNHALTED_CORE |  FIXC1  |  22175 |
|  CPU_CLK_UNHALTED_REF |  FIXC2  |  30024 |
|    L1D_REPLACEMENT    |   PMC0  |    362 |
|      L1D_M_EVICT      |   PMC1  |    146 |
| ICACHE_64B_IFTAG_MISS |   PMC2  |    633 |
+-----------------------+---------+--------+

+--------------------------------+--------------+
|             Metric             |    Core 0    |
+--------------------------------+--------------+
|       Runtime (RDTSC) [s]      | 6.591577e-06 |
|      Runtime unhalted [s]      | 8.555216e-06 |
|           Clock [MHz]          |    1914.3781 |
|               CPI              |       1.1571 |
|  L2D load bandwidth [MBytes/s] |    3514.7886 |
|  L2D load data volume [GBytes] | 2.316800e-05 |
| L2D evict bandwidth [MBytes/s] |    1417.5667 |
| L2D evict data volume [GBytes] | 9.344000e-06 |
|     L2 bandwidth [MBytes/s]    |   11078.3808 |
|     L2 data volume [GBytes]    |       0.0001 |
+--------------------------------+--------------+

Region Generation, Group 1: L2
+-------------------+----------+
|    Region Info    |  Core 0  |
+-------------------+----------+
| RDTSC Runtime [s] | 1.189568 |
|     call count    |  7500000 |
+-------------------+----------+

+-----------------------+---------+-------------+
|         Event         | Counter |    Core 0   |
+-----------------------+---------+-------------+
|   INSTR_RETIRED_ANY   |  FIXC0  | 28068350000 |
| CPU_CLK_UNHALTED_CORE |  FIXC1  | 61006980000 |
|  CPU_CLK_UNHALTED_REF |  FIXC2  | 63401660000 |
|    L1D_REPLACEMENT    |   PMC0  |  1452718000 |
|      L1D_M_EVICT      |   PMC1  |   479970600 |
| ICACHE_64B_IFTAG_MISS |   PMC2  |  2769763000 |
+-----------------------+---------+-------------+

+--------------------------------+-------------+
|             Metric             |    Core 0   |
+--------------------------------+-------------+
|       Runtime (RDTSC) [s]      |      1.1896 |
|      Runtime unhalted [s]      |     23.5368 |
|           Clock [MHz]          |   2494.0867 |
|               CPI              |      2.1735 |
|  L2D load bandwidth [MBytes/s] |  78157.7447 |
|  L2D load data volume [GBytes] |     92.9740 |
| L2D evict bandwidth [MBytes/s] |  25822.9192 |
| L2D evict data volume [GBytes] |     30.7181 |
|     L2 bandwidth [MBytes/s]    | 252996.8042 |
|     L2 data volume [GBytes]    |    300.9569 |
+--------------------------------+-------------+

Region Core, Group 1: L2
+-------------------+----------+
|    Region Info    |  Core 0  |
+-------------------+----------+
| RDTSC Runtime [s] | 0.038416 |
|     call count    |        1 |
+-------------------+----------+

+-----------------------+---------+-----------+
|         Event         | Counter |   Core 0  |
+-----------------------+---------+-----------+
|   INSTR_RETIRED_ANY   |  FIXC0  | 224883900 |
| CPU_CLK_UNHALTED_CORE |  FIXC1  |  95168920 |
|  CPU_CLK_UNHALTED_REF |  FIXC2  |  98901540 |
|    L1D_REPLACEMENT    |   PMC0  |     31117 |
|      L1D_M_EVICT      |   PMC1  |      1343 |
| ICACHE_64B_IFTAG_MISS |   PMC2  |      1546 |
+-----------------------+---------+-----------+

+--------------------------------+-----------+
|             Metric             |   Core 0  |
+--------------------------------+-----------+
|       Runtime (RDTSC) [s]      |    0.0384 |
|      Runtime unhalted [s]      |    0.0367 |
|           Clock [MHz]          | 2494.1624 |
|               CPI              |    0.4232 |
|  L2D load bandwidth [MBytes/s] |   51.8397 |
|  L2D load data volume [GBytes] |    0.0020 |
| L2D evict bandwidth [MBytes/s] |    2.2374 |
| L2D evict data volume [GBytes] |    0.0001 |
|     L2 bandwidth [MBytes/s]    |   56.6527 |
|     L2 data volume [GBytes]    |    0.0022 |
+--------------------------------+-----------+

--------------------------------------------------------------------------------
CPU name:	Intel(R) Core(TM) i7-6500U CPU @ 2.50GHz
CPU type:	Intel Skylake processor
CPU clock:	2.59 GHz
--------------------------------------------------------------------------------
Bloom Join
-----------------
65536 Buckets 4 Hash Functions
Initialization: 0 ms 
Bloom Filter Generation: 424726 ms 
Join Core: 39 ms 
0 linhas
424767 ms 

--------------------------------------------------------------------------------
Region Initialization, Group 1: L2
+-------------------+----------+
|    Region Info    |  Core 0  |
+-------------------+----------+
| RDTSC Runtime [s] | 0.000016 |
|     call count    |        1 |
+-------------------+----------+

+-----------------------+---------+--------+
|         Event         | Counter | Core 0 |
+-----------------------+---------+--------+
|   INSTR_RETIRED_ANY   |  FIXC0  |  19164 |
| CPU_CLK_UNHALTED_CORE |  FIXC1  |  21722 |
|  CPU_CLK_UNHALTED_REF |  FIXC2  |  70416 |
|    L1D_REPLACEMENT    |   PMC0  |    377 |
|      L1D_M_EVICT      |   PMC1  |    132 |
| ICACHE_64B_IFTAG_MISS |   PMC2  |    648 |
+-----------------------+---------+--------+

+--------------------------------+--------------+
|             Metric             |    Core 0    |
+--------------------------------+--------------+
|       Runtime (RDTSC) [s]      | 1.585789e-05 |
|      Runtime unhalted [s]      | 8.380435e-06 |
|           Clock [MHz]          |     799.5796 |
|               CPI              |       1.1335 |
|  L2D load bandwidth [MBytes/s] |    1521.5139 |
|  L2D load data volume [GBytes] | 2.412800e-05 |
| L2D evict bandwidth [MBytes/s] |     532.7317 |
| L2D evict data volume [GBytes] | 8.448000e-06 |
|     L2 bandwidth [MBytes/s]    |    4669.4737 |
|     L2 data volume [GBytes]    |       0.0001 |
+--------------------------------+--------------+

Region Generation, Group 1: L2
+-------------------+----------+
|    Region Info    |  Core 0  |
+-------------------+----------+
| RDTSC Runtime [s] | 1.312736 |
|     call count    |  7500000 |
+-------------------+----------+

+-----------------------+---------+-------------+
|         Event         | Counter |    Core 0   |
+-----------------------+---------+-------------+
|   INSTR_RETIRED_ANY   |  FIXC0  | 28068350000 |
| CPU_CLK_UNHALTED_CORE |  FIXC1  | 64650740000 |
|  CPU_CLK_UNHALTED_REF |  FIXC2  | 67188010000 |
|    L1D_REPLACEMENT    |   PMC0  |  1482926000 |
|      L1D_M_EVICT      |   PMC1  |   443775100 |
| ICACHE_64B_IFTAG_MISS |   PMC2  |  2799422000 |
+-----------------------+---------+-------------+

+--------------------------------+-------------+
|             Metric             |    Core 0   |
+--------------------------------+-------------+
|       Runtime (RDTSC) [s]      |      1.3127 |
|      Runtime unhalted [s]      |     24.9425 |
|           Clock [MHz]          |   2494.1063 |
|               CPI              |      2.3033 |
|  L2D load bandwidth [MBytes/s] |  72297.2966 |
|  L2D load data volume [GBytes] |     94.9073 |
| L2D evict bandwidth [MBytes/s] |  21635.4289 |
| L2D evict data volume [GBytes] |     28.4016 |
|     L2 bandwidth [MBytes/s]    | 230413.3340 |
|     L2 data volume [GBytes]    |    302.4719 |
+--------------------------------+-------------+

Region Core, Group 1: L2
+-------------------+----------+
|    Region Info    |  Core 0  |
+-------------------+----------+
| RDTSC Runtime [s] | 0.038567 |
|     call count    |        1 |
+-------------------+----------+

+-----------------------+---------+-----------+
|         Event         | Counter |   Core 0  |
+-----------------------+---------+-----------+
|   INSTR_RETIRED_ANY   |  FIXC0  | 224883900 |
| CPU_CLK_UNHALTED_CORE |  FIXC1  |  95401650 |
|  CPU_CLK_UNHALTED_REF |  FIXC2  |  99142600 |
|    L1D_REPLACEMENT    |   PMC0  |     32513 |
|      L1D_M_EVICT      |   PMC1  |      2082 |
| ICACHE_64B_IFTAG_MISS |   PMC2  |      2679 |
+-----------------------+---------+-----------+

+--------------------------------+-----------+
|             Metric             |   Core 0  |
+--------------------------------+-----------+
|       Runtime (RDTSC) [s]      |    0.0386 |
|      Runtime unhalted [s]      |    0.0368 |
|           Clock [MHz]          | 2494.1859 |
|               CPI              |    0.4242 |
|  L2D load bandwidth [MBytes/s] |   53.9541 |
|  L2D load data volume [GBytes] |    0.0021 |
| L2D evict bandwidth [MBytes/s] |    3.4550 |
| L2D evict data volume [GBytes] |    0.0001 |
|     L2 bandwidth [MBytes/s]    |   61.8547 |
|     L2 data volume [GBytes]    |    0.0024 |
+--------------------------------+-----------+

--------------------------------------------------------------------------------
CPU name:	Intel(R) Core(TM) i7-6500U CPU @ 2.50GHz
CPU type:	Intel Skylake processor
CPU clock:	2.59 GHz
--------------------------------------------------------------------------------
Bloom Join
-----------------
65536 Buckets 4 Hash Functions
Initialization: 0 ms 
Bloom Filter Generation: 374754 ms 
Join Core: 38 ms 
0 linhas
374794 ms 

--------------------------------------------------------------------------------
Region Initialization, Group 1: L3
+-------------------+----------+
|    Region Info    |  Core 0  |
+-------------------+----------+
| RDTSC Runtime [s] | 0.000014 |
|     call count    |        1 |
+-------------------+----------+

+-----------------------+---------+--------+
|         Event         | Counter | Core 0 |
+-----------------------+---------+--------+
|   INSTR_RETIRED_ANY   |  FIXC0  |  19071 |
| CPU_CLK_UNHALTED_CORE |  FIXC1  |  20108 |
|  CPU_CLK_UNHALTED_REF |  FIXC2  |  64908 |
|    L2_LINES_IN_ALL    |   PMC0  |    559 |
|     L2_TRANS_L2_WB    |   PMC1  |     79 |
+-----------------------+---------+--------+

+-------------------------------+--------------+
|             Metric            |    Core 0    |
+-------------------------------+--------------+
|      Runtime (RDTSC) [s]      | 1.429012e-05 |
|      Runtime unhalted [s]     | 7.757760e-06 |
|          Clock [MHz]          |     802.9772 |
|              CPI              |       1.0544 |
|  L3 load bandwidth [MBytes/s] |    2503.5479 |
|  L3 load data volume [GBytes] | 3.577600e-05 |
| L3 evict bandwidth [MBytes/s] |     353.8109 |
| L3 evict data volume [GBytes] | 5.056000e-06 |
|    L3 bandwidth [MBytes/s]    |    2857.3588 |
|    L3 data volume [GBytes]    | 4.083200e-05 |
+-------------------------------+--------------+

Region Generation, Group 1: L3
+-------------------+----------+
|    Region Info    |  Core 0  |
+-------------------+----------+
| RDTSC Runtime [s] | 1.194530 |
|     call count    |  7500000 |
+-------------------+----------+

+-----------------------+---------+-------------+
|         Event         | Counter |    Core 0   |
+-----------------------+---------+-------------+
|   INSTR_RETIRED_ANY   |  FIXC0  | 27370850000 |
| CPU_CLK_UNHALTED_CORE |  FIXC1  | 59820980000 |
|  CPU_CLK_UNHALTED_REF |  FIXC2  | 62169780000 |
|    L2_LINES_IN_ALL    |   PMC0  |   703807200 |
|     L2_TRANS_L2_WB    |   PMC1  |   124280800 |
+-----------------------+---------+-------------+

+-------------------------------+------------+
|             Metric            |   Core 0   |
+-------------------------------+------------+
|      Runtime (RDTSC) [s]      |     1.1945 |
|      Runtime unhalted [s]     |    23.0792 |
|          Clock [MHz]          |  2494.0591 |
|              CPI              |     2.1856 |
|  L3 load bandwidth [MBytes/s] | 37708.2709 |
|  L3 load data volume [GBytes] |    45.0437 |
| L3 evict bandwidth [MBytes/s] |  6658.6617 |
| L3 evict data volume [GBytes] |     7.9540 |
|    L3 bandwidth [MBytes/s]    | 44366.9326 |
|    L3 data volume [GBytes]    |    52.9976 |
+-------------------------------+------------+

Region Core, Group 1: L3
+-------------------+----------+
|    Region Info    |  Core 0  |
+-------------------+----------+
| RDTSC Runtime [s] | 0.038410 |
|     call count    |        1 |
+-------------------+----------+

+-----------------------+---------+-----------+
|         Event         | Counter |   Core 0  |
+-----------------------+---------+-----------+
|   INSTR_RETIRED_ANY   |  FIXC0  | 224883800 |
| CPU_CLK_UNHALTED_CORE |  FIXC1  |  95130130 |
|  CPU_CLK_UNHALTED_REF |  FIXC2  |  98860820 |
|    L2_LINES_IN_ALL    |   PMC0  |     31575 |
|     L2_TRANS_L2_WB    |   PMC1  |     18211 |
+-----------------------+---------+-----------+

+-------------------------------+-----------+
|             Metric            |   Core 0  |
+-------------------------------+-----------+
|      Runtime (RDTSC) [s]      |    0.0384 |
|      Runtime unhalted [s]     |    0.0367 |
|          Clock [MHz]          | 2494.1722 |
|              CPI              |    0.4230 |
|  L3 load bandwidth [MBytes/s] |   52.6113 |
|  L3 load data volume [GBytes] |    0.0020 |
| L3 evict bandwidth [MBytes/s] |   30.3438 |
| L3 evict data volume [GBytes] |    0.0012 |
|    L3 bandwidth [MBytes/s]    |   82.9551 |
|    L3 data volume [GBytes]    |    0.0032 |
+-------------------------------+-----------+

--------------------------------------------------------------------------------
CPU name:	Intel(R) Core(TM) i7-6500U CPU @ 2.50GHz
CPU type:	Intel Skylake processor
CPU clock:	2.59 GHz
--------------------------------------------------------------------------------
Bloom Join
-----------------
65536 Buckets 4 Hash Functions
Initialization: 0 ms 
Bloom Filter Generation: 384277 ms 
Join Core: 38 ms 
0 linhas
384318 ms 

--------------------------------------------------------------------------------
Region Initialization, Group 1: L3
+-------------------+----------+
|    Region Info    |  Core 0  |
+-------------------+----------+
| RDTSC Runtime [s] | 0.000015 |
|     call count    |        1 |
+-------------------+----------+

+-----------------------+---------+--------+
|         Event         | Counter | Core 0 |
+-----------------------+---------+--------+
|   INSTR_RETIRED_ANY   |  FIXC0  |  19071 |
| CPU_CLK_UNHALTED_CORE |  FIXC1  |  21121 |
|  CPU_CLK_UNHALTED_REF |  FIXC2  |  68688 |
|    L2_LINES_IN_ALL    |   PMC0  |    617 |
|     L2_TRANS_L2_WB    |   PMC1  |     90 |
+-----------------------+---------+--------+

+-------------------------------+--------------+
|             Metric            |    Core 0    |
+-------------------------------+--------------+
|      Runtime (RDTSC) [s]      | 1.464400e-05 |
|      Runtime unhalted [s]     | 8.148690e-06 |
|          Clock [MHz]          |     797.0036 |
|              CPI              |       1.1075 |
|  L3 load bandwidth [MBytes/s] |    2696.5310 |
|  L3 load data volume [GBytes] | 3.948800e-05 |
| L3 evict bandwidth [MBytes/s] |     393.3352 |
| L3 evict data volume [GBytes] | 5.760000e-06 |
|    L3 bandwidth [MBytes/s]    |    3089.8662 |
|    L3 data volume [GBytes]    | 4.524800e-05 |
+-------------------------------+--------------+

Region Generation, Group 1: L3
+-------------------+----------+
|    Region Info    |  Core 0  |
+-------------------+----------+
| RDTSC Runtime [s] | 1.365175 |
|     call count    |  7500000 |
+-------------------+----------+

+-----------------------+---------+-------------+
|         Event         | Counter |    Core 0   |
+-----------------------+---------+-------------+
|   INSTR_RETIRED_ANY   |  FIXC0  | 27370850000 |
| CPU_CLK_UNHALTED_CORE |  FIXC1  | 65228920000 |
|  CPU_CLK_UNHALTED_REF |  FIXC2  | 67789530000 |
|    L2_LINES_IN_ALL    |   PMC0  |  1177052000 |
|     L2_TRANS_L2_WB    |   PMC1  |   228601600 |
+-----------------------+---------+-------------+

+-------------------------------+------------+
|             Metric            |   Core 0   |
+-------------------------------+------------+
|      Runtime (RDTSC) [s]      |     1.3652 |
|      Runtime unhalted [s]     |    25.1660 |
|          Clock [MHz]          |  2494.0448 |
|              CPI              |     2.3832 |
|  L3 load bandwidth [MBytes/s] | 55180.7116 |
|  L3 load data volume [GBytes] |    75.3313 |
| L3 evict bandwidth [MBytes/s] | 10716.9428 |
| L3 evict data volume [GBytes] |    14.6305 |
|    L3 bandwidth [MBytes/s]    | 65897.6544 |
|    L3 data volume [GBytes]    |    89.9618 |
+-------------------------------+------------+

Region Core, Group 1: L3
+-------------------+----------+
|    Region Info    |  Core 0  |
+-------------------+----------+
| RDTSC Runtime [s] | 0.038401 |
|     call count    |        1 |
+-------------------+----------+

+-----------------------+---------+-----------+
|         Event         | Counter |   Core 0  |
+-----------------------+---------+-----------+
|   INSTR_RETIRED_ANY   |  FIXC0  | 224883800 |
| CPU_CLK_UNHALTED_CORE |  FIXC1  |  95086880 |
|  CPU_CLK_UNHALTED_REF |  FIXC2  |  98815680 |
|    L2_LINES_IN_ALL    |   PMC0  |     31530 |
|     L2_TRANS_L2_WB    |   PMC1  |     18602 |
+-----------------------+---------+-----------+

+-------------------------------+-----------+
|             Metric            |   Core 0  |
+-------------------------------+-----------+
|      Runtime (RDTSC) [s]      |    0.0384 |
|      Runtime unhalted [s]     |    0.0367 |
|          Clock [MHz]          | 2494.1434 |
|              CPI              |    0.4228 |
|  L3 load bandwidth [MBytes/s] |   52.5487 |
|  L3 load data volume [GBytes] |    0.0020 |
| L3 evict bandwidth [MBytes/s] |   31.0026 |
| L3 evict data volume [GBytes] |    0.0012 |
|    L3 bandwidth [MBytes/s]    |   83.5513 |
|    L3 data volume [GBytes]    |    0.0032 |
+-------------------------------+-----------+

--------------------------------------------------------------------------------
CPU name:	Intel(R) Core(TM) i7-6500U CPU @ 2.50GHz
CPU type:	Intel Skylake processor
CPU clock:	2.59 GHz
--------------------------------------------------------------------------------
Bloom Join
-----------------
65536 Buckets 4 Hash Functions
Initialization: 0 ms 
Bloom Filter Generation: 386645 ms 
Join Core: 40 ms 
0 linhas
386688 ms 

--------------------------------------------------------------------------------
Region Initialization, Group 1: L3
+-------------------+----------+
|    Region Info    |  Core 0  |
+-------------------+----------+
| RDTSC Runtime [s] | 0.000015 |
|     call count    |        1 |
+-------------------+----------+

+-----------------------+---------+--------+
|         Event         | Counter | Core 0 |
+-----------------------+---------+--------+
|   INSTR_RETIRED_ANY   |  FIXC0  |  19071 |
| CPU_CLK_UNHALTED_CORE |  FIXC1  |  20732 |
|  CPU_CLK_UNHALTED_REF |  FIXC2  |  67392 |
|    L2_LINES_IN_ALL    |   PMC0  |    666 |
|     L2_TRANS_L2_WB    |   PMC1  |     96 |
+-----------------------+---------+--------+

+-------------------------------+--------------+
|             Metric            |    Core 0    |
+-------------------------------+--------------+
|      Runtime (RDTSC) [s]      | 1.491526e-05 |
|      Runtime unhalted [s]     | 7.998494e-06 |
|          Clock [MHz]          |     797.3809 |
|              CPI              |       1.0871 |
|  L3 load bandwidth [MBytes/s] |    2857.7444 |
|  L3 load data volume [GBytes] | 4.262400e-05 |
| L3 evict bandwidth [MBytes/s] |     411.9271 |
| L3 evict data volume [GBytes] | 6.144000e-06 |
|    L3 bandwidth [MBytes/s]    |    3269.6715 |
|    L3 data volume [GBytes]    | 4.876800e-05 |
+-------------------------------+--------------+

Region Generation, Group 1: L3
+-------------------+----------+
|    Region Info    |  Core 0  |
+-------------------+----------+
| RDTSC Runtime [s] | 1.622105 |
|     call count    |  7500000 |
+-------------------+----------+

+-----------------------+---------+-------------+
|         Event         | Counter |    Core 0   |
+-----------------------+---------+-------------+
|   INSTR_RETIRED_ANY   |  FIXC0  | 27370850000 |
| CPU_CLK_UNHALTED_CORE |  FIXC1  | 64303210000 |
|  CPU_CLK_UNHALTED_REF |  FIXC2  | 66826340000 |
|    L2_LINES_IN_ALL    |   PMC0  |  1138432000 |
|     L2_TRANS_L2_WB    |   PMC1  |   205016600 |
+-----------------------+---------+-------------+

+-------------------------------+------------+
|             Metric            |   Core 0   |
+-------------------------------+------------+
|      Runtime (RDTSC) [s]      |     1.6221 |
|      Runtime unhalted [s]     |    24.8085 |
|          Clock [MHz]          |  2494.1236 |
|              CPI              |     2.3493 |
|  L3 load bandwidth [MBytes/s] | 44916.7273 |
|  L3 load data volume [GBytes] |    72.8596 |
| L3 evict bandwidth [MBytes/s] |  8088.9106 |
| L3 evict data volume [GBytes] |    13.1211 |
|    L3 bandwidth [MBytes/s]    | 53005.6380 |
|    L3 data volume [GBytes]    |    85.9807 |
+-------------------------------+------------+

Region Core, Group 1: L3
+-------------------+----------+
|    Region Info    |  Core 0  |
+-------------------+----------+
| RDTSC Runtime [s] | 0.039662 |
|     call count    |        1 |
+-------------------+----------+

+-----------------------+---------+-----------+
|         Event         | Counter |   Core 0  |
+-----------------------+---------+-----------+
|   INSTR_RETIRED_ANY   |  FIXC0  | 224883800 |
| CPU_CLK_UNHALTED_CORE |  FIXC1  |  96941160 |
|  CPU_CLK_UNHALTED_REF |  FIXC2  | 100743000 |
|    L2_LINES_IN_ALL    |   PMC0  |     36392 |
|     L2_TRANS_L2_WB    |   PMC1  |     13826 |
+-----------------------+---------+-----------+

+-------------------------------+-----------+
|             Metric            |   Core 0  |
+-------------------------------+-----------+
|      Runtime (RDTSC) [s]      |    0.0397 |
|      Runtime unhalted [s]     |    0.0374 |
|          Clock [MHz]          | 2494.1716 |
|              CPI              |    0.4311 |
|  L3 load bandwidth [MBytes/s] |   58.7236 |
|  L3 load data volume [GBytes] |    0.0023 |
| L3 evict bandwidth [MBytes/s] |   22.3102 |
| L3 evict data volume [GBytes] |    0.0009 |
|    L3 bandwidth [MBytes/s]    |   81.0337 |
|    L3 data volume [GBytes]    |    0.0032 |
+-------------------------------+-----------+

--------------------------------------------------------------------------------
CPU name:	Intel(R) Core(TM) i7-6500U CPU @ 2.50GHz
CPU type:	Intel Skylake processor
CPU clock:	2.59 GHz
--------------------------------------------------------------------------------
Bloom Join
-----------------
65536 Buckets 4 Hash Functions
Initialization: 0 ms 
Bloom Filter Generation: 389441 ms 
Join Core: 39 ms 
0 linhas
389482 ms 

--------------------------------------------------------------------------------
Region Initialization, Group 1: L3
+-------------------+----------+
|    Region Info    |  Core 0  |
+-------------------+----------+
| RDTSC Runtime [s] | 0.000015 |
|     call count    |        1 |
+-------------------+----------+

+-----------------------+---------+--------+
|         Event         | Counter | Core 0 |
+-----------------------+---------+--------+
|   INSTR_RETIRED_ANY   |  FIXC0  |  19071 |
| CPU_CLK_UNHALTED_CORE |  FIXC1  |  21254 |
|  CPU_CLK_UNHALTED_REF |  FIXC2  |  69012 |
|    L2_LINES_IN_ALL    |   PMC0  |    606 |
|     L2_TRANS_L2_WB    |   PMC1  |    115 |
+-----------------------+---------+--------+

+-------------------------------+--------------+
|             Metric            |    Core 0    |
+-------------------------------+--------------+
|      Runtime (RDTSC) [s]      | 1.532423e-05 |
|      Runtime unhalted [s]     | 8.199899e-06 |
|          Clock [MHz]          |     798.2671 |
|              CPI              |       1.1145 |
|  L3 load bandwidth [MBytes/s] |    2530.8939 |
|  L3 load data volume [GBytes] | 3.878400e-05 |
| L3 evict bandwidth [MBytes/s] |     480.2851 |
| L3 evict data volume [GBytes] | 7.360000e-06 |
|    L3 bandwidth [MBytes/s]    |    3011.1790 |
|    L3 data volume [GBytes]    | 4.614400e-05 |
+-------------------------------+--------------+

Region Generation, Group 1: L3
+-------------------+----------+
|    Region Info    |  Core 0  |
+-------------------+----------+
| RDTSC Runtime [s] | 1.704280 |
|     call count    |  7500000 |
+-------------------+----------+

+-----------------------+---------+-------------+
|         Event         | Counter |    Core 0   |
+-----------------------+---------+-------------+
|   INSTR_RETIRED_ANY   |  FIXC0  | 27370850000 |
| CPU_CLK_UNHALTED_CORE |  FIXC1  | 68057140000 |
|  CPU_CLK_UNHALTED_REF |  FIXC2  | 70728760000 |
|    L2_LINES_IN_ALL    |   PMC0  |  1201543000 |
|     L2_TRANS_L2_WB    |   PMC1  |   218576500 |
+-----------------------+---------+-------------+

+-------------------------------+------------+
|             Metric            |   Core 0   |
+-------------------------------+------------+
|      Runtime (RDTSC) [s]      |     1.7043 |
|      Runtime unhalted [s]     |    26.2568 |
|          Clock [MHz]          |  2494.0769 |
|              CPI              |     2.4865 |
|  L3 load bandwidth [MBytes/s] | 45120.9613 |
|  L3 load data volume [GBytes] |    76.8988 |
| L3 evict bandwidth [MBytes/s] |  8208.0973 |
| L3 evict data volume [GBytes] |    13.9889 |
|    L3 bandwidth [MBytes/s]    | 53329.0586 |
|    L3 data volume [GBytes]    |    90.8876 |
+-------------------------------+------------+

Region Core, Group 1: L3
+-------------------+----------+
|    Region Info    |  Core 0  |
+-------------------+----------+
| RDTSC Runtime [s] | 0.038527 |
|     call count    |        1 |
+-------------------+----------+

+-----------------------+---------+-----------+
|         Event         | Counter |   Core 0  |
+-----------------------+---------+-----------+
|   INSTR_RETIRED_ANY   |  FIXC0  | 224883800 |
| CPU_CLK_UNHALTED_CORE |  FIXC1  |  95177820 |
|  CPU_CLK_UNHALTED_REF |  FIXC2  |  98910500 |
|    L2_LINES_IN_ALL    |   PMC0  |     31489 |
|     L2_TRANS_L2_WB    |   PMC1  |     18948 |
+-----------------------+---------+-----------+

+-------------------------------+-----------+
|             Metric            |   Core 0  |
+-------------------------------+-----------+
|      Runtime (RDTSC) [s]      |    0.0385 |
|      Runtime unhalted [s]     |    0.0367 |
|          Clock [MHz]          | 2494.1671 |
|              CPI              |    0.4232 |
|  L3 load bandwidth [MBytes/s] |   52.3083 |
|  L3 load data volume [GBytes] |    0.0020 |
| L3 evict bandwidth [MBytes/s] |   31.4757 |
| L3 evict data volume [GBytes] |    0.0012 |
|    L3 bandwidth [MBytes/s]    |   83.7839 |
|    L3 data volume [GBytes]    |    0.0032 |
+-------------------------------+-----------+

--------------------------------------------------------------------------------
CPU name:	Intel(R) Core(TM) i7-6500U CPU @ 2.50GHz
CPU type:	Intel Skylake processor
CPU clock:	2.59 GHz
--------------------------------------------------------------------------------
Bloom Join
-----------------
65536 Buckets 4 Hash Functions
Initialization: 0 ms 
Bloom Filter Generation: 366786 ms 
Join Core: 39 ms 
0 linhas
366828 ms 

--------------------------------------------------------------------------------
Region Initialization, Group 1: L3
+-------------------+----------+
|    Region Info    |  Core 0  |
+-------------------+----------+
| RDTSC Runtime [s] | 0.000014 |
|     call count    |        1 |
+-------------------+----------+

+-----------------------+---------+--------+
|         Event         | Counter | Core 0 |
+-----------------------+---------+--------+
|   INSTR_RETIRED_ANY   |  FIXC0  |  19071 |
| CPU_CLK_UNHALTED_CORE |  FIXC1  |  20361 |
|  CPU_CLK_UNHALTED_REF |  FIXC2  |  66420 |
|    L2_LINES_IN_ALL    |   PMC0  |    569 |
|     L2_TRANS_L2_WB    |   PMC1  |    103 |
+-----------------------+---------+--------+

+-------------------------------+--------------+
|             Metric            |    Core 0    |
+-------------------------------+--------------+
|      Runtime (RDTSC) [s]      | 1.430089e-05 |
|      Runtime unhalted [s]     | 7.855347e-06 |
|          Clock [MHz]          |     794.5732 |
|              CPI              |       1.0676 |
|  L3 load bandwidth [MBytes/s] |    2546.4149 |
|  L3 load data volume [GBytes] | 3.641600e-05 |
| L3 evict bandwidth [MBytes/s] |     460.9503 |
| L3 evict data volume [GBytes] | 6.592000e-06 |
|    L3 bandwidth [MBytes/s]    |    3007.3653 |
|    L3 data volume [GBytes]    | 4.300800e-05 |
+-------------------------------+--------------+

Region Generation, Group 1: L3
+-------------------+----------+
|    Region Info    |  Core 0  |
+-------------------+----------+
| RDTSC Runtime [s] | 1.399882 |
|     call count    |  7500000 |
+-------------------+----------+

+-----------------------+---------+-------------+
|         Event         | Counter |    Core 0   |
+-----------------------+---------+-------------+
|   INSTR_RETIRED_ANY   |  FIXC0  | 27370850000 |
| CPU_CLK_UNHALTED_CORE |  FIXC1  | 65476340000 |
|  CPU_CLK_UNHALTED_REF |  FIXC2  | 63765120000 |
|    L2_LINES_IN_ALL    |   PMC0  |   839809200 |
|     L2_TRANS_L2_WB    |   PMC1  |   189729200 |
+-----------------------+---------+-------------+

+-------------------------------+------------+
|             Metric            |   Core 0   |
+-------------------------------+------------+
|      Runtime (RDTSC) [s]      |     1.3999 |
|      Runtime unhalted [s]     |    25.2610 |
|          Clock [MHz]          |  2661.5518 |
|              CPI              |     2.3922 |
|  L3 load bandwidth [MBytes/s] | 38394.5138 |
|  L3 load data volume [GBytes] |    53.7478 |
| L3 evict bandwidth [MBytes/s] |  8674.0660 |
| L3 evict data volume [GBytes] |    12.1427 |
|    L3 bandwidth [MBytes/s]    | 47068.5798 |
|    L3 data volume [GBytes]    |    65.8905 |
+-------------------------------+------------+

Region Core, Group 1: L3
+-------------------+----------+
|    Region Info    |  Core 0  |
+-------------------+----------+
| RDTSC Runtime [s] | 0.039203 |
|     call count    |        1 |
+-------------------+----------+

+-----------------------+---------+-----------+
|         Event         | Counter |   Core 0  |
+-----------------------+---------+-----------+
|   INSTR_RETIRED_ANY   |  FIXC0  | 224883800 |
| CPU_CLK_UNHALTED_CORE |  FIXC1  |  96737530 |
|  CPU_CLK_UNHALTED_REF |  FIXC2  | 100530900 |
|    L2_LINES_IN_ALL    |   PMC0  |     40644 |
|     L2_TRANS_L2_WB    |   PMC1  |     12420 |
+-----------------------+---------+-----------+

+-------------------------------+-----------+
|             Metric            |   Core 0  |
+-------------------------------+-----------+
|      Runtime (RDTSC) [s]      |    0.0392 |
|      Runtime unhalted [s]     |    0.0373 |
|          Clock [MHz]          | 2494.1877 |
|              CPI              |    0.4302 |
|  L3 load bandwidth [MBytes/s] |   66.3523 |
|  L3 load data volume [GBytes] |    0.0026 |
| L3 evict bandwidth [MBytes/s] |   20.2760 |
| L3 evict data volume [GBytes] |    0.0008 |
|    L3 bandwidth [MBytes/s]    |   86.6283 |
|    L3 data volume [GBytes]    |    0.0034 |
+-------------------------------+-----------+

--------------------------------------------------------------------------------
CPU name:	Intel(R) Core(TM) i7-6500U CPU @ 2.50GHz
CPU type:	Intel Skylake processor
CPU clock:	2.59 GHz
--------------------------------------------------------------------------------
Bloom Join
-----------------
65536 Buckets 4 Hash Functions
Initialization: 0 ms 
Bloom Filter Generation: 402778 ms 
Join Core: 38 ms 
0 linhas
402819 ms 

--------------------------------------------------------------------------------
Region Initialization, Group 1: L3
+-------------------+----------+
|    Region Info    |  Core 0  |
+-------------------+----------+
| RDTSC Runtime [s] | 0.000014 |
|     call count    |        1 |
+-------------------+----------+

+-----------------------+---------+--------+
|         Event         | Counter | Core 0 |
+-----------------------+---------+--------+
|   INSTR_RETIRED_ANY   |  FIXC0  |  19071 |
| CPU_CLK_UNHALTED_CORE |  FIXC1  |  21671 |
|  CPU_CLK_UNHALTED_REF |  FIXC2  |  70308 |
|    L2_LINES_IN_ALL    |   PMC0  |    717 |
|     L2_TRANS_L2_WB    |   PMC1  |    140 |
+-----------------------+---------+--------+

+-------------------------------+--------------+
|             Metric            |    Core 0    |
+-------------------------------+--------------+
|      Runtime (RDTSC) [s]      | 1.447279e-05 |
|      Runtime unhalted [s]     | 8.361083e-06 |
|          Clock [MHz]          |     798.8967 |
|              CPI              |       1.1363 |
|  L3 load bandwidth [MBytes/s] |    3170.6395 |
|  L3 load data volume [GBytes] | 4.588800e-05 |
| L3 evict bandwidth [MBytes/s] |     619.0928 |
| L3 evict data volume [GBytes] | 8.960000e-06 |
|    L3 bandwidth [MBytes/s]    |    3789.7323 |
|    L3 data volume [GBytes]    |       0.0001 |
+-------------------------------+--------------+

Region Generation, Group 1: L3
+-------------------+----------+
|    Region Info    |  Core 0  |
+-------------------+----------+
| RDTSC Runtime [s] | 1.668695 |
|     call count    |  7500000 |
+-------------------+----------+

+-----------------------+---------+-------------+
|         Event         | Counter |    Core 0   |
+-----------------------+---------+-------------+
|   INSTR_RETIRED_ANY   |  FIXC0  | 27370850000 |
| CPU_CLK_UNHALTED_CORE |  FIXC1  | 70689250000 |
|  CPU_CLK_UNHALTED_REF |  FIXC2  | 73464480000 |
|    L2_LINES_IN_ALL    |   PMC0  |  1238218000 |
|     L2_TRANS_L2_WB    |   PMC1  |   214251000 |
+-----------------------+---------+-------------+

+-------------------------------+------------+
|             Metric            |   Core 0   |
+-------------------------------+------------+
|      Runtime (RDTSC) [s]      |     1.6687 |
|      Runtime unhalted [s]     |    27.2733 |
|          Clock [MHz]          |  2493.9765 |
|              CPI              |     2.5826 |
|  L3 load bandwidth [MBytes/s] | 47489.7761 |
|  L3 load data volume [GBytes] |    79.2460 |
| L3 evict bandwidth [MBytes/s] |  8217.2380 |
| L3 evict data volume [GBytes] |    13.7121 |
|    L3 bandwidth [MBytes/s]    | 55707.0142 |
|    L3 data volume [GBytes]    |    92.9580 |
+-------------------------------+------------+

Region Core, Group 1: L3
+-------------------+----------+
|    Region Info    |  Core 0  |
+-------------------+----------+
| RDTSC Runtime [s] | 0.038426 |
|     call count    |        1 |
+-------------------+----------+

+-----------------------+---------+-----------+
|         Event         | Counter |   Core 0  |
+-----------------------+---------+-----------+
|   INSTR_RETIRED_ANY   |  FIXC0  | 224883800 |
| CPU_CLK_UNHALTED_CORE |  FIXC1  |  95154840 |
|  CPU_CLK_UNHALTED_REF |  FIXC2  |  98886100 |
|    L2_LINES_IN_ALL    |   PMC0  |     31715 |
|     L2_TRANS_L2_WB    |   PMC1  |     18756 |
+-----------------------+---------+-----------+

+-------------------------------+-----------+
|             Metric            |   Core 0  |
+-------------------------------+-----------+
|      Runtime (RDTSC) [s]      |    0.0384 |
|      Runtime unhalted [s]     |    0.0367 |
|          Clock [MHz]          | 2494.0895 |
|              CPI              |    0.4231 |
|  L3 load bandwidth [MBytes/s] |   52.8226 |
|  L3 load data volume [GBytes] |    0.0020 |
| L3 evict bandwidth [MBytes/s] |   31.2389 |
| L3 evict data volume [GBytes] |    0.0012 |
|    L3 bandwidth [MBytes/s]    |   84.0615 |
|    L3 data volume [GBytes]    |    0.0032 |
+-------------------------------+-----------+

--------------------------------------------------------------------------------
CPU name:	Intel(R) Core(TM) i7-6500U CPU @ 2.50GHz
CPU type:	Intel Skylake processor
CPU clock:	2.59 GHz
--------------------------------------------------------------------------------
Bloom Join
-----------------
65536 Buckets 4 Hash Functions
Initialization: 0 ms 
Bloom Filter Generation: 378299 ms 
Join Core: 40 ms 
0 linhas
378341 ms 

--------------------------------------------------------------------------------
Region Initialization, Group 1: L3
+-------------------+----------+
|    Region Info    |  Core 0  |
+-------------------+----------+
| RDTSC Runtime [s] | 0.000015 |
|     call count    |        1 |
+-------------------+----------+

+-----------------------+---------+--------+
|         Event         | Counter | Core 0 |
+-----------------------+---------+--------+
|   INSTR_RETIRED_ANY   |  FIXC0  |  19071 |
| CPU_CLK_UNHALTED_CORE |  FIXC1  |  20734 |
|  CPU_CLK_UNHALTED_REF |  FIXC2  |  67284 |
|    L2_LINES_IN_ALL    |   PMC0  |    635 |
|     L2_TRANS_L2_WB    |   PMC1  |    125 |
+-----------------------+---------+--------+

+-------------------------------+--------------+
|             Metric            |    Core 0    |
+-------------------------------+--------------+
|      Runtime (RDTSC) [s]      | 1.475361e-05 |
|      Runtime unhalted [s]     | 7.999269e-06 |
|          Clock [MHz]          |     798.7375 |
|              CPI              |       1.0872 |
|  L3 load bandwidth [MBytes/s] |    2754.5801 |
|  L3 load data volume [GBytes] | 4.064000e-05 |
| L3 evict bandwidth [MBytes/s] |     542.2402 |
| L3 evict data volume [GBytes] | 8.000000e-06 |
|    L3 bandwidth [MBytes/s]    |    3296.8202 |
|    L3 data volume [GBytes]    | 4.864000e-05 |
+-------------------------------+--------------+

Region Generation, Group 1: L3
+-------------------+----------+
|    Region Info    |  Core 0  |
+-------------------+----------+
| RDTSC Runtime [s] | 1.361490 |
|     call count    |  7500000 |
+-------------------+----------+

+-----------------------+---------+-------------+
|         Event         | Counter |    Core 0   |
+-----------------------+---------+-------------+
|   INSTR_RETIRED_ANY   |  FIXC0  | 27371110000 |
| CPU_CLK_UNHALTED_CORE |  FIXC1  | 65296590000 |
|  CPU_CLK_UNHALTED_REF |  FIXC2  | 67860060000 |
|    L2_LINES_IN_ALL    |   PMC0  |   821523300 |
|     L2_TRANS_L2_WB    |   PMC1  |   170943700 |
+-----------------------+---------+-------------+

+-------------------------------+------------+
|             Metric            |   Core 0   |
+-------------------------------+------------+
|      Runtime (RDTSC) [s]      |     1.3615 |
|      Runtime unhalted [s]     |    25.1917 |
|          Clock [MHz]          |  2494.0722 |
|              CPI              |     2.3856 |
|  L3 load bandwidth [MBytes/s] | 38617.6110 |
|  L3 load data volume [GBytes] |    52.5775 |
| L3 evict bandwidth [MBytes/s] |  8035.6057 |
| L3 evict data volume [GBytes] |    10.9404 |
|    L3 bandwidth [MBytes/s]    | 46653.2167 |
|    L3 data volume [GBytes]    |    63.5179 |
+-------------------------------+------------+

Region Core, Group 1: L3
+-------------------+----------+
|    Region Info    |  Core 0  |
+-------------------+----------+
| RDTSC Runtime [s] | 0.040218 |
|     call count    |        1 |
+-------------------+----------+

+-----------------------+---------+-----------+
|         Event         | Counter |   Core 0  |
+-----------------------+---------+-----------+
|   INSTR_RETIRED_ANY   |  FIXC0  | 224883800 |
| CPU_CLK_UNHALTED_CORE |  FIXC1  |  99427920 |
|  CPU_CLK_UNHALTED_REF |  FIXC2  | 103327600 |
|    L2_LINES_IN_ALL    |   PMC0  |     41962 |
|     L2_TRANS_L2_WB    |   PMC1  |     15565 |
+-----------------------+---------+-----------+

+-------------------------------+-----------+
|             Metric            |   Core 0  |
+-------------------------------+-----------+
|      Runtime (RDTSC) [s]      |    0.0402 |
|      Runtime unhalted [s]     |    0.0384 |
|          Clock [MHz]          | 2494.1627 |
|              CPI              |    0.4421 |
|  L3 load bandwidth [MBytes/s] |   66.7746 |
|  L3 load data volume [GBytes] |    0.0027 |
| L3 evict bandwidth [MBytes/s] |   24.7688 |
| L3 evict data volume [GBytes] |    0.0010 |
|    L3 bandwidth [MBytes/s]    |   91.5433 |
|    L3 data volume [GBytes]    |    0.0037 |
+-------------------------------+-----------+

--------------------------------------------------------------------------------
CPU name:	Intel(R) Core(TM) i7-6500U CPU @ 2.50GHz
CPU type:	Intel Skylake processor
CPU clock:	2.59 GHz
--------------------------------------------------------------------------------
Bloom Join
-----------------
65536 Buckets 4 Hash Functions
Initialization: 0 ms 
Bloom Filter Generation: 428679 ms 
Join Core: 40 ms 
0 linhas
428722 ms 

--------------------------------------------------------------------------------
Region Initialization, Group 1: TLB_DATA
+-------------------+----------+
|    Region Info    |  Core 0  |
+-------------------+----------+
| RDTSC Runtime [s] | 0.000015 |
|     call count    |        1 |
+-------------------+----------+

+---------------------------------+---------+--------+
|              Event              | Counter | Core 0 |
+---------------------------------+---------+--------+
|        INSTR_RETIRED_ANY        |  FIXC0  |  19257 |
|      CPU_CLK_UNHALTED_CORE      |  FIXC1  |  21585 |
|       CPU_CLK_UNHALTED_REF      |  FIXC2  |  70524 |
|  DTLB_LOAD_MISSES_CAUSES_A_WALK |   PMC0  |     74 |
| DTLB_STORE_MISSES_CAUSES_A_WALK |   PMC1  |     12 |
|   DTLB_LOAD_MISSES_WALK_ACTIVE  |   PMC2  |   2080 |
|  DTLB_STORE_MISSES_WALK_ACTIVE  |   PMC3  |    329 |
+---------------------------------+---------+--------+

+-----------------------------------+--------------+
|               Metric              |    Core 0    |
+-----------------------------------+--------------+
|        Runtime (RDTSC) [s]        | 1.527017e-05 |
|        Runtime unhalted [s]       | 8.327574e-06 |
|            Clock [MHz]            |     793.3205 |
|                CPI                |       1.1209 |
|        L1 DTLB load misses        |           74 |
|       L1 DTLB load miss rate      |       0.0038 |
|  L1 DTLB load miss duration [Cyc] |      28.1081 |
|        L1 DTLB store misses       |           12 |
|      L1 DTLB store miss rate      |       0.0006 |
| L1 DTLB store miss duration [Cyc] |      27.4167 |
+-----------------------------------+--------------+

Region Generation, Group 1: TLB_DATA
+-------------------+----------+
|    Region Info    |  Core 0  |
+-------------------+----------+
| RDTSC Runtime [s] | 1.295743 |
|     call count    |  7500000 |
+-------------------+----------+

+---------------------------------+---------+-------------+
|              Event              | Counter |    Core 0   |
+---------------------------------+---------+-------------+
|        INSTR_RETIRED_ANY        |  FIXC0  | 28765850000 |
|      CPU_CLK_UNHALTED_CORE      |  FIXC1  | 68181230000 |
|       CPU_CLK_UNHALTED_REF      |  FIXC2  | 63147520000 |
|  DTLB_LOAD_MISSES_CAUSES_A_WALK |   PMC0  |   438092100 |
| DTLB_STORE_MISSES_CAUSES_A_WALK |   PMC1  |    46896050 |
|   DTLB_LOAD_MISSES_WALK_ACTIVE  |   PMC2  | 12479860000 |
|  DTLB_STORE_MISSES_WALK_ACTIVE  |   PMC3  |  1214408000 |
+---------------------------------+---------+-------------+

+-----------------------------------+-----------+
|               Metric              |   Core 0  |
+-----------------------------------+-----------+
|        Runtime (RDTSC) [s]        |    1.2957 |
|        Runtime unhalted [s]       |   26.3046 |
|            Clock [MHz]            | 2798.6081 |
|                CPI                |    2.3702 |
|        L1 DTLB load misses        | 438092100 |
|       L1 DTLB load miss rate      |    0.0152 |
|  L1 DTLB load miss duration [Cyc] |   28.4868 |
|        L1 DTLB store misses       |  46896050 |
|      L1 DTLB store miss rate      |    0.0016 |
| L1 DTLB store miss duration [Cyc] |   25.8957 |
+-----------------------------------+-----------+

Region Core, Group 1: TLB_DATA
+-------------------+----------+
|    Region Info    |  Core 0  |
+-------------------+----------+
| RDTSC Runtime [s] | 0.040348 |
|     call count    |        1 |
+-------------------+----------+

+---------------------------------+---------+-----------+
|              Event              | Counter |   Core 0  |
+---------------------------------+---------+-----------+
|        INSTR_RETIRED_ANY        |  FIXC0  | 224884000 |
|      CPU_CLK_UNHALTED_CORE      |  FIXC1  |  98773070 |
|       CPU_CLK_UNHALTED_REF      |  FIXC2  | 102646700 |
|  DTLB_LOAD_MISSES_CAUSES_A_WALK |   PMC0  |       204 |
| DTLB_STORE_MISSES_CAUSES_A_WALK |   PMC1  |        18 |
|   DTLB_LOAD_MISSES_WALK_ACTIVE  |   PMC2  |     12996 |
|  DTLB_STORE_MISSES_WALK_ACTIVE  |   PMC3  |       938 |
+---------------------------------+---------+-----------+

+-----------------------------------+--------------+
|               Metric              |    Core 0    |
+-----------------------------------+--------------+
|        Runtime (RDTSC) [s]        |       0.0403 |
|        Runtime unhalted [s]       |       0.0381 |
|            Clock [MHz]            |    2494.1761 |
|                CPI                |       0.4392 |
|        L1 DTLB load misses        |          204 |
|       L1 DTLB load miss rate      | 9.071343e-07 |
|  L1 DTLB load miss duration [Cyc] |      63.7059 |
|        L1 DTLB store misses       |           18 |
|      L1 DTLB store miss rate      | 8.004127e-08 |
| L1 DTLB store miss duration [Cyc] |      52.1111 |
+-----------------------------------+--------------+

