--------------------------------------------------------------------------------
CPU name:	Intel(R) Core(TM) i7-6500U CPU @ 2.50GHz
CPU type:	Intel Skylake processor
CPU clock:	2.59 GHz
--------------------------------------------------------------------------------
Bloom Join
-----------------
131072 Buckets 0 Hash Functions
Initialization: 0 ms 
Bloom Filter Generation: 83146 ms 
Join Core: 17 ms 
5217 linhas
83165 ms 

--------------------------------------------------------------------------------
Region Initialization, Group 1: L2
+-------------------+----------+
|    Region Info    |  Core 0  |
+-------------------+----------+
| RDTSC Runtime [s] | 0.000029 |
|     call count    |        1 |
+-------------------+----------+

+-----------------------+---------+--------+
|         Event         | Counter | Core 0 |
+-----------------------+---------+--------+
|   INSTR_RETIRED_ANY   |  FIXC0  |  33502 |
| CPU_CLK_UNHALTED_CORE |  FIXC1  |  29052 |
|  CPU_CLK_UNHALTED_REF |  FIXC2  |  94608 |
|    L1D_REPLACEMENT    |   PMC0  |    379 |
|      L1D_M_EVICT      |   PMC1  |    166 |
| ICACHE_64B_IFTAG_MISS |   PMC2  |    580 |
+-----------------------+---------+--------+

+--------------------------------+--------------+
|             Metric             |    Core 0    |
+--------------------------------+--------------+
|       Runtime (RDTSC) [s]      | 2.915291e-05 |
|      Runtime unhalted [s]      | 1.120836e-05 |
|           Clock [MHz]          |     795.9431 |
|               CPI              |       0.8672 |
|  L2D load bandwidth [MBytes/s] |     832.0267 |
|  L2D load data volume [GBytes] | 2.425600e-05 |
| L2D evict bandwidth [MBytes/s] |     364.4233 |
| L2D evict data volume [GBytes] | 1.062400e-05 |
|     L2 bandwidth [MBytes/s]    |    2469.7363 |
|     L2 data volume [GBytes]    |       0.0001 |
+--------------------------------+--------------+

Region Generation, Group 1: L2
+-------------------+----------+
|    Region Info    |  Core 0  |
+-------------------+----------+
| RDTSC Runtime [s] | 0.201099 |
|     call count    |  1500000 |
+-------------------+----------+

+-----------------------+---------+-------------+
|         Event         | Counter |    Core 0   |
+-----------------------+---------+-------------+
|   INSTR_RETIRED_ANY   |  FIXC0  |  5539447000 |
| CPU_CLK_UNHALTED_CORE |  FIXC1  | 12542560000 |
|  CPU_CLK_UNHALTED_REF |  FIXC2  | 13035700000 |
|    L1D_REPLACEMENT    |   PMC0  |   297635400 |
|      L1D_M_EVICT      |   PMC1  |    83837240 |
| ICACHE_64B_IFTAG_MISS |   PMC2  |   532796400 |
+-----------------------+---------+-------------+

+--------------------------------+-------------+
|             Metric             |    Core 0   |
+--------------------------------+-------------+
|       Runtime (RDTSC) [s]      |      0.2011 |
|      Runtime unhalted [s]      |      4.8390 |
|           Clock [MHz]          |   2493.9380 |
|               CPI              |      2.2642 |
|  L2D load bandwidth [MBytes/s] |  94722.7319 |
|  L2D load data volume [GBytes] |     19.0487 |
| L2D evict bandwidth [MBytes/s] |  26681.2765 |
| L2D evict data volume [GBytes] |      5.3656 |
|     L2 bandwidth [MBytes/s]    | 290966.9385 |
|     L2 data volume [GBytes]    |     58.5132 |
+--------------------------------+-------------+

Region Core, Group 1: L2
+-------------------+----------+
|    Region Info    |  Core 0  |
+-------------------+----------+
| RDTSC Runtime [s] | 0.017544 |
|     call count    |        1 |
+-------------------+----------+

+-----------------------+---------+-----------+
|         Event         | Counter |   Core 0  |
+-----------------------+---------+-----------+
|   INSTR_RETIRED_ANY   |  FIXC0  | 116713800 |
| CPU_CLK_UNHALTED_CORE |  FIXC1  |  42908990 |
|  CPU_CLK_UNHALTED_REF |  FIXC2  |  44591690 |
|    L1D_REPLACEMENT    |   PMC0  |     42503 |
|      L1D_M_EVICT      |   PMC1  |      1291 |
| ICACHE_64B_IFTAG_MISS |   PMC2  |      1086 |
+-----------------------+---------+-----------+

+--------------------------------+-----------+
|             Metric             |   Core 0  |
+--------------------------------+-----------+
|       Runtime (RDTSC) [s]      |    0.0175 |
|      Runtime unhalted [s]      |    0.0166 |
|           Clock [MHz]          | 2494.1823 |
|               CPI              |    0.3676 |
|  L2D load bandwidth [MBytes/s] |  155.0535 |
|  L2D load data volume [GBytes] |    0.0027 |
| L2D evict bandwidth [MBytes/s] |    4.7096 |
| L2D evict data volume [GBytes] |    0.0001 |
|     L2 bandwidth [MBytes/s]    |  163.7249 |
|     L2 data volume [GBytes]    |    0.0029 |
+--------------------------------+-----------+

--------------------------------------------------------------------------------
CPU name:	Intel(R) Core(TM) i7-6500U CPU @ 2.50GHz
CPU type:	Intel Skylake processor
CPU clock:	2.59 GHz
--------------------------------------------------------------------------------
Bloom Join
-----------------
131072 Buckets 0 Hash Functions
Initialization: 0 ms 
Bloom Filter Generation: 83197 ms 
Join Core: 17 ms 
5217 linhas
83217 ms 

--------------------------------------------------------------------------------
Region Initialization, Group 1: L2
+-------------------+----------+
|    Region Info    |  Core 0  |
+-------------------+----------+
| RDTSC Runtime [s] | 0.000031 |
|     call count    |        1 |
+-------------------+----------+

+-----------------------+---------+--------+
|         Event         | Counter | Core 0 |
+-----------------------+---------+--------+
|   INSTR_RETIRED_ANY   |  FIXC0  |  33502 |
| CPU_CLK_UNHALTED_CORE |  FIXC1  |  30725 |
|  CPU_CLK_UNHALTED_REF |  FIXC2  | 100008 |
|    L1D_REPLACEMENT    |   PMC0  |    383 |
|      L1D_M_EVICT      |   PMC1  |    170 |
| ICACHE_64B_IFTAG_MISS |   PMC2  |    648 |
+-----------------------+---------+--------+

+--------------------------------+--------------+
|             Metric             |    Core 0    |
+--------------------------------+--------------+
|       Runtime (RDTSC) [s]      | 3.085001e-05 |
|      Runtime unhalted [s]      | 1.185384e-05 |
|           Clock [MHz]          |     796.3245 |
|               CPI              |       0.9171 |
|  L2D load bandwidth [MBytes/s] |     794.5540 |
|  L2D load data volume [GBytes] | 2.451200e-05 |
| L2D evict bandwidth [MBytes/s] |     352.6741 |
| L2D evict data volume [GBytes] | 1.088000e-05 |
|     L2 bandwidth [MBytes/s]    |    2491.5389 |
|     L2 data volume [GBytes]    |       0.0001 |
+--------------------------------+--------------+

Region Generation, Group 1: L2
+-------------------+----------+
|    Region Info    |  Core 0  |
+-------------------+----------+
| RDTSC Runtime [s] | 0.231710 |
|     call count    |  1500000 |
+-------------------+----------+

+-----------------------+---------+-------------+
|         Event         | Counter |    Core 0   |
+-----------------------+---------+-------------+
|   INSTR_RETIRED_ANY   |  FIXC0  |  5539447000 |
| CPU_CLK_UNHALTED_CORE |  FIXC1  | 12452380000 |
|  CPU_CLK_UNHALTED_REF |  FIXC2  | 12941860000 |
|    L1D_REPLACEMENT    |   PMC0  |   314069100 |
|      L1D_M_EVICT      |   PMC1  |    91946240 |
| ICACHE_64B_IFTAG_MISS |   PMC2  |   573330100 |
+-----------------------+---------+-------------+

+--------------------------------+-------------+
|             Metric             |    Core 0   |
+--------------------------------+-------------+
|       Runtime (RDTSC) [s]      |      0.2317 |
|      Runtime unhalted [s]      |      4.8042 |
|           Clock [MHz]          |   2493.9550 |
|               CPI              |      2.2479 |
|  L2D load bandwidth [MBytes/s] |  86748.1495 |
|  L2D load data volume [GBytes] |     20.1004 |
| L2D evict bandwidth [MBytes/s] |  25396.2143 |
| L2D evict data volume [GBytes] |      5.8846 |
|     L2 bandwidth [MBytes/s]    | 270502.2706 |
|     L2 data volume [GBytes]    |     62.6781 |
+--------------------------------+-------------+

Region Core, Group 1: L2
+-------------------+----------+
|    Region Info    |  Core 0  |
+-------------------+----------+
| RDTSC Runtime [s] | 0.017700 |
|     call count    |        1 |
+-------------------+----------+

+-----------------------+---------+-----------+
|         Event         | Counter |   Core 0  |
+-----------------------+---------+-----------+
|   INSTR_RETIRED_ANY   |  FIXC0  | 116713800 |
| CPU_CLK_UNHALTED_CORE |  FIXC1  |  42886740 |
|  CPU_CLK_UNHALTED_REF |  FIXC2  |  44568250 |
|    L1D_REPLACEMENT    |   PMC0  |     42067 |
|      L1D_M_EVICT      |   PMC1  |      1278 |
| ICACHE_64B_IFTAG_MISS |   PMC2  |      1088 |
+-----------------------+---------+-----------+

+--------------------------------+-----------+
|             Metric             |   Core 0  |
+--------------------------------+-----------+
|       Runtime (RDTSC) [s]      |    0.0177 |
|      Runtime unhalted [s]      |    0.0165 |
|           Clock [MHz]          | 2494.1949 |
|               CPI              |    0.3675 |
|  L2D load bandwidth [MBytes/s] |  152.1092 |
|  L2D load data volume [GBytes] |    0.0027 |
| L2D evict bandwidth [MBytes/s] |    4.6211 |
| L2D evict data volume [GBytes] |    0.0001 |
|     L2 bandwidth [MBytes/s]    |  160.6644 |
|     L2 data volume [GBytes]    |    0.0028 |
+--------------------------------+-----------+

--------------------------------------------------------------------------------
CPU name:	Intel(R) Core(TM) i7-6500U CPU @ 2.50GHz
CPU type:	Intel Skylake processor
CPU clock:	2.59 GHz
--------------------------------------------------------------------------------
Bloom Join
-----------------
131072 Buckets 0 Hash Functions
Initialization: 0 ms 
Bloom Filter Generation: 83171 ms 
Join Core: 17 ms 
5217 linhas
83191 ms 

--------------------------------------------------------------------------------
Region Initialization, Group 1: L2
+-------------------+----------+
|    Region Info    |  Core 0  |
+-------------------+----------+
| RDTSC Runtime [s] | 0.000029 |
|     call count    |        1 |
+-------------------+----------+

+-----------------------+---------+--------+
|         Event         | Counter | Core 0 |
+-----------------------+---------+--------+
|   INSTR_RETIRED_ANY   |  FIXC0  |  33502 |
| CPU_CLK_UNHALTED_CORE |  FIXC1  |  29711 |
|  CPU_CLK_UNHALTED_REF |  FIXC2  |  96552 |
|    L1D_REPLACEMENT    |   PMC0  |    383 |
|      L1D_M_EVICT      |   PMC1  |    168 |
| ICACHE_64B_IFTAG_MISS |   PMC2  |    642 |
+-----------------------+---------+--------+

+--------------------------------+--------------+
|             Metric             |    Core 0    |
+--------------------------------+--------------+
|       Runtime (RDTSC) [s]      | 2.941398e-05 |
|      Runtime unhalted [s]      | 1.146262e-05 |
|           Clock [MHz]          |     797.6078 |
|               CPI              |       0.8868 |
|  L2D load bandwidth [MBytes/s] |     833.3452 |
|  L2D load data volume [GBytes] | 2.451200e-05 |
| L2D evict bandwidth [MBytes/s] |     365.5405 |
| L2D evict data volume [GBytes] | 1.075200e-05 |
|     L2 bandwidth [MBytes/s]    |    2595.7725 |
|     L2 data volume [GBytes]    |       0.0001 |
+--------------------------------+--------------+

Region Generation, Group 1: L2
+-------------------+----------+
|    Region Info    |  Core 0  |
+-------------------+----------+
| RDTSC Runtime [s] | 0.229607 |
|     call count    |  1500000 |
+-------------------+----------+

+-----------------------+---------+-------------+
|         Event         | Counter |    Core 0   |
+-----------------------+---------+-------------+
|   INSTR_RETIRED_ANY   |  FIXC0  |  5539447000 |
| CPU_CLK_UNHALTED_CORE |  FIXC1  | 12654420000 |
|  CPU_CLK_UNHALTED_REF |  FIXC2  | 13151850000 |
|    L1D_REPLACEMENT    |   PMC0  |   279572100 |
|      L1D_M_EVICT      |   PMC1  |    91732740 |
| ICACHE_64B_IFTAG_MISS |   PMC2  |   617064700 |
+-----------------------+---------+-------------+

+--------------------------------+-------------+
|             Metric             |    Core 0   |
+--------------------------------+-------------+
|       Runtime (RDTSC) [s]      |      0.2296 |
|      Runtime unhalted [s]      |      4.8821 |
|           Clock [MHz]          |   2493.9560 |
|               CPI              |      2.2844 |
|  L2D load bandwidth [MBytes/s] |  77927.1294 |
|  L2D load data volume [GBytes] |     17.8926 |
| L2D evict bandwidth [MBytes/s] |  25569.3222 |
| L2D evict data volume [GBytes] |      5.8709 |
|     L2 bandwidth [MBytes/s]    | 275495.3053 |
|     L2 data volume [GBytes]    |     63.2557 |
+--------------------------------+-------------+

Region Core, Group 1: L2
+-------------------+----------+
|    Region Info    |  Core 0  |
+-------------------+----------+
| RDTSC Runtime [s] | 0.017325 |
|     call count    |        1 |
+-------------------+----------+

+-----------------------+---------+-----------+
|         Event         | Counter |   Core 0  |
+-----------------------+---------+-----------+
|   INSTR_RETIRED_ANY   |  FIXC0  | 116713800 |
| CPU_CLK_UNHALTED_CORE |  FIXC1  |  42768830 |
|  CPU_CLK_UNHALTED_REF |  FIXC2  |  44446100 |
|    L1D_REPLACEMENT    |   PMC0  |     41091 |
|      L1D_M_EVICT      |   PMC1  |      1064 |
| ICACHE_64B_IFTAG_MISS |   PMC2  |       767 |
+-----------------------+---------+-----------+

+--------------------------------+-----------+
|             Metric             |   Core 0  |
+--------------------------------+-----------+
|       Runtime (RDTSC) [s]      |    0.0173 |
|      Runtime unhalted [s]      |    0.0165 |
|           Clock [MHz]          | 2494.1760 |
|               CPI              |    0.3664 |
|  L2D load bandwidth [MBytes/s] |  151.7965 |
|  L2D load data volume [GBytes] |    0.0026 |
| L2D evict bandwidth [MBytes/s] |    3.9306 |
| L2D evict data volume [GBytes] |    0.0001 |
|     L2 bandwidth [MBytes/s]    |  158.5605 |
|     L2 data volume [GBytes]    |    0.0027 |
+--------------------------------+-----------+

--------------------------------------------------------------------------------
CPU name:	Intel(R) Core(TM) i7-6500U CPU @ 2.50GHz
CPU type:	Intel Skylake processor
CPU clock:	2.59 GHz
--------------------------------------------------------------------------------
Bloom Join
-----------------
131072 Buckets 0 Hash Functions
Initialization: 0 ms 
Bloom Filter Generation: 84534 ms 
Join Core: 17 ms 
5217 linhas
84554 ms 

--------------------------------------------------------------------------------
Region Initialization, Group 1: L2
+-------------------+----------+
|    Region Info    |  Core 0  |
+-------------------+----------+
| RDTSC Runtime [s] | 0.000029 |
|     call count    |        1 |
+-------------------+----------+

+-----------------------+---------+--------+
|         Event         | Counter | Core 0 |
+-----------------------+---------+--------+
|   INSTR_RETIRED_ANY   |  FIXC0  |  33502 |
| CPU_CLK_UNHALTED_CORE |  FIXC1  |  29150 |
|  CPU_CLK_UNHALTED_REF |  FIXC2  |  94176 |
|    L1D_REPLACEMENT    |   PMC0  |    386 |
|      L1D_M_EVICT      |   PMC1  |    176 |
| ICACHE_64B_IFTAG_MISS |   PMC2  |    640 |
+-----------------------+---------+--------+

+--------------------------------+--------------+
|             Metric             |    Core 0    |
+--------------------------------+--------------+
|       Runtime (RDTSC) [s]      | 2.881820e-05 |
|      Runtime unhalted [s]      | 1.124619e-05 |
|           Clock [MHz]          |     802.2898 |
|               CPI              |       0.8701 |
|  L2D load bandwidth [MBytes/s] |     857.2361 |
|  L2D load data volume [GBytes] | 2.470400e-05 |
| L2D evict bandwidth [MBytes/s] |     390.8641 |
| L2D evict data volume [GBytes] | 1.126400e-05 |
|     L2 bandwidth [MBytes/s]    |    2669.4242 |
|     L2 data volume [GBytes]    |       0.0001 |
+--------------------------------+--------------+

Region Generation, Group 1: L2
+-------------------+----------+
|    Region Info    |  Core 0  |
+-------------------+----------+
| RDTSC Runtime [s] | 0.229505 |
|     call count    |  1500000 |
+-------------------+----------+

+-----------------------+---------+-------------+
|         Event         | Counter |    Core 0   |
+-----------------------+---------+-------------+
|   INSTR_RETIRED_ANY   |  FIXC0  |  5539447000 |
| CPU_CLK_UNHALTED_CORE |  FIXC1  | 12570290000 |
|  CPU_CLK_UNHALTED_REF |  FIXC2  | 13064830000 |
|    L1D_REPLACEMENT    |   PMC0  |   286986000 |
|      L1D_M_EVICT      |   PMC1  |    95181060 |
| ICACHE_64B_IFTAG_MISS |   PMC2  |   614131200 |
+-----------------------+---------+-------------+

+--------------------------------+-------------+
|             Metric             |    Core 0   |
+--------------------------------+-------------+
|       Runtime (RDTSC) [s]      |      0.2295 |
|      Runtime unhalted [s]      |      4.8497 |
|           Clock [MHz]          |   2493.8740 |
|               CPI              |      2.2692 |
|  L2D load bandwidth [MBytes/s] |  80029.3153 |
|  L2D load data volume [GBytes] |     18.3671 |
| L2D evict bandwidth [MBytes/s] |  26542.3228 |
| L2D evict data volume [GBytes] |      6.0916 |
|     L2 bandwidth [MBytes/s]    | 277829.1191 |
|     L2 data volume [GBytes]    |     63.7631 |
+--------------------------------+-------------+

Region Core, Group 1: L2
+-------------------+----------+
|    Region Info    |  Core 0  |
+-------------------+----------+
| RDTSC Runtime [s] | 0.017696 |
|     call count    |        1 |
+-------------------+----------+

+-----------------------+---------+-----------+
|         Event         | Counter |   Core 0  |
+-----------------------+---------+-----------+
|   INSTR_RETIRED_ANY   |  FIXC0  | 116713800 |
| CPU_CLK_UNHALTED_CORE |  FIXC1  |  42858530 |
|  CPU_CLK_UNHALTED_REF |  FIXC2  |  44538880 |
|    L1D_REPLACEMENT    |   PMC0  |     43772 |
|      L1D_M_EVICT      |   PMC1  |      1430 |
| ICACHE_64B_IFTAG_MISS |   PMC2  |      1309 |
+-----------------------+---------+-----------+

+--------------------------------+-----------+
|             Metric             |   Core 0  |
+--------------------------------+-----------+
|       Runtime (RDTSC) [s]      |    0.0177 |
|      Runtime unhalted [s]      |    0.0165 |
|           Clock [MHz]          | 2494.1981 |
|               CPI              |    0.3672 |
|  L2D load bandwidth [MBytes/s] |  158.3033 |
|  L2D load data volume [GBytes] |    0.0028 |
| L2D evict bandwidth [MBytes/s] |    5.1717 |
| L2D evict data volume [GBytes] |    0.0001 |
|     L2 bandwidth [MBytes/s]    |  168.2090 |
|     L2 data volume [GBytes]    |    0.0030 |
+--------------------------------+-----------+

--------------------------------------------------------------------------------
CPU name:	Intel(R) Core(TM) i7-6500U CPU @ 2.50GHz
CPU type:	Intel Skylake processor
CPU clock:	2.59 GHz
--------------------------------------------------------------------------------
Bloom Join
-----------------
131072 Buckets 0 Hash Functions
Initialization: 0 ms 
Bloom Filter Generation: 69673 ms 
Join Core: 14 ms 
5217 linhas
69689 ms 

--------------------------------------------------------------------------------
Region Initialization, Group 1: L2
+-------------------+----------+
|    Region Info    |  Core 0  |
+-------------------+----------+
| RDTSC Runtime [s] | 0.000009 |
|     call count    |        1 |
+-------------------+----------+

+-----------------------+---------+--------+
|         Event         | Counter | Core 0 |
+-----------------------+---------+--------+
|   INSTR_RETIRED_ANY   |  FIXC0  |  33502 |
| CPU_CLK_UNHALTED_CORE |  FIXC1  |  30061 |
|  CPU_CLK_UNHALTED_REF |  FIXC2  |  30888 |
|    L1D_REPLACEMENT    |   PMC0  |    379 |
|      L1D_M_EVICT      |   PMC1  |    158 |
| ICACHE_64B_IFTAG_MISS |   PMC2  |    628 |
+-----------------------+---------+--------+

+--------------------------------+--------------+
|             Metric             |    Core 0    |
+--------------------------------+--------------+
|       Runtime (RDTSC) [s]      | 9.305812e-06 |
|      Runtime unhalted [s]      | 1.159768e-05 |
|           Clock [MHz]          |    2522.5860 |
|               CPI              |       0.8973 |
|  L2D load bandwidth [MBytes/s] |    2606.5431 |
|  L2D load data volume [GBytes] | 2.425600e-05 |
| L2D evict bandwidth [MBytes/s] |    1086.6327 |
| L2D evict data volume [GBytes] | 1.011200e-05 |
|     L2 bandwidth [MBytes/s]    |    8012.1971 |
|     L2 data volume [GBytes]    |       0.0001 |
+--------------------------------+--------------+

Region Generation, Group 1: L2
+-------------------+----------+
|    Region Info    |  Core 0  |
+-------------------+----------+
| RDTSC Runtime [s] | 0.176104 |
|     call count    |  1500000 |
+-------------------+----------+

+-----------------------+---------+-------------+
|         Event         | Counter |    Core 0   |
+-----------------------+---------+-------------+
|   INSTR_RETIRED_ANY   |  FIXC0  |  5539447000 |
| CPU_CLK_UNHALTED_CORE |  FIXC1  | 13310370000 |
|  CPU_CLK_UNHALTED_REF |  FIXC2  | 11169130000 |
|    L1D_REPLACEMENT    |   PMC0  |   293113500 |
|      L1D_M_EVICT      |   PMC1  |    88484860 |
| ICACHE_64B_IFTAG_MISS |   PMC2  |   606805600 |
+-----------------------+---------+-------------+

+--------------------------------+-------------+
|             Metric             |    Core 0   |
+--------------------------------+-------------+
|       Runtime (RDTSC) [s]      |      0.1761 |
|      Runtime unhalted [s]      |      5.1352 |
|           Clock [MHz]          |   3088.8948 |
|               CPI              |      2.4028 |
|  L2D load bandwidth [MBytes/s] | 106523.9629 |
|  L2D load data volume [GBytes] |     18.7593 |
| L2D evict bandwidth [MBytes/s] |  32157.3655 |
| L2D evict data volume [GBytes] |      5.6630 |
|     L2 bandwidth [MBytes/s]    | 359207.9748 |
|     L2 data volume [GBytes]    |     63.2579 |
+--------------------------------+-------------+

Region Core, Group 1: L2
+-------------------+----------+
|    Region Info    |  Core 0  |
+-------------------+----------+
| RDTSC Runtime [s] | 0.014302 |
|     call count    |        1 |
+-------------------+----------+

+-----------------------+---------+-----------+
|         Event         | Counter |   Core 0  |
+-----------------------+---------+-----------+
|   INSTR_RETIRED_ANY   |  FIXC0  | 116713800 |
| CPU_CLK_UNHALTED_CORE |  FIXC1  |  42868950 |
|  CPU_CLK_UNHALTED_REF |  FIXC2  |  35932790 |
|    L1D_REPLACEMENT    |   PMC0  |     42264 |
|      L1D_M_EVICT      |   PMC1  |      1329 |
| ICACHE_64B_IFTAG_MISS |   PMC2  |      1124 |
+-----------------------+---------+-----------+

+--------------------------------+-----------+
|             Metric             |   Core 0  |
+--------------------------------+-----------+
|       Runtime (RDTSC) [s]      |    0.0143 |
|      Runtime unhalted [s]      |    0.0165 |
|           Clock [MHz]          | 3092.3187 |
|               CPI              |    0.3673 |
|  L2D load bandwidth [MBytes/s] |  189.1221 |
|  L2D load data volume [GBytes] |    0.0027 |
| L2D evict bandwidth [MBytes/s] |    5.9470 |
| L2D evict data volume [GBytes] |    0.0001 |
|     L2 bandwidth [MBytes/s]    |  200.0987 |
|     L2 data volume [GBytes]    |    0.0029 |
+--------------------------------+-----------+

--------------------------------------------------------------------------------
CPU name:	Intel(R) Core(TM) i7-6500U CPU @ 2.50GHz
CPU type:	Intel Skylake processor
CPU clock:	2.59 GHz
--------------------------------------------------------------------------------
Bloom Join
-----------------
131072 Buckets 0 Hash Functions
Initialization: 0 ms 
Bloom Filter Generation: 83526 ms 
Join Core: 17 ms 
5217 linhas
83545 ms 

--------------------------------------------------------------------------------
Region Initialization, Group 1: L2
+-------------------+----------+
|    Region Info    |  Core 0  |
+-------------------+----------+
| RDTSC Runtime [s] | 0.000011 |
|     call count    |        1 |
+-------------------+----------+

+-----------------------+---------+--------+
|         Event         | Counter | Core 0 |
+-----------------------+---------+--------+
|   INSTR_RETIRED_ANY   |  FIXC0  |  33502 |
| CPU_CLK_UNHALTED_CORE |  FIXC1  |  31280 |
|  CPU_CLK_UNHALTED_REF |  FIXC2  |  37044 |
|    L1D_REPLACEMENT    |   PMC0  |    385 |
|      L1D_M_EVICT      |   PMC1  |    167 |
| ICACHE_64B_IFTAG_MISS |   PMC2  |    672 |
+-----------------------+---------+--------+

+--------------------------------+--------------+
|             Metric             |    Core 0    |
+--------------------------------+--------------+
|       Runtime (RDTSC) [s]      | 1.131194e-05 |
|      Runtime unhalted [s]      | 1.206795e-05 |
|           Clock [MHz]          |    2188.6793 |
|               CPI              |       0.9337 |
|  L2D load bandwidth [MBytes/s] |    2178.2294 |
|  L2D load data volume [GBytes] | 2.464000e-05 |
| L2D evict bandwidth [MBytes/s] |     944.8424 |
| L2D evict data volume [GBytes] | 1.068800e-05 |
|     L2 bandwidth [MBytes/s]    |    6925.0721 |
|     L2 data volume [GBytes]    |       0.0001 |
+--------------------------------+--------------+

Region Generation, Group 1: L2
+-------------------+----------+
|    Region Info    |  Core 0  |
+-------------------+----------+
| RDTSC Runtime [s] | 0.232329 |
|     call count    |  1500000 |
+-------------------+----------+

+-----------------------+---------+-------------+
|         Event         | Counter |    Core 0   |
+-----------------------+---------+-------------+
|   INSTR_RETIRED_ANY   |  FIXC0  |  5539447000 |
| CPU_CLK_UNHALTED_CORE |  FIXC1  | 12582770000 |
|  CPU_CLK_UNHALTED_REF |  FIXC2  | 13077040000 |
|    L1D_REPLACEMENT    |   PMC0  |   296973700 |
|      L1D_M_EVICT      |   PMC1  |    91284770 |
| ICACHE_64B_IFTAG_MISS |   PMC2  |   574158400 |
+-----------------------+---------+-------------+

+--------------------------------+-------------+
|             Metric             |    Core 0   |
+--------------------------------+-------------+
|       Runtime (RDTSC) [s]      |      0.2323 |
|      Runtime unhalted [s]      |      4.8545 |
|           Clock [MHz]          |   2494.0208 |
|               CPI              |      2.2715 |
|  L2D load bandwidth [MBytes/s] |  81807.6618 |
|  L2D load data volume [GBytes] |     19.0063 |
| L2D evict bandwidth [MBytes/s] |  25146.3129 |
| L2D evict data volume [GBytes] |      5.8422 |
|     L2 bandwidth [MBytes/s]    | 265118.0014 |
|     L2 data volume [GBytes]    |     61.5947 |
+--------------------------------+-------------+

Region Core, Group 1: L2
+-------------------+----------+
|    Region Info    |  Core 0  |
+-------------------+----------+
| RDTSC Runtime [s] | 0.017481 |
|     call count    |        1 |
+-------------------+----------+

+-----------------------+---------+-----------+
|         Event         | Counter |   Core 0  |
+-----------------------+---------+-----------+
|   INSTR_RETIRED_ANY   |  FIXC0  | 116713800 |
| CPU_CLK_UNHALTED_CORE |  FIXC1  |  42807850 |
|  CPU_CLK_UNHALTED_REF |  FIXC2  |  44486500 |
|    L1D_REPLACEMENT    |   PMC0  |     42097 |
|      L1D_M_EVICT      |   PMC1  |      1186 |
| ICACHE_64B_IFTAG_MISS |   PMC2  |       926 |
+-----------------------+---------+-----------+

+--------------------------------+-----------+
|             Metric             |   Core 0  |
+--------------------------------+-----------+
|       Runtime (RDTSC) [s]      |    0.0175 |
|      Runtime unhalted [s]      |    0.0165 |
|           Clock [MHz]          | 2494.1838 |
|               CPI              |    0.3668 |
|  L2D load bandwidth [MBytes/s] |  154.1181 |
|  L2D load data volume [GBytes] |    0.0027 |
| L2D evict bandwidth [MBytes/s] |    4.3420 |
| L2D evict data volume [GBytes] |    0.0001 |
|     L2 bandwidth [MBytes/s]    |  161.8502 |
|     L2 data volume [GBytes]    |    0.0028 |
+--------------------------------+-----------+

--------------------------------------------------------------------------------
CPU name:	Intel(R) Core(TM) i7-6500U CPU @ 2.50GHz
CPU type:	Intel Skylake processor
CPU clock:	2.59 GHz
--------------------------------------------------------------------------------
Bloom Join
-----------------
131072 Buckets 0 Hash Functions
Initialization: 0 ms 
Bloom Filter Generation: 84650 ms 
Join Core: 17 ms 
5217 linhas
84669 ms 

--------------------------------------------------------------------------------
Region Initialization, Group 1: L2
+-------------------+----------+
|    Region Info    |  Core 0  |
+-------------------+----------+
| RDTSC Runtime [s] | 0.000029 |
|     call count    |        1 |
+-------------------+----------+

+-----------------------+---------+--------+
|         Event         | Counter | Core 0 |
+-----------------------+---------+--------+
|   INSTR_RETIRED_ANY   |  FIXC0  |  33502 |
| CPU_CLK_UNHALTED_CORE |  FIXC1  |  28967 |
|  CPU_CLK_UNHALTED_REF |  FIXC2  |  94284 |
|    L1D_REPLACEMENT    |   PMC0  |    396 |
|      L1D_M_EVICT      |   PMC1  |    187 |
| ICACHE_64B_IFTAG_MISS |   PMC2  |    584 |
+-----------------------+---------+--------+

+--------------------------------+--------------+
|             Metric             |    Core 0    |
+--------------------------------+--------------+
|       Runtime (RDTSC) [s]      | 2.919869e-05 |
|      Runtime unhalted [s]      | 1.117561e-05 |
|           Clock [MHz]          |     796.3387 |
|               CPI              |       0.8646 |
|  L2D load bandwidth [MBytes/s] |     867.9841 |
|  L2D load data volume [GBytes] | 2.534400e-05 |
| L2D evict bandwidth [MBytes/s] |     409.8814 |
| L2D evict data volume [GBytes] | 1.196800e-05 |
|     L2 bandwidth [MBytes/s]    |    2557.9230 |
|     L2 data volume [GBytes]    |       0.0001 |
+--------------------------------+--------------+

Region Generation, Group 1: L2
+-------------------+----------+
|    Region Info    |  Core 0  |
+-------------------+----------+
| RDTSC Runtime [s] | 0.213411 |
|     call count    |  1500000 |
+-------------------+----------+

+-----------------------+---------+-------------+
|         Event         | Counter |    Core 0   |
+-----------------------+---------+-------------+
|   INSTR_RETIRED_ANY   |  FIXC0  |  5539447000 |
| CPU_CLK_UNHALTED_CORE |  FIXC1  | 12456770000 |
|  CPU_CLK_UNHALTED_REF |  FIXC2  | 12946280000 |
|    L1D_REPLACEMENT    |   PMC0  |   308609300 |
|      L1D_M_EVICT      |   PMC1  |    88667270 |
| ICACHE_64B_IFTAG_MISS |   PMC2  |   564506900 |
+-----------------------+---------+-------------+

+--------------------------------+-------------+
|             Metric             |    Core 0   |
+--------------------------------+-------------+
|       Runtime (RDTSC) [s]      |      0.2134 |
|      Runtime unhalted [s]      |      4.8059 |
|           Clock [MHz]          |   2493.9789 |
|               CPI              |      2.2487 |
|  L2D load bandwidth [MBytes/s] |  92549.0096 |
|  L2D load data volume [GBytes] |     19.7510 |
| L2D evict bandwidth [MBytes/s] |  26590.4755 |
| L2D evict data volume [GBytes] |      5.6747 |
|     L2 bandwidth [MBytes/s]    | 288429.7641 |
|     L2 data volume [GBytes]    |     61.5541 |
+--------------------------------+-------------+

Region Core, Group 1: L2
+-------------------+----------+
|    Region Info    |  Core 0  |
+-------------------+----------+
| RDTSC Runtime [s] | 0.017436 |
|     call count    |        1 |
+-------------------+----------+

+-----------------------+---------+-----------+
|         Event         | Counter |   Core 0  |
+-----------------------+---------+-----------+
|   INSTR_RETIRED_ANY   |  FIXC0  | 116713800 |
| CPU_CLK_UNHALTED_CORE |  FIXC1  |  42866210 |
|  CPU_CLK_UNHALTED_REF |  FIXC2  |  44547080 |
|    L1D_REPLACEMENT    |   PMC0  |     41991 |
|      L1D_M_EVICT      |   PMC1  |      1338 |
| ICACHE_64B_IFTAG_MISS |   PMC2  |      1088 |
+-----------------------+---------+-----------+

+--------------------------------+-----------+
|             Metric             |   Core 0  |
+--------------------------------+-----------+
|       Runtime (RDTSC) [s]      |    0.0174 |
|      Runtime unhalted [s]      |    0.0165 |
|           Clock [MHz]          | 2494.1821 |
|               CPI              |    0.3673 |
|  L2D load bandwidth [MBytes/s] |  154.1324 |
|  L2D load data volume [GBytes] |    0.0027 |
| L2D evict bandwidth [MBytes/s] |    4.9113 |
| L2D evict data volume [GBytes] |    0.0001 |
|     L2 bandwidth [MBytes/s]    |  163.0372 |
|     L2 data volume [GBytes]    |    0.0028 |
+--------------------------------+-----------+

--------------------------------------------------------------------------------
CPU name:	Intel(R) Core(TM) i7-6500U CPU @ 2.50GHz
CPU type:	Intel Skylake processor
CPU clock:	2.59 GHz
--------------------------------------------------------------------------------
Bloom Join
-----------------
131072 Buckets 0 Hash Functions
Initialization: 0 ms 
Bloom Filter Generation: 76359 ms 
Join Core: 18 ms 
5217 linhas
76378 ms 

--------------------------------------------------------------------------------
Region Initialization, Group 1: L3
+-------------------+----------+
|    Region Info    |  Core 0  |
+-------------------+----------+
| RDTSC Runtime [s] | 0.000011 |
|     call count    |        1 |
+-------------------+----------+

+-----------------------+---------+--------+
|         Event         | Counter | Core 0 |
+-----------------------+---------+--------+
|   INSTR_RETIRED_ANY   |  FIXC0  |  33409 |
| CPU_CLK_UNHALTED_CORE |  FIXC1  |  32451 |
|  CPU_CLK_UNHALTED_REF |  FIXC2  |  34020 |
|    L2_LINES_IN_ALL    |   PMC0  |    606 |
|     L2_TRANS_L2_WB    |   PMC1  |    131 |
+-----------------------+---------+--------+

+-------------------------------+--------------+
|             Metric            |    Core 0    |
+-------------------------------+--------------+
|      Runtime (RDTSC) [s]      | 1.065773e-05 |
|      Runtime unhalted [s]     | 1.251976e-05 |
|          Clock [MHz]          |    2472.4415 |
|              CPI              |       0.9713 |
|  L3 load bandwidth [MBytes/s] |    3639.0488 |
|  L3 load data volume [GBytes] | 3.878400e-05 |
| L3 evict bandwidth [MBytes/s] |     786.6591 |
| L3 evict data volume [GBytes] | 8.384000e-06 |
|    L3 bandwidth [MBytes/s]    |    4425.7079 |
|    L3 data volume [GBytes]    | 4.716800e-05 |
+-------------------------------+--------------+

Region Generation, Group 1: L3
+-------------------+----------+
|    Region Info    |  Core 0  |
+-------------------+----------+
| RDTSC Runtime [s] | 0.245563 |
|     call count    |  1500000 |
+-------------------+----------+

+-----------------------+---------+-------------+
|         Event         | Counter |    Core 0   |
+-----------------------+---------+-------------+
|   INSTR_RETIRED_ANY   |  FIXC0  |  5399947000 |
| CPU_CLK_UNHALTED_CORE |  FIXC1  | 12510820000 |
|  CPU_CLK_UNHALTED_REF |  FIXC2  | 13002000000 |
|    L2_LINES_IN_ALL    |   PMC0  |   176503100 |
|     L2_TRANS_L2_WB    |   PMC1  |    30038850 |
+-----------------------+---------+-------------+

+-------------------------------+------------+
|             Metric            |   Core 0   |
+-------------------------------+------------+
|      Runtime (RDTSC) [s]      |     0.2456 |
|      Runtime unhalted [s]     |     4.8267 |
|          Clock [MHz]          |  2494.0655 |
|              CPI              |     2.3168 |
|  L3 load bandwidth [MBytes/s] | 46001.2608 |
|  L3 load data volume [GBytes] |    11.2962 |
| L3 evict bandwidth [MBytes/s] |  7828.8992 |
| L3 evict data volume [GBytes] |     1.9225 |
|    L3 bandwidth [MBytes/s]    | 53830.1599 |
|    L3 data volume [GBytes]    |    13.2187 |
+-------------------------------+------------+

Region Core, Group 1: L3
+-------------------+----------+
|    Region Info    |  Core 0  |
+-------------------+----------+
| RDTSC Runtime [s] | 0.017498 |
|     call count    |        1 |
+-------------------+----------+

+-----------------------+---------+-----------+
|         Event         | Counter |   Core 0  |
+-----------------------+---------+-----------+
|   INSTR_RETIRED_ANY   |  FIXC0  | 116713700 |
| CPU_CLK_UNHALTED_CORE |  FIXC1  |  42915800 |
|  CPU_CLK_UNHALTED_REF |  FIXC2  |  44598820 |
|    L2_LINES_IN_ALL    |   PMC0  |     32738 |
|     L2_TRANS_L2_WB    |   PMC1  |     19860 |
+-----------------------+---------+-----------+

+-------------------------------+-----------+
|             Metric            |   Core 0  |
+-------------------------------+-----------+
|      Runtime (RDTSC) [s]      |    0.0175 |
|      Runtime unhalted [s]     |    0.0166 |
|          Clock [MHz]          | 2494.1702 |
|              CPI              |    0.3677 |
|  L3 load bandwidth [MBytes/s] |  119.7382 |
|  L3 load data volume [GBytes] |    0.0021 |
| L3 evict bandwidth [MBytes/s] |   72.6373 |
| L3 evict data volume [GBytes] |    0.0013 |
|    L3 bandwidth [MBytes/s]    |  192.3755 |
|    L3 data volume [GBytes]    |    0.0034 |
+-------------------------------+-----------+

--------------------------------------------------------------------------------
CPU name:	Intel(R) Core(TM) i7-6500U CPU @ 2.50GHz
CPU type:	Intel Skylake processor
CPU clock:	2.59 GHz
--------------------------------------------------------------------------------
Bloom Join
-----------------
131072 Buckets 0 Hash Functions
Initialization: 0 ms 
Bloom Filter Generation: 76365 ms 
Join Core: 18 ms 
5217 linhas
76385 ms 

--------------------------------------------------------------------------------
Region Initialization, Group 1: L3
+-------------------+----------+
|    Region Info    |  Core 0  |
+-------------------+----------+
| RDTSC Runtime [s] | 0.000029 |
|     call count    |        1 |
+-------------------+----------+

+-----------------------+---------+--------+
|         Event         | Counter | Core 0 |
+-----------------------+---------+--------+
|   INSTR_RETIRED_ANY   |  FIXC0  |  33409 |
| CPU_CLK_UNHALTED_CORE |  FIXC1  |  28831 |
|  CPU_CLK_UNHALTED_REF |  FIXC2  |  93744 |
|    L2_LINES_IN_ALL    |   PMC0  |    613 |
|     L2_TRANS_L2_WB    |   PMC1  |    137 |
+-----------------------+---------+--------+

+-------------------------------+--------------+
|             Metric            |    Core 0    |
+-------------------------------+--------------+
|      Runtime (RDTSC) [s]      | 2.888118e-05 |
|      Runtime unhalted [s]     | 1.112339e-05 |
|          Clock [MHz]          |     797.1480 |
|              CPI              |       0.8630 |
|  L3 load bandwidth [MBytes/s] |    1358.3933 |
|  L3 load data volume [GBytes] | 3.923200e-05 |
| L3 evict bandwidth [MBytes/s] |     303.5887 |
| L3 evict data volume [GBytes] | 8.768000e-06 |
|    L3 bandwidth [MBytes/s]    |    1661.9820 |
|    L3 data volume [GBytes]    | 4.800000e-05 |
+-------------------------------+--------------+

Region Generation, Group 1: L3
+-------------------+----------+
|    Region Info    |  Core 0  |
+-------------------+----------+
| RDTSC Runtime [s] | 0.238112 |
|     call count    |  1500000 |
+-------------------+----------+

+-----------------------+---------+-------------+
|         Event         | Counter |    Core 0   |
+-----------------------+---------+-------------+
|   INSTR_RETIRED_ANY   |  FIXC0  |  5399947000 |
| CPU_CLK_UNHALTED_CORE |  FIXC1  | 12390930000 |
|  CPU_CLK_UNHALTED_REF |  FIXC2  | 12878410000 |
|    L2_LINES_IN_ALL    |   PMC0  |   204158700 |
|     L2_TRANS_L2_WB    |   PMC1  |    29849480 |
+-----------------------+---------+-------------+

+-------------------------------+------------+
|             Metric            |   Core 0   |
+-------------------------------+------------+
|      Runtime (RDTSC) [s]      |     0.2381 |
|      Runtime unhalted [s]     |     4.7806 |
|          Clock [MHz]          |  2493.8158 |
|              CPI              |     2.2946 |
|  L3 load bandwidth [MBytes/s] | 54874.0646 |
|  L3 load data volume [GBytes] |    13.0662 |
| L3 evict bandwidth [MBytes/s] |  8022.9855 |
| L3 evict data volume [GBytes] |     1.9104 |
|    L3 bandwidth [MBytes/s]    | 62897.0501 |
|    L3 data volume [GBytes]    |    14.9765 |
+-------------------------------+------------+

Region Core, Group 1: L3
+-------------------+----------+
|    Region Info    |  Core 0  |
+-------------------+----------+
| RDTSC Runtime [s] | 0.017494 |
|     call count    |        1 |
+-------------------+----------+

+-----------------------+---------+-----------+
|         Event         | Counter |   Core 0  |
+-----------------------+---------+-----------+
|   INSTR_RETIRED_ANY   |  FIXC0  | 116713700 |
| CPU_CLK_UNHALTED_CORE |  FIXC1  |  42980610 |
|  CPU_CLK_UNHALTED_REF |  FIXC2  |  44665990 |
|    L2_LINES_IN_ALL    |   PMC0  |     32847 |
|     L2_TRANS_L2_WB    |   PMC1  |     19074 |
+-----------------------+---------+-----------+

+-------------------------------+-----------+
|             Metric            |   Core 0  |
+-------------------------------+-----------+
|      Runtime (RDTSC) [s]      |    0.0175 |
|      Runtime unhalted [s]     |    0.0166 |
|          Clock [MHz]          | 2494.1256 |
|              CPI              |    0.3683 |
|  L3 load bandwidth [MBytes/s] |  120.1651 |
|  L3 load data volume [GBytes] |    0.0021 |
| L3 evict bandwidth [MBytes/s] |   69.7790 |
| L3 evict data volume [GBytes] |    0.0012 |
|    L3 bandwidth [MBytes/s]    |  189.9441 |
|    L3 data volume [GBytes]    |    0.0033 |
+-------------------------------+-----------+

--------------------------------------------------------------------------------
CPU name:	Intel(R) Core(TM) i7-6500U CPU @ 2.50GHz
CPU type:	Intel Skylake processor
CPU clock:	2.59 GHz
--------------------------------------------------------------------------------
Bloom Join
-----------------
131072 Buckets 0 Hash Functions
Initialization: 0 ms 
Bloom Filter Generation: 77274 ms 
Join Core: 18 ms 
5217 linhas
77295 ms 

--------------------------------------------------------------------------------
Region Initialization, Group 1: L3
+-------------------+----------+
|    Region Info    |  Core 0  |
+-------------------+----------+
| RDTSC Runtime [s] | 0.000030 |
|     call count    |        1 |
+-------------------+----------+

+-----------------------+---------+--------+
|         Event         | Counter | Core 0 |
+-----------------------+---------+--------+
|   INSTR_RETIRED_ANY   |  FIXC0  |  33409 |
| CPU_CLK_UNHALTED_CORE |  FIXC1  |  29645 |
|  CPU_CLK_UNHALTED_REF |  FIXC2  |  96444 |
|    L2_LINES_IN_ALL    |   PMC0  |    649 |
|     L2_TRANS_L2_WB    |   PMC1  |    119 |
+-----------------------+---------+--------+

+-------------------------------+--------------+
|             Metric            |    Core 0    |
+-------------------------------+--------------+
|      Runtime (RDTSC) [s]      | 2.956056e-05 |
|      Runtime unhalted [s]     | 1.143716e-05 |
|          Clock [MHz]          |     796.7271 |
|              CPI              |       0.8873 |
|  L3 load bandwidth [MBytes/s] |    1405.1155 |
|  L3 load data volume [GBytes] | 4.153600e-05 |
| L3 evict bandwidth [MBytes/s] |     257.6406 |
| L3 evict data volume [GBytes] | 7.616000e-06 |
|    L3 bandwidth [MBytes/s]    |    1662.7561 |
|    L3 data volume [GBytes]    | 4.915200e-05 |
+-------------------------------+--------------+

Region Generation, Group 1: L3
+-------------------+----------+
|    Region Info    |  Core 0  |
+-------------------+----------+
| RDTSC Runtime [s] | 0.273465 |
|     call count    |  1500000 |
+-------------------+----------+

+-----------------------+---------+-------------+
|         Event         | Counter |    Core 0   |
+-----------------------+---------+-------------+
|   INSTR_RETIRED_ANY   |  FIXC0  |  5400104000 |
| CPU_CLK_UNHALTED_CORE |  FIXC1  | 12849660000 |
|  CPU_CLK_UNHALTED_REF |  FIXC2  | 13354510000 |
|    L2_LINES_IN_ALL    |   PMC0  |   209204400 |
|     L2_TRANS_L2_WB    |   PMC1  |    38617080 |
+-----------------------+---------+-------------+

+-------------------------------+------------+
|             Metric            |   Core 0   |
+-------------------------------+------------+
|      Runtime (RDTSC) [s]      |     0.2735 |
|      Runtime unhalted [s]     |     4.9574 |
|          Clock [MHz]          |  2494.0033 |
|              CPI              |     2.3795 |
|  L3 load bandwidth [MBytes/s] | 48960.9138 |
|  L3 load data volume [GBytes] |    13.3891 |
| L3 evict bandwidth [MBytes/s] |  9037.7044 |
| L3 evict data volume [GBytes] |     2.4715 |
|    L3 bandwidth [MBytes/s]    | 57998.6182 |
|    L3 data volume [GBytes]    |    15.8606 |
+-------------------------------+------------+

Region Core, Group 1: L3
+-------------------+----------+
|    Region Info    |  Core 0  |
+-------------------+----------+
| RDTSC Runtime [s] | 0.017768 |
|     call count    |        1 |
+-------------------+----------+

+-----------------------+---------+-----------+
|         Event         | Counter |   Core 0  |
+-----------------------+---------+-----------+
|   INSTR_RETIRED_ANY   |  FIXC0  | 116713700 |
| CPU_CLK_UNHALTED_CORE |  FIXC1  |  43602120 |
|  CPU_CLK_UNHALTED_REF |  FIXC2  |  45312160 |
|    L2_LINES_IN_ALL    |   PMC0  |     32504 |
|     L2_TRANS_L2_WB    |   PMC1  |     21253 |
+-----------------------+---------+-----------+

+-------------------------------+-----------+
|             Metric            |   Core 0  |
+-------------------------------+-----------+
|      Runtime (RDTSC) [s]      |    0.0178 |
|      Runtime unhalted [s]     |    0.0168 |
|          Clock [MHz]          | 2494.1707 |
|              CPI              |    0.3736 |
|  L3 load bandwidth [MBytes/s] |  117.0814 |
|  L3 load data volume [GBytes] |    0.0021 |
| L3 evict bandwidth [MBytes/s] |   76.5546 |
| L3 evict data volume [GBytes] |    0.0014 |
|    L3 bandwidth [MBytes/s]    |  193.6359 |
|    L3 data volume [GBytes]    |    0.0034 |
+-------------------------------+-----------+

--------------------------------------------------------------------------------
CPU name:	Intel(R) Core(TM) i7-6500U CPU @ 2.50GHz
CPU type:	Intel Skylake processor
CPU clock:	2.59 GHz
--------------------------------------------------------------------------------
Bloom Join
-----------------
131072 Buckets 0 Hash Functions
Initialization: 0 ms 
Bloom Filter Generation: 65070 ms 
Join Core: 15 ms 
5217 linhas
65087 ms 

--------------------------------------------------------------------------------
Region Initialization, Group 1: L3
+-------------------+----------+
|    Region Info    |  Core 0  |
+-------------------+----------+
| RDTSC Runtime [s] | 0.000029 |
|     call count    |        1 |
+-------------------+----------+

+-----------------------+---------+--------+
|         Event         | Counter | Core 0 |
+-----------------------+---------+--------+
|   INSTR_RETIRED_ANY   |  FIXC0  |  33409 |
| CPU_CLK_UNHALTED_CORE |  FIXC1  |  29084 |
|  CPU_CLK_UNHALTED_REF |  FIXC2  |  95148 |
|    L2_LINES_IN_ALL    |   PMC0  |    600 |
|     L2_TRANS_L2_WB    |   PMC1  |     78 |
+-----------------------+---------+--------+

+-------------------------------+--------------+
|             Metric            |    Core 0    |
+-------------------------------+--------------+
|      Runtime (RDTSC) [s]      | 2.931739e-05 |
|      Runtime unhalted [s]     | 1.122071e-05 |
|          Clock [MHz]          |     792.2975 |
|              CPI              |       0.8705 |
|  L3 load bandwidth [MBytes/s] |    1309.8028 |
|  L3 load data volume [GBytes] | 3.840000e-05 |
| L3 evict bandwidth [MBytes/s] |     170.2744 |
| L3 evict data volume [GBytes] | 4.992000e-06 |
|    L3 bandwidth [MBytes/s]    |    1480.0772 |
|    L3 data volume [GBytes]    | 4.339200e-05 |
+-------------------------------+--------------+

Region Generation, Group 1: L3
+-------------------+----------+
|    Region Info    |  Core 0  |
+-------------------+----------+
| RDTSC Runtime [s] | 0.240762 |
|     call count    |  1500000 |
+-------------------+----------+

+-----------------------+---------+-------------+
|         Event         | Counter |    Core 0   |
+-----------------------+---------+-------------+
|   INSTR_RETIRED_ANY   |  FIXC0  |  5399947000 |
| CPU_CLK_UNHALTED_CORE |  FIXC1  | 13500830000 |
|  CPU_CLK_UNHALTED_REF |  FIXC2  | 11375380000 |
|    L2_LINES_IN_ALL    |   PMC0  |   184628200 |
|     L2_TRANS_L2_WB    |   PMC1  |    33655650 |
+-----------------------+---------+-------------+

+-------------------------------+------------+
|             Metric            |   Core 0   |
+-------------------------------+------------+
|      Runtime (RDTSC) [s]      |     0.2408 |
|      Runtime unhalted [s]     |     5.2087 |
|          Clock [MHz]          |  3076.2978 |
|              CPI              |     2.5002 |
|  L3 load bandwidth [MBytes/s] | 49078.2813 |
|  L3 load data volume [GBytes] |    11.8162 |
| L3 evict bandwidth [MBytes/s] |  8946.4202 |
| L3 evict data volume [GBytes] |     2.1540 |
|    L3 bandwidth [MBytes/s]    | 58024.7015 |
|    L3 data volume [GBytes]    |    13.9702 |
+-------------------------------+------------+

Region Core, Group 1: L3
+-------------------+----------+
|    Region Info    |  Core 0  |
+-------------------+----------+
| RDTSC Runtime [s] | 0.014526 |
|     call count    |        1 |
+-------------------+----------+

+-----------------------+---------+-----------+
|         Event         | Counter |   Core 0  |
+-----------------------+---------+-----------+
|   INSTR_RETIRED_ANY   |  FIXC0  | 116713700 |
| CPU_CLK_UNHALTED_CORE |  FIXC1  |  43164910 |
|  CPU_CLK_UNHALTED_REF |  FIXC2  |  36335740 |
|    L2_LINES_IN_ALL    |   PMC0  |     31999 |
|     L2_TRANS_L2_WB    |   PMC1  |     22087 |
+-----------------------+---------+-----------+

+-------------------------------+-----------+
|             Metric            |   Core 0  |
+-------------------------------+-----------+
|      Runtime (RDTSC) [s]      |    0.0145 |
|      Runtime unhalted [s]     |    0.0167 |
|          Clock [MHz]          | 3079.1486 |
|              CPI              |    0.3698 |
|  L3 load bandwidth [MBytes/s] |  140.9836 |
|  L3 load data volume [GBytes] |    0.0020 |
| L3 evict bandwidth [MBytes/s] |   97.3126 |
| L3 evict data volume [GBytes] |    0.0014 |
|    L3 bandwidth [MBytes/s]    |  238.2961 |
|    L3 data volume [GBytes]    |    0.0035 |
+-------------------------------+-----------+

--------------------------------------------------------------------------------
CPU name:	Intel(R) Core(TM) i7-6500U CPU @ 2.50GHz
CPU type:	Intel Skylake processor
CPU clock:	2.59 GHz
--------------------------------------------------------------------------------
Bloom Join
-----------------
131072 Buckets 0 Hash Functions
Initialization: 0 ms 
Bloom Filter Generation: 73653 ms 
Join Core: 18 ms 
5217 linhas
73674 ms 

--------------------------------------------------------------------------------
Region Initialization, Group 1: L3
+-------------------+----------+
|    Region Info    |  Core 0  |
+-------------------+----------+
| RDTSC Runtime [s] | 0.000032 |
|     call count    |        1 |
+-------------------+----------+

+-----------------------+---------+--------+
|         Event         | Counter | Core 0 |
+-----------------------+---------+--------+
|   INSTR_RETIRED_ANY   |  FIXC0  |  33409 |
| CPU_CLK_UNHALTED_CORE |  FIXC1  |  30939 |
|  CPU_CLK_UNHALTED_REF |  FIXC2  | 100440 |
|    L2_LINES_IN_ALL    |   PMC0  |    647 |
|     L2_TRANS_L2_WB    |   PMC1  |    108 |
+-----------------------+---------+--------+

+-------------------------------+--------------+
|             Metric            |    Core 0    |
+-------------------------------+--------------+
|      Runtime (RDTSC) [s]      | 3.154880e-05 |
|      Runtime unhalted [s]     | 1.193637e-05 |
|          Clock [MHz]          |     798.4240 |
|              CPI              |       0.9261 |
|  L3 load bandwidth [MBytes/s] |    1312.5063 |
|  L3 load data volume [GBytes] | 4.140800e-05 |
| L3 evict bandwidth [MBytes/s] |     219.0892 |
| L3 evict data volume [GBytes] | 6.912000e-06 |
|    L3 bandwidth [MBytes/s]    |    1531.5955 |
|    L3 data volume [GBytes]    | 4.832000e-05 |
+-------------------------------+--------------+

Region Generation, Group 1: L3
+-------------------+----------+
|    Region Info    |  Core 0  |
+-------------------+----------+
| RDTSC Runtime [s] | 0.268682 |
|     call count    |  1500000 |
+-------------------+----------+

+-----------------------+---------+-------------+
|         Event         | Counter |    Core 0   |
+-----------------------+---------+-------------+
|   INSTR_RETIRED_ANY   |  FIXC0  |  5401159000 |
| CPU_CLK_UNHALTED_CORE |  FIXC1  | 12622660000 |
|  CPU_CLK_UNHALTED_REF |  FIXC2  | 12417840000 |
|    L2_LINES_IN_ALL    |   PMC0  |   178078100 |
|     L2_TRANS_L2_WB    |   PMC1  |    38009720 |
+-----------------------+---------+-------------+

+-------------------------------+------------+
|             Metric            |   Core 0   |
+-------------------------------+------------+
|      Runtime (RDTSC) [s]      |     0.2687 |
|      Runtime unhalted [s]     |     4.8699 |
|          Clock [MHz]          |  2634.7465 |
|              CPI              |     2.3370 |
|  L3 load bandwidth [MBytes/s] | 42418.1213 |
|  L3 load data volume [GBytes] |    11.3970 |
| L3 evict bandwidth [MBytes/s] |  9053.8978 |
| L3 evict data volume [GBytes] |     2.4326 |
|    L3 bandwidth [MBytes/s]    | 51472.0191 |
|    L3 data volume [GBytes]    |    13.8296 |
+-------------------------------+------------+

Region Core, Group 1: L3
+-------------------+----------+
|    Region Info    |  Core 0  |
+-------------------+----------+
| RDTSC Runtime [s] | 0.017753 |
|     call count    |        1 |
+-------------------+----------+

+-----------------------+---------+-----------+
|         Event         | Counter |   Core 0  |
+-----------------------+---------+-----------+
|   INSTR_RETIRED_ANY   |  FIXC0  | 116713700 |
| CPU_CLK_UNHALTED_CORE |  FIXC1  |  43402310 |
|  CPU_CLK_UNHALTED_REF |  FIXC2  |  45104360 |
|    L2_LINES_IN_ALL    |   PMC0  |     36080 |
|     L2_TRANS_L2_WB    |   PMC1  |     13875 |
+-----------------------+---------+-----------+

+-------------------------------+-----------+
|             Metric            |   Core 0  |
+-------------------------------+-----------+
|      Runtime (RDTSC) [s]      |    0.0178 |
|      Runtime unhalted [s]     |    0.0167 |
|          Clock [MHz]          | 2494.1831 |
|              CPI              |    0.3719 |
|  L3 load bandwidth [MBytes/s] |  130.0677 |
|  L3 load data volume [GBytes] |    0.0023 |
| L3 evict bandwidth [MBytes/s] |   50.0191 |
| L3 evict data volume [GBytes] |    0.0009 |
|    L3 bandwidth [MBytes/s]    |  180.0868 |
|    L3 data volume [GBytes]    |    0.0032 |
+-------------------------------+-----------+

--------------------------------------------------------------------------------
CPU name:	Intel(R) Core(TM) i7-6500U CPU @ 2.50GHz
CPU type:	Intel Skylake processor
CPU clock:	2.59 GHz
--------------------------------------------------------------------------------
Bloom Join
-----------------
131072 Buckets 0 Hash Functions
Initialization: 0 ms 
Bloom Filter Generation: 75524 ms 
Join Core: 17 ms 
5217 linhas
75543 ms 

--------------------------------------------------------------------------------
Region Initialization, Group 1: L3
+-------------------+----------+
|    Region Info    |  Core 0  |
+-------------------+----------+
| RDTSC Runtime [s] | 0.000030 |
|     call count    |        1 |
+-------------------+----------+

+-----------------------+---------+--------+
|         Event         | Counter | Core 0 |
+-----------------------+---------+--------+
|   INSTR_RETIRED_ANY   |  FIXC0  |  33409 |
| CPU_CLK_UNHALTED_CORE |  FIXC1  |  30398 |
|  CPU_CLK_UNHALTED_REF |  FIXC2  |  98820 |
|    L2_LINES_IN_ALL    |   PMC0  |    583 |
|     L2_TRANS_L2_WB    |   PMC1  |     83 |
+-----------------------+---------+--------+

+-------------------------------+--------------+
|             Metric            |    Core 0    |
+-------------------------------+--------------+
|      Runtime (RDTSC) [s]      | 3.027763e-05 |
|      Runtime unhalted [s]     | 1.172803e-05 |
|          Clock [MHz]          |     797.2969 |
|              CPI              |       0.9099 |
|  L3 load bandwidth [MBytes/s] |    1232.3290 |
|  L3 load data volume [GBytes] | 3.731200e-05 |
| L3 evict bandwidth [MBytes/s] |     175.4431 |
| L3 evict data volume [GBytes] | 5.312000e-06 |
|    L3 bandwidth [MBytes/s]    |    1407.7720 |
|    L3 data volume [GBytes]    | 4.262400e-05 |
+-------------------------------+--------------+

Region Generation, Group 1: L3
+-------------------+----------+
|    Region Info    |  Core 0  |
+-------------------+----------+
| RDTSC Runtime [s] | 0.216941 |
|     call count    |  1500000 |
+-------------------+----------+

+-----------------------+---------+-------------+
|         Event         | Counter |    Core 0   |
+-----------------------+---------+-------------+
|   INSTR_RETIRED_ANY   |  FIXC0  |  5399947000 |
| CPU_CLK_UNHALTED_CORE |  FIXC1  | 12412920000 |
|  CPU_CLK_UNHALTED_REF |  FIXC2  | 12900350000 |
|    L2_LINES_IN_ALL    |   PMC0  |   190420800 |
|     L2_TRANS_L2_WB    |   PMC1  |    34317980 |
+-----------------------+---------+-------------+

+-------------------------------+------------+
|             Metric            |   Core 0   |
+-------------------------------+------------+
|      Runtime (RDTSC) [s]      |     0.2169 |
|      Runtime unhalted [s]     |     4.7891 |
|          Clock [MHz]          |  2493.9765 |
|              CPI              |     2.2987 |
|  L3 load bandwidth [MBytes/s] | 56176.3506 |
|  L3 load data volume [GBytes] |    12.1869 |
| L3 evict bandwidth [MBytes/s] | 10124.2032 |
| L3 evict data volume [GBytes] |     2.1964 |
|    L3 bandwidth [MBytes/s]    | 66300.5538 |
|    L3 data volume [GBytes]    |    14.3833 |
+-------------------------------+------------+

Region Core, Group 1: L3
+-------------------+----------+
|    Region Info    |  Core 0  |
+-------------------+----------+
| RDTSC Runtime [s] | 0.017423 |
|     call count    |        1 |
+-------------------+----------+

+-----------------------+---------+-----------+
|         Event         | Counter |   Core 0  |
+-----------------------+---------+-----------+
|   INSTR_RETIRED_ANY   |  FIXC0  | 116713700 |
| CPU_CLK_UNHALTED_CORE |  FIXC1  |  42888650 |
|  CPU_CLK_UNHALTED_REF |  FIXC2  |  44570200 |
|    L2_LINES_IN_ALL    |   PMC0  |     32441 |
|     L2_TRANS_L2_WB    |   PMC1  |     20045 |
+-----------------------+---------+-----------+

+-------------------------------+-----------+
|             Metric            |   Core 0  |
+-------------------------------+-----------+
|      Runtime (RDTSC) [s]      |    0.0174 |
|      Runtime unhalted [s]     |    0.0165 |
|          Clock [MHz]          | 2494.1220 |
|              CPI              |    0.3675 |
|  L3 load bandwidth [MBytes/s] |  119.1687 |
|  L3 load data volume [GBytes] |    0.0021 |
| L3 evict bandwidth [MBytes/s] |   73.6333 |
| L3 evict data volume [GBytes] |    0.0013 |
|    L3 bandwidth [MBytes/s]    |  192.8020 |
|    L3 data volume [GBytes]    |    0.0034 |
+-------------------------------+-----------+

--------------------------------------------------------------------------------
CPU name:	Intel(R) Core(TM) i7-6500U CPU @ 2.50GHz
CPU type:	Intel Skylake processor
CPU clock:	2.59 GHz
--------------------------------------------------------------------------------
Bloom Join
-----------------
131072 Buckets 0 Hash Functions
Initialization: 0 ms 
Bloom Filter Generation: 77511 ms 
Join Core: 17 ms 
5217 linhas
77531 ms 

--------------------------------------------------------------------------------
Region Initialization, Group 1: L3
+-------------------+----------+
|    Region Info    |  Core 0  |
+-------------------+----------+
| RDTSC Runtime [s] | 0.000036 |
|     call count    |        1 |
+-------------------+----------+

+-----------------------+---------+--------+
|         Event         | Counter | Core 0 |
+-----------------------+---------+--------+
|   INSTR_RETIRED_ANY   |  FIXC0  |  33409 |
| CPU_CLK_UNHALTED_CORE |  FIXC1  |  37299 |
|  CPU_CLK_UNHALTED_REF |  FIXC2  | 120960 |
|    L2_LINES_IN_ALL    |   PMC0  |   1341 |
|     L2_TRANS_L2_WB    |   PMC1  |    197 |
+-----------------------+---------+--------+

+-------------------------------+--------------+
|             Metric            |    Core 0    |
+-------------------------------+--------------+
|      Runtime (RDTSC) [s]      | 3.550394e-05 |
|      Runtime unhalted [s]     | 1.439010e-05 |
|          Clock [MHz]          |     799.2615 |
|              CPI              |       1.1164 |
|  L3 load bandwidth [MBytes/s] |    2417.3092 |
|  L3 load data volume [GBytes] |       0.0001 |
| L3 evict bandwidth [MBytes/s] |     355.1155 |
| L3 evict data volume [GBytes] | 1.260800e-05 |
|    L3 bandwidth [MBytes/s]    |    2772.4247 |
|    L3 data volume [GBytes]    |       0.0001 |
+-------------------------------+--------------+

Region Generation, Group 1: L3
+-------------------+----------+
|    Region Info    |  Core 0  |
+-------------------+----------+
| RDTSC Runtime [s] | 0.237612 |
|     call count    |  1500000 |
+-------------------+----------+

+-----------------------+---------+-------------+
|         Event         | Counter |    Core 0   |
+-----------------------+---------+-------------+
|   INSTR_RETIRED_ANY   |  FIXC0  |  5399947000 |
| CPU_CLK_UNHALTED_CORE |  FIXC1  | 13172920000 |
|  CPU_CLK_UNHALTED_REF |  FIXC2  | 13690580000 |
|    L2_LINES_IN_ALL    |   PMC0  |   243088000 |
|     L2_TRANS_L2_WB    |   PMC1  |    37873440 |
+-----------------------+---------+-------------+

+-------------------------------+------------+
|             Metric            |   Core 0   |
+-------------------------------+------------+
|      Runtime (RDTSC) [s]      |     0.2376 |
|      Runtime unhalted [s]     |     5.0822 |
|          Clock [MHz]          |  2493.9843 |
|              CPI              |     2.4395 |
|  L3 load bandwidth [MBytes/s] | 65474.9423 |
|  L3 load data volume [GBytes] |    15.5576 |
| L3 evict bandwidth [MBytes/s] | 10201.0848 |
| L3 evict data volume [GBytes] |     2.4239 |
|    L3 bandwidth [MBytes/s]    | 75676.0271 |
|    L3 data volume [GBytes]    |    17.9815 |
+-------------------------------+------------+

Region Core, Group 1: L3
+-------------------+----------+
|    Region Info    |  Core 0  |
+-------------------+----------+
| RDTSC Runtime [s] | 0.017717 |
|     call count    |        1 |
+-------------------+----------+

+-----------------------+---------+-----------+
|         Event         | Counter |   Core 0  |
+-----------------------+---------+-----------+
|   INSTR_RETIRED_ANY   |  FIXC0  | 116713700 |
| CPU_CLK_UNHALTED_CORE |  FIXC1  |  43034840 |
|  CPU_CLK_UNHALTED_REF |  FIXC2  |  44722260 |
|    L2_LINES_IN_ALL    |   PMC0  |     33336 |
|     L2_TRANS_L2_WB    |   PMC1  |     19290 |
+-----------------------+---------+-----------+

+-------------------------------+-----------+
|             Metric            |   Core 0  |
+-------------------------------+-----------+
|      Runtime (RDTSC) [s]      |    0.0177 |
|      Runtime unhalted [s]     |    0.0166 |
|          Clock [MHz]          | 2494.1924 |
|              CPI              |    0.3687 |
|  L3 load bandwidth [MBytes/s] |  120.4242 |
|  L3 load data volume [GBytes] |    0.0021 |
| L3 evict bandwidth [MBytes/s] |   69.6839 |
| L3 evict data volume [GBytes] |    0.0012 |
|    L3 bandwidth [MBytes/s]    |  190.1081 |
|    L3 data volume [GBytes]    |    0.0034 |
+-------------------------------+-----------+

--------------------------------------------------------------------------------
CPU name:	Intel(R) Core(TM) i7-6500U CPU @ 2.50GHz
CPU type:	Intel Skylake processor
CPU clock:	2.59 GHz
--------------------------------------------------------------------------------
Bloom Join
-----------------
131072 Buckets 0 Hash Functions
Initialization: 0 ms 
Bloom Filter Generation: 77986 ms 
Join Core: 14 ms 
5217 linhas
78003 ms 

--------------------------------------------------------------------------------
Region Initialization, Group 1: TLB_DATA
+-------------------+----------+
|    Region Info    |  Core 0  |
+-------------------+----------+
| RDTSC Runtime [s] | 0.000032 |
|     call count    |        1 |
+-------------------+----------+

+---------------------------------+---------+--------+
|              Event              | Counter | Core 0 |
+---------------------------------+---------+--------+
|        INSTR_RETIRED_ANY        |  FIXC0  |  33595 |
|      CPU_CLK_UNHALTED_CORE      |  FIXC1  |  31029 |
|       CPU_CLK_UNHALTED_REF      |  FIXC2  | 100980 |
|  DTLB_LOAD_MISSES_CAUSES_A_WALK |   PMC0  |     72 |
| DTLB_STORE_MISSES_CAUSES_A_WALK |   PMC1  |     23 |
|   DTLB_LOAD_MISSES_WALK_ACTIVE  |   PMC2  |   2241 |
|  DTLB_STORE_MISSES_WALK_ACTIVE  |   PMC3  |    684 |
+---------------------------------+---------+--------+

+-----------------------------------+--------------+
|               Metric              |    Core 0    |
+-----------------------------------+--------------+
|        Runtime (RDTSC) [s]        | 3.150216e-05 |
|        Runtime unhalted [s]       | 1.197147e-05 |
|            Clock [MHz]            |     796.4397 |
|                CPI                |       0.9236 |
|        L1 DTLB load misses        |           72 |
|       L1 DTLB load miss rate      |       0.0021 |
|  L1 DTLB load miss duration [Cyc] |      31.1250 |
|        L1 DTLB store misses       |           23 |
|      L1 DTLB store miss rate      |       0.0007 |
| L1 DTLB store miss duration [Cyc] |      29.7391 |
+-----------------------------------+--------------+

Region Generation, Group 1: TLB_DATA
+-------------------+----------+
|    Region Info    |  Core 0  |
+-------------------+----------+
| RDTSC Runtime [s] | 0.215660 |
|     call count    |  1500000 |
+-------------------+----------+

+---------------------------------+---------+-------------+
|              Event              | Counter |    Core 0   |
+---------------------------------+---------+-------------+
|        INSTR_RETIRED_ANY        |  FIXC0  |  5679064000 |
|      CPU_CLK_UNHALTED_CORE      |  FIXC1  | 13428170000 |
|       CPU_CLK_UNHALTED_REF      |  FIXC2  | 11282440000 |
|  DTLB_LOAD_MISSES_CAUSES_A_WALK |   PMC0  |    88708790 |
| DTLB_STORE_MISSES_CAUSES_A_WALK |   PMC1  |    10802250 |
|   DTLB_LOAD_MISSES_WALK_ACTIVE  |   PMC2  |  2537391000 |
|  DTLB_STORE_MISSES_WALK_ACTIVE  |   PMC3  |   257325700 |
+---------------------------------+---------+-------------+

+-----------------------------------+-----------+
|               Metric              |   Core 0  |
+-----------------------------------+-----------+
|        Runtime (RDTSC) [s]        |    0.2157 |
|        Runtime unhalted [s]       |    5.1808 |
|            Clock [MHz]            | 3084.8516 |
|                CPI                |    2.3645 |
|        L1 DTLB load misses        |  88708790 |
|       L1 DTLB load miss rate      |    0.0156 |
|  L1 DTLB load miss duration [Cyc] |   28.6036 |
|        L1 DTLB store misses       |  10802250 |
|      L1 DTLB store miss rate      |    0.0019 |
| L1 DTLB store miss duration [Cyc] |   23.8215 |
+-----------------------------------+-----------+

Region Core, Group 1: TLB_DATA
+-------------------+----------+
|    Region Info    |  Core 0  |
+-------------------+----------+
| RDTSC Runtime [s] | 0.014343 |
|     call count    |        1 |
+-------------------+----------+

+---------------------------------+---------+-----------+
|              Event              | Counter |   Core 0  |
+---------------------------------+---------+-----------+
|        INSTR_RETIRED_ANY        |  FIXC0  | 116713900 |
|      CPU_CLK_UNHALTED_CORE      |  FIXC1  |  42926670 |
|       CPU_CLK_UNHALTED_REF      |  FIXC2  |  35998020 |
|  DTLB_LOAD_MISSES_CAUSES_A_WALK |   PMC0  |        96 |
| DTLB_STORE_MISSES_CAUSES_A_WALK |   PMC1  |        21 |
|   DTLB_LOAD_MISSES_WALK_ACTIVE  |   PMC2  |      4089 |
|  DTLB_STORE_MISSES_WALK_ACTIVE  |   PMC3  |      1134 |
+---------------------------------+---------+-----------+

+-----------------------------------+--------------+
|               Metric              |    Core 0    |
+-----------------------------------+--------------+
|        Runtime (RDTSC) [s]        |       0.0143 |
|        Runtime unhalted [s]       |       0.0166 |
|            Clock [MHz]            |    3090.7869 |
|                CPI                |       0.3678 |
|        L1 DTLB load misses        |           96 |
|       L1 DTLB load miss rate      | 8.225241e-07 |
|  L1 DTLB load miss duration [Cyc] |      42.5938 |
|        L1 DTLB store misses       |           21 |
|      L1 DTLB store miss rate      | 1.799272e-07 |
| L1 DTLB store miss duration [Cyc] |           54 |
+-----------------------------------+--------------+

