--------------------------------------------------------------------------------
CPU name:	Intel(R) Core(TM) i7-6500U CPU @ 2.50GHz
CPU type:	Intel Skylake processor
CPU clock:	2.59 GHz
--------------------------------------------------------------------------------
Bloom Join
-----------------
131072 Buckets 2 Hash Functions
Initialization: 0 ms 
Bloom Filter Generation: 251820 ms 
Join Core: 28 ms 
623 linhas
251850 ms 

--------------------------------------------------------------------------------
Region Initialization, Group 1: L2
+-------------------+----------+
|    Region Info    |  Core 0  |
+-------------------+----------+
| RDTSC Runtime [s] | 0.000032 |
|     call count    |        1 |
+-------------------+----------+

+-----------------------+---------+--------+
|         Event         | Counter | Core 0 |
+-----------------------+---------+--------+
|   INSTR_RETIRED_ANY   |  FIXC0  |  33502 |
| CPU_CLK_UNHALTED_CORE |  FIXC1  |  31659 |
|  CPU_CLK_UNHALTED_REF |  FIXC2  | 102384 |
|    L1D_REPLACEMENT    |   PMC0  |    397 |
|      L1D_M_EVICT      |   PMC1  |    161 |
| ICACHE_64B_IFTAG_MISS |   PMC2  |    622 |
+-----------------------+---------+--------+

+--------------------------------+--------------+
|             Metric             |    Core 0    |
+--------------------------------+--------------+
|       Runtime (RDTSC) [s]      | 3.155960e-05 |
|      Runtime unhalted [s]      | 1.221424e-05 |
|           Clock [MHz]          |     801.4857 |
|               CPI              |       0.9450 |
|  L2D load bandwidth [MBytes/s] |     805.0799 |
|  L2D load data volume [GBytes] | 2.540800e-05 |
| L2D evict bandwidth [MBytes/s] |     326.4934 |
| L2D evict data volume [GBytes] | 1.030400e-05 |
|     L2 bandwidth [MBytes/s]    |    2392.9327 |
|     L2 data volume [GBytes]    |       0.0001 |
+--------------------------------+--------------+

Region Generation, Group 1: L2
+-------------------+----------+
|    Region Info    |  Core 0  |
+-------------------+----------+
| RDTSC Runtime [s] | 0.803542 |
|     call count    |  4500000 |
+-------------------+----------+

+-----------------------+---------+-------------+
|         Event         | Counter |    Core 0   |
+-----------------------+---------+-------------+
|   INSTR_RETIRED_ANY   |  FIXC0  | 16857980000 |
| CPU_CLK_UNHALTED_CORE |  FIXC1  | 38678850000 |
|  CPU_CLK_UNHALTED_REF |  FIXC2  | 40197150000 |
|    L1D_REPLACEMENT    |   PMC0  |   897955300 |
|      L1D_M_EVICT      |   PMC1  |   263005600 |
| ICACHE_64B_IFTAG_MISS |   PMC2  |  1685349000 |
+-----------------------+---------+-------------+

+--------------------------------+-------------+
|             Metric             |    Core 0   |
+--------------------------------+-------------+
|       Runtime (RDTSC) [s]      |      0.8035 |
|      Runtime unhalted [s]      |     14.9225 |
|           Clock [MHz]          |   2494.0719 |
|               CPI              |      2.2944 |
|  L2D load bandwidth [MBytes/s] |  71519.7791 |
|  L2D load data volume [GBytes] |     57.4691 |
| L2D evict bandwidth [MBytes/s] |  20947.7047 |
| L2D evict data volume [GBytes] |     16.8324 |
|     L2 bandwidth [MBytes/s]    | 226701.1012 |
|     L2 data volume [GBytes]    |    182.1638 |
+--------------------------------+-------------+

Region Core, Group 1: L2
+-------------------+----------+
|    Region Info    |  Core 0  |
+-------------------+----------+
| RDTSC Runtime [s] | 0.027529 |
|     call count    |        1 |
+-------------------+----------+

+-----------------------+---------+-----------+
|         Event         | Counter |   Core 0  |
+-----------------------+---------+-----------+
|   INSTR_RETIRED_ANY   |  FIXC0  | 176210800 |
| CPU_CLK_UNHALTED_CORE |  FIXC1  |  67890910 |
|  CPU_CLK_UNHALTED_REF |  FIXC2  |  70553380 |
|    L1D_REPLACEMENT    |   PMC0  |     40947 |
|      L1D_M_EVICT      |   PMC1  |      1493 |
| ICACHE_64B_IFTAG_MISS |   PMC2  |      1394 |
+-----------------------+---------+-----------+

+--------------------------------+-----------+
|             Metric             |   Core 0  |
+--------------------------------+-----------+
|       Runtime (RDTSC) [s]      |    0.0275 |
|      Runtime unhalted [s]      |    0.0262 |
|           Clock [MHz]          | 2494.1610 |
|               CPI              |    0.3853 |
|  L2D load bandwidth [MBytes/s] |   95.1940 |
|  L2D load data volume [GBytes] |    0.0026 |
| L2D evict bandwidth [MBytes/s] |    3.4709 |
| L2D evict data volume [GBytes] |    0.0001 |
|     L2 bandwidth [MBytes/s]    |  101.9057 |
|     L2 data volume [GBytes]    |    0.0028 |
+--------------------------------+-----------+

--------------------------------------------------------------------------------
CPU name:	Intel(R) Core(TM) i7-6500U CPU @ 2.50GHz
CPU type:	Intel Skylake processor
CPU clock:	2.59 GHz
--------------------------------------------------------------------------------
Bloom Join
-----------------
131072 Buckets 2 Hash Functions
Initialization: 0 ms 
Bloom Filter Generation: 251903 ms 
Join Core: 27 ms 
623 linhas
251933 ms 

--------------------------------------------------------------------------------
Region Initialization, Group 1: L2
+-------------------+----------+
|    Region Info    |  Core 0  |
+-------------------+----------+
| RDTSC Runtime [s] | 0.000031 |
|     call count    |        1 |
+-------------------+----------+

+-----------------------+---------+--------+
|         Event         | Counter | Core 0 |
+-----------------------+---------+--------+
|   INSTR_RETIRED_ANY   |  FIXC0  |  33502 |
| CPU_CLK_UNHALTED_CORE |  FIXC1  |  31858 |
|  CPU_CLK_UNHALTED_REF |  FIXC2  | 103464 |
|    L1D_REPLACEMENT    |   PMC0  |    386 |
|      L1D_M_EVICT      |   PMC1  |    158 |
| ICACHE_64B_IFTAG_MISS |   PMC2  |    641 |
+-----------------------+---------+--------+

+--------------------------------+--------------+
|             Metric             |    Core 0    |
+--------------------------------+--------------+
|       Runtime (RDTSC) [s]      | 3.147802e-05 |
|      Runtime unhalted [s]      | 1.229098e-05 |
|           Clock [MHz]          |     798.1074 |
|               CPI              |       0.9509 |
|  L2D load bandwidth [MBytes/s] |     784.8016 |
|  L2D load data volume [GBytes] | 2.470400e-05 |
| L2D evict bandwidth [MBytes/s] |     321.2400 |
| L2D evict data volume [GBytes] | 1.011200e-05 |
|     L2 bandwidth [MBytes/s]    |    2409.3002 |
|     L2 data volume [GBytes]    |       0.0001 |
+--------------------------------+--------------+

Region Generation, Group 1: L2
+-------------------+----------+
|    Region Info    |  Core 0  |
+-------------------+----------+
| RDTSC Runtime [s] | 0.803019 |
|     call count    |  4500000 |
+-------------------+----------+

+-----------------------+---------+-------------+
|         Event         | Counter |    Core 0   |
+-----------------------+---------+-------------+
|   INSTR_RETIRED_ANY   |  FIXC0  | 16857990000 |
| CPU_CLK_UNHALTED_CORE |  FIXC1  | 37881160000 |
|  CPU_CLK_UNHALTED_REF |  FIXC2  | 39368580000 |
|    L1D_REPLACEMENT    |   PMC0  |   924951200 |
|      L1D_M_EVICT      |   PMC1  |   254110900 |
| ICACHE_64B_IFTAG_MISS |   PMC2  |  1659220000 |
+-----------------------+---------+-------------+

+--------------------------------+-------------+
|             Metric             |    Core 0   |
+--------------------------------+-------------+
|       Runtime (RDTSC) [s]      |      0.8030 |
|      Runtime unhalted [s]      |     14.6147 |
|           Clock [MHz]          |   2494.0528 |
|               CPI              |      2.2471 |
|  L2D load bandwidth [MBytes/s] |  73717.8572 |
|  L2D load data volume [GBytes] |     59.1969 |
| L2D evict bandwidth [MBytes/s] |  20252.4317 |
| L2D evict data volume [GBytes] |     16.2631 |
|     L2 bandwidth [MBytes/s]    | 226208.7713 |
|     L2 data volume [GBytes]    |    181.6501 |
+--------------------------------+-------------+

Region Core, Group 1: L2
+-------------------+----------+
|    Region Info    |  Core 0  |
+-------------------+----------+
| RDTSC Runtime [s] | 0.027349 |
|     call count    |        1 |
+-------------------+----------+

+-----------------------+---------+-----------+
|         Event         | Counter |   Core 0  |
+-----------------------+---------+-----------+
|   INSTR_RETIRED_ANY   |  FIXC0  | 176210800 |
| CPU_CLK_UNHALTED_CORE |  FIXC1  |  67580550 |
|  CPU_CLK_UNHALTED_REF |  FIXC2  |  70230890 |
|    L1D_REPLACEMENT    |   PMC0  |     41396 |
|      L1D_M_EVICT      |   PMC1  |      1462 |
| ICACHE_64B_IFTAG_MISS |   PMC2  |      1299 |
+-----------------------+---------+-----------+

+--------------------------------+-----------+
|             Metric             |   Core 0  |
+--------------------------------+-----------+
|       Runtime (RDTSC) [s]      |    0.0273 |
|      Runtime unhalted [s]      |    0.0261 |
|           Clock [MHz]          | 2494.1678 |
|               CPI              |    0.3835 |
|  L2D load bandwidth [MBytes/s] |   96.8727 |
|  L2D load data volume [GBytes] |    0.0026 |
| L2D evict bandwidth [MBytes/s] |    3.4213 |
| L2D evict data volume [GBytes] |    0.0001 |
|     L2 bandwidth [MBytes/s]    |  103.3339 |
|     L2 data volume [GBytes]    |    0.0028 |
+--------------------------------+-----------+

--------------------------------------------------------------------------------
CPU name:	Intel(R) Core(TM) i7-6500U CPU @ 2.50GHz
CPU type:	Intel Skylake processor
CPU clock:	2.59 GHz
--------------------------------------------------------------------------------
Bloom Join
-----------------
131072 Buckets 2 Hash Functions
Initialization: 0 ms 
Bloom Filter Generation: 251794 ms 
Join Core: 27 ms 
623 linhas
251822 ms 

--------------------------------------------------------------------------------
Region Initialization, Group 1: L2
+-------------------+----------+
|    Region Info    |  Core 0  |
+-------------------+----------+
| RDTSC Runtime [s] | 0.000015 |
|     call count    |        1 |
+-------------------+----------+

+-----------------------+---------+--------+
|         Event         | Counter | Core 0 |
+-----------------------+---------+--------+
|   INSTR_RETIRED_ANY   |  FIXC0  |  33502 |
| CPU_CLK_UNHALTED_CORE |  FIXC1  |  59109 |
|  CPU_CLK_UNHALTED_REF |  FIXC2  |  73008 |
|    L1D_REPLACEMENT    |   PMC0  |    389 |
|      L1D_M_EVICT      |   PMC1  |    165 |
| ICACHE_64B_IFTAG_MISS |   PMC2  |    673 |
+-----------------------+---------+--------+

+--------------------------------+--------------+
|             Metric             |    Core 0    |
+--------------------------------+--------------+
|       Runtime (RDTSC) [s]      | 1.505747e-05 |
|      Runtime unhalted [s]      | 2.280467e-05 |
|           Clock [MHz]          |    2098.5195 |
|               CPI              |       1.7643 |
|  L2D load bandwidth [MBytes/s] |    1653.3986 |
|  L2D load data volume [GBytes] | 2.489600e-05 |
| L2D evict bandwidth [MBytes/s] |     701.3130 |
| L2D evict data volume [GBytes] | 1.056000e-05 |
|     L2 bandwidth [MBytes/s]    |    5215.2188 |
|     L2 data volume [GBytes]    |       0.0001 |
+--------------------------------+--------------+

Region Generation, Group 1: L2
+-------------------+----------+
|    Region Info    |  Core 0  |
+-------------------+----------+
| RDTSC Runtime [s] | 0.807998 |
|     call count    |  4500000 |
+-------------------+----------+

+-----------------------+---------+-------------+
|         Event         | Counter |    Core 0   |
+-----------------------+---------+-------------+
|   INSTR_RETIRED_ANY   |  FIXC0  | 16857980000 |
| CPU_CLK_UNHALTED_CORE |  FIXC1  | 39571410000 |
|  CPU_CLK_UNHALTED_REF |  FIXC2  | 41124560000 |
|    L1D_REPLACEMENT    |   PMC0  |   918697100 |
|      L1D_M_EVICT      |   PMC1  |   291636900 |
| ICACHE_64B_IFTAG_MISS |   PMC2  |  1876717000 |
+-----------------------+---------+-------------+

+--------------------------------+-------------+
|             Metric             |    Core 0   |
+--------------------------------+-------------+
|       Runtime (RDTSC) [s]      |      0.8080 |
|      Runtime unhalted [s]      |     15.2669 |
|           Clock [MHz]          |   2494.0785 |
|               CPI              |      2.3473 |
|  L2D load bandwidth [MBytes/s] |  72768.2853 |
|  L2D load data volume [GBytes] |     58.7966 |
| L2D evict bandwidth [MBytes/s] |  23100.0154 |
| L2D evict data volume [GBytes] |     18.6648 |
|     L2 bandwidth [MBytes/s]    | 244519.5569 |
|     L2 data volume [GBytes]    |    197.5713 |
+--------------------------------+-------------+

Region Core, Group 1: L2
+-------------------+----------+
|    Region Info    |  Core 0  |
+-------------------+----------+
| RDTSC Runtime [s] | 0.027262 |
|     call count    |        1 |
+-------------------+----------+

+-----------------------+---------+-----------+
|         Event         | Counter |   Core 0  |
+-----------------------+---------+-----------+
|   INSTR_RETIRED_ANY   |  FIXC0  | 176210800 |
| CPU_CLK_UNHALTED_CORE |  FIXC1  |  67481390 |
|  CPU_CLK_UNHALTED_REF |  FIXC2  |  70127750 |
|    L1D_REPLACEMENT    |   PMC0  |     41316 |
|      L1D_M_EVICT      |   PMC1  |      1238 |
| ICACHE_64B_IFTAG_MISS |   PMC2  |      1134 |
+-----------------------+---------+-----------+

+--------------------------------+-----------+
|             Metric             |   Core 0  |
+--------------------------------+-----------+
|       Runtime (RDTSC) [s]      |    0.0273 |
|      Runtime unhalted [s]      |    0.0260 |
|           Clock [MHz]          | 2494.1580 |
|               CPI              |    0.3830 |
|  L2D load bandwidth [MBytes/s] |   96.9914 |
|  L2D load data volume [GBytes] |    0.0026 |
| L2D evict bandwidth [MBytes/s] |    2.9063 |
| L2D evict data volume [GBytes] |    0.0001 |
|     L2 bandwidth [MBytes/s]    |  102.5597 |
|     L2 data volume [GBytes]    |    0.0028 |
+--------------------------------+-----------+

--------------------------------------------------------------------------------
CPU name:	Intel(R) Core(TM) i7-6500U CPU @ 2.50GHz
CPU type:	Intel Skylake processor
CPU clock:	2.59 GHz
--------------------------------------------------------------------------------
Bloom Join
-----------------
131072 Buckets 2 Hash Functions
Initialization: 0 ms 
Bloom Filter Generation: 256900 ms 
Join Core: 27 ms 
623 linhas
256930 ms 

--------------------------------------------------------------------------------
Region Initialization, Group 1: L2
+-------------------+----------+
|    Region Info    |  Core 0  |
+-------------------+----------+
| RDTSC Runtime [s] | 0.000029 |
|     call count    |        1 |
+-------------------+----------+

+-----------------------+---------+--------+
|         Event         | Counter | Core 0 |
+-----------------------+---------+--------+
|   INSTR_RETIRED_ANY   |  FIXC0  |  33502 |
| CPU_CLK_UNHALTED_CORE |  FIXC1  |  30359 |
|  CPU_CLK_UNHALTED_REF |  FIXC2  |  98712 |
|    L1D_REPLACEMENT    |   PMC0  |    393 |
|      L1D_M_EVICT      |   PMC1  |    175 |
| ICACHE_64B_IFTAG_MISS |   PMC2  |    653 |
+-----------------------+---------+--------+

+--------------------------------+--------------+
|             Metric             |    Core 0    |
+--------------------------------+--------------+
|       Runtime (RDTSC) [s]      | 2.889908e-05 |
|      Runtime unhalted [s]      | 1.171297e-05 |
|           Clock [MHz]          |     797.1464 |
|               CPI              |       0.9062 |
|  L2D load bandwidth [MBytes/s] |     870.3391 |
|  L2D load data volume [GBytes] | 2.515200e-05 |
| L2D evict bandwidth [MBytes/s] |     387.5556 |
| L2D evict data volume [GBytes] | 1.120000e-05 |
|     L2 bandwidth [MBytes/s]    |    2704.0307 |
|     L2 data volume [GBytes]    |       0.0001 |
+--------------------------------+--------------+

Region Generation, Group 1: L2
+-------------------+----------+
|    Region Info    |  Core 0  |
+-------------------+----------+
| RDTSC Runtime [s] | 0.844491 |
|     call count    |  4500000 |
+-------------------+----------+

+-----------------------+---------+-------------+
|         Event         | Counter |    Core 0   |
+-----------------------+---------+-------------+
|   INSTR_RETIRED_ANY   |  FIXC0  | 16857980000 |
| CPU_CLK_UNHALTED_CORE |  FIXC1  | 40862920000 |
|  CPU_CLK_UNHALTED_REF |  FIXC2  | 42467060000 |
|    L1D_REPLACEMENT    |   PMC0  |   934950500 |
|      L1D_M_EVICT      |   PMC1  |   281193100 |
| ICACHE_64B_IFTAG_MISS |   PMC2  |  1976601000 |
+-----------------------+---------+-------------+

+--------------------------------+-------------+
|             Metric             |    Core 0   |
+--------------------------------+-------------+
|       Runtime (RDTSC) [s]      |      0.8445 |
|      Runtime unhalted [s]      |     15.7655 |
|           Clock [MHz]          |   2494.0075 |
|               CPI              |      2.4240 |
|  L2D load bandwidth [MBytes/s] |  70855.4580 |
|  L2D load data volume [GBytes] |     59.8368 |
| L2D evict bandwidth [MBytes/s] |  21310.2896 |
| L2D evict data volume [GBytes] |     17.9964 |
|     L2 bandwidth [MBytes/s]    | 241962.9498 |
|     L2 data volume [GBytes]    |    204.3357 |
+--------------------------------+-------------+

Region Core, Group 1: L2
+-------------------+----------+
|    Region Info    |  Core 0  |
+-------------------+----------+
| RDTSC Runtime [s] | 0.027169 |
|     call count    |        1 |
+-------------------+----------+

+-----------------------+---------+-----------+
|         Event         | Counter |   Core 0  |
+-----------------------+---------+-----------+
|   INSTR_RETIRED_ANY   |  FIXC0  | 176210800 |
| CPU_CLK_UNHALTED_CORE |  FIXC1  |  67435780 |
|  CPU_CLK_UNHALTED_REF |  FIXC2  |  70080880 |
|    L1D_REPLACEMENT    |   PMC0  |     38846 |
|      L1D_M_EVICT      |   PMC1  |      1112 |
| ICACHE_64B_IFTAG_MISS |   PMC2  |      1142 |
+-----------------------+---------+-----------+

+--------------------------------+-----------+
|             Metric             |   Core 0  |
+--------------------------------+-----------+
|       Runtime (RDTSC) [s]      |    0.0272 |
|      Runtime unhalted [s]      |    0.0260 |
|           Clock [MHz]          | 2494.0858 |
|               CPI              |    0.3827 |
|  L2D load bandwidth [MBytes/s] |   91.5056 |
|  L2D load data volume [GBytes] |    0.0025 |
| L2D evict bandwidth [MBytes/s] |    2.6194 |
| L2D evict data volume [GBytes] |    0.0001 |
|     L2 bandwidth [MBytes/s]    |   96.8151 |
|     L2 data volume [GBytes]    |    0.0026 |
+--------------------------------+-----------+

--------------------------------------------------------------------------------
CPU name:	Intel(R) Core(TM) i7-6500U CPU @ 2.50GHz
CPU type:	Intel Skylake processor
CPU clock:	2.59 GHz
--------------------------------------------------------------------------------
Bloom Join
-----------------
131072 Buckets 2 Hash Functions
Initialization: 0 ms 
Bloom Filter Generation: 208591 ms 
Join Core: 22 ms 
623 linhas
208615 ms 

--------------------------------------------------------------------------------
Region Initialization, Group 1: L2
+-------------------+----------+
|    Region Info    |  Core 0  |
+-------------------+----------+
| RDTSC Runtime [s] | 0.000013 |
|     call count    |        1 |
+-------------------+----------+

+-----------------------+---------+--------+
|         Event         | Counter | Core 0 |
+-----------------------+---------+--------+
|   INSTR_RETIRED_ANY   |  FIXC0  |  33502 |
| CPU_CLK_UNHALTED_CORE |  FIXC1  |  31294 |
|  CPU_CLK_UNHALTED_REF |  FIXC2  |  45036 |
|    L1D_REPLACEMENT    |   PMC0  |    390 |
|      L1D_M_EVICT      |   PMC1  |    163 |
| ICACHE_64B_IFTAG_MISS |   PMC2  |    668 |
+-----------------------+---------+--------+

+--------------------------------+--------------+
|             Metric             |    Core 0    |
+--------------------------------+--------------+
|       Runtime (RDTSC) [s]      | 1.338321e-05 |
|      Runtime unhalted [s]      | 1.207338e-05 |
|           Clock [MHz]          |    1801.0813 |
|               CPI              |       0.9341 |
|  L2D load bandwidth [MBytes/s] |    1865.0234 |
|  L2D load data volume [GBytes] | 2.496000e-05 |
| L2D evict bandwidth [MBytes/s] |     779.4841 |
| L2D evict data volume [GBytes] | 1.043200e-05 |
|     L2 bandwidth [MBytes/s]    |    5838.9579 |
|     L2 data volume [GBytes]    |       0.0001 |
+--------------------------------+--------------+

Region Generation, Group 1: L2
+-------------------+----------+
|    Region Info    |  Core 0  |
+-------------------+----------+
| RDTSC Runtime [s] | 0.647714 |
|     call count    |  4500000 |
+-------------------+----------+

+-----------------------+---------+-------------+
|         Event         | Counter |    Core 0   |
+-----------------------+---------+-------------+
|   INSTR_RETIRED_ANY   |  FIXC0  | 16857980000 |
| CPU_CLK_UNHALTED_CORE |  FIXC1  | 39608800000 |
|  CPU_CLK_UNHALTED_REF |  FIXC2  | 33231490000 |
|    L1D_REPLACEMENT    |   PMC0  |   924347700 |
|      L1D_M_EVICT      |   PMC1  |   297442000 |
| ICACHE_64B_IFTAG_MISS |   PMC2  |  1741947000 |
+-----------------------+---------+-------------+

+--------------------------------+-------------+
|             Metric             |    Core 0   |
+--------------------------------+-------------+
|       Runtime (RDTSC) [s]      |      0.6477 |
|      Runtime unhalted [s]      |     15.2813 |
|           Clock [MHz]          |   3089.3984 |
|               CPI              |      2.3496 |
|  L2D load bandwidth [MBytes/s] |  91333.8546 |
|  L2D load data volume [GBytes] |     59.1583 |
| L2D evict bandwidth [MBytes/s] |  29389.9410 |
| L2D evict data volume [GBytes] |     19.0363 |
|     L2 bandwidth [MBytes/s]    | 292843.8040 |
|     L2 data volume [GBytes]    |    189.6791 |
+--------------------------------+-------------+

Region Core, Group 1: L2
+-------------------+----------+
|    Region Info    |  Core 0  |
+-------------------+----------+
| RDTSC Runtime [s] | 0.022400 |
|     call count    |        1 |
+-------------------+----------+

+-----------------------+---------+-----------+
|         Event         | Counter |   Core 0  |
+-----------------------+---------+-----------+
|   INSTR_RETIRED_ANY   |  FIXC0  | 176210800 |
| CPU_CLK_UNHALTED_CORE |  FIXC1  |  67528130 |
|  CPU_CLK_UNHALTED_REF |  FIXC2  |  56618240 |
|    L1D_REPLACEMENT    |   PMC0  |     42986 |
|      L1D_M_EVICT      |   PMC1  |      1338 |
| ICACHE_64B_IFTAG_MISS |   PMC2  |      1292 |
+-----------------------+---------+-----------+

+--------------------------------+-----------+
|             Metric             |   Core 0  |
+--------------------------------+-----------+
|       Runtime (RDTSC) [s]      |    0.0224 |
|      Runtime unhalted [s]      |    0.0261 |
|           Clock [MHz]          | 3091.4370 |
|               CPI              |    0.3832 |
|  L2D load bandwidth [MBytes/s] |  122.8145 |
|  L2D load data volume [GBytes] |    0.0028 |
| L2D evict bandwidth [MBytes/s] |    3.8228 |
| L2D evict data volume [GBytes] |    0.0001 |
|     L2 bandwidth [MBytes/s]    |  130.3286 |
|     L2 data volume [GBytes]    |    0.0029 |
+--------------------------------+-----------+

--------------------------------------------------------------------------------
CPU name:	Intel(R) Core(TM) i7-6500U CPU @ 2.50GHz
CPU type:	Intel Skylake processor
CPU clock:	2.59 GHz
--------------------------------------------------------------------------------
Bloom Join
-----------------
131072 Buckets 2 Hash Functions
Initialization: 0 ms 
Bloom Filter Generation: 252701 ms 
Join Core: 27 ms 
623 linhas
252731 ms 

--------------------------------------------------------------------------------
Region Initialization, Group 1: L2
+-------------------+----------+
|    Region Info    |  Core 0  |
+-------------------+----------+
| RDTSC Runtime [s] | 0.000030 |
|     call count    |        1 |
+-------------------+----------+

+-----------------------+---------+--------+
|         Event         | Counter | Core 0 |
+-----------------------+---------+--------+
|   INSTR_RETIRED_ANY   |  FIXC0  |  33502 |
| CPU_CLK_UNHALTED_CORE |  FIXC1  |  30018 |
|  CPU_CLK_UNHALTED_REF |  FIXC2  |  97416 |
|    L1D_REPLACEMENT    |   PMC0  |    397 |
|      L1D_M_EVICT      |   PMC1  |    184 |
| ICACHE_64B_IFTAG_MISS |   PMC2  |    630 |
+-----------------------+---------+--------+

+--------------------------------+--------------+
|             Metric             |    Core 0    |
+--------------------------------+--------------+
|       Runtime (RDTSC) [s]      | 2.979688e-05 |
|      Runtime unhalted [s]      | 1.158109e-05 |
|           Clock [MHz]          |     798.7003 |
|               CPI              |       0.8960 |
|  L2D load bandwidth [MBytes/s] |     852.7067 |
|  L2D load data volume [GBytes] | 2.540800e-05 |
| L2D evict bandwidth [MBytes/s] |     395.2092 |
| L2D evict data volume [GBytes] | 1.177600e-05 |
|     L2 bandwidth [MBytes/s]    |    2601.0777 |
|     L2 data volume [GBytes]    |       0.0001 |
+--------------------------------+--------------+

Region Generation, Group 1: L2
+-------------------+----------+
|    Region Info    |  Core 0  |
+-------------------+----------+
| RDTSC Runtime [s] | 0.799259 |
|     call count    |  4500000 |
+-------------------+----------+

+-----------------------+---------+-------------+
|         Event         | Counter |    Core 0   |
+-----------------------+---------+-------------+
|   INSTR_RETIRED_ANY   |  FIXC0  | 16858790000 |
| CPU_CLK_UNHALTED_CORE |  FIXC1  | 38489880000 |
|  CPU_CLK_UNHALTED_REF |  FIXC2  | 40001260000 |
|    L1D_REPLACEMENT    |   PMC0  |   849367900 |
|      L1D_M_EVICT      |   PMC1  |   257981100 |
| ICACHE_64B_IFTAG_MISS |   PMC2  |  1636001000 |
+-----------------------+---------+-------------+

+--------------------------------+-------------+
|             Metric             |    Core 0   |
+--------------------------------+-------------+
|       Runtime (RDTSC) [s]      |      0.7993 |
|      Runtime unhalted [s]      |     14.8496 |
|           Clock [MHz]          |   2494.0508 |
|               CPI              |      2.2831 |
|  L2D load bandwidth [MBytes/s] |  68012.4115 |
|  L2D load data volume [GBytes] |     54.3595 |
| L2D evict bandwidth [MBytes/s] |  20657.6170 |
| L2D evict data volume [GBytes] |     16.5108 |
|     L2 bandwidth [MBytes/s]    | 219671.4157 |
|     L2 data volume [GBytes]    |    175.5744 |
+--------------------------------+-------------+

Region Core, Group 1: L2
+-------------------+----------+
|    Region Info    |  Core 0  |
+-------------------+----------+
| RDTSC Runtime [s] | 0.027389 |
|     call count    |        1 |
+-------------------+----------+

+-----------------------+---------+-----------+
|         Event         | Counter |   Core 0  |
+-----------------------+---------+-----------+
|   INSTR_RETIRED_ANY   |  FIXC0  | 176210800 |
| CPU_CLK_UNHALTED_CORE |  FIXC1  |  67541270 |
|  CPU_CLK_UNHALTED_REF |  FIXC2  |  70189960 |
|    L1D_REPLACEMENT    |   PMC0  |     41566 |
|      L1D_M_EVICT      |   PMC1  |      1514 |
| ICACHE_64B_IFTAG_MISS |   PMC2  |      1452 |
+-----------------------+---------+-----------+

+--------------------------------+-----------+
|             Metric             |   Core 0  |
+--------------------------------+-----------+
|       Runtime (RDTSC) [s]      |    0.0274 |
|      Runtime unhalted [s]      |    0.0261 |
|           Clock [MHz]          | 2494.1734 |
|               CPI              |    0.3833 |
|  L2D load bandwidth [MBytes/s] |   97.1278 |
|  L2D load data volume [GBytes] |    0.0027 |
| L2D evict bandwidth [MBytes/s] |    3.5378 |
| L2D evict data volume [GBytes] |    0.0001 |
|     L2 bandwidth [MBytes/s]    |  104.0585 |
|     L2 data volume [GBytes]    |    0.0029 |
+--------------------------------+-----------+

--------------------------------------------------------------------------------
CPU name:	Intel(R) Core(TM) i7-6500U CPU @ 2.50GHz
CPU type:	Intel Skylake processor
CPU clock:	2.59 GHz
--------------------------------------------------------------------------------
Bloom Join
-----------------
131072 Buckets 2 Hash Functions
Initialization: 0 ms 
Bloom Filter Generation: 254062 ms 
Join Core: 28 ms 
623 linhas
254092 ms 

--------------------------------------------------------------------------------
Region Initialization, Group 1: L2
+-------------------+----------+
|    Region Info    |  Core 0  |
+-------------------+----------+
| RDTSC Runtime [s] | 0.000029 |
|     call count    |        1 |
+-------------------+----------+

+-----------------------+---------+--------+
|         Event         | Counter | Core 0 |
+-----------------------+---------+--------+
|   INSTR_RETIRED_ANY   |  FIXC0  |  33502 |
| CPU_CLK_UNHALTED_CORE |  FIXC1  |  30254 |
|  CPU_CLK_UNHALTED_REF |  FIXC2  |  98172 |
|    L1D_REPLACEMENT    |   PMC0  |    387 |
|      L1D_M_EVICT      |   PMC1  |    164 |
| ICACHE_64B_IFTAG_MISS |   PMC2  |    647 |
+-----------------------+---------+--------+

+--------------------------------+--------------+
|             Metric             |    Core 0    |
+--------------------------------+--------------+
|       Runtime (RDTSC) [s]      | 2.927801e-05 |
|      Runtime unhalted [s]      | 1.167210e-05 |
|           Clock [MHz]          |     798.7831 |
|               CPI              |       0.9031 |
|  L2D load bandwidth [MBytes/s] |     845.9591 |
|  L2D load data volume [GBytes] | 2.476800e-05 |
| L2D evict bandwidth [MBytes/s] |     358.4943 |
| L2D evict data volume [GBytes] | 1.049600e-05 |
|     L2 bandwidth [MBytes/s]    |    2618.7572 |
|     L2 data volume [GBytes]    |       0.0001 |
+--------------------------------+--------------+

Region Generation, Group 1: L2
+-------------------+----------+
|    Region Info    |  Core 0  |
+-------------------+----------+
| RDTSC Runtime [s] | 0.792982 |
|     call count    |  4500000 |
+-------------------+----------+

+-----------------------+---------+-------------+
|         Event         | Counter |    Core 0   |
+-----------------------+---------+-------------+
|   INSTR_RETIRED_ANY   |  FIXC0  | 16858150000 |
| CPU_CLK_UNHALTED_CORE |  FIXC1  | 39093530000 |
|  CPU_CLK_UNHALTED_REF |  FIXC2  | 40628540000 |
|    L1D_REPLACEMENT    |   PMC0  |   910046400 |
|      L1D_M_EVICT      |   PMC1  |   293323800 |
| ICACHE_64B_IFTAG_MISS |   PMC2  |  1654142000 |
+-----------------------+---------+-------------+

+--------------------------------+-------------+
|             Metric             |    Core 0   |
+--------------------------------+-------------+
|       Runtime (RDTSC) [s]      |      0.7930 |
|      Runtime unhalted [s]      |     15.0824 |
|           Clock [MHz]          |   2494.0627 |
|               CPI              |      2.3190 |
|  L2D load bandwidth [MBytes/s] |  73448.0627 |
|  L2D load data volume [GBytes] |     58.2430 |
| L2D evict bandwidth [MBytes/s] |  23673.5894 |
| L2D evict data volume [GBytes] |     18.7727 |
|     L2 bandwidth [MBytes/s]    | 230624.2134 |
|     L2 data volume [GBytes]    |    182.8808 |
+--------------------------------+-------------+

Region Core, Group 1: L2
+-------------------+----------+
|    Region Info    |  Core 0  |
+-------------------+----------+
| RDTSC Runtime [s] | 0.028040 |
|     call count    |        1 |
+-------------------+----------+

+-----------------------+---------+-----------+
|         Event         | Counter |   Core 0  |
+-----------------------+---------+-----------+
|   INSTR_RETIRED_ANY   |  FIXC0  | 176210800 |
| CPU_CLK_UNHALTED_CORE |  FIXC1  |  69418040 |
|  CPU_CLK_UNHALTED_REF |  FIXC2  |  72140870 |
|    L1D_REPLACEMENT    |   PMC0  |     48798 |
|      L1D_M_EVICT      |   PMC1  |      3619 |
| ICACHE_64B_IFTAG_MISS |   PMC2  |      2561 |
+-----------------------+---------+-----------+

+--------------------------------+-----------+
|             Metric             |   Core 0  |
+--------------------------------+-----------+
|       Runtime (RDTSC) [s]      |    0.0280 |
|      Runtime unhalted [s]      |    0.0268 |
|           Clock [MHz]          | 2494.1621 |
|               CPI              |    0.3939 |
|  L2D load bandwidth [MBytes/s] |  111.3773 |
|  L2D load data volume [GBytes] |    0.0031 |
| L2D evict bandwidth [MBytes/s] |    8.2601 |
| L2D evict data volume [GBytes] |    0.0002 |
|     L2 bandwidth [MBytes/s]    |  125.4827 |
|     L2 data volume [GBytes]    |    0.0035 |
+--------------------------------+-----------+

--------------------------------------------------------------------------------
CPU name:	Intel(R) Core(TM) i7-6500U CPU @ 2.50GHz
CPU type:	Intel Skylake processor
CPU clock:	2.59 GHz
--------------------------------------------------------------------------------
Bloom Join
-----------------
131072 Buckets 2 Hash Functions
Initialization: 0 ms 
Bloom Filter Generation: 225068 ms 
Join Core: 27 ms 
623 linhas
225097 ms 

--------------------------------------------------------------------------------
Region Initialization, Group 1: L3
+-------------------+----------+
|    Region Info    |  Core 0  |
+-------------------+----------+
| RDTSC Runtime [s] | 0.000011 |
|     call count    |        1 |
+-------------------+----------+

+-----------------------+---------+--------+
|         Event         | Counter | Core 0 |
+-----------------------+---------+--------+
|   INSTR_RETIRED_ANY   |  FIXC0  |  33409 |
| CPU_CLK_UNHALTED_CORE |  FIXC1  |  31138 |
|  CPU_CLK_UNHALTED_REF |  FIXC2  |  35100 |
|    L2_LINES_IN_ALL    |   PMC0  |    539 |
|     L2_TRANS_L2_WB    |   PMC1  |     73 |
+-----------------------+---------+--------+

+-------------------------------+--------------+
|             Metric            |    Core 0    |
+-------------------------------+--------------+
|      Runtime (RDTSC) [s]      | 1.089099e-05 |
|      Runtime unhalted [s]     | 1.201319e-05 |
|          Clock [MHz]          |    2299.4079 |
|              CPI              |       0.9320 |
|  L3 load bandwidth [MBytes/s] |    3167.3888 |
|  L3 load data volume [GBytes] | 3.449600e-05 |
| L3 evict bandwidth [MBytes/s] |     428.9784 |
| L3 evict data volume [GBytes] | 4.672000e-06 |
|    L3 bandwidth [MBytes/s]    |    3596.3673 |
|    L3 data volume [GBytes]    | 3.916800e-05 |
+-------------------------------+--------------+

Region Generation, Group 1: L3
+-------------------+----------+
|    Region Info    |  Core 0  |
+-------------------+----------+
| RDTSC Runtime [s] | 0.789237 |
|     call count    |  4500000 |
+-------------------+----------+

+-----------------------+---------+-------------+
|         Event         | Counter |    Core 0   |
+-----------------------+---------+-------------+
|   INSTR_RETIRED_ANY   |  FIXC0  | 16439480000 |
| CPU_CLK_UNHALTED_CORE |  FIXC1  | 37119930000 |
|  CPU_CLK_UNHALTED_REF |  FIXC2  | 38576260000 |
|    L2_LINES_IN_ALL    |   PMC0  |   413009700 |
|     L2_TRANS_L2_WB    |   PMC1  |    67012110 |
+-----------------------+---------+-------------+

+-------------------------------+------------+
|             Metric            |   Core 0   |
+-------------------------------+------------+
|      Runtime (RDTSC) [s]      |     0.7892 |
|      Runtime unhalted [s]     |    14.3210 |
|          Clock [MHz]          |  2494.1321 |
|              CPI              |     2.2580 |
|  L3 load bandwidth [MBytes/s] | 33491.3604 |
|  L3 load data volume [GBytes] |    26.4326 |
| L3 evict bandwidth [MBytes/s] |  5434.0775 |
| L3 evict data volume [GBytes] |     4.2888 |
|    L3 bandwidth [MBytes/s]    | 38925.4379 |
|    L3 data volume [GBytes]    |    30.7214 |
+-------------------------------+------------+

Region Core, Group 1: L3
+-------------------+----------+
|    Region Info    |  Core 0  |
+-------------------+----------+
| RDTSC Runtime [s] | 0.027340 |
|     call count    |        1 |
+-------------------+----------+

+-----------------------+---------+-----------+
|         Event         | Counter |   Core 0  |
+-----------------------+---------+-----------+
|   INSTR_RETIRED_ANY   |  FIXC0  | 176210700 |
| CPU_CLK_UNHALTED_CORE |  FIXC1  |  67502670 |
|  CPU_CLK_UNHALTED_REF |  FIXC2  |  70150000 |
|    L2_LINES_IN_ALL    |   PMC0  |     35216 |
|     L2_TRANS_L2_WB    |   PMC1  |     21324 |
+-----------------------+---------+-----------+

+-------------------------------+-----------+
|             Metric            |   Core 0  |
+-------------------------------+-----------+
|      Runtime (RDTSC) [s]      |    0.0273 |
|      Runtime unhalted [s]     |    0.0260 |
|          Clock [MHz]          | 2494.1680 |
|              CPI              |    0.3831 |
|  L3 load bandwidth [MBytes/s] |   82.4359 |
|  L3 load data volume [GBytes] |    0.0023 |
| L3 evict bandwidth [MBytes/s] |   49.9166 |
| L3 evict data volume [GBytes] |    0.0014 |
|    L3 bandwidth [MBytes/s]    |  132.3525 |
|    L3 data volume [GBytes]    |    0.0036 |
+-------------------------------+-----------+

--------------------------------------------------------------------------------
CPU name:	Intel(R) Core(TM) i7-6500U CPU @ 2.50GHz
CPU type:	Intel Skylake processor
CPU clock:	2.59 GHz
--------------------------------------------------------------------------------
Bloom Join
-----------------
131072 Buckets 2 Hash Functions
Initialization: 0 ms 
Bloom Filter Generation: 230400 ms 
Join Core: 27 ms 
623 linhas
230430 ms 

--------------------------------------------------------------------------------
Region Initialization, Group 1: L3
+-------------------+----------+
|    Region Info    |  Core 0  |
+-------------------+----------+
| RDTSC Runtime [s] | 0.000031 |
|     call count    |        1 |
+-------------------+----------+

+-----------------------+---------+--------+
|         Event         | Counter | Core 0 |
+-----------------------+---------+--------+
|   INSTR_RETIRED_ANY   |  FIXC0  |  33409 |
| CPU_CLK_UNHALTED_CORE |  FIXC1  |  32129 |
|  CPU_CLK_UNHALTED_REF |  FIXC2  | 104328 |
|    L2_LINES_IN_ALL    |   PMC0  |    938 |
|     L2_TRANS_L2_WB    |   PMC1  |    166 |
+-----------------------+---------+--------+

+-------------------------------+--------------+
|             Metric            |    Core 0    |
+-------------------------------+--------------+
|      Runtime (RDTSC) [s]      | 3.054518e-05 |
|      Runtime unhalted [s]     | 1.239554e-05 |
|          Clock [MHz]          |     798.2301 |
|              CPI              |       0.9617 |
|  L3 load bandwidth [MBytes/s] |    1965.3510 |
|  L3 load data volume [GBytes] |       0.0001 |
| L3 evict bandwidth [MBytes/s] |     347.8126 |
| L3 evict data volume [GBytes] | 1.062400e-05 |
|    L3 bandwidth [MBytes/s]    |    2313.1636 |
|    L3 data volume [GBytes]    |       0.0001 |
+-------------------------------+--------------+

Region Generation, Group 1: L3
+-------------------+----------+
|    Region Info    |  Core 0  |
+-------------------+----------+
| RDTSC Runtime [s] | 0.843081 |
|     call count    |  4500000 |
+-------------------+----------+

+-----------------------+---------+-------------+
|         Event         | Counter |    Core 0   |
+-----------------------+---------+-------------+
|   INSTR_RETIRED_ANY   |  FIXC0  | 16439590000 |
| CPU_CLK_UNHALTED_CORE |  FIXC1  | 38510090000 |
|  CPU_CLK_UNHALTED_REF |  FIXC2  | 40022010000 |
|    L2_LINES_IN_ALL    |   PMC0  |   583296800 |
|     L2_TRANS_L2_WB    |   PMC1  |    96899190 |
+-----------------------+---------+-------------+

+-------------------------------+------------+
|             Metric            |   Core 0   |
+-------------------------------+------------+
|      Runtime (RDTSC) [s]      |     0.8431 |
|      Runtime unhalted [s]     |    14.8574 |
|          Clock [MHz]          |  2494.0629 |
|              CPI              |     2.3425 |
|  L3 load bandwidth [MBytes/s] | 44279.2562 |
|  L3 load data volume [GBytes] |    37.3310 |
| L3 evict bandwidth [MBytes/s] |  7355.8162 |
| L3 evict data volume [GBytes] |     6.2015 |
|    L3 bandwidth [MBytes/s]    | 51635.0725 |
|    L3 data volume [GBytes]    |    43.5325 |
+-------------------------------+------------+

Region Core, Group 1: L3
+-------------------+----------+
|    Region Info    |  Core 0  |
+-------------------+----------+
| RDTSC Runtime [s] | 0.027363 |
|     call count    |        1 |
+-------------------+----------+

+-----------------------+---------+-----------+
|         Event         | Counter |   Core 0  |
+-----------------------+---------+-----------+
|   INSTR_RETIRED_ANY   |  FIXC0  | 176210700 |
| CPU_CLK_UNHALTED_CORE |  FIXC1  |  67446460 |
|  CPU_CLK_UNHALTED_REF |  FIXC2  |  70091240 |
|    L2_LINES_IN_ALL    |   PMC0  |     32520 |
|     L2_TRANS_L2_WB    |   PMC1  |     19731 |
+-----------------------+---------+-----------+

+-------------------------------+-----------+
|             Metric            |   Core 0  |
+-------------------------------+-----------+
|      Runtime (RDTSC) [s]      |    0.0274 |
|      Runtime unhalted [s]     |    0.0260 |
|          Clock [MHz]          | 2494.1764 |
|              CPI              |    0.3828 |
|  L3 load bandwidth [MBytes/s] |   76.0620 |
|  L3 load data volume [GBytes] |    0.0021 |
| L3 evict bandwidth [MBytes/s] |   46.1494 |
| L3 evict data volume [GBytes] |    0.0013 |
|    L3 bandwidth [MBytes/s]    |  122.2114 |
|    L3 data volume [GBytes]    |    0.0033 |
+-------------------------------+-----------+

--------------------------------------------------------------------------------
CPU name:	Intel(R) Core(TM) i7-6500U CPU @ 2.50GHz
CPU type:	Intel Skylake processor
CPU clock:	2.59 GHz
--------------------------------------------------------------------------------
Bloom Join
-----------------
131072 Buckets 2 Hash Functions
Initialization: 0 ms 
Bloom Filter Generation: 233758 ms 
Join Core: 28 ms 
623 linhas
233788 ms 

--------------------------------------------------------------------------------
Region Initialization, Group 1: L3
+-------------------+----------+
|    Region Info    |  Core 0  |
+-------------------+----------+
| RDTSC Runtime [s] | 0.000030 |
|     call count    |        1 |
+-------------------+----------+

+-----------------------+---------+--------+
|         Event         | Counter | Core 0 |
+-----------------------+---------+--------+
|   INSTR_RETIRED_ANY   |  FIXC0  |  33409 |
| CPU_CLK_UNHALTED_CORE |  FIXC1  |  29493 |
|  CPU_CLK_UNHALTED_REF |  FIXC2  |  95688 |
|    L2_LINES_IN_ALL    |   PMC0  |    490 |
|     L2_TRANS_L2_WB    |   PMC1  |     77 |
+-----------------------+---------+--------+

+-------------------------------+--------------+
|             Metric            |    Core 0    |
+-------------------------------+--------------+
|      Runtime (RDTSC) [s]      | 2.962207e-05 |
|      Runtime unhalted [s]     | 1.137854e-05 |
|          Clock [MHz]          |     798.9024 |
|              CPI              |       0.8828 |
|  L3 load bandwidth [MBytes/s] |    1058.6701 |
|  L3 load data volume [GBytes] | 3.136000e-05 |
| L3 evict bandwidth [MBytes/s] |     166.3624 |
| L3 evict data volume [GBytes] | 4.928000e-06 |
|    L3 bandwidth [MBytes/s]    |    1225.0326 |
|    L3 data volume [GBytes]    | 3.628800e-05 |
+-------------------------------+--------------+

Region Generation, Group 1: L3
+-------------------+----------+
|    Region Info    |  Core 0  |
+-------------------+----------+
| RDTSC Runtime [s] | 0.926204 |
|     call count    |  4500000 |
+-------------------+----------+

+-----------------------+---------+-------------+
|         Event         | Counter |    Core 0   |
+-----------------------+---------+-------------+
|   INSTR_RETIRED_ANY   |  FIXC0  | 16439480000 |
| CPU_CLK_UNHALTED_CORE |  FIXC1  | 39633030000 |
|  CPU_CLK_UNHALTED_REF |  FIXC2  | 41189100000 |
|    L2_LINES_IN_ALL    |   PMC0  |   523279900 |
|     L2_TRANS_L2_WB    |   PMC1  |    98303560 |
+-----------------------+---------+-------------+

+-------------------------------+------------+
|             Metric            |   Core 0   |
+-------------------------------+------------+
|      Runtime (RDTSC) [s]      |     0.9262 |
|      Runtime unhalted [s]     |    15.2906 |
|          Clock [MHz]          |  2494.0620 |
|              CPI              |     2.4108 |
|  L3 load bandwidth [MBytes/s] | 36158.2476 |
|  L3 load data volume [GBytes] |    33.4899 |
| L3 evict bandwidth [MBytes/s] |  6792.7021 |
| L3 evict data volume [GBytes] |     6.2914 |
|    L3 bandwidth [MBytes/s]    | 42950.9497 |
|    L3 data volume [GBytes]    |    39.7813 |
+-------------------------------+------------+

Region Core, Group 1: L3
+-------------------+----------+
|    Region Info    |  Core 0  |
+-------------------+----------+
| RDTSC Runtime [s] | 0.027510 |
|     call count    |        1 |
+-------------------+----------+

+-----------------------+---------+-----------+
|         Event         | Counter |   Core 0  |
+-----------------------+---------+-----------+
|   INSTR_RETIRED_ANY   |  FIXC0  | 176210700 |
| CPU_CLK_UNHALTED_CORE |  FIXC1  |  67691550 |
|  CPU_CLK_UNHALTED_REF |  FIXC2  |  70346340 |
|    L2_LINES_IN_ALL    |   PMC0  |     33490 |
|     L2_TRANS_L2_WB    |   PMC1  |     20957 |
+-----------------------+---------+-----------+

+-------------------------------+-----------+
|             Metric            |   Core 0  |
+-------------------------------+-----------+
|      Runtime (RDTSC) [s]      |    0.0275 |
|      Runtime unhalted [s]     |    0.0261 |
|          Clock [MHz]          | 2494.1652 |
|              CPI              |    0.3842 |
|  L3 load bandwidth [MBytes/s] |   77.9112 |
|  L3 load data volume [GBytes] |    0.0021 |
| L3 evict bandwidth [MBytes/s] |   48.7544 |
| L3 evict data volume [GBytes] |    0.0013 |
|    L3 bandwidth [MBytes/s]    |  126.6656 |
|    L3 data volume [GBytes]    |    0.0035 |
+-------------------------------+-----------+

--------------------------------------------------------------------------------
CPU name:	Intel(R) Core(TM) i7-6500U CPU @ 2.50GHz
CPU type:	Intel Skylake processor
CPU clock:	2.59 GHz
--------------------------------------------------------------------------------
Bloom Join
-----------------
131072 Buckets 2 Hash Functions
Initialization: 0 ms 
Bloom Filter Generation: 223203 ms 
Join Core: 28 ms 
623 linhas
223233 ms 

--------------------------------------------------------------------------------
Region Initialization, Group 1: L3
+-------------------+----------+
|    Region Info    |  Core 0  |
+-------------------+----------+
| RDTSC Runtime [s] | 0.000034 |
|     call count    |        1 |
+-------------------+----------+

+-----------------------+---------+--------+
|         Event         | Counter | Core 0 |
+-----------------------+---------+--------+
|   INSTR_RETIRED_ANY   |  FIXC0  |  33409 |
| CPU_CLK_UNHALTED_CORE |  FIXC1  |  35883 |
|  CPU_CLK_UNHALTED_REF |  FIXC2  | 116532 |
|    L2_LINES_IN_ALL    |   PMC0  |   1197 |
|     L2_TRANS_L2_WB    |   PMC1  |    308 |
+-----------------------+---------+--------+

+-------------------------------+--------------+
|             Metric            |    Core 0    |
+-------------------------------+--------------+
|      Runtime (RDTSC) [s]      | 3.442802e-05 |
|      Runtime unhalted [s]     | 1.384383e-05 |
|          Clock [MHz]          |     798.1346 |
|              CPI              |       1.0741 |
|  L3 load bandwidth [MBytes/s] |    2225.1643 |
|  L3 load data volume [GBytes] |       0.0001 |
| L3 evict bandwidth [MBytes/s] |     572.5569 |
| L3 evict data volume [GBytes] | 1.971200e-05 |
|    L3 bandwidth [MBytes/s]    |    2797.7212 |
|    L3 data volume [GBytes]    |       0.0001 |
+-------------------------------+--------------+

Region Generation, Group 1: L3
+-------------------+----------+
|    Region Info    |  Core 0  |
+-------------------+----------+
| RDTSC Runtime [s] | 0.982939 |
|     call count    |  4500000 |
+-------------------+----------+

+-----------------------+---------+-------------+
|         Event         | Counter |    Core 0   |
+-----------------------+---------+-------------+
|   INSTR_RETIRED_ANY   |  FIXC0  | 16439480000 |
| CPU_CLK_UNHALTED_CORE |  FIXC1  | 38790230000 |
|  CPU_CLK_UNHALTED_REF |  FIXC2  | 38269110000 |
|    L2_LINES_IN_ALL    |   PMC0  |   576588700 |
|     L2_TRANS_L2_WB    |   PMC1  |   130113600 |
+-----------------------+---------+-------------+

+-------------------------------+------------+
|             Metric            |   Core 0   |
+-------------------------------+------------+
|      Runtime (RDTSC) [s]      |     0.9829 |
|      Runtime unhalted [s]     |    14.9654 |
|          Clock [MHz]          |  2627.2814 |
|              CPI              |     2.3596 |
|  L3 load bandwidth [MBytes/s] | 37542.1802 |
|  L3 load data volume [GBytes] |    36.9017 |
| L3 evict bandwidth [MBytes/s] |  8471.8071 |
| L3 evict data volume [GBytes] |     8.3273 |
|    L3 bandwidth [MBytes/s]    | 46013.9872 |
|    L3 data volume [GBytes]    |    45.2289 |
+-------------------------------+------------+

Region Core, Group 1: L3
+-------------------+----------+
|    Region Info    |  Core 0  |
+-------------------+----------+
| RDTSC Runtime [s] | 0.027489 |
|     call count    |        1 |
+-------------------+----------+

+-----------------------+---------+-----------+
|         Event         | Counter |   Core 0  |
+-----------------------+---------+-----------+
|   INSTR_RETIRED_ANY   |  FIXC0  | 176210700 |
| CPU_CLK_UNHALTED_CORE |  FIXC1  |  67815560 |
|  CPU_CLK_UNHALTED_REF |  FIXC2  |  70474750 |
|    L2_LINES_IN_ALL    |   PMC0  |     33904 |
|     L2_TRANS_L2_WB    |   PMC1  |     17627 |
+-----------------------+---------+-----------+

+-------------------------------+-----------+
|             Metric            |   Core 0  |
+-------------------------------+-----------+
|      Runtime (RDTSC) [s]      |    0.0275 |
|      Runtime unhalted [s]     |    0.0262 |
|          Clock [MHz]          | 2494.1835 |
|              CPI              |    0.3849 |
|  L3 load bandwidth [MBytes/s] |   78.9347 |
|  L3 load data volume [GBytes] |    0.0022 |
| L3 evict bandwidth [MBytes/s] |   41.0389 |
| L3 evict data volume [GBytes] |    0.0011 |
|    L3 bandwidth [MBytes/s]    |  119.9736 |
|    L3 data volume [GBytes]    |    0.0033 |
+-------------------------------+-----------+

--------------------------------------------------------------------------------
CPU name:	Intel(R) Core(TM) i7-6500U CPU @ 2.50GHz
CPU type:	Intel Skylake processor
CPU clock:	2.59 GHz
--------------------------------------------------------------------------------
Bloom Join
-----------------
131072 Buckets 2 Hash Functions
Initialization: 0 ms 
Bloom Filter Generation: 216564 ms 
Join Core: 28 ms 
623 linhas
216593 ms 

--------------------------------------------------------------------------------
Region Initialization, Group 1: L3
+-------------------+----------+
|    Region Info    |  Core 0  |
+-------------------+----------+
| RDTSC Runtime [s] | 0.000034 |
|     call count    |        1 |
+-------------------+----------+

+-----------------------+---------+--------+
|         Event         | Counter | Core 0 |
+-----------------------+---------+--------+
|   INSTR_RETIRED_ANY   |  FIXC0  |  33409 |
| CPU_CLK_UNHALTED_CORE |  FIXC1  |  33810 |
|  CPU_CLK_UNHALTED_REF |  FIXC2  | 109836 |
|    L2_LINES_IN_ALL    |   PMC0  |   1429 |
|     L2_TRANS_L2_WB    |   PMC1  |    220 |
+-----------------------+---------+--------+

+-------------------------------+--------------+
|             Metric            |    Core 0    |
+-------------------------------+--------------+
|      Runtime (RDTSC) [s]      | 3.391245e-05 |
|      Runtime unhalted [s]     | 1.304691e-05 |
|          Clock [MHz]          |     797.6968 |
|              CPI              |       1.0120 |
|  L3 load bandwidth [MBytes/s] |    2696.8267 |
|  L3 load data volume [GBytes] |       0.0001 |
| L3 evict bandwidth [MBytes/s] |     415.1868 |
| L3 evict data volume [GBytes] | 1.408000e-05 |
|    L3 bandwidth [MBytes/s]    |    3112.0134 |
|    L3 data volume [GBytes]    |       0.0001 |
+-------------------------------+--------------+

Region Generation, Group 1: L3
+-------------------+----------+
|    Region Info    |  Core 0  |
+-------------------+----------+
| RDTSC Runtime [s] | 0.911428 |
|     call count    |  4500000 |
+-------------------+----------+

+-----------------------+---------+-------------+
|         Event         | Counter |    Core 0   |
+-----------------------+---------+-------------+
|   INSTR_RETIRED_ANY   |  FIXC0  | 16439480000 |
| CPU_CLK_UNHALTED_CORE |  FIXC1  | 39659370000 |
|  CPU_CLK_UNHALTED_REF |  FIXC2  | 37566330000 |
|    L2_LINES_IN_ALL    |   PMC0  |   973621400 |
|     L2_TRANS_L2_WB    |   PMC1  |   160628300 |
+-----------------------+---------+-------------+

+-------------------------------+------------+
|             Metric            |   Core 0   |
+-------------------------------+------------+
|      Runtime (RDTSC) [s]      |     0.9114 |
|      Runtime unhalted [s]     |    15.3041 |
|          Clock [MHz]          |  2735.8006 |
|              CPI              |     2.4124 |
|  L3 load bandwidth [MBytes/s] | 68367.2182 |
|  L3 load data volume [GBytes] |    62.3118 |
| L3 evict bandwidth [MBytes/s] | 11279.2406 |
| L3 evict data volume [GBytes] |    10.2802 |
|    L3 bandwidth [MBytes/s]    | 79646.4588 |
|    L3 data volume [GBytes]    |    72.5920 |
+-------------------------------+------------+

Region Core, Group 1: L3
+-------------------+----------+
|    Region Info    |  Core 0  |
+-------------------+----------+
| RDTSC Runtime [s] | 0.027449 |
|     call count    |        1 |
+-------------------+----------+

+-----------------------+---------+-----------+
|         Event         | Counter |   Core 0  |
+-----------------------+---------+-----------+
|   INSTR_RETIRED_ANY   |  FIXC0  | 176210700 |
| CPU_CLK_UNHALTED_CORE |  FIXC1  |  67607140 |
|  CPU_CLK_UNHALTED_REF |  FIXC2  |  70258210 |
|    L2_LINES_IN_ALL    |   PMC0  |     32686 |
|     L2_TRANS_L2_WB    |   PMC1  |     20099 |
+-----------------------+---------+-----------+

+-------------------------------+-----------+
|             Metric            |   Core 0  |
+-------------------------------+-----------+
|      Runtime (RDTSC) [s]      |    0.0274 |
|      Runtime unhalted [s]     |    0.0261 |
|          Clock [MHz]          | 2493.6350 |
|              CPI              |    0.3837 |
|  L3 load bandwidth [MBytes/s] |   76.2114 |
|  L3 load data volume [GBytes] |    0.0021 |
| L3 evict bandwidth [MBytes/s] |   46.8633 |
| L3 evict data volume [GBytes] |    0.0013 |
|    L3 bandwidth [MBytes/s]    |  123.0747 |
|    L3 data volume [GBytes]    |    0.0034 |
+-------------------------------+-----------+

--------------------------------------------------------------------------------
CPU name:	Intel(R) Core(TM) i7-6500U CPU @ 2.50GHz
CPU type:	Intel Skylake processor
CPU clock:	2.59 GHz
--------------------------------------------------------------------------------
Bloom Join
-----------------
131072 Buckets 2 Hash Functions
Initialization: 0 ms 
Bloom Filter Generation: 238699 ms 
Join Core: 36 ms 
623 linhas
238737 ms 

--------------------------------------------------------------------------------
Region Initialization, Group 1: L3
+-------------------+----------+
|    Region Info    |  Core 0  |
+-------------------+----------+
| RDTSC Runtime [s] | 0.000031 |
|     call count    |        1 |
+-------------------+----------+

+-----------------------+---------+--------+
|         Event         | Counter | Core 0 |
+-----------------------+---------+--------+
|   INSTR_RETIRED_ANY   |  FIXC0  |  33409 |
| CPU_CLK_UNHALTED_CORE |  FIXC1  |  30407 |
|  CPU_CLK_UNHALTED_REF |  FIXC2  |  98820 |
|    L2_LINES_IN_ALL    |   PMC0  |    605 |
|     L2_TRANS_L2_WB    |   PMC1  |     43 |
+-----------------------+---------+--------+

+-------------------------------+--------------+
|             Metric            |    Core 0    |
+-------------------------------+--------------+
|      Runtime (RDTSC) [s]      | 3.067700e-05 |
|      Runtime unhalted [s]     | 1.173115e-05 |
|          Clock [MHz]          |     797.5568 |
|              CPI              |       0.9101 |
|  L3 load bandwidth [MBytes/s] |    1262.1834 |
|  L3 load data volume [GBytes] | 3.872000e-05 |
| L3 evict bandwidth [MBytes/s] |      89.7089 |
| L3 evict data volume [GBytes] | 2.752000e-06 |
|    L3 bandwidth [MBytes/s]    |    1351.8923 |
|    L3 data volume [GBytes]    | 4.147200e-05 |
+-------------------------------+--------------+

Region Generation, Group 1: L3
+-------------------+----------+
|    Region Info    |  Core 0  |
+-------------------+----------+
| RDTSC Runtime [s] | 0.922415 |
|     call count    |  4500000 |
+-------------------+----------+

+-----------------------+---------+-------------+
|         Event         | Counter |    Core 0   |
+-----------------------+---------+-------------+
|   INSTR_RETIRED_ANY   |  FIXC0  | 16440020000 |
| CPU_CLK_UNHALTED_CORE |  FIXC1  | 40311940000 |
|  CPU_CLK_UNHALTED_REF |  FIXC2  | 41894390000 |
|    L2_LINES_IN_ALL    |   PMC0  |   874604700 |
|     L2_TRANS_L2_WB    |   PMC1  |   128275400 |
+-----------------------+---------+-------------+

+-------------------------------+------------+
|             Metric            |   Core 0   |
+-------------------------------+------------+
|      Runtime (RDTSC) [s]      |     0.9224 |
|      Runtime unhalted [s]     |    15.5525 |
|          Clock [MHz]          |  2494.0820 |
|              CPI              |     2.4521 |
|  L3 load bandwidth [MBytes/s] | 60682.7738 |
|  L3 load data volume [GBytes] |    55.9747 |
| L3 evict bandwidth [MBytes/s] |  8900.1432 |
| L3 evict data volume [GBytes] |     8.2096 |
|    L3 bandwidth [MBytes/s]    | 69582.9170 |
|    L3 data volume [GBytes]    |    64.1843 |
+-------------------------------+------------+

Region Core, Group 1: L3
+-------------------+----------+
|    Region Info    |  Core 0  |
+-------------------+----------+
| RDTSC Runtime [s] | 0.035960 |
|     call count    |        1 |
+-------------------+----------+

+-----------------------+---------+-----------+
|         Event         | Counter |   Core 0  |
+-----------------------+---------+-----------+
|   INSTR_RETIRED_ANY   |  FIXC0  | 176210800 |
| CPU_CLK_UNHALTED_CORE |  FIXC1  |  87925000 |
|  CPU_CLK_UNHALTED_REF |  FIXC2  |  91373080 |
|    L2_LINES_IN_ALL    |   PMC0  |     85625 |
|     L2_TRANS_L2_WB    |   PMC1  |     22587 |
+-----------------------+---------+-----------+

+-------------------------------+-----------+
|             Metric            |   Core 0  |
+-------------------------------+-----------+
|      Runtime (RDTSC) [s]      |    0.0360 |
|      Runtime unhalted [s]     |    0.0339 |
|          Clock [MHz]          | 2494.1755 |
|              CPI              |    0.4990 |
|  L3 load bandwidth [MBytes/s] |  152.3931 |
|  L3 load data volume [GBytes] |    0.0055 |
| L3 evict bandwidth [MBytes/s] |   40.1997 |
| L3 evict data volume [GBytes] |    0.0014 |
|    L3 bandwidth [MBytes/s]    |  192.5928 |
|    L3 data volume [GBytes]    |    0.0069 |
+-------------------------------+-----------+

--------------------------------------------------------------------------------
CPU name:	Intel(R) Core(TM) i7-6500U CPU @ 2.50GHz
CPU type:	Intel Skylake processor
CPU clock:	2.59 GHz
--------------------------------------------------------------------------------
Bloom Join
-----------------
131072 Buckets 2 Hash Functions
Initialization: 0 ms 
Bloom Filter Generation: 228626 ms 
Join Core: 29 ms 
623 linhas
228657 ms 

--------------------------------------------------------------------------------
Region Initialization, Group 1: L3
+-------------------+----------+
|    Region Info    |  Core 0  |
+-------------------+----------+
| RDTSC Runtime [s] | 0.000030 |
|     call count    |        1 |
+-------------------+----------+

+-----------------------+---------+--------+
|         Event         | Counter | Core 0 |
+-----------------------+---------+--------+
|   INSTR_RETIRED_ANY   |  FIXC0  |  33409 |
| CPU_CLK_UNHALTED_CORE |  FIXC1  |  29854 |
|  CPU_CLK_UNHALTED_REF |  FIXC2  |  96984 |
|    L2_LINES_IN_ALL    |   PMC0  |    592 |
|     L2_TRANS_L2_WB    |   PMC1  |     93 |
+-----------------------+---------+--------+

+-------------------------------+--------------+
|             Metric            |    Core 0    |
+-------------------------------+--------------+
|      Runtime (RDTSC) [s]      | 2.986690e-05 |
|      Runtime unhalted [s]     | 1.152037e-05 |
|          Clock [MHz]          |     797.6981 |
|              CPI              |       0.8936 |
|  L3 load bandwidth [MBytes/s] |    1268.5615 |
|  L3 load data volume [GBytes] | 3.788800e-05 |
| L3 evict bandwidth [MBytes/s] |     199.2842 |
| L3 evict data volume [GBytes] | 5.952000e-06 |
|    L3 bandwidth [MBytes/s]    |    1467.8457 |
|    L3 data volume [GBytes]    | 4.384000e-05 |
+-------------------------------+--------------+

Region Generation, Group 1: L3
+-------------------+----------+
|    Region Info    |  Core 0  |
+-------------------+----------+
| RDTSC Runtime [s] | 0.835208 |
|     call count    |  4500000 |
+-------------------+----------+

+-----------------------+---------+-------------+
|         Event         | Counter |    Core 0   |
+-----------------------+---------+-------------+
|   INSTR_RETIRED_ANY   |  FIXC0  | 16439480000 |
| CPU_CLK_UNHALTED_CORE |  FIXC1  | 38002870000 |
|  CPU_CLK_UNHALTED_REF |  FIXC2  | 39495300000 |
|    L2_LINES_IN_ALL    |   PMC0  |   630057000 |
|     L2_TRANS_L2_WB    |   PMC1  |    92136220 |
+-----------------------+---------+-------------+

+-------------------------------+------------+
|             Metric            |   Core 0   |
+-------------------------------+------------+
|      Runtime (RDTSC) [s]      |     0.8352 |
|      Runtime unhalted [s]     |    14.6649 |
|          Clock [MHz]          |  2493.4869 |
|              CPI              |     2.3117 |
|  L3 load bandwidth [MBytes/s] | 48279.7732 |
|  L3 load data volume [GBytes] |    40.3236 |
| L3 evict bandwidth [MBytes/s] |  7060.1800 |
| L3 evict data volume [GBytes] |     5.8967 |
|    L3 bandwidth [MBytes/s]    | 55339.9532 |
|    L3 data volume [GBytes]    |    46.2204 |
+-------------------------------+------------+

Region Core, Group 1: L3
+-------------------+----------+
|    Region Info    |  Core 0  |
+-------------------+----------+
| RDTSC Runtime [s] | 0.029216 |
|     call count    |        1 |
+-------------------+----------+

+-----------------------+---------+-----------+
|         Event         | Counter |   Core 0  |
+-----------------------+---------+-----------+
|   INSTR_RETIRED_ANY   |  FIXC0  | 176210700 |
| CPU_CLK_UNHALTED_CORE |  FIXC1  |  72255880 |
|  CPU_CLK_UNHALTED_REF |  FIXC2  |  75089590 |
|    L2_LINES_IN_ALL    |   PMC0  |     45715 |
|     L2_TRANS_L2_WB    |   PMC1  |     19792 |
+-----------------------+---------+-----------+

+-------------------------------+-----------+
|             Metric            |   Core 0  |
+-------------------------------+-----------+
|      Runtime (RDTSC) [s]      |    0.0292 |
|      Runtime unhalted [s]     |    0.0279 |
|          Clock [MHz]          | 2493.6160 |
|              CPI              |    0.4101 |
|  L3 load bandwidth [MBytes/s] |  100.1430 |
|  L3 load data volume [GBytes] |    0.0029 |
| L3 evict bandwidth [MBytes/s] |   43.3563 |
| L3 evict data volume [GBytes] |    0.0013 |
|    L3 bandwidth [MBytes/s]    |  143.4993 |
|    L3 data volume [GBytes]    |    0.0042 |
+-------------------------------+-----------+

--------------------------------------------------------------------------------
CPU name:	Intel(R) Core(TM) i7-6500U CPU @ 2.50GHz
CPU type:	Intel Skylake processor
CPU clock:	2.59 GHz
--------------------------------------------------------------------------------
Bloom Join
-----------------
131072 Buckets 2 Hash Functions
Initialization: 0 ms 
Bloom Filter Generation: 234687 ms 
Join Core: 23 ms 
623 linhas
234712 ms 

--------------------------------------------------------------------------------
Region Initialization, Group 1: TLB_DATA
+-------------------+----------+
|    Region Info    |  Core 0  |
+-------------------+----------+
| RDTSC Runtime [s] | 0.000033 |
|     call count    |        1 |
+-------------------+----------+

+---------------------------------+---------+--------+
|              Event              | Counter | Core 0 |
+---------------------------------+---------+--------+
|        INSTR_RETIRED_ANY        |  FIXC0  |  33595 |
|      CPU_CLK_UNHALTED_CORE      |  FIXC1  |  31781 |
|       CPU_CLK_UNHALTED_REF      |  FIXC2  | 103032 |
|  DTLB_LOAD_MISSES_CAUSES_A_WALK |   PMC0  |     71 |
| DTLB_STORE_MISSES_CAUSES_A_WALK |   PMC1  |     23 |
|   DTLB_LOAD_MISSES_WALK_ACTIVE  |   PMC2  |   1992 |
|  DTLB_STORE_MISSES_WALK_ACTIVE  |   PMC3  |    688 |
+---------------------------------+---------+--------+

+-----------------------------------+--------------+
|               Metric              |    Core 0    |
+-----------------------------------+--------------+
|        Runtime (RDTSC) [s]        | 3.341223e-05 |
|        Runtime unhalted [s]       | 1.226175e-05 |
|            Clock [MHz]            |     799.4851 |
|                CPI                |       0.9460 |
|        L1 DTLB load misses        |           71 |
|       L1 DTLB load miss rate      |       0.0021 |
|  L1 DTLB load miss duration [Cyc] |      28.0563 |
|        L1 DTLB store misses       |           23 |
|      L1 DTLB store miss rate      |       0.0007 |
| L1 DTLB store miss duration [Cyc] |      29.9130 |
+-----------------------------------+--------------+

Region Generation, Group 1: TLB_DATA
+-------------------+----------+
|    Region Info    |  Core 0  |
+-------------------+----------+
| RDTSC Runtime [s] | 0.744663 |
|     call count    |  4500000 |
+-------------------+----------+

+---------------------------------+---------+-------------+
|              Event              | Counter |    Core 0   |
+---------------------------------+---------+-------------+
|        INSTR_RETIRED_ANY        |  FIXC0  | 17276480000 |
|      CPU_CLK_UNHALTED_CORE      |  FIXC1  | 41356520000 |
|       CPU_CLK_UNHALTED_REF      |  FIXC2  | 34743610000 |
|  DTLB_LOAD_MISSES_CAUSES_A_WALK |   PMC0  |   272186800 |
| DTLB_STORE_MISSES_CAUSES_A_WALK |   PMC1  |    31630600 |
|   DTLB_LOAD_MISSES_WALK_ACTIVE  |   PMC2  |  8014615000 |
|  DTLB_STORE_MISSES_WALK_ACTIVE  |   PMC3  |   912704600 |
+---------------------------------+---------+-------------+

+-----------------------------------+-----------+
|               Metric              |   Core 0  |
+-----------------------------------+-----------+
|        Runtime (RDTSC) [s]        |    0.7447 |
|        Runtime unhalted [s]       |   15.9562 |
|            Clock [MHz]            | 3085.2046 |
|                CPI                |    2.3938 |
|        L1 DTLB load misses        | 272186800 |
|       L1 DTLB load miss rate      |    0.0158 |
|  L1 DTLB load miss duration [Cyc] |   29.4453 |
|        L1 DTLB store misses       |  31630600 |
|      L1 DTLB store miss rate      |    0.0018 |
| L1 DTLB store miss duration [Cyc] |   28.8551 |
+-----------------------------------+-----------+

Region Core, Group 1: TLB_DATA
+-------------------+----------+
|    Region Info    |  Core 0  |
+-------------------+----------+
| RDTSC Runtime [s] | 0.022505 |
|     call count    |        1 |
+-------------------+----------+

+---------------------------------+---------+-----------+
|              Event              | Counter |   Core 0  |
+---------------------------------+---------+-----------+
|        INSTR_RETIRED_ANY        |  FIXC0  | 176210900 |
|      CPU_CLK_UNHALTED_CORE      |  FIXC1  |  67675950 |
|       CPU_CLK_UNHALTED_REF      |  FIXC2  |  56753680 |
|  DTLB_LOAD_MISSES_CAUSES_A_WALK |   PMC0  |       410 |
| DTLB_STORE_MISSES_CAUSES_A_WALK |   PMC1  |        12 |
|   DTLB_LOAD_MISSES_WALK_ACTIVE  |   PMC2  |     12309 |
|  DTLB_STORE_MISSES_WALK_ACTIVE  |   PMC3  |       596 |
+---------------------------------+---------+-----------+

+-----------------------------------+--------------+
|               Metric              |    Core 0    |
+-----------------------------------+--------------+
|        Runtime (RDTSC) [s]        |       0.0225 |
|        Runtime unhalted [s]       |       0.0261 |
|            Clock [MHz]            |    3090.6887 |
|                CPI                |       0.3841 |
|        L1 DTLB load misses        |          410 |
|       L1 DTLB load miss rate      | 2.326757e-06 |
|  L1 DTLB load miss duration [Cyc] |      30.0220 |
|        L1 DTLB store misses       |           12 |
|      L1 DTLB store miss rate      | 6.810021e-08 |
| L1 DTLB store miss duration [Cyc] |      49.6667 |
+-----------------------------------+--------------+

