--------------------------------------------------------------------------------
CPU name:	Intel(R) Core(TM) i7-6500U CPU @ 2.50GHz
CPU type:	Intel Skylake processor
CPU clock:	2.59 GHz
--------------------------------------------------------------------------------
Bloom Join
-----------------
131072 Buckets 4 Hash Functions
Initialization: 0 ms 
Bloom Filter Generation: 438338 ms 
Join Core: 38 ms 
170 linhas
438379 ms 

--------------------------------------------------------------------------------
Region Initialization, Group 1: L2
+-------------------+----------+
|    Region Info    |  Core 0  |
+-------------------+----------+
| RDTSC Runtime [s] | 0.000029 |
|     call count    |        1 |
+-------------------+----------+

+-----------------------+---------+--------+
|         Event         | Counter | Core 0 |
+-----------------------+---------+--------+
|   INSTR_RETIRED_ANY   |  FIXC0  |  33502 |
| CPU_CLK_UNHALTED_CORE |  FIXC1  |  30154 |
|  CPU_CLK_UNHALTED_REF |  FIXC2  |  97848 |
|    L1D_REPLACEMENT    |   PMC0  |    384 |
|      L1D_M_EVICT      |   PMC1  |    171 |
| ICACHE_64B_IFTAG_MISS |   PMC2  |    628 |
+-----------------------+---------+--------+

+--------------------------------+--------------+
|             Metric             |    Core 0    |
+--------------------------------+--------------+
|       Runtime (RDTSC) [s]      | 2.888808e-05 |
|      Runtime unhalted [s]      | 1.163354e-05 |
|           Clock [MHz]          |     798.7781 |
|               CPI              |       0.9001 |
|  L2D load bandwidth [MBytes/s] |     850.7315 |
|  L2D load data volume [GBytes] | 2.457600e-05 |
| L2D evict bandwidth [MBytes/s] |     378.8414 |
| L2D evict data volume [GBytes] | 1.094400e-05 |
|     L2 bandwidth [MBytes/s]    |    2620.8734 |
|     L2 data volume [GBytes]    |       0.0001 |
+--------------------------------+--------------+

Region Generation, Group 1: L2
+-------------------+----------+
|    Region Info    |  Core 0  |
+-------------------+----------+
| RDTSC Runtime [s] | 1.442001 |
|     call count    |  7500000 |
+-------------------+----------+

+-----------------------+---------+-------------+
|         Event         | Counter |    Core 0   |
+-----------------------+---------+-------------+
|   INSTR_RETIRED_ANY   |  FIXC0  | 28069090000 |
| CPU_CLK_UNHALTED_CORE |  FIXC1  | 69323660000 |
|  CPU_CLK_UNHALTED_REF |  FIXC2  | 72044790000 |
|    L1D_REPLACEMENT    |   PMC0  |  1504013000 |
|      L1D_M_EVICT      |   PMC1  |   514466700 |
| ICACHE_64B_IFTAG_MISS |   PMC2  |  3421793000 |
+-----------------------+---------+-------------+

+--------------------------------+-------------+
|             Metric             |    Core 0   |
+--------------------------------+-------------+
|       Runtime (RDTSC) [s]      |      1.4420 |
|      Runtime unhalted [s]      |     26.7454 |
|           Clock [MHz]          |   2494.0896 |
|               CPI              |      2.4698 |
|  L2D load bandwidth [MBytes/s] |  66752.2644 |
|  L2D load data volume [GBytes] |     96.2568 |
| L2D evict bandwidth [MBytes/s] |  22833.4577 |
| L2D evict data volume [GBytes] |     32.9259 |
|     L2 bandwidth [MBytes/s]    | 241454.3768 |
|     L2 data volume [GBytes]    |    348.1775 |
+--------------------------------+-------------+

Region Core, Group 1: L2
+-------------------+----------+
|    Region Info    |  Core 0  |
+-------------------+----------+
| RDTSC Runtime [s] | 0.038409 |
|     call count    |        1 |
+-------------------+----------+

+-----------------------+---------+-----------+
|         Event         | Counter |   Core 0  |
+-----------------------+---------+-----------+
|   INSTR_RETIRED_ANY   |  FIXC0  | 224880000 |
| CPU_CLK_UNHALTED_CORE |  FIXC1  |  95104500 |
|  CPU_CLK_UNHALTED_REF |  FIXC2  |  98834360 |
|    L1D_REPLACEMENT    |   PMC0  |     41166 |
|      L1D_M_EVICT      |   PMC1  |      1309 |
| ICACHE_64B_IFTAG_MISS |   PMC2  |      1299 |
+-----------------------+---------+-----------+

+--------------------------------+-----------+
|             Metric             |   Core 0  |
+--------------------------------+-----------+
|       Runtime (RDTSC) [s]      |    0.0384 |
|      Runtime unhalted [s]      |    0.0367 |
|           Clock [MHz]          | 2494.1712 |
|               CPI              |    0.4229 |
|  L2D load bandwidth [MBytes/s] |   68.5930 |
|  L2D load data volume [GBytes] |    0.0026 |
| L2D evict bandwidth [MBytes/s] |    2.1811 |
| L2D evict data volume [GBytes] |    0.0001 |
|     L2 bandwidth [MBytes/s]    |   72.9386 |
|     L2 data volume [GBytes]    |    0.0028 |
+--------------------------------+-----------+

--------------------------------------------------------------------------------
CPU name:	Intel(R) Core(TM) i7-6500U CPU @ 2.50GHz
CPU type:	Intel Skylake processor
CPU clock:	2.59 GHz
--------------------------------------------------------------------------------
Bloom Join
-----------------
131072 Buckets 4 Hash Functions
Initialization: 0 ms 
Bloom Filter Generation: 427368 ms 
Join Core: 38 ms 
170 linhas
427408 ms 

--------------------------------------------------------------------------------
Region Initialization, Group 1: L2
+-------------------+----------+
|    Region Info    |  Core 0  |
+-------------------+----------+
| RDTSC Runtime [s] | 0.000012 |
|     call count    |        1 |
+-------------------+----------+

+-----------------------+---------+--------+
|         Event         | Counter | Core 0 |
+-----------------------+---------+--------+
|   INSTR_RETIRED_ANY   |  FIXC0  |  33502 |
| CPU_CLK_UNHALTED_CORE |  FIXC1  |  31979 |
|  CPU_CLK_UNHALTED_REF |  FIXC2  |  38988 |
|    L1D_REPLACEMENT    |   PMC0  |    379 |
|      L1D_M_EVICT      |   PMC1  |    165 |
| ICACHE_64B_IFTAG_MISS |   PMC2  |    659 |
+-----------------------+---------+--------+

+--------------------------------+--------------+
|             Metric             |    Core 0    |
+--------------------------------+--------------+
|       Runtime (RDTSC) [s]      | 1.219370e-05 |
|      Runtime unhalted [s]      | 1.233763e-05 |
|           Clock [MHz]          |    2126.0179 |
|               CPI              |       0.9545 |
|  L2D load bandwidth [MBytes/s] |    1989.2239 |
|  L2D load data volume [GBytes] | 2.425600e-05 |
| L2D evict bandwidth [MBytes/s] |     866.0210 |
| L2D evict data volume [GBytes] | 1.056000e-05 |
|     L2 bandwidth [MBytes/s]    |    6314.0802 |
|     L2 data volume [GBytes]    |       0.0001 |
+--------------------------------+--------------+

Region Generation, Group 1: L2
+-------------------+----------+
|    Region Info    |  Core 0  |
+-------------------+----------+
| RDTSC Runtime [s] | 1.351577 |
|     call count    |  7500000 |
+-------------------+----------+

+-----------------------+---------+-------------+
|         Event         | Counter |    Core 0   |
+-----------------------+---------+-------------+
|   INSTR_RETIRED_ANY   |  FIXC0  | 28068350000 |
| CPU_CLK_UNHALTED_CORE |  FIXC1  | 65766310000 |
|  CPU_CLK_UNHALTED_REF |  FIXC2  | 68347350000 |
|    L1D_REPLACEMENT    |   PMC0  |  1471194000 |
|      L1D_M_EVICT      |   PMC1  |   448832700 |
| ICACHE_64B_IFTAG_MISS |   PMC2  |  2870553000 |
+-----------------------+---------+-------------+

+--------------------------------+-------------+
|             Metric             |    Core 0   |
+--------------------------------+-------------+
|       Runtime (RDTSC) [s]      |      1.3516 |
|      Runtime unhalted [s]      |     25.3729 |
|           Clock [MHz]          |   2494.1053 |
|               CPI              |      2.3431 |
|  L2D load bandwidth [MBytes/s] |  69664.1153 |
|  L2D load data volume [GBytes] |     94.1564 |
| L2D evict bandwidth [MBytes/s] |  21253.1678 |
| L2D evict data volume [GBytes] |     28.7253 |
|     L2 bandwidth [MBytes/s]    | 226843.9762 |
|     L2 data volume [GBytes]    |    306.5971 |
+--------------------------------+-------------+

Region Core, Group 1: L2
+-------------------+----------+
|    Region Info    |  Core 0  |
+-------------------+----------+
| RDTSC Runtime [s] | 0.038385 |
|     call count    |        1 |
+-------------------+----------+

+-----------------------+---------+-----------+
|         Event         | Counter |   Core 0  |
+-----------------------+---------+-----------+
|   INSTR_RETIRED_ANY   |  FIXC0  | 224880000 |
| CPU_CLK_UNHALTED_CORE |  FIXC1  |  95110720 |
|  CPU_CLK_UNHALTED_REF |  FIXC2  |  98841060 |
|    L1D_REPLACEMENT    |   PMC0  |     43087 |
|      L1D_M_EVICT      |   PMC1  |      1334 |
| ICACHE_64B_IFTAG_MISS |   PMC2  |      1291 |
+-----------------------+---------+-----------+

+--------------------------------+-----------+
|             Metric             |   Core 0  |
+--------------------------------+-----------+
|       Runtime (RDTSC) [s]      |    0.0384 |
|      Runtime unhalted [s]      |    0.0367 |
|           Clock [MHz]          | 2494.1643 |
|               CPI              |    0.4229 |
|  L2D load bandwidth [MBytes/s] |   71.8398 |
|  L2D load data volume [GBytes] |    0.0028 |
| L2D evict bandwidth [MBytes/s] |    2.2242 |
| L2D evict data volume [GBytes] |    0.0001 |
|     L2 bandwidth [MBytes/s]    |   76.2165 |
|     L2 data volume [GBytes]    |    0.0029 |
+--------------------------------+-----------+

--------------------------------------------------------------------------------
CPU name:	Intel(R) Core(TM) i7-6500U CPU @ 2.50GHz
CPU type:	Intel Skylake processor
CPU clock:	2.59 GHz
--------------------------------------------------------------------------------
Bloom Join
-----------------
131072 Buckets 4 Hash Functions
Initialization: 0 ms 
Bloom Filter Generation: 429550 ms 
Join Core: 38 ms 
170 linhas
429591 ms 

--------------------------------------------------------------------------------
Region Initialization, Group 1: L2
+-------------------+----------+
|    Region Info    |  Core 0  |
+-------------------+----------+
| RDTSC Runtime [s] | 0.000031 |
|     call count    |        1 |
+-------------------+----------+

+-----------------------+---------+--------+
|         Event         | Counter | Core 0 |
+-----------------------+---------+--------+
|   INSTR_RETIRED_ANY   |  FIXC0  |  33502 |
| CPU_CLK_UNHALTED_CORE |  FIXC1  |  31805 |
|  CPU_CLK_UNHALTED_REF |  FIXC2  | 103464 |
|    L1D_REPLACEMENT    |   PMC0  |    392 |
|      L1D_M_EVICT      |   PMC1  |    166 |
| ICACHE_64B_IFTAG_MISS |   PMC2  |    665 |
+-----------------------+---------+--------+

+--------------------------------+--------------+
|             Metric             |    Core 0    |
+--------------------------------+--------------+
|       Runtime (RDTSC) [s]      | 3.141787e-05 |
|      Runtime unhalted [s]      | 1.227051e-05 |
|           Clock [MHz]          |     796.7811 |
|               CPI              |       0.9493 |
|  L2D load bandwidth [MBytes/s] |     798.5264 |
|  L2D load data volume [GBytes] | 2.508800e-05 |
| L2D evict bandwidth [MBytes/s] |     338.1515 |
| L2D evict data volume [GBytes] | 1.062400e-05 |
|     L2 bandwidth [MBytes/s]    |    2491.3210 |
|     L2 data volume [GBytes]    |       0.0001 |
+--------------------------------+--------------+

Region Generation, Group 1: L2
+-------------------+----------+
|    Region Info    |  Core 0  |
+-------------------+----------+
| RDTSC Runtime [s] | 1.315373 |
|     call count    |  7500000 |
+-------------------+----------+

+-----------------------+---------+-------------+
|         Event         | Counter |    Core 0   |
+-----------------------+---------+-------------+
|   INSTR_RETIRED_ANY   |  FIXC0  | 28068350000 |
| CPU_CLK_UNHALTED_CORE |  FIXC1  | 64664710000 |
|  CPU_CLK_UNHALTED_REF |  FIXC2  | 67202930000 |
|    L1D_REPLACEMENT    |   PMC0  |  1465574000 |
|      L1D_M_EVICT      |   PMC1  |   376590500 |
| ICACHE_64B_IFTAG_MISS |   PMC2  |  3034588000 |
+-----------------------+---------+-------------+

+--------------------------------+-------------+
|             Metric             |    Core 0   |
+--------------------------------+-------------+
|       Runtime (RDTSC) [s]      |      1.3154 |
|      Runtime unhalted [s]      |     24.9479 |
|           Clock [MHz]          |   2494.0895 |
|               CPI              |      2.3038 |
|  L2D load bandwidth [MBytes/s] |  71308.0898 |
|  L2D load data volume [GBytes] |     93.7967 |
| L2D evict bandwidth [MBytes/s] |  18323.1616 |
| L2D evict data volume [GBytes] |     24.1018 |
|     L2 bandwidth [MBytes/s]    | 237280.3456 |
|     L2 data volume [GBytes]    |    312.1122 |
+--------------------------------+-------------+

Region Core, Group 1: L2
+-------------------+----------+
|    Region Info    |  Core 0  |
+-------------------+----------+
| RDTSC Runtime [s] | 0.038367 |
|     call count    |        1 |
+-------------------+----------+

+-----------------------+---------+-----------+
|         Event         | Counter |   Core 0  |
+-----------------------+---------+-----------+
|   INSTR_RETIRED_ANY   |  FIXC0  | 224880000 |
| CPU_CLK_UNHALTED_CORE |  FIXC1  |  95025960 |
|  CPU_CLK_UNHALTED_REF |  FIXC2  |  98752610 |
|    L1D_REPLACEMENT    |   PMC0  |     41533 |
|      L1D_M_EVICT      |   PMC1  |      1570 |
| ICACHE_64B_IFTAG_MISS |   PMC2  |      1637 |
+-----------------------+---------+-----------+

+--------------------------------+-----------+
|             Metric             |   Core 0  |
+--------------------------------+-----------+
|       Runtime (RDTSC) [s]      |    0.0384 |
|      Runtime unhalted [s]      |    0.0367 |
|           Clock [MHz]          | 2494.1731 |
|               CPI              |    0.4226 |
|  L2D load bandwidth [MBytes/s] |   69.2807 |
|  L2D load data volume [GBytes] |    0.0027 |
| L2D evict bandwidth [MBytes/s] |    2.6189 |
| L2D evict data volume [GBytes] |    0.0001 |
|     L2 bandwidth [MBytes/s]    |   74.6303 |
|     L2 data volume [GBytes]    |    0.0029 |
+--------------------------------+-----------+

--------------------------------------------------------------------------------
CPU name:	Intel(R) Core(TM) i7-6500U CPU @ 2.50GHz
CPU type:	Intel Skylake processor
CPU clock:	2.59 GHz
--------------------------------------------------------------------------------
Bloom Join
-----------------
131072 Buckets 4 Hash Functions
Initialization: 0 ms 
Bloom Filter Generation: 426851 ms 
Join Core: 38 ms 
170 linhas
426891 ms 

--------------------------------------------------------------------------------
Region Initialization, Group 1: L2
+-------------------+----------+
|    Region Info    |  Core 0  |
+-------------------+----------+
| RDTSC Runtime [s] | 0.000012 |
|     call count    |        1 |
+-------------------+----------+

+-----------------------+---------+--------+
|         Event         | Counter | Core 0 |
+-----------------------+---------+--------+
|   INSTR_RETIRED_ANY   |  FIXC0  |  33502 |
| CPU_CLK_UNHALTED_CORE |  FIXC1  |  32169 |
|  CPU_CLK_UNHALTED_REF |  FIXC2  |  39852 |
|    L1D_REPLACEMENT    |   PMC0  |    375 |
|      L1D_M_EVICT      |   PMC1  |    166 |
| ICACHE_64B_IFTAG_MISS |   PMC2  |    582 |
+-----------------------+---------+--------+

+--------------------------------+--------------+
|             Metric             |    Core 0    |
+--------------------------------+--------------+
|       Runtime (RDTSC) [s]      | 1.173331e-05 |
|      Runtime unhalted [s]      | 1.241102e-05 |
|           Clock [MHz]          |    2092.2683 |
|               CPI              |       0.9602 |
|  L2D load bandwidth [MBytes/s] |    2045.4586 |
|  L2D load data volume [GBytes] | 2.400000e-05 |
| L2D evict bandwidth [MBytes/s] |     905.4563 |
| L2D evict data volume [GBytes] | 1.062400e-05 |
|     L2 bandwidth [MBytes/s]    |    6125.4667 |
|     L2 data volume [GBytes]    |       0.0001 |
+--------------------------------+--------------+

Region Generation, Group 1: L2
+-------------------+----------+
|    Region Info    |  Core 0  |
+-------------------+----------+
| RDTSC Runtime [s] | 1.298694 |
|     call count    |  7500000 |
+-------------------+----------+

+-----------------------+---------+-------------+
|         Event         | Counter |    Core 0   |
+-----------------------+---------+-------------+
|   INSTR_RETIRED_ANY   |  FIXC0  | 28068350000 |
| CPU_CLK_UNHALTED_CORE |  FIXC1  | 64983090000 |
|  CPU_CLK_UNHALTED_REF |  FIXC2  | 67533240000 |
|    L1D_REPLACEMENT    |   PMC0  |  1404723000 |
|      L1D_M_EVICT      |   PMC1  |   452047500 |
| ICACHE_64B_IFTAG_MISS |   PMC2  |  3219207000 |
+-----------------------+---------+-------------+

+--------------------------------+-------------+
|             Metric             |    Core 0   |
+--------------------------------+-------------+
|       Runtime (RDTSC) [s]      |      1.2987 |
|      Runtime unhalted [s]      |     25.0709 |
|           Clock [MHz]          |   2494.0934 |
|               CPI              |      2.3152 |
|  L2D load bandwidth [MBytes/s] |  69225.1385 |
|  L2D load data volume [GBytes] |     89.9023 |
| L2D evict bandwidth [MBytes/s] |  22277.0260 |
| L2D evict data volume [GBytes] |     28.9310 |
|     L2 bandwidth [MBytes/s]    | 250145.5770 |
|     L2 data volume [GBytes]    |    324.8626 |
+--------------------------------+-------------+

Region Core, Group 1: L2
+-------------------+----------+
|    Region Info    |  Core 0  |
+-------------------+----------+
| RDTSC Runtime [s] | 0.038431 |
|     call count    |        1 |
+-------------------+----------+

+-----------------------+---------+-----------+
|         Event         | Counter |   Core 0  |
+-----------------------+---------+-----------+
|   INSTR_RETIRED_ANY   |  FIXC0  | 224880000 |
| CPU_CLK_UNHALTED_CORE |  FIXC1  |  95138620 |
|  CPU_CLK_UNHALTED_REF |  FIXC2  |  98869680 |
|    L1D_REPLACEMENT    |   PMC0  |     44680 |
|      L1D_M_EVICT      |   PMC1  |      1692 |
| ICACHE_64B_IFTAG_MISS |   PMC2  |      1795 |
+-----------------------+---------+-----------+

+--------------------------------+-----------+
|             Metric             |   Core 0  |
+--------------------------------+-----------+
|       Runtime (RDTSC) [s]      |    0.0384 |
|      Runtime unhalted [s]      |    0.0367 |
|           Clock [MHz]          | 2494.1562 |
|               CPI              |    0.4231 |
|  L2D load bandwidth [MBytes/s] |   74.4075 |
|  L2D load data volume [GBytes] |    0.0029 |
| L2D evict bandwidth [MBytes/s] |    2.8178 |
| L2D evict data volume [GBytes] |    0.0001 |
|     L2 bandwidth [MBytes/s]    |   80.2146 |
|     L2 data volume [GBytes]    |    0.0031 |
+--------------------------------+-----------+

--------------------------------------------------------------------------------
CPU name:	Intel(R) Core(TM) i7-6500U CPU @ 2.50GHz
CPU type:	Intel Skylake processor
CPU clock:	2.59 GHz
--------------------------------------------------------------------------------
Bloom Join
-----------------
131072 Buckets 4 Hash Functions
Initialization: 0 ms 
Bloom Filter Generation: 345702 ms 
Join Core: 31 ms 
170 linhas
345735 ms 

--------------------------------------------------------------------------------
Region Initialization, Group 1: L2
+-------------------+----------+
|    Region Info    |  Core 0  |
+-------------------+----------+
| RDTSC Runtime [s] | 0.000009 |
|     call count    |        1 |
+-------------------+----------+

+-----------------------+---------+--------+
|         Event         | Counter | Core 0 |
+-----------------------+---------+--------+
|   INSTR_RETIRED_ANY   |  FIXC0  |  33502 |
| CPU_CLK_UNHALTED_CORE |  FIXC1  |  32583 |
|  CPU_CLK_UNHALTED_REF |  FIXC2  |  31212 |
|    L1D_REPLACEMENT    |   PMC0  |    392 |
|      L1D_M_EVICT      |   PMC1  |    164 |
| ICACHE_64B_IFTAG_MISS |   PMC2  |    623 |
+-----------------------+---------+--------+

+--------------------------------+--------------+
|             Metric             |    Core 0    |
+--------------------------------+--------------+
|       Runtime (RDTSC) [s]      | 9.249401e-06 |
|      Runtime unhalted [s]      | 1.257067e-05 |
|           Clock [MHz]          |    2705.8394 |
|               CPI              |       0.9726 |
|  L2D load bandwidth [MBytes/s] |    2712.3919 |
|  L2D load data volume [GBytes] | 2.508800e-05 |
| L2D evict bandwidth [MBytes/s] |    1134.7762 |
| L2D evict data volume [GBytes] | 1.049600e-05 |
|     L2 bandwidth [MBytes/s]    |    8157.9337 |
|     L2 data volume [GBytes]    |       0.0001 |
+--------------------------------+--------------+

Region Generation, Group 1: L2
+-------------------+----------+
|    Region Info    |  Core 0  |
+-------------------+----------+
| RDTSC Runtime [s] | 1.113612 |
|     call count    |  7500000 |
+-------------------+----------+

+-----------------------+---------+-------------+
|         Event         | Counter |    Core 0   |
+-----------------------+---------+-------------+
|   INSTR_RETIRED_ANY   |  FIXC0  | 28068350000 |
| CPU_CLK_UNHALTED_CORE |  FIXC1  | 65132430000 |
|  CPU_CLK_UNHALTED_REF |  FIXC2  | 54648770000 |
|    L1D_REPLACEMENT    |   PMC0  |  1464547000 |
|      L1D_M_EVICT      |   PMC1  |   432089400 |
| ICACHE_64B_IFTAG_MISS |   PMC2  |  2723431000 |
+-----------------------+---------+-------------+

+--------------------------------+-------------+
|             Metric             |    Core 0   |
+--------------------------------+-------------+
|       Runtime (RDTSC) [s]      |      1.1136 |
|      Runtime unhalted [s]      |     25.1284 |
|           Clock [MHz]          |   3089.2242 |
|               CPI              |      2.3205 |
|  L2D load bandwidth [MBytes/s] |  84168.4608 |
|  L2D load data volume [GBytes] |     93.7310 |
| L2D evict bandwidth [MBytes/s] |  24832.4565 |
| L2D evict data volume [GBytes] |     27.6537 |
|     L2 bandwidth [MBytes/s]    | 265518.2538 |
|     L2 data volume [GBytes]    |    295.6843 |
+--------------------------------+-------------+

Region Core, Group 1: L2
+-------------------+----------+
|    Region Info    |  Core 0  |
+-------------------+----------+
| RDTSC Runtime [s] | 0.031249 |
|     call count    |        1 |
+-------------------+----------+

+-----------------------+---------+-----------+
|         Event         | Counter |   Core 0  |
+-----------------------+---------+-----------+
|   INSTR_RETIRED_ANY   |  FIXC0  | 224880000 |
| CPU_CLK_UNHALTED_CORE |  FIXC1  |  95100420 |
|  CPU_CLK_UNHALTED_REF |  FIXC2  |  79711880 |
|    L1D_REPLACEMENT    |   PMC0  |     42803 |
|      L1D_M_EVICT      |   PMC1  |      1294 |
| ICACHE_64B_IFTAG_MISS |   PMC2  |      1251 |
+-----------------------+---------+-----------+

+--------------------------------+-----------+
|             Metric             |   Core 0  |
+--------------------------------+-----------+
|       Runtime (RDTSC) [s]      |    0.0312 |
|      Runtime unhalted [s]      |    0.0367 |
|           Clock [MHz]          | 3092.3733 |
|               CPI              |    0.4229 |
|  L2D load bandwidth [MBytes/s] |   87.6635 |
|  L2D load data volume [GBytes] |    0.0027 |
| L2D evict bandwidth [MBytes/s] |    2.6502 |
| L2D evict data volume [GBytes] |    0.0001 |
|     L2 bandwidth [MBytes/s]    |   92.8759 |
|     L2 data volume [GBytes]    |    0.0029 |
+--------------------------------+-----------+

--------------------------------------------------------------------------------
CPU name:	Intel(R) Core(TM) i7-6500U CPU @ 2.50GHz
CPU type:	Intel Skylake processor
CPU clock:	2.59 GHz
--------------------------------------------------------------------------------
Bloom Join
-----------------
131072 Buckets 4 Hash Functions
Initialization: 0 ms 
Bloom Filter Generation: 425546 ms 
Join Core: 41 ms 
170 linhas
425589 ms 

--------------------------------------------------------------------------------
Region Initialization, Group 1: L2
+-------------------+----------+
|    Region Info    |  Core 0  |
+-------------------+----------+
| RDTSC Runtime [s] | 0.000029 |
|     call count    |        1 |
+-------------------+----------+

+-----------------------+---------+--------+
|         Event         | Counter | Core 0 |
+-----------------------+---------+--------+
|   INSTR_RETIRED_ANY   |  FIXC0  |  33502 |
| CPU_CLK_UNHALTED_CORE |  FIXC1  |  29724 |
|  CPU_CLK_UNHALTED_REF |  FIXC2  |  96444 |
|    L1D_REPLACEMENT    |   PMC0  |    396 |
|      L1D_M_EVICT      |   PMC1  |    173 |
| ICACHE_64B_IFTAG_MISS |   PMC2  |    637 |
+-----------------------+---------+--------+

+--------------------------------+--------------+
|             Metric             |    Core 0    |
+--------------------------------+--------------+
|       Runtime (RDTSC) [s]      | 2.896188e-05 |
|      Runtime unhalted [s]      | 1.146823e-05 |
|           Clock [MHz]          |     798.8087 |
|               CPI              |       0.8872 |
|  L2D load bandwidth [MBytes/s] |     875.0813 |
|  L2D load data volume [GBytes] | 2.534400e-05 |
| L2D evict bandwidth [MBytes/s] |     382.2956 |
| L2D evict data volume [GBytes] | 1.107200e-05 |
|     L2 bandwidth [MBytes/s]    |    2665.0204 |
|     L2 data volume [GBytes]    |       0.0001 |
+--------------------------------+--------------+

Region Generation, Group 1: L2
+-------------------+----------+
|    Region Info    |  Core 0  |
+-------------------+----------+
| RDTSC Runtime [s] | 1.366725 |
|     call count    |  7500000 |
+-------------------+----------+

+-----------------------+---------+-------------+
|         Event         | Counter |    Core 0   |
+-----------------------+---------+-------------+
|   INSTR_RETIRED_ANY   |  FIXC0  | 28068350000 |
| CPU_CLK_UNHALTED_CORE |  FIXC1  | 65114540000 |
|  CPU_CLK_UNHALTED_REF |  FIXC2  | 67670220000 |
|    L1D_REPLACEMENT    |   PMC0  |  1437442000 |
|      L1D_M_EVICT      |   PMC1  |   460750500 |
| ICACHE_64B_IFTAG_MISS |   PMC2  |  2833284000 |
+-----------------------+---------+-------------+

+--------------------------------+-------------+
|             Metric             |    Core 0   |
+--------------------------------+-------------+
|       Runtime (RDTSC) [s]      |      1.3667 |
|      Runtime unhalted [s]      |     25.1228 |
|           Clock [MHz]          |   2493.9696 |
|               CPI              |      2.3199 |
|  L2D load bandwidth [MBytes/s] |  67311.4840 |
|  L2D load data volume [GBytes] |     91.9963 |
| L2D evict bandwidth [MBytes/s] |  21575.6879 |
| L2D evict data volume [GBytes] |     29.4880 |
|     L2 bandwidth [MBytes/s]    | 221562.1255 |
|     L2 data volume [GBytes]    |    302.8145 |
+--------------------------------+-------------+

Region Core, Group 1: L2
+-------------------+----------+
|    Region Info    |  Core 0  |
+-------------------+----------+
| RDTSC Runtime [s] | 0.040964 |
|     call count    |        1 |
+-------------------+----------+

+-----------------------+---------+-----------+
|         Event         | Counter |   Core 0  |
+-----------------------+---------+-----------+
|   INSTR_RETIRED_ANY   |  FIXC0  | 224880000 |
| CPU_CLK_UNHALTED_CORE |  FIXC1  | 101254300 |
|  CPU_CLK_UNHALTED_REF |  FIXC2  | 105224900 |
|    L1D_REPLACEMENT    |   PMC0  |     52406 |
|      L1D_M_EVICT      |   PMC1  |      2366 |
| ICACHE_64B_IFTAG_MISS |   PMC2  |      2779 |
+-----------------------+---------+-----------+

+--------------------------------+-----------+
|             Metric             |   Core 0  |
+--------------------------------+-----------+
|       Runtime (RDTSC) [s]      |    0.0410 |
|      Runtime unhalted [s]      |    0.0391 |
|           Clock [MHz]          | 2494.0532 |
|               CPI              |    0.4503 |
|  L2D load bandwidth [MBytes/s] |   81.8757 |
|  L2D load data volume [GBytes] |    0.0034 |
| L2D evict bandwidth [MBytes/s] |    3.6965 |
| L2D evict data volume [GBytes] |    0.0002 |
|     L2 bandwidth [MBytes/s]    |   89.9139 |
|     L2 data volume [GBytes]    |    0.0037 |
+--------------------------------+-----------+

--------------------------------------------------------------------------------
CPU name:	Intel(R) Core(TM) i7-6500U CPU @ 2.50GHz
CPU type:	Intel Skylake processor
CPU clock:	2.59 GHz
--------------------------------------------------------------------------------
Bloom Join
-----------------
131072 Buckets 4 Hash Functions
Initialization: 0 ms 
Bloom Filter Generation: 420697 ms 
Join Core: 39 ms 
170 linhas
420737 ms 

--------------------------------------------------------------------------------
Region Initialization, Group 1: L2
+-------------------+----------+
|    Region Info    |  Core 0  |
+-------------------+----------+
| RDTSC Runtime [s] | 0.000013 |
|     call count    |        1 |
+-------------------+----------+

+-----------------------+---------+--------+
|         Event         | Counter | Core 0 |
+-----------------------+---------+--------+
|   INSTR_RETIRED_ANY   |  FIXC0  |  33502 |
| CPU_CLK_UNHALTED_CORE |  FIXC1  |  32365 |
|  CPU_CLK_UNHALTED_REF |  FIXC2  |  39852 |
|    L1D_REPLACEMENT    |   PMC0  |    381 |
|      L1D_M_EVICT      |   PMC1  |    155 |
| ICACHE_64B_IFTAG_MISS |   PMC2  |    572 |
+-----------------------+---------+--------+

+--------------------------------+--------------+
|             Metric             |    Core 0    |
+--------------------------------+--------------+
|       Runtime (RDTSC) [s]      | 1.251884e-05 |
|      Runtime unhalted [s]      | 1.248653e-05 |
|           Clock [MHz]          |    2105.0357 |
|               CPI              |       0.9661 |
|  L2D load bandwidth [MBytes/s] |    1947.7843 |
|  L2D load data volume [GBytes] | 2.438400e-05 |
| L2D evict bandwidth [MBytes/s] |     792.4057 |
| L2D evict data volume [GBytes] | 9.920000e-06 |
|     L2 bandwidth [MBytes/s]    |    5664.4226 |
|     L2 data volume [GBytes]    |       0.0001 |
+--------------------------------+--------------+

Region Generation, Group 1: L2
+-------------------+----------+
|    Region Info    |  Core 0  |
+-------------------+----------+
| RDTSC Runtime [s] | 1.318593 |
|     call count    |  7500000 |
+-------------------+----------+

+-----------------------+---------+-------------+
|         Event         | Counter |    Core 0   |
+-----------------------+---------+-------------+
|   INSTR_RETIRED_ANY   |  FIXC0  | 28068350000 |
| CPU_CLK_UNHALTED_CORE |  FIXC1  | 65360090000 |
|  CPU_CLK_UNHALTED_REF |  FIXC2  | 67924440000 |
|    L1D_REPLACEMENT    |   PMC0  |  1440705000 |
|      L1D_M_EVICT      |   PMC1  |   432552200 |
| ICACHE_64B_IFTAG_MISS |   PMC2  |  2718624000 |
+-----------------------+---------+-------------+

+--------------------------------+-------------+
|             Metric             |    Core 0   |
+--------------------------------+-------------+
|       Runtime (RDTSC) [s]      |      1.3186 |
|      Runtime unhalted [s]      |     25.2161 |
|           Clock [MHz]          |   2494.1384 |
|               CPI              |      2.3286 |
|  L2D load bandwidth [MBytes/s] |  69926.8994 |
|  L2D load data volume [GBytes] |     92.2051 |
| L2D evict bandwidth [MBytes/s] |  20994.6062 |
| L2D evict data volume [GBytes] |     27.6833 |
|     L2 bandwidth [MBytes/s]    | 222874.2279 |
|     L2 data volume [GBytes]    |    293.8804 |
+--------------------------------+-------------+

Region Core, Group 1: L2
+-------------------+----------+
|    Region Info    |  Core 0  |
+-------------------+----------+
| RDTSC Runtime [s] | 0.039088 |
|     call count    |        1 |
+-------------------+----------+

+-----------------------+---------+-----------+
|         Event         | Counter |   Core 0  |
+-----------------------+---------+-----------+
|   INSTR_RETIRED_ANY   |  FIXC0  | 224880000 |
| CPU_CLK_UNHALTED_CORE |  FIXC1  |  96777910 |
|  CPU_CLK_UNHALTED_REF |  FIXC2  | 100573400 |
|    L1D_REPLACEMENT    |   PMC0  |     57235 |
|      L1D_M_EVICT      |   PMC1  |      4277 |
| ICACHE_64B_IFTAG_MISS |   PMC2  |      4041 |
+-----------------------+---------+-----------+

+--------------------------------+-----------+
|             Metric             |   Core 0  |
+--------------------------------+-----------+
|       Runtime (RDTSC) [s]      |    0.0391 |
|      Runtime unhalted [s]      |    0.0373 |
|           Clock [MHz]          | 2494.1759 |
|               CPI              |    0.4304 |
|  L2D load bandwidth [MBytes/s] |   93.7127 |
|  L2D load data volume [GBytes] |    0.0037 |
| L2D evict bandwidth [MBytes/s] |    7.0029 |
| L2D evict data volume [GBytes] |    0.0003 |
|     L2 bandwidth [MBytes/s]    |  107.3320 |
|     L2 data volume [GBytes]    |    0.0042 |
+--------------------------------+-----------+

--------------------------------------------------------------------------------
CPU name:	Intel(R) Core(TM) i7-6500U CPU @ 2.50GHz
CPU type:	Intel Skylake processor
CPU clock:	2.59 GHz
--------------------------------------------------------------------------------
Bloom Join
-----------------
131072 Buckets 4 Hash Functions
Initialization: 0 ms 
Bloom Filter Generation: 376581 ms 
Join Core: 38 ms 
170 linhas
376621 ms 

--------------------------------------------------------------------------------
Region Initialization, Group 1: L3
+-------------------+----------+
|    Region Info    |  Core 0  |
+-------------------+----------+
| RDTSC Runtime [s] | 0.000031 |
|     call count    |        1 |
+-------------------+----------+

+-----------------------+---------+--------+
|         Event         | Counter | Core 0 |
+-----------------------+---------+--------+
|   INSTR_RETIRED_ANY   |  FIXC0  |  33409 |
| CPU_CLK_UNHALTED_CORE |  FIXC1  |  31431 |
|  CPU_CLK_UNHALTED_REF |  FIXC2  | 102384 |
|    L2_LINES_IN_ALL    |   PMC0  |    602 |
|     L2_TRANS_L2_WB    |   PMC1  |    117 |
+-----------------------+---------+--------+

+-------------------------------+--------------+
|             Metric            |    Core 0    |
+-------------------------------+--------------+
|      Runtime (RDTSC) [s]      | 3.102205e-05 |
|      Runtime unhalted [s]     | 1.212620e-05 |
|          Clock [MHz]          |     795.7190 |
|              CPI              |       0.9408 |
|  L3 load bandwidth [MBytes/s] |    1241.9553 |
|  L3 load data volume [GBytes] | 3.852800e-05 |
| L3 evict bandwidth [MBytes/s] |     241.3767 |
| L3 evict data volume [GBytes] | 7.488000e-06 |
|    L3 bandwidth [MBytes/s]    |    1483.3320 |
|    L3 data volume [GBytes]    | 4.601600e-05 |
+-------------------------------+--------------+

Region Generation, Group 1: L3
+-------------------+----------+
|    Region Info    |  Core 0  |
+-------------------+----------+
| RDTSC Runtime [s] | 1.363094 |
|     call count    |  7500000 |
+-------------------+----------+

+-----------------------+---------+-------------+
|         Event         | Counter |    Core 0   |
+-----------------------+---------+-------------+
|   INSTR_RETIRED_ANY   |  FIXC0  | 27370850000 |
| CPU_CLK_UNHALTED_CORE |  FIXC1  | 64198600000 |
|  CPU_CLK_UNHALTED_REF |  FIXC2  | 66718740000 |
|    L2_LINES_IN_ALL    |   PMC0  |   988556700 |
|     L2_TRANS_L2_WB    |   PMC1  |   145257100 |
+-----------------------+---------+-------------+

+-------------------------------+------------+
|             Metric            |   Core 0   |
+-------------------------------+------------+
|      Runtime (RDTSC) [s]      |     1.3631 |
|      Runtime unhalted [s]     |    24.7681 |
|          Clock [MHz]          |  2494.0855 |
|              CPI              |     2.3455 |
|  L3 load bandwidth [MBytes/s] | 46414.7218 |
|  L3 load data volume [GBytes] |    63.2676 |
| L3 evict bandwidth [MBytes/s] |  6820.1125 |
| L3 evict data volume [GBytes] |     9.2965 |
|    L3 bandwidth [MBytes/s]    | 53234.8343 |
|    L3 data volume [GBytes]    |    72.5641 |
+-------------------------------+------------+

Region Core, Group 1: L3
+-------------------+----------+
|    Region Info    |  Core 0  |
+-------------------+----------+
| RDTSC Runtime [s] | 0.038323 |
|     call count    |        1 |
+-------------------+----------+

+-----------------------+---------+-----------+
|         Event         | Counter |   Core 0  |
+-----------------------+---------+-----------+
|   INSTR_RETIRED_ANY   |  FIXC0  | 224879900 |
| CPU_CLK_UNHALTED_CORE |  FIXC1  |  95088830 |
|  CPU_CLK_UNHALTED_REF |  FIXC2  |  98818270 |
|    L2_LINES_IN_ALL    |   PMC0  |     32447 |
|     L2_TRANS_L2_WB    |   PMC1  |     19836 |
+-----------------------+---------+-----------+

+-------------------------------+-----------+
|             Metric            |   Core 0  |
+-------------------------------+-----------+
|      Runtime (RDTSC) [s]      |    0.0383 |
|      Runtime unhalted [s]     |    0.0367 |
|          Clock [MHz]          | 2494.1689 |
|              CPI              |    0.4228 |
|  L3 load bandwidth [MBytes/s] |   54.1865 |
|  L3 load data volume [GBytes] |    0.0021 |
| L3 evict bandwidth [MBytes/s] |   33.1261 |
| L3 evict data volume [GBytes] |    0.0013 |
|    L3 bandwidth [MBytes/s]    |   87.3125 |
|    L3 data volume [GBytes]    |    0.0033 |
+-------------------------------+-----------+

--------------------------------------------------------------------------------
CPU name:	Intel(R) Core(TM) i7-6500U CPU @ 2.50GHz
CPU type:	Intel Skylake processor
CPU clock:	2.59 GHz
--------------------------------------------------------------------------------
Bloom Join
-----------------
131072 Buckets 4 Hash Functions
Initialization: 0 ms 
Bloom Filter Generation: 391333 ms 
Join Core: 39 ms 
170 linhas
391373 ms 

--------------------------------------------------------------------------------
Region Initialization, Group 1: L3
+-------------------+----------+
|    Region Info    |  Core 0  |
+-------------------+----------+
| RDTSC Runtime [s] | 0.000030 |
|     call count    |        1 |
+-------------------+----------+

+-----------------------+---------+--------+
|         Event         | Counter | Core 0 |
+-----------------------+---------+--------+
|   INSTR_RETIRED_ANY   |  FIXC0  |  33409 |
| CPU_CLK_UNHALTED_CORE |  FIXC1  |  30807 |
|  CPU_CLK_UNHALTED_REF |  FIXC2  | 100332 |
|    L2_LINES_IN_ALL    |   PMC0  |    674 |
|     L2_TRANS_L2_WB    |   PMC1  |    112 |
+-----------------------+---------+--------+

+-------------------------------+--------------+
|             Metric            |    Core 0    |
+-------------------------------+--------------+
|      Runtime (RDTSC) [s]      | 3.008542e-05 |
|      Runtime unhalted [s]     | 1.188546e-05 |
|          Clock [MHz]          |     795.8724 |
|              CPI              |       0.9221 |
|  L3 load bandwidth [MBytes/s] |    1433.7842 |
|  L3 load data volume [GBytes] | 4.313600e-05 |
| L3 evict bandwidth [MBytes/s] |     238.2549 |
| L3 evict data volume [GBytes] | 7.168000e-06 |
|    L3 bandwidth [MBytes/s]    |    1672.0391 |
|    L3 data volume [GBytes]    |       0.0001 |
+-------------------------------+--------------+

Region Generation, Group 1: L3
+-------------------+----------+
|    Region Info    |  Core 0  |
+-------------------+----------+
| RDTSC Runtime [s] | 1.398373 |
|     call count    |  7500000 |
+-------------------+----------+

+-----------------------+---------+-------------+
|         Event         | Counter |    Core 0   |
+-----------------------+---------+-------------+
|   INSTR_RETIRED_ANY   |  FIXC0  | 27370850000 |
| CPU_CLK_UNHALTED_CORE |  FIXC1  | 66017820000 |
|  CPU_CLK_UNHALTED_REF |  FIXC2  | 68609630000 |
|    L2_LINES_IN_ALL    |   PMC0  |   909397500 |
|     L2_TRANS_L2_WB    |   PMC1  |   151647600 |
+-----------------------+---------+-------------+

+-------------------------------+------------+
|             Metric            |   Core 0   |
+-------------------------------+------------+
|      Runtime (RDTSC) [s]      |     1.3984 |
|      Runtime unhalted [s]     |    25.4699 |
|          Clock [MHz]          |  2494.0756 |
|              CPI              |     2.4120 |
|  L3 load bandwidth [MBytes/s] | 41620.8265 |
|  L3 load data volume [GBytes] |    58.2014 |
| L3 evict bandwidth [MBytes/s] |  6940.5276 |
| L3 evict data volume [GBytes] |     9.7054 |
|    L3 bandwidth [MBytes/s]    | 48561.3541 |
|    L3 data volume [GBytes]    |    67.9069 |
+-------------------------------+------------+

Region Core, Group 1: L3
+-------------------+----------+
|    Region Info    |  Core 0  |
+-------------------+----------+
| RDTSC Runtime [s] | 0.038553 |
|     call count    |        1 |
+-------------------+----------+

+-----------------------+---------+-----------+
|         Event         | Counter |   Core 0  |
+-----------------------+---------+-----------+
|   INSTR_RETIRED_ANY   |  FIXC0  | 224879900 |
| CPU_CLK_UNHALTED_CORE |  FIXC1  |  95501340 |
|  CPU_CLK_UNHALTED_REF |  FIXC2  |  99246490 |
|    L2_LINES_IN_ALL    |   PMC0  |     34865 |
|     L2_TRANS_L2_WB    |   PMC1  |     16214 |
+-----------------------+---------+-----------+

+-------------------------------+-----------+
|             Metric            |   Core 0  |
+-------------------------------+-----------+
|      Runtime (RDTSC) [s]      |    0.0386 |
|      Runtime unhalted [s]     |    0.0368 |
|          Clock [MHz]          | 2494.1802 |
|              CPI              |    0.4247 |
|  L3 load bandwidth [MBytes/s] |   57.8780 |
|  L3 load data volume [GBytes] |    0.0022 |
| L3 evict bandwidth [MBytes/s] |   26.9162 |
| L3 evict data volume [GBytes] |    0.0010 |
|    L3 bandwidth [MBytes/s]    |   84.7942 |
|    L3 data volume [GBytes]    |    0.0033 |
+-------------------------------+-----------+

--------------------------------------------------------------------------------
CPU name:	Intel(R) Core(TM) i7-6500U CPU @ 2.50GHz
CPU type:	Intel Skylake processor
CPU clock:	2.59 GHz
--------------------------------------------------------------------------------
Bloom Join
-----------------
131072 Buckets 4 Hash Functions
Initialization: 0 ms 
Bloom Filter Generation: 396352 ms 
Join Core: 39 ms 
170 linhas
396392 ms 

--------------------------------------------------------------------------------
Region Initialization, Group 1: L3
+-------------------+----------+
|    Region Info    |  Core 0  |
+-------------------+----------+
| RDTSC Runtime [s] | 0.000032 |
|     call count    |        1 |
+-------------------+----------+

+-----------------------+---------+--------+
|         Event         | Counter | Core 0 |
+-----------------------+---------+--------+
|   INSTR_RETIRED_ANY   |  FIXC0  |  33409 |
| CPU_CLK_UNHALTED_CORE |  FIXC1  |  32226 |
|  CPU_CLK_UNHALTED_REF |  FIXC2  | 104328 |
|    L2_LINES_IN_ALL    |   PMC0  |    667 |
|     L2_TRANS_L2_WB    |   PMC1  |    137 |
+-----------------------+---------+--------+

+-------------------------------+--------------+
|             Metric            |    Core 0    |
+-------------------------------+--------------+
|      Runtime (RDTSC) [s]      | 3.231497e-05 |
|      Runtime unhalted [s]     | 1.243295e-05 |
|          Clock [MHz]          |     800.6411 |
|              CPI              |       0.9646 |
|  L3 load bandwidth [MBytes/s] |    1320.9977 |
|  L3 load data volume [GBytes] | 4.268800e-05 |
| L3 evict bandwidth [MBytes/s] |     271.3294 |
| L3 evict data volume [GBytes] | 8.768000e-06 |
|    L3 bandwidth [MBytes/s]    |    1592.3270 |
|    L3 data volume [GBytes]    |       0.0001 |
+-------------------------------+--------------+

Region Generation, Group 1: L3
+-------------------+----------+
|    Region Info    |  Core 0  |
+-------------------+----------+
| RDTSC Runtime [s] | 1.763238 |
|     call count    |  7500000 |
+-------------------+----------+

+-----------------------+---------+-------------+
|         Event         | Counter |    Core 0   |
+-----------------------+---------+-------------+
|   INSTR_RETIRED_ANY   |  FIXC0  | 27370850000 |
| CPU_CLK_UNHALTED_CORE |  FIXC1  | 66955450000 |
|  CPU_CLK_UNHALTED_REF |  FIXC2  | 69583110000 |
|    L2_LINES_IN_ALL    |   PMC0  |  1196035000 |
|     L2_TRANS_L2_WB    |   PMC1  |   210428200 |
+-----------------------+---------+-------------+

+-------------------------------+------------+
|             Metric            |   Core 0   |
+-------------------------------+------------+
|      Runtime (RDTSC) [s]      |     1.7632 |
|      Runtime unhalted [s]     |    25.8317 |
|          Clock [MHz]          |  2494.1035 |
|              CPI              |     2.4462 |
|  L3 load bandwidth [MBytes/s] | 43412.3130 |
|  L3 load data volume [GBytes] |    76.5462 |
| L3 evict bandwidth [MBytes/s] |  7637.8826 |
| L3 evict data volume [GBytes] |    13.4674 |
|    L3 bandwidth [MBytes/s]    | 51050.1956 |
|    L3 data volume [GBytes]    |    90.0136 |
+-------------------------------+------------+

Region Core, Group 1: L3
+-------------------+----------+
|    Region Info    |  Core 0  |
+-------------------+----------+
| RDTSC Runtime [s] | 0.038518 |
|     call count    |        1 |
+-------------------+----------+

+-----------------------+---------+-----------+
|         Event         | Counter |   Core 0  |
+-----------------------+---------+-----------+
|   INSTR_RETIRED_ANY   |  FIXC0  | 224879900 |
| CPU_CLK_UNHALTED_CORE |  FIXC1  |  95411620 |
|  CPU_CLK_UNHALTED_REF |  FIXC2  |  99152960 |
|    L2_LINES_IN_ALL    |   PMC0  |     34491 |
|     L2_TRANS_L2_WB    |   PMC1  |     17717 |
+-----------------------+---------+-----------+

+-------------------------------+-----------+
|             Metric            |   Core 0  |
+-------------------------------+-----------+
|      Runtime (RDTSC) [s]      |    0.0385 |
|      Runtime unhalted [s]     |    0.0368 |
|          Clock [MHz]          | 2494.1809 |
|              CPI              |    0.4243 |
|  L3 load bandwidth [MBytes/s] |   57.3086 |
|  L3 load data volume [GBytes] |    0.0022 |
| L3 evict bandwidth [MBytes/s] |   29.4377 |
| L3 evict data volume [GBytes] |    0.0011 |
|    L3 bandwidth [MBytes/s]    |   86.7463 |
|    L3 data volume [GBytes]    |    0.0033 |
+-------------------------------+-----------+

--------------------------------------------------------------------------------
CPU name:	Intel(R) Core(TM) i7-6500U CPU @ 2.50GHz
CPU type:	Intel Skylake processor
CPU clock:	2.59 GHz
--------------------------------------------------------------------------------
Bloom Join
-----------------
131072 Buckets 4 Hash Functions
Initialization: 0 ms 
Bloom Filter Generation: 342023 ms 
Join Core: 39 ms 
170 linhas
342064 ms 

--------------------------------------------------------------------------------
Region Initialization, Group 1: L3
+-------------------+----------+
|    Region Info    |  Core 0  |
+-------------------+----------+
| RDTSC Runtime [s] | 0.000030 |
|     call count    |        1 |
+-------------------+----------+

+-----------------------+---------+--------+
|         Event         | Counter | Core 0 |
+-----------------------+---------+--------+
|   INSTR_RETIRED_ANY   |  FIXC0  |  33409 |
| CPU_CLK_UNHALTED_CORE |  FIXC1  |  30300 |
|  CPU_CLK_UNHALTED_REF |  FIXC2  |  98064 |
|    L2_LINES_IN_ALL    |   PMC0  |    762 |
|     L2_TRANS_L2_WB    |   PMC1  |    164 |
+-----------------------+---------+--------+

+-------------------------------+--------------+
|             Metric            |    Core 0    |
+-------------------------------+--------------+
|      Runtime (RDTSC) [s]      | 2.977400e-05 |
|      Runtime unhalted [s]     | 1.168987e-05 |
|          Clock [MHz]          |     800.8776 |
|              CPI              |       0.9069 |
|  L3 load bandwidth [MBytes/s] |    1637.9391 |
|  L3 load data volume [GBytes] | 4.876800e-05 |
| L3 evict bandwidth [MBytes/s] |     352.5223 |
| L3 evict data volume [GBytes] | 1.049600e-05 |
|    L3 bandwidth [MBytes/s]    |    1990.4615 |
|    L3 data volume [GBytes]    |       0.0001 |
+-------------------------------+--------------+

Region Generation, Group 1: L3
+-------------------+----------+
|    Region Info    |  Core 0  |
+-------------------+----------+
| RDTSC Runtime [s] | 1.531355 |
|     call count    |  7500000 |
+-------------------+----------+

+-----------------------+---------+-------------+
|         Event         | Counter |    Core 0   |
+-----------------------+---------+-------------+
|   INSTR_RETIRED_ANY   |  FIXC0  | 27370850000 |
| CPU_CLK_UNHALTED_CORE |  FIXC1  | 66905340000 |
|  CPU_CLK_UNHALTED_REF |  FIXC2  | 60012640000 |
|    L2_LINES_IN_ALL    |   PMC0  |  1182770000 |
|     L2_TRANS_L2_WB    |   PMC1  |   226535900 |
+-----------------------+---------+-------------+

+-------------------------------+------------+
|             Metric            |   Core 0   |
+-------------------------------+------------+
|      Runtime (RDTSC) [s]      |     1.5314 |
|      Runtime unhalted [s]     |    25.8124 |
|          Clock [MHz]          |  2889.6894 |
|              CPI              |     2.4444 |
|  L3 load bandwidth [MBytes/s] | 49431.5688 |
|  L3 load data volume [GBytes] |    75.6973 |
| L3 evict bandwidth [MBytes/s] |  9467.6268 |
| L3 evict data volume [GBytes] |    14.4983 |
|    L3 bandwidth [MBytes/s]    | 58899.1955 |
|    L3 data volume [GBytes]    |    90.1956 |
+-------------------------------+------------+

Region Core, Group 1: L3
+-------------------+----------+
|    Region Info    |  Core 0  |
+-------------------+----------+
| RDTSC Runtime [s] | 0.038512 |
|     call count    |        1 |
+-------------------+----------+

+-----------------------+---------+-----------+
|         Event         | Counter |   Core 0  |
+-----------------------+---------+-----------+
|   INSTR_RETIRED_ANY   |  FIXC0  | 224879900 |
| CPU_CLK_UNHALTED_CORE |  FIXC1  |  95271270 |
|  CPU_CLK_UNHALTED_REF |  FIXC2  |  99007490 |
|    L2_LINES_IN_ALL    |   PMC0  |     33814 |
|     L2_TRANS_L2_WB    |   PMC1  |     17853 |
+-----------------------+---------+-----------+

+-------------------------------+-----------+
|             Metric            |   Core 0  |
+-------------------------------+-----------+
|      Runtime (RDTSC) [s]      |    0.0385 |
|      Runtime unhalted [s]     |    0.0368 |
|          Clock [MHz]          | 2494.1755 |
|              CPI              |    0.4237 |
|  L3 load bandwidth [MBytes/s] |   56.1926 |
|  L3 load data volume [GBytes] |    0.0022 |
| L3 evict bandwidth [MBytes/s] |   29.6684 |
| L3 evict data volume [GBytes] |    0.0011 |
|    L3 bandwidth [MBytes/s]    |   85.8609 |
|    L3 data volume [GBytes]    |    0.0033 |
+-------------------------------+-----------+

--------------------------------------------------------------------------------
CPU name:	Intel(R) Core(TM) i7-6500U CPU @ 2.50GHz
CPU type:	Intel Skylake processor
CPU clock:	2.59 GHz
--------------------------------------------------------------------------------
Bloom Join
-----------------
131072 Buckets 4 Hash Functions
Initialization: 0 ms 
Bloom Filter Generation: 370468 ms 
Join Core: 39 ms 
170 linhas
370509 ms 

--------------------------------------------------------------------------------
Region Initialization, Group 1: L3
+-------------------+----------+
|    Region Info    |  Core 0  |
+-------------------+----------+
| RDTSC Runtime [s] | 0.000029 |
|     call count    |        1 |
+-------------------+----------+

+-----------------------+---------+--------+
|         Event         | Counter | Core 0 |
+-----------------------+---------+--------+
|   INSTR_RETIRED_ANY   |  FIXC0  |  33409 |
| CPU_CLK_UNHALTED_CORE |  FIXC1  |  29007 |
|  CPU_CLK_UNHALTED_REF |  FIXC2  |  94068 |
|    L2_LINES_IN_ALL    |   PMC0  |    716 |
|     L2_TRANS_L2_WB    |   PMC1  |    133 |
+-----------------------+---------+--------+

+-------------------------------+--------------+
|             Metric            |    Core 0    |
+-------------------------------+--------------+
|      Runtime (RDTSC) [s]      | 2.920546e-05 |
|      Runtime unhalted [s]     | 1.119100e-05 |
|          Clock [MHz]          |     799.2724 |
|              CPI              |       0.8682 |
|  L3 load bandwidth [MBytes/s] |    1569.0217 |
|  L3 load data volume [GBytes] | 4.582400e-05 |
| L3 evict bandwidth [MBytes/s] |     291.4524 |
| L3 evict data volume [GBytes] | 8.512000e-06 |
|    L3 bandwidth [MBytes/s]    |    1860.4740 |
|    L3 data volume [GBytes]    |       0.0001 |
+-------------------------------+--------------+

Region Generation, Group 1: L3
+-------------------+----------+
|    Region Info    |  Core 0  |
+-------------------+----------+
| RDTSC Runtime [s] | 1.547565 |
|     call count    |  7500000 |
+-------------------+----------+

+-----------------------+---------+-------------+
|         Event         | Counter |    Core 0   |
+-----------------------+---------+-------------+
|   INSTR_RETIRED_ANY   |  FIXC0  | 27375270000 |
| CPU_CLK_UNHALTED_CORE |  FIXC1  | 65093940000 |
|  CPU_CLK_UNHALTED_REF |  FIXC2  | 64232370000 |
|    L2_LINES_IN_ALL    |   PMC0  |  1307113000 |
|     L2_TRANS_L2_WB    |   PMC1  |   209987600 |
+-----------------------+---------+-------------+

+-------------------------------+------------+
|             Metric            |   Core 0   |
+-------------------------------+------------+
|      Runtime (RDTSC) [s]      |     1.5476 |
|      Runtime unhalted [s]     |    25.1135 |
|          Clock [MHz]          |  2626.7609 |
|              CPI              |     2.3778 |
|  L3 load bandwidth [MBytes/s] | 54056.0377 |
|  L3 load data volume [GBytes] |    83.6552 |
| L3 evict bandwidth [MBytes/s] |  8684.0982 |
| L3 evict data volume [GBytes] |    13.4392 |
|    L3 bandwidth [MBytes/s]    | 62740.1359 |
|    L3 data volume [GBytes]    |    97.0944 |
+-------------------------------+------------+

Region Core, Group 1: L3
+-------------------+----------+
|    Region Info    |  Core 0  |
+-------------------+----------+
| RDTSC Runtime [s] | 0.039118 |
|     call count    |        1 |
+-------------------+----------+

+-----------------------+---------+-----------+
|         Event         | Counter |   Core 0  |
+-----------------------+---------+-----------+
|   INSTR_RETIRED_ANY   |  FIXC0  | 224879900 |
| CPU_CLK_UNHALTED_CORE |  FIXC1  |  96885850 |
|  CPU_CLK_UNHALTED_REF |  FIXC2  | 100685400 |
|    L2_LINES_IN_ALL    |   PMC0  |     46760 |
|     L2_TRANS_L2_WB    |   PMC1  |     10535 |
+-----------------------+---------+-----------+

+-------------------------------+-----------+
|             Metric            |   Core 0  |
+-------------------------------+-----------+
|      Runtime (RDTSC) [s]      |    0.0391 |
|      Runtime unhalted [s]     |    0.0374 |
|          Clock [MHz]          | 2494.1799 |
|              CPI              |    0.4308 |
|  L3 load bandwidth [MBytes/s] |   76.5033 |
|  L3 load data volume [GBytes] |    0.0030 |
| L3 evict bandwidth [MBytes/s] |   17.2362 |
| L3 evict data volume [GBytes] |    0.0007 |
|    L3 bandwidth [MBytes/s]    |   93.7395 |
|    L3 data volume [GBytes]    |    0.0037 |
+-------------------------------+-----------+

--------------------------------------------------------------------------------
CPU name:	Intel(R) Core(TM) i7-6500U CPU @ 2.50GHz
CPU type:	Intel Skylake processor
CPU clock:	2.59 GHz
--------------------------------------------------------------------------------
Bloom Join
-----------------
131072 Buckets 4 Hash Functions
Initialization: 0 ms 
Bloom Filter Generation: 405674 ms 
Join Core: 39 ms 
170 linhas
405713 ms 

--------------------------------------------------------------------------------
Region Initialization, Group 1: L3
+-------------------+----------+
|    Region Info    |  Core 0  |
+-------------------+----------+
| RDTSC Runtime [s] | 0.000010 |
|     call count    |        1 |
+-------------------+----------+

+-----------------------+---------+--------+
|         Event         | Counter | Core 0 |
+-----------------------+---------+--------+
|   INSTR_RETIRED_ANY   |  FIXC0  |  33409 |
| CPU_CLK_UNHALTED_CORE |  FIXC1  |  30276 |
|  CPU_CLK_UNHALTED_REF |  FIXC2  |  31536 |
|    L2_LINES_IN_ALL    |   PMC0  |    518 |
|     L2_TRANS_L2_WB    |   PMC1  |     55 |
+-----------------------+---------+--------+

+-------------------------------+--------------+
|             Metric            |    Core 0    |
+-------------------------------+--------------+
|      Runtime (RDTSC) [s]      | 9.554039e-06 |
|      Runtime unhalted [s]     | 1.168060e-05 |
|          Clock [MHz]          |    2488.4299 |
|              CPI              |       0.9062 |
|  L3 load bandwidth [MBytes/s] |    3469.9461 |
|  L3 load data volume [GBytes] | 3.315200e-05 |
| L3 evict bandwidth [MBytes/s] |     368.4306 |
| L3 evict data volume [GBytes] | 3.520000e-06 |
|    L3 bandwidth [MBytes/s]    |    3838.3766 |
|    L3 data volume [GBytes]    | 3.667200e-05 |
+-------------------------------+--------------+

Region Generation, Group 1: L3
+-------------------+----------+
|    Region Info    |  Core 0  |
+-------------------+----------+
| RDTSC Runtime [s] | 1.653468 |
|     call count    |  7500000 |
+-------------------+----------+

+-----------------------+---------+-------------+
|         Event         | Counter |    Core 0   |
+-----------------------+---------+-------------+
|   INSTR_RETIRED_ANY   |  FIXC0  | 27370860000 |
| CPU_CLK_UNHALTED_CORE |  FIXC1  | 69155460000 |
|  CPU_CLK_UNHALTED_REF |  FIXC2  | 71868460000 |
|    L2_LINES_IN_ALL    |   PMC0  |  1248942000 |
|     L2_TRANS_L2_WB    |   PMC1  |   248636300 |
+-----------------------+---------+-------------+

+-------------------------------+------------+
|             Metric            |   Core 0   |
+-------------------------------+------------+
|      Runtime (RDTSC) [s]      |     1.6535 |
|      Runtime unhalted [s]     |    26.6804 |
|          Clock [MHz]          |  2494.1447 |
|              CPI              |     2.5266 |
|  L3 load bandwidth [MBytes/s] | 48342.2044 |
|  L3 load data volume [GBytes] |    79.9323 |
| L3 evict bandwidth [MBytes/s] |  9623.8471 |
| L3 evict data volume [GBytes] |    15.9127 |
|    L3 bandwidth [MBytes/s]    | 57966.0515 |
|    L3 data volume [GBytes]    |    95.8450 |
+-------------------------------+------------+

Region Core, Group 1: L3
+-------------------+----------+
|    Region Info    |  Core 0  |
+-------------------+----------+
| RDTSC Runtime [s] | 0.038505 |
|     call count    |        1 |
+-------------------+----------+

+-----------------------+---------+-----------+
|         Event         | Counter |   Core 0  |
+-----------------------+---------+-----------+
|   INSTR_RETIRED_ANY   |  FIXC0  | 224879900 |
| CPU_CLK_UNHALTED_CORE |  FIXC1  |  95497670 |
|  CPU_CLK_UNHALTED_REF |  FIXC2  |  99242280 |
|    L2_LINES_IN_ALL    |   PMC0  |     35602 |
|     L2_TRANS_L2_WB    |   PMC1  |     17445 |
+-----------------------+---------+-----------+

+-------------------------------+-----------+
|             Metric            |   Core 0  |
+-------------------------------+-----------+
|      Runtime (RDTSC) [s]      |    0.0385 |
|      Runtime unhalted [s]     |    0.0368 |
|          Clock [MHz]          | 2494.1902 |
|              CPI              |    0.4247 |
|  L3 load bandwidth [MBytes/s] |   59.1751 |
|  L3 load data volume [GBytes] |    0.0023 |
| L3 evict bandwidth [MBytes/s] |   28.9959 |
| L3 evict data volume [GBytes] |    0.0011 |
|    L3 bandwidth [MBytes/s]    |   88.1710 |
|    L3 data volume [GBytes]    |    0.0034 |
+-------------------------------+-----------+

--------------------------------------------------------------------------------
CPU name:	Intel(R) Core(TM) i7-6500U CPU @ 2.50GHz
CPU type:	Intel Skylake processor
CPU clock:	2.59 GHz
--------------------------------------------------------------------------------
Bloom Join
-----------------
131072 Buckets 4 Hash Functions
Initialization: 0 ms 
Bloom Filter Generation: 383229 ms 
Join Core: 38 ms 
170 linhas
383269 ms 

--------------------------------------------------------------------------------
Region Initialization, Group 1: L3
+-------------------+----------+
|    Region Info    |  Core 0  |
+-------------------+----------+
| RDTSC Runtime [s] | 0.000029 |
|     call count    |        1 |
+-------------------+----------+

+-----------------------+---------+--------+
|         Event         | Counter | Core 0 |
+-----------------------+---------+--------+
|   INSTR_RETIRED_ANY   |  FIXC0  |  33409 |
| CPU_CLK_UNHALTED_CORE |  FIXC1  |  29213 |
|  CPU_CLK_UNHALTED_REF |  FIXC2  |  94824 |
|    L2_LINES_IN_ALL    |   PMC0  |    561 |
|     L2_TRANS_L2_WB    |   PMC1  |    105 |
+-----------------------+---------+--------+

+-------------------------------+--------------+
|             Metric            |    Core 0    |
+-------------------------------+--------------+
|      Runtime (RDTSC) [s]      | 2.858504e-05 |
|      Runtime unhalted [s]     | 1.127048e-05 |
|          Clock [MHz]          |     798.5304 |
|              CPI              |       0.8744 |
|  L3 load bandwidth [MBytes/s] |    1256.0416 |
|  L3 load data volume [GBytes] | 3.590400e-05 |
| L3 evict bandwidth [MBytes/s] |     235.0880 |
| L3 evict data volume [GBytes] | 6.720000e-06 |
|    L3 bandwidth [MBytes/s]    |    1491.1296 |
|    L3 data volume [GBytes]    | 4.262400e-05 |
+-------------------------------+--------------+

Region Generation, Group 1: L3
+-------------------+----------+
|    Region Info    |  Core 0  |
+-------------------+----------+
| RDTSC Runtime [s] | 1.555386 |
|     call count    |  7500000 |
+-------------------+----------+

+-----------------------+---------+-------------+
|         Event         | Counter |    Core 0   |
+-----------------------+---------+-------------+
|   INSTR_RETIRED_ANY   |  FIXC0  | 27370850000 |
| CPU_CLK_UNHALTED_CORE |  FIXC1  | 64096060000 |
|  CPU_CLK_UNHALTED_REF |  FIXC2  | 66611830000 |
|    L2_LINES_IN_ALL    |   PMC0  |   894484600 |
|     L2_TRANS_L2_WB    |   PMC1  |   163301000 |
+-----------------------+---------+-------------+

+-------------------------------+------------+
|             Metric            |   Core 0   |
+-------------------------------+------------+
|      Runtime (RDTSC) [s]      |     1.5554 |
|      Runtime unhalted [s]     |    24.7285 |
|          Clock [MHz]          |  2494.0982 |
|              CPI              |     2.3418 |
|  L3 load bandwidth [MBytes/s] | 36805.6639 |
|  L3 load data volume [GBytes] |    57.2470 |
| L3 evict bandwidth [MBytes/s] |  6719.4021 |
| L3 evict data volume [GBytes] |    10.4513 |
|    L3 bandwidth [MBytes/s]    | 43525.0661 |
|    L3 data volume [GBytes]    |    67.6983 |
+-------------------------------+------------+

Region Core, Group 1: L3
+-------------------+----------+
|    Region Info    |  Core 0  |
+-------------------+----------+
| RDTSC Runtime [s] | 0.038430 |
|     call count    |        1 |
+-------------------+----------+

+-----------------------+---------+-----------+
|         Event         | Counter |   Core 0  |
+-----------------------+---------+-----------+
|   INSTR_RETIRED_ANY   |  FIXC0  | 224879900 |
| CPU_CLK_UNHALTED_CORE |  FIXC1  |  95214560 |
|  CPU_CLK_UNHALTED_REF |  FIXC2  |  98948840 |
|    L2_LINES_IN_ALL    |   PMC0  |     33462 |
|     L2_TRANS_L2_WB    |   PMC1  |     21649 |
+-----------------------+---------+-----------+

+-------------------------------+-----------+
|             Metric            |   Core 0  |
+-------------------------------+-----------+
|      Runtime (RDTSC) [s]      |    0.0384 |
|      Runtime unhalted [s]     |    0.0367 |
|          Clock [MHz]          | 2494.1711 |
|              CPI              |    0.4234 |
|  L3 load bandwidth [MBytes/s] |   55.7266 |
|  L3 load data volume [GBytes] |    0.0021 |
| L3 evict bandwidth [MBytes/s] |   36.0536 |
| L3 evict data volume [GBytes] |    0.0014 |
|    L3 bandwidth [MBytes/s]    |   91.7803 |
|    L3 data volume [GBytes]    |    0.0035 |
+-------------------------------+-----------+

--------------------------------------------------------------------------------
CPU name:	Intel(R) Core(TM) i7-6500U CPU @ 2.50GHz
CPU type:	Intel Skylake processor
CPU clock:	2.59 GHz
--------------------------------------------------------------------------------
Bloom Join
-----------------
131072 Buckets 4 Hash Functions
Initialization: 0 ms 
Bloom Filter Generation: 459257 ms 
Join Core: 40 ms 
170 linhas
459299 ms 

--------------------------------------------------------------------------------
Region Initialization, Group 1: TLB_DATA
+-------------------+----------+
|    Region Info    |  Core 0  |
+-------------------+----------+
| RDTSC Runtime [s] | 0.000031 |
|     call count    |        1 |
+-------------------+----------+

+---------------------------------+---------+--------+
|              Event              | Counter | Core 0 |
+---------------------------------+---------+--------+
|        INSTR_RETIRED_ANY        |  FIXC0  |  33595 |
|      CPU_CLK_UNHALTED_CORE      |  FIXC1  |  31005 |
|       CPU_CLK_UNHALTED_REF      |  FIXC2  | 100656 |
|  DTLB_LOAD_MISSES_CAUSES_A_WALK |   PMC0  |     69 |
| DTLB_STORE_MISSES_CAUSES_A_WALK |   PMC1  |     25 |
|   DTLB_LOAD_MISSES_WALK_ACTIVE  |   PMC2  |   2118 |
|  DTLB_STORE_MISSES_WALK_ACTIVE  |   PMC3  |    662 |
+---------------------------------+---------+--------+

+-----------------------------------+--------------+
|               Metric              |    Core 0    |
+-----------------------------------+--------------+
|        Runtime (RDTSC) [s]        | 3.098872e-05 |
|        Runtime unhalted [s]       | 1.196201e-05 |
|            Clock [MHz]            |     798.3985 |
|                CPI                |       0.9229 |
|        L1 DTLB load misses        |           69 |
|       L1 DTLB load miss rate      |       0.0021 |
|  L1 DTLB load miss duration [Cyc] |      30.6957 |
|        L1 DTLB store misses       |           25 |
|      L1 DTLB store miss rate      |       0.0007 |
| L1 DTLB store miss duration [Cyc] |      26.4800 |
+-----------------------------------+--------------+

Region Generation, Group 1: TLB_DATA
+-------------------+----------+
|    Region Info    |  Core 0  |
+-------------------+----------+
| RDTSC Runtime [s] | 1.635663 |
|     call count    |  7500000 |
+-------------------+----------+

+---------------------------------+---------+-------------+
|              Event              | Counter |    Core 0   |
+---------------------------------+---------+-------------+
|        INSTR_RETIRED_ANY        |  FIXC0  | 28765850000 |
|      CPU_CLK_UNHALTED_CORE      |  FIXC1  | 65602370000 |
|       CPU_CLK_UNHALTED_REF      |  FIXC2  | 65776930000 |
|  DTLB_LOAD_MISSES_CAUSES_A_WALK |   PMC0  |   440760200 |
| DTLB_STORE_MISSES_CAUSES_A_WALK |   PMC1  |    44423700 |
|   DTLB_LOAD_MISSES_WALK_ACTIVE  |   PMC2  | 12676760000 |
|  DTLB_STORE_MISSES_WALK_ACTIVE  |   PMC3  |  1072144000 |
+---------------------------------+---------+-------------+

+-----------------------------------+-----------+
|               Metric              |   Core 0  |
+-----------------------------------+-----------+
|        Runtime (RDTSC) [s]        |    1.6357 |
|        Runtime unhalted [s]       |   25.3100 |
|            Clock [MHz]            | 2585.0776 |
|                CPI                |    2.2806 |
|        L1 DTLB load misses        | 440760200 |
|       L1 DTLB load miss rate      |    0.0153 |
|  L1 DTLB load miss duration [Cyc] |   28.7611 |
|        L1 DTLB store misses       |  44423700 |
|      L1 DTLB store miss rate      |    0.0015 |
| L1 DTLB store miss duration [Cyc] |   24.1345 |
+-----------------------------------+-----------+

Region Core, Group 1: TLB_DATA
+-------------------+----------+
|    Region Info    |  Core 0  |
+-------------------+----------+
| RDTSC Runtime [s] | 0.039725 |
|     call count    |        1 |
+-------------------+----------+

+---------------------------------+---------+-----------+
|              Event              | Counter |   Core 0  |
+---------------------------------+---------+-----------+
|        INSTR_RETIRED_ANY        |  FIXC0  | 224880100 |
|      CPU_CLK_UNHALTED_CORE      |  FIXC1  |  98310560 |
|       CPU_CLK_UNHALTED_REF      |  FIXC2  | 102165800 |
|  DTLB_LOAD_MISSES_CAUSES_A_WALK |   PMC0  |       201 |
| DTLB_STORE_MISSES_CAUSES_A_WALK |   PMC1  |        13 |
|   DTLB_LOAD_MISSES_WALK_ACTIVE  |   PMC2  |     12440 |
|  DTLB_STORE_MISSES_WALK_ACTIVE  |   PMC3  |       817 |
+---------------------------------+---------+-----------+

+-----------------------------------+--------------+
|               Metric              |    Core 0    |
+-----------------------------------+--------------+
|        Runtime (RDTSC) [s]        |       0.0397 |
|        Runtime unhalted [s]       |       0.0379 |
|            Clock [MHz]            |    2494.1484 |
|                CPI                |       0.4372 |
|        L1 DTLB load misses        |          201 |
|       L1 DTLB load miss rate      | 8.938096e-07 |
|  L1 DTLB load miss duration [Cyc] |      61.8905 |
|        L1 DTLB store misses       |           13 |
|      L1 DTLB store miss rate      | 5.780858e-08 |
| L1 DTLB store miss duration [Cyc] |      62.8462 |
+-----------------------------------+--------------+

