--------------------------------------------------------------------------------
CPU name:	Intel(R) Core(TM) i7-6500U CPU @ 2.50GHz
CPU type:	Intel Skylake processor
CPU clock:	2.59 GHz
--------------------------------------------------------------------------------
Bloom Join
-----------------
131072 Buckets 3 Hash Functions
Initialization: 0 ms 
Bloom Filter Generation: 334297 ms 
Join Core: 34 ms 
361 linhas
334333 ms 

--------------------------------------------------------------------------------
Region Initialization, Group 1: L2
+-------------------+----------+
|    Region Info    |  Core 0  |
+-------------------+----------+
| RDTSC Runtime [s] | 0.000031 |
|     call count    |        1 |
+-------------------+----------+

+-----------------------+---------+--------+
|         Event         | Counter | Core 0 |
+-----------------------+---------+--------+
|   INSTR_RETIRED_ANY   |  FIXC0  |  33502 |
| CPU_CLK_UNHALTED_CORE |  FIXC1  |  30730 |
|  CPU_CLK_UNHALTED_REF |  FIXC2  |  99900 |
|    L1D_REPLACEMENT    |   PMC0  |    389 |
|      L1D_M_EVICT      |   PMC1  |    164 |
| ICACHE_64B_IFTAG_MISS |   PMC2  |    660 |
+-----------------------+---------+--------+

+--------------------------------+--------------+
|             Metric             |    Core 0    |
+--------------------------------+--------------+
|       Runtime (RDTSC) [s]      | 3.137286e-05 |
|      Runtime unhalted [s]      | 1.185576e-05 |
|           Clock [MHz]          |     797.3158 |
|               CPI              |       0.9173 |
|  L2D load bandwidth [MBytes/s] |     793.5521 |
|  L2D load data volume [GBytes] | 2.489600e-05 |
| L2D evict bandwidth [MBytes/s] |     334.5567 |
| L2D evict data volume [GBytes] | 1.049600e-05 |
|     L2 bandwidth [MBytes/s]    |    2474.4955 |
|     L2 data volume [GBytes]    |       0.0001 |
+--------------------------------+--------------+

Region Generation, Group 1: L2
+-------------------+----------+
|    Region Info    |  Core 0  |
+-------------------+----------+
| RDTSC Runtime [s] | 1.054603 |
|     call count    |  6000000 |
+-------------------+----------+

+-----------------------+---------+-------------+
|         Event         | Counter |    Core 0   |
+-----------------------+---------+-------------+
|   INSTR_RETIRED_ANY   |  FIXC0  | 22471580000 |
| CPU_CLK_UNHALTED_CORE |  FIXC1  | 51589100000 |
|  CPU_CLK_UNHALTED_REF |  FIXC2  | 53614020000 |
|    L1D_REPLACEMENT    |   PMC0  |  1172280000 |
|      L1D_M_EVICT      |   PMC1  |   373569800 |
| ICACHE_64B_IFTAG_MISS |   PMC2  |  2419959000 |
+-----------------------+---------+-------------+

+--------------------------------+-------------+
|             Metric             |    Core 0   |
+--------------------------------+-------------+
|       Runtime (RDTSC) [s]      |      1.0546 |
|      Runtime unhalted [s]      |     19.9033 |
|           Clock [MHz]          |   2494.0943 |
|               CPI              |      2.2957 |
|  L2D load bandwidth [MBytes/s] |  71141.3869 |
|  L2D load data volume [GBytes] |     75.0259 |
| L2D evict bandwidth [MBytes/s] |  22670.5852 |
| L2D evict data volume [GBytes] |     23.9085 |
|     L2 bandwidth [MBytes/s]    | 240670.4354 |
|     L2 data volume [GBytes]    |    253.8118 |
+--------------------------------+-------------+

Region Core, Group 1: L2
+-------------------+----------+
|    Region Info    |  Core 0  |
+-------------------+----------+
| RDTSC Runtime [s] | 0.034392 |
|     call count    |        1 |
+-------------------+----------+

+-----------------------+---------+-----------+
|         Event         | Counter |   Core 0  |
+-----------------------+---------+-----------+
|   INSTR_RETIRED_ANY   |  FIXC0  | 201365500 |
| CPU_CLK_UNHALTED_CORE |  FIXC1  |  85057510 |
|  CPU_CLK_UNHALTED_REF |  FIXC2  |  88393140 |
|    L1D_REPLACEMENT    |   PMC0  |     40315 |
|      L1D_M_EVICT      |   PMC1  |      1532 |
| ICACHE_64B_IFTAG_MISS |   PMC2  |      1639 |
+-----------------------+---------+-----------+

+--------------------------------+-----------+
|             Metric             |   Core 0  |
+--------------------------------+-----------+
|       Runtime (RDTSC) [s]      |    0.0344 |
|      Runtime unhalted [s]      |    0.0328 |
|           Clock [MHz]          | 2494.1777 |
|               CPI              |    0.4224 |
|  L2D load bandwidth [MBytes/s] |   75.0222 |
|  L2D load data volume [GBytes] |    0.0026 |
| L2D evict bandwidth [MBytes/s] |    2.8509 |
| L2D evict data volume [GBytes] |    0.0001 |
|     L2 bandwidth [MBytes/s]    |   80.9231 |
|     L2 data volume [GBytes]    |    0.0028 |
+--------------------------------+-----------+

--------------------------------------------------------------------------------
CPU name:	Intel(R) Core(TM) i7-6500U CPU @ 2.50GHz
CPU type:	Intel Skylake processor
CPU clock:	2.59 GHz
--------------------------------------------------------------------------------
Bloom Join
-----------------
131072 Buckets 3 Hash Functions
Initialization: 0 ms 
Bloom Filter Generation: 336010 ms 
Join Core: 34 ms 
361 linhas
336046 ms 

--------------------------------------------------------------------------------
Region Initialization, Group 1: L2
+-------------------+----------+
|    Region Info    |  Core 0  |
+-------------------+----------+
| RDTSC Runtime [s] | 0.000031 |
|     call count    |        1 |
+-------------------+----------+

+-----------------------+---------+--------+
|         Event         | Counter | Core 0 |
+-----------------------+---------+--------+
|   INSTR_RETIRED_ANY   |  FIXC0  |  33502 |
| CPU_CLK_UNHALTED_CORE |  FIXC1  |  31027 |
|  CPU_CLK_UNHALTED_REF |  FIXC2  | 101088 |
|    L1D_REPLACEMENT    |   PMC0  |    382 |
|      L1D_M_EVICT      |   PMC1  |    182 |
| ICACHE_64B_IFTAG_MISS |   PMC2  |    645 |
+-----------------------+---------+--------+

+--------------------------------+--------------+
|             Metric             |    Core 0    |
+--------------------------------+--------------+
|       Runtime (RDTSC) [s]      | 3.085662e-05 |
|      Runtime unhalted [s]      | 1.197036e-05 |
|           Clock [MHz]          |     795.5599 |
|               CPI              |       0.9261 |
|  L2D load bandwidth [MBytes/s] |     792.3097 |
|  L2D load data volume [GBytes] | 2.444800e-05 |
| L2D evict bandwidth [MBytes/s] |     377.4879 |
| L2D evict data volume [GBytes] | 1.164800e-05 |
|     L2 bandwidth [MBytes/s]    |    2507.5980 |
|     L2 data volume [GBytes]    |       0.0001 |
+--------------------------------+--------------+

Region Generation, Group 1: L2
+-------------------+----------+
|    Region Info    |  Core 0  |
+-------------------+----------+
| RDTSC Runtime [s] | 1.117767 |
|     call count    |  6000000 |
+-------------------+----------+

+-----------------------+---------+-------------+
|         Event         | Counter |    Core 0   |
+-----------------------+---------+-------------+
|   INSTR_RETIRED_ANY   |  FIXC0  | 22471490000 |
| CPU_CLK_UNHALTED_CORE |  FIXC1  | 50494230000 |
|  CPU_CLK_UNHALTED_REF |  FIXC2  | 52477350000 |
|    L1D_REPLACEMENT    |   PMC0  |  1183165000 |
|      L1D_M_EVICT      |   PMC1  |   415305100 |
| ICACHE_64B_IFTAG_MISS |   PMC2  |  2214097000 |
+-----------------------+---------+-------------+

+--------------------------------+-------------+
|             Metric             |    Core 0   |
+--------------------------------+-------------+
|       Runtime (RDTSC) [s]      |      1.1178 |
|      Runtime unhalted [s]      |     19.4809 |
|           Clock [MHz]          |   2494.0350 |
|               CPI              |      2.2470 |
|  L2D load bandwidth [MBytes/s] |  67744.4942 |
|  L2D load data volume [GBytes] |     75.7226 |
| L2D evict bandwidth [MBytes/s] |  23779.1296 |
| L2D evict data volume [GBytes] |     26.5795 |
|     L2 bandwidth [MBytes/s]    | 218296.2052 |
|     L2 data volume [GBytes]    |    244.0043 |
+--------------------------------+-------------+

Region Core, Group 1: L2
+-------------------+----------+
|    Region Info    |  Core 0  |
+-------------------+----------+
| RDTSC Runtime [s] | 0.034430 |
|     call count    |        1 |
+-------------------+----------+

+-----------------------+---------+-----------+
|         Event         | Counter |   Core 0  |
+-----------------------+---------+-----------+
|   INSTR_RETIRED_ANY   |  FIXC0  | 201365500 |
| CPU_CLK_UNHALTED_CORE |  FIXC1  |  85080920 |
|  CPU_CLK_UNHALTED_REF |  FIXC2  |  88417870 |
|    L1D_REPLACEMENT    |   PMC0  |     44353 |
|      L1D_M_EVICT      |   PMC1  |      1521 |
| ICACHE_64B_IFTAG_MISS |   PMC2  |      1444 |
+-----------------------+---------+-----------+

+--------------------------------+-----------+
|             Metric             |   Core 0  |
+--------------------------------+-----------+
|       Runtime (RDTSC) [s]      |    0.0344 |
|      Runtime unhalted [s]      |    0.0328 |
|           Clock [MHz]          | 2494.1629 |
|               CPI              |    0.4225 |
|  L2D load bandwidth [MBytes/s] |   82.4461 |
|  L2D load data volume [GBytes] |    0.0028 |
| L2D evict bandwidth [MBytes/s] |    2.8273 |
| L2D evict data volume [GBytes] |    0.0001 |
|     L2 bandwidth [MBytes/s]    |   87.9576 |
|     L2 data volume [GBytes]    |    0.0030 |
+--------------------------------+-----------+

--------------------------------------------------------------------------------
CPU name:	Intel(R) Core(TM) i7-6500U CPU @ 2.50GHz
CPU type:	Intel Skylake processor
CPU clock:	2.59 GHz
--------------------------------------------------------------------------------
Bloom Join
-----------------
131072 Buckets 3 Hash Functions
Initialization: 0 ms 
Bloom Filter Generation: 342989 ms 
Join Core: 34 ms 
361 linhas
343026 ms 

--------------------------------------------------------------------------------
Region Initialization, Group 1: L2
+-------------------+----------+
|    Region Info    |  Core 0  |
+-------------------+----------+
| RDTSC Runtime [s] | 0.000029 |
|     call count    |        1 |
+-------------------+----------+

+-----------------------+---------+--------+
|         Event         | Counter | Core 0 |
+-----------------------+---------+--------+
|   INSTR_RETIRED_ANY   |  FIXC0  |  33502 |
| CPU_CLK_UNHALTED_CORE |  FIXC1  |  29217 |
|  CPU_CLK_UNHALTED_REF |  FIXC2  |  94932 |
|    L1D_REPLACEMENT    |   PMC0  |    358 |
|      L1D_M_EVICT      |   PMC1  |    166 |
| ICACHE_64B_IFTAG_MISS |   PMC2  |    589 |
+-----------------------+---------+--------+

+--------------------------------+--------------+
|             Metric             |    Core 0    |
+--------------------------------+--------------+
|       Runtime (RDTSC) [s]      | 2.874558e-05 |
|      Runtime unhalted [s]      | 1.127204e-05 |
|           Clock [MHz]          |     797.7302 |
|               CPI              |       0.8721 |
|  L2D load bandwidth [MBytes/s] |     797.0617 |
|  L2D load data volume [GBytes] | 2.291200e-05 |
| L2D evict bandwidth [MBytes/s] |     369.5873 |
| L2D evict data volume [GBytes] | 1.062400e-05 |
|     L2 bandwidth [MBytes/s]    |    2478.0158 |
|     L2 data volume [GBytes]    |       0.0001 |
+--------------------------------+--------------+

Region Generation, Group 1: L2
+-------------------+----------+
|    Region Info    |  Core 0  |
+-------------------+----------+
| RDTSC Runtime [s] | 1.074092 |
|     call count    |  6000000 |
+-------------------+----------+

+-----------------------+---------+-------------+
|         Event         | Counter |    Core 0   |
+-----------------------+---------+-------------+
|   INSTR_RETIRED_ANY   |  FIXC0  | 22471490000 |
| CPU_CLK_UNHALTED_CORE |  FIXC1  | 55359280000 |
|  CPU_CLK_UNHALTED_REF |  FIXC2  | 57531740000 |
|    L1D_REPLACEMENT    |   PMC0  |  1279606000 |
|      L1D_M_EVICT      |   PMC1  |   395101800 |
| ICACHE_64B_IFTAG_MISS |   PMC2  |  2682157000 |
+-----------------------+---------+-------------+

+--------------------------------+-------------+
|             Metric             |    Core 0   |
+--------------------------------+-------------+
|       Runtime (RDTSC) [s]      |      1.0741 |
|      Runtime unhalted [s]      |     21.3578 |
|           Clock [MHz]          |   2494.1121 |
|               CPI              |      2.4635 |
|  L2D load bandwidth [MBytes/s] |  76245.5953 |
|  L2D load data volume [GBytes] |     81.8948 |
| L2D evict bandwidth [MBytes/s] |  23542.2247 |
| L2D evict data volume [GBytes] |     25.2865 |
|     L2 bandwidth [MBytes/s]    | 259604.7147 |
|     L2 data volume [GBytes]    |    278.8393 |
+--------------------------------+-------------+

Region Core, Group 1: L2
+-------------------+----------+
|    Region Info    |  Core 0  |
+-------------------+----------+
| RDTSC Runtime [s] | 0.034341 |
|     call count    |        1 |
+-------------------+----------+

+-----------------------+---------+-----------+
|         Event         | Counter |   Core 0  |
+-----------------------+---------+-----------+
|   INSTR_RETIRED_ANY   |  FIXC0  | 201365500 |
| CPU_CLK_UNHALTED_CORE |  FIXC1  |  85171290 |
|  CPU_CLK_UNHALTED_REF |  FIXC2  |  88511290 |
|    L1D_REPLACEMENT    |   PMC0  |     42858 |
|      L1D_M_EVICT      |   PMC1  |      1107 |
| ICACHE_64B_IFTAG_MISS |   PMC2  |      1278 |
+-----------------------+---------+-----------+

+--------------------------------+-----------+
|             Metric             |   Core 0  |
+--------------------------------+-----------+
|       Runtime (RDTSC) [s]      |    0.0343 |
|      Runtime unhalted [s]      |    0.0329 |
|           Clock [MHz]          | 2494.1789 |
|               CPI              |    0.4230 |
|  L2D load bandwidth [MBytes/s] |   79.8733 |
|  L2D load data volume [GBytes] |    0.0027 |
| L2D evict bandwidth [MBytes/s] |    2.0631 |
| L2D evict data volume [GBytes] |    0.0001 |
|     L2 bandwidth [MBytes/s]    |   84.3182 |
|     L2 data volume [GBytes]    |    0.0029 |
+--------------------------------+-----------+

--------------------------------------------------------------------------------
CPU name:	Intel(R) Core(TM) i7-6500U CPU @ 2.50GHz
CPU type:	Intel Skylake processor
CPU clock:	2.59 GHz
--------------------------------------------------------------------------------
Bloom Join
-----------------
131072 Buckets 3 Hash Functions
Initialization: 0 ms 
Bloom Filter Generation: 338552 ms 
Join Core: 34 ms 
361 linhas
338588 ms 

--------------------------------------------------------------------------------
Region Initialization, Group 1: L2
+-------------------+----------+
|    Region Info    |  Core 0  |
+-------------------+----------+
| RDTSC Runtime [s] | 0.000012 |
|     call count    |        1 |
+-------------------+----------+

+-----------------------+---------+--------+
|         Event         | Counter | Core 0 |
+-----------------------+---------+--------+
|   INSTR_RETIRED_ANY   |  FIXC0  |  33502 |
| CPU_CLK_UNHALTED_CORE |  FIXC1  |  31665 |
|  CPU_CLK_UNHALTED_REF |  FIXC2  |  39420 |
|    L1D_REPLACEMENT    |   PMC0  |    378 |
|      L1D_M_EVICT      |   PMC1  |    155 |
| ICACHE_64B_IFTAG_MISS |   PMC2  |    614 |
+-----------------------+---------+--------+

+--------------------------------+--------------+
|             Metric             |    Core 0    |
+--------------------------------+--------------+
|       Runtime (RDTSC) [s]      | 1.229164e-05 |
|      Runtime unhalted [s]      | 1.221659e-05 |
|           Clock [MHz]          |    2082.0554 |
|               CPI              |       0.9452 |
|  L2D load bandwidth [MBytes/s] |    1968.1670 |
|  L2D load data volume [GBytes] | 2.419200e-05 |
| L2D evict bandwidth [MBytes/s] |     807.0526 |
| L2D evict data volume [GBytes] | 9.920000e-06 |
|     L2 bandwidth [MBytes/s]    |    5972.1892 |
|     L2 data volume [GBytes]    |       0.0001 |
+--------------------------------+--------------+

Region Generation, Group 1: L2
+-------------------+----------+
|    Region Info    |  Core 0  |
+-------------------+----------+
| RDTSC Runtime [s] | 1.215321 |
|     call count    |  6000000 |
+-------------------+----------+

+-----------------------+---------+-------------+
|         Event         | Counter |    Core 0   |
+-----------------------+---------+-------------+
|   INSTR_RETIRED_ANY   |  FIXC0  | 22471490000 |
| CPU_CLK_UNHALTED_CORE |  FIXC1  | 50633330000 |
|  CPU_CLK_UNHALTED_REF |  FIXC2  | 52619320000 |
|    L1D_REPLACEMENT    |   PMC0  |  1213134000 |
|      L1D_M_EVICT      |   PMC1  |   367957700 |
| ICACHE_64B_IFTAG_MISS |   PMC2  |  2167907000 |
+-----------------------+---------+-------------+

+--------------------------------+-------------+
|             Metric             |    Core 0   |
+--------------------------------+-------------+
|       Runtime (RDTSC) [s]      |      1.2153 |
|      Runtime unhalted [s]      |     19.5347 |
|           Clock [MHz]          |   2494.1390 |
|               CPI              |      2.2532 |
|  L2D load bandwidth [MBytes/s] |  63884.8304 |
|  L2D load data volume [GBytes] |     77.6406 |
| L2D evict bandwidth [MBytes/s] |  19377.0146 |
| L2D evict data volume [GBytes] |     23.5493 |
|     L2 bandwidth [MBytes/s]    | 197425.9614 |
|     L2 data volume [GBytes]    |    239.9359 |
+--------------------------------+-------------+

Region Core, Group 1: L2
+-------------------+----------+
|    Region Info    |  Core 0  |
+-------------------+----------+
| RDTSC Runtime [s] | 0.034299 |
|     call count    |        1 |
+-------------------+----------+

+-----------------------+---------+-----------+
|         Event         | Counter |   Core 0  |
+-----------------------+---------+-----------+
|   INSTR_RETIRED_ANY   |  FIXC0  | 201365500 |
| CPU_CLK_UNHALTED_CORE |  FIXC1  |  85033880 |
|  CPU_CLK_UNHALTED_REF |  FIXC2  |  88368520 |
|    L1D_REPLACEMENT    |   PMC0  |     41926 |
|      L1D_M_EVICT      |   PMC1  |      1297 |
| ICACHE_64B_IFTAG_MISS |   PMC2  |      1182 |
+-----------------------+---------+-----------+

+--------------------------------+-----------+
|             Metric             |   Core 0  |
+--------------------------------+-----------+
|       Runtime (RDTSC) [s]      |    0.0343 |
|      Runtime unhalted [s]      |    0.0328 |
|           Clock [MHz]          | 2494.1572 |
|               CPI              |    0.4223 |
|  L2D load bandwidth [MBytes/s] |   78.2305 |
|  L2D load data volume [GBytes] |    0.0027 |
| L2D evict bandwidth [MBytes/s] |    2.4201 |
| L2D evict data volume [GBytes] |    0.0001 |
|     L2 bandwidth [MBytes/s]    |   82.8561 |
|     L2 data volume [GBytes]    |    0.0028 |
+--------------------------------+-----------+

--------------------------------------------------------------------------------
CPU name:	Intel(R) Core(TM) i7-6500U CPU @ 2.50GHz
CPU type:	Intel Skylake processor
CPU clock:	2.59 GHz
--------------------------------------------------------------------------------
Bloom Join
-----------------
131072 Buckets 3 Hash Functions
Initialization: 0 ms 
Bloom Filter Generation: 280987 ms 
Join Core: 28 ms 
361 linhas
281016 ms 

--------------------------------------------------------------------------------
Region Initialization, Group 1: L2
+-------------------+----------+
|    Region Info    |  Core 0  |
+-------------------+----------+
| RDTSC Runtime [s] | 0.000010 |
|     call count    |        1 |
+-------------------+----------+

+-----------------------+---------+--------+
|         Event         | Counter | Core 0 |
+-----------------------+---------+--------+
|   INSTR_RETIRED_ANY   |  FIXC0  |  33502 |
| CPU_CLK_UNHALTED_CORE |  FIXC1  |  30524 |
|  CPU_CLK_UNHALTED_REF |  FIXC2  |  32940 |
|    L1D_REPLACEMENT    |   PMC0  |    374 |
|      L1D_M_EVICT      |   PMC1  |    162 |
| ICACHE_64B_IFTAG_MISS |   PMC2  |    605 |
+-----------------------+---------+--------+

+--------------------------------+--------------+
|             Metric             |    Core 0    |
+--------------------------------+--------------+
|       Runtime (RDTSC) [s]      | 9.865012e-06 |
|      Runtime unhalted [s]      | 1.177627e-05 |
|           Clock [MHz]          |    2401.8822 |
|               CPI              |       0.9111 |
|  L2D load bandwidth [MBytes/s] |    2426.3529 |
|  L2D load data volume [GBytes] | 2.393600e-05 |
| L2D evict bandwidth [MBytes/s] |    1050.9871 |
| L2D evict data volume [GBytes] | 1.036800e-05 |
|     L2 bandwidth [MBytes/s]    |    7402.3225 |
|     L2 data volume [GBytes]    |       0.0001 |
+--------------------------------+--------------+

Region Generation, Group 1: L2
+-------------------+----------+
|    Region Info    |  Core 0  |
+-------------------+----------+
| RDTSC Runtime [s] | 0.913100 |
|     call count    |  6000000 |
+-------------------+----------+

+-----------------------+---------+-------------+
|         Event         | Counter |    Core 0   |
+-----------------------+---------+-------------+
|   INSTR_RETIRED_ANY   |  FIXC0  | 22471490000 |
| CPU_CLK_UNHALTED_CORE |  FIXC1  | 52529540000 |
|  CPU_CLK_UNHALTED_REF |  FIXC2  | 44070170000 |
|    L1D_REPLACEMENT    |   PMC0  |  1184454000 |
|      L1D_M_EVICT      |   PMC1  |   387227800 |
| ICACHE_64B_IFTAG_MISS |   PMC2  |  2421305000 |
+-----------------------+---------+-------------+

+--------------------------------+-------------+
|             Metric             |    Core 0   |
+--------------------------------+-------------+
|       Runtime (RDTSC) [s]      |      0.9131 |
|      Runtime unhalted [s]      |     20.2661 |
|           Clock [MHz]          |   3089.5322 |
|               CPI              |      2.3376 |
|  L2D load bandwidth [MBytes/s] |  83019.4186 |
|  L2D load data volume [GBytes] |     75.8051 |
| L2D evict bandwidth [MBytes/s] |  27141.1358 |
| L2D evict data volume [GBytes] |     24.7826 |
|     L2 bandwidth [MBytes/s]    | 279871.9431 |
|     L2 data volume [GBytes]    |    255.5512 |
+--------------------------------+-------------+

Region Core, Group 1: L2
+-------------------+----------+
|    Region Info    |  Core 0  |
+-------------------+----------+
| RDTSC Runtime [s] | 0.027959 |
|     call count    |        1 |
+-------------------+----------+

+-----------------------+---------+-----------+
|         Event         | Counter |   Core 0  |
+-----------------------+---------+-----------+
|   INSTR_RETIRED_ANY   |  FIXC0  | 201365500 |
| CPU_CLK_UNHALTED_CORE |  FIXC1  |  85120230 |
|  CPU_CLK_UNHALTED_REF |  FIXC2  |  71354200 |
|    L1D_REPLACEMENT    |   PMC0  |     42753 |
|      L1D_M_EVICT      |   PMC1  |      1506 |
| ICACHE_64B_IFTAG_MISS |   PMC2  |      1635 |
+-----------------------+---------+-----------+

+--------------------------------+-----------+
|             Metric             |   Core 0  |
+--------------------------------+-----------+
|       Runtime (RDTSC) [s]      |    0.0280 |
|      Runtime unhalted [s]      |    0.0328 |
|           Clock [MHz]          | 3092.0542 |
|               CPI              |    0.4227 |
|  L2D load bandwidth [MBytes/s] |   97.8647 |
|  L2D load data volume [GBytes] |    0.0027 |
| L2D evict bandwidth [MBytes/s] |    3.4473 |
| L2D evict data volume [GBytes] |    0.0001 |
|     L2 bandwidth [MBytes/s]    |  105.0547 |
|     L2 data volume [GBytes]    |    0.0029 |
+--------------------------------+-----------+

--------------------------------------------------------------------------------
CPU name:	Intel(R) Core(TM) i7-6500U CPU @ 2.50GHz
CPU type:	Intel Skylake processor
CPU clock:	2.59 GHz
--------------------------------------------------------------------------------
Bloom Join
-----------------
131072 Buckets 3 Hash Functions
Initialization: 0 ms 
Bloom Filter Generation: 336088 ms 
Join Core: 34 ms 
361 linhas
336125 ms 

--------------------------------------------------------------------------------
Region Initialization, Group 1: L2
+-------------------+----------+
|    Region Info    |  Core 0  |
+-------------------+----------+
| RDTSC Runtime [s] | 0.000029 |
|     call count    |        1 |
+-------------------+----------+

+-----------------------+---------+--------+
|         Event         | Counter | Core 0 |
+-----------------------+---------+--------+
|   INSTR_RETIRED_ANY   |  FIXC0  |  33502 |
| CPU_CLK_UNHALTED_CORE |  FIXC1  |  30421 |
|  CPU_CLK_UNHALTED_REF |  FIXC2  |  98820 |
|    L1D_REPLACEMENT    |   PMC0  |    386 |
|      L1D_M_EVICT      |   PMC1  |    158 |
| ICACHE_64B_IFTAG_MISS |   PMC2  |    604 |
+-----------------------+---------+--------+

+--------------------------------+--------------+
|             Metric             |    Core 0    |
+--------------------------------+--------------+
|       Runtime (RDTSC) [s]      | 2.942007e-05 |
|      Runtime unhalted [s]      | 1.173652e-05 |
|           Clock [MHz]          |     797.9260 |
|               CPI              |       0.9080 |
|  L2D load bandwidth [MBytes/s] |     839.6989 |
|  L2D load data volume [GBytes] | 2.470400e-05 |
| L2D evict bandwidth [MBytes/s] |     343.7109 |
| L2D evict data volume [GBytes] | 1.011200e-05 |
|     L2 bandwidth [MBytes/s]    |    2497.3428 |
|     L2 data volume [GBytes]    |       0.0001 |
+--------------------------------+--------------+

Region Generation, Group 1: L2
+-------------------+----------+
|    Region Info    |  Core 0  |
+-------------------+----------+
| RDTSC Runtime [s] | 1.111591 |
|     call count    |  6000000 |
+-------------------+----------+

+-----------------------+---------+-------------+
|         Event         | Counter |    Core 0   |
+-----------------------+---------+-------------+
|   INSTR_RETIRED_ANY   |  FIXC0  | 22471490000 |
| CPU_CLK_UNHALTED_CORE |  FIXC1  | 51577140000 |
|  CPU_CLK_UNHALTED_REF |  FIXC2  | 53602480000 |
|    L1D_REPLACEMENT    |   PMC0  |  1132086000 |
|      L1D_M_EVICT      |   PMC1  |   368246500 |
| ICACHE_64B_IFTAG_MISS |   PMC2  |  2224811000 |
+-----------------------+---------+-------------+

+--------------------------------+-------------+
|             Metric             |    Core 0   |
+--------------------------------+-------------+
|       Runtime (RDTSC) [s]      |      1.1116 |
|      Runtime unhalted [s]      |     19.8986 |
|           Clock [MHz]          |   2494.0569 |
|               CPI              |      2.2952 |
|  L2D load bandwidth [MBytes/s] |  65180.0024 |
|  L2D load data volume [GBytes] |     72.4535 |
| L2D evict bandwidth [MBytes/s] |  21201.8413 |
| L2D evict data volume [GBytes] |     23.5678 |
|     L2 bandwidth [MBytes/s]    | 214475.6336 |
|     L2 data volume [GBytes]    |    238.4092 |
+--------------------------------+-------------+

Region Core, Group 1: L2
+-------------------+----------+
|    Region Info    |  Core 0  |
+-------------------+----------+
| RDTSC Runtime [s] | 0.034451 |
|     call count    |        1 |
+-------------------+----------+

+-----------------------+---------+-----------+
|         Event         | Counter |   Core 0  |
+-----------------------+---------+-----------+
|   INSTR_RETIRED_ANY   |  FIXC0  | 201365500 |
| CPU_CLK_UNHALTED_CORE |  FIXC1  |  85235740 |
|  CPU_CLK_UNHALTED_REF |  FIXC2  |  88578900 |
|    L1D_REPLACEMENT    |   PMC0  |     43931 |
|      L1D_M_EVICT      |   PMC1  |      1728 |
| ICACHE_64B_IFTAG_MISS |   PMC2  |      1848 |
+-----------------------+---------+-----------+

+--------------------------------+-----------+
|             Metric             |   Core 0  |
+--------------------------------+-----------+
|       Runtime (RDTSC) [s]      |    0.0345 |
|      Runtime unhalted [s]      |    0.0329 |
|           Clock [MHz]          | 2494.1665 |
|               CPI              |    0.4233 |
|  L2D load bandwidth [MBytes/s] |   81.6107 |
|  L2D load data volume [GBytes] |    0.0028 |
| L2D evict bandwidth [MBytes/s] |    3.2101 |
| L2D evict data volume [GBytes] |    0.0001 |
|     L2 bandwidth [MBytes/s]    |   88.2539 |
|     L2 data volume [GBytes]    |    0.0030 |
+--------------------------------+-----------+

--------------------------------------------------------------------------------
CPU name:	Intel(R) Core(TM) i7-6500U CPU @ 2.50GHz
CPU type:	Intel Skylake processor
CPU clock:	2.59 GHz
--------------------------------------------------------------------------------
Bloom Join
-----------------
131072 Buckets 3 Hash Functions
Initialization: 0 ms 
Bloom Filter Generation: 335414 ms 
Join Core: 35 ms 
361 linhas
335450 ms 

--------------------------------------------------------------------------------
Region Initialization, Group 1: L2
+-------------------+----------+
|    Region Info    |  Core 0  |
+-------------------+----------+
| RDTSC Runtime [s] | 0.000031 |
|     call count    |        1 |
+-------------------+----------+

+-----------------------+---------+--------+
|         Event         | Counter | Core 0 |
+-----------------------+---------+--------+
|   INSTR_RETIRED_ANY   |  FIXC0  |  33502 |
| CPU_CLK_UNHALTED_CORE |  FIXC1  |  30953 |
|  CPU_CLK_UNHALTED_REF |  FIXC2  | 100224 |
|    L1D_REPLACEMENT    |   PMC0  |    386 |
|      L1D_M_EVICT      |   PMC1  |    156 |
| ICACHE_64B_IFTAG_MISS |   PMC2  |    629 |
+-----------------------+---------+--------+

+--------------------------------+--------------+
|             Metric             |    Core 0    |
+--------------------------------+--------------+
|       Runtime (RDTSC) [s]      | 3.126118e-05 |
|      Runtime unhalted [s]      | 1.194183e-05 |
|           Clock [MHz]          |     800.5031 |
|               CPI              |       0.9239 |
|  L2D load bandwidth [MBytes/s] |     790.2453 |
|  L2D load data volume [GBytes] | 2.470400e-05 |
| L2D evict bandwidth [MBytes/s] |     319.3737 |
| L2D evict data volume [GBytes] | 9.984000e-06 |
|     L2 bandwidth [MBytes/s]    |    2397.3503 |
|     L2 data volume [GBytes]    |       0.0001 |
+--------------------------------+--------------+

Region Generation, Group 1: L2
+-------------------+----------+
|    Region Info    |  Core 0  |
+-------------------+----------+
| RDTSC Runtime [s] | 1.092921 |
|     call count    |  6000000 |
+-------------------+----------+

+-----------------------+---------+-------------+
|         Event         | Counter |    Core 0   |
+-----------------------+---------+-------------+
|   INSTR_RETIRED_ANY   |  FIXC0  | 22471490000 |
| CPU_CLK_UNHALTED_CORE |  FIXC1  | 49027720000 |
|  CPU_CLK_UNHALTED_REF |  FIXC2  | 50953400000 |
|    L1D_REPLACEMENT    |   PMC0  |  1133759000 |
|      L1D_M_EVICT      |   PMC1  |   310172400 |
| ICACHE_64B_IFTAG_MISS |   PMC2  |  2208430000 |
+-----------------------+---------+-------------+

+--------------------------------+-------------+
|             Metric             |    Core 0   |
+--------------------------------+-------------+
|       Runtime (RDTSC) [s]      |      1.0929 |
|      Runtime unhalted [s]      |     18.9151 |
|           Clock [MHz]          |   2494.0233 |
|               CPI              |      2.1818 |
|  L2D load bandwidth [MBytes/s] |  66391.4190 |
|  L2D load data volume [GBytes] |     72.5606 |
| L2D evict bandwidth [MBytes/s] |  18163.2832 |
| L2D evict data volume [GBytes] |     19.8510 |
|     L2 bandwidth [MBytes/s]    | 213877.4254 |
|     L2 data volume [GBytes]    |    233.7511 |
+--------------------------------+-------------+

Region Core, Group 1: L2
+-------------------+----------+
|    Region Info    |  Core 0  |
+-------------------+----------+
| RDTSC Runtime [s] | 0.034465 |
|     call count    |        1 |
+-------------------+----------+

+-----------------------+---------+-----------+
|         Event         | Counter |   Core 0  |
+-----------------------+---------+-----------+
|   INSTR_RETIRED_ANY   |  FIXC0  | 201365500 |
| CPU_CLK_UNHALTED_CORE |  FIXC1  |  85218250 |
|  CPU_CLK_UNHALTED_REF |  FIXC2  |  88560430 |
|    L1D_REPLACEMENT    |   PMC0  |     44335 |
|      L1D_M_EVICT      |   PMC1  |      1839 |
| ICACHE_64B_IFTAG_MISS |   PMC2  |      2029 |
+-----------------------+---------+-----------+

+--------------------------------+-----------+
|             Metric             |   Core 0  |
+--------------------------------+-----------+
|       Runtime (RDTSC) [s]      |    0.0345 |
|      Runtime unhalted [s]      |    0.0329 |
|           Clock [MHz]          | 2494.1633 |
|               CPI              |    0.4232 |
|  L2D load bandwidth [MBytes/s] |   82.3293 |
|  L2D load data volume [GBytes] |    0.0028 |
| L2D evict bandwidth [MBytes/s] |    3.4150 |
| L2D evict data volume [GBytes] |    0.0001 |
|     L2 bandwidth [MBytes/s]    |   89.5121 |
|     L2 data volume [GBytes]    |    0.0031 |
+--------------------------------+-----------+

--------------------------------------------------------------------------------
CPU name:	Intel(R) Core(TM) i7-6500U CPU @ 2.50GHz
CPU type:	Intel Skylake processor
CPU clock:	2.59 GHz
--------------------------------------------------------------------------------
Bloom Join
-----------------
131072 Buckets 3 Hash Functions
Initialization: 0 ms 
Bloom Filter Generation: 302945 ms 
Join Core: 34 ms 
361 linhas
302981 ms 

--------------------------------------------------------------------------------
Region Initialization, Group 1: L3
+-------------------+----------+
|    Region Info    |  Core 0  |
+-------------------+----------+
| RDTSC Runtime [s] | 0.000015 |
|     call count    |        1 |
+-------------------+----------+

+-----------------------+---------+--------+
|         Event         | Counter | Core 0 |
+-----------------------+---------+--------+
|   INSTR_RETIRED_ANY   |  FIXC0  |  33409 |
| CPU_CLK_UNHALTED_CORE |  FIXC1  |  44459 |
|  CPU_CLK_UNHALTED_REF |  FIXC2  |  55188 |
|    L2_LINES_IN_ALL    |   PMC0  |    595 |
|     L2_TRANS_L2_WB    |   PMC1  |    136 |
+-----------------------+---------+--------+

+-------------------------------+--------------+
|             Metric            |    Core 0    |
+-------------------------------+--------------+
|      Runtime (RDTSC) [s]      | 1.512678e-05 |
|      Runtime unhalted [s]     | 1.715248e-05 |
|          Clock [MHz]          |    2088.0837 |
|              CPI              |       1.3307 |
|  L3 load bandwidth [MBytes/s] |    2517.3897 |
|  L3 load data volume [GBytes] | 3.808000e-05 |
| L3 evict bandwidth [MBytes/s] |     575.4034 |
| L3 evict data volume [GBytes] | 8.704000e-06 |
|    L3 bandwidth [MBytes/s]    |    3092.7930 |
|    L3 data volume [GBytes]    | 4.678400e-05 |
+-------------------------------+--------------+

Region Generation, Group 1: L3
+-------------------+----------+
|    Region Info    |  Core 0  |
+-------------------+----------+
| RDTSC Runtime [s] | 1.016218 |
|     call count    |  6000000 |
+-------------------+----------+

+-----------------------+---------+-------------+
|         Event         | Counter |    Core 0   |
+-----------------------+---------+-------------+
|   INSTR_RETIRED_ANY   |  FIXC0  | 21913490000 |
| CPU_CLK_UNHALTED_CORE |  FIXC1  | 50557010000 |
|  CPU_CLK_UNHALTED_REF |  FIXC2  | 52540900000 |
|    L2_LINES_IN_ALL    |   PMC0  |   677826400 |
|     L2_TRANS_L2_WB    |   PMC1  |   112635800 |
+-----------------------+---------+-------------+

+-------------------------------+------------+
|             Metric            |   Core 0   |
+-------------------------------+------------+
|      Runtime (RDTSC) [s]      |     1.0162 |
|      Runtime unhalted [s]     |    19.5051 |
|          Clock [MHz]          |  2494.1166 |
|              CPI              |     2.3071 |
|  L3 load bandwidth [MBytes/s] | 42688.5664 |
|  L3 load data volume [GBytes] |    43.3809 |
| L3 evict bandwidth [MBytes/s] |  7093.6464 |
| L3 evict data volume [GBytes] |     7.2087 |
|    L3 bandwidth [MBytes/s]    | 49782.2129 |
|    L3 data volume [GBytes]    |    50.5896 |
+-------------------------------+------------+

Region Core, Group 1: L3
+-------------------+----------+
|    Region Info    |  Core 0  |
+-------------------+----------+
| RDTSC Runtime [s] | 0.034408 |
|     call count    |        1 |
+-------------------+----------+

+-----------------------+---------+-----------+
|         Event         | Counter |   Core 0  |
+-----------------------+---------+-----------+
|   INSTR_RETIRED_ANY   |  FIXC0  | 201365500 |
| CPU_CLK_UNHALTED_CORE |  FIXC1  |  85090260 |
|  CPU_CLK_UNHALTED_REF |  FIXC2  |  88427380 |
|    L2_LINES_IN_ALL    |   PMC0  |     32476 |
|     L2_TRANS_L2_WB    |   PMC1  |     19535 |
+-----------------------+---------+-----------+

+-------------------------------+-----------+
|             Metric            |   Core 0  |
+-------------------------------+-----------+
|      Runtime (RDTSC) [s]      |    0.0344 |
|      Runtime unhalted [s]     |    0.0328 |
|          Clock [MHz]          | 2494.1695 |
|              CPI              |    0.4226 |
|  L3 load bandwidth [MBytes/s] |   60.4066 |
|  L3 load data volume [GBytes] |    0.0021 |
| L3 evict bandwidth [MBytes/s] |   36.3359 |
| L3 evict data volume [GBytes] |    0.0013 |
|    L3 bandwidth [MBytes/s]    |   96.7425 |
|    L3 data volume [GBytes]    |    0.0033 |
+-------------------------------+-----------+

--------------------------------------------------------------------------------
CPU name:	Intel(R) Core(TM) i7-6500U CPU @ 2.50GHz
CPU type:	Intel Skylake processor
CPU clock:	2.59 GHz
--------------------------------------------------------------------------------
Bloom Join
-----------------
131072 Buckets 3 Hash Functions
Initialization: 0 ms 
Bloom Filter Generation: 297253 ms 
Join Core: 34 ms 
361 linhas
297290 ms 

--------------------------------------------------------------------------------
Region Initialization, Group 1: L3
+-------------------+----------+
|    Region Info    |  Core 0  |
+-------------------+----------+
| RDTSC Runtime [s] | 0.000030 |
|     call count    |        1 |
+-------------------+----------+

+-----------------------+---------+--------+
|         Event         | Counter | Core 0 |
+-----------------------+---------+--------+
|   INSTR_RETIRED_ANY   |  FIXC0  |  33409 |
| CPU_CLK_UNHALTED_CORE |  FIXC1  |  31213 |
|  CPU_CLK_UNHALTED_REF |  FIXC2  | 101088 |
|    L2_LINES_IN_ALL    |   PMC0  |    680 |
|     L2_TRANS_L2_WB    |   PMC1  |     97 |
+-----------------------+---------+--------+

+-------------------------------+--------------+
|             Metric            |    Core 0    |
+-------------------------------+--------------+
|      Runtime (RDTSC) [s]      | 3.036746e-05 |
|      Runtime unhalted [s]     | 1.204211e-05 |
|          Clock [MHz]          |     800.3296 |
|              CPI              |       0.9343 |
|  L3 load bandwidth [MBytes/s] |    1433.1129 |
|  L3 load data volume [GBytes] | 4.352000e-05 |
| L3 evict bandwidth [MBytes/s] |     204.4293 |
| L3 evict data volume [GBytes] | 6.208000e-06 |
|    L3 bandwidth [MBytes/s]    |    1637.5423 |
|    L3 data volume [GBytes]    | 4.972800e-05 |
+-------------------------------+--------------+

Region Generation, Group 1: L3
+-------------------+----------+
|    Region Info    |  Core 0  |
+-------------------+----------+
| RDTSC Runtime [s] | 1.090773 |
|     call count    |  6000000 |
+-------------------+----------+

+-----------------------+---------+-------------+
|         Event         | Counter |    Core 0   |
+-----------------------+---------+-------------+
|   INSTR_RETIRED_ANY   |  FIXC0  | 21913490000 |
| CPU_CLK_UNHALTED_CORE |  FIXC1  | 48961860000 |
|  CPU_CLK_UNHALTED_REF |  FIXC2  | 50884200000 |
|    L2_LINES_IN_ALL    |   PMC0  |   711316800 |
|     L2_TRANS_L2_WB    |   PMC1  |   117112800 |
+-----------------------+---------+-------------+

+-------------------------------+------------+
|             Metric            |   Core 0   |
+-------------------------------+------------+
|      Runtime (RDTSC) [s]      |     1.0908 |
|      Runtime unhalted [s]     |    18.8897 |
|          Clock [MHz]          |  2494.0659 |
|              CPI              |     2.2343 |
|  L3 load bandwidth [MBytes/s] | 41735.7921 |
|  L3 load data volume [GBytes] |    45.5243 |
| L3 evict bandwidth [MBytes/s] |  6871.4748 |
| L3 evict data volume [GBytes] |     7.4952 |
|    L3 bandwidth [MBytes/s]    | 48607.2670 |
|    L3 data volume [GBytes]    |    53.0195 |
+-------------------------------+------------+

Region Core, Group 1: L3
+-------------------+----------+
|    Region Info    |  Core 0  |
+-------------------+----------+
| RDTSC Runtime [s] | 0.034467 |
|     call count    |        1 |
+-------------------+----------+

+-----------------------+---------+-----------+
|         Event         | Counter |   Core 0  |
+-----------------------+---------+-----------+
|   INSTR_RETIRED_ANY   |  FIXC0  | 201365500 |
| CPU_CLK_UNHALTED_CORE |  FIXC1  |  85062090 |
|  CPU_CLK_UNHALTED_REF |  FIXC2  |  88397780 |
|    L2_LINES_IN_ALL    |   PMC0  |     31736 |
|     L2_TRANS_L2_WB    |   PMC1  |     20926 |
+-----------------------+---------+-----------+

+-------------------------------+-----------+
|             Metric            |   Core 0  |
+-------------------------------+-----------+
|      Runtime (RDTSC) [s]      |    0.0345 |
|      Runtime unhalted [s]     |    0.0328 |
|          Clock [MHz]          | 2494.1792 |
|              CPI              |    0.4224 |
|  L3 load bandwidth [MBytes/s] |   58.9293 |
|  L3 load data volume [GBytes] |    0.0020 |
| L3 evict bandwidth [MBytes/s] |   38.8567 |
| L3 evict data volume [GBytes] |    0.0013 |
|    L3 bandwidth [MBytes/s]    |   97.7860 |
|    L3 data volume [GBytes]    |    0.0034 |
+-------------------------------+-----------+

--------------------------------------------------------------------------------
CPU name:	Intel(R) Core(TM) i7-6500U CPU @ 2.50GHz
CPU type:	Intel Skylake processor
CPU clock:	2.59 GHz
--------------------------------------------------------------------------------
Bloom Join
-----------------
131072 Buckets 3 Hash Functions
Initialization: 0 ms 
Bloom Filter Generation: 310691 ms 
Join Core: 34 ms 
361 linhas
310728 ms 

--------------------------------------------------------------------------------
Region Initialization, Group 1: L3
+-------------------+----------+
|    Region Info    |  Core 0  |
+-------------------+----------+
| RDTSC Runtime [s] | 0.000030 |
|     call count    |        1 |
+-------------------+----------+

+-----------------------+---------+--------+
|         Event         | Counter | Core 0 |
+-----------------------+---------+--------+
|   INSTR_RETIRED_ANY   |  FIXC0  |  33409 |
| CPU_CLK_UNHALTED_CORE |  FIXC1  |  30078 |
|  CPU_CLK_UNHALTED_REF |  FIXC2  |  97632 |
|    L2_LINES_IN_ALL    |   PMC0  |    504 |
|     L2_TRANS_L2_WB    |   PMC1  |     65 |
+-----------------------+---------+--------+

+-------------------------------+--------------+
|             Metric            |    Core 0    |
+-------------------------------+--------------+
|      Runtime (RDTSC) [s]      | 3.027791e-05 |
|      Runtime unhalted [s]     | 1.160497e-05 |
|          Clock [MHz]          |     798.4757 |
|              CPI              |       0.9003 |
|  L3 load bandwidth [MBytes/s] |    1065.3311 |
|  L3 load data volume [GBytes] | 3.225600e-05 |
| L3 evict bandwidth [MBytes/s] |     137.3939 |
| L3 evict data volume [GBytes] | 4.160000e-06 |
|    L3 bandwidth [MBytes/s]    |    1202.7250 |
|    L3 data volume [GBytes]    | 3.641600e-05 |
+-------------------------------+--------------+

Region Generation, Group 1: L3
+-------------------+----------+
|    Region Info    |  Core 0  |
+-------------------+----------+
| RDTSC Runtime [s] | 1.295834 |
|     call count    |  6000000 |
+-------------------+----------+

+-----------------------+---------+-------------+
|         Event         | Counter |    Core 0   |
+-----------------------+---------+-------------+
|   INSTR_RETIRED_ANY   |  FIXC0  | 21918330000 |
| CPU_CLK_UNHALTED_CORE |  FIXC1  | 54461500000 |
|  CPU_CLK_UNHALTED_REF |  FIXC2  | 56598410000 |
|    L2_LINES_IN_ALL    |   PMC0  |   850466700 |
|     L2_TRANS_L2_WB    |   PMC1  |   177628600 |
+-----------------------+---------+-------------+

+-------------------------------+------------+
|             Metric            |   Core 0   |
+-------------------------------+------------+
|      Runtime (RDTSC) [s]      |     1.2958 |
|      Runtime unhalted [s]     |    21.0128 |
|          Clock [MHz]          |  2493.9646 |
|              CPI              |     2.4847 |
|  L3 load bandwidth [MBytes/s] | 42003.7357 |
|  L3 load data volume [GBytes] |    54.4299 |
| L3 evict bandwidth [MBytes/s] |  8772.9064 |
| L3 evict data volume [GBytes] |    11.3682 |
|    L3 bandwidth [MBytes/s]    | 50776.6421 |
|    L3 data volume [GBytes]    |    65.7981 |
+-------------------------------+------------+

Region Core, Group 1: L3
+-------------------+----------+
|    Region Info    |  Core 0  |
+-------------------+----------+
| RDTSC Runtime [s] | 0.034424 |
|     call count    |        1 |
+-------------------+----------+

+-----------------------+---------+-----------+
|         Event         | Counter |   Core 0  |
+-----------------------+---------+-----------+
|   INSTR_RETIRED_ANY   |  FIXC0  | 201365500 |
| CPU_CLK_UNHALTED_CORE |  FIXC1  |  85127330 |
|  CPU_CLK_UNHALTED_REF |  FIXC2  |  88465500 |
|    L2_LINES_IN_ALL    |   PMC0  |     32987 |
|     L2_TRANS_L2_WB    |   PMC1  |     20607 |
+-----------------------+---------+-----------+

+-------------------------------+-----------+
|             Metric            |   Core 0  |
+-------------------------------+-----------+
|      Runtime (RDTSC) [s]      |    0.0344 |
|      Runtime unhalted [s]     |    0.0328 |
|          Clock [MHz]          | 2494.0204 |
|              CPI              |    0.4228 |
|  L3 load bandwidth [MBytes/s] |   61.3281 |
|  L3 load data volume [GBytes] |    0.0021 |
| L3 evict bandwidth [MBytes/s] |   38.3117 |
| L3 evict data volume [GBytes] |    0.0013 |
|    L3 bandwidth [MBytes/s]    |   99.6398 |
|    L3 data volume [GBytes]    |    0.0034 |
+-------------------------------+-----------+

--------------------------------------------------------------------------------
CPU name:	Intel(R) Core(TM) i7-6500U CPU @ 2.50GHz
CPU type:	Intel Skylake processor
CPU clock:	2.59 GHz
--------------------------------------------------------------------------------
Bloom Join
-----------------
131072 Buckets 3 Hash Functions
Initialization: 0 ms 
Bloom Filter Generation: 289255 ms 
Join Core: 35 ms 
361 linhas
289292 ms 

--------------------------------------------------------------------------------
Region Initialization, Group 1: L3
+-------------------+----------+
|    Region Info    |  Core 0  |
+-------------------+----------+
| RDTSC Runtime [s] | 0.000035 |
|     call count    |        1 |
+-------------------+----------+

+-----------------------+---------+--------+
|         Event         | Counter | Core 0 |
+-----------------------+---------+--------+
|   INSTR_RETIRED_ANY   |  FIXC0  |  33409 |
| CPU_CLK_UNHALTED_CORE |  FIXC1  |  37162 |
|  CPU_CLK_UNHALTED_REF |  FIXC2  | 120636 |
|    L2_LINES_IN_ALL    |   PMC0  |   1315 |
|     L2_TRANS_L2_WB    |   PMC1  |    206 |
+-----------------------+---------+--------+

+-------------------------------+--------------+
|             Metric            |    Core 0    |
+-------------------------------+--------------+
|      Runtime (RDTSC) [s]      | 3.543917e-05 |
|      Runtime unhalted [s]     | 1.434056e-05 |
|          Clock [MHz]          |     798.2799 |
|              CPI              |       1.1123 |
|  L3 load bandwidth [MBytes/s] |    2374.7734 |
|  L3 load data volume [GBytes] |       0.0001 |
| L3 evict bandwidth [MBytes/s] |     372.0177 |
| L3 evict data volume [GBytes] | 1.318400e-05 |
|    L3 bandwidth [MBytes/s]    |    2746.7912 |
|    L3 data volume [GBytes]    |       0.0001 |
+-------------------------------+--------------+

Region Generation, Group 1: L3
+-------------------+----------+
|    Region Info    |  Core 0  |
+-------------------+----------+
| RDTSC Runtime [s] | 1.169902 |
|     call count    |  6000000 |
+-------------------+----------+

+-----------------------+---------+-------------+
|         Event         | Counter |    Core 0   |
+-----------------------+---------+-------------+
|   INSTR_RETIRED_ANY   |  FIXC0  | 21913490000 |
| CPU_CLK_UNHALTED_CORE |  FIXC1  | 51527550000 |
|  CPU_CLK_UNHALTED_REF |  FIXC2  | 49351630000 |
|    L2_LINES_IN_ALL    |   PMC0  |   839324200 |
|     L2_TRANS_L2_WB    |   PMC1  |   168940300 |
+-----------------------+---------+-------------+

+-------------------------------+------------+
|             Metric            |   Core 0   |
+-------------------------------+------------+
|      Runtime (RDTSC) [s]      |     1.1699 |
|      Runtime unhalted [s]     |    19.8841 |
|          Clock [MHz]          |  2705.6463 |
|              CPI              |     2.3514 |
|  L3 load bandwidth [MBytes/s] | 45915.5970 |
|  L3 load data volume [GBytes] |    53.7167 |
| L3 evict bandwidth [MBytes/s] |  9241.9529 |
| L3 evict data volume [GBytes] |    10.8122 |
|    L3 bandwidth [MBytes/s]    | 55157.5499 |
|    L3 data volume [GBytes]    |    64.5289 |
+-------------------------------+------------+

Region Core, Group 1: L3
+-------------------+----------+
|    Region Info    |  Core 0  |
+-------------------+----------+
| RDTSC Runtime [s] | 0.034549 |
|     call count    |        1 |
+-------------------+----------+

+-----------------------+---------+-----------+
|         Event         | Counter |   Core 0  |
+-----------------------+---------+-----------+
|   INSTR_RETIRED_ANY   |  FIXC0  | 201365500 |
| CPU_CLK_UNHALTED_CORE |  FIXC1  |  85239330 |
|  CPU_CLK_UNHALTED_REF |  FIXC2  |  88581710 |
|    L2_LINES_IN_ALL    |   PMC0  |     33710 |
|     L2_TRANS_L2_WB    |   PMC1  |     19866 |
+-----------------------+---------+-----------+

+-------------------------------+-----------+
|             Metric            |   Core 0  |
+-------------------------------+-----------+
|      Runtime (RDTSC) [s]      |    0.0345 |
|      Runtime unhalted [s]     |    0.0329 |
|          Clock [MHz]          | 2493.6127 |
|              CPI              |    0.4233 |
|  L3 load bandwidth [MBytes/s] |   62.4466 |
|  L3 load data volume [GBytes] |    0.0022 |
| L3 evict bandwidth [MBytes/s] |   36.8011 |
| L3 evict data volume [GBytes] |    0.0013 |
|    L3 bandwidth [MBytes/s]    |   99.2477 |
|    L3 data volume [GBytes]    |    0.0034 |
+-------------------------------+-----------+

--------------------------------------------------------------------------------
CPU name:	Intel(R) Core(TM) i7-6500U CPU @ 2.50GHz
CPU type:	Intel Skylake processor
CPU clock:	2.59 GHz
--------------------------------------------------------------------------------
Bloom Join
-----------------
131072 Buckets 3 Hash Functions
Initialization: 0 ms 
Bloom Filter Generation: 259163 ms 
Join Core: 29 ms 
361 linhas
259195 ms 

--------------------------------------------------------------------------------
Region Initialization, Group 1: L3
+-------------------+----------+
|    Region Info    |  Core 0  |
+-------------------+----------+
| RDTSC Runtime [s] | 0.000034 |
|     call count    |        1 |
+-------------------+----------+

+-----------------------+---------+--------+
|         Event         | Counter | Core 0 |
+-----------------------+---------+--------+
|   INSTR_RETIRED_ANY   |  FIXC0  |  33409 |
| CPU_CLK_UNHALTED_CORE |  FIXC1  |  34463 |
|  CPU_CLK_UNHALTED_REF |  FIXC2  | 111888 |
|    L2_LINES_IN_ALL    |   PMC0  |    554 |
|     L2_TRANS_L2_WB    |   PMC1  |     64 |
+-----------------------+---------+--------+

+-------------------------------+--------------+
|             Metric            |    Core 0    |
+-------------------------------+--------------+
|      Runtime (RDTSC) [s]      | 3.392376e-05 |
|      Runtime unhalted [s]     | 1.329594e-05 |
|          Clock [MHz]          |     798.3690 |
|              CPI              |       1.0315 |
|  L3 load bandwidth [MBytes/s] |    1045.1672 |
|  L3 load data volume [GBytes] | 3.545600e-05 |
| L3 evict bandwidth [MBytes/s] |     120.7413 |
| L3 evict data volume [GBytes] | 4.096000e-06 |
|    L3 bandwidth [MBytes/s]    |    1165.9085 |
|    L3 data volume [GBytes]    | 3.955200e-05 |
+-------------------------------+--------------+

Region Generation, Group 1: L3
+-------------------+----------+
|    Region Info    |  Core 0  |
+-------------------+----------+
| RDTSC Runtime [s] | 1.146058 |
|     call count    |  6000000 |
+-------------------+----------+

+-----------------------+---------+-------------+
|         Event         | Counter |    Core 0   |
+-----------------------+---------+-------------+
|   INSTR_RETIRED_ANY   |  FIXC0  | 21914480000 |
| CPU_CLK_UNHALTED_CORE |  FIXC1  | 53113220000 |
|  CPU_CLK_UNHALTED_REF |  FIXC2  | 44753790000 |
|    L2_LINES_IN_ALL    |   PMC0  |   817144200 |
|     L2_TRANS_L2_WB    |   PMC1  |   144696000 |
+-----------------------+---------+-------------+

+-------------------------------+------------+
|             Metric            |   Core 0   |
+-------------------------------+------------+
|      Runtime (RDTSC) [s]      |     1.1461 |
|      Runtime unhalted [s]     |    20.4913 |
|          Clock [MHz]          |  3076.1458 |
|              CPI              |     2.4237 |
|  L3 load bandwidth [MBytes/s] | 45632.2706 |
|  L3 load data volume [GBytes] |    52.2972 |
| L3 evict bandwidth [MBytes/s] |  8080.3450 |
| L3 evict data volume [GBytes] |     9.2605 |
|    L3 bandwidth [MBytes/s]    | 53712.6156 |
|    L3 data volume [GBytes]    |    61.5578 |
+-------------------------------+------------+

Region Core, Group 1: L3
+-------------------+----------+
|    Region Info    |  Core 0  |
+-------------------+----------+
| RDTSC Runtime [s] | 0.029418 |
|     call count    |        1 |
+-------------------+----------+

+-----------------------+---------+-----------+
|         Event         | Counter |   Core 0  |
+-----------------------+---------+-----------+
|   INSTR_RETIRED_ANY   |  FIXC0  | 201365500 |
| CPU_CLK_UNHALTED_CORE |  FIXC1  |  86892340 |
|  CPU_CLK_UNHALTED_REF |  FIXC2  |  73047640 |
|    L2_LINES_IN_ALL    |   PMC0  |     36833 |
|     L2_TRANS_L2_WB    |   PMC1  |     20116 |
+-----------------------+---------+-----------+

+-------------------------------+-----------+
|             Metric            |   Core 0  |
+-------------------------------+-----------+
|      Runtime (RDTSC) [s]      |    0.0294 |
|      Runtime unhalted [s]     |    0.0335 |
|          Clock [MHz]          | 3083.2547 |
|              CPI              |    0.4315 |
|  L3 load bandwidth [MBytes/s] |   80.1322 |
|  L3 load data volume [GBytes] |    0.0024 |
| L3 evict bandwidth [MBytes/s] |   43.7634 |
| L3 evict data volume [GBytes] |    0.0013 |
|    L3 bandwidth [MBytes/s]    |  123.8956 |
|    L3 data volume [GBytes]    |    0.0036 |
+-------------------------------+-----------+

--------------------------------------------------------------------------------
CPU name:	Intel(R) Core(TM) i7-6500U CPU @ 2.50GHz
CPU type:	Intel Skylake processor
CPU clock:	2.59 GHz
--------------------------------------------------------------------------------
Bloom Join
-----------------
131072 Buckets 3 Hash Functions
Initialization: 0 ms 
Bloom Filter Generation: 323605 ms 
Join Core: 35 ms 
361 linhas
323642 ms 

--------------------------------------------------------------------------------
Region Initialization, Group 1: L3
+-------------------+----------+
|    Region Info    |  Core 0  |
+-------------------+----------+
| RDTSC Runtime [s] | 0.000035 |
|     call count    |        1 |
+-------------------+----------+

+-----------------------+---------+--------+
|         Event         | Counter | Core 0 |
+-----------------------+---------+--------+
|   INSTR_RETIRED_ANY   |  FIXC0  |  33409 |
| CPU_CLK_UNHALTED_CORE |  FIXC1  |  33975 |
|  CPU_CLK_UNHALTED_REF |  FIXC2  |  67392 |
|    L2_LINES_IN_ALL    |   PMC0  |    624 |
|     L2_TRANS_L2_WB    |   PMC1  |    104 |
+-----------------------+---------+--------+

+-------------------------------+--------------+
|             Metric            |    Core 0    |
+-------------------------------+--------------+
|      Runtime (RDTSC) [s]      | 3.496470e-05 |
|      Runtime unhalted [s]     | 1.310768e-05 |
|          Clock [MHz]          |    1306.7268 |
|              CPI              |       1.0169 |
|  L3 load bandwidth [MBytes/s] |    1142.1805 |
|  L3 load data volume [GBytes] | 3.993600e-05 |
| L3 evict bandwidth [MBytes/s] |     190.3634 |
| L3 evict data volume [GBytes] | 6.656000e-06 |
|    L3 bandwidth [MBytes/s]    |    1332.5440 |
|    L3 data volume [GBytes]    | 4.659200e-05 |
+-------------------------------+--------------+

Region Generation, Group 1: L3
+-------------------+----------+
|    Region Info    |  Core 0  |
+-------------------+----------+
| RDTSC Runtime [s] | 1.320275 |
|     call count    |  6000000 |
+-------------------+----------+

+-----------------------+---------+-------------+
|         Event         | Counter |    Core 0   |
+-----------------------+---------+-------------+
|   INSTR_RETIRED_ANY   |  FIXC0  | 21913510000 |
| CPU_CLK_UNHALTED_CORE |  FIXC1  | 53157660000 |
|  CPU_CLK_UNHALTED_REF |  FIXC2  | 55244220000 |
|    L2_LINES_IN_ALL    |   PMC0  |   803214800 |
|     L2_TRANS_L2_WB    |   PMC1  |   184029100 |
+-----------------------+---------+-------------+

+-------------------------------+------------+
|             Metric            |   Core 0   |
+-------------------------------+------------+
|      Runtime (RDTSC) [s]      |     1.3203 |
|      Runtime unhalted [s]     |    20.5084 |
|          Clock [MHz]          |  2494.0932 |
|              CPI              |     2.4258 |
|  L3 load bandwidth [MBytes/s] | 38935.6363 |
|  L3 load data volume [GBytes] |    51.4057 |
| L3 evict bandwidth [MBytes/s] |  8920.7645 |
| L3 evict data volume [GBytes] |    11.7779 |
|    L3 bandwidth [MBytes/s]    | 47856.4008 |
|    L3 data volume [GBytes]    |    63.1836 |
+-------------------------------+------------+

Region Core, Group 1: L3
+-------------------+----------+
|    Region Info    |  Core 0  |
+-------------------+----------+
| RDTSC Runtime [s] | 0.034757 |
|     call count    |        1 |
+-------------------+----------+

+-----------------------+---------+-----------+
|         Event         | Counter |   Core 0  |
+-----------------------+---------+-----------+
|   INSTR_RETIRED_ANY   |  FIXC0  | 201365500 |
| CPU_CLK_UNHALTED_CORE |  FIXC1  |  85534770 |
|  CPU_CLK_UNHALTED_REF |  FIXC2  |  88888970 |
|    L2_LINES_IN_ALL    |   PMC0  |     35104 |
|     L2_TRANS_L2_WB    |   PMC1  |     16610 |
+-----------------------+---------+-----------+

+-------------------------------+-----------+
|             Metric            |   Core 0  |
+-------------------------------+-----------+
|      Runtime (RDTSC) [s]      |    0.0348 |
|      Runtime unhalted [s]     |    0.0330 |
|          Clock [MHz]          | 2494.1840 |
|              CPI              |    0.4248 |
|  L3 load bandwidth [MBytes/s] |   64.6395 |
|  L3 load data volume [GBytes] |    0.0022 |
| L3 evict bandwidth [MBytes/s] |   30.5852 |
| L3 evict data volume [GBytes] |    0.0011 |
|    L3 bandwidth [MBytes/s]    |   95.2247 |
|    L3 data volume [GBytes]    |    0.0033 |
+-------------------------------+-----------+

--------------------------------------------------------------------------------
CPU name:	Intel(R) Core(TM) i7-6500U CPU @ 2.50GHz
CPU type:	Intel Skylake processor
CPU clock:	2.59 GHz
--------------------------------------------------------------------------------
Bloom Join
-----------------
131072 Buckets 3 Hash Functions
Initialization: 0 ms 
Bloom Filter Generation: 307197 ms 
Join Core: 34 ms 
361 linhas
307233 ms 

--------------------------------------------------------------------------------
Region Initialization, Group 1: L3
+-------------------+----------+
|    Region Info    |  Core 0  |
+-------------------+----------+
| RDTSC Runtime [s] | 0.000013 |
|     call count    |        1 |
+-------------------+----------+

+-----------------------+---------+--------+
|         Event         | Counter | Core 0 |
+-----------------------+---------+--------+
|   INSTR_RETIRED_ANY   |  FIXC0  |  33409 |
| CPU_CLK_UNHALTED_CORE |  FIXC1  |  31117 |
|  CPU_CLK_UNHALTED_REF |  FIXC2  |  40608 |
|    L2_LINES_IN_ALL    |   PMC0  |    536 |
|     L2_TRANS_L2_WB    |   PMC1  |     43 |
+-----------------------+---------+--------+

+-------------------------------+--------------+
|             Metric            |    Core 0    |
+-------------------------------+--------------+
|      Runtime (RDTSC) [s]      | 1.253344e-05 |
|      Runtime unhalted [s]     | 1.200589e-05 |
|          Clock [MHz]          |    1986.0461 |
|              CPI              |       0.9314 |
|  L3 load bandwidth [MBytes/s] |    2736.9980 |
|  L3 load data volume [GBytes] | 3.430400e-05 |
| L3 evict bandwidth [MBytes/s] |     219.5726 |
| L3 evict data volume [GBytes] | 2.752000e-06 |
|    L3 bandwidth [MBytes/s]    |    2956.5706 |
|    L3 data volume [GBytes]    | 3.705600e-05 |
+-------------------------------+--------------+

Region Generation, Group 1: L3
+-------------------+----------+
|    Region Info    |  Core 0  |
+-------------------+----------+
| RDTSC Runtime [s] | 1.214357 |
|     call count    |  6000000 |
+-------------------+----------+

+-----------------------+---------+-------------+
|         Event         | Counter |    Core 0   |
+-----------------------+---------+-------------+
|   INSTR_RETIRED_ANY   |  FIXC0  | 21913490000 |
| CPU_CLK_UNHALTED_CORE |  FIXC1  | 52598690000 |
|  CPU_CLK_UNHALTED_REF |  FIXC2  | 54663690000 |
|    L2_LINES_IN_ALL    |   PMC0  |   898883800 |
|     L2_TRANS_L2_WB    |   PMC1  |   149598200 |
+-----------------------+---------+-------------+

+-------------------------------+------------+
|             Metric            |   Core 0   |
+-------------------------------+------------+
|      Runtime (RDTSC) [s]      |     1.2144 |
|      Runtime unhalted [s]     |    20.2942 |
|          Clock [MHz]          |  2493.9009 |
|              CPI              |     2.4003 |
|  L3 load bandwidth [MBytes/s] | 47373.6827 |
|  L3 load data volume [GBytes] |    57.5286 |
| L3 evict bandwidth [MBytes/s] |  7884.2423 |
| L3 evict data volume [GBytes] |     9.5743 |
|    L3 bandwidth [MBytes/s]    | 55257.9250 |
|    L3 data volume [GBytes]    |    67.1028 |
+-------------------------------+------------+

Region Core, Group 1: L3
+-------------------+----------+
|    Region Info    |  Core 0  |
+-------------------+----------+
| RDTSC Runtime [s] | 0.034366 |
|     call count    |        1 |
+-------------------+----------+

+-----------------------+---------+-----------+
|         Event         | Counter |   Core 0  |
+-----------------------+---------+-----------+
|   INSTR_RETIRED_ANY   |  FIXC0  | 201365500 |
| CPU_CLK_UNHALTED_CORE |  FIXC1  |  85134950 |
|  CPU_CLK_UNHALTED_REF |  FIXC2  |  88473710 |
|    L2_LINES_IN_ALL    |   PMC0  |     33079 |
|     L2_TRANS_L2_WB    |   PMC1  |     20200 |
+-----------------------+---------+-----------+

+-------------------------------+-----------+
|             Metric            |   Core 0  |
+-------------------------------+-----------+
|      Runtime (RDTSC) [s]      |    0.0344 |
|      Runtime unhalted [s]     |    0.0328 |
|          Clock [MHz]          | 2494.0023 |
|              CPI              |    0.4228 |
|  L3 load bandwidth [MBytes/s] |   61.6037 |
|  L3 load data volume [GBytes] |    0.0021 |
| L3 evict bandwidth [MBytes/s] |   37.6189 |
| L3 evict data volume [GBytes] |    0.0013 |
|    L3 bandwidth [MBytes/s]    |   99.2226 |
|    L3 data volume [GBytes]    |    0.0034 |
+-------------------------------+-----------+

--------------------------------------------------------------------------------
CPU name:	Intel(R) Core(TM) i7-6500U CPU @ 2.50GHz
CPU type:	Intel Skylake processor
CPU clock:	2.59 GHz
--------------------------------------------------------------------------------
Bloom Join
-----------------
131072 Buckets 3 Hash Functions
Initialization: 0 ms 
Bloom Filter Generation: 377494 ms 
Join Core: 35 ms 
361 linhas
377531 ms 

--------------------------------------------------------------------------------
Region Initialization, Group 1: TLB_DATA
+-------------------+----------+
|    Region Info    |  Core 0  |
+-------------------+----------+
| RDTSC Runtime [s] | 0.000030 |
|     call count    |        1 |
+-------------------+----------+

+---------------------------------+---------+--------+
|              Event              | Counter | Core 0 |
+---------------------------------+---------+--------+
|        INSTR_RETIRED_ANY        |  FIXC0  |  33595 |
|      CPU_CLK_UNHALTED_CORE      |  FIXC1  |  29772 |
|       CPU_CLK_UNHALTED_REF      |  FIXC2  |  96660 |
|  DTLB_LOAD_MISSES_CAUSES_A_WALK |   PMC0  |     78 |
| DTLB_STORE_MISSES_CAUSES_A_WALK |   PMC1  |     21 |
|   DTLB_LOAD_MISSES_WALK_ACTIVE  |   PMC2  |   2244 |
|  DTLB_STORE_MISSES_WALK_ACTIVE  |   PMC3  |    591 |
+---------------------------------+---------+--------+

+-----------------------------------+--------------+
|               Metric              |    Core 0    |
+-----------------------------------+--------------+
|        Runtime (RDTSC) [s]        | 2.963983e-05 |
|        Runtime unhalted [s]       | 1.148615e-05 |
|            Clock [MHz]            |     798.3525 |
|                CPI                |       0.8862 |
|        L1 DTLB load misses        |           78 |
|       L1 DTLB load miss rate      |       0.0023 |
|  L1 DTLB load miss duration [Cyc] |      28.7692 |
|        L1 DTLB store misses       |           21 |
|      L1 DTLB store miss rate      |       0.0006 |
| L1 DTLB store miss duration [Cyc] |      28.1429 |
+-----------------------------------+--------------+

Region Generation, Group 1: TLB_DATA
+-------------------+----------+
|    Region Info    |  Core 0  |
+-------------------+----------+
| RDTSC Runtime [s] | 1.173707 |
|     call count    |  6000000 |
+-------------------+----------+

+---------------------------------+---------+-------------+
|              Event              | Counter |    Core 0   |
+---------------------------------+---------+-------------+
|        INSTR_RETIRED_ANY        |  FIXC0  | 23029710000 |
|      CPU_CLK_UNHALTED_CORE      |  FIXC1  | 52457580000 |
|       CPU_CLK_UNHALTED_REF      |  FIXC2  | 53478040000 |
|  DTLB_LOAD_MISSES_CAUSES_A_WALK |   PMC0  |   366411000 |
| DTLB_STORE_MISSES_CAUSES_A_WALK |   PMC1  |    40313000 |
|   DTLB_LOAD_MISSES_WALK_ACTIVE  |   PMC2  | 10702960000 |
|  DTLB_STORE_MISSES_WALK_ACTIVE  |   PMC3  |  1022264000 |
+---------------------------------+---------+-------------+

+-----------------------------------+-----------+
|               Metric              |   Core 0  |
+-----------------------------------+-----------+
|        Runtime (RDTSC) [s]        |    1.1737 |
|        Runtime unhalted [s]       |   20.2383 |
|            Clock [MHz]            | 2542.5309 |
|                CPI                |    2.2778 |
|        L1 DTLB load misses        | 366411000 |
|       L1 DTLB load miss rate      |    0.0159 |
|  L1 DTLB load miss duration [Cyc] |   29.2103 |
|        L1 DTLB store misses       |  40313000 |
|      L1 DTLB store miss rate      |    0.0018 |
| L1 DTLB store miss duration [Cyc] |   25.3582 |
+-----------------------------------+-----------+

Region Core, Group 1: TLB_DATA
+-------------------+----------+
|    Region Info    |  Core 0  |
+-------------------+----------+
| RDTSC Runtime [s] | 0.034605 |
|     call count    |        1 |
+-------------------+----------+

+---------------------------------+---------+-----------+
|              Event              | Counter |   Core 0  |
+---------------------------------+---------+-----------+
|        INSTR_RETIRED_ANY        |  FIXC0  | 201365600 |
|      CPU_CLK_UNHALTED_CORE      |  FIXC1  |  85438570 |
|       CPU_CLK_UNHALTED_REF      |  FIXC2  |  88789390 |
|  DTLB_LOAD_MISSES_CAUSES_A_WALK |   PMC0  |       254 |
| DTLB_STORE_MISSES_CAUSES_A_WALK |   PMC1  |        12 |
|   DTLB_LOAD_MISSES_WALK_ACTIVE  |   PMC2  |      8687 |
|  DTLB_STORE_MISSES_WALK_ACTIVE  |   PMC3  |       564 |
+---------------------------------+---------+-----------+

+-----------------------------------+--------------+
|               Metric              |    Core 0    |
+-----------------------------------+--------------+
|        Runtime (RDTSC) [s]        |       0.0346 |
|        Runtime unhalted [s]       |       0.0330 |
|            Clock [MHz]            |    2494.1718 |
|                CPI                |       0.4243 |
|        L1 DTLB load misses        |          254 |
|       L1 DTLB load miss rate      | 1.261387e-06 |
|  L1 DTLB load miss duration [Cyc] |      34.2008 |
|        L1 DTLB store misses       |           12 |
|      L1 DTLB store miss rate      | 5.959310e-08 |
| L1 DTLB store miss duration [Cyc] |           47 |
+-----------------------------------+--------------+

