--------------------------------------------------------------------------------
CPU name:	Intel(R) Core(TM) i7-6500U CPU @ 2.50GHz
CPU type:	Intel Skylake processor
CPU clock:	2.59 GHz
--------------------------------------------------------------------------------
Bloom Join
-----------------
262144 Buckets 0 Hash Functions
Initialization: 0 ms 
Bloom Filter Generation: 83464 ms 
Join Core: 17 ms 
8944 linhas
83483 ms 

--------------------------------------------------------------------------------
Region Initialization, Group 1: L2
+-------------------+----------+
|    Region Info    |  Core 0  |
+-------------------+----------+
| RDTSC Runtime [s] | 0.000062 |
|     call count    |        1 |
+-------------------+----------+

+-----------------------+---------+--------+
|         Event         | Counter | Core 0 |
+-----------------------+---------+--------+
|   INSTR_RETIRED_ANY   |  FIXC0  |  62178 |
| CPU_CLK_UNHALTED_CORE |  FIXC1  |  50836 |
|  CPU_CLK_UNHALTED_REF |  FIXC2  | 165240 |
|    L1D_REPLACEMENT    |   PMC0  |    470 |
|      L1D_M_EVICT      |   PMC1  |    275 |
| ICACHE_64B_IFTAG_MISS |   PMC2  |    611 |
+-----------------------+---------+--------+

+--------------------------------+--------------+
|             Metric             |    Core 0    |
+--------------------------------+--------------+
|       Runtime (RDTSC) [s]      |       0.0001 |
|      Runtime unhalted [s]      | 1.961272e-05 |
|           Clock [MHz]          |     797.4247 |
|               CPI              |       0.8176 |
|  L2D load bandwidth [MBytes/s] |     483.2917 |
|  L2D load data volume [GBytes] | 3.008000e-05 |
| L2D evict bandwidth [MBytes/s] |     282.7771 |
| L2D evict data volume [GBytes] | 1.760000e-05 |
|     L2 bandwidth [MBytes/s]    |    1394.3481 |
|     L2 data volume [GBytes]    |       0.0001 |
+--------------------------------+--------------+

Region Generation, Group 1: L2
+-------------------+----------+
|    Region Info    |  Core 0  |
+-------------------+----------+
| RDTSC Runtime [s] | 0.263394 |
|     call count    |  1500000 |
+-------------------+----------+

+-----------------------+---------+-------------+
|         Event         | Counter |    Core 0   |
+-----------------------+---------+-------------+
|   INSTR_RETIRED_ANY   |  FIXC0  |  5539447000 |
| CPU_CLK_UNHALTED_CORE |  FIXC1  | 12804160000 |
|  CPU_CLK_UNHALTED_REF |  FIXC2  | 13307580000 |
|    L1D_REPLACEMENT    |   PMC0  |   308044600 |
|      L1D_M_EVICT      |   PMC1  |    90088580 |
| ICACHE_64B_IFTAG_MISS |   PMC2  |   567934800 |
+-----------------------+---------+-------------+

+--------------------------------+-------------+
|             Metric             |    Core 0   |
+--------------------------------+-------------+
|       Runtime (RDTSC) [s]      |      0.2634 |
|      Runtime unhalted [s]      |      4.9399 |
|           Clock [MHz]          |   2493.9371 |
|               CPI              |      2.3115 |
|  L2D load bandwidth [MBytes/s] |  74849.1498 |
|  L2D load data volume [GBytes] |     19.7149 |
| L2D evict bandwidth [MBytes/s] |  21889.8615 |
| L2D evict data volume [GBytes] |      5.7657 |
|     L2 bandwidth [MBytes/s]    | 234736.6810 |
|     L2 data volume [GBytes]    |     61.8284 |
+--------------------------------+-------------+

Region Core, Group 1: L2
+-------------------+----------+
|    Region Info    |  Core 0  |
+-------------------+----------+
| RDTSC Runtime [s] | 0.017548 |
|     call count    |        1 |
+-------------------+----------+

+-----------------------+---------+-----------+
|         Event         | Counter |   Core 0  |
+-----------------------+---------+-----------+
|   INSTR_RETIRED_ANY   |  FIXC0  | 116762300 |
| CPU_CLK_UNHALTED_CORE |  FIXC1  |  43294620 |
|  CPU_CLK_UNHALTED_REF |  FIXC2  |  44992040 |
|    L1D_REPLACEMENT    |   PMC0  |     83661 |
|      L1D_M_EVICT      |   PMC1  |      1362 |
| ICACHE_64B_IFTAG_MISS |   PMC2  |       847 |
+-----------------------+---------+-----------+

+--------------------------------+-----------+
|             Metric             |   Core 0  |
+--------------------------------+-----------+
|       Runtime (RDTSC) [s]      |    0.0175 |
|      Runtime unhalted [s]      |    0.0167 |
|           Clock [MHz]          | 2494.2026 |
|               CPI              |    0.3708 |
|  L2D load bandwidth [MBytes/s] |  305.1185 |
|  L2D load data volume [GBytes] |    0.0054 |
| L2D evict bandwidth [MBytes/s] |    4.9673 |
| L2D evict data volume [GBytes] |    0.0001 |
|     L2 bandwidth [MBytes/s]    |  313.1749 |
|     L2 data volume [GBytes]    |    0.0055 |
+--------------------------------+-----------+

--------------------------------------------------------------------------------
CPU name:	Intel(R) Core(TM) i7-6500U CPU @ 2.50GHz
CPU type:	Intel Skylake processor
CPU clock:	2.59 GHz
--------------------------------------------------------------------------------
Bloom Join
-----------------
262144 Buckets 0 Hash Functions
Initialization: 0 ms 
Bloom Filter Generation: 83868 ms 
Join Core: 17 ms 
8944 linhas
83887 ms 

--------------------------------------------------------------------------------
Region Initialization, Group 1: L2
+-------------------+----------+
|    Region Info    |  Core 0  |
+-------------------+----------+
| RDTSC Runtime [s] | 0.000020 |
|     call count    |        1 |
+-------------------+----------+

+-----------------------+---------+--------+
|         Event         | Counter | Core 0 |
+-----------------------+---------+--------+
|   INSTR_RETIRED_ANY   |  FIXC0  |  62178 |
| CPU_CLK_UNHALTED_CORE |  FIXC1  |  50470 |
|  CPU_CLK_UNHALTED_REF |  FIXC2  |  52488 |
|    L1D_REPLACEMENT    |   PMC0  |    486 |
|      L1D_M_EVICT      |   PMC1  |    265 |
| ICACHE_64B_IFTAG_MISS |   PMC2  |    643 |
+-----------------------+---------+--------+

+--------------------------------+--------------+
|             Metric             |    Core 0    |
+--------------------------------+--------------+
|       Runtime (RDTSC) [s]      | 2.004971e-05 |
|      Runtime unhalted [s]      | 1.947155e-05 |
|           Clock [MHz]          |    2492.3335 |
|               CPI              |       0.8117 |
|  L2D load bandwidth [MBytes/s] |    1551.3441 |
|  L2D load data volume [GBytes] | 3.110400e-05 |
| L2D evict bandwidth [MBytes/s] |     845.8975 |
| L2D evict data volume [GBytes] | 1.696000e-05 |
|     L2 bandwidth [MBytes/s]    |    4449.7402 |
|     L2 data volume [GBytes]    |       0.0001 |
+--------------------------------+--------------+

Region Generation, Group 1: L2
+-------------------+----------+
|    Region Info    |  Core 0  |
+-------------------+----------+
| RDTSC Runtime [s] | 0.294239 |
|     call count    |  1500000 |
+-------------------+----------+

+-----------------------+---------+-------------+
|         Event         | Counter |    Core 0   |
+-----------------------+---------+-------------+
|   INSTR_RETIRED_ANY   |  FIXC0  |  5539447000 |
| CPU_CLK_UNHALTED_CORE |  FIXC1  | 12808200000 |
|  CPU_CLK_UNHALTED_REF |  FIXC2  | 13310990000 |
|    L1D_REPLACEMENT    |   PMC0  |   294982200 |
|      L1D_M_EVICT      |   PMC1  |    91707060 |
| ICACHE_64B_IFTAG_MISS |   PMC2  |   588727200 |
+-----------------------+---------+-------------+

+--------------------------------+-------------+
|             Metric             |    Core 0   |
+--------------------------------+-------------+
|       Runtime (RDTSC) [s]      |      0.2942 |
|      Runtime unhalted [s]      |      4.9415 |
|           Clock [MHz]          |   2494.0813 |
|               CPI              |      2.3122 |
|  L2D load bandwidth [MBytes/s] |  64161.5882 |
|  L2D load data volume [GBytes] |     18.8789 |
| L2D evict bandwidth [MBytes/s] |  19947.2057 |
| L2D evict data volume [GBytes] |      5.8693 |
|     L2 bandwidth [MBytes/s]    | 212162.8669 |
|     L2 data volume [GBytes]    |     62.4267 |
+--------------------------------+-------------+

Region Core, Group 1: L2
+-------------------+----------+
|    Region Info    |  Core 0  |
+-------------------+----------+
| RDTSC Runtime [s] | 0.017505 |
|     call count    |        1 |
+-------------------+----------+

+-----------------------+---------+-----------+
|         Event         | Counter |   Core 0  |
+-----------------------+---------+-----------+
|   INSTR_RETIRED_ANY   |  FIXC0  | 116762300 |
| CPU_CLK_UNHALTED_CORE |  FIXC1  |  43425180 |
|  CPU_CLK_UNHALTED_REF |  FIXC2  |  45128020 |
|    L1D_REPLACEMENT    |   PMC0  |     84644 |
|      L1D_M_EVICT      |   PMC1  |      1393 |
| ICACHE_64B_IFTAG_MISS |   PMC2  |       904 |
+-----------------------+---------+-----------+

+--------------------------------+-----------+
|             Metric             |   Core 0  |
+--------------------------------+-----------+
|       Runtime (RDTSC) [s]      |    0.0175 |
|      Runtime unhalted [s]      |    0.0168 |
|           Clock [MHz]          | 2494.1824 |
|               CPI              |    0.3719 |
|  L2D load bandwidth [MBytes/s] |  309.4687 |
|  L2D load data volume [GBytes] |    0.0054 |
| L2D evict bandwidth [MBytes/s] |    5.0930 |
| L2D evict data volume [GBytes] |    0.0001 |
|     L2 bandwidth [MBytes/s]    |  317.8668 |
|     L2 data volume [GBytes]    |    0.0056 |
+--------------------------------+-----------+

--------------------------------------------------------------------------------
CPU name:	Intel(R) Core(TM) i7-6500U CPU @ 2.50GHz
CPU type:	Intel Skylake processor
CPU clock:	2.59 GHz
--------------------------------------------------------------------------------
Bloom Join
-----------------
262144 Buckets 0 Hash Functions
Initialization: 0 ms 
Bloom Filter Generation: 84468 ms 
Join Core: 18 ms 
8944 linhas
84488 ms 

--------------------------------------------------------------------------------
Region Initialization, Group 1: L2
+-------------------+----------+
|    Region Info    |  Core 0  |
+-------------------+----------+
| RDTSC Runtime [s] | 0.000059 |
|     call count    |        1 |
+-------------------+----------+

+-----------------------+---------+--------+
|         Event         | Counter | Core 0 |
+-----------------------+---------+--------+
|   INSTR_RETIRED_ANY   |  FIXC0  |  62178 |
| CPU_CLK_UNHALTED_CORE |  FIXC1  |  48214 |
|  CPU_CLK_UNHALTED_REF |  FIXC2  | 156708 |
|    L1D_REPLACEMENT    |   PMC0  |    474 |
|      L1D_M_EVICT      |   PMC1  |    264 |
| ICACHE_64B_IFTAG_MISS |   PMC2  |    656 |
+-----------------------+---------+--------+

+--------------------------------+--------------+
|             Metric             |    Core 0    |
+--------------------------------+--------------+
|       Runtime (RDTSC) [s]      |       0.0001 |
|      Runtime unhalted [s]      | 1.860258e-05 |
|           Clock [MHz]          |     797.4106 |
|               CPI              |       0.7754 |
|  L2D load bandwidth [MBytes/s] |     516.1522 |
|  L2D load data volume [GBytes] | 3.033600e-05 |
| L2D evict bandwidth [MBytes/s] |     287.4772 |
| L2D evict data volume [GBytes] | 1.689600e-05 |
|     L2 bandwidth [MBytes/s]    |    1517.9666 |
|     L2 data volume [GBytes]    |       0.0001 |
+--------------------------------+--------------+

Region Generation, Group 1: L2
+-------------------+----------+
|    Region Info    |  Core 0  |
+-------------------+----------+
| RDTSC Runtime [s] | 0.233887 |
|     call count    |  1500000 |
+-------------------+----------+

+-----------------------+---------+-------------+
|         Event         | Counter |    Core 0   |
+-----------------------+---------+-------------+
|   INSTR_RETIRED_ANY   |  FIXC0  |  5539447000 |
| CPU_CLK_UNHALTED_CORE |  FIXC1  | 12853550000 |
|  CPU_CLK_UNHALTED_REF |  FIXC2  | 13359120000 |
|    L1D_REPLACEMENT    |   PMC0  |   278237500 |
|      L1D_M_EVICT      |   PMC1  |    92433960 |
| ICACHE_64B_IFTAG_MISS |   PMC2  |   614795000 |
+-----------------------+---------+-------------+

+--------------------------------+-------------+
|             Metric             |    Core 0   |
+--------------------------------+-------------+
|       Runtime (RDTSC) [s]      |      0.2339 |
|      Runtime unhalted [s]      |      4.9593 |
|           Clock [MHz]          |   2493.7059 |
|               CPI              |      2.3204 |
|  L2D load bandwidth [MBytes/s] |  76135.8467 |
|  L2D load data volume [GBytes] |     17.8072 |
| L2D evict bandwidth [MBytes/s] |  25293.2757 |
| L2D evict data volume [GBytes] |      5.9158 |
|     L2 bandwidth [MBytes/s]    | 269659.2778 |
|     L2 data volume [GBytes]    |     63.0699 |
+--------------------------------+-------------+

Region Core, Group 1: L2
+-------------------+----------+
|    Region Info    |  Core 0  |
+-------------------+----------+
| RDTSC Runtime [s] | 0.017841 |
|     call count    |        1 |
+-------------------+----------+

+-----------------------+---------+-----------+
|         Event         | Counter |   Core 0  |
+-----------------------+---------+-----------+
|   INSTR_RETIRED_ANY   |  FIXC0  | 116762300 |
| CPU_CLK_UNHALTED_CORE |  FIXC1  |  43450090 |
|  CPU_CLK_UNHALTED_REF |  FIXC2  |  45153500 |
|    L1D_REPLACEMENT    |   PMC0  |     85385 |
|      L1D_M_EVICT      |   PMC1  |      1655 |
| ICACHE_64B_IFTAG_MISS |   PMC2  |      1280 |
+-----------------------+---------+-----------+

+--------------------------------+-----------+
|             Metric             |   Core 0  |
+--------------------------------+-----------+
|       Runtime (RDTSC) [s]      |    0.0178 |
|      Runtime unhalted [s]      |    0.0168 |
|           Clock [MHz]          | 2494.0161 |
|               CPI              |    0.3721 |
|  L2D load bandwidth [MBytes/s] |  306.2902 |
|  L2D load data volume [GBytes] |    0.0055 |
| L2D evict bandwidth [MBytes/s] |    5.9368 |
| L2D evict data volume [GBytes] |    0.0001 |
|     L2 bandwidth [MBytes/s]    |  316.8185 |
|     L2 data volume [GBytes]    |    0.0057 |
+--------------------------------+-----------+

--------------------------------------------------------------------------------
CPU name:	Intel(R) Core(TM) i7-6500U CPU @ 2.50GHz
CPU type:	Intel Skylake processor
CPU clock:	2.59 GHz
--------------------------------------------------------------------------------
Bloom Join
-----------------
262144 Buckets 0 Hash Functions
Initialization: 0 ms 
Bloom Filter Generation: 83098 ms 
Join Core: 18 ms 
8944 linhas
83117 ms 

--------------------------------------------------------------------------------
Region Initialization, Group 1: L2
+-------------------+----------+
|    Region Info    |  Core 0  |
+-------------------+----------+
| RDTSC Runtime [s] | 0.000020 |
|     call count    |        1 |
+-------------------+----------+

+-----------------------+---------+--------+
|         Event         | Counter | Core 0 |
+-----------------------+---------+--------+
|   INSTR_RETIRED_ANY   |  FIXC0  |  62178 |
| CPU_CLK_UNHALTED_CORE |  FIXC1  |  49889 |
|  CPU_CLK_UNHALTED_REF |  FIXC2  |  51516 |
|    L1D_REPLACEMENT    |   PMC0  |    489 |
|      L1D_M_EVICT      |   PMC1  |    264 |
| ICACHE_64B_IFTAG_MISS |   PMC2  |    635 |
+-----------------------+---------+--------+

+--------------------------------+--------------+
|             Metric             |    Core 0    |
+--------------------------------+--------------+
|       Runtime (RDTSC) [s]      | 2.012610e-05 |
|      Runtime unhalted [s]      | 1.924734e-05 |
|           Clock [MHz]          |    2510.1337 |
|               CPI              |       0.8024 |
|  L2D load bandwidth [MBytes/s] |    1554.9958 |
|  L2D load data volume [GBytes] | 3.129600e-05 |
| L2D evict bandwidth [MBytes/s] |     839.5069 |
| L2D evict data volume [GBytes] | 1.689600e-05 |
|     L2 bandwidth [MBytes/s]    |    4413.7712 |
|     L2 data volume [GBytes]    |       0.0001 |
+--------------------------------+--------------+

Region Generation, Group 1: L2
+-------------------+----------+
|    Region Info    |  Core 0  |
+-------------------+----------+
| RDTSC Runtime [s] | 0.256665 |
|     call count    |  1500000 |
+-------------------+----------+

+-----------------------+---------+-------------+
|         Event         | Counter |    Core 0   |
+-----------------------+---------+-------------+
|   INSTR_RETIRED_ANY   |  FIXC0  |  5539447000 |
| CPU_CLK_UNHALTED_CORE |  FIXC1  | 12359370000 |
|  CPU_CLK_UNHALTED_REF |  FIXC2  | 12844590000 |
|    L1D_REPLACEMENT    |   PMC0  |   305401600 |
|      L1D_M_EVICT      |   PMC1  |   103129100 |
| ICACHE_64B_IFTAG_MISS |   PMC2  |   545279500 |
+-----------------------+---------+-------------+

+--------------------------------+-------------+
|             Metric             |    Core 0   |
+--------------------------------+-------------+
|       Runtime (RDTSC) [s]      |      0.2567 |
|      Runtime unhalted [s]      |      4.7683 |
|           Clock [MHz]          |   2494.0794 |
|               CPI              |      2.2312 |
|  L2D load bandwidth [MBytes/s] |  76152.7005 |
|  L2D load data volume [GBytes] |     19.5457 |
| L2D evict bandwidth [MBytes/s] |  25715.5151 |
| L2D evict data volume [GBytes] |      6.6003 |
|     L2 bandwidth [MBytes/s]    | 237835.1078 |
|     L2 data volume [GBytes]    |     61.0439 |
+--------------------------------+-------------+

Region Core, Group 1: L2
+-------------------+----------+
|    Region Info    |  Core 0  |
+-------------------+----------+
| RDTSC Runtime [s] | 0.017742 |
|     call count    |        1 |
+-------------------+----------+

+-----------------------+---------+-----------+
|         Event         | Counter |   Core 0  |
+-----------------------+---------+-----------+
|   INSTR_RETIRED_ANY   |  FIXC0  | 116762300 |
| CPU_CLK_UNHALTED_CORE |  FIXC1  |  43473500 |
|  CPU_CLK_UNHALTED_REF |  FIXC2  |  45178560 |
|    L1D_REPLACEMENT    |   PMC0  |     84621 |
|      L1D_M_EVICT      |   PMC1  |      1728 |
| ICACHE_64B_IFTAG_MISS |   PMC2  |      1125 |
+-----------------------+---------+-----------+

+--------------------------------+-----------+
|             Metric             |   Core 0  |
+--------------------------------+-----------+
|       Runtime (RDTSC) [s]      |    0.0177 |
|      Runtime unhalted [s]      |    0.0168 |
|           Clock [MHz]          | 2494.1720 |
|               CPI              |    0.3723 |
|  L2D load bandwidth [MBytes/s] |  305.2516 |
|  L2D load data volume [GBytes] |    0.0054 |
| L2D evict bandwidth [MBytes/s] |    6.2334 |
| L2D evict data volume [GBytes] |    0.0001 |
|     L2 bandwidth [MBytes/s]    |  315.5432 |
|     L2 data volume [GBytes]    |    0.0056 |
+--------------------------------+-----------+

--------------------------------------------------------------------------------
CPU name:	Intel(R) Core(TM) i7-6500U CPU @ 2.50GHz
CPU type:	Intel Skylake processor
CPU clock:	2.59 GHz
--------------------------------------------------------------------------------
Bloom Join
-----------------
262144 Buckets 0 Hash Functions
Initialization: 0 ms 
Bloom Filter Generation: 70612 ms 
Join Core: 14 ms 
8944 linhas
70628 ms 

--------------------------------------------------------------------------------
Region Initialization, Group 1: L2
+-------------------+----------+
|    Region Info    |  Core 0  |
+-------------------+----------+
| RDTSC Runtime [s] | 0.000036 |
|     call count    |        1 |
+-------------------+----------+

+-----------------------+---------+--------+
|         Event         | Counter | Core 0 |
+-----------------------+---------+--------+
|   INSTR_RETIRED_ANY   |  FIXC0  |  62178 |
| CPU_CLK_UNHALTED_CORE |  FIXC1  |  48001 |
|  CPU_CLK_UNHALTED_REF |  FIXC2  |  95688 |
|    L1D_REPLACEMENT    |   PMC0  |    471 |
|      L1D_M_EVICT      |   PMC1  |    259 |
| ICACHE_64B_IFTAG_MISS |   PMC2  |    600 |
+-----------------------+---------+--------+

+--------------------------------+--------------+
|             Metric             |    Core 0    |
+--------------------------------+--------------+
|       Runtime (RDTSC) [s]      | 3.626422e-05 |
|      Runtime unhalted [s]      | 1.851897e-05 |
|           Clock [MHz]          |    1300.2479 |
|               CPI              |       0.7720 |
|  L2D load bandwidth [MBytes/s] |     831.2325 |
|  L2D load data volume [GBytes] | 3.014400e-05 |
| L2D evict bandwidth [MBytes/s] |     457.0897 |
| L2D evict data volume [GBytes] | 1.657600e-05 |
|     L2 bandwidth [MBytes/s]    |    2347.2172 |
|     L2 data volume [GBytes]    |       0.0001 |
+--------------------------------+--------------+

Region Generation, Group 1: L2
+-------------------+----------+
|    Region Info    |  Core 0  |
+-------------------+----------+
| RDTSC Runtime [s] | 0.219439 |
|     call count    |  1500000 |
+-------------------+----------+

+-----------------------+---------+-------------+
|         Event         | Counter |    Core 0   |
+-----------------------+---------+-------------+
|   INSTR_RETIRED_ANY   |  FIXC0  |  5539447000 |
| CPU_CLK_UNHALTED_CORE |  FIXC1  | 13180130000 |
|  CPU_CLK_UNHALTED_REF |  FIXC2  | 11060940000 |
|    L1D_REPLACEMENT    |   PMC0  |   288081800 |
|      L1D_M_EVICT      |   PMC1  |    85186820 |
| ICACHE_64B_IFTAG_MISS |   PMC2  |   556682600 |
+-----------------------+---------+-------------+

+--------------------------------+-------------+
|             Metric             |    Core 0   |
+--------------------------------+-------------+
|       Runtime (RDTSC) [s]      |      0.2194 |
|      Runtime unhalted [s]      |      5.0849 |
|           Clock [MHz]          |   3088.5954 |
|               CPI              |      2.3793 |
|  L2D load bandwidth [MBytes/s] |  84019.8652 |
|  L2D load data volume [GBytes] |     18.4372 |
| L2D evict bandwidth [MBytes/s] |  24844.9751 |
| L2D evict data volume [GBytes] |      5.4520 |
|     L2 bandwidth [MBytes/s]    | 271222.8823 |
|     L2 data volume [GBytes]    |     59.5169 |
+--------------------------------+-------------+

Region Core, Group 1: L2
+-------------------+----------+
|    Region Info    |  Core 0  |
+-------------------+----------+
| RDTSC Runtime [s] | 0.014431 |
|     call count    |        1 |
+-------------------+----------+

+-----------------------+---------+-----------+
|         Event         | Counter |   Core 0  |
+-----------------------+---------+-----------+
|   INSTR_RETIRED_ANY   |  FIXC0  | 116762300 |
| CPU_CLK_UNHALTED_CORE |  FIXC1  |  43518150 |
|  CPU_CLK_UNHALTED_REF |  FIXC2  |  36475600 |
|    L1D_REPLACEMENT    |   PMC0  |     85717 |
|      L1D_M_EVICT      |   PMC1  |      1538 |
| ICACHE_64B_IFTAG_MISS |   PMC2  |      1082 |
+-----------------------+---------+-----------+

+--------------------------------+-----------+
|             Metric             |   Core 0  |
+--------------------------------+-----------+
|       Runtime (RDTSC) [s]      |    0.0144 |
|      Runtime unhalted [s]      |    0.0168 |
|           Clock [MHz]          | 3092.4404 |
|               CPI              |    0.3727 |
|  L2D load bandwidth [MBytes/s] |  380.1492 |
|  L2D load data volume [GBytes] |    0.0055 |
| L2D evict bandwidth [MBytes/s] |    6.8209 |
| L2D evict data volume [GBytes] |    0.0001 |
|     L2 bandwidth [MBytes/s]    |  391.7688 |
|     L2 data volume [GBytes]    |    0.0057 |
+--------------------------------+-----------+

--------------------------------------------------------------------------------
CPU name:	Intel(R) Core(TM) i7-6500U CPU @ 2.50GHz
CPU type:	Intel Skylake processor
CPU clock:	2.59 GHz
--------------------------------------------------------------------------------
Bloom Join
-----------------
262144 Buckets 0 Hash Functions
Initialization: 0 ms 
Bloom Filter Generation: 69287 ms 
Join Core: 15 ms 
8944 linhas
69304 ms 

--------------------------------------------------------------------------------
Region Initialization, Group 1: L2
+-------------------+----------+
|    Region Info    |  Core 0  |
+-------------------+----------+
| RDTSC Runtime [s] | 0.000060 |
|     call count    |        1 |
+-------------------+----------+

+-----------------------+---------+--------+
|         Event         | Counter | Core 0 |
+-----------------------+---------+--------+
|   INSTR_RETIRED_ANY   |  FIXC0  |  62178 |
| CPU_CLK_UNHALTED_CORE |  FIXC1  |  49014 |
|  CPU_CLK_UNHALTED_REF |  FIXC2  | 159192 |
|    L1D_REPLACEMENT    |   PMC0  |    462 |
|      L1D_M_EVICT      |   PMC1  |    264 |
| ICACHE_64B_IFTAG_MISS |   PMC2  |    682 |
+-----------------------+---------+--------+

+--------------------------------+--------------+
|             Metric             |    Core 0    |
+--------------------------------+--------------+
|       Runtime (RDTSC) [s]      |       0.0001 |
|      Runtime unhalted [s]      | 1.890984e-05 |
|           Clock [MHz]          |     798.0521 |
|               CPI              |       0.7883 |
|  L2D load bandwidth [MBytes/s] |     494.1430 |
|  L2D load data volume [GBytes] | 2.956800e-05 |
| L2D evict bandwidth [MBytes/s] |     282.3674 |
| L2D evict data volume [GBytes] | 1.689600e-05 |
|     L2 bandwidth [MBytes/s]    |    1505.9596 |
|     L2 data volume [GBytes]    |       0.0001 |
+--------------------------------+--------------+

Region Generation, Group 1: L2
+-------------------+----------+
|    Region Info    |  Core 0  |
+-------------------+----------+
| RDTSC Runtime [s] | 0.198917 |
|     call count    |  1500000 |
+-------------------+----------+

+-----------------------+---------+-------------+
|         Event         | Counter |    Core 0   |
+-----------------------+---------+-------------+
|   INSTR_RETIRED_ANY   |  FIXC0  |  5539447000 |
| CPU_CLK_UNHALTED_CORE |  FIXC1  | 12938440000 |
|  CPU_CLK_UNHALTED_REF |  FIXC2  | 10913320000 |
|    L1D_REPLACEMENT    |   PMC0  |   302232000 |
|      L1D_M_EVICT      |   PMC1  |    90417010 |
| ICACHE_64B_IFTAG_MISS |   PMC2  |   576195100 |
+-----------------------+---------+-------------+

+--------------------------------+-------------+
|             Metric             |    Core 0   |
+--------------------------------+-------------+
|       Runtime (RDTSC) [s]      |      0.1989 |
|      Runtime unhalted [s]      |      4.9917 |
|           Clock [MHz]          |   3072.9631 |
|               CPI              |      2.3357 |
|  L2D load bandwidth [MBytes/s] |  97240.7012 |
|  L2D load data volume [GBytes] |     19.3428 |
| L2D evict bandwidth [MBytes/s] |  29090.9416 |
| L2D evict data volume [GBytes] |      5.7867 |
|     L2 bandwidth [MBytes/s]    | 311717.7551 |
|     L2 data volume [GBytes]    |     62.0060 |
+--------------------------------+-------------+

Region Core, Group 1: L2
+-------------------+----------+
|    Region Info    |  Core 0  |
+-------------------+----------+
| RDTSC Runtime [s] | 0.014657 |
|     call count    |        1 |
+-------------------+----------+

+-----------------------+---------+-----------+
|         Event         | Counter |   Core 0  |
+-----------------------+---------+-----------+
|   INSTR_RETIRED_ANY   |  FIXC0  | 116762300 |
| CPU_CLK_UNHALTED_CORE |  FIXC1  |  43570660 |
|  CPU_CLK_UNHALTED_REF |  FIXC2  |  36572040 |
|    L1D_REPLACEMENT    |   PMC0  |     85431 |
|      L1D_M_EVICT      |   PMC1  |      1769 |
| ICACHE_64B_IFTAG_MISS |   PMC2  |      1257 |
+-----------------------+---------+-----------+

+--------------------------------+-----------+
|             Metric             |   Core 0  |
+--------------------------------+-----------+
|       Runtime (RDTSC) [s]      |    0.0147 |
|      Runtime unhalted [s]      |    0.0168 |
|           Clock [MHz]          | 3087.9999 |
|               CPI              |    0.3732 |
|  L2D load bandwidth [MBytes/s] |  373.0273 |
|  L2D load data volume [GBytes] |    0.0055 |
| L2D evict bandwidth [MBytes/s] |    7.7242 |
| L2D evict data volume [GBytes] |    0.0001 |
|     L2 bandwidth [MBytes/s]    |  386.2401 |
|     L2 data volume [GBytes]    |    0.0057 |
+--------------------------------+-----------+

--------------------------------------------------------------------------------
CPU name:	Intel(R) Core(TM) i7-6500U CPU @ 2.50GHz
CPU type:	Intel Skylake processor
CPU clock:	2.59 GHz
--------------------------------------------------------------------------------
Bloom Join
-----------------
262144 Buckets 0 Hash Functions
Initialization: 0 ms 
Bloom Filter Generation: 84267 ms 
Join Core: 18 ms 
8944 linhas
84287 ms 

--------------------------------------------------------------------------------
Region Initialization, Group 1: L2
+-------------------+----------+
|    Region Info    |  Core 0  |
+-------------------+----------+
| RDTSC Runtime [s] | 0.000062 |
|     call count    |        1 |
+-------------------+----------+

+-----------------------+---------+--------+
|         Event         | Counter | Core 0 |
+-----------------------+---------+--------+
|   INSTR_RETIRED_ANY   |  FIXC0  |  62178 |
| CPU_CLK_UNHALTED_CORE |  FIXC1  |  50263 |
|  CPU_CLK_UNHALTED_REF |  FIXC2  | 163512 |
|    L1D_REPLACEMENT    |   PMC0  |    472 |
|      L1D_M_EVICT      |   PMC1  |    278 |
| ICACHE_64B_IFTAG_MISS |   PMC2  |    725 |
+-----------------------+---------+--------+

+--------------------------------+--------------+
|             Metric             |    Core 0    |
+--------------------------------+--------------+
|       Runtime (RDTSC) [s]      |       0.0001 |
|      Runtime unhalted [s]      | 1.939172e-05 |
|           Clock [MHz]          |     796.7660 |
|               CPI              |       0.8084 |
|  L2D load bandwidth [MBytes/s] |     486.6622 |
|  L2D load data volume [GBytes] | 3.020800e-05 |
| L2D evict bandwidth [MBytes/s] |     286.6358 |
| L2D evict data volume [GBytes] | 1.779200e-05 |
|     L2 bandwidth [MBytes/s]    |    1520.8194 |
|     L2 data volume [GBytes]    |       0.0001 |
+--------------------------------+--------------+

Region Generation, Group 1: L2
+-------------------+----------+
|    Region Info    |  Core 0  |
+-------------------+----------+
| RDTSC Runtime [s] | 0.282171 |
|     call count    |  1500000 |
+-------------------+----------+

+-----------------------+---------+-------------+
|         Event         | Counter |    Core 0   |
+-----------------------+---------+-------------+
|   INSTR_RETIRED_ANY   |  FIXC0  |  5539447000 |
| CPU_CLK_UNHALTED_CORE |  FIXC1  | 13060980000 |
|  CPU_CLK_UNHALTED_REF |  FIXC2  | 13574530000 |
|    L1D_REPLACEMENT    |   PMC0  |   284633200 |
|      L1D_M_EVICT      |   PMC1  |    90376740 |
| ICACHE_64B_IFTAG_MISS |   PMC2  |   614637100 |
+-----------------------+---------+-------------+

+--------------------------------+-------------+
|             Metric             |    Core 0   |
+--------------------------------+-------------+
|       Runtime (RDTSC) [s]      |      0.2822 |
|      Runtime unhalted [s]      |      5.0390 |
|           Clock [MHz]          |   2493.9225 |
|               CPI              |      2.3578 |
|  L2D load bandwidth [MBytes/s] |  64558.4814 |
|  L2D load data volume [GBytes] |     18.2165 |
| L2D evict bandwidth [MBytes/s] |  20498.6105 |
| L2D evict data volume [GBytes] |      5.7841 |
|     L2 bandwidth [MBytes/s]    | 224464.7147 |
|     L2 data volume [GBytes]    |     63.3374 |
+--------------------------------+-------------+

Region Core, Group 1: L2
+-------------------+----------+
|    Region Info    |  Core 0  |
+-------------------+----------+
| RDTSC Runtime [s] | 0.017810 |
|     call count    |        1 |
+-------------------+----------+

+-----------------------+---------+-----------+
|         Event         | Counter |   Core 0  |
+-----------------------+---------+-----------+
|   INSTR_RETIRED_ANY   |  FIXC0  | 116762300 |
| CPU_CLK_UNHALTED_CORE |  FIXC1  |  43458000 |
|  CPU_CLK_UNHALTED_REF |  FIXC2  |  45162040 |
|    L1D_REPLACEMENT    |   PMC0  |     85204 |
|      L1D_M_EVICT      |   PMC1  |      1644 |
| ICACHE_64B_IFTAG_MISS |   PMC2  |      1049 |
+-----------------------+---------+-----------+

+--------------------------------+-----------+
|             Metric             |   Core 0  |
+--------------------------------+-----------+
|       Runtime (RDTSC) [s]      |    0.0178 |
|      Runtime unhalted [s]      |    0.0168 |
|           Clock [MHz]          | 2494.1822 |
|               CPI              |    0.3722 |
|  L2D load bandwidth [MBytes/s] |  306.1856 |
|  L2D load data volume [GBytes] |    0.0055 |
| L2D evict bandwidth [MBytes/s] |    5.9078 |
| L2D evict data volume [GBytes] |    0.0001 |
|     L2 bandwidth [MBytes/s]    |  315.8631 |
|     L2 data volume [GBytes]    |    0.0056 |
+--------------------------------+-----------+

--------------------------------------------------------------------------------
CPU name:	Intel(R) Core(TM) i7-6500U CPU @ 2.50GHz
CPU type:	Intel Skylake processor
CPU clock:	2.59 GHz
--------------------------------------------------------------------------------
Bloom Join
-----------------
262144 Buckets 0 Hash Functions
Initialization: 0 ms 
Bloom Filter Generation: 75973 ms 
Join Core: 22 ms 
8944 linhas
75998 ms 

--------------------------------------------------------------------------------
Region Initialization, Group 1: L3
+-------------------+----------+
|    Region Info    |  Core 0  |
+-------------------+----------+
| RDTSC Runtime [s] | 0.000057 |
|     call count    |        1 |
+-------------------+----------+

+-----------------------+---------+--------+
|         Event         | Counter | Core 0 |
+-----------------------+---------+--------+
|   INSTR_RETIRED_ANY   |  FIXC0  |  62085 |
| CPU_CLK_UNHALTED_CORE |  FIXC1  |  47382 |
|  CPU_CLK_UNHALTED_REF |  FIXC2  | 154008 |
|    L2_LINES_IN_ALL    |   PMC0  |    714 |
|     L2_TRANS_L2_WB    |   PMC1  |    126 |
+-----------------------+---------+--------+

+-------------------------------+--------------+
|             Metric            |    Core 0    |
+-------------------------------+--------------+
|      Runtime (RDTSC) [s]      |       0.0001 |
|      Runtime unhalted [s]     | 1.828017e-05 |
|          Clock [MHz]          |     797.4495 |
|              CPI              |       0.7632 |
|  L3 load bandwidth [MBytes/s] |     799.8051 |
|  L3 load data volume [GBytes] | 4.569600e-05 |
| L3 evict bandwidth [MBytes/s] |     141.1421 |
| L3 evict data volume [GBytes] | 8.064000e-06 |
|    L3 bandwidth [MBytes/s]    |     940.9472 |
|    L3 data volume [GBytes]    |       0.0001 |
+-------------------------------+--------------+

Region Generation, Group 1: L3
+-------------------+----------+
|    Region Info    |  Core 0  |
+-------------------+----------+
| RDTSC Runtime [s] | 0.289426 |
|     call count    |  1500000 |
+-------------------+----------+

+-----------------------+---------+-------------+
|         Event         | Counter |    Core 0   |
+-----------------------+---------+-------------+
|   INSTR_RETIRED_ANY   |  FIXC0  |  5399947000 |
| CPU_CLK_UNHALTED_CORE |  FIXC1  | 13162440000 |
|  CPU_CLK_UNHALTED_REF |  FIXC2  | 13680080000 |
|    L2_LINES_IN_ALL    |   PMC0  |   240742500 |
|     L2_TRANS_L2_WB    |   PMC1  |    36246400 |
+-----------------------+---------+-------------+

+-------------------------------+------------+
|             Metric            |   Core 0   |
+-------------------------------+------------+
|      Runtime (RDTSC) [s]      |     0.2894 |
|      Runtime unhalted [s]     |     5.0781 |
|          Clock [MHz]          |  2493.9104 |
|              CPI              |     2.4375 |
|  L3 load bandwidth [MBytes/s] | 53234.8026 |
|  L3 load data volume [GBytes] |    15.4075 |
| L3 evict bandwidth [MBytes/s] |  8015.0781 |
| L3 evict data volume [GBytes] |     2.3198 |
|    L3 bandwidth [MBytes/s]    | 61249.8807 |
|    L3 data volume [GBytes]    |    17.7273 |
+-------------------------------+------------+

Region Core, Group 1: L3
+-------------------+----------+
|    Region Info    |  Core 0  |
+-------------------+----------+
| RDTSC Runtime [s] | 0.022932 |
|     call count    |        1 |
+-------------------+----------+

+-----------------------+---------+-----------+
|         Event         | Counter |   Core 0  |
+-----------------------+---------+-----------+
|   INSTR_RETIRED_ANY   |  FIXC0  | 116762200 |
| CPU_CLK_UNHALTED_CORE |  FIXC1  |  55486190 |
|  CPU_CLK_UNHALTED_REF |  FIXC2  |  57661630 |
|    L2_LINES_IN_ALL    |   PMC0  |     97386 |
|     L2_TRANS_L2_WB    |   PMC1  |     27904 |
+-----------------------+---------+-----------+

+-------------------------------+-----------+
|             Metric            |   Core 0  |
+-------------------------------+-----------+
|      Runtime (RDTSC) [s]      |    0.0229 |
|      Runtime unhalted [s]     |    0.0214 |
|          Clock [MHz]          | 2494.1988 |
|              CPI              |    0.4752 |
|  L3 load bandwidth [MBytes/s] |  271.7862 |
|  L3 load data volume [GBytes] |    0.0062 |
| L3 evict bandwidth [MBytes/s] |   77.8749 |
| L3 evict data volume [GBytes] |    0.0018 |
|    L3 bandwidth [MBytes/s]    |  349.6610 |
|    L3 data volume [GBytes]    |    0.0080 |
+-------------------------------+-----------+

--------------------------------------------------------------------------------
CPU name:	Intel(R) Core(TM) i7-6500U CPU @ 2.50GHz
CPU type:	Intel Skylake processor
CPU clock:	2.59 GHz
--------------------------------------------------------------------------------
Bloom Join
-----------------
262144 Buckets 0 Hash Functions
Initialization: 0 ms 
Bloom Filter Generation: 75795 ms 
Join Core: 18 ms 
8944 linhas
75815 ms 

--------------------------------------------------------------------------------
Region Initialization, Group 1: L3
+-------------------+----------+
|    Region Info    |  Core 0  |
+-------------------+----------+
| RDTSC Runtime [s] | 0.000058 |
|     call count    |        1 |
+-------------------+----------+

+-----------------------+---------+--------+
|         Event         | Counter | Core 0 |
+-----------------------+---------+--------+
|   INSTR_RETIRED_ANY   |  FIXC0  |  62085 |
| CPU_CLK_UNHALTED_CORE |  FIXC1  |  48330 |
|  CPU_CLK_UNHALTED_REF |  FIXC2  | 156924 |
|    L2_LINES_IN_ALL    |   PMC0  |    689 |
|     L2_TRANS_L2_WB    |   PMC1  |    102 |
+-----------------------+---------+--------+

+-------------------------------+--------------+
|             Metric            |    Core 0    |
+-------------------------------+--------------+
|      Runtime (RDTSC) [s]      |       0.0001 |
|      Runtime unhalted [s]     | 1.864591e-05 |
|          Clock [MHz]          |     798.2899 |
|              CPI              |       0.7784 |
|  L3 load bandwidth [MBytes/s] |     758.1873 |
|  L3 load data volume [GBytes] | 4.409600e-05 |
| L3 evict bandwidth [MBytes/s] |     112.2425 |
| L3 evict data volume [GBytes] | 6.528000e-06 |
|    L3 bandwidth [MBytes/s]    |     870.4299 |
|    L3 data volume [GBytes]    |       0.0001 |
+-------------------------------+--------------+

Region Generation, Group 1: L3
+-------------------+----------+
|    Region Info    |  Core 0  |
+-------------------+----------+
| RDTSC Runtime [s] | 0.253916 |
|     call count    |  1500000 |
+-------------------+----------+

+-----------------------+---------+-------------+
|         Event         | Counter |    Core 0   |
+-----------------------+---------+-------------+
|   INSTR_RETIRED_ANY   |  FIXC0  |  5399947000 |
| CPU_CLK_UNHALTED_CORE |  FIXC1  | 12476540000 |
|  CPU_CLK_UNHALTED_REF |  FIXC2  | 12966720000 |
|    L2_LINES_IN_ALL    |   PMC0  |   170490500 |
|     L2_TRANS_L2_WB    |   PMC1  |    29727380 |
+-----------------------+---------+-------------+

+-------------------------------+------------+
|             Metric            |   Core 0   |
+-------------------------------+------------+
|      Runtime (RDTSC) [s]      |     0.2539 |
|      Runtime unhalted [s]     |     4.8135 |
|          Clock [MHz]          |  2494.0046 |
|              CPI              |     2.3105 |
|  L3 load bandwidth [MBytes/s] | 42972.5153 |
|  L3 load data volume [GBytes] |    10.9114 |
| L3 evict bandwidth [MBytes/s] |  7492.8532 |
| L3 evict data volume [GBytes] |     1.9026 |
|    L3 bandwidth [MBytes/s]    | 50465.3685 |
|    L3 data volume [GBytes]    |    12.8139 |
+-------------------------------+------------+

Region Core, Group 1: L3
+-------------------+----------+
|    Region Info    |  Core 0  |
+-------------------+----------+
| RDTSC Runtime [s] | 0.017705 |
|     call count    |        1 |
+-------------------+----------+

+-----------------------+---------+-----------+
|         Event         | Counter |   Core 0  |
+-----------------------+---------+-----------+
|   INSTR_RETIRED_ANY   |  FIXC0  | 116762200 |
| CPU_CLK_UNHALTED_CORE |  FIXC1  |  43486530 |
|  CPU_CLK_UNHALTED_REF |  FIXC2  |  45191950 |
|    L2_LINES_IN_ALL    |   PMC0  |     34881 |
|     L2_TRANS_L2_WB    |   PMC1  |     20893 |
+-----------------------+---------+-----------+

+-------------------------------+-----------+
|             Metric            |   Core 0  |
+-------------------------------+-----------+
|      Runtime (RDTSC) [s]      |    0.0177 |
|      Runtime unhalted [s]     |    0.0168 |
|          Clock [MHz]          | 2494.1748 |
|              CPI              |    0.3724 |
|  L3 load bandwidth [MBytes/s] |  126.0905 |
|  L3 load data volume [GBytes] |    0.0022 |
| L3 evict bandwidth [MBytes/s] |   75.5256 |
| L3 evict data volume [GBytes] |    0.0013 |
|    L3 bandwidth [MBytes/s]    |  201.6162 |
|    L3 data volume [GBytes]    |    0.0036 |
+-------------------------------+-----------+

--------------------------------------------------------------------------------
CPU name:	Intel(R) Core(TM) i7-6500U CPU @ 2.50GHz
CPU type:	Intel Skylake processor
CPU clock:	2.59 GHz
--------------------------------------------------------------------------------
Bloom Join
-----------------
262144 Buckets 0 Hash Functions
Initialization: 0 ms 
Bloom Filter Generation: 75770 ms 
Join Core: 18 ms 
8944 linhas
75790 ms 

--------------------------------------------------------------------------------
Region Initialization, Group 1: L3
+-------------------+----------+
|    Region Info    |  Core 0  |
+-------------------+----------+
| RDTSC Runtime [s] | 0.000067 |
|     call count    |        1 |
+-------------------+----------+

+-----------------------+---------+--------+
|         Event         | Counter | Core 0 |
+-----------------------+---------+--------+
|   INSTR_RETIRED_ANY   |  FIXC0  |  62085 |
| CPU_CLK_UNHALTED_CORE |  FIXC1  |  53882 |
|  CPU_CLK_UNHALTED_REF |  FIXC2  | 175068 |
|    L2_LINES_IN_ALL    |   PMC0  |   1445 |
|     L2_TRANS_L2_WB    |   PMC1  |    253 |
+-----------------------+---------+--------+

+-------------------------------+--------------+
|             Metric            |    Core 0    |
+-------------------------------+--------------+
|      Runtime (RDTSC) [s]      |       0.0001 |
|      Runtime unhalted [s]     | 2.078787e-05 |
|          Clock [MHz]          |     797.7572 |
|              CPI              |       0.8679 |
|  L3 load bandwidth [MBytes/s] |    1370.7099 |
|  L3 load data volume [GBytes] |       0.0001 |
| L3 evict bandwidth [MBytes/s] |     239.9928 |
| L3 evict data volume [GBytes] | 1.619200e-05 |
|    L3 bandwidth [MBytes/s]    |    1610.7027 |
|    L3 data volume [GBytes]    |       0.0001 |
+-------------------------------+--------------+

Region Generation, Group 1: L3
+-------------------+----------+
|    Region Info    |  Core 0  |
+-------------------+----------+
| RDTSC Runtime [s] | 0.319681 |
|     call count    |  1500000 |
+-------------------+----------+

+-----------------------+---------+-------------+
|         Event         | Counter |    Core 0   |
+-----------------------+---------+-------------+
|   INSTR_RETIRED_ANY   |  FIXC0  |  5399947000 |
| CPU_CLK_UNHALTED_CORE |  FIXC1  | 13108910000 |
|  CPU_CLK_UNHALTED_REF |  FIXC2  | 13625100000 |
|    L2_LINES_IN_ALL    |   PMC0  |   233182800 |
|     L2_TRANS_L2_WB    |   PMC1  |    39035720 |
+-----------------------+---------+-------------+

+-------------------------------+------------+
|             Metric            |   Core 0   |
+-------------------------------+------------+
|      Runtime (RDTSC) [s]      |     0.3197 |
|      Runtime unhalted [s]     |     5.0575 |
|          Clock [MHz]          |  2493.7946 |
|              CPI              |     2.4276 |
|  L3 load bandwidth [MBytes/s] | 46683.0534 |
|  L3 load data volume [GBytes] |    14.9237 |
| L3 evict bandwidth [MBytes/s] |  7814.9272 |
| L3 evict data volume [GBytes] |     2.4983 |
|    L3 bandwidth [MBytes/s]    | 54497.9806 |
|    L3 data volume [GBytes]    |    17.4220 |
+-------------------------------+------------+

Region Core, Group 1: L3
+-------------------+----------+
|    Region Info    |  Core 0  |
+-------------------+----------+
| RDTSC Runtime [s] | 0.018052 |
|     call count    |        1 |
+-------------------+----------+

+-----------------------+---------+-----------+
|         Event         | Counter |   Core 0  |
+-----------------------+---------+-----------+
|   INSTR_RETIRED_ANY   |  FIXC0  | 116762200 |
| CPU_CLK_UNHALTED_CORE |  FIXC1  |  44279360 |
|  CPU_CLK_UNHALTED_REF |  FIXC2  |  46015560 |
|    L2_LINES_IN_ALL    |   PMC0  |     41522 |
|     L2_TRANS_L2_WB    |   PMC1  |     16467 |
+-----------------------+---------+-----------+

+-------------------------------+-----------+
|             Metric            |   Core 0  |
+-------------------------------+-----------+
|      Runtime (RDTSC) [s]      |    0.0181 |
|      Runtime unhalted [s]     |    0.0171 |
|          Clock [MHz]          | 2494.1950 |
|              CPI              |    0.3792 |
|  L3 load bandwidth [MBytes/s] |  147.2081 |
|  L3 load data volume [GBytes] |    0.0027 |
| L3 evict bandwidth [MBytes/s] |   58.3805 |
| L3 evict data volume [GBytes] |    0.0011 |
|    L3 bandwidth [MBytes/s]    |  205.5886 |
|    L3 data volume [GBytes]    |    0.0037 |
+-------------------------------+-----------+

--------------------------------------------------------------------------------
CPU name:	Intel(R) Core(TM) i7-6500U CPU @ 2.50GHz
CPU type:	Intel Skylake processor
CPU clock:	2.59 GHz
--------------------------------------------------------------------------------
Bloom Join
-----------------
262144 Buckets 0 Hash Functions
Initialization: 0 ms 
Bloom Filter Generation: 64982 ms 
Join Core: 15 ms 
8944 linhas
65000 ms 

--------------------------------------------------------------------------------
Region Initialization, Group 1: L3
+-------------------+----------+
|    Region Info    |  Core 0  |
+-------------------+----------+
| RDTSC Runtime [s] | 0.000060 |
|     call count    |        1 |
+-------------------+----------+

+-----------------------+---------+--------+
|         Event         | Counter | Core 0 |
+-----------------------+---------+--------+
|   INSTR_RETIRED_ANY   |  FIXC0  |  62085 |
| CPU_CLK_UNHALTED_CORE |  FIXC1  |  49111 |
|  CPU_CLK_UNHALTED_REF |  FIXC2  | 159408 |
|    L2_LINES_IN_ALL    |   PMC0  |    702 |
|     L2_TRANS_L2_WB    |   PMC1  |    134 |
+-----------------------+---------+--------+

+-------------------------------+--------------+
|             Metric            |    Core 0    |
+-------------------------------+--------------+
|      Runtime (RDTSC) [s]      |       0.0001 |
|      Runtime unhalted [s]     | 1.894727e-05 |
|          Clock [MHz]          |     798.5475 |
|              CPI              |       0.7910 |
|  L3 load bandwidth [MBytes/s] |     749.4628 |
|  L3 load data volume [GBytes] | 4.492800e-05 |
| L3 evict bandwidth [MBytes/s] |     143.0598 |
| L3 evict data volume [GBytes] | 8.576000e-06 |
|    L3 bandwidth [MBytes/s]    |     892.5226 |
|    L3 data volume [GBytes]    |       0.0001 |
+-------------------------------+--------------+

Region Generation, Group 1: L3
+-------------------+----------+
|    Region Info    |  Core 0  |
+-------------------+----------+
| RDTSC Runtime [s] | 0.267199 |
|     call count    |  1500000 |
+-------------------+----------+

+-----------------------+---------+-------------+
|         Event         | Counter |    Core 0   |
+-----------------------+---------+-------------+
|   INSTR_RETIRED_ANY   |  FIXC0  |  5401356000 |
| CPU_CLK_UNHALTED_CORE |  FIXC1  | 13543380000 |
|  CPU_CLK_UNHALTED_REF |  FIXC2  | 11410060000 |
|    L2_LINES_IN_ALL    |   PMC0  |   175450900 |
|     L2_TRANS_L2_WB    |   PMC1  |    32768250 |
+-----------------------+---------+-------------+

+-------------------------------+------------+
|             Metric            |   Core 0   |
+-------------------------------+------------+
|      Runtime (RDTSC) [s]      |     0.2672 |
|      Runtime unhalted [s]     |     5.2251 |
|          Clock [MHz]          |  3076.6015 |
|              CPI              |     2.5074 |
|  L3 load bandwidth [MBytes/s] | 42024.3092 |
|  L3 load data volume [GBytes] |    11.2289 |
| L3 evict bandwidth [MBytes/s] |  7848.7091 |
| L3 evict data volume [GBytes] |     2.0972 |
|    L3 bandwidth [MBytes/s]    | 49873.0183 |
|    L3 data volume [GBytes]    |    13.3260 |
+-------------------------------+------------+

Region Core, Group 1: L3
+-------------------+----------+
|    Region Info    |  Core 0  |
+-------------------+----------+
| RDTSC Runtime [s] | 0.014974 |
|     call count    |        1 |
+-------------------+----------+

+-----------------------+---------+-----------+
|         Event         | Counter |   Core 0  |
+-----------------------+---------+-----------+
|   INSTR_RETIRED_ANY   |  FIXC0  | 116762200 |
| CPU_CLK_UNHALTED_CORE |  FIXC1  |  43531180 |
|  CPU_CLK_UNHALTED_REF |  FIXC2  |  36698720 |
|    L2_LINES_IN_ALL    |   PMC0  |     33429 |
|     L2_TRANS_L2_WB    |   PMC1  |     23727 |
+-----------------------+---------+-----------+

+-------------------------------+-----------+
|             Metric            |   Core 0  |
+-------------------------------+-----------+
|      Runtime (RDTSC) [s]      |    0.0150 |
|      Runtime unhalted [s]     |    0.0168 |
|          Clock [MHz]          | 3074.5505 |
|              CPI              |    0.3728 |
|  L3 load bandwidth [MBytes/s] |  142.8749 |
|  L3 load data volume [GBytes] |    0.0021 |
| L3 evict bandwidth [MBytes/s] |  101.4087 |
| L3 evict data volume [GBytes] |    0.0015 |
|    L3 bandwidth [MBytes/s]    |  244.2837 |
|    L3 data volume [GBytes]    |    0.0037 |
+-------------------------------+-----------+

--------------------------------------------------------------------------------
CPU name:	Intel(R) Core(TM) i7-6500U CPU @ 2.50GHz
CPU type:	Intel Skylake processor
CPU clock:	2.59 GHz
--------------------------------------------------------------------------------
Bloom Join
-----------------
262144 Buckets 0 Hash Functions
Initialization: 0 ms 
Bloom Filter Generation: 64471 ms 
Join Core: 15 ms 
8944 linhas
64489 ms 

--------------------------------------------------------------------------------
Region Initialization, Group 1: L3
+-------------------+----------+
|    Region Info    |  Core 0  |
+-------------------+----------+
| RDTSC Runtime [s] | 0.000061 |
|     call count    |        1 |
+-------------------+----------+

+-----------------------+---------+--------+
|         Event         | Counter | Core 0 |
+-----------------------+---------+--------+
|   INSTR_RETIRED_ANY   |  FIXC0  |  62085 |
| CPU_CLK_UNHALTED_CORE |  FIXC1  |  52367 |
|  CPU_CLK_UNHALTED_REF |  FIXC2  | 170208 |
|    L2_LINES_IN_ALL    |   PMC0  |    782 |
|     L2_TRANS_L2_WB    |   PMC1  |    170 |
+-----------------------+---------+--------+

+-------------------------------+--------------+
|             Metric            |    Core 0    |
+-------------------------------+--------------+
|      Runtime (RDTSC) [s]      |       0.0001 |
|      Runtime unhalted [s]     | 2.020338e-05 |
|          Clock [MHz]          |     797.4647 |
|              CPI              |       0.8435 |
|  L3 load bandwidth [MBytes/s] |     815.2980 |
|  L3 load data volume [GBytes] |       0.0001 |
| L3 evict bandwidth [MBytes/s] |     177.2387 |
| L3 evict data volume [GBytes] | 1.088000e-05 |
|    L3 bandwidth [MBytes/s]    |     992.5368 |
|    L3 data volume [GBytes]    |       0.0001 |
+-------------------------------+--------------+

Region Generation, Group 1: L3
+-------------------+----------+
|    Region Info    |  Core 0  |
+-------------------+----------+
| RDTSC Runtime [s] | 0.273083 |
|     call count    |  1500000 |
+-------------------+----------+

+-----------------------+---------+-------------+
|         Event         | Counter |    Core 0   |
+-----------------------+---------+-------------+
|   INSTR_RETIRED_ANY   |  FIXC0  |  5399947000 |
| CPU_CLK_UNHALTED_CORE |  FIXC1  | 13288250000 |
|  CPU_CLK_UNHALTED_REF |  FIXC2  | 11195090000 |
|    L2_LINES_IN_ALL    |   PMC0  |   186434800 |
|     L2_TRANS_L2_WB    |   PMC1  |    34761830 |
+-----------------------+---------+-------------+

+-------------------------------+------------+
|             Metric            |   Core 0   |
+-------------------------------+------------+
|      Runtime (RDTSC) [s]      |     0.2731 |
|      Runtime unhalted [s]     |     5.1267 |
|          Clock [MHz]          |  3076.6207 |
|              CPI              |     2.4608 |
|  L3 load bandwidth [MBytes/s] | 43693.0748 |
|  L3 load data volume [GBytes] |    11.9318 |
| L3 evict bandwidth [MBytes/s] |  8146.8226 |
| L3 evict data volume [GBytes] |     2.2248 |
|    L3 bandwidth [MBytes/s]    | 51839.8973 |
|    L3 data volume [GBytes]    |    14.1566 |
+-------------------------------+------------+

Region Core, Group 1: L3
+-------------------+----------+
|    Region Info    |  Core 0  |
+-------------------+----------+
| RDTSC Runtime [s] | 0.015305 |
|     call count    |        1 |
+-------------------+----------+

+-----------------------+---------+-----------+
|         Event         | Counter |   Core 0  |
+-----------------------+---------+-----------+
|   INSTR_RETIRED_ANY   |  FIXC0  | 116762200 |
| CPU_CLK_UNHALTED_CORE |  FIXC1  |  44687370 |
|  CPU_CLK_UNHALTED_REF |  FIXC2  |  37854540 |
|    L2_LINES_IN_ALL    |   PMC0  |     33725 |
|     L2_TRANS_L2_WB    |   PMC1  |     22876 |
+-----------------------+---------+-----------+

+-------------------------------+-----------+
|             Metric            |   Core 0  |
+-------------------------------+-----------+
|      Runtime (RDTSC) [s]      |    0.0153 |
|      Runtime unhalted [s]     |    0.0172 |
|          Clock [MHz]          | 3059.8531 |
|              CPI              |    0.3827 |
|  L3 load bandwidth [MBytes/s] |  141.0266 |
|  L3 load data volume [GBytes] |    0.0022 |
| L3 evict bandwidth [MBytes/s] |   95.6598 |
| L3 evict data volume [GBytes] |    0.0015 |
|    L3 bandwidth [MBytes/s]    |  236.6864 |
|    L3 data volume [GBytes]    |    0.0036 |
+-------------------------------+-----------+

--------------------------------------------------------------------------------
CPU name:	Intel(R) Core(TM) i7-6500U CPU @ 2.50GHz
CPU type:	Intel Skylake processor
CPU clock:	2.59 GHz
--------------------------------------------------------------------------------
Bloom Join
-----------------
262144 Buckets 0 Hash Functions
Initialization: 0 ms 
Bloom Filter Generation: 75389 ms 
Join Core: 18 ms 
8944 linhas
75408 ms 

--------------------------------------------------------------------------------
Region Initialization, Group 1: L3
+-------------------+----------+
|    Region Info    |  Core 0  |
+-------------------+----------+
| RDTSC Runtime [s] | 0.000058 |
|     call count    |        1 |
+-------------------+----------+

+-----------------------+---------+--------+
|         Event         | Counter | Core 0 |
+-----------------------+---------+--------+
|   INSTR_RETIRED_ANY   |  FIXC0  |  62085 |
| CPU_CLK_UNHALTED_CORE |  FIXC1  |  47361 |
|  CPU_CLK_UNHALTED_REF |  FIXC2  | 154116 |
|    L2_LINES_IN_ALL    |   PMC0  |    642 |
|     L2_TRANS_L2_WB    |   PMC1  |    127 |
+-----------------------+---------+--------+

+-------------------------------+--------------+
|             Metric            |    Core 0    |
+-------------------------------+--------------+
|      Runtime (RDTSC) [s]      |       0.0001 |
|      Runtime unhalted [s]     | 1.827360e-05 |
|          Clock [MHz]          |     796.4709 |
|              CPI              |       0.7628 |
|  L3 load bandwidth [MBytes/s] |     704.5474 |
|  L3 load data volume [GBytes] | 4.108800e-05 |
| L3 evict bandwidth [MBytes/s] |     139.3731 |
| L3 evict data volume [GBytes] | 8.128000e-06 |
|    L3 bandwidth [MBytes/s]    |     843.9205 |
|    L3 data volume [GBytes]    | 4.921600e-05 |
+-------------------------------+--------------+

Region Generation, Group 1: L3
+-------------------+----------+
|    Region Info    |  Core 0  |
+-------------------+----------+
| RDTSC Runtime [s] | 0.282840 |
|     call count    |  1500000 |
+-------------------+----------+

+-----------------------+---------+-------------+
|         Event         | Counter |    Core 0   |
+-----------------------+---------+-------------+
|   INSTR_RETIRED_ANY   |  FIXC0  |  5399947000 |
| CPU_CLK_UNHALTED_CORE |  FIXC1  | 12616180000 |
|  CPU_CLK_UNHALTED_REF |  FIXC2  | 13112280000 |
|    L2_LINES_IN_ALL    |   PMC0  |   154638700 |
|     L2_TRANS_L2_WB    |   PMC1  |    26500910 |
+-----------------------+---------+-------------+

+-------------------------------+------------+
|             Metric            |   Core 0   |
+-------------------------------+------------+
|      Runtime (RDTSC) [s]      |     0.2828 |
|      Runtime unhalted [s]     |     4.8678 |
|          Clock [MHz]          |  2493.7130 |
|              CPI              |     2.3364 |
|  L3 load bandwidth [MBytes/s] | 34991.0543 |
|  L3 load data volume [GBytes] |     9.8969 |
| L3 evict bandwidth [MBytes/s] |  5996.5247 |
| L3 evict data volume [GBytes] |     1.6961 |
|    L3 bandwidth [MBytes/s]    | 40987.5790 |
|    L3 data volume [GBytes]    |    11.5929 |
+-------------------------------+------------+

Region Core, Group 1: L3
+-------------------+----------+
|    Region Info    |  Core 0  |
+-------------------+----------+
| RDTSC Runtime [s] | 0.017738 |
|     call count    |        1 |
+-------------------+----------+

+-----------------------+---------+-----------+
|         Event         | Counter |   Core 0  |
+-----------------------+---------+-----------+
|   INSTR_RETIRED_ANY   |  FIXC0  | 116762200 |
| CPU_CLK_UNHALTED_CORE |  FIXC1  |  43431690 |
|  CPU_CLK_UNHALTED_REF |  FIXC2  |  45134710 |
|    L2_LINES_IN_ALL    |   PMC0  |     34095 |
|     L2_TRANS_L2_WB    |   PMC1  |     21552 |
+-----------------------+---------+-----------+

+-------------------------------+-----------+
|             Metric            |   Core 0  |
+-------------------------------+-----------+
|      Runtime (RDTSC) [s]      |    0.0177 |
|      Runtime unhalted [s]     |    0.0168 |
|          Clock [MHz]          | 2493.9795 |
|              CPI              |    0.3720 |
|  L3 load bandwidth [MBytes/s] |  123.0204 |
|  L3 load data volume [GBytes] |    0.0022 |
| L3 evict bandwidth [MBytes/s] |   77.7632 |
| L3 evict data volume [GBytes] |    0.0014 |
|    L3 bandwidth [MBytes/s]    |  200.7835 |
|    L3 data volume [GBytes]    |    0.0036 |
+-------------------------------+-----------+

--------------------------------------------------------------------------------
CPU name:	Intel(R) Core(TM) i7-6500U CPU @ 2.50GHz
CPU type:	Intel Skylake processor
CPU clock:	2.59 GHz
--------------------------------------------------------------------------------
Bloom Join
-----------------
262144 Buckets 0 Hash Functions
Initialization: 0 ms 
Bloom Filter Generation: 76298 ms 
Join Core: 18 ms 
8944 linhas
76318 ms 

--------------------------------------------------------------------------------
Region Initialization, Group 1: L3
+-------------------+----------+
|    Region Info    |  Core 0  |
+-------------------+----------+
| RDTSC Runtime [s] | 0.000057 |
|     call count    |        1 |
+-------------------+----------+

+-----------------------+---------+--------+
|         Event         | Counter | Core 0 |
+-----------------------+---------+--------+
|   INSTR_RETIRED_ANY   |  FIXC0  |  62085 |
| CPU_CLK_UNHALTED_CORE |  FIXC1  |  46950 |
|  CPU_CLK_UNHALTED_REF |  FIXC2  | 152388 |
|    L2_LINES_IN_ALL    |   PMC0  |    636 |
|     L2_TRANS_L2_WB    |   PMC1  |    129 |
+-----------------------+---------+--------+

+-------------------------------+--------------+
|             Metric            |    Core 0    |
+-------------------------------+--------------+
|      Runtime (RDTSC) [s]      |       0.0001 |
|      Runtime unhalted [s]     | 1.811350e-05 |
|          Clock [MHz]          |     798.5794 |
|              CPI              |       0.7562 |
|  L3 load bandwidth [MBytes/s] |     712.5684 |
|  L3 load data volume [GBytes] | 4.070400e-05 |
| L3 evict bandwidth [MBytes/s] |     144.5304 |
| L3 evict data volume [GBytes] | 8.256000e-06 |
|    L3 bandwidth [MBytes/s]    |     857.0987 |
|    L3 data volume [GBytes]    | 4.896000e-05 |
+-------------------------------+--------------+

Region Generation, Group 1: L3
+-------------------+----------+
|    Region Info    |  Core 0  |
+-------------------+----------+
| RDTSC Runtime [s] | 0.289824 |
|     call count    |  1500000 |
+-------------------+----------+

+-----------------------+---------+-------------+
|         Event         | Counter |    Core 0   |
+-----------------------+---------+-------------+
|   INSTR_RETIRED_ANY   |  FIXC0  |  5399947000 |
| CPU_CLK_UNHALTED_CORE |  FIXC1  | 12754500000 |
|  CPU_CLK_UNHALTED_REF |  FIXC2  | 13256190000 |
|    L2_LINES_IN_ALL    |   PMC0  |   206782000 |
|     L2_TRANS_L2_WB    |   PMC1  |    32816780 |
+-----------------------+---------+-------------+

+-------------------------------+------------+
|             Metric            |   Core 0   |
+-------------------------------+------------+
|      Runtime (RDTSC) [s]      |     0.2898 |
|      Runtime unhalted [s]     |     4.9207 |
|          Clock [MHz]          |  2493.8941 |
|              CPI              |     2.3620 |
|  L3 load bandwidth [MBytes/s] | 45662.3606 |
|  L3 load data volume [GBytes] |    13.2340 |
| L3 evict bandwidth [MBytes/s] |  7246.7219 |
| L3 evict data volume [GBytes] |     2.1003 |
|    L3 bandwidth [MBytes/s]    | 52909.0825 |
|    L3 data volume [GBytes]    |    15.3343 |
+-------------------------------+------------+

Region Core, Group 1: L3
+-------------------+----------+
|    Region Info    |  Core 0  |
+-------------------+----------+
| RDTSC Runtime [s] | 0.017709 |
|     call count    |        1 |
+-------------------+----------+

+-----------------------+---------+-----------+
|         Event         | Counter |   Core 0  |
+-----------------------+---------+-----------+
|   INSTR_RETIRED_ANY   |  FIXC0  | 116762200 |
| CPU_CLK_UNHALTED_CORE |  FIXC1  |  43723360 |
|  CPU_CLK_UNHALTED_REF |  FIXC2  |  45437870 |
|    L2_LINES_IN_ALL    |   PMC0  |     34985 |
|     L2_TRANS_L2_WB    |   PMC1  |     19510 |
+-----------------------+---------+-----------+

+-------------------------------+-----------+
|             Metric            |   Core 0  |
+-------------------------------+-----------+
|      Runtime (RDTSC) [s]      |    0.0177 |
|      Runtime unhalted [s]     |    0.0169 |
|          Clock [MHz]          | 2494.1861 |
|              CPI              |    0.3745 |
|  L3 load bandwidth [MBytes/s] |  126.4333 |
|  L3 load data volume [GBytes] |    0.0022 |
| L3 evict bandwidth [MBytes/s] |   70.5077 |
| L3 evict data volume [GBytes] |    0.0012 |
|    L3 bandwidth [MBytes/s]    |  196.9410 |
|    L3 data volume [GBytes]    |    0.0035 |
+-------------------------------+-----------+

--------------------------------------------------------------------------------
CPU name:	Intel(R) Core(TM) i7-6500U CPU @ 2.50GHz
CPU type:	Intel Skylake processor
CPU clock:	2.59 GHz
--------------------------------------------------------------------------------
Bloom Join
-----------------
262144 Buckets 0 Hash Functions
Initialization: 1 ms 
Bloom Filter Generation: 77827 ms 
Join Core: 15 ms 
8944 linhas
77844 ms 

--------------------------------------------------------------------------------
Region Initialization, Group 1: TLB_DATA
+-------------------+----------+
|    Region Info    |  Core 0  |
+-------------------+----------+
| RDTSC Runtime [s] | 0.000065 |
|     call count    |        1 |
+-------------------+----------+

+---------------------------------+---------+--------+
|              Event              | Counter | Core 0 |
+---------------------------------+---------+--------+
|        INSTR_RETIRED_ANY        |  FIXC0  |  62271 |
|      CPU_CLK_UNHALTED_CORE      |  FIXC1  |  54313 |
|       CPU_CLK_UNHALTED_REF      |  FIXC2  | 176364 |
|  DTLB_LOAD_MISSES_CAUSES_A_WALK |   PMC0  |     73 |
| DTLB_STORE_MISSES_CAUSES_A_WALK |   PMC1  |     38 |
|   DTLB_LOAD_MISSES_WALK_ACTIVE  |   PMC2  |   2476 |
|  DTLB_STORE_MISSES_WALK_ACTIVE  |   PMC3  |   1027 |
+---------------------------------+---------+--------+

+-----------------------------------+--------------+
|               Metric              |    Core 0    |
+-----------------------------------+--------------+
|        Runtime (RDTSC) [s]        |       0.0001 |
|        Runtime unhalted [s]       | 2.095416e-05 |
|            Clock [MHz]            |     798.2286 |
|                CPI                |       0.8722 |
|        L1 DTLB load misses        |           73 |
|       L1 DTLB load miss rate      |       0.0012 |
|  L1 DTLB load miss duration [Cyc] |      33.9178 |
|        L1 DTLB store misses       |           38 |
|      L1 DTLB store miss rate      |       0.0006 |
| L1 DTLB store miss duration [Cyc] |      27.0263 |
+-----------------------------------+--------------+

Region Generation, Group 1: TLB_DATA
+-------------------+----------+
|    Region Info    |  Core 0  |
+-------------------+----------+
| RDTSC Runtime [s] | 0.255784 |
|     call count    |  1500000 |
+-------------------+----------+

+---------------------------------+---------+-------------+
|              Event              | Counter |    Core 0   |
+---------------------------------+---------+-------------+
|        INSTR_RETIRED_ANY        |  FIXC0  |  5702947000 |
|      CPU_CLK_UNHALTED_CORE      |  FIXC1  | 13179530000 |
|       CPU_CLK_UNHALTED_REF      |  FIXC2  | 11075640000 |
|  DTLB_LOAD_MISSES_CAUSES_A_WALK |   PMC0  |    87677140 |
| DTLB_STORE_MISSES_CAUSES_A_WALK |   PMC1  |     9512427 |
|   DTLB_LOAD_MISSES_WALK_ACTIVE  |   PMC2  |  2417073000 |
|  DTLB_STORE_MISSES_WALK_ACTIVE  |   PMC3  |   260194900 |
+---------------------------------+---------+-------------+

+-----------------------------------+-----------+
|               Metric              |   Core 0  |
+-----------------------------------+-----------+
|        Runtime (RDTSC) [s]        |    0.2558 |
|        Runtime unhalted [s]       |    5.0847 |
|            Clock [MHz]            | 3084.3564 |
|                CPI                |    2.3110 |
|        L1 DTLB load misses        |  87677140 |
|       L1 DTLB load miss rate      |    0.0154 |
|  L1 DTLB load miss duration [Cyc] |   27.5679 |
|        L1 DTLB store misses       |   9512427 |
|      L1 DTLB store miss rate      |    0.0017 |
| L1 DTLB store miss duration [Cyc] |   27.3532 |
+-----------------------------------+-----------+

Region Core, Group 1: TLB_DATA
+-------------------+----------+
|    Region Info    |  Core 0  |
+-------------------+----------+
| RDTSC Runtime [s] | 0.014954 |
|     call count    |        1 |
+-------------------+----------+

+---------------------------------+---------+-----------+
|              Event              | Counter |   Core 0  |
+---------------------------------+---------+-----------+
|        INSTR_RETIRED_ANY        |  FIXC0  | 119162400 |
|      CPU_CLK_UNHALTED_CORE      |  FIXC1  |  44581260 |
|       CPU_CLK_UNHALTED_REF      |  FIXC2  |  37405910 |
|  DTLB_LOAD_MISSES_CAUSES_A_WALK |   PMC0  |       100 |
| DTLB_STORE_MISSES_CAUSES_A_WALK |   PMC1  |        25 |
|   DTLB_LOAD_MISSES_WALK_ACTIVE  |   PMC2  |      4219 |
|  DTLB_STORE_MISSES_WALK_ACTIVE  |   PMC3  |      1198 |
+---------------------------------+---------+-----------+

+-----------------------------------+--------------+
|               Metric              |    Core 0    |
+-----------------------------------+--------------+
|        Runtime (RDTSC) [s]        |       0.0150 |
|        Runtime unhalted [s]       |       0.0172 |
|            Clock [MHz]            |    3089.1968 |
|                CPI                |       0.3741 |
|        L1 DTLB load misses        |          100 |
|       L1 DTLB load miss rate      | 8.391909e-07 |
|  L1 DTLB load miss duration [Cyc] |      42.1900 |
|        L1 DTLB store misses       |           25 |
|      L1 DTLB store miss rate      | 2.097977e-07 |
| L1 DTLB store miss duration [Cyc] |      47.9200 |
+-----------------------------------+--------------+

