--------------------------------------------------------------------------------
CPU name:	Intel(R) Core(TM) i7-6500U CPU @ 2.50GHz
CPU type:	Intel Skylake processor
CPU clock:	2.59 GHz
--------------------------------------------------------------------------------
Bloom Join
-----------------
524288 Buckets 3 Hash Functions
Initialization: 0 ms 
Bloom Filter Generation: 334783 ms 
Join Core: 34 ms 
10970 linhas
334819 ms 

--------------------------------------------------------------------------------
Region Initialization, Group 1: L2
+-------------------+----------+
|    Region Info    |  Core 0  |
+-------------------+----------+
| RDTSC Runtime [s] | 0.000053 |
|     call count    |        1 |
+-------------------+----------+

+-----------------------+---------+--------+
|         Event         | Counter | Core 0 |
+-----------------------+---------+--------+
|   INSTR_RETIRED_ANY   |  FIXC0  | 119530 |
| CPU_CLK_UNHALTED_CORE |  FIXC1  |  90639 |
|  CPU_CLK_UNHALTED_REF |  FIXC2  | 118044 |
|    L1D_REPLACEMENT    |   PMC0  |    518 |
|      L1D_M_EVICT      |   PMC1  |    333 |
| ICACHE_64B_IFTAG_MISS |   PMC2  |    690 |
+-----------------------+---------+--------+

+--------------------------------+--------------+
|             Metric             |    Core 0    |
+--------------------------------+--------------+
|       Runtime (RDTSC) [s]      |       0.0001 |
|      Runtime unhalted [s]      | 3.496915e-05 |
|           Clock [MHz]          |    1990.2206 |
|               CPI              |       0.7583 |
|  L2D load bandwidth [MBytes/s] |     624.9996 |
|  L2D load data volume [GBytes] | 3.315200e-05 |
| L2D evict bandwidth [MBytes/s] |     401.7855 |
| L2D evict data volume [GBytes] | 2.131200e-05 |
|     L2 bandwidth [MBytes/s]    |    1859.3136 |
|     L2 data volume [GBytes]    |       0.0001 |
+--------------------------------+--------------+

Region Generation, Group 1: L2
+-------------------+----------+
|    Region Info    |  Core 0  |
+-------------------+----------+
| RDTSC Runtime [s] | 1.300842 |
|     call count    |  6000000 |
+-------------------+----------+

+-----------------------+---------+-------------+
|         Event         | Counter |    Core 0   |
+-----------------------+---------+-------------+
|   INSTR_RETIRED_ANY   |  FIXC0  | 22471490000 |
| CPU_CLK_UNHALTED_CORE |  FIXC1  | 52543670000 |
|  CPU_CLK_UNHALTED_REF |  FIXC2  | 54605570000 |
|    L1D_REPLACEMENT    |   PMC0  |  1232888000 |
|      L1D_M_EVICT      |   PMC1  |   379263200 |
| ICACHE_64B_IFTAG_MISS |   PMC2  |  2436132000 |
+-----------------------+---------+-------------+

+--------------------------------+-------------+
|             Metric             |    Core 0   |
+--------------------------------+-------------+
|       Runtime (RDTSC) [s]      |      1.3008 |
|      Runtime unhalted [s]      |     20.2717 |
|           Clock [MHz]          |   2494.0978 |
|               CPI              |      2.3382 |
|  L2D load bandwidth [MBytes/s] |  60656.7377 |
|  L2D load data volume [GBytes] |     78.9048 |
| L2D evict bandwidth [MBytes/s] |  18659.3336 |
| L2D evict data volume [GBytes] |     24.2728 |
|     L2 bandwidth [MBytes/s]    | 199171.0944 |
|     L2 data volume [GBytes]    |    259.0901 |
+--------------------------------+-------------+

Region Core, Group 1: L2
+-------------------+----------+
|    Region Info    |  Core 0  |
+-------------------+----------+
| RDTSC Runtime [s] | 0.034434 |
|     call count    |        1 |
+-------------------+----------+

+-----------------------+---------+-----------+
|         Event         | Counter |   Core 0  |
+-----------------------+---------+-----------+
|   INSTR_RETIRED_ANY   |  FIXC0  | 201123800 |
| CPU_CLK_UNHALTED_CORE |  FIXC1  |  85415550 |
|  CPU_CLK_UNHALTED_REF |  FIXC2  |  88765520 |
|    L1D_REPLACEMENT    |   PMC0  |    378045 |
|      L1D_M_EVICT      |   PMC1  |      2031 |
| ICACHE_64B_IFTAG_MISS |   PMC2  |      1418 |
+-----------------------+---------+-----------+

+--------------------------------+-----------+
|             Metric             |   Core 0  |
+--------------------------------+-----------+
|       Runtime (RDTSC) [s]      |    0.0344 |
|      Runtime unhalted [s]      |    0.0330 |
|           Clock [MHz]          | 2494.1505 |
|               CPI              |    0.4247 |
|  L2D load bandwidth [MBytes/s] |  702.6502 |
|  L2D load data volume [GBytes] |    0.0242 |
| L2D evict bandwidth [MBytes/s] |    3.7749 |
| L2D evict data volume [GBytes] |    0.0001 |
|     L2 bandwidth [MBytes/s]    |  709.0606 |
|     L2 data volume [GBytes]    |    0.0244 |
+--------------------------------+-----------+

--------------------------------------------------------------------------------
CPU name:	Intel(R) Core(TM) i7-6500U CPU @ 2.50GHz
CPU type:	Intel Skylake processor
CPU clock:	2.59 GHz
--------------------------------------------------------------------------------
Bloom Join
-----------------
524288 Buckets 3 Hash Functions
Initialization: 0 ms 
Bloom Filter Generation: 341864 ms 
Join Core: 35 ms 
10970 linhas
341901 ms 

--------------------------------------------------------------------------------
Region Initialization, Group 1: L2
+-------------------+----------+
|    Region Info    |  Core 0  |
+-------------------+----------+
| RDTSC Runtime [s] | 0.000157 |
|     call count    |        1 |
+-------------------+----------+

+-----------------------+---------+--------+
|         Event         | Counter | Core 0 |
+-----------------------+---------+--------+
|   INSTR_RETIRED_ANY   |  FIXC0  | 119531 |
| CPU_CLK_UNHALTED_CORE |  FIXC1  |  88812 |
|  CPU_CLK_UNHALTED_REF |  FIXC2  | 288576 |
|    L1D_REPLACEMENT    |   PMC0  |    607 |
|      L1D_M_EVICT      |   PMC1  |    269 |
| ICACHE_64B_IFTAG_MISS |   PMC2  |    815 |
+-----------------------+---------+--------+

+--------------------------------+--------------+
|             Metric             |    Core 0    |
+--------------------------------+--------------+
|       Runtime (RDTSC) [s]      |       0.0002 |
|      Runtime unhalted [s]      | 3.426407e-05 |
|           Clock [MHz]          |     797.7083 |
|               CPI              |       0.7430 |
|  L2D load bandwidth [MBytes/s] |     248.0270 |
|  L2D load data volume [GBytes] | 3.884800e-05 |
| L2D evict bandwidth [MBytes/s] |     109.9164 |
| L2D evict data volume [GBytes] | 1.721600e-05 |
|     L2 bandwidth [MBytes/s]    |     690.9616 |
|     L2 data volume [GBytes]    |       0.0001 |
+--------------------------------+--------------+

Region Generation, Group 1: L2
+-------------------+----------+
|    Region Info    |  Core 0  |
+-------------------+----------+
| RDTSC Runtime [s] | 1.414116 |
|     call count    |  6000000 |
+-------------------+----------+

+-----------------------+---------+-------------+
|         Event         | Counter |    Core 0   |
+-----------------------+---------+-------------+
|   INSTR_RETIRED_ANY   |  FIXC0  | 22471490000 |
| CPU_CLK_UNHALTED_CORE |  FIXC1  | 54239310000 |
|  CPU_CLK_UNHALTED_REF |  FIXC2  | 56368930000 |
|    L1D_REPLACEMENT    |   PMC0  |  1214964000 |
|      L1D_M_EVICT      |   PMC1  |   348876700 |
| ICACHE_64B_IFTAG_MISS |   PMC2  |  2155069000 |
+-----------------------+---------+-------------+

+--------------------------------+-------------+
|             Metric             |    Core 0   |
+--------------------------------+-------------+
|       Runtime (RDTSC) [s]      |      1.4141 |
|      Runtime unhalted [s]      |     20.9258 |
|           Clock [MHz]          |   2494.0606 |
|               CPI              |      2.4137 |
|  L2D load bandwidth [MBytes/s] |  54986.7875 |
|  L2D load data volume [GBytes] |     77.7577 |
| L2D evict bandwidth [MBytes/s] |  15789.4464 |
| L2D evict data volume [GBytes] |     22.3281 |
|     L2 bandwidth [MBytes/s]    | 168310.2523 |
|     L2 data volume [GBytes]    |    238.0102 |
+--------------------------------+-------------+

Region Core, Group 1: L2
+-------------------+----------+
|    Region Info    |  Core 0  |
+-------------------+----------+
| RDTSC Runtime [s] | 0.034555 |
|     call count    |        1 |
+-------------------+----------+

+-----------------------+---------+-----------+
|         Event         | Counter |   Core 0  |
+-----------------------+---------+-----------+
|   INSTR_RETIRED_ANY   |  FIXC0  | 201123800 |
| CPU_CLK_UNHALTED_CORE |  FIXC1  |  85581750 |
|  CPU_CLK_UNHALTED_REF |  FIXC2  |  88937890 |
|    L1D_REPLACEMENT    |   PMC0  |    378467 |
|      L1D_M_EVICT      |   PMC1  |      2816 |
| ICACHE_64B_IFTAG_MISS |   PMC2  |      2097 |
+-----------------------+---------+-----------+

+--------------------------------+-----------+
|             Metric             |   Core 0  |
+--------------------------------+-----------+
|       Runtime (RDTSC) [s]      |    0.0346 |
|      Runtime unhalted [s]      |    0.0330 |
|           Clock [MHz]          | 2494.1754 |
|               CPI              |    0.4255 |
|  L2D load bandwidth [MBytes/s] |  700.9567 |
|  L2D load data volume [GBytes] |    0.0242 |
| L2D evict bandwidth [MBytes/s] |    5.2155 |
| L2D evict data volume [GBytes] |    0.0002 |
|     L2 bandwidth [MBytes/s]    |  710.0560 |
|     L2 data volume [GBytes]    |    0.0245 |
+--------------------------------+-----------+

--------------------------------------------------------------------------------
CPU name:	Intel(R) Core(TM) i7-6500U CPU @ 2.50GHz
CPU type:	Intel Skylake processor
CPU clock:	2.59 GHz
--------------------------------------------------------------------------------
Bloom Join
-----------------
524288 Buckets 3 Hash Functions
Initialization: 0 ms 
Bloom Filter Generation: 332998 ms 
Join Core: 35 ms 
10970 linhas
333034 ms 

--------------------------------------------------------------------------------
Region Initialization, Group 1: L2
+-------------------+----------+
|    Region Info    |  Core 0  |
+-------------------+----------+
| RDTSC Runtime [s] | 0.000043 |
|     call count    |        1 |
+-------------------+----------+

+-----------------------+---------+--------+
|         Event         | Counter | Core 0 |
+-----------------------+---------+--------+
|   INSTR_RETIRED_ANY   |  FIXC0  | 119530 |
| CPU_CLK_UNHALTED_CORE |  FIXC1  |  90427 |
|  CPU_CLK_UNHALTED_REF |  FIXC2  |  93852 |
|    L1D_REPLACEMENT    |   PMC0  |    537 |
|      L1D_M_EVICT      |   PMC1  |    353 |
| ICACHE_64B_IFTAG_MISS |   PMC2  |    676 |
+-----------------------+---------+--------+

+--------------------------------+--------------+
|             Metric             |    Core 0    |
+--------------------------------+--------------+
|       Runtime (RDTSC) [s]      | 4.251956e-05 |
|      Runtime unhalted [s]      | 3.488745e-05 |
|           Clock [MHz]          |    2497.3735 |
|               CPI              |       0.7565 |
|  L2D load bandwidth [MBytes/s] |     808.2868 |
|  L2D load data volume [GBytes] | 3.436800e-05 |
| L2D evict bandwidth [MBytes/s] |     531.3319 |
| L2D evict data volume [GBytes] | 2.259200e-05 |
|     L2 bandwidth [MBytes/s]    |    2357.1269 |
|     L2 data volume [GBytes]    |       0.0001 |
+--------------------------------+--------------+

Region Generation, Group 1: L2
+-------------------+----------+
|    Region Info    |  Core 0  |
+-------------------+----------+
| RDTSC Runtime [s] | 1.238057 |
|     call count    |  6000000 |
+-------------------+----------+

+-----------------------+---------+-------------+
|         Event         | Counter |    Core 0   |
+-----------------------+---------+-------------+
|   INSTR_RETIRED_ANY   |  FIXC0  | 22471490000 |
| CPU_CLK_UNHALTED_CORE |  FIXC1  | 49681920000 |
|  CPU_CLK_UNHALTED_REF |  FIXC2  | 51631860000 |
|    L1D_REPLACEMENT    |   PMC0  |  1109572000 |
|      L1D_M_EVICT      |   PMC1  |   337013300 |
| ICACHE_64B_IFTAG_MISS |   PMC2  |  2284842000 |
+-----------------------+---------+-------------+

+--------------------------------+-------------+
|             Metric             |    Core 0   |
+--------------------------------+-------------+
|       Runtime (RDTSC) [s]      |      1.2381 |
|      Runtime unhalted [s]      |     19.1677 |
|           Clock [MHz]          |   2494.0750 |
|               CPI              |      2.2109 |
|  L2D load bandwidth [MBytes/s] |  57358.1087 |
|  L2D load data volume [GBytes] |     71.0126 |
| L2D evict bandwidth [MBytes/s] |  17421.5333 |
| L2D evict data volume [GBytes] |     21.5689 |
|     L2 bandwidth [MBytes/s]    | 192892.0455 |
|     L2 data volume [GBytes]    |    238.8113 |
+--------------------------------+-------------+

Region Core, Group 1: L2
+-------------------+----------+
|    Region Info    |  Core 0  |
+-------------------+----------+
| RDTSC Runtime [s] | 0.034506 |
|     call count    |        1 |
+-------------------+----------+

+-----------------------+---------+-----------+
|         Event         | Counter |   Core 0  |
+-----------------------+---------+-----------+
|   INSTR_RETIRED_ANY   |  FIXC0  | 201123800 |
| CPU_CLK_UNHALTED_CORE |  FIXC1  |  85490360 |
|  CPU_CLK_UNHALTED_REF |  FIXC2  |  88842310 |
|    L1D_REPLACEMENT    |   PMC0  |    379484 |
|      L1D_M_EVICT      |   PMC1  |      2419 |
| ICACHE_64B_IFTAG_MISS |   PMC2  |      1656 |
+-----------------------+---------+-----------+

+--------------------------------+-----------+
|             Metric             |   Core 0  |
+--------------------------------+-----------+
|       Runtime (RDTSC) [s]      |    0.0345 |
|      Runtime unhalted [s]      |    0.0330 |
|           Clock [MHz]          | 2494.1710 |
|               CPI              |    0.4251 |
|  L2D load bandwidth [MBytes/s] |  703.8457 |
|  L2D load data volume [GBytes] |    0.0243 |
| L2D evict bandwidth [MBytes/s] |    4.4866 |
| L2D evict data volume [GBytes] |    0.0002 |
|     L2 bandwidth [MBytes/s]    |  711.4037 |
|     L2 data volume [GBytes]    |    0.0245 |
+--------------------------------+-----------+

--------------------------------------------------------------------------------
CPU name:	Intel(R) Core(TM) i7-6500U CPU @ 2.50GHz
CPU type:	Intel Skylake processor
CPU clock:	2.59 GHz
--------------------------------------------------------------------------------
Bloom Join
-----------------
524288 Buckets 3 Hash Functions
Initialization: 0 ms 
Bloom Filter Generation: 342448 ms 
Join Core: 35 ms 
10970 linhas
342484 ms 

--------------------------------------------------------------------------------
Region Initialization, Group 1: L2
+-------------------+----------+
|    Region Info    |  Core 0  |
+-------------------+----------+
| RDTSC Runtime [s] | 0.000047 |
|     call count    |        1 |
+-------------------+----------+

+-----------------------+---------+--------+
|         Event         | Counter | Core 0 |
+-----------------------+---------+--------+
|   INSTR_RETIRED_ANY   |  FIXC0  | 119530 |
| CPU_CLK_UNHALTED_CORE |  FIXC1  |  86560 |
|  CPU_CLK_UNHALTED_REF |  FIXC2  | 107028 |
|    L1D_REPLACEMENT    |   PMC0  |    582 |
|      L1D_M_EVICT      |   PMC1  |    359 |
| ICACHE_64B_IFTAG_MISS |   PMC2  |    640 |
+-----------------------+---------+--------+

+--------------------------------+--------------+
|             Metric             |    Core 0    |
+--------------------------------+--------------+
|       Runtime (RDTSC) [s]      | 4.682777e-05 |
|      Runtime unhalted [s]      | 3.339534e-05 |
|           Clock [MHz]          |    2096.2894 |
|               CPI              |       0.7242 |
|  L2D load bandwidth [MBytes/s] |     795.4254 |
|  L2D load data volume [GBytes] | 3.724800e-05 |
| L2D evict bandwidth [MBytes/s] |     490.6490 |
| L2D evict data volume [GBytes] | 2.297600e-05 |
|     L2 bandwidth [MBytes/s]    |    2160.7691 |
|     L2 data volume [GBytes]    |       0.0001 |
+--------------------------------+--------------+

Region Generation, Group 1: L2
+-------------------+----------+
|    Region Info    |  Core 0  |
+-------------------+----------+
| RDTSC Runtime [s] | 1.302256 |
|     call count    |  6000000 |
+-------------------+----------+

+-----------------------+---------+-------------+
|         Event         | Counter |    Core 0   |
+-----------------------+---------+-------------+
|   INSTR_RETIRED_ANY   |  FIXC0  | 22471490000 |
| CPU_CLK_UNHALTED_CORE |  FIXC1  | 52648920000 |
|  CPU_CLK_UNHALTED_REF |  FIXC2  | 54714790000 |
|    L1D_REPLACEMENT    |   PMC0  |  1211824000 |
|      L1D_M_EVICT      |   PMC1  |   353510700 |
| ICACHE_64B_IFTAG_MISS |   PMC2  |  2474797000 |
+-----------------------+---------+-------------+

+--------------------------------+-------------+
|             Metric             |    Core 0   |
+--------------------------------+-------------+
|       Runtime (RDTSC) [s]      |      1.3023 |
|      Runtime unhalted [s]      |     20.3123 |
|           Clock [MHz]          |   2494.1130 |
|               CPI              |      2.3429 |
|  L2D load bandwidth [MBytes/s] |  59555.6757 |
|  L2D load data volume [GBytes] |     77.5567 |
| L2D evict bandwidth [MBytes/s] |  17373.4541 |
| L2D evict data volume [GBytes] |     22.6247 |
|     L2 bandwidth [MBytes/s]    | 198554.2234 |
|     L2 data volume [GBytes]    |    258.5684 |
+--------------------------------+-------------+

Region Core, Group 1: L2
+-------------------+----------+
|    Region Info    |  Core 0  |
+-------------------+----------+
| RDTSC Runtime [s] | 0.034534 |
|     call count    |        1 |
+-------------------+----------+

+-----------------------+---------+-----------+
|         Event         | Counter |   Core 0  |
+-----------------------+---------+-----------+
|   INSTR_RETIRED_ANY   |  FIXC0  | 201123800 |
| CPU_CLK_UNHALTED_CORE |  FIXC1  |  85404650 |
|  CPU_CLK_UNHALTED_REF |  FIXC2  |  88754180 |
|    L1D_REPLACEMENT    |   PMC0  |    376296 |
|      L1D_M_EVICT      |   PMC1  |      2396 |
| ICACHE_64B_IFTAG_MISS |   PMC2  |      1337 |
+-----------------------+---------+-----------+

+--------------------------------+-----------+
|             Metric             |   Core 0  |
+--------------------------------+-----------+
|       Runtime (RDTSC) [s]      |    0.0345 |
|      Runtime unhalted [s]      |    0.0329 |
|           Clock [MHz]          | 2494.1588 |
|               CPI              |    0.4246 |
|  L2D load bandwidth [MBytes/s] |  697.3592 |
|  L2D load data volume [GBytes] |    0.0241 |
| L2D evict bandwidth [MBytes/s] |    4.4403 |
| L2D evict data volume [GBytes] |    0.0002 |
|     L2 bandwidth [MBytes/s]    |  704.2773 |
|     L2 data volume [GBytes]    |    0.0243 |
+--------------------------------+-----------+

--------------------------------------------------------------------------------
CPU name:	Intel(R) Core(TM) i7-6500U CPU @ 2.50GHz
CPU type:	Intel Skylake processor
CPU clock:	2.59 GHz
--------------------------------------------------------------------------------
Bloom Join
-----------------
524288 Buckets 3 Hash Functions
Initialization: 0 ms 
Bloom Filter Generation: 334763 ms 
Join Core: 35 ms 
10970 linhas
334799 ms 

--------------------------------------------------------------------------------
Region Initialization, Group 1: L2
+-------------------+----------+
|    Region Info    |  Core 0  |
+-------------------+----------+
| RDTSC Runtime [s] | 0.000037 |
|     call count    |        1 |
+-------------------+----------+

+-----------------------+---------+--------+
|         Event         | Counter | Core 0 |
+-----------------------+---------+--------+
|   INSTR_RETIRED_ANY   |  FIXC0  | 119530 |
| CPU_CLK_UNHALTED_CORE |  FIXC1  |  87993 |
|  CPU_CLK_UNHALTED_REF |  FIXC2  |  84564 |
|    L1D_REPLACEMENT    |   PMC0  |    533 |
|      L1D_M_EVICT      |   PMC1  |    353 |
| ICACHE_64B_IFTAG_MISS |   PMC2  |    638 |
+-----------------------+---------+--------+

+--------------------------------+--------------+
|             Metric             |    Core 0    |
+--------------------------------+--------------+
|       Runtime (RDTSC) [s]      | 3.680505e-05 |
|      Runtime unhalted [s]      | 3.394808e-05 |
|           Clock [MHz]          |    2697.0902 |
|               CPI              |       0.7362 |
|  L2D load bandwidth [MBytes/s] |     926.8293 |
|  L2D load data volume [GBytes] | 3.411200e-05 |
| L2D evict bandwidth [MBytes/s] |     613.8288 |
| L2D evict data volume [GBytes] | 2.259200e-05 |
|     L2 bandwidth [MBytes/s]    |    2650.0711 |
|     L2 data volume [GBytes]    |       0.0001 |
+--------------------------------+--------------+

Region Generation, Group 1: L2
+-------------------+----------+
|    Region Info    |  Core 0  |
+-------------------+----------+
| RDTSC Runtime [s] | 1.307327 |
|     call count    |  6000000 |
+-------------------+----------+

+-----------------------+---------+-------------+
|         Event         | Counter |    Core 0   |
+-----------------------+---------+-------------+
|   INSTR_RETIRED_ANY   |  FIXC0  | 22471490000 |
| CPU_CLK_UNHALTED_CORE |  FIXC1  | 52820900000 |
|  CPU_CLK_UNHALTED_REF |  FIXC2  | 53729100000 |
|    L1D_REPLACEMENT    |   PMC0  |  1108382000 |
|      L1D_M_EVICT      |   PMC1  |   337739700 |
| ICACHE_64B_IFTAG_MISS |   PMC2  |  2232834000 |
+-----------------------+---------+-------------+

+--------------------------------+-------------+
|             Metric             |    Core 0   |
+--------------------------------+-------------+
|       Runtime (RDTSC) [s]      |      1.3073 |
|      Runtime unhalted [s]      |     20.3785 |
|           Clock [MHz]          |   2548.1741 |
|               CPI              |      2.3506 |
|  L2D load bandwidth [MBytes/s] |  54260.6769 |
|  L2D load data volume [GBytes] |     70.9364 |
| L2D evict bandwidth [MBytes/s] |  16533.9971 |
| L2D evict data volume [GBytes] |     21.6153 |
|     L2 bandwidth [MBytes/s]    | 180102.7324 |
|     L2 data volume [GBytes]    |    235.4532 |
+--------------------------------+-------------+

Region Core, Group 1: L2
+-------------------+----------+
|    Region Info    |  Core 0  |
+-------------------+----------+
| RDTSC Runtime [s] | 0.034539 |
|     call count    |        1 |
+-------------------+----------+

+-----------------------+---------+-----------+
|         Event         | Counter |   Core 0  |
+-----------------------+---------+-----------+
|   INSTR_RETIRED_ANY   |  FIXC0  | 201123800 |
| CPU_CLK_UNHALTED_CORE |  FIXC1  |  85437820 |
|  CPU_CLK_UNHALTED_REF |  FIXC2  |  88788640 |
|    L1D_REPLACEMENT    |   PMC0  |    378522 |
|      L1D_M_EVICT      |   PMC1  |      2313 |
| ICACHE_64B_IFTAG_MISS |   PMC2  |      1435 |
+-----------------------+---------+-----------+

+--------------------------------+-----------+
|             Metric             |   Core 0  |
+--------------------------------+-----------+
|       Runtime (RDTSC) [s]      |    0.0345 |
|      Runtime unhalted [s]      |    0.0330 |
|           Clock [MHz]          | 2494.1675 |
|               CPI              |    0.4248 |
|  L2D load bandwidth [MBytes/s] |  701.3920 |
|  L2D load data volume [GBytes] |    0.0242 |
| L2D evict bandwidth [MBytes/s] |    4.2859 |
| L2D evict data volume [GBytes] |    0.0001 |
|     L2 bandwidth [MBytes/s]    |  708.3370 |
|     L2 data volume [GBytes]    |    0.0245 |
+--------------------------------+-----------+

--------------------------------------------------------------------------------
CPU name:	Intel(R) Core(TM) i7-6500U CPU @ 2.50GHz
CPU type:	Intel Skylake processor
CPU clock:	2.59 GHz
--------------------------------------------------------------------------------
Bloom Join
-----------------
524288 Buckets 3 Hash Functions
Initialization: 0 ms 
Bloom Filter Generation: 328989 ms 
Join Core: 35 ms 
10970 linhas
329025 ms 

--------------------------------------------------------------------------------
Region Initialization, Group 1: L2
+-------------------+----------+
|    Region Info    |  Core 0  |
+-------------------+----------+
| RDTSC Runtime [s] | 0.000045 |
|     call count    |        1 |
+-------------------+----------+

+-----------------------+---------+--------+
|         Event         | Counter | Core 0 |
+-----------------------+---------+--------+
|   INSTR_RETIRED_ANY   |  FIXC0  | 119530 |
| CPU_CLK_UNHALTED_CORE |  FIXC1  |  84778 |
|  CPU_CLK_UNHALTED_REF |  FIXC2  | 100116 |
|    L1D_REPLACEMENT    |   PMC0  |    544 |
|      L1D_M_EVICT      |   PMC1  |    361 |
| ICACHE_64B_IFTAG_MISS |   PMC2  |    654 |
+-----------------------+---------+--------+

+--------------------------------+--------------+
|             Metric             |    Core 0    |
+--------------------------------+--------------+
|       Runtime (RDTSC) [s]      | 4.494697e-05 |
|      Runtime unhalted [s]      | 3.271178e-05 |
|           Clock [MHz]          |    2194.6166 |
|               CPI              |       0.7093 |
|  L2D load bandwidth [MBytes/s] |     774.6017 |
|  L2D load data volume [GBytes] | 3.481600e-05 |
| L2D evict bandwidth [MBytes/s] |     514.0280 |
| L2D evict data volume [GBytes] | 2.310400e-05 |
|     L2 bandwidth [MBytes/s]    |    2219.8604 |
|     L2 data volume [GBytes]    |       0.0001 |
+--------------------------------+--------------+

Region Generation, Group 1: L2
+-------------------+----------+
|    Region Info    |  Core 0  |
+-------------------+----------+
| RDTSC Runtime [s] | 1.213102 |
|     call count    |  6000000 |
+-------------------+----------+

+-----------------------+---------+-------------+
|         Event         | Counter |    Core 0   |
+-----------------------+---------+-------------+
|   INSTR_RETIRED_ANY   |  FIXC0  | 22471490000 |
| CPU_CLK_UNHALTED_CORE |  FIXC1  | 50417360000 |
|  CPU_CLK_UNHALTED_REF |  FIXC2  | 50509970000 |
|    L1D_REPLACEMENT    |   PMC0  |  1114923000 |
|      L1D_M_EVICT      |   PMC1  |   327249400 |
| ICACHE_64B_IFTAG_MISS |   PMC2  |  2210977000 |
+-----------------------+---------+-------------+

+--------------------------------+-------------+
|             Metric             |    Core 0   |
+--------------------------------+-------------+
|       Runtime (RDTSC) [s]      |      1.2131 |
|      Runtime unhalted [s]      |     19.4537 |
|           Clock [MHz]          |   2586.9139 |
|               CPI              |      2.2436 |
|  L2D load bandwidth [MBytes/s] |  58820.3399 |
|  L2D load data volume [GBytes] |     71.3551 |
| L2D evict bandwidth [MBytes/s] |  17264.7985 |
| L2D evict data volume [GBytes] |     20.9440 |
|     L2 bandwidth [MBytes/s]    | 192730.3406 |
|     L2 data volume [GBytes]    |    233.8016 |
+--------------------------------+-------------+

Region Core, Group 1: L2
+-------------------+----------+
|    Region Info    |  Core 0  |
+-------------------+----------+
| RDTSC Runtime [s] | 0.034672 |
|     call count    |        1 |
+-------------------+----------+

+-----------------------+---------+-----------+
|         Event         | Counter |   Core 0  |
+-----------------------+---------+-----------+
|   INSTR_RETIRED_ANY   |  FIXC0  | 201123800 |
| CPU_CLK_UNHALTED_CORE |  FIXC1  |  85457050 |
|  CPU_CLK_UNHALTED_REF |  FIXC2  |  88808400 |
|    L1D_REPLACEMENT    |   PMC0  |    379035 |
|      L1D_M_EVICT      |   PMC1  |      2508 |
| ICACHE_64B_IFTAG_MISS |   PMC2  |      1867 |
+-----------------------+---------+-----------+

+--------------------------------+-----------+
|             Metric             |   Core 0  |
+--------------------------------+-----------+
|       Runtime (RDTSC) [s]      |    0.0347 |
|      Runtime unhalted [s]      |    0.0330 |
|           Clock [MHz]          | 2493.8644 |
|               CPI              |    0.4249 |
|  L2D load bandwidth [MBytes/s] |  699.6452 |
|  L2D load data volume [GBytes] |    0.0243 |
| L2D evict bandwidth [MBytes/s] |    4.6294 |
| L2D evict data volume [GBytes] |    0.0002 |
|     L2 bandwidth [MBytes/s]    |  707.7209 |
|     L2 data volume [GBytes]    |    0.0245 |
+--------------------------------+-----------+

--------------------------------------------------------------------------------
CPU name:	Intel(R) Core(TM) i7-6500U CPU @ 2.50GHz
CPU type:	Intel Skylake processor
CPU clock:	2.59 GHz
--------------------------------------------------------------------------------
Bloom Join
-----------------
524288 Buckets 3 Hash Functions
Initialization: 0 ms 
Bloom Filter Generation: 337486 ms 
Join Core: 35 ms 
10970 linhas
337523 ms 

--------------------------------------------------------------------------------
Region Initialization, Group 1: L2
+-------------------+----------+
|    Region Info    |  Core 0  |
+-------------------+----------+
| RDTSC Runtime [s] | 0.000045 |
|     call count    |        1 |
+-------------------+----------+

+-----------------------+---------+--------+
|         Event         | Counter | Core 0 |
+-----------------------+---------+--------+
|   INSTR_RETIRED_ANY   |  FIXC0  | 119530 |
| CPU_CLK_UNHALTED_CORE |  FIXC1  |  83551 |
|  CPU_CLK_UNHALTED_REF |  FIXC2  |  98604 |
|    L1D_REPLACEMENT    |   PMC0  |    561 |
|      L1D_M_EVICT      |   PMC1  |    335 |
| ICACHE_64B_IFTAG_MISS |   PMC2  |    607 |
+-----------------------+---------+--------+

+--------------------------------+--------------+
|             Metric             |    Core 0    |
+--------------------------------+--------------+
|       Runtime (RDTSC) [s]      | 4.495060e-05 |
|      Runtime unhalted [s]      | 3.223426e-05 |
|           Clock [MHz]          |    2196.2970 |
|               CPI              |       0.6990 |
|  L2D load bandwidth [MBytes/s] |     798.7435 |
|  L2D load data volume [GBytes] | 3.590400e-05 |
| L2D evict bandwidth [MBytes/s] |     476.9680 |
| L2D evict data volume [GBytes] | 2.144000e-05 |
|     L2 bandwidth [MBytes/s]    |    2139.9492 |
|     L2 data volume [GBytes]    |       0.0001 |
+--------------------------------+--------------+

Region Generation, Group 1: L2
+-------------------+----------+
|    Region Info    |  Core 0  |
+-------------------+----------+
| RDTSC Runtime [s] | 1.338591 |
|     call count    |  6000000 |
+-------------------+----------+

+-----------------------+---------+-------------+
|         Event         | Counter |    Core 0   |
+-----------------------+---------+-------------+
|   INSTR_RETIRED_ANY   |  FIXC0  | 22471490000 |
| CPU_CLK_UNHALTED_CORE |  FIXC1  | 51421070000 |
|  CPU_CLK_UNHALTED_REF |  FIXC2  | 53438840000 |
|    L1D_REPLACEMENT    |   PMC0  |  1110048000 |
|      L1D_M_EVICT      |   PMC1  |   390677500 |
| ICACHE_64B_IFTAG_MISS |   PMC2  |  2190183000 |
+-----------------------+---------+-------------+

+--------------------------------+-------------+
|             Metric             |    Core 0   |
+--------------------------------+-------------+
|       Runtime (RDTSC) [s]      |      1.3386 |
|      Runtime unhalted [s]      |     19.8384 |
|           Clock [MHz]          |   2494.1240 |
|               CPI              |      2.2883 |
|  L2D load bandwidth [MBytes/s] |  53073.0238 |
|  L2D load data volume [GBytes] |     71.0431 |
| L2D evict bandwidth [MBytes/s] |  18678.8646 |
| L2D evict data volume [GBytes] |     25.0034 |
|     L2 bandwidth [MBytes/s]    | 176467.7515 |
|     L2 data volume [GBytes]    |    236.2181 |
+--------------------------------+-------------+

Region Core, Group 1: L2
+-------------------+----------+
|    Region Info    |  Core 0  |
+-------------------+----------+
| RDTSC Runtime [s] | 0.034664 |
|     call count    |        1 |
+-------------------+----------+

+-----------------------+---------+-----------+
|         Event         | Counter |   Core 0  |
+-----------------------+---------+-----------+
|   INSTR_RETIRED_ANY   |  FIXC0  | 201123800 |
| CPU_CLK_UNHALTED_CORE |  FIXC1  |  85653890 |
|  CPU_CLK_UNHALTED_REF |  FIXC2  |  89013490 |
|    L1D_REPLACEMENT    |   PMC0  |    379684 |
|      L1D_M_EVICT      |   PMC1  |      2977 |
| ICACHE_64B_IFTAG_MISS |   PMC2  |      2251 |
+-----------------------+---------+-----------+

+--------------------------------+-----------+
|             Metric             |   Core 0  |
+--------------------------------+-----------+
|       Runtime (RDTSC) [s]      |    0.0347 |
|      Runtime unhalted [s]      |    0.0330 |
|           Clock [MHz]          | 2494.1652 |
|               CPI              |    0.4259 |
|  L2D load bandwidth [MBytes/s] |  701.0043 |
|  L2D load data volume [GBytes] |    0.0243 |
| L2D evict bandwidth [MBytes/s] |    5.4964 |
| L2D evict data volume [GBytes] |    0.0002 |
|     L2 bandwidth [MBytes/s]    |  710.6567 |
|     L2 data volume [GBytes]    |    0.0246 |
+--------------------------------+-----------+

--------------------------------------------------------------------------------
CPU name:	Intel(R) Core(TM) i7-6500U CPU @ 2.50GHz
CPU type:	Intel Skylake processor
CPU clock:	2.59 GHz
--------------------------------------------------------------------------------
Bloom Join
-----------------
524288 Buckets 3 Hash Functions
Initialization: 0 ms 
Bloom Filter Generation: 300454 ms 
Join Core: 34 ms 
10970 linhas
300491 ms 

--------------------------------------------------------------------------------
Region Initialization, Group 1: L3
+-------------------+----------+
|    Region Info    |  Core 0  |
+-------------------+----------+
| RDTSC Runtime [s] | 0.000128 |
|     call count    |        1 |
+-------------------+----------+

+-----------------------+---------+--------+
|         Event         | Counter | Core 0 |
+-----------------------+---------+--------+
|   INSTR_RETIRED_ANY   |  FIXC0  | 119437 |
| CPU_CLK_UNHALTED_CORE |  FIXC1  |  90623 |
|  CPU_CLK_UNHALTED_REF |  FIXC2  | 294300 |
|    L2_LINES_IN_ALL    |   PMC0  |    795 |
|     L2_TRANS_L2_WB    |   PMC1  |    137 |
+-----------------------+---------+--------+

+-------------------------------+--------------+
|             Metric            |    Core 0    |
+-------------------------------+--------------+
|      Runtime (RDTSC) [s]      |       0.0001 |
|      Runtime unhalted [s]     | 3.496277e-05 |
|          Clock [MHz]          |     798.1432 |
|              CPI              |       0.7588 |
|  L3 load bandwidth [MBytes/s] |     397.7641 |
|  L3 load data volume [GBytes] |       0.0001 |
| L3 evict bandwidth [MBytes/s] |      68.5455 |
| L3 evict data volume [GBytes] | 8.768000e-06 |
|    L3 bandwidth [MBytes/s]    |     466.3097 |
|    L3 data volume [GBytes]    |       0.0001 |
+-------------------------------+--------------+

Region Generation, Group 1: L3
+-------------------+----------+
|    Region Info    |  Core 0  |
+-------------------+----------+
| RDTSC Runtime [s] | 1.351217 |
|     call count    |  6000000 |
+-------------------+----------+

+-----------------------+---------+-------------+
|         Event         | Counter |    Core 0   |
+-----------------------+---------+-------------+
|   INSTR_RETIRED_ANY   |  FIXC0  | 21913490000 |
| CPU_CLK_UNHALTED_CORE |  FIXC1  | 49894100000 |
|  CPU_CLK_UNHALTED_REF |  FIXC2  | 51851790000 |
|    L2_LINES_IN_ALL    |   PMC0  |   698516200 |
|     L2_TRANS_L2_WB    |   PMC1  |   113598600 |
+-----------------------+---------+-------------+

+-------------------------------+------------+
|             Metric            |   Core 0   |
+-------------------------------+------------+
|      Runtime (RDTSC) [s]      |     1.3512 |
|      Runtime unhalted [s]     |    19.2494 |
|          Clock [MHz]          |  2494.1242 |
|              CPI              |     2.2769 |
|  L3 load bandwidth [MBytes/s] | 33085.0165 |
|  L3 load data volume [GBytes] |    44.7050 |
| L3 evict bandwidth [MBytes/s] |  5380.5646 |
| L3 evict data volume [GBytes] |     7.2703 |
|    L3 bandwidth [MBytes/s]    | 38465.5812 |
|    L3 data volume [GBytes]    |    51.9753 |
+-------------------------------+------------+

Region Core, Group 1: L3
+-------------------+----------+
|    Region Info    |  Core 0  |
+-------------------+----------+
| RDTSC Runtime [s] | 0.034574 |
|     call count    |        1 |
+-------------------+----------+

+-----------------------+---------+-----------+
|         Event         | Counter |   Core 0  |
+-----------------------+---------+-----------+
|   INSTR_RETIRED_ANY   |  FIXC0  | 201123700 |
| CPU_CLK_UNHALTED_CORE |  FIXC1  |  85463340 |
|  CPU_CLK_UNHALTED_REF |  FIXC2  |  88815420 |
|    L2_LINES_IN_ALL    |   PMC0  |     41243 |
|     L2_TRANS_L2_WB    |   PMC1  |     23196 |
+-----------------------+---------+-----------+

+-------------------------------+-----------+
|             Metric            |   Core 0  |
+-------------------------------+-----------+
|      Runtime (RDTSC) [s]      |    0.0346 |
|      Runtime unhalted [s]     |    0.0330 |
|          Clock [MHz]          | 2494.1589 |
|              CPI              |    0.4249 |
|  L3 load bandwidth [MBytes/s] |   76.3457 |
|  L3 load data volume [GBytes] |    0.0026 |
| L3 evict bandwidth [MBytes/s] |   42.9386 |
| L3 evict data volume [GBytes] |    0.0015 |
|    L3 bandwidth [MBytes/s]    |  119.2843 |
|    L3 data volume [GBytes]    |    0.0041 |
+-------------------------------+-----------+

--------------------------------------------------------------------------------
CPU name:	Intel(R) Core(TM) i7-6500U CPU @ 2.50GHz
CPU type:	Intel Skylake processor
CPU clock:	2.59 GHz
--------------------------------------------------------------------------------
Bloom Join
-----------------
524288 Buckets 3 Hash Functions
Initialization: 0 ms 
Bloom Filter Generation: 302632 ms 
Join Core: 35 ms 
10970 linhas
302669 ms 

--------------------------------------------------------------------------------
Region Initialization, Group 1: L3
+-------------------+----------+
|    Region Info    |  Core 0  |
+-------------------+----------+
| RDTSC Runtime [s] | 0.000124 |
|     call count    |        1 |
+-------------------+----------+

+-----------------------+---------+--------+
|         Event         | Counter | Core 0 |
+-----------------------+---------+--------+
|   INSTR_RETIRED_ANY   |  FIXC0  | 119437 |
| CPU_CLK_UNHALTED_CORE |  FIXC1  |  87715 |
|  CPU_CLK_UNHALTED_REF |  FIXC2  | 284580 |
|    L2_LINES_IN_ALL    |   PMC0  |    793 |
|     L2_TRANS_L2_WB    |   PMC1  |    138 |
+-----------------------+---------+--------+

+-------------------------------+--------------+
|             Metric            |    Core 0    |
+-------------------------------+--------------+
|      Runtime (RDTSC) [s]      |       0.0001 |
|      Runtime unhalted [s]     | 3.384081e-05 |
|          Clock [MHz]          |     798.9187 |
|              CPI              |       0.7344 |
|  L3 load bandwidth [MBytes/s] |     409.9264 |
|  L3 load data volume [GBytes] |       0.0001 |
| L3 evict bandwidth [MBytes/s] |      71.3365 |
| L3 evict data volume [GBytes] | 8.832000e-06 |
|    L3 bandwidth [MBytes/s]    |     481.2629 |
|    L3 data volume [GBytes]    |       0.0001 |
+-------------------------------+--------------+

Region Generation, Group 1: L3
+-------------------+----------+
|    Region Info    |  Core 0  |
+-------------------+----------+
| RDTSC Runtime [s] | 1.374456 |
|     call count    |  6000000 |
+-------------------+----------+

+-----------------------+---------+-------------+
|         Event         | Counter |    Core 0   |
+-----------------------+---------+-------------+
|   INSTR_RETIRED_ANY   |  FIXC0  | 21913490000 |
| CPU_CLK_UNHALTED_CORE |  FIXC1  | 51462010000 |
|  CPU_CLK_UNHALTED_REF |  FIXC2  | 53482460000 |
|    L2_LINES_IN_ALL    |   PMC0  |   960136700 |
|     L2_TRANS_L2_WB    |   PMC1  |   129108700 |
+-----------------------+---------+-------------+

+-------------------------------+------------+
|             Metric            |   Core 0   |
+-------------------------------+------------+
|      Runtime (RDTSC) [s]      |     1.3745 |
|      Runtime unhalted [s]     |    19.8543 |
|          Clock [MHz]          |  2494.0690 |
|              CPI              |     2.3484 |
|  L3 load bandwidth [MBytes/s] | 44707.6871 |
|  L3 load data volume [GBytes] |    61.4487 |
| L3 evict bandwidth [MBytes/s] |  6011.8016 |
| L3 evict data volume [GBytes] |     8.2630 |
|    L3 bandwidth [MBytes/s]    | 50719.4887 |
|    L3 data volume [GBytes]    |    69.7117 |
+-------------------------------+------------+

Region Core, Group 1: L3
+-------------------+----------+
|    Region Info    |  Core 0  |
+-------------------+----------+
| RDTSC Runtime [s] | 0.034570 |
|     call count    |        1 |
+-------------------+----------+

+-----------------------+---------+-----------+
|         Event         | Counter |   Core 0  |
+-----------------------+---------+-----------+
|   INSTR_RETIRED_ANY   |  FIXC0  | 201123700 |
| CPU_CLK_UNHALTED_CORE |  FIXC1  |  85428190 |
|  CPU_CLK_UNHALTED_REF |  FIXC2  |  88778270 |
|    L2_LINES_IN_ALL    |   PMC0  |     37921 |
|     L2_TRANS_L2_WB    |   PMC1  |     25478 |
+-----------------------+---------+-----------+

+-------------------------------+-----------+
|             Metric            |   Core 0  |
+-------------------------------+-----------+
|      Runtime (RDTSC) [s]      |    0.0346 |
|      Runtime unhalted [s]     |    0.0330 |
|          Clock [MHz]          | 2494.1790 |
|              CPI              |    0.4248 |
|  L3 load bandwidth [MBytes/s] |   70.2041 |
|  L3 load data volume [GBytes] |    0.0024 |
| L3 evict bandwidth [MBytes/s] |   47.1681 |
| L3 evict data volume [GBytes] |    0.0016 |
|    L3 bandwidth [MBytes/s]    |  117.3722 |
|    L3 data volume [GBytes]    |    0.0041 |
+-------------------------------+-----------+

--------------------------------------------------------------------------------
CPU name:	Intel(R) Core(TM) i7-6500U CPU @ 2.50GHz
CPU type:	Intel Skylake processor
CPU clock:	2.59 GHz
--------------------------------------------------------------------------------
Bloom Join
-----------------
524288 Buckets 3 Hash Functions
Initialization: 0 ms 
Bloom Filter Generation: 304967 ms 
Join Core: 35 ms 
10970 linhas
305005 ms 

--------------------------------------------------------------------------------
Region Initialization, Group 1: L3
+-------------------+----------+
|    Region Info    |  Core 0  |
+-------------------+----------+
| RDTSC Runtime [s] | 0.000130 |
|     call count    |        1 |
+-------------------+----------+

+-----------------------+---------+--------+
|         Event         | Counter | Core 0 |
+-----------------------+---------+--------+
|   INSTR_RETIRED_ANY   |  FIXC0  | 119437 |
| CPU_CLK_UNHALTED_CORE |  FIXC1  |  91174 |
|  CPU_CLK_UNHALTED_REF |  FIXC2  | 296460 |
|    L2_LINES_IN_ALL    |   PMC0  |   1672 |
|     L2_TRANS_L2_WB    |   PMC1  |    361 |
+-----------------------+---------+--------+

+-------------------------------+--------------+
|             Metric            |    Core 0    |
+-------------------------------+--------------+
|      Runtime (RDTSC) [s]      |       0.0001 |
|      Runtime unhalted [s]     | 3.517535e-05 |
|          Clock [MHz]          |     797.1453 |
|              CPI              |       0.7634 |
|  L3 load bandwidth [MBytes/s] |     823.7943 |
|  L3 load data volume [GBytes] |       0.0001 |
| L3 evict bandwidth [MBytes/s] |     177.8647 |
| L3 evict data volume [GBytes] | 2.310400e-05 |
|    L3 bandwidth [MBytes/s]    |    1001.6590 |
|    L3 data volume [GBytes]    |       0.0001 |
+-------------------------------+--------------+

Region Generation, Group 1: L3
+-------------------+----------+
|    Region Info    |  Core 0  |
+-------------------+----------+
| RDTSC Runtime [s] | 1.387768 |
|     call count    |  6000000 |
+-------------------+----------+

+-----------------------+---------+-------------+
|         Event         | Counter |    Core 0   |
+-----------------------+---------+-------------+
|   INSTR_RETIRED_ANY   |  FIXC0  | 21913490000 |
| CPU_CLK_UNHALTED_CORE |  FIXC1  | 50611470000 |
|  CPU_CLK_UNHALTED_REF |  FIXC2  | 52598880000 |
|    L2_LINES_IN_ALL    |   PMC0  |   868066900 |
|     L2_TRANS_L2_WB    |   PMC1  |   140552300 |
+-----------------------+---------+-------------+

+-------------------------------+------------+
|             Metric            |   Core 0   |
+-------------------------------+------------+
|      Runtime (RDTSC) [s]      |     1.3878 |
|      Runtime unhalted [s]     |    19.5261 |
|          Clock [MHz]          |  2494.0494 |
|              CPI              |     2.3096 |
|  L3 load bandwidth [MBytes/s] | 40032.8308 |
|  L3 load data volume [GBytes] |    55.5563 |
| L3 evict bandwidth [MBytes/s] |  6481.8811 |
| L3 evict data volume [GBytes] |     8.9953 |
|    L3 bandwidth [MBytes/s]    | 46514.7120 |
|    L3 data volume [GBytes]    |    64.5516 |
+-------------------------------+------------+

Region Core, Group 1: L3
+-------------------+----------+
|    Region Info    |  Core 0  |
+-------------------+----------+
| RDTSC Runtime [s] | 0.034750 |
|     call count    |        1 |
+-------------------+----------+

+-----------------------+---------+-----------+
|         Event         | Counter |   Core 0  |
+-----------------------+---------+-----------+
|   INSTR_RETIRED_ANY   |  FIXC0  | 201123700 |
| CPU_CLK_UNHALTED_CORE |  FIXC1  |  85683700 |
|  CPU_CLK_UNHALTED_REF |  FIXC2  |  89043620 |
|    L2_LINES_IN_ALL    |   PMC0  |     40742 |
|     L2_TRANS_L2_WB    |   PMC1  |     23785 |
+-----------------------+---------+-----------+

+-------------------------------+-----------+
|             Metric            |   Core 0  |
+-------------------------------+-----------+
|      Runtime (RDTSC) [s]      |    0.0348 |
|      Runtime unhalted [s]     |    0.0331 |
|          Clock [MHz]          | 2494.1812 |
|              CPI              |    0.4260 |
|  L3 load bandwidth [MBytes/s] |   75.0353 |
|  L3 load data volume [GBytes] |    0.0026 |
| L3 evict bandwidth [MBytes/s] |   43.8053 |
| L3 evict data volume [GBytes] |    0.0015 |
|    L3 bandwidth [MBytes/s]    |  118.8406 |
|    L3 data volume [GBytes]    |    0.0041 |
+-------------------------------+-----------+

--------------------------------------------------------------------------------
CPU name:	Intel(R) Core(TM) i7-6500U CPU @ 2.50GHz
CPU type:	Intel Skylake processor
CPU clock:	2.59 GHz
--------------------------------------------------------------------------------
Bloom Join
-----------------
524288 Buckets 3 Hash Functions
Initialization: 0 ms 
Bloom Filter Generation: 273419 ms 
Join Core: 35 ms 
10970 linhas
273456 ms 

--------------------------------------------------------------------------------
Region Initialization, Group 1: L3
+-------------------+----------+
|    Region Info    |  Core 0  |
+-------------------+----------+
| RDTSC Runtime [s] | 0.000122 |
|     call count    |        1 |
+-------------------+----------+

+-----------------------+---------+--------+
|         Event         | Counter | Core 0 |
+-----------------------+---------+--------+
|   INSTR_RETIRED_ANY   |  FIXC0  | 119437 |
| CPU_CLK_UNHALTED_CORE |  FIXC1  |  84127 |
|  CPU_CLK_UNHALTED_REF |  FIXC2  | 272808 |
|    L2_LINES_IN_ALL    |   PMC0  |    828 |
|     L2_TRANS_L2_WB    |   PMC1  |    167 |
+-----------------------+---------+--------+

+-------------------------------+--------------+
|             Metric            |    Core 0    |
+-------------------------------+--------------+
|      Runtime (RDTSC) [s]      |       0.0001 |
|      Runtime unhalted [s]     | 3.245648e-05 |
|          Clock [MHz]          |     799.3045 |
|              CPI              |       0.7044 |
|  L3 load bandwidth [MBytes/s] |     435.8633 |
|  L3 load data volume [GBytes] |       0.0001 |
| L3 evict bandwidth [MBytes/s] |      87.9096 |
| L3 evict data volume [GBytes] | 1.068800e-05 |
|    L3 bandwidth [MBytes/s]    |     523.7729 |
|    L3 data volume [GBytes]    |       0.0001 |
+-------------------------------+--------------+

Region Generation, Group 1: L3
+-------------------+----------+
|    Region Info    |  Core 0  |
+-------------------+----------+
| RDTSC Runtime [s] | 1.396020 |
|     call count    |  6000000 |
+-------------------+----------+

+-----------------------+---------+-------------+
|         Event         | Counter |    Core 0   |
+-----------------------+---------+-------------+
|   INSTR_RETIRED_ANY   |  FIXC0  | 21913490000 |
| CPU_CLK_UNHALTED_CORE |  FIXC1  | 54873360000 |
|  CPU_CLK_UNHALTED_REF |  FIXC2  | 49170240000 |
|    L2_LINES_IN_ALL    |   PMC0  |   867509800 |
|     L2_TRANS_L2_WB    |   PMC1  |   145820000 |
+-----------------------+---------+-------------+

+-------------------------------+------------+
|             Metric            |   Core 0   |
+-------------------------------+------------+
|      Runtime (RDTSC) [s]      |     1.3960 |
|      Runtime unhalted [s]     |    21.1703 |
|          Clock [MHz]          |  2892.6319 |
|              CPI              |     2.5041 |
|  L3 load bandwidth [MBytes/s] | 39770.6531 |
|  L3 load data volume [GBytes] |    55.5206 |
| L3 evict bandwidth [MBytes/s] |  6685.0618 |
| L3 evict data volume [GBytes] |     9.3325 |
|    L3 bandwidth [MBytes/s]    | 46455.7150 |
|    L3 data volume [GBytes]    |    64.8531 |
+-------------------------------+------------+

Region Core, Group 1: L3
+-------------------+----------+
|    Region Info    |  Core 0  |
+-------------------+----------+
| RDTSC Runtime [s] | 0.034704 |
|     call count    |        1 |
+-------------------+----------+

+-----------------------+---------+-----------+
|         Event         | Counter |   Core 0  |
+-----------------------+---------+-----------+
|   INSTR_RETIRED_ANY   |  FIXC0  | 201123700 |
| CPU_CLK_UNHALTED_CORE |  FIXC1  |  85816120 |
|  CPU_CLK_UNHALTED_REF |  FIXC2  |  89180890 |
|    L2_LINES_IN_ALL    |   PMC0  |     41283 |
|     L2_TRANS_L2_WB    |   PMC1  |     21910 |
+-----------------------+---------+-----------+

+-------------------------------+-----------+
|             Metric            |   Core 0  |
+-------------------------------+-----------+
|      Runtime (RDTSC) [s]      |    0.0347 |
|      Runtime unhalted [s]     |    0.0331 |
|          Clock [MHz]          | 2494.1985 |
|              CPI              |    0.4267 |
|  L3 load bandwidth [MBytes/s] |   76.1325 |
|  L3 load data volume [GBytes] |    0.0026 |
| L3 evict bandwidth [MBytes/s] |   40.4056 |
| L3 evict data volume [GBytes] |    0.0014 |
|    L3 bandwidth [MBytes/s]    |  116.5381 |
|    L3 data volume [GBytes]    |    0.0040 |
+-------------------------------+-----------+

--------------------------------------------------------------------------------
CPU name:	Intel(R) Core(TM) i7-6500U CPU @ 2.50GHz
CPU type:	Intel Skylake processor
CPU clock:	2.59 GHz
--------------------------------------------------------------------------------
Bloom Join
-----------------
524288 Buckets 3 Hash Functions
Initialization: 0 ms 
Bloom Filter Generation: 306635 ms 
Join Core: 35 ms 
10970 linhas
306672 ms 

--------------------------------------------------------------------------------
Region Initialization, Group 1: L3
+-------------------+----------+
|    Region Info    |  Core 0  |
+-------------------+----------+
| RDTSC Runtime [s] | 0.000126 |
|     call count    |        1 |
+-------------------+----------+

+-----------------------+---------+--------+
|         Event         | Counter | Core 0 |
+-----------------------+---------+--------+
|   INSTR_RETIRED_ANY   |  FIXC0  | 119437 |
| CPU_CLK_UNHALTED_CORE |  FIXC1  |  90877 |
|  CPU_CLK_UNHALTED_REF |  FIXC2  | 295056 |
|    L2_LINES_IN_ALL    |   PMC0  |   1217 |
|     L2_TRANS_L2_WB    |   PMC1  |    204 |
+-----------------------+---------+--------+

+-------------------------------+--------------+
|             Metric            |    Core 0    |
+-------------------------------+--------------+
|      Runtime (RDTSC) [s]      |       0.0001 |
|      Runtime unhalted [s]     | 3.506077e-05 |
|          Clock [MHz]          |     798.3292 |
|              CPI              |       0.7609 |
|  L3 load bandwidth [MBytes/s] |     616.0748 |
|  L3 load data volume [GBytes] |       0.0001 |
| L3 evict bandwidth [MBytes/s] |     103.2697 |
| L3 evict data volume [GBytes] | 1.305600e-05 |
|    L3 bandwidth [MBytes/s]    |     719.3446 |
|    L3 data volume [GBytes]    |       0.0001 |
+-------------------------------+--------------+

Region Generation, Group 1: L3
+-------------------+----------+
|    Region Info    |  Core 0  |
+-------------------+----------+
| RDTSC Runtime [s] | 1.458452 |
|     call count    |  6000000 |
+-------------------+----------+

+-----------------------+---------+-------------+
|         Event         | Counter |    Core 0   |
+-----------------------+---------+-------------+
|   INSTR_RETIRED_ANY   |  FIXC0  | 21913490000 |
| CPU_CLK_UNHALTED_CORE |  FIXC1  | 53090480000 |
|  CPU_CLK_UNHALTED_REF |  FIXC2  | 55174810000 |
|    L2_LINES_IN_ALL    |   PMC0  |  1156283000 |
|     L2_TRANS_L2_WB    |   PMC1  |   210972000 |
+-----------------------+---------+-------------+

+-------------------------------+------------+
|             Metric            |   Core 0   |
+-------------------------------+------------+
|      Runtime (RDTSC) [s]      |     1.4585 |
|      Runtime unhalted [s]     |    20.4826 |
|          Clock [MHz]          |  2494.0680 |
|              CPI              |     2.4227 |
|  L3 load bandwidth [MBytes/s] | 50740.1766 |
|  L3 load data volume [GBytes] |    74.0021 |
| L3 evict bandwidth [MBytes/s] |  9257.9036 |
| L3 evict data volume [GBytes] |    13.5022 |
|    L3 bandwidth [MBytes/s]    | 59998.0802 |
|    L3 data volume [GBytes]    |    87.5043 |
+-------------------------------+------------+

Region Core, Group 1: L3
+-------------------+----------+
|    Region Info    |  Core 0  |
+-------------------+----------+
| RDTSC Runtime [s] | 0.034843 |
|     call count    |        1 |
+-------------------+----------+

+-----------------------+---------+-----------+
|         Event         | Counter |   Core 0  |
+-----------------------+---------+-----------+
|   INSTR_RETIRED_ANY   |  FIXC0  | 201123700 |
| CPU_CLK_UNHALTED_CORE |  FIXC1  |  85932710 |
|  CPU_CLK_UNHALTED_REF |  FIXC2  |  89302280 |
|    L2_LINES_IN_ALL    |   PMC0  |    113965 |
|     L2_TRANS_L2_WB    |   PMC1  |     24217 |
+-----------------------+---------+-----------+

+-------------------------------+-----------+
|             Metric            |   Core 0  |
+-------------------------------+-----------+
|      Runtime (RDTSC) [s]      |    0.0348 |
|      Runtime unhalted [s]     |    0.0332 |
|          Clock [MHz]          | 2494.1838 |
|              CPI              |    0.4273 |
|  L3 load bandwidth [MBytes/s] |  209.3298 |
|  L3 load data volume [GBytes] |    0.0073 |
| L3 evict bandwidth [MBytes/s] |   44.4816 |
| L3 evict data volume [GBytes] |    0.0015 |
|    L3 bandwidth [MBytes/s]    |  253.8114 |
|    L3 data volume [GBytes]    |    0.0088 |
+-------------------------------+-----------+

--------------------------------------------------------------------------------
CPU name:	Intel(R) Core(TM) i7-6500U CPU @ 2.50GHz
CPU type:	Intel Skylake processor
CPU clock:	2.59 GHz
--------------------------------------------------------------------------------
Bloom Join
-----------------
524288 Buckets 3 Hash Functions
Initialization: 0 ms 
Bloom Filter Generation: 301394 ms 
Join Core: 34 ms 
10970 linhas
301431 ms 

--------------------------------------------------------------------------------
Region Initialization, Group 1: L3
+-------------------+----------+
|    Region Info    |  Core 0  |
+-------------------+----------+
| RDTSC Runtime [s] | 0.000125 |
|     call count    |        1 |
+-------------------+----------+

+-----------------------+---------+--------+
|         Event         | Counter | Core 0 |
+-----------------------+---------+--------+
|   INSTR_RETIRED_ANY   |  FIXC0  | 119437 |
| CPU_CLK_UNHALTED_CORE |  FIXC1  |  87171 |
|  CPU_CLK_UNHALTED_REF |  FIXC2  | 283068 |
|    L2_LINES_IN_ALL    |   PMC0  |    832 |
|     L2_TRANS_L2_WB    |   PMC1  |    195 |
+-----------------------+---------+--------+

+-------------------------------+--------------+
|             Metric            |    Core 0    |
+-------------------------------+--------------+
|      Runtime (RDTSC) [s]      |       0.0001 |
|      Runtime unhalted [s]     | 3.363088e-05 |
|          Clock [MHz]          |     798.2062 |
|              CPI              |       0.7298 |
|  L3 load bandwidth [MBytes/s] |     425.9448 |
|  L3 load data volume [GBytes] |       0.0001 |
| L3 evict bandwidth [MBytes/s] |      99.8308 |
| L3 evict data volume [GBytes] | 1.248000e-05 |
|    L3 bandwidth [MBytes/s]    |     525.7756 |
|    L3 data volume [GBytes]    |       0.0001 |
+-------------------------------+--------------+

Region Generation, Group 1: L3
+-------------------+----------+
|    Region Info    |  Core 0  |
+-------------------+----------+
| RDTSC Runtime [s] | 1.302900 |
|     call count    |  6000000 |
+-------------------+----------+

+-----------------------+---------+-------------+
|         Event         | Counter |    Core 0   |
+-----------------------+---------+-------------+
|   INSTR_RETIRED_ANY   |  FIXC0  | 21913490000 |
| CPU_CLK_UNHALTED_CORE |  FIXC1  | 50211780000 |
|  CPU_CLK_UNHALTED_REF |  FIXC2  | 52183650000 |
|    L2_LINES_IN_ALL    |   PMC0  |   609093000 |
|     L2_TRANS_L2_WB    |   PMC1  |   115282600 |
+-----------------------+---------+-------------+

+-------------------------------+------------+
|             Metric            |   Core 0   |
+-------------------------------+------------+
|      Runtime (RDTSC) [s]      |     1.3029 |
|      Runtime unhalted [s]     |    19.3719 |
|          Clock [MHz]          |  2494.0490 |
|              CPI              |     2.2914 |
|  L3 load bandwidth [MBytes/s] | 29919.3737 |
|  L3 load data volume [GBytes] |    38.9820 |
| L3 evict bandwidth [MBytes/s] |  5662.8186 |
| L3 evict data volume [GBytes] |     7.3781 |
|    L3 bandwidth [MBytes/s]    | 35582.1923 |
|    L3 data volume [GBytes]    |    46.3600 |
+-------------------------------+------------+

Region Core, Group 1: L3
+-------------------+----------+
|    Region Info    |  Core 0  |
+-------------------+----------+
| RDTSC Runtime [s] | 0.034507 |
|     call count    |        1 |
+-------------------+----------+

+-----------------------+---------+-----------+
|         Event         | Counter |   Core 0  |
+-----------------------+---------+-----------+
|   INSTR_RETIRED_ANY   |  FIXC0  | 201123700 |
| CPU_CLK_UNHALTED_CORE |  FIXC1  |  85522150 |
|  CPU_CLK_UNHALTED_REF |  FIXC2  |  88876010 |
|    L2_LINES_IN_ALL    |   PMC0  |     38047 |
|     L2_TRANS_L2_WB    |   PMC1  |     23860 |
+-----------------------+---------+-----------+

+-------------------------------+-----------+
|             Metric            |   Core 0  |
+-------------------------------+-----------+
|      Runtime (RDTSC) [s]      |    0.0345 |
|      Runtime unhalted [s]     |    0.0330 |
|          Clock [MHz]          | 2494.1805 |
|              CPI              |    0.4252 |
|  L3 load bandwidth [MBytes/s] |   70.5666 |
|  L3 load data volume [GBytes] |    0.0024 |
| L3 evict bandwidth [MBytes/s] |   44.2537 |
| L3 evict data volume [GBytes] |    0.0015 |
|    L3 bandwidth [MBytes/s]    |  114.8203 |
|    L3 data volume [GBytes]    |    0.0040 |
+-------------------------------+-----------+

--------------------------------------------------------------------------------
CPU name:	Intel(R) Core(TM) i7-6500U CPU @ 2.50GHz
CPU type:	Intel Skylake processor
CPU clock:	2.59 GHz
--------------------------------------------------------------------------------
Bloom Join
-----------------
524288 Buckets 3 Hash Functions
Initialization: 0 ms 
Bloom Filter Generation: 305419 ms 
Join Core: 34 ms 
10970 linhas
305456 ms 

--------------------------------------------------------------------------------
Region Initialization, Group 1: L3
+-------------------+----------+
|    Region Info    |  Core 0  |
+-------------------+----------+
| RDTSC Runtime [s] | 0.000122 |
|     call count    |        1 |
+-------------------+----------+

+-----------------------+---------+--------+
|         Event         | Counter | Core 0 |
+-----------------------+---------+--------+
|   INSTR_RETIRED_ANY   |  FIXC0  | 119437 |
| CPU_CLK_UNHALTED_CORE |  FIXC1  |  86610 |
|  CPU_CLK_UNHALTED_REF |  FIXC2  | 281340 |
|    L2_LINES_IN_ALL    |   PMC0  |    746 |
|     L2_TRANS_L2_WB    |   PMC1  |    135 |
+-----------------------+---------+--------+

+-------------------------------+--------------+
|             Metric            |    Core 0    |
+-------------------------------+--------------+
|      Runtime (RDTSC) [s]      |       0.0001 |
|      Runtime unhalted [s]     | 3.341455e-05 |
|          Clock [MHz]          |     797.9376 |
|              CPI              |       0.7252 |
|  L3 load bandwidth [MBytes/s] |     391.3959 |
|  L3 load data volume [GBytes] | 4.774400e-05 |
| L3 evict bandwidth [MBytes/s] |      70.8290 |
| L3 evict data volume [GBytes] | 8.640000e-06 |
|    L3 bandwidth [MBytes/s]    |     462.2249 |
|    L3 data volume [GBytes]    |       0.0001 |
+-------------------------------+--------------+

Region Generation, Group 1: L3
+-------------------+----------+
|    Region Info    |  Core 0  |
+-------------------+----------+
| RDTSC Runtime [s] | 1.375522 |
|     call count    |  6000000 |
+-------------------+----------+

+-----------------------+---------+-------------+
|         Event         | Counter |    Core 0   |
+-----------------------+---------+-------------+
|   INSTR_RETIRED_ANY   |  FIXC0  | 21913490000 |
| CPU_CLK_UNHALTED_CORE |  FIXC1  | 51448650000 |
|  CPU_CLK_UNHALTED_REF |  FIXC2  | 53468350000 |
|    L2_LINES_IN_ALL    |   PMC0  |   887772100 |
|     L2_TRANS_L2_WB    |   PMC1  |   124809700 |
+-----------------------+---------+-------------+

+-------------------------------+------------+
|             Metric            |   Core 0   |
+-------------------------------+------------+
|      Runtime (RDTSC) [s]      |     1.3755 |
|      Runtime unhalted [s]     |    19.8491 |
|          Clock [MHz]          |  2494.0754 |
|              CPI              |     2.3478 |
|  L3 load bandwidth [MBytes/s] | 41306.0746 |
|  L3 load data volume [GBytes] |    56.8174 |
| L3 evict bandwidth [MBytes/s] |  5807.1196 |
| L3 evict data volume [GBytes] |     7.9878 |
|    L3 bandwidth [MBytes/s]    | 47113.1943 |
|    L3 data volume [GBytes]    |    64.8052 |
+-------------------------------+------------+

Region Core, Group 1: L3
+-------------------+----------+
|    Region Info    |  Core 0  |
+-------------------+----------+
| RDTSC Runtime [s] | 0.034641 |
|     call count    |        1 |
+-------------------+----------+

+-----------------------+---------+-----------+
|         Event         | Counter |   Core 0  |
+-----------------------+---------+-----------+
|   INSTR_RETIRED_ANY   |  FIXC0  | 201123700 |
| CPU_CLK_UNHALTED_CORE |  FIXC1  |  85505480 |
|  CPU_CLK_UNHALTED_REF |  FIXC2  |  88859270 |
|    L2_LINES_IN_ALL    |   PMC0  |     38705 |
|     L2_TRANS_L2_WB    |   PMC1  |     21987 |
+-----------------------+---------+-----------+

+-------------------------------+-----------+
|             Metric            |   Core 0  |
+-------------------------------+-----------+
|      Runtime (RDTSC) [s]      |    0.0346 |
|      Runtime unhalted [s]     |    0.0330 |
|          Clock [MHz]          | 2494.1558 |
|              CPI              |    0.4251 |
|  L3 load bandwidth [MBytes/s] |   71.5075 |
|  L3 load data volume [GBytes] |    0.0025 |
| L3 evict bandwidth [MBytes/s] |   40.6210 |
| L3 evict data volume [GBytes] |    0.0014 |
|    L3 bandwidth [MBytes/s]    |  112.1286 |
|    L3 data volume [GBytes]    |    0.0039 |
+-------------------------------+-----------+

