--------------------------------------------------------------------------------
CPU name:	Intel(R) Core(TM) i7-6500U CPU @ 2.50GHz
CPU type:	Intel Skylake processor
CPU clock:	2.59 GHz
--------------------------------------------------------------------------------
Bloom Join
-----------------
1048576 Buckets 4 Hash Functions
Initialization: 0 ms 
Bloom Filter Generation: 416923 ms 
Join Core: 40 ms 
14287 linhas
416965 ms 

--------------------------------------------------------------------------------
Region Initialization, Group 1: L2
+-------------------+----------+
|    Region Info    |  Core 0  |
+-------------------+----------+
| RDTSC Runtime [s] | 0.000222 |
|     call count    |        1 |
+-------------------+----------+

+-----------------------+---------+--------+
|         Event         | Counter | Core 0 |
+-----------------------+---------+--------+
|   INSTR_RETIRED_ANY   |  FIXC0  | 234235 |
| CPU_CLK_UNHALTED_CORE |  FIXC1  | 159341 |
|  CPU_CLK_UNHALTED_REF |  FIXC2  | 459756 |
|    L1D_REPLACEMENT    |   PMC0  |    421 |
|      L1D_M_EVICT      |   PMC1  |    236 |
| ICACHE_64B_IFTAG_MISS |   PMC2  |    647 |
+-----------------------+---------+--------+

+--------------------------------+--------------+
|             Metric             |    Core 0    |
+--------------------------------+--------------+
|       Runtime (RDTSC) [s]      |       0.0002 |
|      Runtime unhalted [s]      |       0.0001 |
|           Clock [MHz]          |     898.3235 |
|               CPI              |       0.6803 |
|  L2D load bandwidth [MBytes/s] |     121.6134 |
|  L2D load data volume [GBytes] | 2.694400e-05 |
| L2D evict bandwidth [MBytes/s] |      68.1728 |
| L2D evict data volume [GBytes] | 1.510400e-05 |
|     L2 bandwidth [MBytes/s]    |     376.6838 |
|     L2 data volume [GBytes]    |       0.0001 |
+--------------------------------+--------------+

Region Generation, Group 1: L2
+-------------------+----------+
|    Region Info    |  Core 0  |
+-------------------+----------+
| RDTSC Runtime [s] | 1.640785 |
|     call count    |  7500000 |
+-------------------+----------+

+-----------------------+---------+-------------+
|         Event         | Counter |    Core 0   |
+-----------------------+---------+-------------+
|   INSTR_RETIRED_ANY   |  FIXC0  | 28068670000 |
| CPU_CLK_UNHALTED_CORE |  FIXC1  | 63207640000 |
|  CPU_CLK_UNHALTED_REF |  FIXC2  | 65688440000 |
|    L1D_REPLACEMENT    |   PMC0  |  1505335000 |
|      L1D_M_EVICT      |   PMC1  |   405236300 |
| ICACHE_64B_IFTAG_MISS |   PMC2  |  2662309000 |
+-----------------------+---------+-------------+

+--------------------------------+-------------+
|             Metric             |    Core 0   |
+--------------------------------+-------------+
|       Runtime (RDTSC) [s]      |      1.6408 |
|      Runtime unhalted [s]      |     24.3858 |
|           Clock [MHz]          |   2494.0964 |
|               CPI              |      2.2519 |
|  L2D load bandwidth [MBytes/s] |  58716.6752 |
|  L2D load data volume [GBytes] |     96.3414 |
| L2D evict bandwidth [MBytes/s] |  15806.5336 |
| L2D evict data volume [GBytes] |     25.9351 |
|     L2 bandwidth [MBytes/s]    | 178368.4878 |
|     L2 data volume [GBytes]    |    292.6643 |
+--------------------------------+-------------+

Region Core, Group 1: L2
+-------------------+----------+
|    Region Info    |  Core 0  |
+-------------------+----------+
| RDTSC Runtime [s] | 0.040205 |
|     call count    |        1 |
+-------------------+----------+

+-----------------------+---------+-----------+
|         Event         | Counter |   Core 0  |
+-----------------------+---------+-----------+
|   INSTR_RETIRED_ANY   |  FIXC0  | 224310000 |
| CPU_CLK_UNHALTED_CORE |  FIXC1  |  98956590 |
|  CPU_CLK_UNHALTED_REF |  FIXC2  | 102837300 |
|    L1D_REPLACEMENT    |   PMC0  |    594058 |
|      L1D_M_EVICT      |   PMC1  |      2368 |
| ICACHE_64B_IFTAG_MISS |   PMC2  |      2081 |
+-----------------------+---------+-----------+

+--------------------------------+-----------+
|             Metric             |   Core 0  |
+--------------------------------+-----------+
|       Runtime (RDTSC) [s]      |    0.0402 |
|      Runtime unhalted [s]      |    0.0382 |
|           Clock [MHz]          | 2494.1735 |
|               CPI              |    0.4412 |
|  L2D load bandwidth [MBytes/s] |  945.6398 |
|  L2D load data volume [GBytes] |    0.0380 |
| L2D evict bandwidth [MBytes/s] |    3.7695 |
| L2D evict data volume [GBytes] |    0.0002 |
|     L2 bandwidth [MBytes/s]    |  952.7218 |
|     L2 data volume [GBytes]    |    0.0383 |
+--------------------------------+-----------+

--------------------------------------------------------------------------------
CPU name:	Intel(R) Core(TM) i7-6500U CPU @ 2.50GHz
CPU type:	Intel Skylake processor
CPU clock:	2.59 GHz
--------------------------------------------------------------------------------
Bloom Join
-----------------
1048576 Buckets 4 Hash Functions
Initialization: 0 ms 
Bloom Filter Generation: 406012 ms 
Join Core: 39 ms 
14287 linhas
406052 ms 

--------------------------------------------------------------------------------
Region Initialization, Group 1: L2
+-------------------+----------+
|    Region Info    |  Core 0  |
+-------------------+----------+
| RDTSC Runtime [s] | 0.000083 |
|     call count    |        1 |
+-------------------+----------+

+-----------------------+---------+--------+
|         Event         | Counter | Core 0 |
+-----------------------+---------+--------+
|   INSTR_RETIRED_ANY   |  FIXC0  | 234235 |
| CPU_CLK_UNHALTED_CORE |  FIXC1  | 157617 |
|  CPU_CLK_UNHALTED_REF |  FIXC2  | 163728 |
|    L1D_REPLACEMENT    |   PMC0  |    403 |
|      L1D_M_EVICT      |   PMC1  |    234 |
| ICACHE_64B_IFTAG_MISS |   PMC2  |    713 |
+-----------------------+---------+--------+

+--------------------------------+--------------+
|             Metric             |    Core 0    |
+--------------------------------+--------------+
|       Runtime (RDTSC) [s]      |       0.0001 |
|      Runtime unhalted [s]      |       0.0001 |
|           Clock [MHz]          |    2495.2401 |
|               CPI              |       0.6729 |
|  L2D load bandwidth [MBytes/s] |     311.5257 |
|  L2D load data volume [GBytes] | 2.579200e-05 |
| L2D evict bandwidth [MBytes/s] |     180.8859 |
| L2D evict data volume [GBytes] | 1.497600e-05 |
|     L2 bandwidth [MBytes/s]    |    1043.5724 |
|     L2 data volume [GBytes]    |       0.0001 |
+--------------------------------+--------------+

Region Generation, Group 1: L2
+-------------------+----------+
|    Region Info    |  Core 0  |
+-------------------+----------+
| RDTSC Runtime [s] | 1.643361 |
|     call count    |  7500000 |
+-------------------+----------+

+-----------------------+---------+-------------+
|         Event         | Counter |    Core 0   |
+-----------------------+---------+-------------+
|   INSTR_RETIRED_ANY   |  FIXC0  | 28068350000 |
| CPU_CLK_UNHALTED_CORE |  FIXC1  | 62668360000 |
|  CPU_CLK_UNHALTED_REF |  FIXC2  | 62189030000 |
|    L1D_REPLACEMENT    |   PMC0  |  1485714000 |
|      L1D_M_EVICT      |   PMC1  |   504052400 |
| ICACHE_64B_IFTAG_MISS |   PMC2  |  2846017000 |
+-----------------------+---------+-------------+

+--------------------------------+-------------+
|             Metric             |    Core 0   |
+--------------------------------+-------------+
|       Runtime (RDTSC) [s]      |      1.6434 |
|      Runtime unhalted [s]      |     24.1778 |
|           Clock [MHz]          |   2611.9616 |
|               CPI              |      2.2327 |
|  L2D load bandwidth [MBytes/s] |  57860.5042 |
|  L2D load data volume [GBytes] |     95.0857 |
| L2D evict bandwidth [MBytes/s] |  19630.1078 |
| L2D evict data volume [GBytes] |     32.2594 |
|     L2 bandwidth [MBytes/s]    | 188327.5419 |
|     L2 data volume [GBytes]    |    309.4901 |
+--------------------------------+-------------+

Region Core, Group 1: L2
+-------------------+----------+
|    Region Info    |  Core 0  |
+-------------------+----------+
| RDTSC Runtime [s] | 0.038654 |
|     call count    |        1 |
+-------------------+----------+

+-----------------------+---------+-----------+
|         Event         | Counter |   Core 0  |
+-----------------------+---------+-----------+
|   INSTR_RETIRED_ANY   |  FIXC0  | 224310000 |
| CPU_CLK_UNHALTED_CORE |  FIXC1  |  95629840 |
|  CPU_CLK_UNHALTED_REF |  FIXC2  |  99380300 |
|    L1D_REPLACEMENT    |   PMC0  |    595006 |
|      L1D_M_EVICT      |   PMC1  |      2868 |
| ICACHE_64B_IFTAG_MISS |   PMC2  |      2423 |
+-----------------------+---------+-----------+

+--------------------------------+-----------+
|             Metric             |   Core 0  |
+--------------------------------+-----------+
|       Runtime (RDTSC) [s]      |    0.0387 |
|      Runtime unhalted [s]      |    0.0369 |
|           Clock [MHz]          | 2494.1661 |
|               CPI              |    0.4263 |
|  L2D load bandwidth [MBytes/s] |  985.1564 |
|  L2D load data volume [GBytes] |    0.0381 |
| L2D evict bandwidth [MBytes/s] |    4.7486 |
| L2D evict data volume [GBytes] |    0.0002 |
|     L2 bandwidth [MBytes/s]    |  993.9168 |
|     L2 data volume [GBytes]    |    0.0384 |
+--------------------------------+-----------+

--------------------------------------------------------------------------------
CPU name:	Intel(R) Core(TM) i7-6500U CPU @ 2.50GHz
CPU type:	Intel Skylake processor
CPU clock:	2.59 GHz
--------------------------------------------------------------------------------
Bloom Join
-----------------
1048576 Buckets 4 Hash Functions
Initialization: 0 ms 
Bloom Filter Generation: 420926 ms 
Join Core: 39 ms 
14287 linhas
420967 ms 

--------------------------------------------------------------------------------
Region Initialization, Group 1: L2
+-------------------+----------+
|    Region Info    |  Core 0  |
+-------------------+----------+
| RDTSC Runtime [s] | 0.000246 |
|     call count    |        1 |
+-------------------+----------+

+-----------------------+---------+--------+
|         Event         | Counter | Core 0 |
+-----------------------+---------+--------+
|   INSTR_RETIRED_ANY   |  FIXC0  | 234235 |
| CPU_CLK_UNHALTED_CORE |  FIXC1  | 157187 |
|  CPU_CLK_UNHALTED_REF |  FIXC2  | 510300 |
|    L1D_REPLACEMENT    |   PMC0  |    411 |
|      L1D_M_EVICT      |   PMC1  |    228 |
| ICACHE_64B_IFTAG_MISS |   PMC2  |    674 |
+-----------------------+---------+--------+

+--------------------------------+--------------+
|             Metric             |    Core 0    |
+--------------------------------+--------------+
|       Runtime (RDTSC) [s]      |       0.0002 |
|      Runtime unhalted [s]      |       0.0001 |
|           Clock [MHz]          |     798.4066 |
|               CPI              |       0.6711 |
|  L2D load bandwidth [MBytes/s] |     106.8014 |
|  L2D load data volume [GBytes] | 2.630400e-05 |
| L2D evict bandwidth [MBytes/s] |      59.2475 |
| L2D evict data volume [GBytes] | 1.459200e-05 |
|     L2 bandwidth [MBytes/s]    |     341.1927 |
|     L2 data volume [GBytes]    |       0.0001 |
+--------------------------------+--------------+

Region Generation, Group 1: L2
+-------------------+----------+
|    Region Info    |  Core 0  |
+-------------------+----------+
| RDTSC Runtime [s] | 1.783505 |
|     call count    |  7500000 |
+-------------------+----------+

+-----------------------+---------+-------------+
|         Event         | Counter |    Core 0   |
+-----------------------+---------+-------------+
|   INSTR_RETIRED_ANY   |  FIXC0  | 28068350000 |
| CPU_CLK_UNHALTED_CORE |  FIXC1  | 63266700000 |
|  CPU_CLK_UNHALTED_REF |  FIXC2  | 65749870000 |
|    L1D_REPLACEMENT    |   PMC0  |  1494957000 |
|      L1D_M_EVICT      |   PMC1  |   491955500 |
| ICACHE_64B_IFTAG_MISS |   PMC2  |  2860843000 |
+-----------------------+---------+-------------+

+--------------------------------+-------------+
|             Metric             |    Core 0   |
+--------------------------------+-------------+
|       Runtime (RDTSC) [s]      |      1.7835 |
|      Runtime unhalted [s]      |     24.4086 |
|           Clock [MHz]          |   2494.0971 |
|               CPI              |      2.2540 |
|  L2D load bandwidth [MBytes/s] |  53645.6293 |
|  L2D load data volume [GBytes] |     95.6772 |
| L2D evict bandwidth [MBytes/s] |  17653.5261 |
| L2D evict data volume [GBytes] |     31.4852 |
|     L2 bandwidth [MBytes/s]    | 173958.7789 |
|     L2 data volume [GBytes]    |    310.2564 |
+--------------------------------+-------------+

Region Core, Group 1: L2
+-------------------+----------+
|    Region Info    |  Core 0  |
+-------------------+----------+
| RDTSC Runtime [s] | 0.038595 |
|     call count    |        1 |
+-------------------+----------+

+-----------------------+---------+-----------+
|         Event         | Counter |   Core 0  |
+-----------------------+---------+-----------+
|   INSTR_RETIRED_ANY   |  FIXC0  | 224310000 |
| CPU_CLK_UNHALTED_CORE |  FIXC1  |  95638080 |
|  CPU_CLK_UNHALTED_REF |  FIXC2  |  99388940 |
|    L1D_REPLACEMENT    |   PMC0  |    593883 |
|      L1D_M_EVICT      |   PMC1  |      2532 |
| ICACHE_64B_IFTAG_MISS |   PMC2  |      1413 |
+-----------------------+---------+-----------+

+--------------------------------+-----------+
|             Metric             |   Core 0  |
+--------------------------------+-----------+
|       Runtime (RDTSC) [s]      |    0.0386 |
|      Runtime unhalted [s]      |    0.0369 |
|           Clock [MHz]          | 2494.1690 |
|               CPI              |    0.4264 |
|  L2D load bandwidth [MBytes/s] |  984.8089 |
|  L2D load data volume [GBytes] |    0.0380 |
| L2D evict bandwidth [MBytes/s] |    4.1987 |
| L2D evict data volume [GBytes] |    0.0002 |
|     L2 bandwidth [MBytes/s]    |  991.3507 |
|     L2 data volume [GBytes]    |    0.0383 |
+--------------------------------+-----------+

--------------------------------------------------------------------------------
CPU name:	Intel(R) Core(TM) i7-6500U CPU @ 2.50GHz
CPU type:	Intel Skylake processor
CPU clock:	2.59 GHz
--------------------------------------------------------------------------------
Bloom Join
-----------------
1048576 Buckets 4 Hash Functions
Initialization: 0 ms 
Bloom Filter Generation: 418307 ms 
Join Core: 38 ms 
14287 linhas
418347 ms 

--------------------------------------------------------------------------------
Region Initialization, Group 1: L2
+-------------------+----------+
|    Region Info    |  Core 0  |
+-------------------+----------+
| RDTSC Runtime [s] | 0.000102 |
|     call count    |        1 |
+-------------------+----------+

+-----------------------+---------+--------+
|         Event         | Counter | Core 0 |
+-----------------------+---------+--------+
|   INSTR_RETIRED_ANY   |  FIXC0  | 234235 |
| CPU_CLK_UNHALTED_CORE |  FIXC1  | 159745 |
|  CPU_CLK_UNHALTED_REF |  FIXC2  | 207792 |
|    L1D_REPLACEMENT    |   PMC0  |    406 |
|      L1D_M_EVICT      |   PMC1  |    224 |
| ICACHE_64B_IFTAG_MISS |   PMC2  |    613 |
+-----------------------+---------+--------+

+--------------------------------+--------------+
|             Metric             |    Core 0    |
+--------------------------------+--------------+
|       Runtime (RDTSC) [s]      |       0.0001 |
|      Runtime unhalted [s]      |       0.0001 |
|           Clock [MHz]          |    1992.6510 |
|               CPI              |       0.6820 |
|  L2D load bandwidth [MBytes/s] |     255.8145 |
|  L2D load data volume [GBytes] | 2.598400e-05 |
| L2D evict bandwidth [MBytes/s] |     141.1390 |
| L2D evict data volume [GBytes] | 1.433600e-05 |
|     L2 bandwidth [MBytes/s]    |     783.1956 |
|     L2 data volume [GBytes]    |       0.0001 |
+--------------------------------+--------------+

Region Generation, Group 1: L2
+-------------------+----------+
|    Region Info    |  Core 0  |
+-------------------+----------+
| RDTSC Runtime [s] | 1.808348 |
|     call count    |  7500000 |
+-------------------+----------+

+-----------------------+---------+-------------+
|         Event         | Counter |    Core 0   |
+-----------------------+---------+-------------+
|   INSTR_RETIRED_ANY   |  FIXC0  | 28068350000 |
| CPU_CLK_UNHALTED_CORE |  FIXC1  | 64406620000 |
|  CPU_CLK_UNHALTED_REF |  FIXC2  | 66934870000 |
|    L1D_REPLACEMENT    |   PMC0  |  1438384000 |
|      L1D_M_EVICT      |   PMC1  |   420632700 |
| ICACHE_64B_IFTAG_MISS |   PMC2  |  3033112000 |
+-----------------------+---------+-------------+

+--------------------------------+-------------+
|             Metric             |    Core 0   |
+--------------------------------+-------------+
|       Runtime (RDTSC) [s]      |      1.8083 |
|      Runtime unhalted [s]      |     24.8484 |
|           Clock [MHz]          |   2494.0829 |
|               CPI              |      2.2946 |
|  L2D load bandwidth [MBytes/s] |  50906.4494 |
|  L2D load data volume [GBytes] |     92.0566 |
| L2D evict bandwidth [MBytes/s] |  14886.7877 |
| L2D evict data volume [GBytes] |     26.9205 |
|     L2 bandwidth [MBytes/s]    | 173139.3718 |
|     L2 data volume [GBytes]    |    313.0962 |
+--------------------------------+-------------+

Region Core, Group 1: L2
+-------------------+----------+
|    Region Info    |  Core 0  |
+-------------------+----------+
| RDTSC Runtime [s] | 0.038625 |
|     call count    |        1 |
+-------------------+----------+

+-----------------------+---------+-----------+
|         Event         | Counter |   Core 0  |
+-----------------------+---------+-----------+
|   INSTR_RETIRED_ANY   |  FIXC0  | 224310000 |
| CPU_CLK_UNHALTED_CORE |  FIXC1  |  95690790 |
|  CPU_CLK_UNHALTED_REF |  FIXC2  |  99443380 |
|    L1D_REPLACEMENT    |   PMC0  |    595912 |
|      L1D_M_EVICT      |   PMC1  |      2702 |
| ICACHE_64B_IFTAG_MISS |   PMC2  |      1593 |
+-----------------------+---------+-----------+

+--------------------------------+-----------+
|             Metric             |   Core 0  |
+--------------------------------+-----------+
|       Runtime (RDTSC) [s]      |    0.0386 |
|      Runtime unhalted [s]      |    0.0369 |
|           Clock [MHz]          | 2494.1758 |
|               CPI              |    0.4266 |
|  L2D load bandwidth [MBytes/s] |  987.3886 |
|  L2D load data volume [GBytes] |    0.0381 |
| L2D evict bandwidth [MBytes/s] |    4.4770 |
| L2D evict data volume [GBytes] |    0.0002 |
|     L2 bandwidth [MBytes/s]    |  994.5051 |
|     L2 data volume [GBytes]    |    0.0384 |
+--------------------------------+-----------+

--------------------------------------------------------------------------------
CPU name:	Intel(R) Core(TM) i7-6500U CPU @ 2.50GHz
CPU type:	Intel Skylake processor
CPU clock:	2.59 GHz
--------------------------------------------------------------------------------
Bloom Join
-----------------
1048576 Buckets 4 Hash Functions
Initialization: 0 ms 
Bloom Filter Generation: 391660 ms 
Join Core: 39 ms 
14287 linhas
391701 ms 

--------------------------------------------------------------------------------
Region Initialization, Group 1: L2
+-------------------+----------+
|    Region Info    |  Core 0  |
+-------------------+----------+
| RDTSC Runtime [s] | 0.000249 |
|     call count    |        1 |
+-------------------+----------+

+-----------------------+---------+--------+
|         Event         | Counter | Core 0 |
+-----------------------+---------+--------+
|   INSTR_RETIRED_ANY   |  FIXC0  | 234235 |
| CPU_CLK_UNHALTED_CORE |  FIXC1  | 161041 |
|  CPU_CLK_UNHALTED_REF |  FIXC2  | 523476 |
|    L1D_REPLACEMENT    |   PMC0  |    415 |
|      L1D_M_EVICT      |   PMC1  |    218 |
| ICACHE_64B_IFTAG_MISS |   PMC2  |    643 |
+-----------------------+---------+--------+

+--------------------------------+--------------+
|             Metric             |    Core 0    |
+--------------------------------+--------------+
|       Runtime (RDTSC) [s]      |       0.0002 |
|      Runtime unhalted [s]      |       0.0001 |
|           Clock [MHz]          |     797.3920 |
|               CPI              |       0.6875 |
|  L2D load bandwidth [MBytes/s] |     106.5027 |
|  L2D load data volume [GBytes] | 2.656000e-05 |
| L2D evict bandwidth [MBytes/s] |      55.9460 |
| L2D evict data volume [GBytes] | 1.395200e-05 |
|     L2 bandwidth [MBytes/s]    |     327.4637 |
|     L2 data volume [GBytes]    |       0.0001 |
+--------------------------------+--------------+

Region Generation, Group 1: L2
+-------------------+----------+
|    Region Info    |  Core 0  |
+-------------------+----------+
| RDTSC Runtime [s] | 1.693800 |
|     call count    |  7500000 |
+-------------------+----------+

+-----------------------+---------+-------------+
|         Event         | Counter |    Core 0   |
+-----------------------+---------+-------------+
|   INSTR_RETIRED_ANY   |  FIXC0  | 28068350000 |
| CPU_CLK_UNHALTED_CORE |  FIXC1  | 65963710000 |
|  CPU_CLK_UNHALTED_REF |  FIXC2  | 62469400000 |
|    L1D_REPLACEMENT    |   PMC0  |  1530031000 |
|      L1D_M_EVICT      |   PMC1  |   466994300 |
| ICACHE_64B_IFTAG_MISS |   PMC2  |  3093421000 |
+-----------------------+---------+-------------+

+--------------------------------+-------------+
|             Metric             |    Core 0   |
+--------------------------------+-------------+
|       Runtime (RDTSC) [s]      |      1.6938 |
|      Runtime unhalted [s]      |     25.4491 |
|           Clock [MHz]          |   2736.9692 |
|               CPI              |      2.3501 |
|  L2D load bandwidth [MBytes/s] |  57812.0109 |
|  L2D load data volume [GBytes] |     97.9220 |
| L2D evict bandwidth [MBytes/s] |  17645.3154 |
| L2D evict data volume [GBytes] |     29.8876 |
|     L2 bandwidth [MBytes/s]    | 192341.8132 |
|     L2 data volume [GBytes]    |    325.7886 |
+--------------------------------+-------------+

Region Core, Group 1: L2
+-------------------+----------+
|    Region Info    |  Core 0  |
+-------------------+----------+
| RDTSC Runtime [s] | 0.038661 |
|     call count    |        1 |
+-------------------+----------+

+-----------------------+---------+-----------+
|         Event         | Counter |   Core 0  |
+-----------------------+---------+-----------+
|   INSTR_RETIRED_ANY   |  FIXC0  | 224310000 |
| CPU_CLK_UNHALTED_CORE |  FIXC1  |  95575790 |
|  CPU_CLK_UNHALTED_REF |  FIXC2  |  99323930 |
|    L1D_REPLACEMENT    |   PMC0  |    595145 |
|      L1D_M_EVICT      |   PMC1  |      2988 |
| ICACHE_64B_IFTAG_MISS |   PMC2  |      2054 |
+-----------------------+---------+-----------+

+--------------------------------+-----------+
|             Metric             |   Core 0  |
+--------------------------------+-----------+
|       Runtime (RDTSC) [s]      |    0.0387 |
|      Runtime unhalted [s]      |    0.0369 |
|           Clock [MHz]          | 2494.1707 |
|               CPI              |    0.4261 |
|  L2D load bandwidth [MBytes/s] |  985.2107 |
|  L2D load data volume [GBytes] |    0.0381 |
| L2D evict bandwidth [MBytes/s] |    4.9464 |
| L2D evict data volume [GBytes] |    0.0002 |
|     L2 bandwidth [MBytes/s]    |  993.5573 |
|     L2 data volume [GBytes]    |    0.0384 |
+--------------------------------+-----------+

--------------------------------------------------------------------------------
CPU name:	Intel(R) Core(TM) i7-6500U CPU @ 2.50GHz
CPU type:	Intel Skylake processor
CPU clock:	2.59 GHz
--------------------------------------------------------------------------------
Bloom Join
-----------------
1048576 Buckets 4 Hash Functions
Initialization: 0 ms 
Bloom Filter Generation: 442856 ms 
Join Core: 39 ms 
14287 linhas
442896 ms 

--------------------------------------------------------------------------------
Region Initialization, Group 1: L2
+-------------------+----------+
|    Region Info    |  Core 0  |
+-------------------+----------+
| RDTSC Runtime [s] | 0.000087 |
|     call count    |        1 |
+-------------------+----------+

+-----------------------+---------+--------+
|         Event         | Counter | Core 0 |
+-----------------------+---------+--------+
|   INSTR_RETIRED_ANY   |  FIXC0  | 234235 |
| CPU_CLK_UNHALTED_CORE |  FIXC1  | 162573 |
|  CPU_CLK_UNHALTED_REF |  FIXC2  | 183276 |
|    L1D_REPLACEMENT    |   PMC0  |    423 |
|      L1D_M_EVICT      |   PMC1  |    241 |
| ICACHE_64B_IFTAG_MISS |   PMC2  |    623 |
+-----------------------+---------+--------+

+--------------------------------+--------------+
|             Metric             |    Core 0    |
+--------------------------------+--------------+
|       Runtime (RDTSC) [s]      |       0.0001 |
|      Runtime unhalted [s]      |       0.0001 |
|           Clock [MHz]          |    2299.1831 |
|               CPI              |       0.6941 |
|  L2D load bandwidth [MBytes/s] |     310.7220 |
|  L2D load data volume [GBytes] | 2.707200e-05 |
| L2D evict bandwidth [MBytes/s] |     177.0307 |
| L2D evict data volume [GBytes] | 1.542400e-05 |
|     L2 bandwidth [MBytes/s]    |     945.3881 |
|     L2 data volume [GBytes]    |       0.0001 |
+--------------------------------+--------------+

Region Generation, Group 1: L2
+-------------------+----------+
|    Region Info    |  Core 0  |
+-------------------+----------+
| RDTSC Runtime [s] | 1.892397 |
|     call count    |  7500000 |
+-------------------+----------+

+-----------------------+---------+-------------+
|         Event         | Counter |    Core 0   |
+-----------------------+---------+-------------+
|   INSTR_RETIRED_ANY   |  FIXC0  | 28068420000 |
| CPU_CLK_UNHALTED_CORE |  FIXC1  | 68040150000 |
|  CPU_CLK_UNHALTED_REF |  FIXC2  | 70710120000 |
|    L1D_REPLACEMENT    |   PMC0  |  1551282000 |
|      L1D_M_EVICT      |   PMC1  |   442261800 |
| ICACHE_64B_IFTAG_MISS |   PMC2  |  3207164000 |
+-----------------------+---------+-------------+

+--------------------------------+-------------+
|             Metric             |    Core 0   |
+--------------------------------+-------------+
|       Runtime (RDTSC) [s]      |      1.8924 |
|      Runtime unhalted [s]      |     26.2503 |
|           Clock [MHz]          |   2494.1032 |
|               CPI              |      2.4241 |
|  L2D load bandwidth [MBytes/s] |  52463.6469 |
|  L2D load data volume [GBytes] |     99.2820 |
| L2D evict bandwidth [MBytes/s] |  14957.0916 |
| L2D evict data volume [GBytes] |     28.3048 |
|     L2 bandwidth [MBytes/s]    | 175885.5564 |
|     L2 data volume [GBytes]    |    332.8453 |
+--------------------------------+-------------+

Region Core, Group 1: L2
+-------------------+----------+
|    Region Info    |  Core 0  |
+-------------------+----------+
| RDTSC Runtime [s] | 0.038709 |
|     call count    |        1 |
+-------------------+----------+

+-----------------------+---------+-----------+
|         Event         | Counter |   Core 0  |
+-----------------------+---------+-----------+
|   INSTR_RETIRED_ANY   |  FIXC0  | 224310000 |
| CPU_CLK_UNHALTED_CORE |  FIXC1  |  95655820 |
|  CPU_CLK_UNHALTED_REF |  FIXC2  |  99406760 |
|    L1D_REPLACEMENT    |   PMC0  |    594713 |
|      L1D_M_EVICT      |   PMC1  |      3053 |
| ICACHE_64B_IFTAG_MISS |   PMC2  |      1819 |
+-----------------------+---------+-----------+

+--------------------------------+-----------+
|             Metric             |   Core 0  |
+--------------------------------+-----------+
|       Runtime (RDTSC) [s]      |    0.0387 |
|      Runtime unhalted [s]      |    0.0369 |
|           Clock [MHz]          | 2494.1709 |
|               CPI              |    0.4264 |
|  L2D load bandwidth [MBytes/s] |  983.2814 |
|  L2D load data volume [GBytes] |    0.0381 |
| L2D evict bandwidth [MBytes/s] |    5.0477 |
| L2D evict data volume [GBytes] |    0.0002 |
|     L2 bandwidth [MBytes/s]    |  991.3366 |
|     L2 data volume [GBytes]    |    0.0384 |
+--------------------------------+-----------+

--------------------------------------------------------------------------------
CPU name:	Intel(R) Core(TM) i7-6500U CPU @ 2.50GHz
CPU type:	Intel Skylake processor
CPU clock:	2.59 GHz
--------------------------------------------------------------------------------
Bloom Join
-----------------
1048576 Buckets 4 Hash Functions
Initialization: 0 ms 
Bloom Filter Generation: 427526 ms 
Join Core: 41 ms 
14287 linhas
427569 ms 

--------------------------------------------------------------------------------
Region Initialization, Group 1: L2
+-------------------+----------+
|    Region Info    |  Core 0  |
+-------------------+----------+
| RDTSC Runtime [s] | 0.000248 |
|     call count    |        1 |
+-------------------+----------+

+-----------------------+---------+--------+
|         Event         | Counter | Core 0 |
+-----------------------+---------+--------+
|   INSTR_RETIRED_ANY   |  FIXC0  | 234235 |
| CPU_CLK_UNHALTED_CORE |  FIXC1  | 159229 |
|  CPU_CLK_UNHALTED_REF |  FIXC2  | 517320 |
|    L1D_REPLACEMENT    |   PMC0  |    441 |
|      L1D_M_EVICT      |   PMC1  |    219 |
| ICACHE_64B_IFTAG_MISS |   PMC2  |    816 |
+-----------------------+---------+--------+

+--------------------------------+--------------+
|             Metric             |    Core 0    |
+--------------------------------+--------------+
|       Runtime (RDTSC) [s]      |       0.0002 |
|      Runtime unhalted [s]      |       0.0001 |
|           Clock [MHz]          |     797.8008 |
|               CPI              |       0.6798 |
|  L2D load bandwidth [MBytes/s] |     113.9275 |
|  L2D load data volume [GBytes] | 2.822400e-05 |
| L2D evict bandwidth [MBytes/s] |      56.5763 |
| L2D evict data volume [GBytes] | 1.401600e-05 |
|     L2 bandwidth [MBytes/s]    |     381.3085 |
|     L2 data volume [GBytes]    |       0.0001 |
+--------------------------------+--------------+

Region Generation, Group 1: L2
+-------------------+----------+
|    Region Info    |  Core 0  |
+-------------------+----------+
| RDTSC Runtime [s] | 1.866427 |
|     call count    |  7500000 |
+-------------------+----------+

+-----------------------+---------+-------------+
|         Event         | Counter |    Core 0   |
+-----------------------+---------+-------------+
|   INSTR_RETIRED_ANY   |  FIXC0  | 28068350000 |
| CPU_CLK_UNHALTED_CORE |  FIXC1  | 65624480000 |
|  CPU_CLK_UNHALTED_REF |  FIXC2  | 68200410000 |
|    L1D_REPLACEMENT    |   PMC0  |  1423791000 |
|      L1D_M_EVICT      |   PMC1  |   476749100 |
| ICACHE_64B_IFTAG_MISS |   PMC2  |  3266447000 |
+-----------------------+---------+-------------+

+--------------------------------+-------------+
|             Metric             |    Core 0   |
+--------------------------------+-------------+
|       Runtime (RDTSC) [s]      |      1.8664 |
|      Runtime unhalted [s]      |     25.3183 |
|           Clock [MHz]          |   2494.0804 |
|               CPI              |      2.3380 |
|  L2D load bandwidth [MBytes/s] |  48821.9598 |
|  L2D load data volume [GBytes] |     91.1226 |
| L2D evict bandwidth [MBytes/s] |  16347.7824 |
| L2D evict data volume [GBytes] |     30.5119 |
|     L2 bandwidth [MBytes/s]    | 177176.5916 |
|     L2 data volume [GBytes]    |    330.6872 |
+--------------------------------+-------------+

Region Core, Group 1: L2
+-------------------+----------+
|    Region Info    |  Core 0  |
+-------------------+----------+
| RDTSC Runtime [s] | 0.040686 |
|     call count    |        1 |
+-------------------+----------+

+-----------------------+---------+-----------+
|         Event         | Counter |   Core 0  |
+-----------------------+---------+-----------+
|   INSTR_RETIRED_ANY   |  FIXC0  | 224310000 |
| CPU_CLK_UNHALTED_CORE |  FIXC1  | 100005300 |
|  CPU_CLK_UNHALTED_REF |  FIXC2  | 103927100 |
|    L1D_REPLACEMENT    |   PMC0  |    600199 |
|      L1D_M_EVICT      |   PMC1  |     10591 |
| ICACHE_64B_IFTAG_MISS |   PMC2  |      5193 |
+-----------------------+---------+-----------+

+--------------------------------+-----------+
|             Metric             |   Core 0  |
+--------------------------------+-----------+
|       Runtime (RDTSC) [s]      |    0.0407 |
|      Runtime unhalted [s]      |    0.0386 |
|           Clock [MHz]          | 2494.1684 |
|               CPI              |    0.4458 |
|  L2D load bandwidth [MBytes/s] |  944.1213 |
|  L2D load data volume [GBytes] |    0.0384 |
| L2D evict bandwidth [MBytes/s] |   16.6598 |
| L2D evict data volume [GBytes] |    0.0007 |
|     L2 bandwidth [MBytes/s]    |  968.9497 |
|     L2 data volume [GBytes]    |    0.0394 |
+--------------------------------+-----------+

--------------------------------------------------------------------------------
CPU name:	Intel(R) Core(TM) i7-6500U CPU @ 2.50GHz
CPU type:	Intel Skylake processor
CPU clock:	2.59 GHz
--------------------------------------------------------------------------------
Bloom Join
-----------------
1048576 Buckets 4 Hash Functions
Initialization: 0 ms 
Bloom Filter Generation: 384025 ms 
Join Core: 39 ms 
14287 linhas
384065 ms 

--------------------------------------------------------------------------------
Region Initialization, Group 1: L3
+-------------------+----------+
|    Region Info    |  Core 0  |
+-------------------+----------+
| RDTSC Runtime [s] | 0.000079 |
|     call count    |        1 |
+-------------------+----------+

+-----------------------+---------+--------+
|         Event         | Counter | Core 0 |
+-----------------------+---------+--------+
|   INSTR_RETIRED_ANY   |  FIXC0  | 234142 |
| CPU_CLK_UNHALTED_CORE |  FIXC1  | 155300 |
|  CPU_CLK_UNHALTED_REF |  FIXC2  | 160920 |
|    L2_LINES_IN_ALL    |   PMC0  |    706 |
|     L2_TRANS_L2_WB    |   PMC1  |    117 |
+-----------------------+---------+--------+

+-------------------------------+--------------+
|             Metric            |    Core 0    |
+-------------------------------+--------------+
|      Runtime (RDTSC) [s]      |       0.0001 |
|      Runtime unhalted [s]     |       0.0001 |
|          Clock [MHz]          |    2501.4661 |
|              CPI              |       0.6633 |
|  L3 load bandwidth [MBytes/s] |     572.7359 |
|  L3 load data volume [GBytes] | 4.518400e-05 |
| L3 evict bandwidth [MBytes/s] |      94.9152 |
| L3 evict data volume [GBytes] | 7.488000e-06 |
|    L3 bandwidth [MBytes/s]    |     667.6511 |
|    L3 data volume [GBytes]    |       0.0001 |
+-------------------------------+--------------+

Region Generation, Group 1: L3
+-------------------+----------+
|    Region Info    |  Core 0  |
+-------------------+----------+
| RDTSC Runtime [s] | 1.751866 |
|     call count    |  7500000 |
+-------------------+----------+

+-----------------------+---------+-------------+
|         Event         | Counter |    Core 0   |
+-----------------------+---------+-------------+
|   INSTR_RETIRED_ANY   |  FIXC0  | 27370850000 |
| CPU_CLK_UNHALTED_CORE |  FIXC1  | 65585380000 |
|  CPU_CLK_UNHALTED_REF |  FIXC2  | 68159920000 |
|    L2_LINES_IN_ALL    |   PMC0  |   912417700 |
|     L2_TRANS_L2_WB    |   PMC1  |   159241200 |
+-----------------------+---------+-------------+

+-------------------------------+------------+
|             Metric            |   Core 0   |
+-------------------------------+------------+
|      Runtime (RDTSC) [s]      |     1.7519 |
|      Runtime unhalted [s]     |    25.3031 |
|          Clock [MHz]          |  2494.0845 |
|              CPI              |     2.3962 |
|  L3 load bandwidth [MBytes/s] | 33332.8764 |
|  L3 load data volume [GBytes] |    58.3947 |
| L3 evict bandwidth [MBytes/s] |  5817.4751 |
| L3 evict data volume [GBytes] |    10.1914 |
|    L3 bandwidth [MBytes/s]    | 39150.3515 |
|    L3 data volume [GBytes]    |    68.5862 |
+-------------------------------+------------+

Region Core, Group 1: L3
+-------------------+----------+
|    Region Info    |  Core 0  |
+-------------------+----------+
| RDTSC Runtime [s] | 0.038582 |
|     call count    |        1 |
+-------------------+----------+

+-----------------------+---------+-----------+
|         Event         | Counter |   Core 0  |
+-----------------------+---------+-----------+
|   INSTR_RETIRED_ANY   |  FIXC0  | 224309900 |
| CPU_CLK_UNHALTED_CORE |  FIXC1  |  95633560 |
|  CPU_CLK_UNHALTED_REF |  FIXC2  |  99383870 |
|    L2_LINES_IN_ALL    |   PMC0  |     72319 |
|     L2_TRANS_L2_WB    |   PMC1  |     26421 |
+-----------------------+---------+-----------+

+-------------------------------+-----------+
|             Metric            |   Core 0  |
+-------------------------------+-----------+
|      Runtime (RDTSC) [s]      |    0.0386 |
|      Runtime unhalted [s]     |    0.0369 |
|          Clock [MHz]          | 2494.1790 |
|              CPI              |    0.4263 |
|  L3 load bandwidth [MBytes/s] |  119.9630 |
|  L3 load data volume [GBytes] |    0.0046 |
| L3 evict bandwidth [MBytes/s] |   43.8273 |
| L3 evict data volume [GBytes] |    0.0017 |
|    L3 bandwidth [MBytes/s]    |  163.7903 |
|    L3 data volume [GBytes]    |    0.0063 |
+-------------------------------+-----------+

--------------------------------------------------------------------------------
CPU name:	Intel(R) Core(TM) i7-6500U CPU @ 2.50GHz
CPU type:	Intel Skylake processor
CPU clock:	2.59 GHz
--------------------------------------------------------------------------------
Bloom Join
-----------------
1048576 Buckets 4 Hash Functions
Initialization: 0 ms 
Bloom Filter Generation: 383556 ms 
Join Core: 39 ms 
14287 linhas
383598 ms 

--------------------------------------------------------------------------------
Region Initialization, Group 1: L3
+-------------------+----------+
|    Region Info    |  Core 0  |
+-------------------+----------+
| RDTSC Runtime [s] | 0.000242 |
|     call count    |        1 |
+-------------------+----------+

+-----------------------+---------+--------+
|         Event         | Counter | Core 0 |
+-----------------------+---------+--------+
|   INSTR_RETIRED_ANY   |  FIXC0  | 234142 |
| CPU_CLK_UNHALTED_CORE |  FIXC1  | 153150 |
|  CPU_CLK_UNHALTED_REF |  FIXC2  | 497016 |
|    L2_LINES_IN_ALL    |   PMC0  |    678 |
|     L2_TRANS_L2_WB    |   PMC1  |    141 |
+-----------------------+---------+--------+

+-------------------------------+--------------+
|             Metric            |    Core 0    |
+-------------------------------+--------------+
|      Runtime (RDTSC) [s]      |       0.0002 |
|      Runtime unhalted [s]     |       0.0001 |
|          Clock [MHz]          |     798.6906 |
|              CPI              |       0.6541 |
|  L3 load bandwidth [MBytes/s] |     179.1596 |
|  L3 load data volume [GBytes] | 4.339200e-05 |
| L3 evict bandwidth [MBytes/s] |      37.2589 |
| L3 evict data volume [GBytes] | 9.024000e-06 |
|    L3 bandwidth [MBytes/s]    |     216.4185 |
|    L3 data volume [GBytes]    |       0.0001 |
+-------------------------------+--------------+

Region Generation, Group 1: L3
+-------------------+----------+
|    Region Info    |  Core 0  |
+-------------------+----------+
| RDTSC Runtime [s] | 1.729389 |
|     call count    |  7500000 |
+-------------------+----------+

+-----------------------+---------+-------------+
|         Event         | Counter |    Core 0   |
+-----------------------+---------+-------------+
|   INSTR_RETIRED_ANY   |  FIXC0  | 27370850000 |
| CPU_CLK_UNHALTED_CORE |  FIXC1  | 64004250000 |
|  CPU_CLK_UNHALTED_REF |  FIXC2  | 66517300000 |
|    L2_LINES_IN_ALL    |   PMC0  |   722296300 |
|     L2_TRANS_L2_WB    |   PMC1  |   150787400 |
+-----------------------+---------+-------------+

+-------------------------------+------------+
|             Metric            |   Core 0   |
+-------------------------------+------------+
|      Runtime (RDTSC) [s]      |     1.7294 |
|      Runtime unhalted [s]     |    24.6932 |
|          Clock [MHz]          |  2494.0558 |
|              CPI              |     2.3384 |
|  L3 load bandwidth [MBytes/s] | 26730.2285 |
|  L3 load data volume [GBytes] |    46.2270 |
| L3 evict bandwidth [MBytes/s] |  5580.2330 |
| L3 evict data volume [GBytes] |     9.6504 |
|    L3 bandwidth [MBytes/s]    | 32310.4616 |
|    L3 data volume [GBytes]    |    55.8774 |
+-------------------------------+------------+

Region Core, Group 1: L3
+-------------------+----------+
|    Region Info    |  Core 0  |
+-------------------+----------+
| RDTSC Runtime [s] | 0.038805 |
|     call count    |        1 |
+-------------------+----------+

+-----------------------+---------+-----------+
|         Event         | Counter |   Core 0  |
+-----------------------+---------+-----------+
|   INSTR_RETIRED_ANY   |  FIXC0  | 224309900 |
| CPU_CLK_UNHALTED_CORE |  FIXC1  |  95808450 |
|  CPU_CLK_UNHALTED_REF |  FIXC2  |  99565520 |
|    L2_LINES_IN_ALL    |   PMC0  |     68076 |
|     L2_TRANS_L2_WB    |   PMC1  |     29903 |
+-----------------------+---------+-----------+

+-------------------------------+-----------+
|             Metric            |   Core 0  |
+-------------------------------+-----------+
|      Runtime (RDTSC) [s]      |    0.0388 |
|      Runtime unhalted [s]     |    0.0370 |
|          Clock [MHz]          | 2494.1744 |
|              CPI              |    0.4271 |
|  L3 load bandwidth [MBytes/s] |  112.2771 |
|  L3 load data volume [GBytes] |    0.0044 |
| L3 evict bandwidth [MBytes/s] |   49.3187 |
| L3 evict data volume [GBytes] |    0.0019 |
|    L3 bandwidth [MBytes/s]    |  161.5958 |
|    L3 data volume [GBytes]    |    0.0063 |
+-------------------------------+-----------+

--------------------------------------------------------------------------------
CPU name:	Intel(R) Core(TM) i7-6500U CPU @ 2.50GHz
CPU type:	Intel Skylake processor
CPU clock:	2.59 GHz
--------------------------------------------------------------------------------
Bloom Join
-----------------
1048576 Buckets 4 Hash Functions
Initialization: 0 ms 
Bloom Filter Generation: 387144 ms 
Join Core: 39 ms 
14287 linhas
387185 ms 

--------------------------------------------------------------------------------
Region Initialization, Group 1: L3
+-------------------+----------+
|    Region Info    |  Core 0  |
+-------------------+----------+
| RDTSC Runtime [s] | 0.000250 |
|     call count    |        1 |
+-------------------+----------+

+-----------------------+---------+--------+
|         Event         | Counter | Core 0 |
+-----------------------+---------+--------+
|   INSTR_RETIRED_ANY   |  FIXC0  | 234142 |
| CPU_CLK_UNHALTED_CORE |  FIXC1  | 159488 |
|  CPU_CLK_UNHALTED_REF |  FIXC2  | 518076 |
|    L2_LINES_IN_ALL    |   PMC0  |    678 |
|     L2_TRANS_L2_WB    |   PMC1  |    103 |
+-----------------------+---------+--------+

+-------------------------------+--------------+
|             Metric            |    Core 0    |
+-------------------------------+--------------+
|      Runtime (RDTSC) [s]      |       0.0003 |
|      Runtime unhalted [s]     |       0.0001 |
|          Clock [MHz]          |     797.9357 |
|              CPI              |       0.6812 |
|  L3 load bandwidth [MBytes/s] |     173.4452 |
|  L3 load data volume [GBytes] | 4.339200e-05 |
| L3 evict bandwidth [MBytes/s] |      26.3493 |
| L3 evict data volume [GBytes] | 6.592000e-06 |
|    L3 bandwidth [MBytes/s]    |     199.7945 |
|    L3 data volume [GBytes]    | 4.998400e-05 |
+-------------------------------+--------------+

Region Generation, Group 1: L3
+-------------------+----------+
|    Region Info    |  Core 0  |
+-------------------+----------+
| RDTSC Runtime [s] | 1.810726 |
|     call count    |  7500000 |
+-------------------+----------+

+-----------------------+---------+-------------+
|         Event         | Counter |    Core 0   |
+-----------------------+---------+-------------+
|   INSTR_RETIRED_ANY   |  FIXC0  | 27370850000 |
| CPU_CLK_UNHALTED_CORE |  FIXC1  | 65927500000 |
|  CPU_CLK_UNHALTED_REF |  FIXC2  | 68515940000 |
|    L2_LINES_IN_ALL    |   PMC0  |  1113493000 |
|     L2_TRANS_L2_WB    |   PMC1  |   192843000 |
+-----------------------+---------+-------------+

+-------------------------------+------------+
|             Metric            |   Core 0   |
+-------------------------------+------------+
|      Runtime (RDTSC) [s]      |     1.8107 |
|      Runtime unhalted [s]     |    25.4351 |
|          Clock [MHz]          |  2494.0684 |
|              CPI              |     2.4087 |
|  L3 load bandwidth [MBytes/s] | 39356.3422 |
|  L3 load data volume [GBytes] |    71.2636 |
| L3 evict bandwidth [MBytes/s] |  6816.0241 |
| L3 evict data volume [GBytes] |    12.3420 |
|    L3 bandwidth [MBytes/s]    | 46172.3662 |
|    L3 data volume [GBytes]    |    83.6055 |
+-------------------------------+------------+

Region Core, Group 1: L3
+-------------------+----------+
|    Region Info    |  Core 0  |
+-------------------+----------+
| RDTSC Runtime [s] | 0.038878 |
|     call count    |        1 |
+-------------------+----------+

+-----------------------+---------+-----------+
|         Event         | Counter |   Core 0  |
+-----------------------+---------+-----------+
|   INSTR_RETIRED_ANY   |  FIXC0  | 224309900 |
| CPU_CLK_UNHALTED_CORE |  FIXC1  |  96161000 |
|  CPU_CLK_UNHALTED_REF |  FIXC2  |  99931640 |
|    L2_LINES_IN_ALL    |   PMC0  |     59901 |
|     L2_TRANS_L2_WB    |   PMC1  |     28610 |
+-----------------------+---------+-----------+

+-------------------------------+-----------+
|             Metric            |   Core 0  |
+-------------------------------+-----------+
|      Runtime (RDTSC) [s]      |    0.0389 |
|      Runtime unhalted [s]     |    0.0371 |
|          Clock [MHz]          | 2494.1888 |
|              CPI              |    0.4287 |
|  L3 load bandwidth [MBytes/s] |   98.6080 |
|  L3 load data volume [GBytes] |    0.0038 |
| L3 evict bandwidth [MBytes/s] |   47.0973 |
| L3 evict data volume [GBytes] |    0.0018 |
|    L3 bandwidth [MBytes/s]    |  145.7053 |
|    L3 data volume [GBytes]    |    0.0057 |
+-------------------------------+-----------+

--------------------------------------------------------------------------------
CPU name:	Intel(R) Core(TM) i7-6500U CPU @ 2.50GHz
CPU type:	Intel Skylake processor
CPU clock:	2.59 GHz
--------------------------------------------------------------------------------
Bloom Join
-----------------
1048576 Buckets 4 Hash Functions
Initialization: 0 ms 
Bloom Filter Generation: 371069 ms 
Join Core: 39 ms 
14287 linhas
371110 ms 

--------------------------------------------------------------------------------
Region Initialization, Group 1: L3
+-------------------+----------+
|    Region Info    |  Core 0  |
+-------------------+----------+
| RDTSC Runtime [s] | 0.000247 |
|     call count    |        1 |
+-------------------+----------+

+-----------------------+---------+--------+
|         Event         | Counter | Core 0 |
+-----------------------+---------+--------+
|   INSTR_RETIRED_ANY   |  FIXC0  | 234142 |
| CPU_CLK_UNHALTED_CORE |  FIXC1  | 156660 |
|  CPU_CLK_UNHALTED_REF |  FIXC2  | 508788 |
|    L2_LINES_IN_ALL    |   PMC0  |    679 |
|     L2_TRANS_L2_WB    |   PMC1  |    116 |
+-----------------------+---------+--------+

+-------------------------------+--------------+
|             Metric            |    Core 0    |
+-------------------------------+--------------+
|      Runtime (RDTSC) [s]      |       0.0002 |
|      Runtime unhalted [s]     |       0.0001 |
|          Clock [MHz]          |     798.0945 |
|              CPI              |       0.6691 |
|  L3 load bandwidth [MBytes/s] |     175.5914 |
|  L3 load data volume [GBytes] | 4.345600e-05 |
| L3 evict bandwidth [MBytes/s] |      29.9979 |
| L3 evict data volume [GBytes] | 7.424000e-06 |
|    L3 bandwidth [MBytes/s]    |     205.5894 |
|    L3 data volume [GBytes]    |       0.0001 |
+-------------------------------+--------------+

Region Generation, Group 1: L3
+-------------------+----------+
|    Region Info    |  Core 0  |
+-------------------+----------+
| RDTSC Runtime [s] | 1.774673 |
|     call count    |  7500000 |
+-------------------+----------+

+-----------------------+---------+-------------+
|         Event         | Counter |    Core 0   |
+-----------------------+---------+-------------+
|   INSTR_RETIRED_ANY   |  FIXC0  | 27370850000 |
| CPU_CLK_UNHALTED_CORE |  FIXC1  | 65520950000 |
|  CPU_CLK_UNHALTED_REF |  FIXC2  | 65101500000 |
|    L2_LINES_IN_ALL    |   PMC0  |   839597000 |
|     L2_TRANS_L2_WB    |   PMC1  |   185404500 |
+-----------------------+---------+-------------+

+-------------------------------+------------+
|             Metric            |   Core 0   |
+-------------------------------+------------+
|      Runtime (RDTSC) [s]      |     1.7747 |
|      Runtime unhalted [s]     |    25.2783 |
|          Clock [MHz]          |  2608.6885 |
|              CPI              |     2.3938 |
|  L3 load bandwidth [MBytes/s] | 30278.3713 |
|  L3 load data volume [GBytes] |    53.7342 |
| L3 evict bandwidth [MBytes/s] |  6686.2391 |
| L3 evict data volume [GBytes] |    11.8659 |
|    L3 bandwidth [MBytes/s]    | 36964.6104 |
|    L3 data volume [GBytes]    |    65.6001 |
+-------------------------------+------------+

Region Core, Group 1: L3
+-------------------+----------+
|    Region Info    |  Core 0  |
+-------------------+----------+
| RDTSC Runtime [s] | 0.038921 |
|     call count    |        1 |
+-------------------+----------+

+-----------------------+---------+-----------+
|         Event         | Counter |   Core 0  |
+-----------------------+---------+-----------+
|   INSTR_RETIRED_ANY   |  FIXC0  | 224309900 |
| CPU_CLK_UNHALTED_CORE |  FIXC1  |  96132660 |
|  CPU_CLK_UNHALTED_REF |  FIXC2  |  99902920 |
|    L2_LINES_IN_ALL    |   PMC0  |    179638 |
|     L2_TRANS_L2_WB    |   PMC1  |     29342 |
+-----------------------+---------+-----------+

+-------------------------------+-----------+
|             Metric            |   Core 0  |
+-------------------------------+-----------+
|      Runtime (RDTSC) [s]      |    0.0389 |
|      Runtime unhalted [s]     |    0.0371 |
|          Clock [MHz]          | 2494.1686 |
|              CPI              |    0.4286 |
|  L3 load bandwidth [MBytes/s] |  295.3853 |
|  L3 load data volume [GBytes] |    0.0115 |
| L3 evict bandwidth [MBytes/s] |   48.2481 |
| L3 evict data volume [GBytes] |    0.0019 |
|    L3 bandwidth [MBytes/s]    |  343.6335 |
|    L3 data volume [GBytes]    |    0.0134 |
+-------------------------------+-----------+

--------------------------------------------------------------------------------
CPU name:	Intel(R) Core(TM) i7-6500U CPU @ 2.50GHz
CPU type:	Intel Skylake processor
CPU clock:	2.59 GHz
--------------------------------------------------------------------------------
Bloom Join
-----------------
1048576 Buckets 4 Hash Functions
Initialization: 0 ms 
Bloom Filter Generation: 334835 ms 
Join Core: 39 ms 
14287 linhas
334876 ms 

--------------------------------------------------------------------------------
Region Initialization, Group 1: L3
+-------------------+----------+
|    Region Info    |  Core 0  |
+-------------------+----------+
| RDTSC Runtime [s] | 0.000261 |
|     call count    |        1 |
+-------------------+----------+

+-----------------------+---------+--------+
|         Event         | Counter | Core 0 |
+-----------------------+---------+--------+
|   INSTR_RETIRED_ANY   |  FIXC0  | 234142 |
| CPU_CLK_UNHALTED_CORE |  FIXC1  | 168830 |
|  CPU_CLK_UNHALTED_REF |  FIXC2  | 547992 |
|    L2_LINES_IN_ALL    |   PMC0  |   1399 |
|     L2_TRANS_L2_WB    |   PMC1  |    276 |
+-----------------------+---------+--------+

+-------------------------------+--------------+
|             Metric            |    Core 0    |
+-------------------------------+--------------+
|      Runtime (RDTSC) [s]      |       0.0003 |
|      Runtime unhalted [s]     |       0.0001 |
|          Clock [MHz]          |     798.5635 |
|              CPI              |       0.7211 |
|  L3 load bandwidth [MBytes/s] |     342.7546 |
|  L3 load data volume [GBytes] |       0.0001 |
| L3 evict bandwidth [MBytes/s] |      67.6199 |
| L3 evict data volume [GBytes] | 1.766400e-05 |
|    L3 bandwidth [MBytes/s]    |     410.3745 |
|    L3 data volume [GBytes]    |       0.0001 |
+-------------------------------+--------------+

Region Generation, Group 1: L3
+-------------------+----------+
|    Region Info    |  Core 0  |
+-------------------+----------+
| RDTSC Runtime [s] | 1.683580 |
|     call count    |  7500000 |
+-------------------+----------+

+-----------------------+---------+-------------+
|         Event         | Counter |    Core 0   |
+-----------------------+---------+-------------+
|   INSTR_RETIRED_ANY   |  FIXC0  | 27371820000 |
| CPU_CLK_UNHALTED_CORE |  FIXC1  | 66698280000 |
|  CPU_CLK_UNHALTED_REF |  FIXC2  | 58436730000 |
|    L2_LINES_IN_ALL    |   PMC0  |  1011713000 |
|     L2_TRANS_L2_WB    |   PMC1  |   199418800 |
+-----------------------+---------+-------------+

+-------------------------------+------------+
|             Metric            |   Core 0   |
+-------------------------------+------------+
|      Runtime (RDTSC) [s]      |     1.6836 |
|      Runtime unhalted [s]     |    25.7324 |
|          Clock [MHz]          |  2958.4400 |
|              CPI              |     2.4367 |
|  L3 load bandwidth [MBytes/s] | 38459.4923 |
|  L3 load data volume [GBytes] |    64.7496 |
| L3 evict bandwidth [MBytes/s] |  7580.7524 |
| L3 evict data volume [GBytes] |    12.7628 |
|    L3 bandwidth [MBytes/s]    | 46040.2447 |
|    L3 data volume [GBytes]    |    77.5124 |
+-------------------------------+------------+

Region Core, Group 1: L3
+-------------------+----------+
|    Region Info    |  Core 0  |
+-------------------+----------+
| RDTSC Runtime [s] | 0.038966 |
|     call count    |        1 |
+-------------------+----------+

+-----------------------+---------+-----------+
|         Event         | Counter |   Core 0  |
+-----------------------+---------+-----------+
|   INSTR_RETIRED_ANY   |  FIXC0  | 224309900 |
| CPU_CLK_UNHALTED_CORE |  FIXC1  |  96159850 |
|  CPU_CLK_UNHALTED_REF |  FIXC2  |  99931000 |
|    L2_LINES_IN_ALL    |   PMC0  |    109362 |
|     L2_TRANS_L2_WB    |   PMC1  |     27109 |
+-----------------------+---------+-----------+

+-------------------------------+-----------+
|             Metric            |   Core 0  |
+-------------------------------+-----------+
|      Runtime (RDTSC) [s]      |    0.0390 |
|      Runtime unhalted [s]     |    0.0371 |
|          Clock [MHz]          | 2494.1788 |
|              CPI              |    0.4287 |
|  L3 load bandwidth [MBytes/s] |  179.6243 |
|  L3 load data volume [GBytes] |    0.0070 |
| L3 evict bandwidth [MBytes/s] |   44.5258 |
| L3 evict data volume [GBytes] |    0.0017 |
|    L3 bandwidth [MBytes/s]    |  224.1502 |
|    L3 data volume [GBytes]    |    0.0087 |
+-------------------------------+-----------+

--------------------------------------------------------------------------------
CPU name:	Intel(R) Core(TM) i7-6500U CPU @ 2.50GHz
CPU type:	Intel Skylake processor
CPU clock:	2.59 GHz
--------------------------------------------------------------------------------
Bloom Join
-----------------
1048576 Buckets 4 Hash Functions
Initialization: 0 ms 
Bloom Filter Generation: 386478 ms 
Join Core: 39 ms 
14287 linhas
386519 ms 

--------------------------------------------------------------------------------
Region Initialization, Group 1: L3
+-------------------+----------+
|    Region Info    |  Core 0  |
+-------------------+----------+
| RDTSC Runtime [s] | 0.000323 |
|     call count    |        1 |
+-------------------+----------+

+-----------------------+---------+--------+
|         Event         | Counter | Core 0 |
+-----------------------+---------+--------+
|   INSTR_RETIRED_ANY   |  FIXC0  | 234143 |
| CPU_CLK_UNHALTED_CORE |  FIXC1  | 161377 |
|  CPU_CLK_UNHALTED_REF |  FIXC2  | 524124 |
|    L2_LINES_IN_ALL    |   PMC0  |    961 |
|     L2_TRANS_L2_WB    |   PMC1  |    281 |
+-----------------------+---------+--------+

+-------------------------------+--------------+
|             Metric            |    Core 0    |
+-------------------------------+--------------+
|      Runtime (RDTSC) [s]      |       0.0003 |
|      Runtime unhalted [s]     |       0.0001 |
|          Clock [MHz]          |     798.0690 |
|              CPI              |       0.6892 |
|  L3 load bandwidth [MBytes/s] |     190.1847 |
|  L3 load data volume [GBytes] |       0.0001 |
| L3 evict bandwidth [MBytes/s] |      55.6107 |
| L3 evict data volume [GBytes] | 1.798400e-05 |
|    L3 bandwidth [MBytes/s]    |     245.7954 |
|    L3 data volume [GBytes]    |       0.0001 |
+-------------------------------+--------------+

Region Generation, Group 1: L3
+-------------------+----------+
|    Region Info    |  Core 0  |
+-------------------+----------+
| RDTSC Runtime [s] | 2.006887 |
|     call count    |  7500000 |
+-------------------+----------+

+-----------------------+---------+-------------+
|         Event         | Counter |    Core 0   |
+-----------------------+---------+-------------+
|   INSTR_RETIRED_ANY   |  FIXC0  | 27370850000 |
| CPU_CLK_UNHALTED_CORE |  FIXC1  | 66914380000 |
|  CPU_CLK_UNHALTED_REF |  FIXC2  | 69541220000 |
|    L2_LINES_IN_ALL    |   PMC0  |   760601700 |
|     L2_TRANS_L2_WB    |   PMC1  |   145757800 |
+-----------------------+---------+-------------+

+-------------------------------+------------+
|             Metric            |   Core 0   |
+-------------------------------+------------+
|      Runtime (RDTSC) [s]      |     2.0069 |
|      Runtime unhalted [s]     |    25.8159 |
|          Clock [MHz]          |  2494.0778 |
|              CPI              |     2.4447 |
|  L3 load bandwidth [MBytes/s] | 24255.7298 |
|  L3 load data volume [GBytes] |    48.6785 |
| L3 evict bandwidth [MBytes/s] |  4648.2434 |
| L3 evict data volume [GBytes] |     9.3285 |
|    L3 bandwidth [MBytes/s]    | 28903.9732 |
|    L3 data volume [GBytes]    |    58.0070 |
+-------------------------------+------------+

Region Core, Group 1: L3
+-------------------+----------+
|    Region Info    |  Core 0  |
+-------------------+----------+
| RDTSC Runtime [s] | 0.038658 |
|     call count    |        1 |
+-------------------+----------+

+-----------------------+---------+-----------+
|         Event         | Counter |   Core 0  |
+-----------------------+---------+-----------+
|   INSTR_RETIRED_ANY   |  FIXC0  | 224309900 |
| CPU_CLK_UNHALTED_CORE |  FIXC1  |  95678560 |
|  CPU_CLK_UNHALTED_REF |  FIXC2  |  99430520 |
|    L2_LINES_IN_ALL    |   PMC0  |     67661 |
|     L2_TRANS_L2_WB    |   PMC1  |     27852 |
+-----------------------+---------+-----------+

+-------------------------------+-----------+
|             Metric            |   Core 0  |
+-------------------------------+-----------+
|      Runtime (RDTSC) [s]      |    0.0387 |
|      Runtime unhalted [s]     |    0.0369 |
|          Clock [MHz]          | 2494.1799 |
|              CPI              |    0.4265 |
|  L3 load bandwidth [MBytes/s] |  112.0153 |
|  L3 load data volume [GBytes] |    0.0043 |
| L3 evict bandwidth [MBytes/s] |   46.1100 |
| L3 evict data volume [GBytes] |    0.0018 |
|    L3 bandwidth [MBytes/s]    |  158.1253 |
|    L3 data volume [GBytes]    |    0.0061 |
+-------------------------------+-----------+

--------------------------------------------------------------------------------
CPU name:	Intel(R) Core(TM) i7-6500U CPU @ 2.50GHz
CPU type:	Intel Skylake processor
CPU clock:	2.59 GHz
--------------------------------------------------------------------------------
Bloom Join
-----------------
1048576 Buckets 4 Hash Functions
Initialization: 0 ms 
Bloom Filter Generation: 385959 ms 
Join Core: 39 ms 
14287 linhas
386001 ms 

--------------------------------------------------------------------------------
Region Initialization, Group 1: L3
+-------------------+----------+
|    Region Info    |  Core 0  |
+-------------------+----------+
| RDTSC Runtime [s] | 0.000256 |
|     call count    |        1 |
+-------------------+----------+

+-----------------------+---------+--------+
|         Event         | Counter | Core 0 |
+-----------------------+---------+--------+
|   INSTR_RETIRED_ANY   |  FIXC0  | 234142 |
| CPU_CLK_UNHALTED_CORE |  FIXC1  | 163348 |
|  CPU_CLK_UNHALTED_REF |  FIXC2  | 530820 |
|    L2_LINES_IN_ALL    |   PMC0  |    628 |
|     L2_TRANS_L2_WB    |   PMC1  |    109 |
+-----------------------+---------+--------+

+-------------------------------+--------------+
|             Metric            |    Core 0    |
+-------------------------------+--------------+
|      Runtime (RDTSC) [s]      |       0.0003 |
|      Runtime unhalted [s]     |       0.0001 |
|          Clock [MHz]          |     797.4338 |
|              CPI              |       0.6976 |
|  L3 load bandwidth [MBytes/s] |     157.1570 |
|  L3 load data volume [GBytes] | 4.019200e-05 |
| L3 evict bandwidth [MBytes/s] |      27.2773 |
| L3 evict data volume [GBytes] | 6.976000e-06 |
|    L3 bandwidth [MBytes/s]    |     184.4343 |
|    L3 data volume [GBytes]    | 4.716800e-05 |
+-------------------------------+--------------+

Region Generation, Group 1: L3
+-------------------+----------+
|    Region Info    |  Core 0  |
+-------------------+----------+
| RDTSC Runtime [s] | 1.873757 |
|     call count    |  7500000 |
+-------------------+----------+

+-----------------------+---------+-------------+
|         Event         | Counter |    Core 0   |
+-----------------------+---------+-------------+
|   INSTR_RETIRED_ANY   |  FIXC0  | 27370850000 |
| CPU_CLK_UNHALTED_CORE |  FIXC1  | 67739610000 |
|  CPU_CLK_UNHALTED_REF |  FIXC2  | 70399010000 |
|    L2_LINES_IN_ALL    |   PMC0  |   993458700 |
|     L2_TRANS_L2_WB    |   PMC1  |   156740100 |
+-----------------------+---------+-------------+

+-------------------------------+------------+
|             Metric            |   Core 0   |
+-------------------------------+------------+
|      Runtime (RDTSC) [s]      |     1.8738 |
|      Runtime unhalted [s]     |    26.1405 |
|          Clock [MHz]          |  2493.4705 |
|              CPI              |     2.4749 |
|  L3 load bandwidth [MBytes/s] | 33932.5520 |
|  L3 load data volume [GBytes] |    63.5814 |
| L3 evict bandwidth [MBytes/s] |  5353.6112 |
| L3 evict data volume [GBytes] |    10.0314 |
|    L3 bandwidth [MBytes/s]    | 39286.1631 |
|    L3 data volume [GBytes]    |    73.6127 |
+-------------------------------+------------+

Region Core, Group 1: L3
+-------------------+----------+
|    Region Info    |  Core 0  |
+-------------------+----------+
| RDTSC Runtime [s] | 0.038640 |
|     call count    |        1 |
+-------------------+----------+

+-----------------------+---------+-----------+
|         Event         | Counter |   Core 0  |
+-----------------------+---------+-----------+
|   INSTR_RETIRED_ANY   |  FIXC0  | 224309900 |
| CPU_CLK_UNHALTED_CORE |  FIXC1  |  95813370 |
|  CPU_CLK_UNHALTED_REF |  FIXC2  |  99571460 |
|    L2_LINES_IN_ALL    |   PMC0  |    116436 |
|     L2_TRANS_L2_WB    |   PMC1  |     25421 |
+-----------------------+---------+-----------+

+-------------------------------+-----------+
|             Metric            |   Core 0  |
+-------------------------------+-----------+
|      Runtime (RDTSC) [s]      |    0.0386 |
|      Runtime unhalted [s]     |    0.0370 |
|          Clock [MHz]          | 2493.5572 |
|              CPI              |    0.4271 |
|  L3 load bandwidth [MBytes/s] |  192.8556 |
|  L3 load data volume [GBytes] |    0.0075 |
| L3 evict bandwidth [MBytes/s] |   42.1054 |
| L3 evict data volume [GBytes] |    0.0016 |
|    L3 bandwidth [MBytes/s]    |  234.9609 |
|    L3 data volume [GBytes]    |    0.0091 |
+-------------------------------+-----------+

