--------------------------------------------------------------------------------
CPU name:	Intel(R) Core(TM) i7-6500U CPU @ 2.50GHz
CPU type:	Intel Skylake processor
CPU clock:	2.59 GHz
--------------------------------------------------------------------------------
Bloom Join
-----------------
1048576 Buckets 2 Hash Functions
Initialization: 0 ms 
Bloom Filter Generation: 256202 ms 
Join Core: 28 ms 
13495 linhas
256232 ms 

--------------------------------------------------------------------------------
Region Initialization, Group 1: L2
+-------------------+----------+
|    Region Info    |  Core 0  |
+-------------------+----------+
| RDTSC Runtime [s] | 0.000078 |
|     call count    |        1 |
+-------------------+----------+

+-----------------------+---------+--------+
|         Event         | Counter | Core 0 |
+-----------------------+---------+--------+
|   INSTR_RETIRED_ANY   |  FIXC0  | 234235 |
| CPU_CLK_UNHALTED_CORE |  FIXC1  | 155798 |
|  CPU_CLK_UNHALTED_REF |  FIXC2  | 162216 |
|    L1D_REPLACEMENT    |   PMC0  |    410 |
|      L1D_M_EVICT      |   PMC1  |    227 |
| ICACHE_64B_IFTAG_MISS |   PMC2  |    640 |
+-----------------------+---------+--------+

+--------------------------------+--------------+
|             Metric             |    Core 0    |
+--------------------------------+--------------+
|       Runtime (RDTSC) [s]      |       0.0001 |
|      Runtime unhalted [s]      |       0.0001 |
|           Clock [MHz]          |    2489.4255 |
|               CPI              |       0.6651 |
|  L2D load bandwidth [MBytes/s] |     336.5452 |
|  L2D load data volume [GBytes] | 2.624000e-05 |
| L2D evict bandwidth [MBytes/s] |     186.3311 |
| L2D evict data volume [GBytes] | 1.452800e-05 |
|     L2 bandwidth [MBytes/s]    |    1048.2152 |
|     L2 data volume [GBytes]    |       0.0001 |
+--------------------------------+--------------+

Region Generation, Group 1: L2
+-------------------+----------+
|    Region Info    |  Core 0  |
+-------------------+----------+
| RDTSC Runtime [s] | 0.967310 |
|     call count    |  4500000 |
+-------------------+----------+

+-----------------------+---------+-------------+
|         Event         | Counter |    Core 0   |
+-----------------------+---------+-------------+
|   INSTR_RETIRED_ANY   |  FIXC0  | 16858040000 |
| CPU_CLK_UNHALTED_CORE |  FIXC1  | 39585710000 |
|  CPU_CLK_UNHALTED_REF |  FIXC2  | 41139000000 |
|    L1D_REPLACEMENT    |   PMC0  |   925377300 |
|      L1D_M_EVICT      |   PMC1  |   271199300 |
| ICACHE_64B_IFTAG_MISS |   PMC2  |  1601648000 |
+-----------------------+---------+-------------+

+--------------------------------+-------------+
|             Metric             |    Core 0   |
+--------------------------------+-------------+
|       Runtime (RDTSC) [s]      |      0.9673 |
|      Runtime unhalted [s]      |     15.2724 |
|           Clock [MHz]          |   2494.1103 |
|               CPI              |      2.3482 |
|  L2D load bandwidth [MBytes/s] |  61225.5935 |
|  L2D load data volume [GBytes] |     59.2241 |
| L2D evict bandwidth [MBytes/s] |  17943.3168 |
| L2D evict data volume [GBytes] |     17.3568 |
|     L2 bandwidth [MBytes/s]    | 185138.4963 |
|     L2 data volume [GBytes]    |    179.0864 |
+--------------------------------+-------------+

Region Core, Group 1: L2
+-------------------+----------+
|    Region Info    |  Core 0  |
+-------------------+----------+
| RDTSC Runtime [s] | 0.028064 |
|     call count    |        1 |
+-------------------+----------+

+-----------------------+---------+-----------+
|         Event         | Counter |   Core 0  |
+-----------------------+---------+-----------+
|   INSTR_RETIRED_ANY   |  FIXC0  | 175990800 |
| CPU_CLK_UNHALTED_CORE |  FIXC1  |  69487760 |
|  CPU_CLK_UNHALTED_REF |  FIXC2  |  72212900 |
|    L1D_REPLACEMENT    |   PMC0  |    372418 |
|      L1D_M_EVICT      |   PMC1  |      2270 |
| ICACHE_64B_IFTAG_MISS |   PMC2  |      1093 |
+-----------------------+---------+-----------+

+--------------------------------+-----------+
|             Metric             |   Core 0  |
+--------------------------------+-----------+
|       Runtime (RDTSC) [s]      |    0.0281 |
|      Runtime unhalted [s]      |    0.0268 |
|           Clock [MHz]          | 2494.1609 |
|               CPI              |    0.3948 |
|  L2D load bandwidth [MBytes/s] |  849.3102 |
|  L2D load data volume [GBytes] |    0.0238 |
| L2D evict bandwidth [MBytes/s] |    5.1768 |
| L2D evict data volume [GBytes] |    0.0001 |
|     L2 bandwidth [MBytes/s]    |  856.9796 |
|     L2 data volume [GBytes]    |    0.0240 |
+--------------------------------+-----------+

--------------------------------------------------------------------------------
CPU name:	Intel(R) Core(TM) i7-6500U CPU @ 2.50GHz
CPU type:	Intel Skylake processor
CPU clock:	2.59 GHz
--------------------------------------------------------------------------------
Bloom Join
-----------------
1048576 Buckets 2 Hash Functions
Initialization: 0 ms 
Bloom Filter Generation: 249855 ms 
Join Core: 28 ms 
13495 linhas
249885 ms 

--------------------------------------------------------------------------------
Region Initialization, Group 1: L2
+-------------------+----------+
|    Region Info    |  Core 0  |
+-------------------+----------+
| RDTSC Runtime [s] | 0.000094 |
|     call count    |        1 |
+-------------------+----------+

+-----------------------+---------+--------+
|         Event         | Counter | Core 0 |
+-----------------------+---------+--------+
|   INSTR_RETIRED_ANY   |  FIXC0  | 234235 |
| CPU_CLK_UNHALTED_CORE |  FIXC1  | 157621 |
|  CPU_CLK_UNHALTED_REF |  FIXC2  | 194508 |
|    L1D_REPLACEMENT    |   PMC0  |    362 |
|      L1D_M_EVICT      |   PMC1  |    218 |
| ICACHE_64B_IFTAG_MISS |   PMC2  |    589 |
+-----------------------+---------+--------+

+--------------------------------+--------------+
|             Metric             |    Core 0    |
+--------------------------------+--------------+
|       Runtime (RDTSC) [s]      |       0.0001 |
|      Runtime unhalted [s]      |       0.0001 |
|           Clock [MHz]          |    2100.4374 |
|               CPI              |       0.6729 |
|  L2D load bandwidth [MBytes/s] |     247.3723 |
|  L2D load data volume [GBytes] | 2.316800e-05 |
| L2D evict bandwidth [MBytes/s] |     148.9700 |
| L2D evict data volume [GBytes] | 1.395200e-05 |
|     L2 bandwidth [MBytes/s]    |     798.8348 |
|     L2 data volume [GBytes]    |       0.0001 |
+--------------------------------+--------------+

Region Generation, Group 1: L2
+-------------------+----------+
|    Region Info    |  Core 0  |
+-------------------+----------+
| RDTSC Runtime [s] | 1.099183 |
|     call count    |  4500000 |
+-------------------+----------+

+-----------------------+---------+-------------+
|         Event         | Counter |    Core 0   |
+-----------------------+---------+-------------+
|   INSTR_RETIRED_ANY   |  FIXC0  | 16857980000 |
| CPU_CLK_UNHALTED_CORE |  FIXC1  | 38850540000 |
|  CPU_CLK_UNHALTED_REF |  FIXC2  | 40375250000 |
|    L1D_REPLACEMENT    |   PMC0  |   840180900 |
|      L1D_M_EVICT      |   PMC1  |   277736200 |
| ICACHE_64B_IFTAG_MISS |   PMC2  |  1666402000 |
+-----------------------+---------+-------------+

+--------------------------------+-------------+
|             Metric             |    Core 0   |
+--------------------------------+-------------+
|       Runtime (RDTSC) [s]      |      1.0992 |
|      Runtime unhalted [s]      |     14.9887 |
|           Clock [MHz]          |   2494.1063 |
|               CPI              |      2.3046 |
|  L2D load bandwidth [MBytes/s] |  48919.5863 |
|  L2D load data volume [GBytes] |     53.7716 |
| L2D evict bandwidth [MBytes/s] |  16171.2079 |
| L2D evict data volume [GBytes] |     17.7751 |
|     L2 bandwidth [MBytes/s]    | 162117.1565 |
|     L2 data volume [GBytes]    |    178.1964 |
+--------------------------------+-------------+

Region Core, Group 1: L2
+-------------------+----------+
|    Region Info    |  Core 0  |
+-------------------+----------+
| RDTSC Runtime [s] | 0.028446 |
|     call count    |        1 |
+-------------------+----------+

+-----------------------+---------+-----------+
|         Event         | Counter |   Core 0  |
+-----------------------+---------+-----------+
|   INSTR_RETIRED_ANY   |  FIXC0  | 175990800 |
| CPU_CLK_UNHALTED_CORE |  FIXC1  |  70287570 |
|  CPU_CLK_UNHALTED_REF |  FIXC2  |  73044180 |
|    L1D_REPLACEMENT    |   PMC0  |    372313 |
|      L1D_M_EVICT      |   PMC1  |      2917 |
| ICACHE_64B_IFTAG_MISS |   PMC2  |      1468 |
+-----------------------+---------+-----------+

+--------------------------------+-----------+
|             Metric             |   Core 0  |
+--------------------------------+-----------+
|       Runtime (RDTSC) [s]      |    0.0284 |
|      Runtime unhalted [s]      |    0.0271 |
|           Clock [MHz]          | 2494.1699 |
|               CPI              |    0.3994 |
|  L2D load bandwidth [MBytes/s] |  837.6520 |
|  L2D load data volume [GBytes] |    0.0238 |
| L2D evict bandwidth [MBytes/s] |    6.5628 |
| L2D evict data volume [GBytes] |    0.0002 |
|     L2 bandwidth [MBytes/s]    |  847.5176 |
|     L2 data volume [GBytes]    |    0.0241 |
+--------------------------------+-----------+

--------------------------------------------------------------------------------
CPU name:	Intel(R) Core(TM) i7-6500U CPU @ 2.50GHz
CPU type:	Intel Skylake processor
CPU clock:	2.59 GHz
--------------------------------------------------------------------------------
Bloom Join
-----------------
1048576 Buckets 2 Hash Functions
Initialization: 0 ms 
Bloom Filter Generation: 251578 ms 
Join Core: 28 ms 
13495 linhas
251609 ms 

--------------------------------------------------------------------------------
Region Initialization, Group 1: L2
+-------------------+----------+
|    Region Info    |  Core 0  |
+-------------------+----------+
| RDTSC Runtime [s] | 0.000244 |
|     call count    |        1 |
+-------------------+----------+

+-----------------------+---------+--------+
|         Event         | Counter | Core 0 |
+-----------------------+---------+--------+
|   INSTR_RETIRED_ANY   |  FIXC0  | 234235 |
| CPU_CLK_UNHALTED_CORE |  FIXC1  | 156467 |
|  CPU_CLK_UNHALTED_REF |  FIXC2  | 508572 |
|    L1D_REPLACEMENT    |   PMC0  |    396 |
|      L1D_M_EVICT      |   PMC1  |    214 |
| ICACHE_64B_IFTAG_MISS |   PMC2  |    626 |
+-----------------------+---------+--------+

+--------------------------------+--------------+
|             Metric             |    Core 0    |
+--------------------------------+--------------+
|       Runtime (RDTSC) [s]      |       0.0002 |
|      Runtime unhalted [s]      |       0.0001 |
|           Clock [MHz]          |     797.4487 |
|               CPI              |       0.6680 |
|  L2D load bandwidth [MBytes/s] |     103.7939 |
|  L2D load data volume [GBytes] | 2.534400e-05 |
| L2D evict bandwidth [MBytes/s] |      56.0906 |
| L2D evict data volume [GBytes] | 1.369600e-05 |
|     L2 bandwidth [MBytes/s]    |     323.9626 |
|     L2 data volume [GBytes]    |       0.0001 |
+--------------------------------+--------------+

Region Generation, Group 1: L2
+-------------------+----------+
|    Region Info    |  Core 0  |
+-------------------+----------+
| RDTSC Runtime [s] | 1.091595 |
|     call count    |  4500000 |
+-------------------+----------+

+-----------------------+---------+-------------+
|         Event         | Counter |    Core 0   |
+-----------------------+---------+-------------+
|   INSTR_RETIRED_ANY   |  FIXC0  | 16857980000 |
| CPU_CLK_UNHALTED_CORE |  FIXC1  | 37925550000 |
|  CPU_CLK_UNHALTED_REF |  FIXC2  | 39414860000 |
|    L1D_REPLACEMENT    |   PMC0  |   822856600 |
|      L1D_M_EVICT      |   PMC1  |   233385300 |
| ICACHE_64B_IFTAG_MISS |   PMC2  |  1731546000 |
+-----------------------+---------+-------------+

+--------------------------------+-------------+
|             Metric             |    Core 0   |
+--------------------------------+-------------+
|       Runtime (RDTSC) [s]      |      1.0916 |
|      Runtime unhalted [s]      |     14.6319 |
|           Clock [MHz]          |   2494.0454 |
|               CPI              |      2.2497 |
|  L2D load bandwidth [MBytes/s] |  48243.9205 |
|  L2D load data volume [GBytes] |     52.6628 |
| L2D evict bandwidth [MBytes/s] |  13683.3342 |
| L2D evict data volume [GBytes] |     14.9367 |
|     L2 bandwidth [MBytes/s]    | 163447.4559 |
|     L2 data volume [GBytes]    |    178.4184 |
+--------------------------------+-------------+

Region Core, Group 1: L2
+-------------------+----------+
|    Region Info    |  Core 0  |
+-------------------+----------+
| RDTSC Runtime [s] | 0.028182 |
|     call count    |        1 |
+-------------------+----------+

+-----------------------+---------+-----------+
|         Event         | Counter |   Core 0  |
+-----------------------+---------+-----------+
|   INSTR_RETIRED_ANY   |  FIXC0  | 175990800 |
| CPU_CLK_UNHALTED_CORE |  FIXC1  |  69572000 |
|  CPU_CLK_UNHALTED_REF |  FIXC2  |  72300600 |
|    L1D_REPLACEMENT    |   PMC0  |    371959 |
|      L1D_M_EVICT      |   PMC1  |      2316 |
| ICACHE_64B_IFTAG_MISS |   PMC2  |      1203 |
+-----------------------+---------+-----------+

+--------------------------------+-----------+
|             Metric             |   Core 0  |
+--------------------------------+-----------+
|       Runtime (RDTSC) [s]      |    0.0282 |
|      Runtime unhalted [s]      |    0.0268 |
|           Clock [MHz]          | 2494.1642 |
|               CPI              |    0.3953 |
|  L2D load bandwidth [MBytes/s] |  844.6936 |
|  L2D load data volume [GBytes] |    0.0238 |
| L2D evict bandwidth [MBytes/s] |    5.2595 |
| L2D evict data volume [GBytes] |    0.0001 |
|     L2 bandwidth [MBytes/s]    |  852.6851 |
|     L2 data volume [GBytes]    |    0.0240 |
+--------------------------------+-----------+

--------------------------------------------------------------------------------
CPU name:	Intel(R) Core(TM) i7-6500U CPU @ 2.50GHz
CPU type:	Intel Skylake processor
CPU clock:	2.59 GHz
--------------------------------------------------------------------------------
Bloom Join
-----------------
1048576 Buckets 2 Hash Functions
Initialization: 0 ms 
Bloom Filter Generation: 253500 ms 
Join Core: 28 ms 
13495 linhas
253531 ms 

--------------------------------------------------------------------------------
Region Initialization, Group 1: L2
+-------------------+----------+
|    Region Info    |  Core 0  |
+-------------------+----------+
| RDTSC Runtime [s] | 0.000247 |
|     call count    |        1 |
+-------------------+----------+

+-----------------------+---------+--------+
|         Event         | Counter | Core 0 |
+-----------------------+---------+--------+
|   INSTR_RETIRED_ANY   |  FIXC0  | 234235 |
| CPU_CLK_UNHALTED_CORE |  FIXC1  | 158055 |
|  CPU_CLK_UNHALTED_REF |  FIXC2  | 512676 |
|    L1D_REPLACEMENT    |   PMC0  |    418 |
|      L1D_M_EVICT      |   PMC1  |    228 |
| ICACHE_64B_IFTAG_MISS |   PMC2  |    700 |
+-----------------------+---------+--------+

+--------------------------------+--------------+
|             Metric             |    Core 0    |
+--------------------------------+--------------+
|       Runtime (RDTSC) [s]      |       0.0002 |
|      Runtime unhalted [s]      |       0.0001 |
|           Clock [MHz]          |     799.0929 |
|               CPI              |       0.6748 |
|  L2D load bandwidth [MBytes/s] |     108.3983 |
|  L2D load data volume [GBytes] | 2.675200e-05 |
| L2D evict bandwidth [MBytes/s] |      59.1263 |
| L2D evict data volume [GBytes] | 1.459200e-05 |
|     L2 bandwidth [MBytes/s]    |     349.0528 |
|     L2 data volume [GBytes]    |       0.0001 |
+--------------------------------+--------------+

Region Generation, Group 1: L2
+-------------------+----------+
|    Region Info    |  Core 0  |
+-------------------+----------+
| RDTSC Runtime [s] | 1.032579 |
|     call count    |  4500000 |
+-------------------+----------+

+-----------------------+---------+-------------+
|         Event         | Counter |    Core 0   |
+-----------------------+---------+-------------+
|   INSTR_RETIRED_ANY   |  FIXC0  | 16857980000 |
| CPU_CLK_UNHALTED_CORE |  FIXC1  | 38092810000 |
|  CPU_CLK_UNHALTED_REF |  FIXC2  | 39588710000 |
|    L1D_REPLACEMENT    |   PMC0  |   915303600 |
|      L1D_M_EVICT      |   PMC1  |   251762000 |
| ICACHE_64B_IFTAG_MISS |   PMC2  |  1576082000 |
+-----------------------+---------+-------------+

+--------------------------------+-------------+
|             Metric             |    Core 0   |
+--------------------------------+-------------+
|       Runtime (RDTSC) [s]      |      1.0326 |
|      Runtime unhalted [s]      |     14.6964 |
|           Clock [MHz]          |   2494.0416 |
|               CPI              |      2.2596 |
|  L2D load bandwidth [MBytes/s] |  56731.1851 |
|  L2D load data volume [GBytes] |     58.5794 |
| L2D evict bandwidth [MBytes/s] |  15604.3925 |
| L2D evict data volume [GBytes] |     16.1128 |
|     L2 bandwidth [MBytes/s]    | 170022.2902 |
|     L2 data volume [GBytes]    |    175.5614 |
+--------------------------------+-------------+

Region Core, Group 1: L2
+-------------------+----------+
|    Region Info    |  Core 0  |
+-------------------+----------+
| RDTSC Runtime [s] | 0.028317 |
|     call count    |        1 |
+-------------------+----------+

+-----------------------+---------+-----------+
|         Event         | Counter |   Core 0  |
+-----------------------+---------+-----------+
|   INSTR_RETIRED_ANY   |  FIXC0  | 175990800 |
| CPU_CLK_UNHALTED_CORE |  FIXC1  |  69891860 |
|  CPU_CLK_UNHALTED_REF |  FIXC2  |  72633130 |
|    L1D_REPLACEMENT    |   PMC0  |    372342 |
|      L1D_M_EVICT      |   PMC1  |      2470 |
| ICACHE_64B_IFTAG_MISS |   PMC2  |      1407 |
+-----------------------+---------+-----------+

+--------------------------------+-----------+
|             Metric             |   Core 0  |
+--------------------------------+-----------+
|       Runtime (RDTSC) [s]      |    0.0283 |
|      Runtime unhalted [s]      |    0.0270 |
|           Clock [MHz]          | 2494.1575 |
|               CPI              |    0.3971 |
|  L2D load bandwidth [MBytes/s] |  841.5394 |
|  L2D load data volume [GBytes] |    0.0238 |
| L2D evict bandwidth [MBytes/s] |    5.5825 |
| L2D evict data volume [GBytes] |    0.0002 |
|     L2 bandwidth [MBytes/s]    |  850.3019 |
|     L2 data volume [GBytes]    |    0.0241 |
+--------------------------------+-----------+

--------------------------------------------------------------------------------
CPU name:	Intel(R) Core(TM) i7-6500U CPU @ 2.50GHz
CPU type:	Intel Skylake processor
CPU clock:	2.59 GHz
--------------------------------------------------------------------------------
Bloom Join
-----------------
1048576 Buckets 2 Hash Functions
Initialization: 0 ms 
Bloom Filter Generation: 209188 ms 
Join Core: 23 ms 
13495 linhas
209214 ms 

--------------------------------------------------------------------------------
Region Initialization, Group 1: L2
+-------------------+----------+
|    Region Info    |  Core 0  |
+-------------------+----------+
| RDTSC Runtime [s] | 0.000248 |
|     call count    |        1 |
+-------------------+----------+

+-----------------------+---------+--------+
|         Event         | Counter | Core 0 |
+-----------------------+---------+--------+
|   INSTR_RETIRED_ANY   |  FIXC0  | 234235 |
| CPU_CLK_UNHALTED_CORE |  FIXC1  | 155914 |
|  CPU_CLK_UNHALTED_REF |  FIXC2  | 506952 |
|    L1D_REPLACEMENT    |   PMC0  |    415 |
|      L1D_M_EVICT      |   PMC1  |    244 |
| ICACHE_64B_IFTAG_MISS |   PMC2  |    648 |
+-----------------------+---------+--------+

+--------------------------------+--------------+
|             Metric             |    Core 0    |
+--------------------------------+--------------+
|       Runtime (RDTSC) [s]      |       0.0002 |
|      Runtime unhalted [s]      |       0.0001 |
|           Clock [MHz]          |     797.1569 |
|               CPI              |       0.6656 |
|  L2D load bandwidth [MBytes/s] |     106.9266 |
|  L2D load data volume [GBytes] | 2.656000e-05 |
| L2D evict bandwidth [MBytes/s] |      62.8677 |
| L2D evict data volume [GBytes] | 1.561600e-05 |
|     L2 bandwidth [MBytes/s]    |     336.7542 |
|     L2 data volume [GBytes]    |       0.0001 |
+--------------------------------+--------------+

Region Generation, Group 1: L2
+-------------------+----------+
|    Region Info    |  Core 0  |
+-------------------+----------+
| RDTSC Runtime [s] | 0.916359 |
|     call count    |  4500000 |
+-------------------+----------+

+-----------------------+---------+-------------+
|         Event         | Counter |    Core 0   |
+-----------------------+---------+-------------+
|   INSTR_RETIRED_ANY   |  FIXC0  | 16857980000 |
| CPU_CLK_UNHALTED_CORE |  FIXC1  | 39751870000 |
|  CPU_CLK_UNHALTED_REF |  FIXC2  | 33358700000 |
|    L1D_REPLACEMENT    |   PMC0  |   875459800 |
|      L1D_M_EVICT      |   PMC1  |   249936100 |
| ICACHE_64B_IFTAG_MISS |   PMC2  |  1648468000 |
+-----------------------+---------+-------------+

+--------------------------------+-------------+
|             Metric             |    Core 0   |
+--------------------------------+-------------+
|       Runtime (RDTSC) [s]      |      0.9164 |
|      Runtime unhalted [s]      |     15.3367 |
|           Clock [MHz]          |   3088.6878 |
|               CPI              |      2.3580 |
|  L2D load bandwidth [MBytes/s] |  61143.5535 |
|  L2D load data volume [GBytes] |     56.0294 |
| L2D evict bandwidth [MBytes/s] |  17455.9486 |
| L2D evict data volume [GBytes] |     15.9959 |
|     L2 bandwidth [MBytes/s]    | 193731.2208 |
|     L2 data volume [GBytes]    |    177.5273 |
+--------------------------------+-------------+

Region Core, Group 1: L2
+-------------------+----------+
|    Region Info    |  Core 0  |
+-------------------+----------+
| RDTSC Runtime [s] | 0.023344 |
|     call count    |        1 |
+-------------------+----------+

+-----------------------+---------+-----------+
|         Event         | Counter |   Core 0  |
+-----------------------+---------+-----------+
|   INSTR_RETIRED_ANY   |  FIXC0  | 175990800 |
| CPU_CLK_UNHALTED_CORE |  FIXC1  |  70495000 |
|  CPU_CLK_UNHALTED_REF |  FIXC2  |  59096840 |
|    L1D_REPLACEMENT    |   PMC0  |    373233 |
|      L1D_M_EVICT      |   PMC1  |      2180 |
| ICACHE_64B_IFTAG_MISS |   PMC2  |      1195 |
+-----------------------+---------+-----------+

+--------------------------------+-----------+
|             Metric             |   Core 0  |
+--------------------------------+-----------+
|       Runtime (RDTSC) [s]      |    0.0233 |
|      Runtime unhalted [s]      |    0.0272 |
|           Clock [MHz]          | 3091.8586 |
|               CPI              |    0.4006 |
|  L2D load bandwidth [MBytes/s] | 1023.2522 |
|  L2D load data volume [GBytes] |    0.0239 |
| L2D evict bandwidth [MBytes/s] |    5.9767 |
| L2D evict data volume [GBytes] |    0.0001 |
|     L2 bandwidth [MBytes/s]    | 1032.5051 |
|     L2 data volume [GBytes]    |    0.0241 |
+--------------------------------+-----------+

--------------------------------------------------------------------------------
CPU name:	Intel(R) Core(TM) i7-6500U CPU @ 2.50GHz
CPU type:	Intel Skylake processor
CPU clock:	2.59 GHz
--------------------------------------------------------------------------------
Bloom Join
-----------------
1048576 Buckets 2 Hash Functions
Initialization: 0 ms 
Bloom Filter Generation: 246428 ms 
Join Core: 28 ms 
13495 linhas
246459 ms 

--------------------------------------------------------------------------------
Region Initialization, Group 1: L2
+-------------------+----------+
|    Region Info    |  Core 0  |
+-------------------+----------+
| RDTSC Runtime [s] | 0.000244 |
|     call count    |        1 |
+-------------------+----------+

+-----------------------+---------+--------+
|         Event         | Counter | Core 0 |
+-----------------------+---------+--------+
|   INSTR_RETIRED_ANY   |  FIXC0  | 234235 |
| CPU_CLK_UNHALTED_CORE |  FIXC1  | 155469 |
|  CPU_CLK_UNHALTED_REF |  FIXC2  | 505440 |
|    L1D_REPLACEMENT    |   PMC0  |    418 |
|      L1D_M_EVICT      |   PMC1  |    232 |
| ICACHE_64B_IFTAG_MISS |   PMC2  |    615 |
+-----------------------+---------+--------+

+--------------------------------+--------------+
|             Metric             |    Core 0    |
+--------------------------------+--------------+
|       Runtime (RDTSC) [s]      |       0.0002 |
|      Runtime unhalted [s]      |       0.0001 |
|           Clock [MHz]          |     797.2718 |
|               CPI              |       0.6637 |
|  L2D load bandwidth [MBytes/s] |     109.6810 |
|  L2D load data volume [GBytes] | 2.675200e-05 |
| L2D evict bandwidth [MBytes/s] |      60.8756 |
| L2D evict data volume [GBytes] | 1.484800e-05 |
|     L2 bandwidth [MBytes/s]    |     331.9294 |
|     L2 data volume [GBytes]    |       0.0001 |
+--------------------------------+--------------+

Region Generation, Group 1: L2
+-------------------+----------+
|    Region Info    |  Core 0  |
+-------------------+----------+
| RDTSC Runtime [s] | 1.023970 |
|     call count    |  4500000 |
+-------------------+----------+

+-----------------------+---------+-------------+
|         Event         | Counter |    Core 0   |
+-----------------------+---------+-------------+
|   INSTR_RETIRED_ANY   |  FIXC0  | 16860550000 |
| CPU_CLK_UNHALTED_CORE |  FIXC1  | 39914940000 |
|  CPU_CLK_UNHALTED_REF |  FIXC2  | 39328210000 |
|    L1D_REPLACEMENT    |   PMC0  |   896254300 |
|      L1D_M_EVICT      |   PMC1  |   271773600 |
| ICACHE_64B_IFTAG_MISS |   PMC2  |  1806263000 |
+-----------------------+---------+-------------+

+--------------------------------+-------------+
|             Metric             |    Core 0   |
+--------------------------------+-------------+
|       Runtime (RDTSC) [s]      |      1.0240 |
|      Runtime unhalted [s]      |     15.3994 |
|           Clock [MHz]          |   2630.6527 |
|               CPI              |      2.3674 |
|  L2D load bandwidth [MBytes/s] |  56017.5349 |
|  L2D load data volume [GBytes] |     57.3603 |
| L2D evict bandwidth [MBytes/s] |  16986.3476 |
| L2D evict data volume [GBytes] |     17.3935 |
|     L2 bandwidth [MBytes/s]    | 185898.6275 |
|     L2 data volume [GBytes]    |    190.3546 |
+--------------------------------+-------------+

Region Core, Group 1: L2
+-------------------+----------+
|    Region Info    |  Core 0  |
+-------------------+----------+
| RDTSC Runtime [s] | 0.027953 |
|     call count    |        1 |
+-------------------+----------+

+-----------------------+---------+-----------+
|         Event         | Counter |   Core 0  |
+-----------------------+---------+-----------+
|   INSTR_RETIRED_ANY   |  FIXC0  | 175990800 |
| CPU_CLK_UNHALTED_CORE |  FIXC1  |  69144210 |
|  CPU_CLK_UNHALTED_REF |  FIXC2  |  71855640 |
|    L1D_REPLACEMENT    |   PMC0  |    374051 |
|      L1D_M_EVICT      |   PMC1  |      2664 |
| ICACHE_64B_IFTAG_MISS |   PMC2  |      1197 |
+-----------------------+---------+-----------+

+--------------------------------+-----------+
|             Metric             |   Core 0  |
+--------------------------------+-----------+
|       Runtime (RDTSC) [s]      |    0.0280 |
|      Runtime unhalted [s]      |    0.0267 |
|           Clock [MHz]          | 2494.1764 |
|               CPI              |    0.3929 |
|  L2D load bandwidth [MBytes/s] |  856.4048 |
|  L2D load data volume [GBytes] |    0.0239 |
| L2D evict bandwidth [MBytes/s] |    6.0993 |
| L2D evict data volume [GBytes] |    0.0002 |
|     L2 bandwidth [MBytes/s]    |  865.2447 |
|     L2 data volume [GBytes]    |    0.0242 |
+--------------------------------+-----------+

--------------------------------------------------------------------------------
CPU name:	Intel(R) Core(TM) i7-6500U CPU @ 2.50GHz
CPU type:	Intel Skylake processor
CPU clock:	2.59 GHz
--------------------------------------------------------------------------------
Bloom Join
-----------------
1048576 Buckets 2 Hash Functions
Initialization: 0 ms 
Bloom Filter Generation: 248896 ms 
Join Core: 28 ms 
13495 linhas
248926 ms 

--------------------------------------------------------------------------------
Region Initialization, Group 1: L2
+-------------------+----------+
|    Region Info    |  Core 0  |
+-------------------+----------+
| RDTSC Runtime [s] | 0.000253 |
|     call count    |        1 |
+-------------------+----------+

+-----------------------+---------+--------+
|         Event         | Counter | Core 0 |
+-----------------------+---------+--------+
|   INSTR_RETIRED_ANY   |  FIXC0  | 234235 |
| CPU_CLK_UNHALTED_CORE |  FIXC1  | 164160 |
|  CPU_CLK_UNHALTED_REF |  FIXC2  | 532980 |
|    L1D_REPLACEMENT    |   PMC0  |    397 |
|      L1D_M_EVICT      |   PMC1  |    237 |
| ICACHE_64B_IFTAG_MISS |   PMC2  |    696 |
+-----------------------+---------+--------+

+--------------------------------+--------------+
|             Metric             |    Core 0    |
+--------------------------------+--------------+
|       Runtime (RDTSC) [s]      |       0.0003 |
|      Runtime unhalted [s]      |       0.0001 |
|           Clock [MHz]          |     798.3420 |
|               CPI              |       0.7008 |
|  L2D load bandwidth [MBytes/s] |     100.4692 |
|  L2D load data volume [GBytes] | 2.540800e-05 |
| L2D evict bandwidth [MBytes/s] |      59.9778 |
| L2D evict data volume [GBytes] | 1.516800e-05 |
|     L2 bandwidth [MBytes/s]    |     336.5844 |
|     L2 data volume [GBytes]    |       0.0001 |
+--------------------------------+--------------+

Region Generation, Group 1: L2
+-------------------+----------+
|    Region Info    |  Core 0  |
+-------------------+----------+
| RDTSC Runtime [s] | 0.988296 |
|     call count    |  4500000 |
+-------------------+----------+

+-----------------------+---------+-------------+
|         Event         | Counter |    Core 0   |
+-----------------------+---------+-------------+
|   INSTR_RETIRED_ANY   |  FIXC0  | 16857980000 |
| CPU_CLK_UNHALTED_CORE |  FIXC1  | 37699150000 |
|  CPU_CLK_UNHALTED_REF |  FIXC2  | 39179340000 |
|    L1D_REPLACEMENT    |   PMC0  |   887813900 |
|      L1D_M_EVICT      |   PMC1  |   273813000 |
| ICACHE_64B_IFTAG_MISS |   PMC2  |  1643198000 |
+-----------------------+---------+-------------+

+--------------------------------+-------------+
|             Metric             |    Core 0   |
+--------------------------------+-------------+
|       Runtime (RDTSC) [s]      |      0.9883 |
|      Runtime unhalted [s]      |     14.5445 |
|           Clock [MHz]          |   2494.0605 |
|               CPI              |      2.2363 |
|  L2D load bandwidth [MBytes/s] |  57492.9643 |
|  L2D load data volume [GBytes] |     56.8201 |
| L2D evict bandwidth [MBytes/s] |  17731.5550 |
| L2D evict data volume [GBytes] |     17.5240 |
|     L2 bandwidth [MBytes/s]    | 181634.5720 |
|     L2 data volume [GBytes]    |    179.5088 |
+--------------------------------+-------------+

Region Core, Group 1: L2
+-------------------+----------+
|    Region Info    |  Core 0  |
+-------------------+----------+
| RDTSC Runtime [s] | 0.028120 |
|     call count    |        1 |
+-------------------+----------+

+-----------------------+---------+-----------+
|         Event         | Counter |   Core 0  |
+-----------------------+---------+-----------+
|   INSTR_RETIRED_ANY   |  FIXC0  | 175990800 |
| CPU_CLK_UNHALTED_CORE |  FIXC1  |  69144630 |
|  CPU_CLK_UNHALTED_REF |  FIXC2  |  71856610 |
|    L1D_REPLACEMENT    |   PMC0  |    371490 |
|      L1D_M_EVICT      |   PMC1  |      2096 |
| ICACHE_64B_IFTAG_MISS |   PMC2  |      1158 |
+-----------------------+---------+-----------+

+--------------------------------+-----------+
|             Metric             |   Core 0  |
+--------------------------------+-----------+
|       Runtime (RDTSC) [s]      |    0.0281 |
|      Runtime unhalted [s]      |    0.0267 |
|           Clock [MHz]          | 2494.1597 |
|               CPI              |    0.3929 |
|  L2D load bandwidth [MBytes/s] |  845.4916 |
|  L2D load data volume [GBytes] |    0.0238 |
| L2D evict bandwidth [MBytes/s] |    4.7704 |
| L2D evict data volume [GBytes] |    0.0001 |
|     L2 bandwidth [MBytes/s]    |  852.8976 |
|     L2 data volume [GBytes]    |    0.0240 |
+--------------------------------+-----------+

--------------------------------------------------------------------------------
CPU name:	Intel(R) Core(TM) i7-6500U CPU @ 2.50GHz
CPU type:	Intel Skylake processor
CPU clock:	2.59 GHz
--------------------------------------------------------------------------------
Bloom Join
-----------------
1048576 Buckets 2 Hash Functions
Initialization: 0 ms 
Bloom Filter Generation: 227504 ms 
Join Core: 28 ms 
13495 linhas
227533 ms 

--------------------------------------------------------------------------------
Region Initialization, Group 1: L3
+-------------------+----------+
|    Region Info    |  Core 0  |
+-------------------+----------+
| RDTSC Runtime [s] | 0.000087 |
|     call count    |        1 |
+-------------------+----------+

+-----------------------+---------+--------+
|         Event         | Counter | Core 0 |
+-----------------------+---------+--------+
|   INSTR_RETIRED_ANY   |  FIXC0  | 234142 |
| CPU_CLK_UNHALTED_CORE |  FIXC1  | 162088 |
|  CPU_CLK_UNHALTED_REF |  FIXC2  | 175716 |
|    L2_LINES_IN_ALL    |   PMC0  |    687 |
|     L2_TRANS_L2_WB    |   PMC1  |    162 |
+-----------------------+---------+--------+

+-------------------------------+--------------+
|             Metric            |    Core 0    |
+-------------------------------+--------------+
|      Runtime (RDTSC) [s]      |       0.0001 |
|      Runtime unhalted [s]     |       0.0001 |
|          Clock [MHz]          |    2390.9599 |
|              CPI              |       0.6923 |
|  L3 load bandwidth [MBytes/s] |     504.1481 |
|  L3 load data volume [GBytes] | 4.396800e-05 |
| L3 evict bandwidth [MBytes/s] |     118.8821 |
| L3 evict data volume [GBytes] | 1.036800e-05 |
|    L3 bandwidth [MBytes/s]    |     623.0302 |
|    L3 data volume [GBytes]    |       0.0001 |
+-------------------------------+--------------+

Region Generation, Group 1: L3
+-------------------+----------+
|    Region Info    |  Core 0  |
+-------------------+----------+
| RDTSC Runtime [s] | 1.073150 |
|     call count    |  4500000 |
+-------------------+----------+

+-----------------------+---------+-------------+
|         Event         | Counter |    Core 0   |
+-----------------------+---------+-------------+
|   INSTR_RETIRED_ANY   |  FIXC0  | 16439480000 |
| CPU_CLK_UNHALTED_CORE |  FIXC1  | 39238370000 |
|  CPU_CLK_UNHALTED_REF |  FIXC2  | 40778340000 |
|    L2_LINES_IN_ALL    |   PMC0  |   413421500 |
|     L2_TRANS_L2_WB    |   PMC1  |    76810640 |
+-----------------------+---------+-------------+

+-------------------------------+------------+
|             Metric            |   Core 0   |
+-------------------------------+------------+
|      Runtime (RDTSC) [s]      |     1.0732 |
|      Runtime unhalted [s]     |    15.1383 |
|          Clock [MHz]          |  2494.1017 |
|              CPI              |     2.3868 |
|  L3 load bandwidth [MBytes/s] | 24655.4312 |
|  L3 load data volume [GBytes] |    26.4590 |
| L3 evict bandwidth [MBytes/s] |  4580.7958 |
| L3 evict data volume [GBytes] |     4.9159 |
|    L3 bandwidth [MBytes/s]    | 29236.2270 |
|    L3 data volume [GBytes]    |    31.3749 |
+-------------------------------+------------+

Region Core, Group 1: L3
+-------------------+----------+
|    Region Info    |  Core 0  |
+-------------------+----------+
| RDTSC Runtime [s] | 0.028237 |
|     call count    |        1 |
+-------------------+----------+

+-----------------------+---------+-----------+
|         Event         | Counter |   Core 0  |
+-----------------------+---------+-----------+
|   INSTR_RETIRED_ANY   |  FIXC0  | 175990700 |
| CPU_CLK_UNHALTED_CORE |  FIXC1  |  69683660 |
|  CPU_CLK_UNHALTED_REF |  FIXC2  |  72416480 |
|    L2_LINES_IN_ALL    |   PMC0  |    130186 |
|     L2_TRANS_L2_WB    |   PMC1  |     28918 |
+-----------------------+---------+-----------+

+-------------------------------+-----------+
|             Metric            |   Core 0  |
+-------------------------------+-----------+
|      Runtime (RDTSC) [s]      |    0.0282 |
|      Runtime unhalted [s]     |    0.0269 |
|          Clock [MHz]          | 2494.1713 |
|              CPI              |    0.3960 |
|  L3 load bandwidth [MBytes/s] |  295.0715 |
|  L3 load data volume [GBytes] |    0.0083 |
| L3 evict bandwidth [MBytes/s] |   65.5437 |
| L3 evict data volume [GBytes] |    0.0019 |
|    L3 bandwidth [MBytes/s]    |  360.6152 |
|    L3 data volume [GBytes]    |    0.0102 |
+-------------------------------+-----------+

--------------------------------------------------------------------------------
CPU name:	Intel(R) Core(TM) i7-6500U CPU @ 2.50GHz
CPU type:	Intel Skylake processor
CPU clock:	2.59 GHz
--------------------------------------------------------------------------------
Bloom Join
-----------------
1048576 Buckets 2 Hash Functions
Initialization: 0 ms 
Bloom Filter Generation: 230213 ms 
Join Core: 28 ms 
13495 linhas
230243 ms 

--------------------------------------------------------------------------------
Region Initialization, Group 1: L3
+-------------------+----------+
|    Region Info    |  Core 0  |
+-------------------+----------+
| RDTSC Runtime [s] | 0.000093 |
|     call count    |        1 |
+-------------------+----------+

+-----------------------+---------+--------+
|         Event         | Counter | Core 0 |
+-----------------------+---------+--------+
|   INSTR_RETIRED_ANY   |  FIXC0  | 234142 |
| CPU_CLK_UNHALTED_CORE |  FIXC1  | 168041 |
|  CPU_CLK_UNHALTED_REF |  FIXC2  | 190188 |
|    L2_LINES_IN_ALL    |   PMC0  |    722 |
|     L2_TRANS_L2_WB    |   PMC1  |    182 |
+-----------------------+---------+--------+

+-------------------------------+--------------+
|             Metric            |    Core 0    |
+-------------------------------+--------------+
|      Runtime (RDTSC) [s]      |       0.0001 |
|      Runtime unhalted [s]     |       0.0001 |
|          Clock [MHz]          |    2290.1284 |
|              CPI              |       0.7177 |
|  L3 load bandwidth [MBytes/s] |     494.8132 |
|  L3 load data volume [GBytes] | 4.620800e-05 |
| L3 evict bandwidth [MBytes/s] |     124.7313 |
| L3 evict data volume [GBytes] | 1.164800e-05 |
|    L3 bandwidth [MBytes/s]    |     619.5445 |
|    L3 data volume [GBytes]    |       0.0001 |
+-------------------------------+--------------+

Region Generation, Group 1: L3
+-------------------+----------+
|    Region Info    |  Core 0  |
+-------------------+----------+
| RDTSC Runtime [s] | 1.018801 |
|     call count    |  4500000 |
+-------------------+----------+

+-----------------------+---------+-------------+
|         Event         | Counter |    Core 0   |
+-----------------------+---------+-------------+
|   INSTR_RETIRED_ANY   |  FIXC0  | 16439480000 |
| CPU_CLK_UNHALTED_CORE |  FIXC1  | 39239610000 |
|  CPU_CLK_UNHALTED_REF |  FIXC2  | 40779100000 |
|    L2_LINES_IN_ALL    |   PMC0  |   569411700 |
|     L2_TRANS_L2_WB    |   PMC1  |   101788300 |
+-----------------------+---------+-------------+

+-------------------------------+------------+
|             Metric            |   Core 0   |
+-------------------------------+------------+
|      Runtime (RDTSC) [s]      |     1.0188 |
|      Runtime unhalted [s]     |    15.1390 |
|          Clock [MHz]          |  2494.1049 |
|              CPI              |     2.3869 |
|  L3 load bandwidth [MBytes/s] | 35769.8400 |
|  L3 load data volume [GBytes] |    36.4423 |
| L3 evict bandwidth [MBytes/s] |  6394.2332 |
| L3 evict data volume [GBytes] |     6.5145 |
|    L3 bandwidth [MBytes/s]    | 42164.0733 |
|    L3 data volume [GBytes]    |    42.9568 |
+-------------------------------+------------+

Region Core, Group 1: L3
+-------------------+----------+
|    Region Info    |  Core 0  |
+-------------------+----------+
| RDTSC Runtime [s] | 0.028312 |
|     call count    |        1 |
+-------------------+----------+

+-----------------------+---------+-----------+
|         Event         | Counter |   Core 0  |
+-----------------------+---------+-----------+
|   INSTR_RETIRED_ANY   |  FIXC0  | 175990700 |
| CPU_CLK_UNHALTED_CORE |  FIXC1  |  69704910 |
|  CPU_CLK_UNHALTED_REF |  FIXC2  |  72438080 |
|    L2_LINES_IN_ALL    |   PMC0  |     90138 |
|     L2_TRANS_L2_WB    |   PMC1  |     29276 |
+-----------------------+---------+-----------+

+-------------------------------+-----------+
|             Metric            |   Core 0  |
+-------------------------------+-----------+
|      Runtime (RDTSC) [s]      |    0.0283 |
|      Runtime unhalted [s]     |    0.0269 |
|          Clock [MHz]          | 2494.1589 |
|              CPI              |    0.3961 |
|  L3 load bandwidth [MBytes/s] |  203.7600 |
|  L3 load data volume [GBytes] |    0.0058 |
| L3 evict bandwidth [MBytes/s] |   66.1794 |
| L3 evict data volume [GBytes] |    0.0019 |
|    L3 bandwidth [MBytes/s]    |  269.9394 |
|    L3 data volume [GBytes]    |    0.0076 |
+-------------------------------+-----------+

--------------------------------------------------------------------------------
CPU name:	Intel(R) Core(TM) i7-6500U CPU @ 2.50GHz
CPU type:	Intel Skylake processor
CPU clock:	2.59 GHz
--------------------------------------------------------------------------------
Bloom Join
-----------------
1048576 Buckets 2 Hash Functions
Initialization: 0 ms 
Bloom Filter Generation: 232416 ms 
Join Core: 29 ms 
13495 linhas
232447 ms 

--------------------------------------------------------------------------------
Region Initialization, Group 1: L3
+-------------------+----------+
|    Region Info    |  Core 0  |
+-------------------+----------+
| RDTSC Runtime [s] | 0.000253 |
|     call count    |        1 |
+-------------------+----------+

+-----------------------+---------+--------+
|         Event         | Counter | Core 0 |
+-----------------------+---------+--------+
|   INSTR_RETIRED_ANY   |  FIXC0  | 234142 |
| CPU_CLK_UNHALTED_CORE |  FIXC1  | 158948 |
|  CPU_CLK_UNHALTED_REF |  FIXC2  | 515916 |
|    L2_LINES_IN_ALL    |   PMC0  |    660 |
|     L2_TRANS_L2_WB    |   PMC1  |    137 |
+-----------------------+---------+--------+

+-------------------------------+--------------+
|             Metric            |    Core 0    |
+-------------------------------+--------------+
|      Runtime (RDTSC) [s]      |       0.0003 |
|      Runtime unhalted [s]     |       0.0001 |
|          Clock [MHz]          |     798.5647 |
|              CPI              |       0.6789 |
|  L3 load bandwidth [MBytes/s] |     167.2656 |
|  L3 load data volume [GBytes] | 4.224000e-05 |
| L3 evict bandwidth [MBytes/s] |      34.7203 |
| L3 evict data volume [GBytes] | 8.768000e-06 |
|    L3 bandwidth [MBytes/s]    |     201.9859 |
|    L3 data volume [GBytes]    |       0.0001 |
+-------------------------------+--------------+

Region Generation, Group 1: L3
+-------------------+----------+
|    Region Info    |  Core 0  |
+-------------------+----------+
| RDTSC Runtime [s] | 1.120747 |
|     call count    |  4500000 |
+-------------------+----------+

+-----------------------+---------+-------------+
|         Event         | Counter |    Core 0   |
+-----------------------+---------+-------------+
|   INSTR_RETIRED_ANY   |  FIXC0  | 16463480000 |
| CPU_CLK_UNHALTED_CORE |  FIXC1  | 38133020000 |
|  CPU_CLK_UNHALTED_REF |  FIXC2  | 39629840000 |
|    L2_LINES_IN_ALL    |   PMC0  |   603007300 |
|     L2_TRANS_L2_WB    |   PMC1  |   120320800 |
+-----------------------+---------+-------------+

+-------------------------------+------------+
|             Metric            |   Core 0   |
+-------------------------------+------------+
|      Runtime (RDTSC) [s]      |     1.1207 |
|      Runtime unhalted [s]     |    14.7118 |
|          Clock [MHz]          |  2494.0945 |
|              CPI              |     2.3162 |
|  L3 load bandwidth [MBytes/s] | 34434.5934 |
|  L3 load data volume [GBytes] |    38.5925 |
| L3 evict bandwidth [MBytes/s] |  6870.8916 |
| L3 evict data volume [GBytes] |     7.7005 |
|    L3 bandwidth [MBytes/s]    | 41305.4850 |
|    L3 data volume [GBytes]    |    46.2930 |
+-------------------------------+------------+

Region Core, Group 1: L3
+-------------------+----------+
|    Region Info    |  Core 0  |
+-------------------+----------+
| RDTSC Runtime [s] | 0.028543 |
|     call count    |        1 |
+-------------------+----------+

+-----------------------+---------+-----------+
|         Event         | Counter |   Core 0  |
+-----------------------+---------+-----------+
|   INSTR_RETIRED_ANY   |  FIXC0  | 178390700 |
| CPU_CLK_UNHALTED_CORE |  FIXC1  |  70287070 |
|  CPU_CLK_UNHALTED_REF |  FIXC2  |  73043420 |
|    L2_LINES_IN_ALL    |   PMC0  |     62002 |
|     L2_TRANS_L2_WB    |   PMC1  |     31302 |
+-----------------------+---------+-----------+

+-------------------------------+-----------+
|             Metric            |   Core 0  |
+-------------------------------+-----------+
|      Runtime (RDTSC) [s]      |    0.0285 |
|      Runtime unhalted [s]     |    0.0271 |
|          Clock [MHz]          | 2494.1832 |
|              CPI              |    0.3940 |
|  L3 load bandwidth [MBytes/s] |  139.0249 |
|  L3 load data volume [GBytes] |    0.0040 |
| L3 evict bandwidth [MBytes/s] |   70.1873 |
| L3 evict data volume [GBytes] |    0.0020 |
|    L3 bandwidth [MBytes/s]    |  209.2122 |
|    L3 data volume [GBytes]    |    0.0060 |
+-------------------------------+-----------+

--------------------------------------------------------------------------------
CPU name:	Intel(R) Core(TM) i7-6500U CPU @ 2.50GHz
CPU type:	Intel Skylake processor
CPU clock:	2.59 GHz
--------------------------------------------------------------------------------
Bloom Join
-----------------
1048576 Buckets 2 Hash Functions
Initialization: 0 ms 
Bloom Filter Generation: 230445 ms 
Join Core: 28 ms 
13495 linhas
230476 ms 

--------------------------------------------------------------------------------
Region Initialization, Group 1: L3
+-------------------+----------+
|    Region Info    |  Core 0  |
+-------------------+----------+
| RDTSC Runtime [s] | 0.000246 |
|     call count    |        1 |
+-------------------+----------+

+-----------------------+---------+--------+
|         Event         | Counter | Core 0 |
+-----------------------+---------+--------+
|   INSTR_RETIRED_ANY   |  FIXC0  | 234142 |
| CPU_CLK_UNHALTED_CORE |  FIXC1  | 154714 |
|  CPU_CLK_UNHALTED_REF |  FIXC2  | 502524 |
|    L2_LINES_IN_ALL    |   PMC0  |   1017 |
|     L2_TRANS_L2_WB    |   PMC1  |    292 |
+-----------------------+---------+--------+

+-------------------------------+--------------+
|             Metric            |    Core 0    |
+-------------------------------+--------------+
|      Runtime (RDTSC) [s]      |       0.0002 |
|      Runtime unhalted [s]     |       0.0001 |
|          Clock [MHz]          |     798.0049 |
|              CPI              |       0.6608 |
|  L3 load bandwidth [MBytes/s] |     264.1671 |
|  L3 load data volume [GBytes] |       0.0001 |
| L3 evict bandwidth [MBytes/s] |      75.8474 |
| L3 evict data volume [GBytes] | 1.868800e-05 |
|    L3 bandwidth [MBytes/s]    |     340.0145 |
|    L3 data volume [GBytes]    |       0.0001 |
+-------------------------------+--------------+

Region Generation, Group 1: L3
+-------------------+----------+
|    Region Info    |  Core 0  |
+-------------------+----------+
| RDTSC Runtime [s] | 1.095595 |
|     call count    |  4500000 |
+-------------------+----------+

+-----------------------+---------+-------------+
|         Event         | Counter |    Core 0   |
+-----------------------+---------+-------------+
|   INSTR_RETIRED_ANY   |  FIXC0  | 16439480000 |
| CPU_CLK_UNHALTED_CORE |  FIXC1  | 38961480000 |
|  CPU_CLK_UNHALTED_REF |  FIXC2  | 39607410000 |
|    L2_LINES_IN_ALL    |   PMC0  |   446515700 |
|     L2_TRANS_L2_WB    |   PMC1  |   105625900 |
+-----------------------+---------+-------------+

+-------------------------------+------------+
|             Metric            |   Core 0   |
+-------------------------------+------------+
|      Runtime (RDTSC) [s]      |     1.0956 |
|      Runtime unhalted [s]     |    15.0315 |
|          Clock [MHz]          |  2549.7158 |
|              CPI              |     2.3700 |
|  L3 load bandwidth [MBytes/s] | 26083.5480 |
|  L3 load data volume [GBytes] |    28.5770 |
| L3 evict bandwidth [MBytes/s] |  6170.2158 |
| L3 evict data volume [GBytes] |     6.7601 |
|    L3 bandwidth [MBytes/s]    | 32253.7638 |
|    L3 data volume [GBytes]    |    35.3371 |
+-------------------------------+------------+

Region Core, Group 1: L3
+-------------------+----------+
|    Region Info    |  Core 0  |
+-------------------+----------+
| RDTSC Runtime [s] | 0.028203 |
|     call count    |        1 |
+-------------------+----------+

+-----------------------+---------+-----------+
|         Event         | Counter |   Core 0  |
+-----------------------+---------+-----------+
|   INSTR_RETIRED_ANY   |  FIXC0  | 175990700 |
| CPU_CLK_UNHALTED_CORE |  FIXC1  |  69493070 |
|  CPU_CLK_UNHALTED_REF |  FIXC2  |  72218300 |
|    L2_LINES_IN_ALL    |   PMC0  |     60486 |
|     L2_TRANS_L2_WB    |   PMC1  |     28719 |
+-----------------------+---------+-----------+

+-------------------------------+-----------+
|             Metric            |   Core 0  |
+-------------------------------+-----------+
|      Runtime (RDTSC) [s]      |    0.0282 |
|      Runtime unhalted [s]     |    0.0268 |
|          Clock [MHz]          | 2494.1755 |
|              CPI              |    0.3949 |
|  L3 load bandwidth [MBytes/s] |  137.2596 |
|  L3 load data volume [GBytes] |    0.0039 |
| L3 evict bandwidth [MBytes/s] |   65.1714 |
| L3 evict data volume [GBytes] |    0.0018 |
|    L3 bandwidth [MBytes/s]    |  202.4310 |
|    L3 data volume [GBytes]    |    0.0057 |
+-------------------------------+-----------+

--------------------------------------------------------------------------------
CPU name:	Intel(R) Core(TM) i7-6500U CPU @ 2.50GHz
CPU type:	Intel Skylake processor
CPU clock:	2.59 GHz
--------------------------------------------------------------------------------
Bloom Join
-----------------
1048576 Buckets 2 Hash Functions
Initialization: 0 ms 
Bloom Filter Generation: 232601 ms 
Join Core: 29 ms 
13495 linhas
232633 ms 

--------------------------------------------------------------------------------
Region Initialization, Group 1: L3
+-------------------+----------+
|    Region Info    |  Core 0  |
+-------------------+----------+
| RDTSC Runtime [s] | 0.000254 |
|     call count    |        1 |
+-------------------+----------+

+-----------------------+---------+--------+
|         Event         | Counter | Core 0 |
+-----------------------+---------+--------+
|   INSTR_RETIRED_ANY   |  FIXC0  | 234142 |
| CPU_CLK_UNHALTED_CORE |  FIXC1  | 161438 |
|  CPU_CLK_UNHALTED_REF |  FIXC2  | 524340 |
|    L2_LINES_IN_ALL    |   PMC0  |   1039 |
|     L2_TRANS_L2_WB    |   PMC1  |    267 |
+-----------------------+---------+--------+

+-------------------------------+--------------+
|             Metric            |    Core 0    |
+-------------------------------+--------------+
|      Runtime (RDTSC) [s]      |       0.0003 |
|      Runtime unhalted [s]     |       0.0001 |
|          Clock [MHz]          |     798.0432 |
|              CPI              |       0.6895 |
|  L3 load bandwidth [MBytes/s] |     261.7431 |
|  L3 load data volume [GBytes] |       0.0001 |
| L3 evict bandwidth [MBytes/s] |      67.2622 |
| L3 evict data volume [GBytes] | 1.708800e-05 |
|    L3 bandwidth [MBytes/s]    |     329.0053 |
|    L3 data volume [GBytes]    |       0.0001 |
+-------------------------------+--------------+

Region Generation, Group 1: L3
+-------------------+----------+
|    Region Info    |  Core 0  |
+-------------------+----------+
| RDTSC Runtime [s] | 1.087753 |
|     call count    |  4500000 |
+-------------------+----------+

+-----------------------+---------+-------------+
|         Event         | Counter |    Core 0   |
+-----------------------+---------+-------------+
|   INSTR_RETIRED_ANY   |  FIXC0  | 16439510000 |
| CPU_CLK_UNHALTED_CORE |  FIXC1  | 42026660000 |
|  CPU_CLK_UNHALTED_REF |  FIXC2  | 41640340000 |
|    L2_LINES_IN_ALL    |   PMC0  |   821171500 |
|     L2_TRANS_L2_WB    |   PMC1  |   128787600 |
+-----------------------+---------+-------------+

+-------------------------------+------------+
|             Metric            |   Core 0   |
+-------------------------------+------------+
|      Runtime (RDTSC) [s]      |     1.0878 |
|      Runtime unhalted [s]     |    16.2140 |
|          Clock [MHz]          |  2616.0390 |
|              CPI              |     2.5564 |
|  L3 load bandwidth [MBytes/s] | 48315.1745 |
|  L3 load data volume [GBytes] |    52.5550 |
| L3 evict bandwidth [MBytes/s] |  7577.4614 |
| L3 evict data volume [GBytes] |     8.2424 |
|    L3 bandwidth [MBytes/s]    | 55892.6359 |
|    L3 data volume [GBytes]    |    60.7974 |
+-------------------------------+------------+

Region Core, Group 1: L3
+-------------------+----------+
|    Region Info    |  Core 0  |
+-------------------+----------+
| RDTSC Runtime [s] | 0.028528 |
|     call count    |        1 |
+-------------------+----------+

+-----------------------+---------+-----------+
|         Event         | Counter |   Core 0  |
+-----------------------+---------+-----------+
|   INSTR_RETIRED_ANY   |  FIXC0  | 175990700 |
| CPU_CLK_UNHALTED_CORE |  FIXC1  |  70411900 |
|  CPU_CLK_UNHALTED_REF |  FIXC2  |  73172920 |
|    L2_LINES_IN_ALL    |   PMC0  |     93635 |
|     L2_TRANS_L2_WB    |   PMC1  |     21998 |
+-----------------------+---------+-----------+

+-------------------------------+-----------+
|             Metric            |   Core 0  |
+-------------------------------+-----------+
|      Runtime (RDTSC) [s]      |    0.0285 |
|      Runtime unhalted [s]     |    0.0272 |
|          Clock [MHz]          | 2494.1886 |
|              CPI              |    0.4001 |
|  L3 load bandwidth [MBytes/s] |  210.0647 |
|  L3 load data volume [GBytes] |    0.0060 |
| L3 evict bandwidth [MBytes/s] |   49.3512 |
| L3 evict data volume [GBytes] |    0.0014 |
|    L3 bandwidth [MBytes/s]    |  259.4160 |
|    L3 data volume [GBytes]    |    0.0074 |
+-------------------------------+-----------+

--------------------------------------------------------------------------------
CPU name:	Intel(R) Core(TM) i7-6500U CPU @ 2.50GHz
CPU type:	Intel Skylake processor
CPU clock:	2.59 GHz
--------------------------------------------------------------------------------
Bloom Join
-----------------
1048576 Buckets 2 Hash Functions
Initialization: 0 ms 
Bloom Filter Generation: 232152 ms 
Join Core: 29 ms 
13495 linhas
232184 ms 

--------------------------------------------------------------------------------
Region Initialization, Group 1: L3
+-------------------+----------+
|    Region Info    |  Core 0  |
+-------------------+----------+
| RDTSC Runtime [s] | 0.000252 |
|     call count    |        1 |
+-------------------+----------+

+-----------------------+---------+--------+
|         Event         | Counter | Core 0 |
+-----------------------+---------+--------+
|   INSTR_RETIRED_ANY   |  FIXC0  | 234142 |
| CPU_CLK_UNHALTED_CORE |  FIXC1  | 160680 |
|  CPU_CLK_UNHALTED_REF |  FIXC2  | 522180 |
|    L2_LINES_IN_ALL    |   PMC0  |   1270 |
|     L2_TRANS_L2_WB    |   PMC1  |    221 |
+-----------------------+---------+--------+

+-------------------------------+--------------+
|             Metric            |    Core 0    |
+-------------------------------+--------------+
|      Runtime (RDTSC) [s]      |       0.0003 |
|      Runtime unhalted [s]     |       0.0001 |
|          Clock [MHz]          |     797.5813 |
|              CPI              |       0.6863 |
|  L3 load bandwidth [MBytes/s] |     322.4866 |
|  L3 load data volume [GBytes] |       0.0001 |
| L3 evict bandwidth [MBytes/s] |      56.1177 |
| L3 evict data volume [GBytes] | 1.414400e-05 |
|    L3 bandwidth [MBytes/s]    |     378.6043 |
|    L3 data volume [GBytes]    |       0.0001 |
+-------------------------------+--------------+

Region Generation, Group 1: L3
+-------------------+----------+
|    Region Info    |  Core 0  |
+-------------------+----------+
| RDTSC Runtime [s] | 1.151830 |
|     call count    |  4500000 |
+-------------------+----------+

+-----------------------+---------+-------------+
|         Event         | Counter |    Core 0   |
+-----------------------+---------+-------------+
|   INSTR_RETIRED_ANY   |  FIXC0  | 16463480000 |
| CPU_CLK_UNHALTED_CORE |  FIXC1  | 39410180000 |
|  CPU_CLK_UNHALTED_REF |  FIXC2  | 40957520000 |
|    L2_LINES_IN_ALL    |   PMC0  |   637992100 |
|     L2_TRANS_L2_WB    |   PMC1  |   111475300 |
+-----------------------+---------+-------------+

+-------------------------------+------------+
|             Metric            |   Core 0   |
+-------------------------------+------------+
|      Runtime (RDTSC) [s]      |     1.1518 |
|      Runtime unhalted [s]     |    15.2046 |
|          Clock [MHz]          |  2494.0671 |
|              CPI              |     2.3938 |
|  L3 load bandwidth [MBytes/s] | 35449.2368 |
|  L3 load data volume [GBytes] |    40.8315 |
| L3 evict bandwidth [MBytes/s] |  6193.9863 |
| L3 evict data volume [GBytes] |     7.1344 |
|    L3 bandwidth [MBytes/s]    | 41643.2230 |
|    L3 data volume [GBytes]    |    47.9659 |
+-------------------------------+------------+

Region Core, Group 1: L3
+-------------------+----------+
|    Region Info    |  Core 0  |
+-------------------+----------+
| RDTSC Runtime [s] | 0.029269 |
|     call count    |        1 |
+-------------------+----------+

+-----------------------+---------+-----------+
|         Event         | Counter |   Core 0  |
+-----------------------+---------+-----------+
|   INSTR_RETIRED_ANY   |  FIXC0  | 178390700 |
| CPU_CLK_UNHALTED_CORE |  FIXC1  |  72351260 |
|  CPU_CLK_UNHALTED_REF |  FIXC2  |  75188520 |
|    L2_LINES_IN_ALL    |   PMC0  |     79940 |
|     L2_TRANS_L2_WB    |   PMC1  |     32470 |
+-----------------------+---------+-----------+

+-------------------------------+-----------+
|             Metric            |   Core 0  |
+-------------------------------+-----------+
|      Runtime (RDTSC) [s]      |    0.0293 |
|      Runtime unhalted [s]     |    0.0279 |
|          Clock [MHz]          | 2494.1808 |
|              CPI              |    0.4056 |
|  L3 load bandwidth [MBytes/s] |  174.7988 |
|  L3 load data volume [GBytes] |    0.0051 |
| L3 evict bandwidth [MBytes/s] |   70.9997 |
| L3 evict data volume [GBytes] |    0.0021 |
|    L3 bandwidth [MBytes/s]    |  245.7985 |
|    L3 data volume [GBytes]    |    0.0072 |
+-------------------------------+-----------+

--------------------------------------------------------------------------------
CPU name:	Intel(R) Core(TM) i7-6500U CPU @ 2.50GHz
CPU type:	Intel Skylake processor
CPU clock:	2.59 GHz
--------------------------------------------------------------------------------
Bloom Join
-----------------
1048576 Buckets 2 Hash Functions
Initialization: 0 ms 
Bloom Filter Generation: 234787 ms 
Join Core: 28 ms 
13495 linhas
234818 ms 

--------------------------------------------------------------------------------
Region Initialization, Group 1: L3
+-------------------+----------+
|    Region Info    |  Core 0  |
+-------------------+----------+
| RDTSC Runtime [s] | 0.000243 |
|     call count    |        1 |
+-------------------+----------+

+-----------------------+---------+--------+
|         Event         | Counter | Core 0 |
+-----------------------+---------+--------+
|   INSTR_RETIRED_ANY   |  FIXC0  | 234142 |
| CPU_CLK_UNHALTED_CORE |  FIXC1  | 157637 |
|  CPU_CLK_UNHALTED_REF |  FIXC2  | 511812 |
|    L2_LINES_IN_ALL    |   PMC0  |    741 |
|     L2_TRANS_L2_WB    |   PMC1  |    172 |
+-----------------------+---------+--------+

+-------------------------------+--------------+
|             Metric            |    Core 0    |
+-------------------------------+--------------+
|      Runtime (RDTSC) [s]      |       0.0002 |
|      Runtime unhalted [s]     |       0.0001 |
|          Clock [MHz]          |     798.3201 |
|              CPI              |       0.6733 |
|  L3 load bandwidth [MBytes/s] |     195.5505 |
|  L3 load data volume [GBytes] | 4.742400e-05 |
| L3 evict bandwidth [MBytes/s] |      45.3909 |
| L3 evict data volume [GBytes] | 1.100800e-05 |
|    L3 bandwidth [MBytes/s]    |     240.9414 |
|    L3 data volume [GBytes]    |       0.0001 |
+-------------------------------+--------------+

Region Generation, Group 1: L3
+-------------------+----------+
|    Region Info    |  Core 0  |
+-------------------+----------+
| RDTSC Runtime [s] | 1.066793 |
|     call count    |  4500000 |
+-------------------+----------+

+-----------------------+---------+-------------+
|         Event         | Counter |    Core 0   |
+-----------------------+---------+-------------+
|   INSTR_RETIRED_ANY   |  FIXC0  | 16439480000 |
| CPU_CLK_UNHALTED_CORE |  FIXC1  | 40950000000 |
|  CPU_CLK_UNHALTED_REF |  FIXC2  | 42557890000 |
|    L2_LINES_IN_ALL    |   PMC0  |   764284400 |
|     L2_TRANS_L2_WB    |   PMC1  |   119460300 |
+-----------------------+---------+-------------+

+-------------------------------+------------+
|             Metric            |   Core 0   |
+-------------------------------+------------+
|      Runtime (RDTSC) [s]      |     1.0668 |
|      Runtime unhalted [s]     |    15.7988 |
|          Clock [MHz]          |  2494.0387 |
|              CPI              |     2.4910 |
|  L3 load bandwidth [MBytes/s] | 45851.6334 |
|  L3 load data volume [GBytes] |    48.9142 |
| L3 evict bandwidth [MBytes/s] |  7166.7692 |
| L3 evict data volume [GBytes] |     7.6455 |
|    L3 bandwidth [MBytes/s]    | 53018.4026 |
|    L3 data volume [GBytes]    |    56.5597 |
+-------------------------------+------------+

Region Core, Group 1: L3
+-------------------+----------+
|    Region Info    |  Core 0  |
+-------------------+----------+
| RDTSC Runtime [s] | 0.028082 |
|     call count    |        1 |
+-------------------+----------+

+-----------------------+---------+-----------+
|         Event         | Counter |   Core 0  |
+-----------------------+---------+-----------+
|   INSTR_RETIRED_ANY   |  FIXC0  | 175990700 |
| CPU_CLK_UNHALTED_CORE |  FIXC1  |  69404500 |
|  CPU_CLK_UNHALTED_REF |  FIXC2  |  72126500 |
|    L2_LINES_IN_ALL    |   PMC0  |     82363 |
|     L2_TRANS_L2_WB    |   PMC1  |     28453 |
+-----------------------+---------+-----------+

+-------------------------------+-----------+
|             Metric            |   Core 0  |
+-------------------------------+-----------+
|      Runtime (RDTSC) [s]      |    0.0281 |
|      Runtime unhalted [s]     |    0.0268 |
|          Clock [MHz]          | 2494.1476 |
|              CPI              |    0.3944 |
|  L3 load bandwidth [MBytes/s] |  187.7115 |
|  L3 load data volume [GBytes] |    0.0053 |
| L3 evict bandwidth [MBytes/s] |   64.8465 |
| L3 evict data volume [GBytes] |    0.0018 |
|    L3 bandwidth [MBytes/s]    |  252.5580 |
|    L3 data volume [GBytes]    |    0.0071 |
+-------------------------------+-----------+

