--------------------------------------------------------------------------------
CPU name:	Intel(R) Core(TM) i7-6500U CPU @ 2.50GHz
CPU type:	Intel Skylake processor
CPU clock:	2.59 GHz
--------------------------------------------------------------------------------
Bloom Join
-----------------
2097152 Buckets 1 Hash Functions
Initialization: 0 ms 
Bloom Filter Generation: 165949 ms 
Join Core: 23 ms 
14779 linhas
165973 ms 

--------------------------------------------------------------------------------
Region Initialization, Group 1: L2
+-------------------+----------+
|    Region Info    |  Core 0  |
+-------------------+----------+
| RDTSC Runtime [s] | 0.000173 |
|     call count    |        1 |
+-------------------+----------+

+-----------------------+---------+--------+
|         Event         | Counter | Core 0 |
+-----------------------+---------+--------+
|   INSTR_RETIRED_ANY   |  FIXC0  | 463644 |
| CPU_CLK_UNHALTED_CORE |  FIXC1  | 320706 |
|  CPU_CLK_UNHALTED_REF |  FIXC2  | 332532 |
|    L1D_REPLACEMENT    |   PMC0  |    400 |
|      L1D_M_EVICT      |   PMC1  |    191 |
| ICACHE_64B_IFTAG_MISS |   PMC2  |    688 |
+-----------------------+---------+--------+

+--------------------------------+--------------+
|             Metric             |    Core 0    |
+--------------------------------+--------------+
|       Runtime (RDTSC) [s]      |       0.0002 |
|      Runtime unhalted [s]      |       0.0001 |
|           Clock [MHz]          |    2499.7937 |
|               CPI              |       0.6917 |
|  L2D load bandwidth [MBytes/s] |     148.0310 |
|  L2D load data volume [GBytes] | 2.560000e-05 |
| L2D evict bandwidth [MBytes/s] |      70.6848 |
| L2D evict data volume [GBytes] | 1.222400e-05 |
|     L2 bandwidth [MBytes/s]    |     473.3293 |
|     L2 data volume [GBytes]    |       0.0001 |
+--------------------------------+--------------+

Region Generation, Group 1: L2
+-------------------+----------+
|    Region Info    |  Core 0  |
+-------------------+----------+
| RDTSC Runtime [s] | 0.697916 |
|     call count    |  3000000 |
+-------------------+----------+

+-----------------------+---------+-------------+
|         Event         | Counter |    Core 0   |
+-----------------------+---------+-------------+
|   INSTR_RETIRED_ANY   |  FIXC0  | 11100980000 |
| CPU_CLK_UNHALTED_CORE |  FIXC1  | 24965800000 |
|  CPU_CLK_UNHALTED_REF |  FIXC2  | 25944960000 |
|    L1D_REPLACEMENT    |   PMC0  |   558851300 |
|      L1D_M_EVICT      |   PMC1  |   173452500 |
| ICACHE_64B_IFTAG_MISS |   PMC2  |  1101356000 |
+-----------------------+---------+-------------+

+--------------------------------+-------------+
|             Metric             |    Core 0   |
+--------------------------------+-------------+
|       Runtime (RDTSC) [s]      |      0.6979 |
|      Runtime unhalted [s]      |      9.6320 |
|           Clock [MHz]          |   2494.1526 |
|               CPI              |      2.2490 |
|  L2D load bandwidth [MBytes/s] |  51247.5252 |
|  L2D load data volume [GBytes] |     35.7665 |
| L2D evict bandwidth [MBytes/s] |  15905.8615 |
| L2D evict data volume [GBytes] |     11.1010 |
|     L2 bandwidth [MBytes/s]    | 168149.4288 |
|     L2 data volume [GBytes]    |    117.3542 |
+--------------------------------+-------------+

Region Core, Group 1: L2
+-------------------+----------+
|    Region Info    |  Core 0  |
+-------------------+----------+
| RDTSC Runtime [s] | 0.022735 |
|     call count    |        1 |
+-------------------+----------+

+-----------------------+---------+-----------+
|         Event         | Counter |   Core 0  |
+-----------------------+---------+-----------+
|   INSTR_RETIRED_ANY   |  FIXC0  | 136736900 |
| CPU_CLK_UNHALTED_CORE |  FIXC1  |  55969740 |
|  CPU_CLK_UNHALTED_REF |  FIXC2  |  58164370 |
|    L1D_REPLACEMENT    |   PMC0  |    289535 |
|      L1D_M_EVICT      |   PMC1  |      2407 |
| ICACHE_64B_IFTAG_MISS |   PMC2  |      1134 |
+-----------------------+---------+-----------+

+--------------------------------+-----------+
|             Metric             |   Core 0  |
+--------------------------------+-----------+
|       Runtime (RDTSC) [s]      |    0.0227 |
|      Runtime unhalted [s]      |    0.0216 |
|           Clock [MHz]          | 2494.1743 |
|               CPI              |    0.4093 |
|  L2D load bandwidth [MBytes/s] |  815.0405 |
|  L2D load data volume [GBytes] |    0.0185 |
| L2D evict bandwidth [MBytes/s] |    6.7757 |
| L2D evict data volume [GBytes] |    0.0002 |
|     L2 bandwidth [MBytes/s]    |  825.0084 |
|     L2 data volume [GBytes]    |    0.0188 |
+--------------------------------+-----------+

--------------------------------------------------------------------------------
CPU name:	Intel(R) Core(TM) i7-6500U CPU @ 2.50GHz
CPU type:	Intel Skylake processor
CPU clock:	2.59 GHz
--------------------------------------------------------------------------------
Bloom Join
-----------------
2097152 Buckets 1 Hash Functions
Initialization: 0 ms 
Bloom Filter Generation: 159784 ms 
Join Core: 23 ms 
14779 linhas
159808 ms 

--------------------------------------------------------------------------------
Region Initialization, Group 1: L2
+-------------------+----------+
|    Region Info    |  Core 0  |
+-------------------+----------+
| RDTSC Runtime [s] | 0.000153 |
|     call count    |        1 |
+-------------------+----------+

+-----------------------+---------+--------+
|         Event         | Counter | Core 0 |
+-----------------------+---------+--------+
|   INSTR_RETIRED_ANY   |  FIXC0  | 463643 |
| CPU_CLK_UNHALTED_CORE |  FIXC1  | 298725 |
|  CPU_CLK_UNHALTED_REF |  FIXC2  | 310716 |
|    L1D_REPLACEMENT    |   PMC0  |    417 |
|      L1D_M_EVICT      |   PMC1  |    244 |
| ICACHE_64B_IFTAG_MISS |   PMC2  |    703 |
+-----------------------+---------+--------+

+--------------------------------+--------------+
|             Metric             |    Core 0    |
+--------------------------------+--------------+
|       Runtime (RDTSC) [s]      |       0.0002 |
|      Runtime unhalted [s]      |       0.0001 |
|           Clock [MHz]          |    2491.9380 |
|               CPI              |       0.6443 |
|  L2D load bandwidth [MBytes/s] |     174.0704 |
|  L2D load data volume [GBytes] | 2.668800e-05 |
| L2D evict bandwidth [MBytes/s] |     101.8541 |
| L2D evict data volume [GBytes] | 1.561600e-05 |
|     L2 bandwidth [MBytes/s]    |     569.3813 |
|     L2 data volume [GBytes]    |       0.0001 |
+--------------------------------+--------------+

Region Generation, Group 1: L2
+-------------------+----------+
|    Region Info    |  Core 0  |
+-------------------+----------+
| RDTSC Runtime [s] | 0.702259 |
|     call count    |  3000000 |
+-------------------+----------+

+-----------------------+---------+-------------+
|         Event         | Counter |    Core 0   |
+-----------------------+---------+-------------+
|   INSTR_RETIRED_ANY   |  FIXC0  | 11100980000 |
| CPU_CLK_UNHALTED_CORE |  FIXC1  | 26497560000 |
|  CPU_CLK_UNHALTED_REF |  FIXC2  | 25683350000 |
|    L1D_REPLACEMENT    |   PMC0  |   620639500 |
|      L1D_M_EVICT      |   PMC1  |   199223100 |
| ICACHE_64B_IFTAG_MISS |   PMC2  |  1108022000 |
+-----------------------+---------+-------------+

+--------------------------------+-------------+
|             Metric             |    Core 0   |
+--------------------------------+-------------+
|       Runtime (RDTSC) [s]      |      0.7023 |
|      Runtime unhalted [s]      |     10.2230 |
|           Clock [MHz]          |   2674.1361 |
|               CPI              |      2.3870 |
|  L2D load bandwidth [MBytes/s] |  56561.6262 |
|  L2D load data volume [GBytes] |     39.7209 |
| L2D evict bandwidth [MBytes/s] |  18156.0834 |
| L2D evict data volume [GBytes] |     12.7503 |
|     L2 bandwidth [MBytes/s]    | 175696.6613 |
|     L2 data volume [GBytes]    |    123.3846 |
+--------------------------------+-------------+

Region Core, Group 1: L2
+-------------------+----------+
|    Region Info    |  Core 0  |
+-------------------+----------+
| RDTSC Runtime [s] | 0.022805 |
|     call count    |        1 |
+-------------------+----------+

+-----------------------+---------+-----------+
|         Event         | Counter |   Core 0  |
+-----------------------+---------+-----------+
|   INSTR_RETIRED_ANY   |  FIXC0  | 136736900 |
| CPU_CLK_UNHALTED_CORE |  FIXC1  |  56123660 |
|  CPU_CLK_UNHALTED_REF |  FIXC2  |  58324750 |
|    L1D_REPLACEMENT    |   PMC0  |    290015 |
|      L1D_M_EVICT      |   PMC1  |      2496 |
| ICACHE_64B_IFTAG_MISS |   PMC2  |      1281 |
+-----------------------+---------+-----------+

+--------------------------------+-----------+
|             Metric             |   Core 0  |
+--------------------------------+-----------+
|       Runtime (RDTSC) [s]      |    0.0228 |
|      Runtime unhalted [s]      |    0.0217 |
|           Clock [MHz]          | 2494.1489 |
|               CPI              |    0.4104 |
|  L2D load bandwidth [MBytes/s] |  813.8855 |
|  L2D load data volume [GBytes] |    0.0186 |
| L2D evict bandwidth [MBytes/s] |    7.0047 |
| L2D evict data volume [GBytes] |    0.0002 |
|     L2 bandwidth [MBytes/s]    |  824.4851 |
|     L2 data volume [GBytes]    |    0.0188 |
+--------------------------------+-----------+

--------------------------------------------------------------------------------
CPU name:	Intel(R) Core(TM) i7-6500U CPU @ 2.50GHz
CPU type:	Intel Skylake processor
CPU clock:	2.59 GHz
--------------------------------------------------------------------------------
Bloom Join
-----------------
2097152 Buckets 1 Hash Functions
Initialization: 0 ms 
Bloom Filter Generation: 171085 ms 
Join Core: 23 ms 
14779 linhas
171109 ms 

--------------------------------------------------------------------------------
Region Initialization, Group 1: L2
+-------------------+----------+
|    Region Info    |  Core 0  |
+-------------------+----------+
| RDTSC Runtime [s] | 0.000203 |
|     call count    |        1 |
+-------------------+----------+

+-----------------------+---------+--------+
|         Event         | Counter | Core 0 |
+-----------------------+---------+--------+
|   INSTR_RETIRED_ANY   |  FIXC0  | 463643 |
| CPU_CLK_UNHALTED_CORE |  FIXC1  | 317040 |
|  CPU_CLK_UNHALTED_REF |  FIXC2  | 374436 |
|    L1D_REPLACEMENT    |   PMC0  |    411 |
|      L1D_M_EVICT      |   PMC1  |    255 |
| ICACHE_64B_IFTAG_MISS |   PMC2  |    697 |
+-----------------------+---------+--------+

+--------------------------------+--------------+
|             Metric             |    Core 0    |
+--------------------------------+--------------+
|       Runtime (RDTSC) [s]      |       0.0002 |
|      Runtime unhalted [s]      |       0.0001 |
|           Clock [MHz]          |    2194.6326 |
|               CPI              |       0.6838 |
|  L2D load bandwidth [MBytes/s] |     129.5370 |
|  L2D load data volume [GBytes] | 2.630400e-05 |
| L2D evict bandwidth [MBytes/s] |      80.3697 |
| L2D evict data volume [GBytes] | 1.632000e-05 |
|     L2 bandwidth [MBytes/s]    |     429.5837 |
|     L2 data volume [GBytes]    |       0.0001 |
+--------------------------------+--------------+

Region Generation, Group 1: L2
+-------------------+----------+
|    Region Info    |  Core 0  |
+-------------------+----------+
| RDTSC Runtime [s] | 0.706512 |
|     call count    |  3000000 |
+-------------------+----------+

+-----------------------+---------+-------------+
|         Event         | Counter |    Core 0   |
+-----------------------+---------+-------------+
|   INSTR_RETIRED_ANY   |  FIXC0  | 11100980000 |
| CPU_CLK_UNHALTED_CORE |  FIXC1  | 26091890000 |
|  CPU_CLK_UNHALTED_REF |  FIXC2  | 27115790000 |
|    L1D_REPLACEMENT    |   PMC0  |   571788700 |
|      L1D_M_EVICT      |   PMC1  |   173950200 |
| ICACHE_64B_IFTAG_MISS |   PMC2  |  1064578000 |
+-----------------------+---------+-------------+

+--------------------------------+-------------+
|             Metric             |    Core 0   |
+--------------------------------+-------------+
|       Runtime (RDTSC) [s]      |      0.7065 |
|      Runtime unhalted [s]      |     10.0665 |
|           Clock [MHz]          |   2494.0700 |
|               CPI              |      2.3504 |
|  L2D load bandwidth [MBytes/s] |  51795.9515 |
|  L2D load data volume [GBytes] |     36.5945 |
| L2D evict bandwidth [MBytes/s] |  15757.4225 |
| L2D evict data volume [GBytes] |     11.1328 |
|     L2 bandwidth [MBytes/s]    | 163989.0510 |
|     L2 data volume [GBytes]    |    115.8603 |
+--------------------------------+-------------+

Region Core, Group 1: L2
+-------------------+----------+
|    Region Info    |  Core 0  |
+-------------------+----------+
| RDTSC Runtime [s] | 0.022801 |
|     call count    |        1 |
+-------------------+----------+

+-----------------------+---------+-----------+
|         Event         | Counter |   Core 0  |
+-----------------------+---------+-----------+
|   INSTR_RETIRED_ANY   |  FIXC0  | 136736900 |
| CPU_CLK_UNHALTED_CORE |  FIXC1  |  56042170 |
|  CPU_CLK_UNHALTED_REF |  FIXC2  |  58239860 |
|    L1D_REPLACEMENT    |   PMC0  |    289518 |
|      L1D_M_EVICT      |   PMC1  |      2354 |
| ICACHE_64B_IFTAG_MISS |   PMC2  |      1116 |
+-----------------------+---------+-----------+

+--------------------------------+-----------+
|             Metric             |   Core 0  |
+--------------------------------+-----------+
|       Runtime (RDTSC) [s]      |    0.0228 |
|      Runtime unhalted [s]      |    0.0216 |
|           Clock [MHz]          | 2494.1351 |
|               CPI              |    0.4099 |
|  L2D load bandwidth [MBytes/s] |  812.6625 |
|  L2D load data volume [GBytes] |    0.0185 |
| L2D evict bandwidth [MBytes/s] |    6.6076 |
| L2D evict data volume [GBytes] |    0.0002 |
|     L2 bandwidth [MBytes/s]    |  822.4026 |
|     L2 data volume [GBytes]    |    0.0188 |
+--------------------------------+-----------+

--------------------------------------------------------------------------------
CPU name:	Intel(R) Core(TM) i7-6500U CPU @ 2.50GHz
CPU type:	Intel Skylake processor
CPU clock:	2.59 GHz
--------------------------------------------------------------------------------
Bloom Join
-----------------
2097152 Buckets 1 Hash Functions
Initialization: 1 ms 
Bloom Filter Generation: 171146 ms 
Join Core: 23 ms 
14779 linhas
171171 ms 

--------------------------------------------------------------------------------
Region Initialization, Group 1: L2
+-------------------+----------+
|    Region Info    |  Core 0  |
+-------------------+----------+
| RDTSC Runtime [s] | 0.000504 |
|     call count    |        1 |
+-------------------+----------+

+-----------------------+---------+---------+
|         Event         | Counter |  Core 0 |
+-----------------------+---------+---------+
|   INSTR_RETIRED_ANY   |  FIXC0  |  463643 |
| CPU_CLK_UNHALTED_CORE |  FIXC1  |  313958 |
|  CPU_CLK_UNHALTED_REF |  FIXC2  | 1019628 |
|    L1D_REPLACEMENT    |   PMC0  |     413 |
|      L1D_M_EVICT      |   PMC1  |     240 |
| ICACHE_64B_IFTAG_MISS |   PMC2  |     623 |
+-----------------------+---------+---------+

+--------------------------------+--------------+
|             Metric             |    Core 0    |
+--------------------------------+--------------+
|       Runtime (RDTSC) [s]      |       0.0005 |
|      Runtime unhalted [s]      |       0.0001 |
|           Clock [MHz]          |     798.1082 |
|               CPI              |       0.6772 |
|  L2D load bandwidth [MBytes/s] |      52.4002 |
|  L2D load data volume [GBytes] | 2.643200e-05 |
| L2D evict bandwidth [MBytes/s] |      30.4505 |
| L2D evict data volume [GBytes] | 1.536000e-05 |
|     L2 bandwidth [MBytes/s]    |     161.8951 |
|     L2 data volume [GBytes]    |       0.0001 |
+--------------------------------+--------------+

Region Generation, Group 1: L2
+-------------------+----------+
|    Region Info    |  Core 0  |
+-------------------+----------+
| RDTSC Runtime [s] | 0.743776 |
|     call count    |  3000000 |
+-------------------+----------+

+-----------------------+---------+-------------+
|         Event         | Counter |    Core 0   |
+-----------------------+---------+-------------+
|   INSTR_RETIRED_ANY   |  FIXC0  | 11100980000 |
| CPU_CLK_UNHALTED_CORE |  FIXC1  | 27122990000 |
|  CPU_CLK_UNHALTED_REF |  FIXC2  | 28188270000 |
|    L1D_REPLACEMENT    |   PMC0  |   555468300 |
|      L1D_M_EVICT      |   PMC1  |   179695000 |
| ICACHE_64B_IFTAG_MISS |   PMC2  |  1165239000 |
+-----------------------+---------+-------------+

+--------------------------------+-------------+
|             Metric             |    Core 0   |
+--------------------------------+-------------+
|       Runtime (RDTSC) [s]      |      0.7438 |
|      Runtime unhalted [s]      |     10.4642 |
|           Clock [MHz]          |   2494.0267 |
|               CPI              |      2.4433 |
|  L2D load bandwidth [MBytes/s] |  47796.6419 |
|  L2D load data volume [GBytes] |     35.5500 |
| L2D evict bandwidth [MBytes/s] |  15462.3001 |
| L2D evict data volume [GBytes] |     11.5005 |
|     L2 bandwidth [MBytes/s]    | 163524.8098 |
|     L2 data volume [GBytes]    |    121.6257 |
+--------------------------------+-------------+

Region Core, Group 1: L2
+-------------------+----------+
|    Region Info    |  Core 0  |
+-------------------+----------+
| RDTSC Runtime [s] | 0.022694 |
|     call count    |        1 |
+-------------------+----------+

+-----------------------+---------+-----------+
|         Event         | Counter |   Core 0  |
+-----------------------+---------+-----------+
|   INSTR_RETIRED_ANY   |  FIXC0  | 136736900 |
| CPU_CLK_UNHALTED_CORE |  FIXC1  |  56069120 |
|  CPU_CLK_UNHALTED_REF |  FIXC2  |  58268050 |
|    L1D_REPLACEMENT    |   PMC0  |    290495 |
|      L1D_M_EVICT      |   PMC1  |      2126 |
| ICACHE_64B_IFTAG_MISS |   PMC2  |      1039 |
+-----------------------+---------+-----------+

+--------------------------------+-----------+
|             Metric             |   Core 0  |
+--------------------------------+-----------+
|       Runtime (RDTSC) [s]      |    0.0227 |
|      Runtime unhalted [s]      |    0.0216 |
|           Clock [MHz]          | 2494.1651 |
|               CPI              |    0.4101 |
|  L2D load bandwidth [MBytes/s] |  819.2492 |
|  L2D load data volume [GBytes] |    0.0186 |
| L2D evict bandwidth [MBytes/s] |    5.9957 |
| L2D evict data volume [GBytes] |    0.0001 |
|     L2 bandwidth [MBytes/s]    |  828.1750 |
|     L2 data volume [GBytes]    |    0.0188 |
+--------------------------------+-----------+

--------------------------------------------------------------------------------
CPU name:	Intel(R) Core(TM) i7-6500U CPU @ 2.50GHz
CPU type:	Intel Skylake processor
CPU clock:	2.59 GHz
--------------------------------------------------------------------------------
Bloom Join
-----------------
2097152 Buckets 1 Hash Functions
Initialization: 1 ms 
Bloom Filter Generation: 169954 ms 
Join Core: 23 ms 
14779 linhas
169980 ms 

--------------------------------------------------------------------------------
Region Initialization, Group 1: L2
+-------------------+----------+
|    Region Info    |  Core 0  |
+-------------------+----------+
| RDTSC Runtime [s] | 0.000499 |
|     call count    |        1 |
+-------------------+----------+

+-----------------------+---------+---------+
|         Event         | Counter |  Core 0 |
+-----------------------+---------+---------+
|   INSTR_RETIRED_ANY   |  FIXC0  |  463643 |
| CPU_CLK_UNHALTED_CORE |  FIXC1  |  310220 |
|  CPU_CLK_UNHALTED_REF |  FIXC2  | 1006884 |
|    L1D_REPLACEMENT    |   PMC0  |     398 |
|      L1D_M_EVICT      |   PMC1  |     230 |
| ICACHE_64B_IFTAG_MISS |   PMC2  |     641 |
+-----------------------+---------+---------+

+--------------------------------+--------------+
|             Metric             |    Core 0    |
+--------------------------------+--------------+
|       Runtime (RDTSC) [s]      |       0.0005 |
|      Runtime unhalted [s]      |       0.0001 |
|           Clock [MHz]          |     798.5850 |
|               CPI              |       0.6691 |
|  L2D load bandwidth [MBytes/s] |      51.0269 |
|  L2D load data volume [GBytes] | 2.547200e-05 |
| L2D evict bandwidth [MBytes/s] |      29.4879 |
| L2D evict data volume [GBytes] | 1.472000e-05 |
|     L2 bandwidth [MBytes/s]    |     162.6963 |
|     L2 data volume [GBytes]    |       0.0001 |
+--------------------------------+--------------+

Region Generation, Group 1: L2
+-------------------+----------+
|    Region Info    |  Core 0  |
+-------------------+----------+
| RDTSC Runtime [s] | 0.727157 |
|     call count    |  3000000 |
+-------------------+----------+

+-----------------------+---------+-------------+
|         Event         | Counter |    Core 0   |
+-----------------------+---------+-------------+
|   INSTR_RETIRED_ANY   |  FIXC0  | 11100980000 |
| CPU_CLK_UNHALTED_CORE |  FIXC1  | 25948960000 |
|  CPU_CLK_UNHALTED_REF |  FIXC2  | 26967950000 |
|    L1D_REPLACEMENT    |   PMC0  |   574851700 |
|      L1D_M_EVICT      |   PMC1  |   173498500 |
| ICACHE_64B_IFTAG_MISS |   PMC2  |  1089013000 |
+-----------------------+---------+-------------+

+--------------------------------+-------------+
|             Metric             |    Core 0   |
+--------------------------------+-------------+
|       Runtime (RDTSC) [s]      |      0.7272 |
|      Runtime unhalted [s]      |     10.0113 |
|           Clock [MHz]          |   2494.0366 |
|               CPI              |      2.3375 |
|  L2D load bandwidth [MBytes/s] |  50594.9727 |
|  L2D load data volume [GBytes] |     36.7905 |
| L2D evict bandwidth [MBytes/s] |  15270.2895 |
| L2D evict data volume [GBytes] |     11.1039 |
|     L2 bandwidth [MBytes/s]    | 161713.6053 |
|     L2 data volume [GBytes]    |    117.5912 |
+--------------------------------+-------------+

Region Core, Group 1: L2
+-------------------+----------+
|    Region Info    |  Core 0  |
+-------------------+----------+
| RDTSC Runtime [s] | 0.023321 |
|     call count    |        1 |
+-------------------+----------+

+-----------------------+---------+-----------+
|         Event         | Counter |   Core 0  |
+-----------------------+---------+-----------+
|   INSTR_RETIRED_ANY   |  FIXC0  | 136736900 |
| CPU_CLK_UNHALTED_CORE |  FIXC1  |  57423230 |
|  CPU_CLK_UNHALTED_REF |  FIXC2  |  59675290 |
|    L1D_REPLACEMENT    |   PMC0  |    290374 |
|      L1D_M_EVICT      |   PMC1  |      3857 |
| ICACHE_64B_IFTAG_MISS |   PMC2  |      2885 |
+-----------------------+---------+-----------+

+--------------------------------+-----------+
|             Metric             |   Core 0  |
+--------------------------------+-----------+
|       Runtime (RDTSC) [s]      |    0.0233 |
|      Runtime unhalted [s]      |    0.0222 |
|           Clock [MHz]          | 2494.1575 |
|               CPI              |    0.4200 |
|  L2D load bandwidth [MBytes/s] |  796.8831 |
|  L2D load data volume [GBytes] |    0.0186 |
| L2D evict bandwidth [MBytes/s] |   10.5849 |
| L2D evict data volume [GBytes] |    0.0002 |
|     L2 bandwidth [MBytes/s]    |  815.3854 |
|     L2 data volume [GBytes]    |    0.0190 |
+--------------------------------+-----------+

--------------------------------------------------------------------------------
CPU name:	Intel(R) Core(TM) i7-6500U CPU @ 2.50GHz
CPU type:	Intel Skylake processor
CPU clock:	2.59 GHz
--------------------------------------------------------------------------------
Bloom Join
-----------------
2097152 Buckets 1 Hash Functions
Initialization: 1 ms 
Bloom Filter Generation: 178231 ms 
Join Core: 23 ms 
14779 linhas
178257 ms 

--------------------------------------------------------------------------------
Region Initialization, Group 1: L2
+-------------------+----------+
|    Region Info    |  Core 0  |
+-------------------+----------+
| RDTSC Runtime [s] | 0.000439 |
|     call count    |        1 |
+-------------------+----------+

+-----------------------+---------+--------+
|         Event         | Counter | Core 0 |
+-----------------------+---------+--------+
|   INSTR_RETIRED_ANY   |  FIXC0  | 463643 |
| CPU_CLK_UNHALTED_CORE |  FIXC1  | 305028 |
|  CPU_CLK_UNHALTED_REF |  FIXC2  | 880632 |
|    L1D_REPLACEMENT    |   PMC0  |    372 |
|      L1D_M_EVICT      |   PMC1  |    218 |
| ICACHE_64B_IFTAG_MISS |   PMC2  |    607 |
+-----------------------+---------+--------+

+--------------------------------+--------------+
|             Metric             |    Core 0    |
+--------------------------------+--------------+
|       Runtime (RDTSC) [s]      |       0.0004 |
|      Runtime unhalted [s]      |       0.0001 |
|           Clock [MHz]          |     897.7985 |
|               CPI              |       0.6579 |
|  L2D load bandwidth [MBytes/s] |      54.2233 |
|  L2D load data volume [GBytes] | 2.380800e-05 |
| L2D evict bandwidth [MBytes/s] |      31.7760 |
| L2D evict data volume [GBytes] | 1.395200e-05 |
|     L2 bandwidth [MBytes/s]    |     174.4767 |
|     L2 data volume [GBytes]    |       0.0001 |
+--------------------------------+--------------+

Region Generation, Group 1: L2
+-------------------+----------+
|    Region Info    |  Core 0  |
+-------------------+----------+
| RDTSC Runtime [s] | 0.880923 |
|     call count    |  3000000 |
+-------------------+----------+

+-----------------------+---------+-------------+
|         Event         | Counter |    Core 0   |
+-----------------------+---------+-------------+
|   INSTR_RETIRED_ANY   |  FIXC0  | 11101110000 |
| CPU_CLK_UNHALTED_CORE |  FIXC1  | 27605300000 |
|  CPU_CLK_UNHALTED_REF |  FIXC2  | 28689130000 |
|    L1D_REPLACEMENT    |   PMC0  |   602302800 |
|      L1D_M_EVICT      |   PMC1  |   198493400 |
| ICACHE_64B_IFTAG_MISS |   PMC2  |  1194446000 |
+-----------------------+---------+-------------+

+--------------------------------+-------------+
|             Metric             |    Core 0   |
+--------------------------------+-------------+
|       Runtime (RDTSC) [s]      |      0.8809 |
|      Runtime unhalted [s]      |     10.6502 |
|           Clock [MHz]          |   2494.0704 |
|               CPI              |      2.4867 |
|  L2D load bandwidth [MBytes/s] |  43757.9538 |
|  L2D load data volume [GBytes] |     38.5474 |
| L2D evict bandwidth [MBytes/s] |  14420.7615 |
| L2D evict data volume [GBytes] |     12.7036 |
|     L2 bandwidth [MBytes/s]    | 144956.5170 |
|     L2 data volume [GBytes]    |    127.6955 |
+--------------------------------+-------------+

Region Core, Group 1: L2
+-------------------+----------+
|    Region Info    |  Core 0  |
+-------------------+----------+
| RDTSC Runtime [s] | 0.022908 |
|     call count    |        1 |
+-------------------+----------+

+-----------------------+---------+-----------+
|         Event         | Counter |   Core 0  |
+-----------------------+---------+-----------+
|   INSTR_RETIRED_ANY   |  FIXC0  | 136736900 |
| CPU_CLK_UNHALTED_CORE |  FIXC1  |  56070150 |
|  CPU_CLK_UNHALTED_REF |  FIXC2  |  58268920 |
|    L1D_REPLACEMENT    |   PMC0  |    289589 |
|      L1D_M_EVICT      |   PMC1  |      2566 |
| ICACHE_64B_IFTAG_MISS |   PMC2  |      1312 |
+-----------------------+---------+-----------+

+--------------------------------+-----------+
|             Metric             |   Core 0  |
+--------------------------------+-----------+
|       Runtime (RDTSC) [s]      |    0.0229 |
|      Runtime unhalted [s]      |    0.0216 |
|           Clock [MHz]          | 2494.1833 |
|               CPI              |    0.4101 |
|  L2D load bandwidth [MBytes/s] |  809.0349 |
|  L2D load data volume [GBytes] |    0.0185 |
| L2D evict bandwidth [MBytes/s] |    7.1687 |
| L2D evict data volume [GBytes] |    0.0002 |
|     L2 bandwidth [MBytes/s]    |  819.8690 |
|     L2 data volume [GBytes]    |    0.0188 |
+--------------------------------+-----------+

--------------------------------------------------------------------------------
CPU name:	Intel(R) Core(TM) i7-6500U CPU @ 2.50GHz
CPU type:	Intel Skylake processor
CPU clock:	2.59 GHz
--------------------------------------------------------------------------------
Bloom Join
-----------------
2097152 Buckets 1 Hash Functions
Initialization: 0 ms 
Bloom Filter Generation: 169624 ms 
Join Core: 23 ms 
14779 linhas
169648 ms 

--------------------------------------------------------------------------------
Region Initialization, Group 1: L2
+-------------------+----------+
|    Region Info    |  Core 0  |
+-------------------+----------+
| RDTSC Runtime [s] | 0.000194 |
|     call count    |        1 |
+-------------------+----------+

+-----------------------+---------+--------+
|         Event         | Counter | Core 0 |
+-----------------------+---------+--------+
|   INSTR_RETIRED_ANY   |  FIXC0  | 463643 |
| CPU_CLK_UNHALTED_CORE |  FIXC1  | 304663 |
|  CPU_CLK_UNHALTED_REF |  FIXC2  | 377352 |
|    L1D_REPLACEMENT    |   PMC0  |    404 |
|      L1D_M_EVICT      |   PMC1  |    226 |
| ICACHE_64B_IFTAG_MISS |   PMC2  |    653 |
+-----------------------+---------+--------+

+--------------------------------+--------------+
|             Metric             |    Core 0    |
+--------------------------------+--------------+
|       Runtime (RDTSC) [s]      |       0.0002 |
|      Runtime unhalted [s]      |       0.0001 |
|           Clock [MHz]          |    2092.6998 |
|               CPI              |       0.6571 |
|  L2D load bandwidth [MBytes/s] |     133.5167 |
|  L2D load data volume [GBytes] | 2.585600e-05 |
| L2D evict bandwidth [MBytes/s] |      74.6900 |
| L2D evict data volume [GBytes] | 1.446400e-05 |
|     L2 bandwidth [MBytes/s]    |     424.0146 |
|     L2 data volume [GBytes]    |       0.0001 |
+--------------------------------+--------------+

Region Generation, Group 1: L2
+-------------------+----------+
|    Region Info    |  Core 0  |
+-------------------+----------+
| RDTSC Runtime [s] | 0.748288 |
|     call count    |  3000000 |
+-------------------+----------+

+-----------------------+---------+-------------+
|         Event         | Counter |    Core 0   |
+-----------------------+---------+-------------+
|   INSTR_RETIRED_ANY   |  FIXC0  | 11101920000 |
| CPU_CLK_UNHALTED_CORE |  FIXC1  | 26682570000 |
|  CPU_CLK_UNHALTED_REF |  FIXC2  | 27729680000 |
|    L1D_REPLACEMENT    |   PMC0  |   557909700 |
|      L1D_M_EVICT      |   PMC1  |   154928100 |
| ICACHE_64B_IFTAG_MISS |   PMC2  |  1268934000 |
+-----------------------+---------+-------------+

+--------------------------------+-------------+
|             Metric             |    Core 0   |
+--------------------------------+-------------+
|       Runtime (RDTSC) [s]      |      0.7483 |
|      Runtime unhalted [s]      |     10.2942 |
|           Clock [MHz]          |   2494.1161 |
|               CPI              |      2.4034 |
|  L2D load bandwidth [MBytes/s] |  47717.2169 |
|  L2D load data volume [GBytes] |     35.7062 |
| L2D evict bandwidth [MBytes/s] |  13250.7783 |
| L2D evict data volume [GBytes] |      9.9154 |
|     L2 bandwidth [MBytes/s]    | 169498.1013 |
|     L2 data volume [GBytes]    |    126.8334 |
+--------------------------------+-------------+

Region Core, Group 1: L2
+-------------------+----------+
|    Region Info    |  Core 0  |
+-------------------+----------+
| RDTSC Runtime [s] | 0.022654 |
|     call count    |        1 |
+-------------------+----------+

+-----------------------+---------+-----------+
|         Event         | Counter |   Core 0  |
+-----------------------+---------+-----------+
|   INSTR_RETIRED_ANY   |  FIXC0  | 136736900 |
| CPU_CLK_UNHALTED_CORE |  FIXC1  |  56220890 |
|  CPU_CLK_UNHALTED_REF |  FIXC2  |  58425730 |
|    L1D_REPLACEMENT    |   PMC0  |    290571 |
|      L1D_M_EVICT      |   PMC1  |      1944 |
| ICACHE_64B_IFTAG_MISS |   PMC2  |      1013 |
+-----------------------+---------+-----------+

+--------------------------------+-----------+
|             Metric             |   Core 0  |
+--------------------------------+-----------+
|       Runtime (RDTSC) [s]      |    0.0227 |
|      Runtime unhalted [s]      |    0.0217 |
|           Clock [MHz]          | 2494.1780 |
|               CPI              |    0.4112 |
|  L2D load bandwidth [MBytes/s] |  820.9021 |
|  L2D load data volume [GBytes] |    0.0186 |
| L2D evict bandwidth [MBytes/s] |    5.4921 |
| L2D evict data volume [GBytes] |    0.0001 |
|     L2 bandwidth [MBytes/s]    |  829.2560 |
|     L2 data volume [GBytes]    |    0.0188 |
+--------------------------------+-----------+

--------------------------------------------------------------------------------
CPU name:	Intel(R) Core(TM) i7-6500U CPU @ 2.50GHz
CPU type:	Intel Skylake processor
CPU clock:	2.59 GHz
--------------------------------------------------------------------------------
Bloom Join
-----------------
2097152 Buckets 1 Hash Functions
Initialization: 1 ms 
Bloom Filter Generation: 154166 ms 
Join Core: 23 ms 
14779 linhas
154192 ms 

--------------------------------------------------------------------------------
Region Initialization, Group 1: L3
+-------------------+----------+
|    Region Info    |  Core 0  |
+-------------------+----------+
| RDTSC Runtime [s] | 0.000493 |
|     call count    |        1 |
+-------------------+----------+

+-----------------------+---------+--------+
|         Event         | Counter | Core 0 |
+-----------------------+---------+--------+
|   INSTR_RETIRED_ANY   |  FIXC0  | 463550 |
| CPU_CLK_UNHALTED_CORE |  FIXC1  | 300409 |
|  CPU_CLK_UNHALTED_REF |  FIXC2  | 975240 |
|    L2_LINES_IN_ALL    |   PMC0  |    698 |
|     L2_TRANS_L2_WB    |   PMC1  |    130 |
+-----------------------+---------+--------+

+-------------------------------+--------------+
|             Metric            |    Core 0    |
+-------------------------------+--------------+
|      Runtime (RDTSC) [s]      |       0.0005 |
|      Runtime unhalted [s]     |       0.0001 |
|          Clock [MHz]          |     798.4199 |
|              CPI              |       0.6481 |
|  L3 load bandwidth [MBytes/s] |      90.6348 |
|  L3 load data volume [GBytes] | 4.467200e-05 |
| L3 evict bandwidth [MBytes/s] |      16.8804 |
| L3 evict data volume [GBytes] | 8.320000e-06 |
|    L3 bandwidth [MBytes/s]    |     107.5152 |
|    L3 data volume [GBytes]    |       0.0001 |
+-------------------------------+--------------+

Region Generation, Group 1: L3
+-------------------+----------+
|    Region Info    |  Core 0  |
+-------------------+----------+
| RDTSC Runtime [s] | 0.714596 |
|     call count    |  3000000 |
+-------------------+----------+

+-----------------------+---------+-------------+
|         Event         | Counter |    Core 0   |
+-----------------------+---------+-------------+
|   INSTR_RETIRED_ANY   |  FIXC0  | 10821980000 |
| CPU_CLK_UNHALTED_CORE |  FIXC1  | 26645160000 |
|  CPU_CLK_UNHALTED_REF |  FIXC2  | 27691850000 |
|    L2_LINES_IN_ALL    |   PMC0  |   447587200 |
|     L2_TRANS_L2_WB    |   PMC1  |    61207190 |
+-----------------------+---------+-------------+

+-------------------------------+------------+
|             Metric            |   Core 0   |
+-------------------------------+------------+
|      Runtime (RDTSC) [s]      |     0.7146 |
|      Runtime unhalted [s]     |    10.2799 |
|          Clock [MHz]          |  2493.9992 |
|              CPI              |     2.4621 |
|  L3 load bandwidth [MBytes/s] | 40086.3940 |
|  L3 load data volume [GBytes] |    28.6456 |
| L3 evict bandwidth [MBytes/s] |  5481.7822 |
| L3 evict data volume [GBytes] |     3.9173 |
|    L3 bandwidth [MBytes/s]    | 45568.1761 |
|    L3 data volume [GBytes]    |    32.5628 |
+-------------------------------+------------+

Region Core, Group 1: L3
+-------------------+----------+
|    Region Info    |  Core 0  |
+-------------------+----------+
| RDTSC Runtime [s] | 0.022837 |
|     call count    |        1 |
+-------------------+----------+

+-----------------------+---------+-----------+
|         Event         | Counter |   Core 0  |
+-----------------------+---------+-----------+
|   INSTR_RETIRED_ANY   |  FIXC0  | 136736800 |
| CPU_CLK_UNHALTED_CORE |  FIXC1  |  56219500 |
|  CPU_CLK_UNHALTED_REF |  FIXC2  |  58424000 |
|    L2_LINES_IN_ALL    |   PMC0  |    186188 |
|     L2_TRANS_L2_WB    |   PMC1  |     37090 |
+-----------------------+---------+-----------+

+-------------------------------+-----------+
|             Metric            |   Core 0  |
+-------------------------------+-----------+
|      Runtime (RDTSC) [s]      |    0.0228 |
|      Runtime unhalted [s]     |    0.0217 |
|          Clock [MHz]          | 2494.1676 |
|              CPI              |    0.4112 |
|  L3 load bandwidth [MBytes/s] |  521.7803 |
|  L3 load data volume [GBytes] |    0.0119 |
| L3 evict bandwidth [MBytes/s] |  103.9424 |
| L3 evict data volume [GBytes] |    0.0024 |
|    L3 bandwidth [MBytes/s]    |  625.7227 |
|    L3 data volume [GBytes]    |    0.0143 |
+-------------------------------+-----------+

--------------------------------------------------------------------------------
CPU name:	Intel(R) Core(TM) i7-6500U CPU @ 2.50GHz
CPU type:	Intel Skylake processor
CPU clock:	2.59 GHz
--------------------------------------------------------------------------------
Bloom Join
-----------------
2097152 Buckets 1 Hash Functions
Initialization: 1 ms 
Bloom Filter Generation: 153073 ms 
Join Core: 23 ms 
14779 linhas
153098 ms 

--------------------------------------------------------------------------------
Region Initialization, Group 1: L3
+-------------------+----------+
|    Region Info    |  Core 0  |
+-------------------+----------+
| RDTSC Runtime [s] | 0.000491 |
|     call count    |        1 |
+-------------------+----------+

+-----------------------+---------+--------+
|         Event         | Counter | Core 0 |
+-----------------------+---------+--------+
|   INSTR_RETIRED_ANY   |  FIXC0  | 463550 |
| CPU_CLK_UNHALTED_CORE |  FIXC1  | 306310 |
|  CPU_CLK_UNHALTED_REF |  FIXC2  | 994464 |
|    L2_LINES_IN_ALL    |   PMC0  |    828 |
|     L2_TRANS_L2_WB    |   PMC1  |    191 |
+-----------------------+---------+--------+

+-------------------------------+--------------+
|             Metric            |    Core 0    |
+-------------------------------+--------------+
|      Runtime (RDTSC) [s]      |       0.0005 |
|      Runtime unhalted [s]     |       0.0001 |
|          Clock [MHz]          |     798.3711 |
|              CPI              |       0.6608 |
|  L3 load bandwidth [MBytes/s] |     107.9080 |
|  L3 load data volume [GBytes] |       0.0001 |
| L3 evict bandwidth [MBytes/s] |      24.8918 |
| L3 evict data volume [GBytes] | 1.222400e-05 |
|    L3 bandwidth [MBytes/s]    |     132.7998 |
|    L3 data volume [GBytes]    |       0.0001 |
+-------------------------------+--------------+

Region Generation, Group 1: L3
+-------------------+----------+
|    Region Info    |  Core 0  |
+-------------------+----------+
| RDTSC Runtime [s] | 0.767259 |
|     call count    |  3000000 |
+-------------------+----------+

+-----------------------+---------+-------------+
|         Event         | Counter |    Core 0   |
+-----------------------+---------+-------------+
|   INSTR_RETIRED_ANY   |  FIXC0  | 10822530000 |
| CPU_CLK_UNHALTED_CORE |  FIXC1  | 25586330000 |
|  CPU_CLK_UNHALTED_REF |  FIXC2  | 26591340000 |
|    L2_LINES_IN_ALL    |   PMC0  |   409412400 |
|     L2_TRANS_L2_WB    |   PMC1  |    78520280 |
+-----------------------+---------+-------------+

+-------------------------------+------------+
|             Metric            |   Core 0   |
+-------------------------------+------------+
|      Runtime (RDTSC) [s]      |     0.7673 |
|      Runtime unhalted [s]     |     9.8713 |
|          Clock [MHz]          |  2494.0231 |
|              CPI              |     2.3642 |
|  L3 load bandwidth [MBytes/s] | 34150.6634 |
|  L3 load data volume [GBytes] |    26.2024 |
| L3 evict bandwidth [MBytes/s] |  6549.6786 |
| L3 evict data volume [GBytes] |     5.0253 |
|    L3 bandwidth [MBytes/s]    | 40700.3420 |
|    L3 data volume [GBytes]    |    31.2277 |
+-------------------------------+------------+

Region Core, Group 1: L3
+-------------------+----------+
|    Region Info    |  Core 0  |
+-------------------+----------+
| RDTSC Runtime [s] | 0.022878 |
|     call count    |        1 |
+-------------------+----------+

+-----------------------+---------+-----------+
|         Event         | Counter |   Core 0  |
+-----------------------+---------+-----------+
|   INSTR_RETIRED_ANY   |  FIXC0  | 136736800 |
| CPU_CLK_UNHALTED_CORE |  FIXC1  |  56402660 |
|  CPU_CLK_UNHALTED_REF |  FIXC2  |  58614840 |
|    L2_LINES_IN_ALL    |   PMC0  |    195159 |
|     L2_TRANS_L2_WB    |   PMC1  |     37171 |
+-----------------------+---------+-----------+

+-------------------------------+-----------+
|             Metric            |   Core 0  |
+-------------------------------+-----------+
|      Runtime (RDTSC) [s]      |    0.0229 |
|      Runtime unhalted [s]     |    0.0218 |
|          Clock [MHz]          | 2494.1623 |
|              CPI              |    0.4125 |
|  L3 load bandwidth [MBytes/s] |  545.9382 |
|  L3 load data volume [GBytes] |    0.0125 |
| L3 evict bandwidth [MBytes/s] |  103.9822 |
| L3 evict data volume [GBytes] |    0.0024 |
|    L3 bandwidth [MBytes/s]    |  649.9204 |
|    L3 data volume [GBytes]    |    0.0149 |
+-------------------------------+-----------+

--------------------------------------------------------------------------------
CPU name:	Intel(R) Core(TM) i7-6500U CPU @ 2.50GHz
CPU type:	Intel Skylake processor
CPU clock:	2.59 GHz
--------------------------------------------------------------------------------
Bloom Join
-----------------
2097152 Buckets 1 Hash Functions
Initialization: 1 ms 
Bloom Filter Generation: 152259 ms 
Join Core: 23 ms 
14779 linhas
152285 ms 

--------------------------------------------------------------------------------
Region Initialization, Group 1: L3
+-------------------+----------+
|    Region Info    |  Core 0  |
+-------------------+----------+
| RDTSC Runtime [s] | 0.000515 |
|     call count    |        1 |
+-------------------+----------+

+-----------------------+---------+---------+
|         Event         | Counter |  Core 0 |
+-----------------------+---------+---------+
|   INSTR_RETIRED_ANY   |  FIXC0  |  463550 |
| CPU_CLK_UNHALTED_CORE |  FIXC1  |  308235 |
|  CPU_CLK_UNHALTED_REF |  FIXC2  | 1000728 |
|    L2_LINES_IN_ALL    |   PMC0  |    1161 |
|     L2_TRANS_L2_WB    |   PMC1  |     309 |
+-----------------------+---------+---------+

+-------------------------------+--------------+
|             Metric            |    Core 0    |
+-------------------------------+--------------+
|      Runtime (RDTSC) [s]      |       0.0005 |
|      Runtime unhalted [s]     |       0.0001 |
|          Clock [MHz]          |     798.3606 |
|              CPI              |       0.6649 |
|  L3 load bandwidth [MBytes/s] |     144.3415 |
|  L3 load data volume [GBytes] |       0.0001 |
| L3 evict bandwidth [MBytes/s] |      38.4165 |
| L3 evict data volume [GBytes] | 1.977600e-05 |
|    L3 bandwidth [MBytes/s]    |     182.7580 |
|    L3 data volume [GBytes]    |       0.0001 |
+-------------------------------+--------------+

Region Generation, Group 1: L3
+-------------------+----------+
|    Region Info    |  Core 0  |
+-------------------+----------+
| RDTSC Runtime [s] | 0.749070 |
|     call count    |  3000000 |
+-------------------+----------+

+-----------------------+---------+-------------+
|         Event         | Counter |    Core 0   |
+-----------------------+---------+-------------+
|   INSTR_RETIRED_ANY   |  FIXC0  | 10845990000 |
| CPU_CLK_UNHALTED_CORE |  FIXC1  | 25500710000 |
|  CPU_CLK_UNHALTED_REF |  FIXC2  | 26502280000 |
|    L2_LINES_IN_ALL    |   PMC0  |   338177400 |
|     L2_TRANS_L2_WB    |   PMC1  |    76008600 |
+-----------------------+---------+-------------+

+-------------------------------+------------+
|             Metric            |   Core 0   |
+-------------------------------+------------+
|      Runtime (RDTSC) [s]      |     0.7491 |
|      Runtime unhalted [s]     |     9.8383 |
|          Clock [MHz]          |  2494.0331 |
|              CPI              |     2.3512 |
|  L3 load bandwidth [MBytes/s] | 28893.6522 |
|  L3 load data volume [GBytes] |    21.6434 |
| L3 evict bandwidth [MBytes/s] |  6494.1242 |
| L3 evict data volume [GBytes] |     4.8646 |
|    L3 bandwidth [MBytes/s]    | 35387.7764 |
|    L3 data volume [GBytes]    |    26.5079 |
+-------------------------------+------------+

Region Core, Group 1: L3
+-------------------+----------+
|    Region Info    |  Core 0  |
+-------------------+----------+
| RDTSC Runtime [s] | 0.023400 |
|     call count    |        1 |
+-------------------+----------+

+-----------------------+---------+-----------+
|         Event         | Counter |   Core 0  |
+-----------------------+---------+-----------+
|   INSTR_RETIRED_ANY   |  FIXC0  | 139136800 |
| CPU_CLK_UNHALTED_CORE |  FIXC1  |  57500520 |
|  CPU_CLK_UNHALTED_REF |  FIXC2  |  59755540 |
|    L2_LINES_IN_ALL    |   PMC0  |    199060 |
|     L2_TRANS_L2_WB    |   PMC1  |     34965 |
+-----------------------+---------+-----------+

+-------------------------------+-----------+
|             Metric            |   Core 0  |
+-------------------------------+-----------+
|      Runtime (RDTSC) [s]      |    0.0234 |
|      Runtime unhalted [s]     |    0.0222 |
|          Clock [MHz]          | 2494.1742 |
|              CPI              |    0.4133 |
|  L3 load bandwidth [MBytes/s] |  544.4476 |
|  L3 load data volume [GBytes] |    0.0127 |
| L3 evict bandwidth [MBytes/s] |   95.6325 |
| L3 evict data volume [GBytes] |    0.0022 |
|    L3 bandwidth [MBytes/s]    |  640.0801 |
|    L3 data volume [GBytes]    |    0.0150 |
+-------------------------------+-----------+

--------------------------------------------------------------------------------
CPU name:	Intel(R) Core(TM) i7-6500U CPU @ 2.50GHz
CPU type:	Intel Skylake processor
CPU clock:	2.59 GHz
--------------------------------------------------------------------------------
Bloom Join
-----------------
2097152 Buckets 1 Hash Functions
Initialization: 1 ms 
Bloom Filter Generation: 135844 ms 
Join Core: 23 ms 
14779 linhas
135870 ms 

--------------------------------------------------------------------------------
Region Initialization, Group 1: L3
+-------------------+----------+
|    Region Info    |  Core 0  |
+-------------------+----------+
| RDTSC Runtime [s] | 0.000495 |
|     call count    |        1 |
+-------------------+----------+

+-----------------------+---------+--------+
|         Event         | Counter | Core 0 |
+-----------------------+---------+--------+
|   INSTR_RETIRED_ANY   |  FIXC0  | 463550 |
| CPU_CLK_UNHALTED_CORE |  FIXC1  | 302111 |
|  CPU_CLK_UNHALTED_REF |  FIXC2  | 981396 |
|    L2_LINES_IN_ALL    |   PMC0  |    800 |
|     L2_TRANS_L2_WB    |   PMC1  |    161 |
+-----------------------+---------+--------+

+-------------------------------+--------------+
|             Metric            |    Core 0    |
+-------------------------------+--------------+
|      Runtime (RDTSC) [s]      |       0.0005 |
|      Runtime unhalted [s]     |       0.0001 |
|          Clock [MHz]          |     797.8988 |
|              CPI              |       0.6517 |
|  L3 load bandwidth [MBytes/s] |     103.3615 |
|  L3 load data volume [GBytes] |       0.0001 |
| L3 evict bandwidth [MBytes/s] |      20.8015 |
| L3 evict data volume [GBytes] | 1.030400e-05 |
|    L3 bandwidth [MBytes/s]    |     124.1630 |
|    L3 data volume [GBytes]    |       0.0001 |
+-------------------------------+--------------+

Region Generation, Group 1: L3
+-------------------+----------+
|    Region Info    |  Core 0  |
+-------------------+----------+
| RDTSC Runtime [s] | 0.662669 |
|     call count    |  3000000 |
+-------------------+----------+

+-----------------------+---------+-------------+
|         Event         | Counter |    Core 0   |
+-----------------------+---------+-------------+
|   INSTR_RETIRED_ANY   |  FIXC0  | 10821980000 |
| CPU_CLK_UNHALTED_CORE |  FIXC1  | 27208100000 |
|  CPU_CLK_UNHALTED_REF |  FIXC2  | 24129440000 |
|    L2_LINES_IN_ALL    |   PMC0  |   354623000 |
|     L2_TRANS_L2_WB    |   PMC1  |    73466700 |
+-----------------------+---------+-------------+

+-------------------------------+------------+
|             Metric            |   Core 0   |
+-------------------------------+------------+
|      Runtime (RDTSC) [s]      |     0.6627 |
|      Runtime unhalted [s]     |    10.4972 |
|          Clock [MHz]          |  2922.6480 |
|              CPI              |     2.5142 |
|  L3 load bandwidth [MBytes/s] | 34249.1729 |
|  L3 load data volume [GBytes] |    22.6959 |
| L3 evict bandwidth [MBytes/s] |  7095.3483 |
| L3 evict data volume [GBytes] |     4.7019 |
|    L3 bandwidth [MBytes/s]    | 41344.5212 |
|    L3 data volume [GBytes]    |    27.3977 |
+-------------------------------+------------+

Region Core, Group 1: L3
+-------------------+----------+
|    Region Info    |  Core 0  |
+-------------------+----------+
| RDTSC Runtime [s] | 0.022925 |
|     call count    |        1 |
+-------------------+----------+

+-----------------------+---------+-----------+
|         Event         | Counter |   Core 0  |
+-----------------------+---------+-----------+
|   INSTR_RETIRED_ANY   |  FIXC0  | 136736800 |
| CPU_CLK_UNHALTED_CORE |  FIXC1  |  56336050 |
|  CPU_CLK_UNHALTED_REF |  FIXC2  |  58545400 |
|    L2_LINES_IN_ALL    |   PMC0  |    161706 |
|     L2_TRANS_L2_WB    |   PMC1  |     40199 |
+-----------------------+---------+-----------+

+-------------------------------+-----------+
|             Metric            |   Core 0  |
+-------------------------------+-----------+
|      Runtime (RDTSC) [s]      |    0.0229 |
|      Runtime unhalted [s]     |    0.0217 |
|          Clock [MHz]          | 2494.1304 |
|              CPI              |    0.4120 |
|  L3 load bandwidth [MBytes/s] |  451.4421 |
|  L3 load data volume [GBytes] |    0.0103 |
| L3 evict bandwidth [MBytes/s] |  112.2254 |
| L3 evict data volume [GBytes] |    0.0026 |
|    L3 bandwidth [MBytes/s]    |  563.6675 |
|    L3 data volume [GBytes]    |    0.0129 |
+-------------------------------+-----------+

--------------------------------------------------------------------------------
CPU name:	Intel(R) Core(TM) i7-6500U CPU @ 2.50GHz
CPU type:	Intel Skylake processor
CPU clock:	2.59 GHz
--------------------------------------------------------------------------------
Bloom Join
-----------------
2097152 Buckets 1 Hash Functions
Initialization: 1 ms 
Bloom Filter Generation: 129681 ms 
Join Core: 19 ms 
14779 linhas
129703 ms 

--------------------------------------------------------------------------------
Region Initialization, Group 1: L3
+-------------------+----------+
|    Region Info    |  Core 0  |
+-------------------+----------+
| RDTSC Runtime [s] | 0.000497 |
|     call count    |        1 |
+-------------------+----------+

+-----------------------+---------+--------+
|         Event         | Counter | Core 0 |
+-----------------------+---------+--------+
|   INSTR_RETIRED_ANY   |  FIXC0  | 463550 |
| CPU_CLK_UNHALTED_CORE |  FIXC1  | 307083 |
|  CPU_CLK_UNHALTED_REF |  FIXC2  | 996948 |
|    L2_LINES_IN_ALL    |   PMC0  |    886 |
|     L2_TRANS_L2_WB    |   PMC1  |    168 |
+-----------------------+---------+--------+

+-------------------------------+--------------+
|             Metric            |    Core 0    |
+-------------------------------+--------------+
|      Runtime (RDTSC) [s]      |       0.0005 |
|      Runtime unhalted [s]     |       0.0001 |
|          Clock [MHz]          |     798.3942 |
|              CPI              |       0.6625 |
|  L3 load bandwidth [MBytes/s] |     114.0235 |
|  L3 load data volume [GBytes] |       0.0001 |
| L3 evict bandwidth [MBytes/s] |      21.6207 |
| L3 evict data volume [GBytes] | 1.075200e-05 |
|    L3 bandwidth [MBytes/s]    |     135.6443 |
|    L3 data volume [GBytes]    |       0.0001 |
+-------------------------------+--------------+

Region Generation, Group 1: L3
+-------------------+----------+
|    Region Info    |  Core 0  |
+-------------------+----------+
| RDTSC Runtime [s] | 0.673486 |
|     call count    |  3000000 |
+-------------------+----------+

+-----------------------+---------+-------------+
|         Event         | Counter |    Core 0   |
+-----------------------+---------+-------------+
|   INSTR_RETIRED_ANY   |  FIXC0  | 10821980000 |
| CPU_CLK_UNHALTED_CORE |  FIXC1  | 27715080000 |
|  CPU_CLK_UNHALTED_REF |  FIXC2  | 23354960000 |
|    L2_LINES_IN_ALL    |   PMC0  |   469624000 |
|     L2_TRANS_L2_WB    |   PMC1  |    70903560 |
+-----------------------+---------+-------------+

+-------------------------------+------------+
|             Metric            |   Core 0   |
+-------------------------------+------------+
|      Runtime (RDTSC) [s]      |     0.6735 |
|      Runtime unhalted [s]     |    10.6926 |
|          Clock [MHz]          |  3075.8921 |
|              CPI              |     2.5610 |
|  L3 load bandwidth [MBytes/s] | 44627.4367 |
|  L3 load data volume [GBytes] |    30.0559 |
| L3 evict bandwidth [MBytes/s] |  6737.8246 |
| L3 evict data volume [GBytes] |     4.5378 |
|    L3 bandwidth [MBytes/s]    | 51365.2613 |
|    L3 data volume [GBytes]    |    34.5938 |
+-------------------------------+------------+

Region Core, Group 1: L3
+-------------------+----------+
|    Region Info    |  Core 0  |
+-------------------+----------+
| RDTSC Runtime [s] | 0.019073 |
|     call count    |        1 |
+-------------------+----------+

+-----------------------+---------+-----------+
|         Event         | Counter |   Core 0  |
+-----------------------+---------+-----------+
|   INSTR_RETIRED_ANY   |  FIXC0  | 136736800 |
| CPU_CLK_UNHALTED_CORE |  FIXC1  |  56517520 |
|  CPU_CLK_UNHALTED_REF |  FIXC2  |  47516650 |
|    L2_LINES_IN_ALL    |   PMC0  |    210975 |
|     L2_TRANS_L2_WB    |   PMC1  |     39946 |
+-----------------------+---------+-----------+

+-------------------------------+-----------+
|             Metric            |   Core 0  |
+-------------------------------+-----------+
|      Runtime (RDTSC) [s]      |    0.0191 |
|      Runtime unhalted [s]     |    0.0218 |
|          Clock [MHz]          | 3082.9847 |
|              CPI              |    0.4133 |
|  L3 load bandwidth [MBytes/s] |  707.9453 |
|  L3 load data volume [GBytes] |    0.0135 |
| L3 evict bandwidth [MBytes/s] |  134.0423 |
| L3 evict data volume [GBytes] |    0.0026 |
|    L3 bandwidth [MBytes/s]    |  841.9876 |
|    L3 data volume [GBytes]    |    0.0161 |
+-------------------------------+-----------+

--------------------------------------------------------------------------------
CPU name:	Intel(R) Core(TM) i7-6500U CPU @ 2.50GHz
CPU type:	Intel Skylake processor
CPU clock:	2.59 GHz
--------------------------------------------------------------------------------
Bloom Join
-----------------
2097152 Buckets 1 Hash Functions
Initialization: 1 ms 
Bloom Filter Generation: 153869 ms 
Join Core: 23 ms 
14779 linhas
153894 ms 

--------------------------------------------------------------------------------
Region Initialization, Group 1: L3
+-------------------+----------+
|    Region Info    |  Core 0  |
+-------------------+----------+
| RDTSC Runtime [s] | 0.000504 |
|     call count    |        1 |
+-------------------+----------+

+-----------------------+---------+---------+
|         Event         | Counter |  Core 0 |
+-----------------------+---------+---------+
|   INSTR_RETIRED_ANY   |  FIXC0  |  463550 |
| CPU_CLK_UNHALTED_CORE |  FIXC1  |  310479 |
|  CPU_CLK_UNHALTED_REF |  FIXC2  | 1007208 |
|    L2_LINES_IN_ALL    |   PMC0  |    1359 |
|     L2_TRANS_L2_WB    |   PMC1  |     275 |
+-----------------------+---------+---------+

+-------------------------------+--------------+
|             Metric            |    Core 0    |
+-------------------------------+--------------+
|      Runtime (RDTSC) [s]      |       0.0005 |
|      Runtime unhalted [s]     |       0.0001 |
|          Clock [MHz]          |     799.0002 |
|              CPI              |       0.6698 |
|  L3 load bandwidth [MBytes/s] |     172.7160 |
|  L3 load data volume [GBytes] |       0.0001 |
| L3 evict bandwidth [MBytes/s] |      34.9499 |
| L3 evict data volume [GBytes] | 1.760000e-05 |
|    L3 bandwidth [MBytes/s]    |     207.6659 |
|    L3 data volume [GBytes]    |       0.0001 |
+-------------------------------+--------------+

Region Generation, Group 1: L3
+-------------------+----------+
|    Region Info    |  Core 0  |
+-------------------+----------+
| RDTSC Runtime [s] | 0.696129 |
|     call count    |  3000000 |
+-------------------+----------+

+-----------------------+---------+-------------+
|         Event         | Counter |    Core 0   |
+-----------------------+---------+-------------+
|   INSTR_RETIRED_ANY   |  FIXC0  | 10821980000 |
| CPU_CLK_UNHALTED_CORE |  FIXC1  | 26121740000 |
|  CPU_CLK_UNHALTED_REF |  FIXC2  | 27147640000 |
|    L2_LINES_IN_ALL    |   PMC0  |   384658300 |
|     L2_TRANS_L2_WB    |   PMC1  |    61219710 |
+-----------------------+---------+-------------+

+-------------------------------+------------+
|             Metric            |   Core 0   |
+-------------------------------+------------+
|      Runtime (RDTSC) [s]      |     0.6961 |
|      Runtime unhalted [s]     |    10.0779 |
|          Clock [MHz]          |  2494.0424 |
|              CPI              |     2.4138 |
|  L3 load bandwidth [MBytes/s] | 35364.2982 |
|  L3 load data volume [GBytes] |    24.6181 |
| L3 evict bandwidth [MBytes/s] |  5628.3514 |
| L3 evict data volume [GBytes] |     3.9181 |
|    L3 bandwidth [MBytes/s]    | 40992.6496 |
|    L3 data volume [GBytes]    |    28.5362 |
+-------------------------------+------------+

Region Core, Group 1: L3
+-------------------+----------+
|    Region Info    |  Core 0  |
+-------------------+----------+
| RDTSC Runtime [s] | 0.022813 |
|     call count    |        1 |
+-------------------+----------+

+-----------------------+---------+-----------+
|         Event         | Counter |   Core 0  |
+-----------------------+---------+-----------+
|   INSTR_RETIRED_ANY   |  FIXC0  | 136736800 |
| CPU_CLK_UNHALTED_CORE |  FIXC1  |  56278300 |
|  CPU_CLK_UNHALTED_REF |  FIXC2  |  58485460 |
|    L2_LINES_IN_ALL    |   PMC0  |    221119 |
|     L2_TRANS_L2_WB    |   PMC1  |     41512 |
+-----------------------+---------+-----------+

+-------------------------------+-----------+
|             Metric            |   Core 0  |
+-------------------------------+-----------+
|      Runtime (RDTSC) [s]      |    0.0228 |
|      Runtime unhalted [s]     |    0.0217 |
|          Clock [MHz]          | 2494.1747 |
|              CPI              |    0.4116 |
|  L3 load bandwidth [MBytes/s] |  620.3328 |
|  L3 load data volume [GBytes] |    0.0142 |
| L3 evict bandwidth [MBytes/s] |  116.4588 |
| L3 evict data volume [GBytes] |    0.0027 |
|    L3 bandwidth [MBytes/s]    |  736.7917 |
|    L3 data volume [GBytes]    |    0.0168 |
+-------------------------------+-----------+

--------------------------------------------------------------------------------
CPU name:	Intel(R) Core(TM) i7-6500U CPU @ 2.50GHz
CPU type:	Intel Skylake processor
CPU clock:	2.59 GHz
--------------------------------------------------------------------------------
Bloom Join
-----------------
2097152 Buckets 1 Hash Functions
Initialization: 1 ms 
Bloom Filter Generation: 155372 ms 
Join Core: 23 ms 
14779 linhas
155397 ms 

--------------------------------------------------------------------------------
Region Initialization, Group 1: L3
+-------------------+----------+
|    Region Info    |  Core 0  |
+-------------------+----------+
| RDTSC Runtime [s] | 0.000496 |
|     call count    |        1 |
+-------------------+----------+

+-----------------------+---------+--------+
|         Event         | Counter | Core 0 |
+-----------------------+---------+--------+
|   INSTR_RETIRED_ANY   |  FIXC0  | 463550 |
| CPU_CLK_UNHALTED_CORE |  FIXC1  | 303406 |
|  CPU_CLK_UNHALTED_REF |  FIXC2  | 985500 |
|    L2_LINES_IN_ALL    |   PMC0  |    812 |
|     L2_TRANS_L2_WB    |   PMC1  |    158 |
+-----------------------+---------+--------+

+-------------------------------+--------------+
|             Metric            |    Core 0    |
+-------------------------------+--------------+
|      Runtime (RDTSC) [s]      |       0.0005 |
|      Runtime unhalted [s]     |       0.0001 |
|          Clock [MHz]          |     797.9931 |
|              CPI              |       0.6545 |
|  L3 load bandwidth [MBytes/s] |     104.6716 |
|  L3 load data volume [GBytes] |       0.0001 |
| L3 evict bandwidth [MBytes/s] |      20.3671 |
| L3 evict data volume [GBytes] | 1.011200e-05 |
|    L3 bandwidth [MBytes/s]    |     125.0387 |
|    L3 data volume [GBytes]    |       0.0001 |
+-------------------------------+--------------+

Region Generation, Group 1: L3
+-------------------+----------+
|    Region Info    |  Core 0  |
+-------------------+----------+
| RDTSC Runtime [s] | 0.747104 |
|     call count    |  3000000 |
+-------------------+----------+

+-----------------------+---------+-------------+
|         Event         | Counter |    Core 0   |
+-----------------------+---------+-------------+
|   INSTR_RETIRED_ANY   |  FIXC0  | 10821980000 |
| CPU_CLK_UNHALTED_CORE |  FIXC1  | 26650800000 |
|  CPU_CLK_UNHALTED_REF |  FIXC2  | 27698130000 |
|    L2_LINES_IN_ALL    |   PMC0  |   433440200 |
|     L2_TRANS_L2_WB    |   PMC1  |    58770180 |
+-----------------------+---------+-------------+

+-------------------------------+------------+
|             Metric            |   Core 0   |
+-------------------------------+------------+
|      Runtime (RDTSC) [s]      |     0.7471 |
|      Runtime unhalted [s]     |    10.2820 |
|          Clock [MHz]          |  2493.9711 |
|              CPI              |     2.4627 |
|  L3 load bandwidth [MBytes/s] | 37130.2794 |
|  L3 load data volume [GBytes] |    27.7402 |
| L3 evict bandwidth [MBytes/s] |  5034.4966 |
| L3 evict data volume [GBytes] |     3.7613 |
|    L3 bandwidth [MBytes/s]    | 42164.7759 |
|    L3 data volume [GBytes]    |    31.5015 |
+-------------------------------+------------+

Region Core, Group 1: L3
+-------------------+----------+
|    Region Info    |  Core 0  |
+-------------------+----------+
| RDTSC Runtime [s] | 0.022950 |
|     call count    |        1 |
+-------------------+----------+

+-----------------------+---------+-----------+
|         Event         | Counter |   Core 0  |
+-----------------------+---------+-----------+
|   INSTR_RETIRED_ANY   |  FIXC0  | 136736800 |
| CPU_CLK_UNHALTED_CORE |  FIXC1  |  56312510 |
|  CPU_CLK_UNHALTED_REF |  FIXC2  |  58520560 |
|    L2_LINES_IN_ALL    |   PMC0  |    224561 |
|     L2_TRANS_L2_WB    |   PMC1  |     35305 |
+-----------------------+---------+-----------+

+-------------------------------+-----------+
|             Metric            |   Core 0  |
+-------------------------------+-----------+
|      Runtime (RDTSC) [s]      |    0.0230 |
|      Runtime unhalted [s]     |    0.0217 |
|          Clock [MHz]          | 2494.1814 |
|              CPI              |    0.4118 |
|  L3 load bandwidth [MBytes/s] |  626.2205 |
|  L3 load data volume [GBytes] |    0.0144 |
| L3 evict bandwidth [MBytes/s] |   98.4530 |
| L3 evict data volume [GBytes] |    0.0023 |
|    L3 bandwidth [MBytes/s]    |  724.6735 |
|    L3 data volume [GBytes]    |    0.0166 |
+-------------------------------+-----------+

