--------------------------------------------------------------------------------
CPU name:	Intel(R) Core(TM) i7-6500U CPU @ 2.50GHz
CPU type:	Intel Skylake processor
CPU clock:	2.59 GHz
--------------------------------------------------------------------------------
Bloom Join
-----------------
2097152 Buckets 2 Hash Functions
Initialization: 1 ms 
Bloom Filter Generation: 227527 ms 
Join Core: 23 ms 
14534 linhas
227553 ms 

--------------------------------------------------------------------------------
Region Initialization, Group 1: L2
+-------------------+----------+
|    Region Info    |  Core 0  |
+-------------------+----------+
| RDTSC Runtime [s] | 0.000487 |
|     call count    |        1 |
+-------------------+----------+

+-----------------------+---------+--------+
|         Event         | Counter | Core 0 |
+-----------------------+---------+--------+
|   INSTR_RETIRED_ANY   |  FIXC0  | 463643 |
| CPU_CLK_UNHALTED_CORE |  FIXC1  | 301107 |
|  CPU_CLK_UNHALTED_REF |  FIXC2  | 977616 |
|    L1D_REPLACEMENT    |   PMC0  |    399 |
|      L1D_M_EVICT      |   PMC1  |    231 |
| ICACHE_64B_IFTAG_MISS |   PMC2  |    635 |
+-----------------------+---------+--------+

+--------------------------------+--------------+
|             Metric             |    Core 0    |
+--------------------------------+--------------+
|       Runtime (RDTSC) [s]      |       0.0005 |
|      Runtime unhalted [s]      |       0.0001 |
|           Clock [MHz]          |     798.3300 |
|               CPI              |       0.6494 |
|  L2D load bandwidth [MBytes/s] |      52.4873 |
|  L2D load data volume [GBytes] | 2.553600e-05 |
| L2D evict bandwidth [MBytes/s] |      30.3874 |
| L2D evict data volume [GBytes] | 1.478400e-05 |
|     L2 bandwidth [MBytes/s]    |     166.4071 |
|     L2 data volume [GBytes]    |       0.0001 |
+--------------------------------+--------------+

Region Generation, Group 1: L2
+-------------------+----------+
|    Region Info    |  Core 0  |
+-------------------+----------+
| RDTSC Runtime [s] | 0.996835 |
|     call count    |  4500000 |
+-------------------+----------+

+-----------------------+---------+-------------+
|         Event         | Counter |    Core 0   |
+-----------------------+---------+-------------+
|   INSTR_RETIRED_ANY   |  FIXC0  | 16857980000 |
| CPU_CLK_UNHALTED_CORE |  FIXC1  | 38619810000 |
|  CPU_CLK_UNHALTED_REF |  FIXC2  | 35978840000 |
|    L1D_REPLACEMENT    |   PMC0  |   812458300 |
|      L1D_M_EVICT      |   PMC1  |   259135400 |
| ICACHE_64B_IFTAG_MISS |   PMC2  |  1635090000 |
+-----------------------+---------+-------------+

+--------------------------------+-------------+
|             Metric             |    Core 0   |
+--------------------------------+-------------+
|       Runtime (RDTSC) [s]      |      0.9968 |
|      Runtime unhalted [s]      |     14.8998 |
|           Clock [MHz]          |   2782.2289 |
|               CPI              |      2.2909 |
|  L2D load bandwidth [MBytes/s] |  52162.4200 |
|  L2D load data volume [GBytes] |     51.9973 |
| L2D evict bandwidth [MBytes/s] |  16637.3211 |
| L2D evict data volume [GBytes] |     16.5847 |
|     L2 bandwidth [MBytes/s]    | 173777.7460 |
|     L2 data volume [GBytes]    |    173.2278 |
+--------------------------------+-------------+

Region Core, Group 1: L2
+-------------------+----------+
|    Region Info    |  Core 0  |
+-------------------+----------+
| RDTSC Runtime [s] | 0.023371 |
|     call count    |        1 |
+-------------------+----------+

+-----------------------+---------+-----------+
|         Event         | Counter |   Core 0  |
+-----------------------+---------+-----------+
|   INSTR_RETIRED_ANY   |  FIXC0  | 175950200 |
| CPU_CLK_UNHALTED_CORE |  FIXC1  |  70736560 |
|  CPU_CLK_UNHALTED_REF |  FIXC2  |  59294160 |
|    L1D_REPLACEMENT    |   PMC0  |    412687 |
|      L1D_M_EVICT      |   PMC1  |      2263 |
| ICACHE_64B_IFTAG_MISS |   PMC2  |      1031 |
+-----------------------+---------+-----------+

+--------------------------------+-----------+
|             Metric             |   Core 0  |
+--------------------------------+-----------+
|       Runtime (RDTSC) [s]      |    0.0234 |
|      Runtime unhalted [s]      |    0.0273 |
|           Clock [MHz]          | 3092.1595 |
|               CPI              |    0.4020 |
|  L2D load bandwidth [MBytes/s] | 1130.1201 |
|  L2D load data volume [GBytes] |    0.0264 |
| L2D evict bandwidth [MBytes/s] |    6.1971 |
| L2D evict data volume [GBytes] |    0.0001 |
|     L2 bandwidth [MBytes/s]    | 1139.1405 |
|     L2 data volume [GBytes]    |    0.0266 |
+--------------------------------+-----------+

--------------------------------------------------------------------------------
CPU name:	Intel(R) Core(TM) i7-6500U CPU @ 2.50GHz
CPU type:	Intel Skylake processor
CPU clock:	2.59 GHz
--------------------------------------------------------------------------------
Bloom Join
-----------------
2097152 Buckets 2 Hash Functions
Initialization: 1 ms 
Bloom Filter Generation: 254269 ms 
Join Core: 29 ms 
14534 linhas
254301 ms 

--------------------------------------------------------------------------------
Region Initialization, Group 1: L2
+-------------------+----------+
|    Region Info    |  Core 0  |
+-------------------+----------+
| RDTSC Runtime [s] | 0.000503 |
|     call count    |        1 |
+-------------------+----------+

+-----------------------+---------+---------+
|         Event         | Counter |  Core 0 |
+-----------------------+---------+---------+
|   INSTR_RETIRED_ANY   |  FIXC0  |  463643 |
| CPU_CLK_UNHALTED_CORE |  FIXC1  |  313513 |
|  CPU_CLK_UNHALTED_REF |  FIXC2  | 1017792 |
|    L1D_REPLACEMENT    |   PMC0  |     419 |
|      L1D_M_EVICT      |   PMC1  |     238 |
| ICACHE_64B_IFTAG_MISS |   PMC2  |     645 |
+-----------------------+---------+---------+

+--------------------------------+--------------+
|             Metric             |    Core 0    |
+--------------------------------+--------------+
|       Runtime (RDTSC) [s]      |       0.0005 |
|      Runtime unhalted [s]      |       0.0001 |
|           Clock [MHz]          |     798.4149 |
|               CPI              |       0.6762 |
|  L2D load bandwidth [MBytes/s] |      53.2979 |
|  L2D load data volume [GBytes] | 2.681600e-05 |
| L2D evict bandwidth [MBytes/s] |      30.2742 |
| L2D evict data volume [GBytes] | 1.523200e-05 |
|     L2 bandwidth [MBytes/s]    |     165.6178 |
|     L2 data volume [GBytes]    |       0.0001 |
+--------------------------------+--------------+

Region Generation, Group 1: L2
+-------------------+----------+
|    Region Info    |  Core 0  |
+-------------------+----------+
| RDTSC Runtime [s] | 1.080909 |
|     call count    |  4500000 |
+-------------------+----------+

+-----------------------+---------+-------------+
|         Event         | Counter |    Core 0   |
+-----------------------+---------+-------------+
|   INSTR_RETIRED_ANY   |  FIXC0  | 16857980000 |
| CPU_CLK_UNHALTED_CORE |  FIXC1  | 39856590000 |
|  CPU_CLK_UNHALTED_REF |  FIXC2  | 41420880000 |
|    L1D_REPLACEMENT    |   PMC0  |   909410100 |
|      L1D_M_EVICT      |   PMC1  |   270604300 |
| ICACHE_64B_IFTAG_MISS |   PMC2  |  1717116000 |
+-----------------------+---------+-------------+

+--------------------------------+-------------+
|             Metric             |    Core 0   |
+--------------------------------+-------------+
|       Runtime (RDTSC) [s]      |      1.0809 |
|      Runtime unhalted [s]      |     15.3769 |
|           Clock [MHz]          |   2494.0948 |
|               CPI              |      2.3643 |
|  L2D load bandwidth [MBytes/s] |  53845.6488 |
|  L2D load data volume [GBytes] |     58.2022 |
| L2D evict bandwidth [MBytes/s] |  16022.3249 |
| L2D evict data volume [GBytes] |     17.3187 |
|     L2 bandwidth [MBytes/s]    | 171537.4241 |
|     L2 data volume [GBytes]    |    185.4163 |
+--------------------------------+-------------+

Region Core, Group 1: L2
+-------------------+----------+
|    Region Info    |  Core 0  |
+-------------------+----------+
| RDTSC Runtime [s] | 0.028667 |
|     call count    |        1 |
+-------------------+----------+

+-----------------------+---------+-----------+
|         Event         | Counter |   Core 0  |
+-----------------------+---------+-----------+
|   INSTR_RETIRED_ANY   |  FIXC0  | 175950200 |
| CPU_CLK_UNHALTED_CORE |  FIXC1  |  70707860 |
|  CPU_CLK_UNHALTED_REF |  FIXC2  |  73480930 |
|    L1D_REPLACEMENT    |   PMC0  |    412226 |
|      L1D_M_EVICT      |   PMC1  |      2338 |
| ICACHE_64B_IFTAG_MISS |   PMC2  |      1138 |
+-----------------------+---------+-----------+

+--------------------------------+-----------+
|             Metric             |   Core 0  |
+--------------------------------+-----------+
|       Runtime (RDTSC) [s]      |    0.0287 |
|      Runtime unhalted [s]      |    0.0273 |
|           Clock [MHz]          | 2494.1650 |
|               CPI              |    0.4019 |
|  L2D load bandwidth [MBytes/s] |  920.3113 |
|  L2D load data volume [GBytes] |    0.0264 |
| L2D evict bandwidth [MBytes/s] |    5.2197 |
| L2D evict data volume [GBytes] |    0.0001 |
|     L2 bandwidth [MBytes/s]    |  928.0717 |
|     L2 data volume [GBytes]    |    0.0266 |
+--------------------------------+-----------+

--------------------------------------------------------------------------------
CPU name:	Intel(R) Core(TM) i7-6500U CPU @ 2.50GHz
CPU type:	Intel Skylake processor
CPU clock:	2.59 GHz
--------------------------------------------------------------------------------
Bloom Join
-----------------
2097152 Buckets 2 Hash Functions
Initialization: 1 ms 
Bloom Filter Generation: 253378 ms 
Join Core: 29 ms 
14534 linhas
253409 ms 

--------------------------------------------------------------------------------
Region Initialization, Group 1: L2
+-------------------+----------+
|    Region Info    |  Core 0  |
+-------------------+----------+
| RDTSC Runtime [s] | 0.000491 |
|     call count    |        1 |
+-------------------+----------+

+-----------------------+---------+--------+
|         Event         | Counter | Core 0 |
+-----------------------+---------+--------+
|   INSTR_RETIRED_ANY   |  FIXC0  | 463643 |
| CPU_CLK_UNHALTED_CORE |  FIXC1  | 305827 |
|  CPU_CLK_UNHALTED_REF |  FIXC2  | 993060 |
|    L1D_REPLACEMENT    |   PMC0  |    408 |
|      L1D_M_EVICT      |   PMC1  |    230 |
| ICACHE_64B_IFTAG_MISS |   PMC2  |    691 |
+-----------------------+---------+--------+

+--------------------------------+--------------+
|             Metric             |    Core 0    |
+--------------------------------+--------------+
|       Runtime (RDTSC) [s]      |       0.0005 |
|      Runtime unhalted [s]      |       0.0001 |
|           Clock [MHz]          |     798.2399 |
|               CPI              |       0.6596 |
|  L2D load bandwidth [MBytes/s] |      53.2217 |
|  L2D load data volume [GBytes] | 2.611200e-05 |
| L2D evict bandwidth [MBytes/s] |      30.0024 |
| L2D evict data volume [GBytes] | 1.472000e-05 |
|     L2 bandwidth [MBytes/s]    |     173.3619 |
|     L2 data volume [GBytes]    |       0.0001 |
+--------------------------------+--------------+

Region Generation, Group 1: L2
+-------------------+----------+
|    Region Info    |  Core 0  |
+-------------------+----------+
| RDTSC Runtime [s] | 1.172127 |
|     call count    |  4500000 |
+-------------------+----------+

+-----------------------+---------+-------------+
|         Event         | Counter |    Core 0   |
+-----------------------+---------+-------------+
|   INSTR_RETIRED_ANY   |  FIXC0  | 16857980000 |
| CPU_CLK_UNHALTED_CORE |  FIXC1  | 38374670000 |
|  CPU_CLK_UNHALTED_REF |  FIXC2  | 39880710000 |
|    L1D_REPLACEMENT    |   PMC0  |   890224600 |
|      L1D_M_EVICT      |   PMC1  |   300934500 |
| ICACHE_64B_IFTAG_MISS |   PMC2  |  1628319000 |
+-----------------------+---------+-------------+

+--------------------------------+-------------+
|             Metric             |    Core 0   |
+--------------------------------+-------------+
|       Runtime (RDTSC) [s]      |      1.1721 |
|      Runtime unhalted [s]      |     14.8051 |
|           Clock [MHz]          |   2494.1059 |
|               CPI              |      2.2764 |
|  L2D load bandwidth [MBytes/s] |  48607.6802 |
|  L2D load data volume [GBytes] |     56.9744 |
| L2D evict bandwidth [MBytes/s] |  16431.5027 |
| L2D evict data volume [GBytes] |     19.2598 |
|     L2 bandwidth [MBytes/s]    | 153947.9923 |
|     L2 data volume [GBytes]    |    180.4466 |
+--------------------------------+-------------+

Region Core, Group 1: L2
+-------------------+----------+
|    Region Info    |  Core 0  |
+-------------------+----------+
| RDTSC Runtime [s] | 0.028781 |
|     call count    |        1 |
+-------------------+----------+

+-----------------------+---------+-----------+
|         Event         | Counter |   Core 0  |
+-----------------------+---------+-----------+
|   INSTR_RETIRED_ANY   |  FIXC0  | 175950200 |
| CPU_CLK_UNHALTED_CORE |  FIXC1  |  71025590 |
|  CPU_CLK_UNHALTED_REF |  FIXC2  |  73811300 |
|    L1D_REPLACEMENT    |   PMC0  |    412328 |
|      L1D_M_EVICT      |   PMC1  |      2645 |
| ICACHE_64B_IFTAG_MISS |   PMC2  |      1300 |
+-----------------------+---------+-----------+

+--------------------------------+-----------+
|             Metric             |   Core 0  |
+--------------------------------+-----------+
|       Runtime (RDTSC) [s]      |    0.0288 |
|      Runtime unhalted [s]      |    0.0274 |
|           Clock [MHz]          | 2494.1646 |
|               CPI              |    0.4037 |
|  L2D load bandwidth [MBytes/s] |  916.8998 |
|  L2D load data volume [GBytes] |    0.0264 |
| L2D evict bandwidth [MBytes/s] |    5.8817 |
| L2D evict data volume [GBytes] |    0.0002 |
|     L2 bandwidth [MBytes/s]    |  925.6724 |
|     L2 data volume [GBytes]    |    0.0266 |
+--------------------------------+-----------+

--------------------------------------------------------------------------------
CPU name:	Intel(R) Core(TM) i7-6500U CPU @ 2.50GHz
CPU type:	Intel Skylake processor
CPU clock:	2.59 GHz
--------------------------------------------------------------------------------
Bloom Join
-----------------
2097152 Buckets 2 Hash Functions
Initialization: 1 ms 
Bloom Filter Generation: 260109 ms 
Join Core: 29 ms 
14534 linhas
260141 ms 

--------------------------------------------------------------------------------
Region Initialization, Group 1: L2
+-------------------+----------+
|    Region Info    |  Core 0  |
+-------------------+----------+
| RDTSC Runtime [s] | 0.000488 |
|     call count    |        1 |
+-------------------+----------+

+-----------------------+---------+--------+
|         Event         | Counter | Core 0 |
+-----------------------+---------+--------+
|   INSTR_RETIRED_ANY   |  FIXC0  | 463643 |
| CPU_CLK_UNHALTED_CORE |  FIXC1  | 304690 |
|  CPU_CLK_UNHALTED_REF |  FIXC2  | 990360 |
|    L1D_REPLACEMENT    |   PMC0  |    421 |
|      L1D_M_EVICT      |   PMC1  |    221 |
| ICACHE_64B_IFTAG_MISS |   PMC2  |    708 |
+-----------------------+---------+--------+

+--------------------------------+--------------+
|             Metric             |    Core 0    |
+--------------------------------+--------------+
|       Runtime (RDTSC) [s]      |       0.0005 |
|      Runtime unhalted [s]      |       0.0001 |
|           Clock [MHz]          |     797.4395 |
|               CPI              |       0.6572 |
|  L2D load bandwidth [MBytes/s] |      55.2459 |
|  L2D load data volume [GBytes] | 2.694400e-05 |
| L2D evict bandwidth [MBytes/s] |      29.0008 |
| L2D evict data volume [GBytes] | 1.414400e-05 |
|     L2 bandwidth [MBytes/s]    |     177.1545 |
|     L2 data volume [GBytes]    |       0.0001 |
+--------------------------------+--------------+

Region Generation, Group 1: L2
+-------------------+----------+
|    Region Info    |  Core 0  |
+-------------------+----------+
| RDTSC Runtime [s] | 1.060711 |
|     call count    |  4500000 |
+-------------------+----------+

+-----------------------+---------+-------------+
|         Event         | Counter |    Core 0   |
+-----------------------+---------+-------------+
|   INSTR_RETIRED_ANY   |  FIXC0  | 16857980000 |
| CPU_CLK_UNHALTED_CORE |  FIXC1  | 41045870000 |
|  CPU_CLK_UNHALTED_REF |  FIXC2  | 42657740000 |
|    L1D_REPLACEMENT    |   PMC0  |   891259500 |
|      L1D_M_EVICT      |   PMC1  |   233348700 |
| ICACHE_64B_IFTAG_MISS |   PMC2  |  2006778000 |
+-----------------------+---------+-------------+

+--------------------------------+-------------+
|             Metric             |    Core 0   |
+--------------------------------+-------------+
|       Runtime (RDTSC) [s]      |      1.0607 |
|      Runtime unhalted [s]      |     15.8357 |
|           Clock [MHz]          |   2494.0448 |
|               CPI              |      2.4348 |
|  L2D load bandwidth [MBytes/s] |  53775.8240 |
|  L2D load data volume [GBytes] |     57.0406 |
| L2D evict bandwidth [MBytes/s] |  14079.5342 |
| L2D evict data volume [GBytes] |     14.9343 |
|     L2 bandwidth [MBytes/s]    | 188938.0961 |
|     L2 data volume [GBytes]    |    200.4087 |
+--------------------------------+-------------+

Region Core, Group 1: L2
+-------------------+----------+
|    Region Info    |  Core 0  |
+-------------------+----------+
| RDTSC Runtime [s] | 0.028858 |
|     call count    |        1 |
+-------------------+----------+

+-----------------------+---------+-----------+
|         Event         | Counter |   Core 0  |
+-----------------------+---------+-----------+
|   INSTR_RETIRED_ANY   |  FIXC0  | 175950200 |
| CPU_CLK_UNHALTED_CORE |  FIXC1  |  71451190 |
|  CPU_CLK_UNHALTED_REF |  FIXC2  |  74253240 |
|    L1D_REPLACEMENT    |   PMC0  |    412212 |
|      L1D_M_EVICT      |   PMC1  |      2339 |
| ICACHE_64B_IFTAG_MISS |   PMC2  |      1154 |
+-----------------------+---------+-----------+

+--------------------------------+-----------+
|             Metric             |   Core 0  |
+--------------------------------+-----------+
|       Runtime (RDTSC) [s]      |    0.0289 |
|      Runtime unhalted [s]      |    0.0276 |
|           Clock [MHz]          | 2494.1736 |
|               CPI              |    0.4061 |
|  L2D load bandwidth [MBytes/s] |  914.1770 |
|  L2D load data volume [GBytes] |    0.0264 |
| L2D evict bandwidth [MBytes/s] |    5.1873 |
| L2D evict data volume [GBytes] |    0.0001 |
|     L2 bandwidth [MBytes/s]    |  921.9236 |
|     L2 data volume [GBytes]    |    0.0266 |
+--------------------------------+-----------+

--------------------------------------------------------------------------------
CPU name:	Intel(R) Core(TM) i7-6500U CPU @ 2.50GHz
CPU type:	Intel Skylake processor
CPU clock:	2.59 GHz
--------------------------------------------------------------------------------
Bloom Join
-----------------
2097152 Buckets 2 Hash Functions
Initialization: 0 ms 
Bloom Filter Generation: 255238 ms 
Join Core: 28 ms 
14534 linhas
255268 ms 

--------------------------------------------------------------------------------
Region Initialization, Group 1: L2
+-------------------+----------+
|    Region Info    |  Core 0  |
+-------------------+----------+
| RDTSC Runtime [s] | 0.000205 |
|     call count    |        1 |
+-------------------+----------+

+-----------------------+---------+--------+
|         Event         | Counter | Core 0 |
+-----------------------+---------+--------+
|   INSTR_RETIRED_ANY   |  FIXC0  | 463643 |
| CPU_CLK_UNHALTED_CORE |  FIXC1  | 312348 |
|  CPU_CLK_UNHALTED_REF |  FIXC2  | 405432 |
|    L1D_REPLACEMENT    |   PMC0  |    421 |
|      L1D_M_EVICT      |   PMC1  |    238 |
| ICACHE_64B_IFTAG_MISS |   PMC2  |    653 |
+-----------------------+---------+--------+

+--------------------------------+--------------+
|             Metric             |    Core 0    |
+--------------------------------+--------------+
|       Runtime (RDTSC) [s]      |       0.0002 |
|      Runtime unhalted [s]      |       0.0001 |
|           Clock [MHz]          |    1996.8946 |
|               CPI              |       0.6737 |
|  L2D load bandwidth [MBytes/s] |     131.6289 |
|  L2D load data volume [GBytes] | 2.694400e-05 |
| L2D evict bandwidth [MBytes/s] |      74.4125 |
| L2D evict data volume [GBytes] | 1.523200e-05 |
|     L2 bandwidth [MBytes/s]    |     410.2069 |
|     L2 data volume [GBytes]    |       0.0001 |
+--------------------------------+--------------+

Region Generation, Group 1: L2
+-------------------+----------+
|    Region Info    |  Core 0  |
+-------------------+----------+
| RDTSC Runtime [s] | 1.109925 |
|     call count    |  4500000 |
+-------------------+----------+

+-----------------------+---------+-------------+
|         Event         | Counter |    Core 0   |
+-----------------------+---------+-------------+
|   INSTR_RETIRED_ANY   |  FIXC0  | 16857980000 |
| CPU_CLK_UNHALTED_CORE |  FIXC1  | 39453000000 |
|  CPU_CLK_UNHALTED_REF |  FIXC2  | 41001430000 |
|    L1D_REPLACEMENT    |   PMC0  |   843283700 |
|      L1D_M_EVICT      |   PMC1  |   264817100 |
| ICACHE_64B_IFTAG_MISS |   PMC2  |  1796713000 |
+-----------------------+---------+-------------+

+--------------------------------+-------------+
|             Metric             |    Core 0   |
+--------------------------------+-------------+
|       Runtime (RDTSC) [s]      |      1.1099 |
|      Runtime unhalted [s]      |     15.2211 |
|           Clock [MHz]          |   2494.1092 |
|               CPI              |      2.3403 |
|  L2D load bandwidth [MBytes/s] |  48625.0484 |
|  L2D load data volume [GBytes] |     53.9702 |
| L2D evict bandwidth [MBytes/s] |  15269.7654 |
| L2D evict data volume [GBytes] |     16.9483 |
|     L2 bandwidth [MBytes/s]    | 167496.0769 |
|     L2 data volume [GBytes]    |    185.9081 |
+--------------------------------+-------------+

Region Core, Group 1: L2
+-------------------+----------+
|    Region Info    |  Core 0  |
+-------------------+----------+
| RDTSC Runtime [s] | 0.028739 |
|     call count    |        1 |
+-------------------+----------+

+-----------------------+---------+-----------+
|         Event         | Counter |   Core 0  |
+-----------------------+---------+-----------+
|   INSTR_RETIRED_ANY   |  FIXC0  | 175950200 |
| CPU_CLK_UNHALTED_CORE |  FIXC1  |  70882850 |
|  CPU_CLK_UNHALTED_REF |  FIXC2  |  73662480 |
|    L1D_REPLACEMENT    |   PMC0  |    413150 |
|      L1D_M_EVICT      |   PMC1  |      2136 |
| ICACHE_64B_IFTAG_MISS |   PMC2  |      1176 |
+-----------------------+---------+-----------+

+--------------------------------+-----------+
|             Metric             |   Core 0  |
+--------------------------------+-----------+
|       Runtime (RDTSC) [s]      |    0.0287 |
|      Runtime unhalted [s]      |    0.0273 |
|           Clock [MHz]          | 2494.1885 |
|               CPI              |    0.4029 |
|  L2D load bandwidth [MBytes/s] |  920.0717 |
|  L2D load data volume [GBytes] |    0.0264 |
| L2D evict bandwidth [MBytes/s] |    4.7568 |
| L2D evict data volume [GBytes] |    0.0001 |
|     L2 bandwidth [MBytes/s]    |  927.4474 |
|     L2 data volume [GBytes]    |    0.0267 |
+--------------------------------+-----------+

--------------------------------------------------------------------------------
CPU name:	Intel(R) Core(TM) i7-6500U CPU @ 2.50GHz
CPU type:	Intel Skylake processor
CPU clock:	2.59 GHz
--------------------------------------------------------------------------------
Bloom Join
-----------------
2097152 Buckets 2 Hash Functions
Initialization: 1 ms 
Bloom Filter Generation: 266065 ms 
Join Core: 29 ms 
14534 linhas
266096 ms 

--------------------------------------------------------------------------------
Region Initialization, Group 1: L2
+-------------------+----------+
|    Region Info    |  Core 0  |
+-------------------+----------+
| RDTSC Runtime [s] | 0.000465 |
|     call count    |        1 |
+-------------------+----------+

+-----------------------+---------+--------+
|         Event         | Counter | Core 0 |
+-----------------------+---------+--------+
|   INSTR_RETIRED_ANY   |  FIXC0  | 463644 |
| CPU_CLK_UNHALTED_CORE |  FIXC1  | 306634 |
|  CPU_CLK_UNHALTED_REF |  FIXC2  | 885492 |
|    L1D_REPLACEMENT    |   PMC0  |    424 |
|      L1D_M_EVICT      |   PMC1  |    239 |
| ICACHE_64B_IFTAG_MISS |   PMC2  |    641 |
+-----------------------+---------+--------+

+--------------------------------+--------------+
|             Metric             |    Core 0    |
+--------------------------------+--------------+
|       Runtime (RDTSC) [s]      |       0.0005 |
|      Runtime unhalted [s]      |       0.0001 |
|           Clock [MHz]          |     897.5721 |
|               CPI              |       0.6614 |
|  L2D load bandwidth [MBytes/s] |      58.3728 |
|  L2D load data volume [GBytes] | 2.713600e-05 |
| L2D evict bandwidth [MBytes/s] |      32.9035 |
| L2D evict data volume [GBytes] | 1.529600e-05 |
|     L2 bandwidth [MBytes/s]    |     179.5238 |
|     L2 data volume [GBytes]    |       0.0001 |
+--------------------------------+--------------+

Region Generation, Group 1: L2
+-------------------+----------+
|    Region Info    |  Core 0  |
+-------------------+----------+
| RDTSC Runtime [s] | 1.238709 |
|     call count    |  4500000 |
+-------------------+----------+

+-----------------------+---------+-------------+
|         Event         | Counter |    Core 0   |
+-----------------------+---------+-------------+
|   INSTR_RETIRED_ANY   |  FIXC0  | 16857980000 |
| CPU_CLK_UNHALTED_CORE |  FIXC1  | 40592710000 |
|  CPU_CLK_UNHALTED_REF |  FIXC2  | 42186670000 |
|    L1D_REPLACEMENT    |   PMC0  |   883854000 |
|      L1D_M_EVICT      |   PMC1  |   265165300 |
| ICACHE_64B_IFTAG_MISS |   PMC2  |  1691663000 |
+-----------------------+---------+-------------+

+--------------------------------+-------------+
|             Metric             |    Core 0   |
+--------------------------------+-------------+
|       Runtime (RDTSC) [s]      |      1.2387 |
|      Runtime unhalted [s]      |     15.6608 |
|           Clock [MHz]          |   2494.0577 |
|               CPI              |      2.4079 |
|  L2D load bandwidth [MBytes/s] |  45665.8150 |
|  L2D load data volume [GBytes] |     56.5667 |
| L2D evict bandwidth [MBytes/s] |  13700.2147 |
| L2D evict data volume [GBytes] |     16.9706 |
|     L2 bandwidth [MBytes/s]    | 146768.6658 |
|     L2 data volume [GBytes]    |    181.8037 |
+--------------------------------+-------------+

Region Core, Group 1: L2
+-------------------+----------+
|    Region Info    |  Core 0  |
+-------------------+----------+
| RDTSC Runtime [s] | 0.028753 |
|     call count    |        1 |
+-------------------+----------+

+-----------------------+---------+-----------+
|         Event         | Counter |   Core 0  |
+-----------------------+---------+-----------+
|   INSTR_RETIRED_ANY   |  FIXC0  | 175950200 |
| CPU_CLK_UNHALTED_CORE |  FIXC1  |  71034680 |
|  CPU_CLK_UNHALTED_REF |  FIXC2  |  73820480 |
|    L1D_REPLACEMENT    |   PMC0  |    413018 |
|      L1D_M_EVICT      |   PMC1  |      3175 |
| ICACHE_64B_IFTAG_MISS |   PMC2  |      1750 |
+-----------------------+---------+-----------+

+--------------------------------+-----------+
|             Metric             |   Core 0  |
+--------------------------------+-----------+
|       Runtime (RDTSC) [s]      |    0.0288 |
|      Runtime unhalted [s]      |    0.0274 |
|           Clock [MHz]          | 2494.1770 |
|               CPI              |    0.4037 |
|  L2D load bandwidth [MBytes/s] |  919.3043 |
|  L2D load data volume [GBytes] |    0.0264 |
| L2D evict bandwidth [MBytes/s] |    7.0670 |
| L2D evict data volume [GBytes] |    0.0002 |
|     L2 bandwidth [MBytes/s]    |  930.2665 |
|     L2 data volume [GBytes]    |    0.0267 |
+--------------------------------+-----------+

--------------------------------------------------------------------------------
CPU name:	Intel(R) Core(TM) i7-6500U CPU @ 2.50GHz
CPU type:	Intel Skylake processor
CPU clock:	2.59 GHz
--------------------------------------------------------------------------------
Bloom Join
-----------------
2097152 Buckets 2 Hash Functions
Initialization: 0 ms 
Bloom Filter Generation: 253812 ms 
Join Core: 29 ms 
14534 linhas
253842 ms 

--------------------------------------------------------------------------------
Region Initialization, Group 1: L2
+-------------------+----------+
|    Region Info    |  Core 0  |
+-------------------+----------+
| RDTSC Runtime [s] | 0.000194 |
|     call count    |        1 |
+-------------------+----------+

+-----------------------+---------+--------+
|         Event         | Counter | Core 0 |
+-----------------------+---------+--------+
|   INSTR_RETIRED_ANY   |  FIXC0  | 463643 |
| CPU_CLK_UNHALTED_CORE |  FIXC1  | 309489 |
|  CPU_CLK_UNHALTED_REF |  FIXC2  | 382860 |
|    L1D_REPLACEMENT    |   PMC0  |    396 |
|      L1D_M_EVICT      |   PMC1  |    232 |
| ICACHE_64B_IFTAG_MISS |   PMC2  |    633 |
+-----------------------+---------+--------+

+--------------------------------+--------------+
|             Metric             |    Core 0    |
+--------------------------------+--------------+
|       Runtime (RDTSC) [s]      |       0.0002 |
|      Runtime unhalted [s]      |       0.0001 |
|           Clock [MHz]          |    2095.0973 |
|               CPI              |       0.6675 |
|  L2D load bandwidth [MBytes/s] |     130.4094 |
|  L2D load data volume [GBytes] | 2.534400e-05 |
| L2D evict bandwidth [MBytes/s] |      76.4015 |
| L2D evict data volume [GBytes] | 1.484800e-05 |
|     L2 bandwidth [MBytes/s]    |     415.2684 |
|     L2 data volume [GBytes]    |       0.0001 |
+--------------------------------+--------------+

Region Generation, Group 1: L2
+-------------------+----------+
|    Region Info    |  Core 0  |
+-------------------+----------+
| RDTSC Runtime [s] | 1.126495 |
|     call count    |  4500000 |
+-------------------+----------+

+-----------------------+---------+-------------+
|         Event         | Counter |    Core 0   |
+-----------------------+---------+-------------+
|   INSTR_RETIRED_ANY   |  FIXC0  | 16858080000 |
| CPU_CLK_UNHALTED_CORE |  FIXC1  | 39269000000 |
|  CPU_CLK_UNHALTED_REF |  FIXC2  | 40810360000 |
|    L1D_REPLACEMENT    |   PMC0  |   872113200 |
|      L1D_M_EVICT      |   PMC1  |   276985600 |
| ICACHE_64B_IFTAG_MISS |   PMC2  |  1842343000 |
+-----------------------+---------+-------------+

+--------------------------------+-------------+
|             Metric             |    Core 0   |
+--------------------------------+-------------+
|       Runtime (RDTSC) [s]      |      1.1265 |
|      Runtime unhalted [s]      |     15.1513 |
|           Clock [MHz]          |   2493.8963 |
|               CPI              |      2.3294 |
|  L2D load bandwidth [MBytes/s] |  49547.7075 |
|  L2D load data volume [GBytes] |     55.8152 |
| L2D evict bandwidth [MBytes/s] |  15736.4910 |
| L2D evict data volume [GBytes] |     17.7271 |
|     L2 bandwidth [MBytes/s]    | 169953.9503 |
|     L2 data volume [GBytes]    |    191.4523 |
+--------------------------------+-------------+

Region Core, Group 1: L2
+-------------------+----------+
|    Region Info    |  Core 0  |
+-------------------+----------+
| RDTSC Runtime [s] | 0.028823 |
|     call count    |        1 |
+-------------------+----------+

+-----------------------+---------+-----------+
|         Event         | Counter |   Core 0  |
+-----------------------+---------+-----------+
|   INSTR_RETIRED_ANY   |  FIXC0  | 175950200 |
| CPU_CLK_UNHALTED_CORE |  FIXC1  |  70895950 |
|  CPU_CLK_UNHALTED_REF |  FIXC2  |  73676520 |
|    L1D_REPLACEMENT    |   PMC0  |    413167 |
|      L1D_M_EVICT      |   PMC1  |      2344 |
| ICACHE_64B_IFTAG_MISS |   PMC2  |      1373 |
+-----------------------+---------+-----------+

+--------------------------------+-----------+
|             Metric             |   Core 0  |
+--------------------------------+-----------+
|       Runtime (RDTSC) [s]      |    0.0288 |
|      Runtime unhalted [s]      |    0.0274 |
|           Clock [MHz]          | 2493.9704 |
|               CPI              |    0.4029 |
|  L2D load bandwidth [MBytes/s] |  917.4016 |
|  L2D load data volume [GBytes] |    0.0264 |
| L2D evict bandwidth [MBytes/s] |    5.2046 |
| L2D evict data volume [GBytes] |    0.0002 |
|     L2 bandwidth [MBytes/s]    |  925.6549 |
|     L2 data volume [GBytes]    |    0.0267 |
+--------------------------------+-----------+

--------------------------------------------------------------------------------
CPU name:	Intel(R) Core(TM) i7-6500U CPU @ 2.50GHz
CPU type:	Intel Skylake processor
CPU clock:	2.59 GHz
--------------------------------------------------------------------------------
Bloom Join
-----------------
2097152 Buckets 2 Hash Functions
Initialization: 1 ms 
Bloom Filter Generation: 226678 ms 
Join Core: 29 ms 
14534 linhas
226709 ms 

--------------------------------------------------------------------------------
Region Initialization, Group 1: L3
+-------------------+----------+
|    Region Info    |  Core 0  |
+-------------------+----------+
| RDTSC Runtime [s] | 0.000495 |
|     call count    |        1 |
+-------------------+----------+

+-----------------------+---------+--------+
|         Event         | Counter | Core 0 |
+-----------------------+---------+--------+
|   INSTR_RETIRED_ANY   |  FIXC0  | 463550 |
| CPU_CLK_UNHALTED_CORE |  FIXC1  | 305536 |
|  CPU_CLK_UNHALTED_REF |  FIXC2  | 992196 |
|    L2_LINES_IN_ALL    |   PMC0  |    836 |
|     L2_TRANS_L2_WB    |   PMC1  |    183 |
+-----------------------+---------+--------+

+-------------------------------+--------------+
|             Metric            |    Core 0    |
+-------------------------------+--------------+
|      Runtime (RDTSC) [s]      |       0.0005 |
|      Runtime unhalted [s]     |       0.0001 |
|          Clock [MHz]          |     798.1755 |
|              CPI              |       0.6591 |
|  L3 load bandwidth [MBytes/s] |     108.0839 |
|  L3 load data volume [GBytes] |       0.0001 |
| L3 evict bandwidth [MBytes/s] |      23.6595 |
| L3 evict data volume [GBytes] | 1.171200e-05 |
|    L3 bandwidth [MBytes/s]    |     131.7434 |
|    L3 data volume [GBytes]    |       0.0001 |
+-------------------------------+--------------+

Region Generation, Group 1: L3
+-------------------+----------+
|    Region Info    |  Core 0  |
+-------------------+----------+
| RDTSC Runtime [s] | 1.132003 |
|     call count    |  4500000 |
+-------------------+----------+

+-----------------------+---------+-------------+
|         Event         | Counter |    Core 0   |
+-----------------------+---------+-------------+
|   INSTR_RETIRED_ANY   |  FIXC0  | 16439480000 |
| CPU_CLK_UNHALTED_CORE |  FIXC1  | 38996570000 |
|  CPU_CLK_UNHALTED_REF |  FIXC2  | 40528230000 |
|    L2_LINES_IN_ALL    |   PMC0  |   571803400 |
|     L2_TRANS_L2_WB    |   PMC1  |    82173080 |
+-----------------------+---------+-------------+

+-------------------------------+------------+
|             Metric            |   Core 0   |
+-------------------------------+------------+
|      Runtime (RDTSC) [s]      |     1.1320 |
|      Runtime unhalted [s]     |    15.0450 |
|          Clock [MHz]          |  2494.0333 |
|              CPI              |     2.3721 |
|  L3 load bandwidth [MBytes/s] | 32328.0217 |
|  L3 load data volume [GBytes] |    36.5954 |
| L3 evict bandwidth [MBytes/s] |  4645.8155 |
| L3 evict data volume [GBytes] |     5.2591 |
|    L3 bandwidth [MBytes/s]    | 36973.8373 |
|    L3 data volume [GBytes]    |    41.8545 |
+-------------------------------+------------+

Region Core, Group 1: L3
+-------------------+----------+
|    Region Info    |  Core 0  |
+-------------------+----------+
| RDTSC Runtime [s] | 0.028918 |
|     call count    |        1 |
+-------------------+----------+

+-----------------------+---------+-----------+
|         Event         | Counter |   Core 0  |
+-----------------------+---------+-----------+
|   INSTR_RETIRED_ANY   |  FIXC0  | 175950200 |
| CPU_CLK_UNHALTED_CORE |  FIXC1  |  71293460 |
|  CPU_CLK_UNHALTED_REF |  FIXC2  |  74088970 |
|    L2_LINES_IN_ALL    |   PMC0  |    326735 |
|     L2_TRANS_L2_WB    |   PMC1  |     32575 |
+-----------------------+---------+-----------+

+-------------------------------+-----------+
|             Metric            |   Core 0  |
+-------------------------------+-----------+
|      Runtime (RDTSC) [s]      |    0.0289 |
|      Runtime unhalted [s]     |    0.0275 |
|          Clock [MHz]          | 2494.1904 |
|              CPI              |    0.4052 |
|  L3 load bandwidth [MBytes/s] |  723.1200 |
|  L3 load data volume [GBytes] |    0.0209 |
| L3 evict bandwidth [MBytes/s] |   72.0940 |
| L3 evict data volume [GBytes] |    0.0021 |
|    L3 bandwidth [MBytes/s]    |  795.2140 |
|    L3 data volume [GBytes]    |    0.0230 |
+-------------------------------+-----------+

--------------------------------------------------------------------------------
CPU name:	Intel(R) Core(TM) i7-6500U CPU @ 2.50GHz
CPU type:	Intel Skylake processor
CPU clock:	2.59 GHz
--------------------------------------------------------------------------------
Bloom Join
-----------------
2097152 Buckets 2 Hash Functions
Initialization: 0 ms 
Bloom Filter Generation: 233199 ms 
Join Core: 29 ms 
14534 linhas
233229 ms 

--------------------------------------------------------------------------------
Region Initialization, Group 1: L3
+-------------------+----------+
|    Region Info    |  Core 0  |
+-------------------+----------+
| RDTSC Runtime [s] | 0.000160 |
|     call count    |        1 |
+-------------------+----------+

+-----------------------+---------+--------+
|         Event         | Counter | Core 0 |
+-----------------------+---------+--------+
|   INSTR_RETIRED_ANY   |  FIXC0  | 463550 |
| CPU_CLK_UNHALTED_CORE |  FIXC1  | 305572 |
|  CPU_CLK_UNHALTED_REF |  FIXC2  | 317628 |
|    L2_LINES_IN_ALL    |   PMC0  |    753 |
|     L2_TRANS_L2_WB    |   PMC1  |    135 |
+-----------------------+---------+--------+

+-------------------------------+--------------+
|             Metric            |    Core 0    |
+-------------------------------+--------------+
|      Runtime (RDTSC) [s]      |       0.0002 |
|      Runtime unhalted [s]     |       0.0001 |
|          Clock [MHz]          |    2493.3187 |
|              CPI              |       0.6592 |
|  L3 load bandwidth [MBytes/s] |     301.3343 |
|  L3 load data volume [GBytes] | 4.819200e-05 |
| L3 evict bandwidth [MBytes/s] |      54.0241 |
| L3 evict data volume [GBytes] | 8.640000e-06 |
|    L3 bandwidth [MBytes/s]    |     355.3584 |
|    L3 data volume [GBytes]    |       0.0001 |
+-------------------------------+--------------+

Region Generation, Group 1: L3
+-------------------+----------+
|    Region Info    |  Core 0  |
+-------------------+----------+
| RDTSC Runtime [s] | 1.155169 |
|     call count    |  4500000 |
+-------------------+----------+

+-----------------------+---------+-------------+
|         Event         | Counter |    Core 0   |
+-----------------------+---------+-------------+
|   INSTR_RETIRED_ANY   |  FIXC0  | 16439690000 |
| CPU_CLK_UNHALTED_CORE |  FIXC1  | 38666620000 |
|  CPU_CLK_UNHALTED_REF |  FIXC2  | 40183250000 |
|    L2_LINES_IN_ALL    |   PMC0  |   650858600 |
|     L2_TRANS_L2_WB    |   PMC1  |   114941500 |
+-----------------------+---------+-------------+

+-------------------------------+------------+
|             Metric            |   Core 0   |
+-------------------------------+------------+
|      Runtime (RDTSC) [s]      |     1.1552 |
|      Runtime unhalted [s]     |    14.9195 |
|          Clock [MHz]          |  2493.8721 |
|              CPI              |     2.3520 |
|  L3 load bandwidth [MBytes/s] | 36059.6159 |
|  L3 load data volume [GBytes] |    41.6550 |
| L3 evict bandwidth [MBytes/s] |  6368.1210 |
| L3 evict data volume [GBytes] |     7.3563 |
|    L3 bandwidth [MBytes/s]    | 42427.7369 |
|    L3 data volume [GBytes]    |    49.0112 |
+-------------------------------+------------+

Region Core, Group 1: L3
+-------------------+----------+
|    Region Info    |  Core 0  |
+-------------------+----------+
| RDTSC Runtime [s] | 0.028888 |
|     call count    |        1 |
+-------------------+----------+

+-----------------------+---------+-----------+
|         Event         | Counter |   Core 0  |
+-----------------------+---------+-----------+
|   INSTR_RETIRED_ANY   |  FIXC0  | 175950200 |
| CPU_CLK_UNHALTED_CORE |  FIXC1  |  71156820 |
|  CPU_CLK_UNHALTED_REF |  FIXC2  |  73947060 |
|    L2_LINES_IN_ALL    |   PMC0  |    228548 |
|     L2_TRANS_L2_WB    |   PMC1  |     43290 |
+-----------------------+---------+-----------+

+-------------------------------+-----------+
|             Metric            |   Core 0  |
+-------------------------------+-----------+
|      Runtime (RDTSC) [s]      |    0.0289 |
|      Runtime unhalted [s]     |    0.0275 |
|          Clock [MHz]          | 2493.8977 |
|              CPI              |    0.4044 |
|  L3 load bandwidth [MBytes/s] |  506.3450 |
|  L3 load data volume [GBytes] |    0.0146 |
| L3 evict bandwidth [MBytes/s] |   95.9084 |
| L3 evict data volume [GBytes] |    0.0028 |
|    L3 bandwidth [MBytes/s]    |  602.2534 |
|    L3 data volume [GBytes]    |    0.0174 |
+-------------------------------+-----------+

--------------------------------------------------------------------------------
CPU name:	Intel(R) Core(TM) i7-6500U CPU @ 2.50GHz
CPU type:	Intel Skylake processor
CPU clock:	2.59 GHz
--------------------------------------------------------------------------------
Bloom Join
-----------------
2097152 Buckets 2 Hash Functions
Initialization: 1 ms 
Bloom Filter Generation: 237326 ms 
Join Core: 29 ms 
14534 linhas
237358 ms 

--------------------------------------------------------------------------------
Region Initialization, Group 1: L3
+-------------------+----------+
|    Region Info    |  Core 0  |
+-------------------+----------+
| RDTSC Runtime [s] | 0.000498 |
|     call count    |        1 |
+-------------------+----------+

+-----------------------+---------+--------+
|         Event         | Counter | Core 0 |
+-----------------------+---------+--------+
|   INSTR_RETIRED_ANY   |  FIXC0  | 463550 |
| CPU_CLK_UNHALTED_CORE |  FIXC1  | 304316 |
|  CPU_CLK_UNHALTED_REF |  FIXC2  | 988416 |
|    L2_LINES_IN_ALL    |   PMC0  |   1680 |
|     L2_TRANS_L2_WB    |   PMC1  |    253 |
+-----------------------+---------+--------+

+-------------------------------+--------------+
|             Metric            |    Core 0    |
+-------------------------------+--------------+
|      Runtime (RDTSC) [s]      |       0.0005 |
|      Runtime unhalted [s]     |       0.0001 |
|          Clock [MHz]          |     798.0271 |
|              CPI              |       0.6565 |
|  L3 load bandwidth [MBytes/s] |     215.7562 |
|  L3 load data volume [GBytes] |       0.0001 |
| L3 evict bandwidth [MBytes/s] |      32.4919 |
| L3 evict data volume [GBytes] | 1.619200e-05 |
|    L3 bandwidth [MBytes/s]    |     248.2481 |
|    L3 data volume [GBytes]    |       0.0001 |
+-------------------------------+--------------+

Region Generation, Group 1: L3
+-------------------+----------+
|    Region Info    |  Core 0  |
+-------------------+----------+
| RDTSC Runtime [s] | 1.205972 |
|     call count    |  4500000 |
+-------------------+----------+

+-----------------------+---------+-------------+
|         Event         | Counter |    Core 0   |
+-----------------------+---------+-------------+
|   INSTR_RETIRED_ANY   |  FIXC0  | 16439480000 |
| CPU_CLK_UNHALTED_CORE |  FIXC1  | 40990810000 |
|  CPU_CLK_UNHALTED_REF |  FIXC2  | 42600690000 |
|    L2_LINES_IN_ALL    |   PMC0  |   633331100 |
|     L2_TRANS_L2_WB    |   PMC1  |   121680500 |
+-----------------------+---------+-------------+

+-------------------------------+------------+
|             Metric            |   Core 0   |
+-------------------------------+------------+
|      Runtime (RDTSC) [s]      |     1.2060 |
|      Runtime unhalted [s]     |    15.8144 |
|          Clock [MHz]          |  2494.0347 |
|              CPI              |     2.4934 |
|  L3 load bandwidth [MBytes/s] | 33610.3910 |
|  L3 load data volume [GBytes] |    40.5332 |
| L3 evict bandwidth [MBytes/s] |  6457.4899 |
| L3 evict data volume [GBytes] |     7.7876 |
|    L3 bandwidth [MBytes/s]    | 40067.8808 |
|    L3 data volume [GBytes]    |    48.3207 |
+-------------------------------+------------+

Region Core, Group 1: L3
+-------------------+----------+
|    Region Info    |  Core 0  |
+-------------------+----------+
| RDTSC Runtime [s] | 0.029001 |
|     call count    |        1 |
+-------------------+----------+

+-----------------------+---------+-----------+
|         Event         | Counter |   Core 0  |
+-----------------------+---------+-----------+
|   INSTR_RETIRED_ANY   |  FIXC0  | 175950200 |
| CPU_CLK_UNHALTED_CORE |  FIXC1  |  71425930 |
|  CPU_CLK_UNHALTED_REF |  FIXC2  |  74227100 |
|    L2_LINES_IN_ALL    |   PMC0  |    277227 |
|     L2_TRANS_L2_WB    |   PMC1  |     42834 |
+-----------------------+---------+-----------+

+-------------------------------+-----------+
|             Metric            |   Core 0  |
+-------------------------------+-----------+
|      Runtime (RDTSC) [s]      |    0.0290 |
|      Runtime unhalted [s]     |    0.0276 |
|          Clock [MHz]          | 2494.1700 |
|              CPI              |    0.4059 |
|  L3 load bandwidth [MBytes/s] |  611.7847 |
|  L3 load data volume [GBytes] |    0.0177 |
| L3 evict bandwidth [MBytes/s] |   94.5261 |
| L3 evict data volume [GBytes] |    0.0027 |
|    L3 bandwidth [MBytes/s]    |  706.3108 |
|    L3 data volume [GBytes]    |    0.0205 |
+-------------------------------+-----------+

--------------------------------------------------------------------------------
CPU name:	Intel(R) Core(TM) i7-6500U CPU @ 2.50GHz
CPU type:	Intel Skylake processor
CPU clock:	2.59 GHz
--------------------------------------------------------------------------------
Bloom Join
-----------------
2097152 Buckets 2 Hash Functions
Initialization: 1 ms 
Bloom Filter Generation: 193645 ms 
Join Core: 24 ms 
14534 linhas
193672 ms 

--------------------------------------------------------------------------------
Region Initialization, Group 1: L3
+-------------------+----------+
|    Region Info    |  Core 0  |
+-------------------+----------+
| RDTSC Runtime [s] | 0.000499 |
|     call count    |        1 |
+-------------------+----------+

+-----------------------+---------+--------+
|         Event         | Counter | Core 0 |
+-----------------------+---------+--------+
|   INSTR_RETIRED_ANY   |  FIXC0  | 463550 |
| CPU_CLK_UNHALTED_CORE |  FIXC1  | 305111 |
|  CPU_CLK_UNHALTED_REF |  FIXC2  | 990792 |
|    L2_LINES_IN_ALL    |   PMC0  |    799 |
|     L2_TRANS_L2_WB    |   PMC1  |    152 |
+-----------------------+---------+--------+

+-------------------------------+--------------+
|             Metric            |    Core 0    |
+-------------------------------+--------------+
|      Runtime (RDTSC) [s]      |       0.0005 |
|      Runtime unhalted [s]     |       0.0001 |
|          Clock [MHz]          |     798.1859 |
|              CPI              |       0.6582 |
|  L3 load bandwidth [MBytes/s] |     102.5286 |
|  L3 load data volume [GBytes] |       0.0001 |
| L3 evict bandwidth [MBytes/s] |      19.5048 |
| L3 evict data volume [GBytes] | 9.728000e-06 |
|    L3 bandwidth [MBytes/s]    |     122.0334 |
|    L3 data volume [GBytes]    |       0.0001 |
+-------------------------------+--------------+

Region Generation, Group 1: L3
+-------------------+----------+
|    Region Info    |  Core 0  |
+-------------------+----------+
| RDTSC Runtime [s] | 1.019890 |
|     call count    |  4500000 |
+-------------------+----------+

+-----------------------+---------+-------------+
|         Event         | Counter |    Core 0   |
+-----------------------+---------+-------------+
|   INSTR_RETIRED_ANY   |  FIXC0  | 16439480000 |
| CPU_CLK_UNHALTED_CORE |  FIXC1  | 41578710000 |
|  CPU_CLK_UNHALTED_REF |  FIXC2  | 35027470000 |
|    L2_LINES_IN_ALL    |   PMC0  |   663051800 |
|     L2_TRANS_L2_WB    |   PMC1  |   127360300 |
+-----------------------+---------+-------------+

+-------------------------------+------------+
|             Metric            |   Core 0   |
+-------------------------------+------------+
|      Runtime (RDTSC) [s]      |     1.0199 |
|      Runtime unhalted [s]     |    16.0414 |
|          Clock [MHz]          |  3076.7408 |
|              CPI              |     2.5292 |
|  L3 load bandwidth [MBytes/s] | 41607.7373 |
|  L3 load data volume [GBytes] |    42.4353 |
| L3 evict bandwidth [MBytes/s] |  7992.0964 |
| L3 evict data volume [GBytes] |     8.1511 |
|    L3 bandwidth [MBytes/s]    | 49599.8337 |
|    L3 data volume [GBytes]    |    50.5864 |
+-------------------------------+------------+

Region Core, Group 1: L3
+-------------------+----------+
|    Region Info    |  Core 0  |
+-------------------+----------+
| RDTSC Runtime [s] | 0.024229 |
|     call count    |        1 |
+-------------------+----------+

+-----------------------+---------+-----------+
|         Event         | Counter |   Core 0  |
+-----------------------+---------+-----------+
|   INSTR_RETIRED_ANY   |  FIXC0  | 175950100 |
| CPU_CLK_UNHALTED_CORE |  FIXC1  |  71547100 |
|  CPU_CLK_UNHALTED_REF |  FIXC2  |  60206980 |
|    L2_LINES_IN_ALL    |   PMC0  |    270840 |
|     L2_TRANS_L2_WB    |   PMC1  |     44164 |
+-----------------------+---------+-----------+

+-------------------------------+-----------+
|             Metric            |   Core 0  |
+-------------------------------+-----------+
|      Runtime (RDTSC) [s]      |    0.0242 |
|      Runtime unhalted [s]     |    0.0276 |
|          Clock [MHz]          | 3080.1641 |
|              CPI              |    0.4066 |
|  L3 load bandwidth [MBytes/s] |  715.4111 |
|  L3 load data volume [GBytes] |    0.0173 |
| L3 evict bandwidth [MBytes/s] |  116.6571 |
| L3 evict data volume [GBytes] |    0.0028 |
|    L3 bandwidth [MBytes/s]    |  832.0682 |
|    L3 data volume [GBytes]    |    0.0202 |
+-------------------------------+-----------+

--------------------------------------------------------------------------------
CPU name:	Intel(R) Core(TM) i7-6500U CPU @ 2.50GHz
CPU type:	Intel Skylake processor
CPU clock:	2.59 GHz
--------------------------------------------------------------------------------
Bloom Join
-----------------
2097152 Buckets 2 Hash Functions
Initialization: 1 ms 
Bloom Filter Generation: 207776 ms 
Join Core: 29 ms 
14534 linhas
207807 ms 

--------------------------------------------------------------------------------
Region Initialization, Group 1: L3
+-------------------+----------+
|    Region Info    |  Core 0  |
+-------------------+----------+
| RDTSC Runtime [s] | 0.000506 |
|     call count    |        1 |
+-------------------+----------+

+-----------------------+---------+---------+
|         Event         | Counter |  Core 0 |
+-----------------------+---------+---------+
|   INSTR_RETIRED_ANY   |  FIXC0  |  463550 |
| CPU_CLK_UNHALTED_CORE |  FIXC1  |  309268 |
|  CPU_CLK_UNHALTED_REF |  FIXC2  | 1004724 |
|    L2_LINES_IN_ALL    |   PMC0  |     747 |
|     L2_TRANS_L2_WB    |   PMC1  |     157 |
+-----------------------+---------+---------+

+-------------------------------+--------------+
|             Metric            |    Core 0    |
+-------------------------------+--------------+
|      Runtime (RDTSC) [s]      |       0.0005 |
|      Runtime unhalted [s]     |       0.0001 |
|          Clock [MHz]          |     797.8485 |
|              CPI              |       0.6672 |
|  L3 load bandwidth [MBytes/s] |      94.4057 |
|  L3 load data volume [GBytes] | 4.780800e-05 |
| L3 evict bandwidth [MBytes/s] |      19.8416 |
| L3 evict data volume [GBytes] | 1.004800e-05 |
|    L3 bandwidth [MBytes/s]    |     114.2473 |
|    L3 data volume [GBytes]    |       0.0001 |
+-------------------------------+--------------+

Region Generation, Group 1: L3
+-------------------+----------+
|    Region Info    |  Core 0  |
+-------------------+----------+
| RDTSC Runtime [s] | 1.130112 |
|     call count    |  4500000 |
+-------------------+----------+

+-----------------------+---------+-------------+
|         Event         | Counter |    Core 0   |
+-----------------------+---------+-------------+
|   INSTR_RETIRED_ANY   |  FIXC0  | 16439480000 |
| CPU_CLK_UNHALTED_CORE |  FIXC1  | 39783970000 |
|  CPU_CLK_UNHALTED_REF |  FIXC2  | 36342130000 |
|    L2_LINES_IN_ALL    |   PMC0  |   485865200 |
|     L2_TRANS_L2_WB    |   PMC1  |   101136900 |
+-----------------------+---------+-------------+

+-------------------------------+------------+
|             Metric            |   Core 0   |
+-------------------------------+------------+
|      Runtime (RDTSC) [s]      |     1.1301 |
|      Runtime unhalted [s]     |    15.3489 |
|          Clock [MHz]          |  2837.4614 |
|              CPI              |     2.4200 |
|  L3 load bandwidth [MBytes/s] | 27515.3018 |
|  L3 load data volume [GBytes] |    31.0954 |
| L3 evict bandwidth [MBytes/s] |  5727.5399 |
| L3 evict data volume [GBytes] |     6.4728 |
|    L3 bandwidth [MBytes/s]    | 33242.8418 |
|    L3 data volume [GBytes]    |    37.5681 |
+-------------------------------+------------+

Region Core, Group 1: L3
+-------------------+----------+
|    Region Info    |  Core 0  |
+-------------------+----------+
| RDTSC Runtime [s] | 0.028825 |
|     call count    |        1 |
+-------------------+----------+

+-----------------------+---------+-----------+
|         Event         | Counter |   Core 0  |
+-----------------------+---------+-----------+
|   INSTR_RETIRED_ANY   |  FIXC0  | 175950200 |
| CPU_CLK_UNHALTED_CORE |  FIXC1  |  71130060 |
|  CPU_CLK_UNHALTED_REF |  FIXC2  |  73919300 |
|    L2_LINES_IN_ALL    |   PMC0  |    207362 |
|     L2_TRANS_L2_WB    |   PMC1  |     41163 |
+-----------------------+---------+-----------+

+-------------------------------+-----------+
|             Metric            |   Core 0  |
+-------------------------------+-----------+
|      Runtime (RDTSC) [s]      |    0.0288 |
|      Runtime unhalted [s]     |    0.0274 |
|          Clock [MHz]          | 2494.1786 |
|              CPI              |    0.4043 |
|  L3 load bandwidth [MBytes/s] |  460.4026 |
|  L3 load data volume [GBytes] |    0.0133 |
| L3 evict bandwidth [MBytes/s] |   91.3936 |
| L3 evict data volume [GBytes] |    0.0026 |
|    L3 bandwidth [MBytes/s]    |  551.7961 |
|    L3 data volume [GBytes]    |    0.0159 |
+-------------------------------+-----------+

--------------------------------------------------------------------------------
CPU name:	Intel(R) Core(TM) i7-6500U CPU @ 2.50GHz
CPU type:	Intel Skylake processor
CPU clock:	2.59 GHz
--------------------------------------------------------------------------------
Bloom Join
-----------------
2097152 Buckets 2 Hash Functions
Initialization: 1 ms 
Bloom Filter Generation: 226058 ms 
Join Core: 29 ms 
14534 linhas
226090 ms 

--------------------------------------------------------------------------------
Region Initialization, Group 1: L3
+-------------------+----------+
|    Region Info    |  Core 0  |
+-------------------+----------+
| RDTSC Runtime [s] | 0.000490 |
|     call count    |        1 |
+-------------------+----------+

+-----------------------+---------+--------+
|         Event         | Counter | Core 0 |
+-----------------------+---------+--------+
|   INSTR_RETIRED_ANY   |  FIXC0  | 463550 |
| CPU_CLK_UNHALTED_CORE |  FIXC1  | 299373 |
|  CPU_CLK_UNHALTED_REF |  FIXC2  | 972108 |
|    L2_LINES_IN_ALL    |   PMC0  |    774 |
|     L2_TRANS_L2_WB    |   PMC1  |    167 |
+-----------------------+---------+--------+

+-------------------------------+--------------+
|             Metric            |    Core 0    |
+-------------------------------+--------------+
|      Runtime (RDTSC) [s]      |       0.0005 |
|      Runtime unhalted [s]     |       0.0001 |
|          Clock [MHz]          |     798.2250 |
|              CPI              |       0.6458 |
|  L3 load bandwidth [MBytes/s] |     101.0878 |
|  L3 load data volume [GBytes] | 4.953600e-05 |
| L3 evict bandwidth [MBytes/s] |      21.8109 |
| L3 evict data volume [GBytes] | 1.068800e-05 |
|    L3 bandwidth [MBytes/s]    |     122.8987 |
|    L3 data volume [GBytes]    |       0.0001 |
+-------------------------------+--------------+

Region Generation, Group 1: L3
+-------------------+----------+
|    Region Info    |  Core 0  |
+-------------------+----------+
| RDTSC Runtime [s] | 1.217419 |
|     call count    |  4500000 |
+-------------------+----------+

+-----------------------+---------+-------------+
|         Event         | Counter |    Core 0   |
+-----------------------+---------+-------------+
|   INSTR_RETIRED_ANY   |  FIXC0  | 16440140000 |
| CPU_CLK_UNHALTED_CORE |  FIXC1  | 38830380000 |
|  CPU_CLK_UNHALTED_REF |  FIXC2  | 40355160000 |
|    L2_LINES_IN_ALL    |   PMC0  |   673796300 |
|     L2_TRANS_L2_WB    |   PMC1  |    79123570 |
+-----------------------+---------+-------------+

+-------------------------------+------------+
|             Metric            |   Core 0   |
+-------------------------------+------------+
|      Runtime (RDTSC) [s]      |     1.2174 |
|      Runtime unhalted [s]     |    14.9811 |
|          Clock [MHz]          |  2494.0190 |
|              CPI              |     2.3619 |
|  L3 load bandwidth [MBytes/s] | 35421.6282 |
|  L3 load data volume [GBytes] |    43.1230 |
| L3 evict bandwidth [MBytes/s] |  4159.5445 |
| L3 evict data volume [GBytes] |     5.0639 |
|    L3 bandwidth [MBytes/s]    | 39581.1727 |
|    L3 data volume [GBytes]    |    48.1869 |
+-------------------------------+------------+

Region Core, Group 1: L3
+-------------------+----------+
|    Region Info    |  Core 0  |
+-------------------+----------+
| RDTSC Runtime [s] | 0.029047 |
|     call count    |        1 |
+-------------------+----------+

+-----------------------+---------+-----------+
|         Event         | Counter |   Core 0  |
+-----------------------+---------+-----------+
|   INSTR_RETIRED_ANY   |  FIXC0  | 175950200 |
| CPU_CLK_UNHALTED_CORE |  FIXC1  |  71521310 |
|  CPU_CLK_UNHALTED_REF |  FIXC2  |  74325920 |
|    L2_LINES_IN_ALL    |   PMC0  |    308351 |
|     L2_TRANS_L2_WB    |   PMC1  |     35702 |
+-----------------------+---------+-----------+

+-------------------------------+-----------+
|             Metric            |   Core 0  |
+-------------------------------+-----------+
|      Runtime (RDTSC) [s]      |    0.0290 |
|      Runtime unhalted [s]     |    0.0276 |
|          Clock [MHz]          | 2494.1488 |
|              CPI              |    0.4065 |
|  L3 load bandwidth [MBytes/s] |  679.3932 |
|  L3 load data volume [GBytes] |    0.0197 |
| L3 evict bandwidth [MBytes/s] |   78.6626 |
| L3 evict data volume [GBytes] |    0.0023 |
|    L3 bandwidth [MBytes/s]    |  758.0558 |
|    L3 data volume [GBytes]    |    0.0220 |
+-------------------------------+-----------+

--------------------------------------------------------------------------------
CPU name:	Intel(R) Core(TM) i7-6500U CPU @ 2.50GHz
CPU type:	Intel Skylake processor
CPU clock:	2.59 GHz
--------------------------------------------------------------------------------
Bloom Join
-----------------
2097152 Buckets 2 Hash Functions
Initialization: 1 ms 
Bloom Filter Generation: 226763 ms 
Join Core: 29 ms 
14534 linhas
226794 ms 

--------------------------------------------------------------------------------
Region Initialization, Group 1: L3
+-------------------+----------+
|    Region Info    |  Core 0  |
+-------------------+----------+
| RDTSC Runtime [s] | 0.000496 |
|     call count    |        1 |
+-------------------+----------+

+-----------------------+---------+--------+
|         Event         | Counter | Core 0 |
+-----------------------+---------+--------+
|   INSTR_RETIRED_ANY   |  FIXC0  | 463550 |
| CPU_CLK_UNHALTED_CORE |  FIXC1  | 304912 |
|  CPU_CLK_UNHALTED_REF |  FIXC2  | 990252 |
|    L2_LINES_IN_ALL    |   PMC0  |    895 |
|     L2_TRANS_L2_WB    |   PMC1  |    169 |
+-----------------------+---------+--------+

+-------------------------------+--------------+
|             Metric            |    Core 0    |
+-------------------------------+--------------+
|      Runtime (RDTSC) [s]      |       0.0005 |
|      Runtime unhalted [s]     |       0.0001 |
|          Clock [MHz]          |     798.1076 |
|              CPI              |       0.6578 |
|  L3 load bandwidth [MBytes/s] |     115.4976 |
|  L3 load data volume [GBytes] |       0.0001 |
| L3 evict bandwidth [MBytes/s] |      21.8090 |
| L3 evict data volume [GBytes] | 1.081600e-05 |
|    L3 bandwidth [MBytes/s]    |     137.3067 |
|    L3 data volume [GBytes]    |       0.0001 |
+-------------------------------+--------------+

Region Generation, Group 1: L3
+-------------------+----------+
|    Region Info    |  Core 0  |
+-------------------+----------+
| RDTSC Runtime [s] | 1.193947 |
|     call count    |  4500000 |
+-------------------+----------+

+-----------------------+---------+-------------+
|         Event         | Counter |    Core 0   |
+-----------------------+---------+-------------+
|   INSTR_RETIRED_ANY   |  FIXC0  | 16439480000 |
| CPU_CLK_UNHALTED_CORE |  FIXC1  | 38801860000 |
|  CPU_CLK_UNHALTED_REF |  FIXC2  | 40325700000 |
|    L2_LINES_IN_ALL    |   PMC0  |   792592400 |
|     L2_TRANS_L2_WB    |   PMC1  |   109919800 |
+-----------------------+---------+-------------+

+-------------------------------+------------+
|             Metric            |   Core 0   |
+-------------------------------+------------+
|      Runtime (RDTSC) [s]      |     1.1939 |
|      Runtime unhalted [s]     |    14.9699 |
|          Clock [MHz]          |  2494.0391 |
|              CPI              |     2.3603 |
|  L3 load bandwidth [MBytes/s] | 42485.9006 |
|  L3 load data volume [GBytes] |    50.7259 |
| L3 evict bandwidth [MBytes/s] |  5892.1101 |
| L3 evict data volume [GBytes] |     7.0349 |
|    L3 bandwidth [MBytes/s]    | 48378.0107 |
|    L3 data volume [GBytes]    |    57.7608 |
+-------------------------------+------------+

Region Core, Group 1: L3
+-------------------+----------+
|    Region Info    |  Core 0  |
+-------------------+----------+
| RDTSC Runtime [s] | 0.028807 |
|     call count    |        1 |
+-------------------+----------+

+-----------------------+---------+-----------+
|         Event         | Counter |   Core 0  |
+-----------------------+---------+-----------+
|   INSTR_RETIRED_ANY   |  FIXC0  | 175950200 |
| CPU_CLK_UNHALTED_CORE |  FIXC1  |  70937760 |
|  CPU_CLK_UNHALTED_REF |  FIXC2  |  73719180 |
|    L2_LINES_IN_ALL    |   PMC0  |    270776 |
|     L2_TRANS_L2_WB    |   PMC1  |     35387 |
+-----------------------+---------+-----------+

+-------------------------------+-----------+
|             Metric            |   Core 0  |
+-------------------------------+-----------+
|      Runtime (RDTSC) [s]      |    0.0288 |
|      Runtime unhalted [s]     |    0.0274 |
|          Clock [MHz]          | 2494.1904 |
|              CPI              |    0.4032 |
|  L3 load bandwidth [MBytes/s] |  601.5849 |
|  L3 load data volume [GBytes] |    0.0173 |
| L3 evict bandwidth [MBytes/s] |   78.6195 |
| L3 evict data volume [GBytes] |    0.0023 |
|    L3 bandwidth [MBytes/s]    |  680.2045 |
|    L3 data volume [GBytes]    |    0.0196 |
+-------------------------------+-----------+

