--------------------------------------------------------------------------------
CPU name:	Intel(R) Core(TM) i7-6500U CPU @ 2.50GHz
CPU type:	Intel Skylake processor
CPU clock:	2.59 GHz
--------------------------------------------------------------------------------
Bloom Join
-----------------
2097152 Buckets 3 Hash Functions
Initialization: 1 ms 
Bloom Filter Generation: 280267 ms 
Join Core: 29 ms 
14829 linhas
280299 ms 

--------------------------------------------------------------------------------
Region Initialization, Group 1: L2
+-------------------+----------+
|    Region Info    |  Core 0  |
+-------------------+----------+
| RDTSC Runtime [s] | 0.000512 |
|     call count    |        1 |
+-------------------+----------+

+-----------------------+---------+--------+
|         Event         | Counter | Core 0 |
+-----------------------+---------+--------+
|   INSTR_RETIRED_ANY   |  FIXC0  | 463643 |
| CPU_CLK_UNHALTED_CORE |  FIXC1  | 300913 |
|  CPU_CLK_UNHALTED_REF |  FIXC2  | 977400 |
|    L1D_REPLACEMENT    |   PMC0  |    483 |
|      L1D_M_EVICT      |   PMC1  |    248 |
| ICACHE_64B_IFTAG_MISS |   PMC2  |    642 |
+-----------------------+---------+--------+

+--------------------------------+--------------+
|             Metric             |    Core 0    |
+--------------------------------+--------------+
|       Runtime (RDTSC) [s]      |       0.0005 |
|      Runtime unhalted [s]      |       0.0001 |
|           Clock [MHz]          |     797.9968 |
|               CPI              |       0.6490 |
|  L2D load bandwidth [MBytes/s] |      60.3420 |
|  L2D load data volume [GBytes] | 3.091200e-05 |
| L2D evict bandwidth [MBytes/s] |      30.9830 |
| L2D evict data volume [GBytes] | 1.587200e-05 |
|     L2 bandwidth [MBytes/s]    |     171.5311 |
|     L2 data volume [GBytes]    |       0.0001 |
+--------------------------------+--------------+

Region Generation, Group 1: L2
+-------------------+----------+
|    Region Info    |  Core 0  |
+-------------------+----------+
| RDTSC Runtime [s] | 1.245221 |
|     call count    |  6000000 |
+-------------------+----------+

+-----------------------+---------+-------------+
|         Event         | Counter |    Core 0   |
+-----------------------+---------+-------------+
|   INSTR_RETIRED_ANY   |  FIXC0  | 22471490000 |
| CPU_CLK_UNHALTED_CORE |  FIXC1  | 56309030000 |
|  CPU_CLK_UNHALTED_REF |  FIXC2  | 47242690000 |
|    L1D_REPLACEMENT    |   PMC0  |  1273510000 |
|      L1D_M_EVICT      |   PMC1  |   390682500 |
| ICACHE_64B_IFTAG_MISS |   PMC2  |  2160896000 |
+-----------------------+---------+-------------+

+--------------------------------+-------------+
|             Metric             |    Core 0   |
+--------------------------------+-------------+
|       Runtime (RDTSC) [s]      |      1.2452 |
|      Runtime unhalted [s]      |     21.7243 |
|           Clock [MHz]          |   3089.4131 |
|               CPI              |      2.5058 |
|  L2D load bandwidth [MBytes/s] |  65453.9556 |
|  L2D load data volume [GBytes] |     81.5046 |
| L2D evict bandwidth [MBytes/s] |  20079.7128 |
| L2D evict data volume [GBytes] |     25.0037 |
|     L2 bandwidth [MBytes/s]    | 196596.1576 |
|     L2 data volume [GBytes]    |    244.8057 |
+--------------------------------+-------------+

Region Core, Group 1: L2
+-------------------+----------+
|    Region Info    |  Core 0  |
+-------------------+----------+
| RDTSC Runtime [s] | 0.028583 |
|     call count    |        1 |
+-------------------+----------+

+-----------------------+---------+-----------+
|         Event         | Counter |   Core 0  |
+-----------------------+---------+-----------+
|   INSTR_RETIRED_ANY   |  FIXC0  | 200883100 |
| CPU_CLK_UNHALTED_CORE |  FIXC1  |  86726650 |
|  CPU_CLK_UNHALTED_REF |  FIXC2  |  72724820 |
|    L1D_REPLACEMENT    |   PMC0  |    532995 |
|      L1D_M_EVICT      |   PMC1  |      2447 |
| ICACHE_64B_IFTAG_MISS |   PMC2  |      1520 |
+-----------------------+---------+-----------+

+--------------------------------+-----------+
|             Metric             |   Core 0  |
+--------------------------------+-----------+
|       Runtime (RDTSC) [s]      |    0.0286 |
|      Runtime unhalted [s]      |    0.0335 |
|           Clock [MHz]          | 3091.0246 |
|               CPI              |    0.4317 |
|  L2D load bandwidth [MBytes/s] | 1193.4292 |
|  L2D load data volume [GBytes] |    0.0341 |
| L2D evict bandwidth [MBytes/s] |    5.4791 |
| L2D evict data volume [GBytes] |    0.0002 |
|     L2 bandwidth [MBytes/s]    | 1202.3117 |
|     L2 data volume [GBytes]    |    0.0344 |
+--------------------------------+-----------+

--------------------------------------------------------------------------------
CPU name:	Intel(R) Core(TM) i7-6500U CPU @ 2.50GHz
CPU type:	Intel Skylake processor
CPU clock:	2.59 GHz
--------------------------------------------------------------------------------
Bloom Join
-----------------
2097152 Buckets 3 Hash Functions
Initialization: 0 ms 
Bloom Filter Generation: 316090 ms 
Join Core: 35 ms 
14829 linhas
316126 ms 

--------------------------------------------------------------------------------
Region Initialization, Group 1: L2
+-------------------+----------+
|    Region Info    |  Core 0  |
+-------------------+----------+
| RDTSC Runtime [s] | 0.000230 |
|     call count    |        1 |
+-------------------+----------+

+-----------------------+---------+--------+
|         Event         | Counter | Core 0 |
+-----------------------+---------+--------+
|   INSTR_RETIRED_ANY   |  FIXC0  | 463643 |
| CPU_CLK_UNHALTED_CORE |  FIXC1  | 301345 |
|  CPU_CLK_UNHALTED_REF |  FIXC2  | 461160 |
|    L1D_REPLACEMENT    |   PMC0  |    403 |
|      L1D_M_EVICT      |   PMC1  |    233 |
| ICACHE_64B_IFTAG_MISS |   PMC2  |    607 |
+-----------------------+---------+--------+

+--------------------------------+--------------+
|             Metric             |    Core 0    |
+--------------------------------+--------------+
|       Runtime (RDTSC) [s]      |       0.0002 |
|      Runtime unhalted [s]      |       0.0001 |
|           Clock [MHz]          |    1693.7349 |
|               CPI              |       0.6500 |
|  L2D load bandwidth [MBytes/s] |     112.0426 |
|  L2D load data volume [GBytes] | 2.579200e-05 |
| L2D evict bandwidth [MBytes/s] |      64.7790 |
| L2D evict data volume [GBytes] | 1.491200e-05 |
|     L2 bandwidth [MBytes/s]    |     345.5806 |
|     L2 data volume [GBytes]    |       0.0001 |
+--------------------------------+--------------+

Region Generation, Group 1: L2
+-------------------+----------+
|    Region Info    |  Core 0  |
+-------------------+----------+
| RDTSC Runtime [s] | 1.415783 |
|     call count    |  6000000 |
+-------------------+----------+

+-----------------------+---------+-------------+
|         Event         | Counter |    Core 0   |
+-----------------------+---------+-------------+
|   INSTR_RETIRED_ANY   |  FIXC0  | 22471490000 |
| CPU_CLK_UNHALTED_CORE |  FIXC1  | 52988670000 |
|  CPU_CLK_UNHALTED_REF |  FIXC2  | 50117660000 |
|    L1D_REPLACEMENT    |   PMC0  |  1181937000 |
|      L1D_M_EVICT      |   PMC1  |   374358000 |
| ICACHE_64B_IFTAG_MISS |   PMC2  |  2445798000 |
+-----------------------+---------+-------------+

+--------------------------------+-------------+
|             Metric             |    Core 0   |
+--------------------------------+-------------+
|       Runtime (RDTSC) [s]      |      1.4158 |
|      Runtime unhalted [s]      |     20.4432 |
|           Clock [MHz]          |   2740.4717 |
|               CPI              |      2.3580 |
|  L2D load bandwidth [MBytes/s] |  53429.0693 |
|  L2D load data volume [GBytes] |     75.6440 |
| L2D evict bandwidth [MBytes/s] |  16922.7290 |
| L2D evict data volume [GBytes] |     23.9589 |
|     L2 bandwidth [MBytes/s]    | 180913.2840 |
|     L2 data volume [GBytes]    |    256.1340 |
+--------------------------------+-------------+

Region Core, Group 1: L2
+-------------------+----------+
|    Region Info    |  Core 0  |
+-------------------+----------+
| RDTSC Runtime [s] | 0.035054 |
|     call count    |        1 |
+-------------------+----------+

+-----------------------+---------+-----------+
|         Event         | Counter |   Core 0  |
+-----------------------+---------+-----------+
|   INSTR_RETIRED_ANY   |  FIXC0  | 200883100 |
| CPU_CLK_UNHALTED_CORE |  FIXC1  |  86820760 |
|  CPU_CLK_UNHALTED_REF |  FIXC2  |  90226220 |
|    L1D_REPLACEMENT    |   PMC0  |    535662 |
|      L1D_M_EVICT      |   PMC1  |      2790 |
| ICACHE_64B_IFTAG_MISS |   PMC2  |      1634 |
+-----------------------+---------+-----------+

+--------------------------------+-----------+
|             Metric             |   Core 0  |
+--------------------------------+-----------+
|       Runtime (RDTSC) [s]      |    0.0351 |
|      Runtime unhalted [s]      |    0.0335 |
|           Clock [MHz]          | 2494.1577 |
|               CPI              |    0.4322 |
|  L2D load bandwidth [MBytes/s] |  977.9801 |
|  L2D load data volume [GBytes] |    0.0343 |
| L2D evict bandwidth [MBytes/s] |    5.0938 |
| L2D evict data volume [GBytes] |    0.0002 |
|     L2 bandwidth [MBytes/s]    |  986.0572 |
|     L2 data volume [GBytes]    |    0.0346 |
+--------------------------------+-----------+

--------------------------------------------------------------------------------
CPU name:	Intel(R) Core(TM) i7-6500U CPU @ 2.50GHz
CPU type:	Intel Skylake processor
CPU clock:	2.59 GHz
--------------------------------------------------------------------------------
Bloom Join
-----------------
2097152 Buckets 3 Hash Functions
Initialization: 1 ms 
Bloom Filter Generation: 341869 ms 
Join Core: 35 ms 
14829 linhas
341906 ms 

--------------------------------------------------------------------------------
Region Initialization, Group 1: L2
+-------------------+----------+
|    Region Info    |  Core 0  |
+-------------------+----------+
| RDTSC Runtime [s] | 0.000499 |
|     call count    |        1 |
+-------------------+----------+

+-----------------------+---------+---------+
|         Event         | Counter |  Core 0 |
+-----------------------+---------+---------+
|   INSTR_RETIRED_ANY   |  FIXC0  |  463643 |
| CPU_CLK_UNHALTED_CORE |  FIXC1  |  310123 |
|  CPU_CLK_UNHALTED_REF |  FIXC2  | 1006668 |
|    L1D_REPLACEMENT    |   PMC0  |     411 |
|      L1D_M_EVICT      |   PMC1  |     236 |
| ICACHE_64B_IFTAG_MISS |   PMC2  |     609 |
+-----------------------+---------+---------+

+--------------------------------+--------------+
|             Metric             |    Core 0    |
+--------------------------------+--------------+
|       Runtime (RDTSC) [s]      |       0.0005 |
|      Runtime unhalted [s]      |       0.0001 |
|           Clock [MHz]          |     798.5115 |
|               CPI              |       0.6689 |
|  L2D load bandwidth [MBytes/s] |      52.7395 |
|  L2D load data volume [GBytes] | 2.630400e-05 |
| L2D evict bandwidth [MBytes/s] |      30.2835 |
| L2D evict data volume [GBytes] | 1.510400e-05 |
|     L2 bandwidth [MBytes/s]    |     161.1698 |
|     L2 data volume [GBytes]    |       0.0001 |
+--------------------------------+--------------+

Region Generation, Group 1: L2
+-------------------+----------+
|    Region Info    |  Core 0  |
+-------------------+----------+
| RDTSC Runtime [s] | 1.479816 |
|     call count    |  6000000 |
+-------------------+----------+

+-----------------------+---------+-------------+
|         Event         | Counter |    Core 0   |
+-----------------------+---------+-------------+
|   INSTR_RETIRED_ANY   |  FIXC0  | 22471490000 |
| CPU_CLK_UNHALTED_CORE |  FIXC1  | 54103740000 |
|  CPU_CLK_UNHALTED_REF |  FIXC2  | 56227580000 |
|    L1D_REPLACEMENT    |   PMC0  |  1235399000 |
|      L1D_M_EVICT      |   PMC1  |   375922000 |
| ICACHE_64B_IFTAG_MISS |   PMC2  |  2642849000 |
+-----------------------+---------+-------------+

+--------------------------------+-------------+
|             Metric             |    Core 0   |
+--------------------------------+-------------+
|       Runtime (RDTSC) [s]      |      1.4798 |
|      Runtime unhalted [s]      |     20.8734 |
|           Clock [MHz]          |   2494.0856 |
|               CPI              |      2.4077 |
|  L2D load bandwidth [MBytes/s] |  53429.3020 |
|  L2D load data volume [GBytes] |     79.0655 |
| L2D evict bandwidth [MBytes/s] |  16258.1078 |
| L2D evict data volume [GBytes] |     24.0590 |
|     L2 bandwidth [MBytes/s]    | 183986.9822 |
|     L2 data volume [GBytes]    |    272.2669 |
+--------------------------------+-------------+

Region Core, Group 1: L2
+-------------------+----------+
|    Region Info    |  Core 0  |
+-------------------+----------+
| RDTSC Runtime [s] | 0.035032 |
|     call count    |        1 |
+-------------------+----------+

+-----------------------+---------+-----------+
|         Event         | Counter |   Core 0  |
+-----------------------+---------+-----------+
|   INSTR_RETIRED_ANY   |  FIXC0  | 200883100 |
| CPU_CLK_UNHALTED_CORE |  FIXC1  |  86456380 |
|  CPU_CLK_UNHALTED_REF |  FIXC2  |  89847250 |
|    L1D_REPLACEMENT    |   PMC0  |    532634 |
|      L1D_M_EVICT      |   PMC1  |      2383 |
| ICACHE_64B_IFTAG_MISS |   PMC2  |      1344 |
+-----------------------+---------+-----------+

+--------------------------------+-----------+
|             Metric             |   Core 0  |
+--------------------------------+-----------+
|       Runtime (RDTSC) [s]      |    0.0350 |
|      Runtime unhalted [s]      |    0.0334 |
|           Clock [MHz]          | 2494.1681 |
|               CPI              |    0.4304 |
|  L2D load bandwidth [MBytes/s] |  973.0763 |
|  L2D load data volume [GBytes] |    0.0341 |
| L2D evict bandwidth [MBytes/s] |    4.3535 |
| L2D evict data volume [GBytes] |    0.0002 |
|     L2 bandwidth [MBytes/s]    |  979.8852 |
|     L2 data volume [GBytes]    |    0.0343 |
+--------------------------------+-----------+

--------------------------------------------------------------------------------
CPU name:	Intel(R) Core(TM) i7-6500U CPU @ 2.50GHz
CPU type:	Intel Skylake processor
CPU clock:	2.59 GHz
--------------------------------------------------------------------------------
Bloom Join
-----------------
2097152 Buckets 3 Hash Functions
Initialization: 0 ms 
Bloom Filter Generation: 338978 ms 
Join Core: 29 ms 
14829 linhas
339008 ms 

--------------------------------------------------------------------------------
Region Initialization, Group 1: L2
+-------------------+----------+
|    Region Info    |  Core 0  |
+-------------------+----------+
| RDTSC Runtime [s] | 0.000164 |
|     call count    |        1 |
+-------------------+----------+

+-----------------------+---------+--------+
|         Event         | Counter | Core 0 |
+-----------------------+---------+--------+
|   INSTR_RETIRED_ANY   |  FIXC0  | 463643 |
| CPU_CLK_UNHALTED_CORE |  FIXC1  | 303647 |
|  CPU_CLK_UNHALTED_REF |  FIXC2  | 328104 |
|    L1D_REPLACEMENT    |   PMC0  |    420 |
|      L1D_M_EVICT      |   PMC1  |    236 |
| ICACHE_64B_IFTAG_MISS |   PMC2  |    671 |
+-----------------------+---------+--------+

+--------------------------------+--------------+
|             Metric             |    Core 0    |
+--------------------------------+--------------+
|       Runtime (RDTSC) [s]      |       0.0002 |
|      Runtime unhalted [s]      |       0.0001 |
|           Clock [MHz]          |    2398.7236 |
|               CPI              |       0.6549 |
|  L2D load bandwidth [MBytes/s] |     163.5106 |
|  L2D load data volume [GBytes] | 2.688000e-05 |
| L2D evict bandwidth [MBytes/s] |      91.8774 |
| L2D evict data volume [GBytes] | 1.510400e-05 |
|     L2 bandwidth [MBytes/s]    |     516.6157 |
|     L2 data volume [GBytes]    |       0.0001 |
+--------------------------------+--------------+

Region Generation, Group 1: L2
+-------------------+----------+
|    Region Info    |  Core 0  |
+-------------------+----------+
| RDTSC Runtime [s] | 1.514779 |
|     call count    |  6000000 |
+-------------------+----------+

+-----------------------+---------+-------------+
|         Event         | Counter |    Core 0   |
+-----------------------+---------+-------------+
|   INSTR_RETIRED_ANY   |  FIXC0  | 22471490000 |
| CPU_CLK_UNHALTED_CORE |  FIXC1  | 51756320000 |
|  CPU_CLK_UNHALTED_REF |  FIXC2  | 53533550000 |
|    L1D_REPLACEMENT    |   PMC0  |  1206963000 |
|      L1D_M_EVICT      |   PMC1  |   347260400 |
| ICACHE_64B_IFTAG_MISS |   PMC2  |  2260837000 |
+-----------------------+---------+-------------+

+--------------------------------+-------------+
|             Metric             |    Core 0   |
+--------------------------------+-------------+
|       Runtime (RDTSC) [s]      |      1.5148 |
|      Runtime unhalted [s]      |     19.9683 |
|           Clock [MHz]          |   2505.8790 |
|               CPI              |      2.3032 |
|  L2D load bandwidth [MBytes/s] |  50994.6547 |
|  L2D load data volume [GBytes] |     77.2456 |
| L2D evict bandwidth [MBytes/s] |  14671.8865 |
| L2D evict data volume [GBytes] |     22.2247 |
|     L2 bandwidth [MBytes/s]    | 161187.7809 |
|     L2 data volume [GBytes]    |    244.1639 |
+--------------------------------+-------------+

Region Core, Group 1: L2
+-------------------+----------+
|    Region Info    |  Core 0  |
+-------------------+----------+
| RDTSC Runtime [s] | 0.028963 |
|     call count    |        1 |
+-------------------+----------+

+-----------------------+---------+-----------+
|         Event         | Counter |   Core 0  |
+-----------------------+---------+-----------+
|   INSTR_RETIRED_ANY   |  FIXC0  | 200883100 |
| CPU_CLK_UNHALTED_CORE |  FIXC1  |  87086470 |
|  CPU_CLK_UNHALTED_REF |  FIXC2  |  73037050 |
|    L1D_REPLACEMENT    |   PMC0  |    533538 |
|      L1D_M_EVICT      |   PMC1  |      2489 |
| ICACHE_64B_IFTAG_MISS |   PMC2  |      1385 |
+-----------------------+---------+-----------+

+--------------------------------+-----------+
|             Metric             |   Core 0  |
+--------------------------------+-----------+
|       Runtime (RDTSC) [s]      |    0.0290 |
|      Runtime unhalted [s]      |    0.0336 |
|           Clock [MHz]          | 3090.5104 |
|               CPI              |    0.4335 |
|  L2D load bandwidth [MBytes/s] | 1178.9556 |
|  L2D load data volume [GBytes] |    0.0341 |
| L2D evict bandwidth [MBytes/s] |    5.4999 |
| L2D evict data volume [GBytes] |    0.0002 |
|     L2 bandwidth [MBytes/s]    | 1187.5159 |
|     L2 data volume [GBytes]    |    0.0344 |
+--------------------------------+-----------+

--------------------------------------------------------------------------------
CPU name:	Intel(R) Core(TM) i7-6500U CPU @ 2.50GHz
CPU type:	Intel Skylake processor
CPU clock:	2.59 GHz
--------------------------------------------------------------------------------
Bloom Join
-----------------
2097152 Buckets 3 Hash Functions
Initialization: 1 ms 
Bloom Filter Generation: 336049 ms 
Join Core: 35 ms 
14829 linhas
336087 ms 

--------------------------------------------------------------------------------
Region Initialization, Group 1: L2
+-------------------+----------+
|    Region Info    |  Core 0  |
+-------------------+----------+
| RDTSC Runtime [s] | 0.000499 |
|     call count    |        1 |
+-------------------+----------+

+-----------------------+---------+---------+
|         Event         | Counter |  Core 0 |
+-----------------------+---------+---------+
|   INSTR_RETIRED_ANY   |  FIXC0  |  463659 |
| CPU_CLK_UNHALTED_CORE |  FIXC1  |  310205 |
|  CPU_CLK_UNHALTED_REF |  FIXC2  | 1007424 |
|    L1D_REPLACEMENT    |   PMC0  |     411 |
|      L1D_M_EVICT      |   PMC1  |     230 |
| ICACHE_64B_IFTAG_MISS |   PMC2  |     688 |
+-----------------------+---------+---------+

+--------------------------------+--------------+
|             Metric             |    Core 0    |
+--------------------------------+--------------+
|       Runtime (RDTSC) [s]      |       0.0005 |
|      Runtime unhalted [s]      |       0.0001 |
|           Clock [MHz]          |     797.9683 |
|               CPI              |       0.6690 |
|  L2D load bandwidth [MBytes/s] |      52.7181 |
|  L2D load data volume [GBytes] | 2.630400e-05 |
| L2D evict bandwidth [MBytes/s] |      29.5016 |
| L2D evict data volume [GBytes] | 1.472000e-05 |
|     L2 bandwidth [MBytes/s]    |     170.4680 |
|     L2 data volume [GBytes]    |       0.0001 |
+--------------------------------+--------------+

Region Generation, Group 1: L2
+-------------------+----------+
|    Region Info    |  Core 0  |
+-------------------+----------+
| RDTSC Runtime [s] | 1.513381 |
|     call count    |  6000000 |
+-------------------+----------+

+-----------------------+---------+-------------+
|         Event         | Counter |    Core 0   |
+-----------------------+---------+-------------+
|   INSTR_RETIRED_ANY   |  FIXC0  | 22471490000 |
| CPU_CLK_UNHALTED_CORE |  FIXC1  | 51386090000 |
|  CPU_CLK_UNHALTED_REF |  FIXC2  | 53403930000 |
|    L1D_REPLACEMENT    |   PMC0  |  1232192000 |
|      L1D_M_EVICT      |   PMC1  |   373593400 |
| ICACHE_64B_IFTAG_MISS |   PMC2  |  2253237000 |
+-----------------------+---------+-------------+

+--------------------------------+-------------+
|             Metric             |    Core 0   |
+--------------------------------+-------------+
|       Runtime (RDTSC) [s]      |      1.5134 |
|      Runtime unhalted [s]      |     19.8288 |
|           Clock [MHz]          |   2493.5697 |
|               CPI              |      2.2867 |
|  L2D load bandwidth [MBytes/s] |  52108.6812 |
|  L2D load data volume [GBytes] |     78.8603 |
| L2D evict bandwidth [MBytes/s] |  15799.0470 |
| L2D evict data volume [GBytes] |     23.9100 |
|     L2 bandwidth [MBytes/s]    | 163195.8070 |
|     L2 data volume [GBytes]    |    246.9774 |
+--------------------------------+-------------+

Region Core, Group 1: L2
+-------------------+----------+
|    Region Info    |  Core 0  |
+-------------------+----------+
| RDTSC Runtime [s] | 0.035194 |
|     call count    |        1 |
+-------------------+----------+

+-----------------------+---------+-----------+
|         Event         | Counter |   Core 0  |
+-----------------------+---------+-----------+
|   INSTR_RETIRED_ANY   |  FIXC0  | 200883100 |
| CPU_CLK_UNHALTED_CORE |  FIXC1  |  86992470 |
|  CPU_CLK_UNHALTED_REF |  FIXC2  |  90403990 |
|    L1D_REPLACEMENT    |   PMC0  |    532894 |
|      L1D_M_EVICT      |   PMC1  |      2728 |
| ICACHE_64B_IFTAG_MISS |   PMC2  |      1730 |
+-----------------------+---------+-----------+

+--------------------------------+-----------+
|             Metric             |   Core 0  |
+--------------------------------+-----------+
|       Runtime (RDTSC) [s]      |    0.0352 |
|      Runtime unhalted [s]      |    0.0336 |
|           Clock [MHz]          | 2493.6943 |
|               CPI              |    0.4331 |
|  L2D load bandwidth [MBytes/s] |  969.0612 |
|  L2D load data volume [GBytes] |    0.0341 |
| L2D evict bandwidth [MBytes/s] |    4.9608 |
| L2D evict data volume [GBytes] |    0.0002 |
|     L2 bandwidth [MBytes/s]    |  977.1680 |
|     L2 data volume [GBytes]    |    0.0344 |
+--------------------------------+-----------+

--------------------------------------------------------------------------------
CPU name:	Intel(R) Core(TM) i7-6500U CPU @ 2.50GHz
CPU type:	Intel Skylake processor
CPU clock:	2.59 GHz
--------------------------------------------------------------------------------
Bloom Join
-----------------
2097152 Buckets 3 Hash Functions
Initialization: 1 ms 
Bloom Filter Generation: 350444 ms 
Join Core: 35 ms 
14829 linhas
350482 ms 

--------------------------------------------------------------------------------
Region Initialization, Group 1: L2
+-------------------+----------+
|    Region Info    |  Core 0  |
+-------------------+----------+
| RDTSC Runtime [s] | 0.000527 |
|     call count    |        1 |
+-------------------+----------+

+-----------------------+---------+---------+
|         Event         | Counter |  Core 0 |
+-----------------------+---------+---------+
|   INSTR_RETIRED_ANY   |  FIXC0  |  463644 |
| CPU_CLK_UNHALTED_CORE |  FIXC1  |  310490 |
|  CPU_CLK_UNHALTED_REF |  FIXC2  | 1008720 |
|    L1D_REPLACEMENT    |   PMC0  |     502 |
|      L1D_M_EVICT      |   PMC1  |     271 |
| ICACHE_64B_IFTAG_MISS |   PMC2  |     723 |
+-----------------------+---------+---------+

+--------------------------------+--------------+
|             Metric             |    Core 0    |
+--------------------------------+--------------+
|       Runtime (RDTSC) [s]      |       0.0005 |
|      Runtime unhalted [s]      |       0.0001 |
|           Clock [MHz]          |     797.8297 |
|               CPI              |       0.6697 |
|  L2D load bandwidth [MBytes/s] |      60.9200 |
|  L2D load data volume [GBytes] | 3.212800e-05 |
| L2D evict bandwidth [MBytes/s] |      32.8871 |
| L2D evict data volume [GBytes] | 1.734400e-05 |
|     L2 bandwidth [MBytes/s]    |     181.5465 |
|     L2 data volume [GBytes]    |       0.0001 |
+--------------------------------+--------------+

Region Generation, Group 1: L2
+-------------------+----------+
|    Region Info    |  Core 0  |
+-------------------+----------+
| RDTSC Runtime [s] | 1.752347 |
|     call count    |  6000000 |
+-------------------+----------+

+-----------------------+---------+-------------+
|         Event         | Counter |    Core 0   |
+-----------------------+---------+-------------+
|   INSTR_RETIRED_ANY   |  FIXC0  | 22471580000 |
| CPU_CLK_UNHALTED_CORE |  FIXC1  | 56375750000 |
|  CPU_CLK_UNHALTED_REF |  FIXC2  | 58024000000 |
|    L1D_REPLACEMENT    |   PMC0  |  1300389000 |
|      L1D_M_EVICT      |   PMC1  |   434623700 |
| ICACHE_64B_IFTAG_MISS |   PMC2  |  2392678000 |
+-----------------------+---------+-------------+

+--------------------------------+-------------+
|             Metric             |    Core 0   |
+--------------------------------+-------------+
|       Runtime (RDTSC) [s]      |      1.7523 |
|      Runtime unhalted [s]      |     21.7500 |
|           Clock [MHz]          |   2518.3605 |
|               CPI              |      2.5088 |
|  L2D load bandwidth [MBytes/s] |  47493.3880 |
|  L2D load data volume [GBytes] |     83.2249 |
| L2D evict bandwidth [MBytes/s] |  15873.5209 |
| L2D evict data volume [GBytes] |     27.8159 |
|     L2 bandwidth [MBytes/s]    | 150753.3638 |
|     L2 data volume [GBytes]    |    264.1722 |
+--------------------------------+-------------+

Region Core, Group 1: L2
+-------------------+----------+
|    Region Info    |  Core 0  |
+-------------------+----------+
| RDTSC Runtime [s] | 0.034995 |
|     call count    |        1 |
+-------------------+----------+

+-----------------------+---------+-----------+
|         Event         | Counter |   Core 0  |
+-----------------------+---------+-----------+
|   INSTR_RETIRED_ANY   |  FIXC0  | 200883200 |
| CPU_CLK_UNHALTED_CORE |  FIXC1  |  86728770 |
|  CPU_CLK_UNHALTED_REF |  FIXC2  |  90130100 |
|    L1D_REPLACEMENT    |   PMC0  |    533799 |
|      L1D_M_EVICT      |   PMC1  |      3033 |
| ICACHE_64B_IFTAG_MISS |   PMC2  |      1720 |
+-----------------------+---------+-----------+

+--------------------------------+-----------+
|             Metric             |   Core 0  |
+--------------------------------+-----------+
|       Runtime (RDTSC) [s]      |    0.0350 |
|      Runtime unhalted [s]      |    0.0335 |
|           Clock [MHz]          | 2494.1729 |
|               CPI              |    0.4317 |
|  L2D load bandwidth [MBytes/s] |  976.2397 |
|  L2D load data volume [GBytes] |    0.0342 |
| L2D evict bandwidth [MBytes/s] |    5.5469 |
| L2D evict data volume [GBytes] |    0.0002 |
|     L2 bandwidth [MBytes/s]    |  984.9322 |
|     L2 data volume [GBytes]    |    0.0345 |
+--------------------------------+-----------+

--------------------------------------------------------------------------------
CPU name:	Intel(R) Core(TM) i7-6500U CPU @ 2.50GHz
CPU type:	Intel Skylake processor
CPU clock:	2.59 GHz
--------------------------------------------------------------------------------
Bloom Join
-----------------
2097152 Buckets 3 Hash Functions
Initialization: 1 ms 
Bloom Filter Generation: 344752 ms 
Join Core: 35 ms 
14829 linhas
344790 ms 

--------------------------------------------------------------------------------
Region Initialization, Group 1: L2
+-------------------+----------+
|    Region Info    |  Core 0  |
+-------------------+----------+
| RDTSC Runtime [s] | 0.000497 |
|     call count    |        1 |
+-------------------+----------+

+-----------------------+---------+---------+
|         Event         | Counter |  Core 0 |
+-----------------------+---------+---------+
|   INSTR_RETIRED_ANY   |  FIXC0  |  463643 |
| CPU_CLK_UNHALTED_CORE |  FIXC1  |  311037 |
|  CPU_CLK_UNHALTED_REF |  FIXC2  | 1010556 |
|    L1D_REPLACEMENT    |   PMC0  |     421 |
|      L1D_M_EVICT      |   PMC1  |     230 |
| ICACHE_64B_IFTAG_MISS |   PMC2  |     672 |
+-----------------------+---------+---------+

+--------------------------------+--------------+
|             Metric             |    Core 0    |
+--------------------------------+--------------+
|       Runtime (RDTSC) [s]      |       0.0005 |
|      Runtime unhalted [s]      |       0.0001 |
|           Clock [MHz]          |     797.7650 |
|               CPI              |       0.6709 |
|  L2D load bandwidth [MBytes/s] |      54.1935 |
|  L2D load data volume [GBytes] | 2.694400e-05 |
| L2D evict bandwidth [MBytes/s] |      29.6069 |
| L2D evict data volume [GBytes] | 1.472000e-05 |
|     L2 bandwidth [MBytes/s]    |     170.3039 |
|     L2 data volume [GBytes]    |       0.0001 |
+--------------------------------+--------------+

Region Generation, Group 1: L2
+-------------------+----------+
|    Region Info    |  Core 0  |
+-------------------+----------+
| RDTSC Runtime [s] | 1.548347 |
|     call count    |  6000000 |
+-------------------+----------+

+-----------------------+---------+-------------+
|         Event         | Counter |    Core 0   |
+-----------------------+---------+-------------+
|   INSTR_RETIRED_ANY   |  FIXC0  | 22471490000 |
| CPU_CLK_UNHALTED_CORE |  FIXC1  | 51902700000 |
|  CPU_CLK_UNHALTED_REF |  FIXC2  | 53939890000 |
|    L1D_REPLACEMENT    |   PMC0  |  1161990000 |
|      L1D_M_EVICT      |   PMC1  |   357329600 |
| ICACHE_64B_IFTAG_MISS |   PMC2  |  2386795000 |
+-----------------------+---------+-------------+

+--------------------------------+-------------+
|             Metric             |    Core 0   |
+--------------------------------+-------------+
|       Runtime (RDTSC) [s]      |      1.5483 |
|      Runtime unhalted [s]      |     20.0247 |
|           Clock [MHz]          |   2494.0387 |
|               CPI              |      2.3097 |
|  L2D load bandwidth [MBytes/s] |  48030.1638 |
|  L2D load data volume [GBytes] |     74.3674 |
| L2D evict bandwidth [MBytes/s] |  14770.0059 |
| L2D evict data volume [GBytes] |     22.8691 |
|     L2 bandwidth [MBytes/s]    | 161456.9179 |
|     L2 data volume [GBytes]    |    249.9913 |
+--------------------------------+-------------+

Region Core, Group 1: L2
+-------------------+----------+
|    Region Info    |  Core 0  |
+-------------------+----------+
| RDTSC Runtime [s] | 0.035055 |
|     call count    |        1 |
+-------------------+----------+

+-----------------------+---------+-----------+
|         Event         | Counter |   Core 0  |
+-----------------------+---------+-----------+
|   INSTR_RETIRED_ANY   |  FIXC0  | 200883100 |
| CPU_CLK_UNHALTED_CORE |  FIXC1  |  86727750 |
|  CPU_CLK_UNHALTED_REF |  FIXC2  |  90128700 |
|    L1D_REPLACEMENT    |   PMC0  |    532975 |
|      L1D_M_EVICT      |   PMC1  |      2583 |
| ICACHE_64B_IFTAG_MISS |   PMC2  |      1398 |
+-----------------------+---------+-----------+

+--------------------------------+-----------+
|             Metric             |   Core 0  |
+--------------------------------+-----------+
|       Runtime (RDTSC) [s]      |    0.0351 |
|      Runtime unhalted [s]      |    0.0335 |
|           Clock [MHz]          | 2494.1253 |
|               CPI              |    0.4317 |
|  L2D load bandwidth [MBytes/s] |  973.0590 |
|  L2D load data volume [GBytes] |    0.0341 |
| L2D evict bandwidth [MBytes/s] |    4.7158 |
| L2D evict data volume [GBytes] |    0.0002 |
|     L2 bandwidth [MBytes/s]    |  980.3272 |
|     L2 data volume [GBytes]    |    0.0344 |
+--------------------------------+-----------+

--------------------------------------------------------------------------------
CPU name:	Intel(R) Core(TM) i7-6500U CPU @ 2.50GHz
CPU type:	Intel Skylake processor
CPU clock:	2.59 GHz
--------------------------------------------------------------------------------
Bloom Join
-----------------
2097152 Buckets 3 Hash Functions
Initialization: 1 ms 
Bloom Filter Generation: 309613 ms 
Join Core: 35 ms 
14829 linhas
309651 ms 

--------------------------------------------------------------------------------
Region Initialization, Group 1: L3
+-------------------+----------+
|    Region Info    |  Core 0  |
+-------------------+----------+
| RDTSC Runtime [s] | 0.000506 |
|     call count    |        1 |
+-------------------+----------+

+-----------------------+---------+---------+
|         Event         | Counter |  Core 0 |
+-----------------------+---------+---------+
|   INSTR_RETIRED_ANY   |  FIXC0  |  463550 |
| CPU_CLK_UNHALTED_CORE |  FIXC1  |  317268 |
|  CPU_CLK_UNHALTED_REF |  FIXC2  | 1030212 |
|    L2_LINES_IN_ALL    |   PMC0  |     733 |
|     L2_TRANS_L2_WB    |   PMC1  |     143 |
+-----------------------+---------+---------+

+-------------------------------+--------------+
|             Metric            |    Core 0    |
+-------------------------------+--------------+
|      Runtime (RDTSC) [s]      |       0.0005 |
|      Runtime unhalted [s]     |       0.0001 |
|          Clock [MHz]          |     798.1871 |
|              CPI              |       0.6844 |
|  L3 load bandwidth [MBytes/s] |      92.7870 |
|  L3 load data volume [GBytes] | 4.691200e-05 |
| L3 evict bandwidth [MBytes/s] |      18.1017 |
| L3 evict data volume [GBytes] | 9.152000e-06 |
|    L3 bandwidth [MBytes/s]    |     110.8887 |
|    L3 data volume [GBytes]    |       0.0001 |
+-------------------------------+--------------+

Region Generation, Group 1: L3
+-------------------+----------+
|    Region Info    |  Core 0  |
+-------------------+----------+
| RDTSC Runtime [s] | 1.551429 |
|     call count    |  6000000 |
+-------------------+----------+

+-----------------------+---------+-------------+
|         Event         | Counter |    Core 0   |
+-----------------------+---------+-------------+
|   INSTR_RETIRED_ANY   |  FIXC0  | 21913490000 |
| CPU_CLK_UNHALTED_CORE |  FIXC1  | 53612480000 |
|  CPU_CLK_UNHALTED_REF |  FIXC2  | 55717370000 |
|    L2_LINES_IN_ALL    |   PMC0  |   753163000 |
|     L2_TRANS_L2_WB    |   PMC1  |   128030900 |
+-----------------------+---------+-------------+

+-------------------------------+------------+
|             Metric            |   Core 0   |
+-------------------------------+------------+
|      Runtime (RDTSC) [s]      |     1.5514 |
|      Runtime unhalted [s]     |    20.6853 |
|          Clock [MHz]          |  2493.9075 |
|              CPI              |     2.4466 |
|  L3 load bandwidth [MBytes/s] | 31069.6990 |
|  L3 load data volume [GBytes] |    48.2024 |
| L3 evict bandwidth [MBytes/s] |  5281.5679 |
| L3 evict data volume [GBytes] |     8.1940 |
|    L3 bandwidth [MBytes/s]    | 36351.2669 |
|    L3 data volume [GBytes]    |    56.3964 |
+-------------------------------+------------+

Region Core, Group 1: L3
+-------------------+----------+
|    Region Info    |  Core 0  |
+-------------------+----------+
| RDTSC Runtime [s] | 0.035116 |
|     call count    |        1 |
+-------------------+----------+

+-----------------------+---------+-----------+
|         Event         | Counter |   Core 0  |
+-----------------------+---------+-----------+
|   INSTR_RETIRED_ANY   |  FIXC0  | 200883100 |
| CPU_CLK_UNHALTED_CORE |  FIXC1  |  86752360 |
|  CPU_CLK_UNHALTED_REF |  FIXC2  |  90154080 |
|    L2_LINES_IN_ALL    |   PMC0  |    354112 |
|     L2_TRANS_L2_WB    |   PMC1  |     39810 |
+-----------------------+---------+-----------+

+-------------------------------+-----------+
|             Metric            |   Core 0  |
+-------------------------------+-----------+
|      Runtime (RDTSC) [s]      |    0.0351 |
|      Runtime unhalted [s]     |    0.0335 |
|          Clock [MHz]          | 2494.0260 |
|              CPI              |    0.4319 |
|  L3 load bandwidth [MBytes/s] |  645.3891 |
|  L3 load data volume [GBytes] |    0.0227 |
| L3 evict bandwidth [MBytes/s] |   72.5560 |
| L3 evict data volume [GBytes] |    0.0025 |
|    L3 bandwidth [MBytes/s]    |  717.9451 |
|    L3 data volume [GBytes]    |    0.0252 |
+-------------------------------+-----------+

--------------------------------------------------------------------------------
CPU name:	Intel(R) Core(TM) i7-6500U CPU @ 2.50GHz
CPU type:	Intel Skylake processor
CPU clock:	2.59 GHz
--------------------------------------------------------------------------------
Bloom Join
-----------------
2097152 Buckets 3 Hash Functions
Initialization: 1 ms 
Bloom Filter Generation: 306841 ms 
Join Core: 36 ms 
14829 linhas
306880 ms 

--------------------------------------------------------------------------------
Region Initialization, Group 1: L3
+-------------------+----------+
|    Region Info    |  Core 0  |
+-------------------+----------+
| RDTSC Runtime [s] | 0.000489 |
|     call count    |        1 |
+-------------------+----------+

+-----------------------+---------+--------+
|         Event         | Counter | Core 0 |
+-----------------------+---------+--------+
|   INSTR_RETIRED_ANY   |  FIXC0  | 463550 |
| CPU_CLK_UNHALTED_CORE |  FIXC1  | 295842 |
|  CPU_CLK_UNHALTED_REF |  FIXC2  | 959904 |
|    L2_LINES_IN_ALL    |   PMC0  |    791 |
|     L2_TRANS_L2_WB    |   PMC1  |    190 |
+-----------------------+---------+--------+

+-------------------------------+--------------+
|             Metric            |    Core 0    |
+-------------------------------+--------------+
|      Runtime (RDTSC) [s]      |       0.0005 |
|      Runtime unhalted [s]     |       0.0001 |
|          Clock [MHz]          |     798.8505 |
|              CPI              |       0.6382 |
|  L3 load bandwidth [MBytes/s] |     103.5524 |
|  L3 load data volume [GBytes] |       0.0001 |
| L3 evict bandwidth [MBytes/s] |      24.8735 |
| L3 evict data volume [GBytes] | 1.216000e-05 |
|    L3 bandwidth [MBytes/s]    |     128.4259 |
|    L3 data volume [GBytes]    |       0.0001 |
+-------------------------------+--------------+

Region Generation, Group 1: L3
+-------------------+----------+
|    Region Info    |  Core 0  |
+-------------------+----------+
| RDTSC Runtime [s] | 1.591772 |
|     call count    |  6000000 |
+-------------------+----------+

+-----------------------+---------+-------------+
|         Event         | Counter |    Core 0   |
+-----------------------+---------+-------------+
|   INSTR_RETIRED_ANY   |  FIXC0  | 21913490000 |
| CPU_CLK_UNHALTED_CORE |  FIXC1  | 52661080000 |
|  CPU_CLK_UNHALTED_REF |  FIXC2  | 54728330000 |
|    L2_LINES_IN_ALL    |   PMC0  |  1035189000 |
|     L2_TRANS_L2_WB    |   PMC1  |   159902500 |
+-----------------------+---------+-------------+

+-------------------------------+------------+
|             Metric            |   Core 0   |
+-------------------------------+------------+
|      Runtime (RDTSC) [s]      |     1.5918 |
|      Runtime unhalted [s]     |    20.3168 |
|          Clock [MHz]          |  2494.0837 |
|              CPI              |     2.4031 |
|  L3 load bandwidth [MBytes/s] | 41621.5991 |
|  L3 load data volume [GBytes] |    66.2521 |
| L3 evict bandwidth [MBytes/s] |  6429.1620 |
| L3 evict data volume [GBytes] |    10.2338 |
|    L3 bandwidth [MBytes/s]    | 48050.7610 |
|    L3 data volume [GBytes]    |    76.4859 |
+-------------------------------+------------+

Region Core, Group 1: L3
+-------------------+----------+
|    Region Info    |  Core 0  |
+-------------------+----------+
| RDTSC Runtime [s] | 0.036701 |
|     call count    |        1 |
+-------------------+----------+

+-----------------------+---------+-----------+
|         Event         | Counter |   Core 0  |
+-----------------------+---------+-----------+
|   INSTR_RETIRED_ANY   |  FIXC0  | 200883100 |
| CPU_CLK_UNHALTED_CORE |  FIXC1  |  90487010 |
|  CPU_CLK_UNHALTED_REF |  FIXC2  |  94035710 |
|    L2_LINES_IN_ALL    |   PMC0  |    354209 |
|     L2_TRANS_L2_WB    |   PMC1  |     52099 |
+-----------------------+---------+-----------+

+-------------------------------+-----------+
|             Metric            |   Core 0  |
+-------------------------------+-----------+
|      Runtime (RDTSC) [s]      |    0.0367 |
|      Runtime unhalted [s]     |    0.0349 |
|          Clock [MHz]          | 2494.1748 |
|              CPI              |    0.4504 |
|  L3 load bandwidth [MBytes/s] |  617.6824 |
|  L3 load data volume [GBytes] |    0.0227 |
| L3 evict bandwidth [MBytes/s] |   90.8521 |
| L3 evict data volume [GBytes] |    0.0033 |
|    L3 bandwidth [MBytes/s]    |  708.5345 |
|    L3 data volume [GBytes]    |    0.0260 |
+-------------------------------+-----------+

--------------------------------------------------------------------------------
CPU name:	Intel(R) Core(TM) i7-6500U CPU @ 2.50GHz
CPU type:	Intel Skylake processor
CPU clock:	2.59 GHz
--------------------------------------------------------------------------------
Bloom Join
-----------------
2097152 Buckets 3 Hash Functions
Initialization: 1 ms 
Bloom Filter Generation: 314661 ms 
Join Core: 36 ms 
14829 linhas
314700 ms 

--------------------------------------------------------------------------------
Region Initialization, Group 1: L3
+-------------------+----------+
|    Region Info    |  Core 0  |
+-------------------+----------+
| RDTSC Runtime [s] | 0.000536 |
|     call count    |        1 |
+-------------------+----------+

+-----------------------+---------+---------+
|         Event         | Counter |  Core 0 |
+-----------------------+---------+---------+
|   INSTR_RETIRED_ANY   |  FIXC0  |  463551 |
| CPU_CLK_UNHALTED_CORE |  FIXC1  |  333595 |
|  CPU_CLK_UNHALTED_REF |  FIXC2  | 1083780 |
|    L2_LINES_IN_ALL    |   PMC0  |    1255 |
|     L2_TRANS_L2_WB    |   PMC1  |     392 |
+-----------------------+---------+---------+

+-------------------------------+--------------+
|             Metric            |    Core 0    |
+-------------------------------+--------------+
|      Runtime (RDTSC) [s]      |       0.0005 |
|      Runtime unhalted [s]     |       0.0001 |
|          Clock [MHz]          |     797.8302 |
|              CPI              |       0.7197 |
|  L3 load bandwidth [MBytes/s] |     149.9455 |
|  L3 load data volume [GBytes] |       0.0001 |
| L3 evict bandwidth [MBytes/s] |      46.8356 |
| L3 evict data volume [GBytes] | 2.508800e-05 |
|    L3 bandwidth [MBytes/s]    |     196.7810 |
|    L3 data volume [GBytes]    |       0.0001 |
+-------------------------------+--------------+

Region Generation, Group 1: L3
+-------------------+----------+
|    Region Info    |  Core 0  |
+-------------------+----------+
| RDTSC Runtime [s] | 1.599522 |
|     call count    |  6000000 |
+-------------------+----------+

+-----------------------+---------+-------------+
|         Event         | Counter |    Core 0   |
+-----------------------+---------+-------------+
|   INSTR_RETIRED_ANY   |  FIXC0  | 21913490000 |
| CPU_CLK_UNHALTED_CORE |  FIXC1  | 54754760000 |
|  CPU_CLK_UNHALTED_REF |  FIXC2  | 56903260000 |
|    L2_LINES_IN_ALL    |   PMC0  |   920511200 |
|     L2_TRANS_L2_WB    |   PMC1  |   164417100 |
+-----------------------+---------+-------------+

+-------------------------------+------------+
|             Metric            |   Core 0   |
+-------------------------------+------------+
|      Runtime (RDTSC) [s]      |     1.5995 |
|      Runtime unhalted [s]     |    21.1247 |
|          Clock [MHz]          |  2494.1169 |
|              CPI              |     2.4987 |
|  L3 load bandwidth [MBytes/s] | 36831.4514 |
|  L3 load data volume [GBytes] |    58.9127 |
| L3 evict bandwidth [MBytes/s] |  6578.6494 |
| L3 evict data volume [GBytes] |    10.5227 |
|    L3 bandwidth [MBytes/s]    | 43410.1008 |
|    L3 data volume [GBytes]    |    69.4354 |
+-------------------------------+------------+

Region Core, Group 1: L3
+-------------------+----------+
|    Region Info    |  Core 0  |
+-------------------+----------+
| RDTSC Runtime [s] | 0.035730 |
|     call count    |        1 |
+-------------------+----------+

+-----------------------+---------+-----------+
|         Event         | Counter |   Core 0  |
+-----------------------+---------+-----------+
|   INSTR_RETIRED_ANY   |  FIXC0  | 200883100 |
| CPU_CLK_UNHALTED_CORE |  FIXC1  |  88190240 |
|  CPU_CLK_UNHALTED_REF |  FIXC2  |  91648580 |
|    L2_LINES_IN_ALL    |   PMC0  |    342961 |
|     L2_TRANS_L2_WB    |   PMC1  |     41568 |
+-----------------------+---------+-----------+

+-------------------------------+-----------+
|             Metric            |   Core 0  |
+-------------------------------+-----------+
|      Runtime (RDTSC) [s]      |    0.0357 |
|      Runtime unhalted [s]     |    0.0340 |
|          Clock [MHz]          | 2494.1746 |
|              CPI              |    0.4390 |
|  L3 load bandwidth [MBytes/s] |  614.3079 |
|  L3 load data volume [GBytes] |    0.0219 |
| L3 evict bandwidth [MBytes/s] |   74.4561 |
| L3 evict data volume [GBytes] |    0.0027 |
|    L3 bandwidth [MBytes/s]    |  688.7640 |
|    L3 data volume [GBytes]    |    0.0246 |
+-------------------------------+-----------+

--------------------------------------------------------------------------------
CPU name:	Intel(R) Core(TM) i7-6500U CPU @ 2.50GHz
CPU type:	Intel Skylake processor
CPU clock:	2.59 GHz
--------------------------------------------------------------------------------
Bloom Join
-----------------
2097152 Buckets 3 Hash Functions
Initialization: 0 ms 
Bloom Filter Generation: 285277 ms 
Join Core: 36 ms 
14829 linhas
285315 ms 

--------------------------------------------------------------------------------
Region Initialization, Group 1: L3
+-------------------+----------+
|    Region Info    |  Core 0  |
+-------------------+----------+
| RDTSC Runtime [s] | 0.000340 |
|     call count    |        1 |
+-------------------+----------+

+-----------------------+---------+--------+
|         Event         | Counter | Core 0 |
+-----------------------+---------+--------+
|   INSTR_RETIRED_ANY   |  FIXC0  | 463550 |
| CPU_CLK_UNHALTED_CORE |  FIXC1  | 302531 |
|  CPU_CLK_UNHALTED_REF |  FIXC2  | 654804 |
|    L2_LINES_IN_ALL    |   PMC0  |    777 |
|     L2_TRANS_L2_WB    |   PMC1  |    197 |
+-----------------------+---------+--------+

+-------------------------------+--------------+
|             Metric            |    Core 0    |
+-------------------------------+--------------+
|      Runtime (RDTSC) [s]      |       0.0003 |
|      Runtime unhalted [s]     |       0.0001 |
|          Clock [MHz]          |    1197.5410 |
|              CPI              |       0.6526 |
|  L3 load bandwidth [MBytes/s] |     146.4372 |
|  L3 load data volume [GBytes] | 4.972800e-05 |
| L3 evict bandwidth [MBytes/s] |      37.1276 |
| L3 evict data volume [GBytes] | 1.260800e-05 |
|    L3 bandwidth [MBytes/s]    |     183.5647 |
|    L3 data volume [GBytes]    |       0.0001 |
+-------------------------------+--------------+

Region Generation, Group 1: L3
+-------------------+----------+
|    Region Info    |  Core 0  |
+-------------------+----------+
| RDTSC Runtime [s] | 1.545158 |
|     call count    |  6000000 |
+-------------------+----------+

+-----------------------+---------+-------------+
|         Event         | Counter |    Core 0   |
+-----------------------+---------+-------------+
|   INSTR_RETIRED_ANY   |  FIXC0  | 21913490000 |
| CPU_CLK_UNHALTED_CORE |  FIXC1  | 54873170000 |
|  CPU_CLK_UNHALTED_REF |  FIXC2  | 50687040000 |
|    L2_LINES_IN_ALL    |   PMC0  |   883096900 |
|     L2_TRANS_L2_WB    |   PMC1  |   166989000 |
+-----------------------+---------+-------------+

+-------------------------------+------------+
|             Metric            |   Core 0   |
+-------------------------------+------------+
|      Runtime (RDTSC) [s]      |     1.5452 |
|      Runtime unhalted [s]     |    21.1704 |
|          Clock [MHz]          |  2806.0472 |
|              CPI              |     2.5041 |
|  L3 load bandwidth [MBytes/s] | 36577.6196 |
|  L3 load data volume [GBytes] |    56.5182 |
| L3 evict bandwidth [MBytes/s] |  6916.6364 |
| L3 evict data volume [GBytes] |    10.6873 |
|    L3 bandwidth [MBytes/s]    | 43494.2560 |
|    L3 data volume [GBytes]    |    67.2055 |
+-------------------------------+------------+

Region Core, Group 1: L3
+-------------------+----------+
|    Region Info    |  Core 0  |
+-------------------+----------+
| RDTSC Runtime [s] | 0.035620 |
|     call count    |        1 |
+-------------------+----------+

+-----------------------+---------+-----------+
|         Event         | Counter |   Core 0  |
+-----------------------+---------+-----------+
|   INSTR_RETIRED_ANY   |  FIXC0  | 200883100 |
| CPU_CLK_UNHALTED_CORE |  FIXC1  |  87722370 |
|  CPU_CLK_UNHALTED_REF |  FIXC2  |  91163230 |
|    L2_LINES_IN_ALL    |   PMC0  |    372398 |
|     L2_TRANS_L2_WB    |   PMC1  |     40559 |
+-----------------------+---------+-----------+

+-------------------------------+-----------+
|             Metric            |   Core 0  |
+-------------------------------+-----------+
|      Runtime (RDTSC) [s]      |    0.0356 |
|      Runtime unhalted [s]     |    0.0338 |
|          Clock [MHz]          | 2494.1496 |
|              CPI              |    0.4367 |
|  L3 load bandwidth [MBytes/s] |  669.1046 |
|  L3 load data volume [GBytes] |    0.0238 |
| L3 evict bandwidth [MBytes/s] |   72.8742 |
| L3 evict data volume [GBytes] |    0.0026 |
|    L3 bandwidth [MBytes/s]    |  741.9788 |
|    L3 data volume [GBytes]    |    0.0264 |
+-------------------------------+-----------+

--------------------------------------------------------------------------------
CPU name:	Intel(R) Core(TM) i7-6500U CPU @ 2.50GHz
CPU type:	Intel Skylake processor
CPU clock:	2.59 GHz
--------------------------------------------------------------------------------
Bloom Join
-----------------
2097152 Buckets 3 Hash Functions
Initialization: 1 ms 
Bloom Filter Generation: 255264 ms 
Join Core: 30 ms 
14829 linhas
255297 ms 

--------------------------------------------------------------------------------
Region Initialization, Group 1: L3
+-------------------+----------+
|    Region Info    |  Core 0  |
+-------------------+----------+
| RDTSC Runtime [s] | 0.000530 |
|     call count    |        1 |
+-------------------+----------+

+-----------------------+---------+---------+
|         Event         | Counter |  Core 0 |
+-----------------------+---------+---------+
|   INSTR_RETIRED_ANY   |  FIXC0  |  463550 |
| CPU_CLK_UNHALTED_CORE |  FIXC1  |  324037 |
|  CPU_CLK_UNHALTED_REF |  FIXC2  | 1051920 |
|    L2_LINES_IN_ALL    |   PMC0  |     800 |
|     L2_TRANS_L2_WB    |   PMC1  |     209 |
+-----------------------+---------+---------+

+-------------------------------+--------------+
|             Metric            |    Core 0    |
+-------------------------------+--------------+
|      Runtime (RDTSC) [s]      |       0.0005 |
|      Runtime unhalted [s]     |       0.0001 |
|          Clock [MHz]          |     798.4206 |
|              CPI              |       0.6990 |
|  L3 load bandwidth [MBytes/s] |      96.6731 |
|  L3 load data volume [GBytes] |       0.0001 |
| L3 evict bandwidth [MBytes/s] |      25.2558 |
| L3 evict data volume [GBytes] | 1.337600e-05 |
|    L3 bandwidth [MBytes/s]    |     121.9289 |
|    L3 data volume [GBytes]    |       0.0001 |
+-------------------------------+--------------+

Region Generation, Group 1: L3
+-------------------+----------+
|    Region Info    |  Core 0  |
+-------------------+----------+
| RDTSC Runtime [s] | 1.391121 |
|     call count    |  6000000 |
+-------------------+----------+

+-----------------------+---------+-------------+
|         Event         | Counter |    Core 0   |
+-----------------------+---------+-------------+
|   INSTR_RETIRED_ANY   |  FIXC0  | 21913490000 |
| CPU_CLK_UNHALTED_CORE |  FIXC1  | 53558690000 |
|  CPU_CLK_UNHALTED_REF |  FIXC2  | 45131310000 |
|    L2_LINES_IN_ALL    |   PMC0  |   855809200 |
|     L2_TRANS_L2_WB    |   PMC1  |   159140700 |
+-----------------------+---------+-------------+

+-------------------------------+------------+
|             Metric            |   Core 0   |
+-------------------------------+------------+
|      Runtime (RDTSC) [s]      |     1.3911 |
|      Runtime unhalted [s]     |    20.6638 |
|          Clock [MHz]          |  3075.8972 |
|              CPI              |     2.4441 |
|  L3 load bandwidth [MBytes/s] | 39372.4117 |
|  L3 load data volume [GBytes] |    54.7718 |
| L3 evict bandwidth [MBytes/s] |  7321.4370 |
| L3 evict data volume [GBytes] |    10.1850 |
|    L3 bandwidth [MBytes/s]    | 46693.8488 |
|    L3 data volume [GBytes]    |    64.9568 |
+-------------------------------+------------+

Region Core, Group 1: L3
+-------------------+----------+
|    Region Info    |  Core 0  |
+-------------------+----------+
| RDTSC Runtime [s] | 0.029475 |
|     call count    |        1 |
+-------------------+----------+

+-----------------------+---------+-----------+
|         Event         | Counter |   Core 0  |
+-----------------------+---------+-----------+
|   INSTR_RETIRED_ANY   |  FIXC0  | 200883100 |
| CPU_CLK_UNHALTED_CORE |  FIXC1  |  87136800 |
|  CPU_CLK_UNHALTED_REF |  FIXC2  |  73327360 |
|    L2_LINES_IN_ALL    |   PMC0  |    283295 |
|     L2_TRANS_L2_WB    |   PMC1  |     43979 |
+-----------------------+---------+-----------+

+-------------------------------+-----------+
|             Metric            |   Core 0  |
+-------------------------------+-----------+
|      Runtime (RDTSC) [s]      |    0.0295 |
|      Runtime unhalted [s]     |    0.0336 |
|          Clock [MHz]          | 3080.0330 |
|              CPI              |    0.4338 |
|  L3 load bandwidth [MBytes/s] |  615.1243 |
|  L3 load data volume [GBytes] |    0.0181 |
| L3 evict bandwidth [MBytes/s] |   95.4925 |
| L3 evict data volume [GBytes] |    0.0028 |
|    L3 bandwidth [MBytes/s]    |  710.6168 |
|    L3 data volume [GBytes]    |    0.0209 |
+-------------------------------+-----------+

--------------------------------------------------------------------------------
CPU name:	Intel(R) Core(TM) i7-6500U CPU @ 2.50GHz
CPU type:	Intel Skylake processor
CPU clock:	2.59 GHz
--------------------------------------------------------------------------------
Bloom Join
-----------------
2097152 Buckets 3 Hash Functions
Initialization: 1 ms 
Bloom Filter Generation: 307235 ms 
Join Core: 35 ms 
14829 linhas
307273 ms 

--------------------------------------------------------------------------------
Region Initialization, Group 1: L3
+-------------------+----------+
|    Region Info    |  Core 0  |
+-------------------+----------+
| RDTSC Runtime [s] | 0.000483 |
|     call count    |        1 |
+-------------------+----------+

+-----------------------+---------+--------+
|         Event         | Counter | Core 0 |
+-----------------------+---------+--------+
|   INSTR_RETIRED_ANY   |  FIXC0  | 463550 |
| CPU_CLK_UNHALTED_CORE |  FIXC1  | 300323 |
|  CPU_CLK_UNHALTED_REF |  FIXC2  | 975240 |
|    L2_LINES_IN_ALL    |   PMC0  |    780 |
|     L2_TRANS_L2_WB    |   PMC1  |    142 |
+-----------------------+---------+--------+

+-------------------------------+--------------+
|             Metric            |    Core 0    |
+-------------------------------+--------------+
|      Runtime (RDTSC) [s]      |       0.0005 |
|      Runtime unhalted [s]     |       0.0001 |
|          Clock [MHz]          |     798.1975 |
|              CPI              |       0.6479 |
|  L3 load bandwidth [MBytes/s] |     103.4520 |
|  L3 load data volume [GBytes] | 4.992000e-05 |
| L3 evict bandwidth [MBytes/s] |      18.8336 |
| L3 evict data volume [GBytes] | 9.088000e-06 |
|    L3 bandwidth [MBytes/s]    |     122.2856 |
|    L3 data volume [GBytes]    |       0.0001 |
+-------------------------------+--------------+

Region Generation, Group 1: L3
+-------------------+----------+
|    Region Info    |  Core 0  |
+-------------------+----------+
| RDTSC Runtime [s] | 1.564214 |
|     call count    |  6000000 |
+-------------------+----------+

+-----------------------+---------+-------------+
|         Event         | Counter |    Core 0   |
+-----------------------+---------+-------------+
|   INSTR_RETIRED_ANY   |  FIXC0  | 21913550000 |
| CPU_CLK_UNHALTED_CORE |  FIXC1  | 53094640000 |
|  CPU_CLK_UNHALTED_REF |  FIXC2  | 55179320000 |
|    L2_LINES_IN_ALL    |   PMC0  |   790640900 |
|     L2_TRANS_L2_WB    |   PMC1  |   123352600 |
+-----------------------+---------+-------------+

+-------------------------------+------------+
|             Metric            |   Core 0   |
+-------------------------------+------------+
|      Runtime (RDTSC) [s]      |     1.5642 |
|      Runtime unhalted [s]     |    20.4841 |
|          Clock [MHz]          |  2494.0641 |
|              CPI              |     2.4229 |
|  L3 load bandwidth [MBytes/s] | 32349.1655 |
|  L3 load data volume [GBytes] |    50.6010 |
| L3 evict bandwidth [MBytes/s] |  5046.9862 |
| L3 evict data volume [GBytes] |     7.8946 |
|    L3 bandwidth [MBytes/s]    | 37396.1517 |
|    L3 data volume [GBytes]    |    58.4956 |
+-------------------------------+------------+

Region Core, Group 1: L3
+-------------------+----------+
|    Region Info    |  Core 0  |
+-------------------+----------+
| RDTSC Runtime [s] | 0.035397 |
|     call count    |        1 |
+-------------------+----------+

+-----------------------+---------+-----------+
|         Event         | Counter |   Core 0  |
+-----------------------+---------+-----------+
|   INSTR_RETIRED_ANY   |  FIXC0  | 200883100 |
| CPU_CLK_UNHALTED_CORE |  FIXC1  |  86743610 |
|  CPU_CLK_UNHALTED_REF |  FIXC2  |  90145660 |
|    L2_LINES_IN_ALL    |   PMC0  |    331550 |
|     L2_TRANS_L2_WB    |   PMC1  |     39745 |
+-----------------------+---------+-----------+

+-------------------------------+-----------+
|             Metric            |   Core 0  |
+-------------------------------+-----------+
|      Runtime (RDTSC) [s]      |    0.0354 |
|      Runtime unhalted [s]     |    0.0335 |
|          Clock [MHz]          | 2494.1694 |
|              CPI              |    0.4318 |
|  L3 load bandwidth [MBytes/s] |  599.4588 |
|  L3 load data volume [GBytes] |    0.0212 |
| L3 evict bandwidth [MBytes/s] |   71.8609 |
| L3 evict data volume [GBytes] |    0.0025 |
|    L3 bandwidth [MBytes/s]    |  671.3198 |
|    L3 data volume [GBytes]    |    0.0238 |
+-------------------------------+-----------+

--------------------------------------------------------------------------------
CPU name:	Intel(R) Core(TM) i7-6500U CPU @ 2.50GHz
CPU type:	Intel Skylake processor
CPU clock:	2.59 GHz
--------------------------------------------------------------------------------
Bloom Join
-----------------
2097152 Buckets 3 Hash Functions
Initialization: 1 ms 
Bloom Filter Generation: 303065 ms 
Join Core: 35 ms 
14829 linhas
303103 ms 

--------------------------------------------------------------------------------
Region Initialization, Group 1: L3
+-------------------+----------+
|    Region Info    |  Core 0  |
+-------------------+----------+
| RDTSC Runtime [s] | 0.000498 |
|     call count    |        1 |
+-------------------+----------+

+-----------------------+---------+--------+
|         Event         | Counter | Core 0 |
+-----------------------+---------+--------+
|   INSTR_RETIRED_ANY   |  FIXC0  | 463550 |
| CPU_CLK_UNHALTED_CORE |  FIXC1  | 307276 |
|  CPU_CLK_UNHALTED_REF |  FIXC2  | 997488 |
|    L2_LINES_IN_ALL    |   PMC0  |    778 |
|     L2_TRANS_L2_WB    |   PMC1  |    149 |
+-----------------------+---------+--------+

+-------------------------------+--------------+
|             Metric            |    Core 0    |
+-------------------------------+--------------+
|      Runtime (RDTSC) [s]      |       0.0005 |
|      Runtime unhalted [s]     |       0.0001 |
|          Clock [MHz]          |     798.4602 |
|              CPI              |       0.6629 |
|  L3 load bandwidth [MBytes/s] |     100.0773 |
|  L3 load data volume [GBytes] | 4.979200e-05 |
| L3 evict bandwidth [MBytes/s] |      19.1665 |
| L3 evict data volume [GBytes] | 9.536000e-06 |
|    L3 bandwidth [MBytes/s]    |     119.2438 |
|    L3 data volume [GBytes]    |       0.0001 |
+-------------------------------+--------------+

Region Generation, Group 1: L3
+-------------------+----------+
|    Region Info    |  Core 0  |
+-------------------+----------+
| RDTSC Runtime [s] | 1.500548 |
|     call count    |  6000000 |
+-------------------+----------+

+-----------------------+---------+-------------+
|         Event         | Counter |    Core 0   |
+-----------------------+---------+-------------+
|   INSTR_RETIRED_ANY   |  FIXC0  | 21914510000 |
| CPU_CLK_UNHALTED_CORE |  FIXC1  | 51581880000 |
|  CPU_CLK_UNHALTED_REF |  FIXC2  | 53606410000 |
|    L2_LINES_IN_ALL    |   PMC0  |   826821200 |
|     L2_TRANS_L2_WB    |   PMC1  |   133308100 |
+-----------------------+---------+-------------+

+-------------------------------+------------+
|             Metric            |   Core 0   |
+-------------------------------+------------+
|      Runtime (RDTSC) [s]      |     1.5005 |
|      Runtime unhalted [s]     |    19.9005 |
|          Clock [MHz]          |  2494.0937 |
|              CPI              |     2.3538 |
|  L3 load bandwidth [MBytes/s] | 35264.8211 |
|  L3 load data volume [GBytes] |    52.9166 |
| L3 evict bandwidth [MBytes/s] |  5685.7351 |
| L3 evict data volume [GBytes] |     8.5317 |
|    L3 bandwidth [MBytes/s]    | 40950.5562 |
|    L3 data volume [GBytes]    |    61.4483 |
+-------------------------------+------------+

Region Core, Group 1: L3
+-------------------+----------+
|    Region Info    |  Core 0  |
+-------------------+----------+
| RDTSC Runtime [s] | 0.035347 |
|     call count    |        1 |
+-------------------+----------+

+-----------------------+---------+-----------+
|         Event         | Counter |   Core 0  |
+-----------------------+---------+-----------+
|   INSTR_RETIRED_ANY   |  FIXC0  | 200883100 |
| CPU_CLK_UNHALTED_CORE |  FIXC1  |  87290850 |
|  CPU_CLK_UNHALTED_REF |  FIXC2  |  90714820 |
|    L2_LINES_IN_ALL    |   PMC0  |    372818 |
|     L2_TRANS_L2_WB    |   PMC1  |     36740 |
+-----------------------+---------+-----------+

+-------------------------------+-----------+
|             Metric            |   Core 0  |
+-------------------------------+-----------+
|      Runtime (RDTSC) [s]      |    0.0353 |
|      Runtime unhalted [s]     |    0.0337 |
|          Clock [MHz]          | 2494.1514 |
|              CPI              |    0.4345 |
|  L3 load bandwidth [MBytes/s] |  675.0288 |
|  L3 load data volume [GBytes] |    0.0239 |
| L3 evict bandwidth [MBytes/s] |   66.5219 |
| L3 evict data volume [GBytes] |    0.0024 |
|    L3 bandwidth [MBytes/s]    |  741.5507 |
|    L3 data volume [GBytes]    |    0.0262 |
+-------------------------------+-----------+

