--------------------------------------------------------------------------------
CPU name:	Intel(R) Core(TM) i7-6500U CPU @ 2.50GHz
CPU type:	Intel Skylake processor
CPU clock:	2.59 GHz
--------------------------------------------------------------------------------
Bloom Join
-----------------
4194304 Buckets 2 Hash Functions
Initialization: 0 ms 
Bloom Filter Generation: 236053 ms 
Join Core: 29 ms 
14882 linhas
236084 ms 

--------------------------------------------------------------------------------
Region Initialization, Group 1: L2
+-------------------+----------+
|    Region Info    |  Core 0  |
+-------------------+----------+
| RDTSC Runtime [s] | 0.000327 |
|     call count    |        1 |
+-------------------+----------+

+-----------------------+---------+--------+
|         Event         | Counter | Core 0 |
+-----------------------+---------+--------+
|   INSTR_RETIRED_ANY   |  FIXC0  | 922459 |
| CPU_CLK_UNHALTED_CORE |  FIXC1  | 593665 |
|  CPU_CLK_UNHALTED_REF |  FIXC2  | 643248 |
|    L1D_REPLACEMENT    |   PMC0  |    436 |
|      L1D_M_EVICT      |   PMC1  |    261 |
| ICACHE_64B_IFTAG_MISS |   PMC2  |    682 |
+-----------------------+---------+--------+

+--------------------------------+--------------+
|             Metric             |    Core 0    |
+--------------------------------+--------------+
|       Runtime (RDTSC) [s]      |       0.0003 |
|      Runtime unhalted [s]      |       0.0002 |
|           Clock [MHz]          |    2391.6398 |
|               CPI              |       0.6436 |
|  L2D load bandwidth [MBytes/s] |      85.2780 |
|  L2D load data volume [GBytes] | 2.790400e-05 |
| L2D evict bandwidth [MBytes/s] |      51.0495 |
| L2D evict data volume [GBytes] | 1.670400e-05 |
|     L2 bandwidth [MBytes/s]    |     269.7211 |
|     L2 data volume [GBytes]    |       0.0001 |
+--------------------------------+--------------+

Region Generation, Group 1: L2
+-------------------+----------+
|    Region Info    |  Core 0  |
+-------------------+----------+
| RDTSC Runtime [s] | 0.968807 |
|     call count    |  4500000 |
+-------------------+----------+

+-----------------------+---------+-------------+
|         Event         | Counter |    Core 0   |
+-----------------------+---------+-------------+
|   INSTR_RETIRED_ANY   |  FIXC0  | 16857980000 |
| CPU_CLK_UNHALTED_CORE |  FIXC1  | 38138620000 |
|  CPU_CLK_UNHALTED_REF |  FIXC2  | 36654860000 |
|    L1D_REPLACEMENT    |   PMC0  |   873731900 |
|      L1D_M_EVICT      |   PMC1  |   272701800 |
| ICACHE_64B_IFTAG_MISS |   PMC2  |  1608862000 |
+-----------------------+---------+-------------+

+--------------------------------+-------------+
|             Metric             |    Core 0   |
+--------------------------------+-------------+
|       Runtime (RDTSC) [s]      |      0.9688 |
|      Runtime unhalted [s]      |     14.7174 |
|           Clock [MHz]          |   2696.2873 |
|               CPI              |      2.2623 |
|  L2D load bandwidth [MBytes/s] |  57719.2731 |
|  L2D load data volume [GBytes] |     55.9188 |
| L2D evict bandwidth [MBytes/s] |  18014.8506 |
| L2D evict data volume [GBytes] |     17.4529 |
|     L2 bandwidth [MBytes/s]    | 182016.5488 |
|     L2 data volume [GBytes]    |    176.3389 |
+--------------------------------+-------------+

Region Core, Group 1: L2
+-------------------+----------+
|    Region Info    |  Core 0  |
+-------------------+----------+
| RDTSC Runtime [s] | 0.029407 |
|     call count    |        1 |
+-------------------+----------+

+-----------------------+---------+-----------+
|         Event         | Counter |   Core 0  |
+-----------------------+---------+-----------+
|   INSTR_RETIRED_ANY   |  FIXC0  | 175926800 |
| CPU_CLK_UNHALTED_CORE |  FIXC1  |  72846410 |
|  CPU_CLK_UNHALTED_REF |  FIXC2  |  75703250 |
|    L1D_REPLACEMENT    |   PMC0  |    430573 |
|      L1D_M_EVICT      |   PMC1  |      2561 |
| ICACHE_64B_IFTAG_MISS |   PMC2  |      1417 |
+-----------------------+---------+-----------+

+--------------------------------+-----------+
|             Metric             |   Core 0  |
+--------------------------------+-----------+
|       Runtime (RDTSC) [s]      |    0.0294 |
|      Runtime unhalted [s]      |    0.0281 |
|           Clock [MHz]          | 2493.5977 |
|               CPI              |    0.4141 |
|  L2D load bandwidth [MBytes/s] |  937.0853 |
|  L2D load data volume [GBytes] |    0.0276 |
| L2D evict bandwidth [MBytes/s] |    5.5737 |
| L2D evict data volume [GBytes] |    0.0002 |
|     L2 bandwidth [MBytes/s]    |  945.7429 |
|     L2 data volume [GBytes]    |    0.0278 |
+--------------------------------+-----------+

--------------------------------------------------------------------------------
CPU name:	Intel(R) Core(TM) i7-6500U CPU @ 2.50GHz
CPU type:	Intel Skylake processor
CPU clock:	2.59 GHz
--------------------------------------------------------------------------------
Bloom Join
-----------------
4194304 Buckets 2 Hash Functions
Initialization: 1 ms 
Bloom Filter Generation: 248893 ms 
Join Core: 30 ms 
14882 linhas
248926 ms 

--------------------------------------------------------------------------------
Region Initialization, Group 1: L2
+-------------------+----------+
|    Region Info    |  Core 0  |
+-------------------+----------+
| RDTSC Runtime [s] | 0.000983 |
|     call count    |        1 |
+-------------------+----------+

+-----------------------+---------+---------+
|         Event         | Counter |  Core 0 |
+-----------------------+---------+---------+
|   INSTR_RETIRED_ANY   |  FIXC0  |  922459 |
| CPU_CLK_UNHALTED_CORE |  FIXC1  |  600666 |
|  CPU_CLK_UNHALTED_REF |  FIXC2  | 1950912 |
|    L1D_REPLACEMENT    |   PMC0  |     435 |
|      L1D_M_EVICT      |   PMC1  |     255 |
| ICACHE_64B_IFTAG_MISS |   PMC2  |     673 |
+-----------------------+---------+---------+

+--------------------------------+--------------+
|             Metric             |    Core 0    |
+--------------------------------+--------------+
|       Runtime (RDTSC) [s]      |       0.0010 |
|      Runtime unhalted [s]      |       0.0002 |
|           Clock [MHz]          |     798.0455 |
|               CPI              |       0.6512 |
|  L2D load bandwidth [MBytes/s] |      28.3198 |
|  L2D load data volume [GBytes] | 2.784000e-05 |
| L2D evict bandwidth [MBytes/s] |      16.6013 |
| L2D evict data volume [GBytes] | 1.632000e-05 |
|     L2 bandwidth [MBytes/s]    |      88.7353 |
|     L2 data volume [GBytes]    |       0.0001 |
+--------------------------------+--------------+

Region Generation, Group 1: L2
+-------------------+----------+
|    Region Info    |  Core 0  |
+-------------------+----------+
| RDTSC Runtime [s] | 1.082645 |
|     call count    |  4500000 |
+-------------------+----------+

+-----------------------+---------+-------------+
|         Event         | Counter |    Core 0   |
+-----------------------+---------+-------------+
|   INSTR_RETIRED_ANY   |  FIXC0  | 16881980000 |
| CPU_CLK_UNHALTED_CORE |  FIXC1  | 37683240000 |
|  CPU_CLK_UNHALTED_REF |  FIXC2  | 39162660000 |
|    L1D_REPLACEMENT    |   PMC0  |   916226000 |
|      L1D_M_EVICT      |   PMC1  |   272151100 |
| ICACHE_64B_IFTAG_MISS |   PMC2  |  1565659000 |
+-----------------------+---------+-------------+

+--------------------------------+-------------+
|             Metric             |    Core 0   |
+--------------------------------+-------------+
|       Runtime (RDTSC) [s]      |      1.0826 |
|      Runtime unhalted [s]      |     14.5384 |
|           Clock [MHz]          |   2494.0681 |
|               CPI              |      2.2322 |
|  L2D load bandwidth [MBytes/s] |  54162.2268 |
|  L2D load data volume [GBytes] |     58.6385 |
| L2D evict bandwidth [MBytes/s] |  16088.0717 |
| L2D evict data volume [GBytes] |     17.4177 |
|     L2 bandwidth [MBytes/s]    | 162803.4216 |
|     L2 data volume [GBytes]    |    176.2583 |
+--------------------------------+-------------+

Region Core, Group 1: L2
+-------------------+----------+
|    Region Info    |  Core 0  |
+-------------------+----------+
| RDTSC Runtime [s] | 0.030045 |
|     call count    |        1 |
+-------------------+----------+

+-----------------------+---------+-----------+
|         Event         | Counter |   Core 0  |
+-----------------------+---------+-----------+
|   INSTR_RETIRED_ANY   |  FIXC0  | 178326800 |
| CPU_CLK_UNHALTED_CORE |  FIXC1  |  73899470 |
|  CPU_CLK_UNHALTED_REF |  FIXC2  |  76797720 |
|    L1D_REPLACEMENT    |   PMC0  |    429778 |
|      L1D_M_EVICT      |   PMC1  |      2408 |
| ICACHE_64B_IFTAG_MISS |   PMC2  |      1319 |
+-----------------------+---------+-----------+

+--------------------------------+-----------+
|             Metric             |   Core 0  |
+--------------------------------+-----------+
|       Runtime (RDTSC) [s]      |    0.0300 |
|      Runtime unhalted [s]      |    0.0285 |
|           Clock [MHz]          | 2494.1654 |
|               CPI              |    0.4144 |
|  L2D load bandwidth [MBytes/s] |  915.4783 |
|  L2D load data volume [GBytes] |    0.0275 |
| L2D evict bandwidth [MBytes/s] |    5.1293 |
| L2D evict data volume [GBytes] |    0.0002 |
|     L2 bandwidth [MBytes/s]    |  923.4172 |
|     L2 data volume [GBytes]    |    0.0277 |
+--------------------------------+-----------+

--------------------------------------------------------------------------------
CPU name:	Intel(R) Core(TM) i7-6500U CPU @ 2.50GHz
CPU type:	Intel Skylake processor
CPU clock:	2.59 GHz
--------------------------------------------------------------------------------
Bloom Join
-----------------
4194304 Buckets 2 Hash Functions
Initialization: 1 ms 
Bloom Filter Generation: 250254 ms 
Join Core: 29 ms 
14882 linhas
250287 ms 

--------------------------------------------------------------------------------
Region Initialization, Group 1: L2
+-------------------+----------+
|    Region Info    |  Core 0  |
+-------------------+----------+
| RDTSC Runtime [s] | 0.000978 |
|     call count    |        1 |
+-------------------+----------+

+-----------------------+---------+---------+
|         Event         | Counter |  Core 0 |
+-----------------------+---------+---------+
|   INSTR_RETIRED_ANY   |  FIXC0  |  922459 |
| CPU_CLK_UNHALTED_CORE |  FIXC1  |  601234 |
|  CPU_CLK_UNHALTED_REF |  FIXC2  | 1952856 |
|    L1D_REPLACEMENT    |   PMC0  |     420 |
|      L1D_M_EVICT      |   PMC1  |     238 |
| ICACHE_64B_IFTAG_MISS |   PMC2  |     678 |
+-----------------------+---------+---------+

+--------------------------------+--------------+
|             Metric             |    Core 0    |
+--------------------------------+--------------+
|       Runtime (RDTSC) [s]      |       0.0010 |
|      Runtime unhalted [s]      |       0.0002 |
|           Clock [MHz]          |     798.0060 |
|               CPI              |       0.6518 |
|  L2D load bandwidth [MBytes/s] |      27.4732 |
|  L2D load data volume [GBytes] | 2.688000e-05 |
| L2D evict bandwidth [MBytes/s] |      15.5682 |
| L2D evict data volume [GBytes] | 1.523200e-05 |
|     L2 bandwidth [MBytes/s]    |      87.3911 |
|     L2 data volume [GBytes]    |       0.0001 |
+--------------------------------+--------------+

Region Generation, Group 1: L2
+-------------------+----------+
|    Region Info    |  Core 0  |
+-------------------+----------+
| RDTSC Runtime [s] | 1.181831 |
|     call count    |  4500000 |
+-------------------+----------+

+-----------------------+---------+-------------+
|         Event         | Counter |    Core 0   |
+-----------------------+---------+-------------+
|   INSTR_RETIRED_ANY   |  FIXC0  | 16857980000 |
| CPU_CLK_UNHALTED_CORE |  FIXC1  | 38646860000 |
|  CPU_CLK_UNHALTED_REF |  FIXC2  | 40163660000 |
|    L1D_REPLACEMENT    |   PMC0  |   895820100 |
|      L1D_M_EVICT      |   PMC1  |   252138700 |
| ICACHE_64B_IFTAG_MISS |   PMC2  |  1853295000 |
+-----------------------+---------+-------------+

+--------------------------------+-------------+
|             Metric             |    Core 0   |
+--------------------------------+-------------+
|       Runtime (RDTSC) [s]      |      1.1818 |
|      Runtime unhalted [s]      |     14.9101 |
|           Clock [MHz]          |   2494.0994 |
|               CPI              |      2.2925 |
|  L2D load bandwidth [MBytes/s] |  48511.5777 |
|  L2D load data volume [GBytes] |     57.3325 |
| L2D evict bandwidth [MBytes/s] |  13654.1323 |
| L2D evict data volume [GBytes] |     16.1369 |
|     L2 bandwidth [MBytes/s]    | 162527.6738 |
|     L2 data volume [GBytes]    |    192.0802 |
+--------------------------------+-------------+

Region Core, Group 1: L2
+-------------------+----------+
|    Region Info    |  Core 0  |
+-------------------+----------+
| RDTSC Runtime [s] | 0.029493 |
|     call count    |        1 |
+-------------------+----------+

+-----------------------+---------+-----------+
|         Event         | Counter |   Core 0  |
+-----------------------+---------+-----------+
|   INSTR_RETIRED_ANY   |  FIXC0  | 175926800 |
| CPU_CLK_UNHALTED_CORE |  FIXC1  |  72950300 |
|  CPU_CLK_UNHALTED_REF |  FIXC2  |  75811030 |
|    L1D_REPLACEMENT    |   PMC0  |    430921 |
|      L1D_M_EVICT      |   PMC1  |      2396 |
| ICACHE_64B_IFTAG_MISS |   PMC2  |      1079 |
+-----------------------+---------+-----------+

+--------------------------------+-----------+
|             Metric             |   Core 0  |
+--------------------------------+-----------+
|       Runtime (RDTSC) [s]      |    0.0295 |
|      Runtime unhalted [s]      |    0.0281 |
|           Clock [MHz]          | 2494.1784 |
|               CPI              |    0.4147 |
|  L2D load bandwidth [MBytes/s] |  935.0934 |
|  L2D load data volume [GBytes] |    0.0276 |
| L2D evict bandwidth [MBytes/s] |    5.1993 |
| L2D evict data volume [GBytes] |    0.0002 |
|     L2 bandwidth [MBytes/s]    |  942.6341 |
|     L2 data volume [GBytes]    |    0.0278 |
+--------------------------------+-----------+

--------------------------------------------------------------------------------
CPU name:	Intel(R) Core(TM) i7-6500U CPU @ 2.50GHz
CPU type:	Intel Skylake processor
CPU clock:	2.59 GHz
--------------------------------------------------------------------------------
Bloom Join
-----------------
4194304 Buckets 2 Hash Functions
Initialization: 1 ms 
Bloom Filter Generation: 211532 ms 
Join Core: 28 ms 
14882 linhas
211563 ms 

--------------------------------------------------------------------------------
Region Initialization, Group 1: L2
+-------------------+----------+
|    Region Info    |  Core 0  |
+-------------------+----------+
| RDTSC Runtime [s] | 0.000993 |
|     call count    |        1 |
+-------------------+----------+

+-----------------------+---------+---------+
|         Event         | Counter |  Core 0 |
+-----------------------+---------+---------+
|   INSTR_RETIRED_ANY   |  FIXC0  |  922459 |
| CPU_CLK_UNHALTED_CORE |  FIXC1  |  609528 |
|  CPU_CLK_UNHALTED_REF |  FIXC2  | 1978452 |
|    L1D_REPLACEMENT    |   PMC0  |     427 |
|      L1D_M_EVICT      |   PMC1  |     252 |
| ICACHE_64B_IFTAG_MISS |   PMC2  |     674 |
+-----------------------+---------+---------+

+--------------------------------+--------------+
|             Metric             |    Core 0    |
+--------------------------------+--------------+
|       Runtime (RDTSC) [s]      |       0.0010 |
|      Runtime unhalted [s]      |       0.0002 |
|           Clock [MHz]          |     798.5467 |
|               CPI              |       0.6608 |
|  L2D load bandwidth [MBytes/s] |      27.5165 |
|  L2D load data volume [GBytes] | 2.732800e-05 |
| L2D evict bandwidth [MBytes/s] |      16.2393 |
| L2D evict data volume [GBytes] | 1.612800e-05 |
|     L2 bandwidth [MBytes/s]    |      87.1893 |
|     L2 data volume [GBytes]    |       0.0001 |
+--------------------------------+--------------+

Region Generation, Group 1: L2
+-------------------+----------+
|    Region Info    |  Core 0  |
+-------------------+----------+
| RDTSC Runtime [s] | 1.072284 |
|     call count    |  4500000 |
+-------------------+----------+

+-----------------------+---------+-------------+
|         Event         | Counter |    Core 0   |
+-----------------------+---------+-------------+
|   INSTR_RETIRED_ANY   |  FIXC0  | 16857980000 |
| CPU_CLK_UNHALTED_CORE |  FIXC1  | 41237080000 |
|  CPU_CLK_UNHALTED_REF |  FIXC2  | 34595350000 |
|    L1D_REPLACEMENT    |   PMC0  |   868025400 |
|      L1D_M_EVICT      |   PMC1  |   271853700 |
| ICACHE_64B_IFTAG_MISS |   PMC2  |  1793865000 |
+-----------------------+---------+-------------+

+--------------------------------+-------------+
|             Metric             |    Core 0   |
+--------------------------------+-------------+
|       Runtime (RDTSC) [s]      |      1.0723 |
|      Runtime unhalted [s]      |     15.9095 |
|           Clock [MHz]          |   3089.6007 |
|               CPI              |      2.4461 |
|  L2D load bandwidth [MBytes/s] |  51808.6865 |
|  L2D load data volume [GBytes] |     55.5536 |
| L2D evict bandwidth [MBytes/s] |  16225.7730 |
| L2D evict data volume [GBytes] |     17.3986 |
|     L2 bandwidth [MBytes/s]    | 175102.5124 |
|     L2 data volume [GBytes]    |    187.7596 |
+--------------------------------+-------------+

Region Core, Group 1: L2
+-------------------+----------+
|    Region Info    |  Core 0  |
+-------------------+----------+
| RDTSC Runtime [s] | 0.027703 |
|     call count    |        1 |
+-------------------+----------+

+-----------------------+---------+-----------+
|         Event         | Counter |   Core 0  |
+-----------------------+---------+-----------+
|   INSTR_RETIRED_ANY   |  FIXC0  | 175926800 |
| CPU_CLK_UNHALTED_CORE |  FIXC1  |  81704000 |
|  CPU_CLK_UNHALTED_REF |  FIXC2  |  68663480 |
|    L1D_REPLACEMENT    |   PMC0  |    431049 |
|      L1D_M_EVICT      |   PMC1  |      5921 |
| ICACHE_64B_IFTAG_MISS |   PMC2  |      2927 |
+-----------------------+---------+-----------+

+--------------------------------+-----------+
|             Metric             |   Core 0  |
+--------------------------------+-----------+
|       Runtime (RDTSC) [s]      |    0.0277 |
|      Runtime unhalted [s]      |    0.0315 |
|           Clock [MHz]          | 3084.2509 |
|               CPI              |    0.4644 |
|  L2D load bandwidth [MBytes/s] |  995.7997 |
|  L2D load data volume [GBytes] |    0.0276 |
| L2D evict bandwidth [MBytes/s] |   13.6786 |
| L2D evict data volume [GBytes] |    0.0004 |
|     L2 bandwidth [MBytes/s]    | 1016.2401 |
|     L2 data volume [GBytes]    |    0.0282 |
+--------------------------------+-----------+

--------------------------------------------------------------------------------
CPU name:	Intel(R) Core(TM) i7-6500U CPU @ 2.50GHz
CPU type:	Intel Skylake processor
CPU clock:	2.59 GHz
--------------------------------------------------------------------------------
Bloom Join
-----------------
4194304 Buckets 2 Hash Functions
Initialization: 1 ms 
Bloom Filter Generation: 254612 ms 
Join Core: 29 ms 
14882 linhas
254645 ms 

--------------------------------------------------------------------------------
Region Initialization, Group 1: L2
+-------------------+----------+
|    Region Info    |  Core 0  |
+-------------------+----------+
| RDTSC Runtime [s] | 0.001011 |
|     call count    |        1 |
+-------------------+----------+

+-----------------------+---------+---------+
|         Event         | Counter |  Core 0 |
+-----------------------+---------+---------+
|   INSTR_RETIRED_ANY   |  FIXC0  |  922460 |
| CPU_CLK_UNHALTED_CORE |  FIXC1  |  602069 |
|  CPU_CLK_UNHALTED_REF |  FIXC2  | 1955232 |
|    L1D_REPLACEMENT    |   PMC0  |     430 |
|      L1D_M_EVICT      |   PMC1  |     239 |
| ICACHE_64B_IFTAG_MISS |   PMC2  |     717 |
+-----------------------+---------+---------+

+--------------------------------+--------------+
|             Metric             |    Core 0    |
+--------------------------------+--------------+
|       Runtime (RDTSC) [s]      |       0.0010 |
|      Runtime unhalted [s]      |       0.0002 |
|           Clock [MHz]          |     798.1413 |
|               CPI              |       0.6527 |
|  L2D load bandwidth [MBytes/s] |      27.2321 |
|  L2D load data volume [GBytes] | 2.752000e-05 |
| L2D evict bandwidth [MBytes/s] |      15.1360 |
| L2D evict data volume [GBytes] | 1.529600e-05 |
|     L2 bandwidth [MBytes/s]    |      87.7759 |
|     L2 data volume [GBytes]    |       0.0001 |
+--------------------------------+--------------+

Region Generation, Group 1: L2
+-------------------+----------+
|    Region Info    |  Core 0  |
+-------------------+----------+
| RDTSC Runtime [s] | 1.122578 |
|     call count    |  4500000 |
+-------------------+----------+

+-----------------------+---------+-------------+
|         Event         | Counter |    Core 0   |
+-----------------------+---------+-------------+
|   INSTR_RETIRED_ANY   |  FIXC0  | 16858010000 |
| CPU_CLK_UNHALTED_CORE |  FIXC1  | 39756260000 |
|  CPU_CLK_UNHALTED_REF |  FIXC2  | 41316570000 |
|    L1D_REPLACEMENT    |   PMC0  |   929333100 |
|      L1D_M_EVICT      |   PMC1  |   290328800 |
| ICACHE_64B_IFTAG_MISS |   PMC2  |  1943639000 |
+-----------------------+---------+-------------+

+--------------------------------+-------------+
|             Metric             |    Core 0   |
+--------------------------------+-------------+
|       Runtime (RDTSC) [s]      |      1.1226 |
|      Runtime unhalted [s]      |     15.3382 |
|           Clock [MHz]          |   2494.0954 |
|               CPI              |      2.3583 |
|  L2D load bandwidth [MBytes/s] |  52982.7935 |
|  L2D load data volume [GBytes] |     59.4773 |
| L2D evict bandwidth [MBytes/s] |  16552.1177 |
| L2D evict data volume [GBytes] |     18.5810 |
|     L2 bandwidth [MBytes/s]    | 180344.9360 |
|     L2 data volume [GBytes]    |    202.4513 |
+--------------------------------+-------------+

Region Core, Group 1: L2
+-------------------+----------+
|    Region Info    |  Core 0  |
+-------------------+----------+
| RDTSC Runtime [s] | 0.029737 |
|     call count    |        1 |
+-------------------+----------+

+-----------------------+---------+-----------+
|         Event         | Counter |   Core 0  |
+-----------------------+---------+-----------+
|   INSTR_RETIRED_ANY   |  FIXC0  | 175926800 |
| CPU_CLK_UNHALTED_CORE |  FIXC1  |  72891020 |
|  CPU_CLK_UNHALTED_REF |  FIXC2  |  75749470 |
|    L1D_REPLACEMENT    |   PMC0  |    430639 |
|      L1D_M_EVICT      |   PMC1  |      2373 |
| ICACHE_64B_IFTAG_MISS |   PMC2  |      1140 |
+-----------------------+---------+-----------+

+--------------------------------+-----------+
|             Metric             |   Core 0  |
+--------------------------------+-----------+
|       Runtime (RDTSC) [s]      |    0.0297 |
|      Runtime unhalted [s]      |    0.0281 |
|           Clock [MHz]          | 2494.1710 |
|               CPI              |    0.4143 |
|  L2D load bandwidth [MBytes/s] |  926.8282 |
|  L2D load data volume [GBytes] |    0.0276 |
| L2D evict bandwidth [MBytes/s] |    5.1072 |
| L2D evict data volume [GBytes] |    0.0002 |
|     L2 bandwidth [MBytes/s]    |  934.3890 |
|     L2 data volume [GBytes]    |    0.0278 |
+--------------------------------+-----------+

--------------------------------------------------------------------------------
CPU name:	Intel(R) Core(TM) i7-6500U CPU @ 2.50GHz
CPU type:	Intel Skylake processor
CPU clock:	2.59 GHz
--------------------------------------------------------------------------------
Bloom Join
-----------------
4194304 Buckets 2 Hash Functions
Initialization: 1 ms 
Bloom Filter Generation: 210892 ms 
Join Core: 24 ms 
14882 linhas
210921 ms 

--------------------------------------------------------------------------------
Region Initialization, Group 1: L2
+-------------------+----------+
|    Region Info    |  Core 0  |
+-------------------+----------+
| RDTSC Runtime [s] | 0.001107 |
|     call count    |        1 |
+-------------------+----------+

+-----------------------+---------+---------+
|         Event         | Counter |  Core 0 |
+-----------------------+---------+---------+
|   INSTR_RETIRED_ANY   |  FIXC0  |  922459 |
| CPU_CLK_UNHALTED_CORE |  FIXC1  |  618965 |
|  CPU_CLK_UNHALTED_REF |  FIXC2  | 2009988 |
|    L1D_REPLACEMENT    |   PMC0  |     824 |
|      L1D_M_EVICT      |   PMC1  |     318 |
| ICACHE_64B_IFTAG_MISS |   PMC2  |    1307 |
+-----------------------+---------+---------+

+--------------------------------+--------------+
|             Metric             |    Core 0    |
+--------------------------------+--------------+
|       Runtime (RDTSC) [s]      |       0.0011 |
|      Runtime unhalted [s]      |       0.0002 |
|           Clock [MHz]          |     798.1880 |
|               CPI              |       0.6710 |
|  L2D load bandwidth [MBytes/s] |      47.6346 |
|  L2D load data volume [GBytes] |       0.0001 |
| L2D evict bandwidth [MBytes/s] |      18.3832 |
| L2D evict data volume [GBytes] | 2.035200e-05 |
|     L2 bandwidth [MBytes/s]    |     141.5741 |
|     L2 data volume [GBytes]    |       0.0002 |
+--------------------------------+--------------+

Region Generation, Group 1: L2
+-------------------+----------+
|    Region Info    |  Core 0  |
+-------------------+----------+
| RDTSC Runtime [s] | 0.928988 |
|     call count    |  4500000 |
+-------------------+----------+

+-----------------------+---------+-------------+
|         Event         | Counter |    Core 0   |
+-----------------------+---------+-------------+
|   INSTR_RETIRED_ANY   |  FIXC0  | 16857980000 |
| CPU_CLK_UNHALTED_CORE |  FIXC1  | 39871910000 |
|  CPU_CLK_UNHALTED_REF |  FIXC2  | 33452050000 |
|    L1D_REPLACEMENT    |   PMC0  |   910056000 |
|      L1D_M_EVICT      |   PMC1  |   287646900 |
| ICACHE_64B_IFTAG_MISS |   PMC2  |  1606710000 |
+-----------------------+---------+-------------+

+--------------------------------+-------------+
|             Metric             |    Core 0   |
+--------------------------------+-------------+
|       Runtime (RDTSC) [s]      |      0.9290 |
|      Runtime unhalted [s]      |     15.3828 |
|           Clock [MHz]          |   3089.4193 |
|               CPI              |      2.3652 |
|  L2D load bandwidth [MBytes/s] |  62695.7604 |
|  L2D load data volume [GBytes] |     58.2436 |
| L2D evict bandwidth [MBytes/s] |  19816.6279 |
| L2D evict data volume [GBytes] |     18.4094 |
|     L2 bandwidth [MBytes/s]    | 193202.1758 |
|     L2 data volume [GBytes]    |    179.4824 |
+--------------------------------+-------------+

Region Core, Group 1: L2
+-------------------+----------+
|    Region Info    |  Core 0  |
+-------------------+----------+
| RDTSC Runtime [s] | 0.024403 |
|     call count    |        1 |
+-------------------+----------+

+-----------------------+---------+-----------+
|         Event         | Counter |   Core 0  |
+-----------------------+---------+-----------+
|   INSTR_RETIRED_ANY   |  FIXC0  | 175926800 |
| CPU_CLK_UNHALTED_CORE |  FIXC1  |  73291960 |
|  CPU_CLK_UNHALTED_REF |  FIXC2  |  61483540 |
|    L1D_REPLACEMENT    |   PMC0  |    430230 |
|      L1D_M_EVICT      |   PMC1  |      2260 |
| ICACHE_64B_IFTAG_MISS |   PMC2  |      1234 |
+-----------------------+---------+-----------+

+--------------------------------+-----------+
|             Metric             |   Core 0  |
+--------------------------------+-----------+
|       Runtime (RDTSC) [s]      |    0.0244 |
|      Runtime unhalted [s]      |    0.0283 |
|           Clock [MHz]          | 3089.7975 |
|               CPI              |    0.4166 |
|  L2D load bandwidth [MBytes/s] | 1128.3107 |
|  L2D load data volume [GBytes] |    0.0275 |
| L2D evict bandwidth [MBytes/s] |    5.9270 |
| L2D evict data volume [GBytes] |    0.0001 |
|     L2 bandwidth [MBytes/s]    | 1137.4740 |
|     L2 data volume [GBytes]    |    0.0278 |
+--------------------------------+-----------+

--------------------------------------------------------------------------------
CPU name:	Intel(R) Core(TM) i7-6500U CPU @ 2.50GHz
CPU type:	Intel Skylake processor
CPU clock:	2.59 GHz
--------------------------------------------------------------------------------
Bloom Join
-----------------
4194304 Buckets 2 Hash Functions
Initialization: 1 ms 
Bloom Filter Generation: 252989 ms 
Join Core: 29 ms 
14882 linhas
253021 ms 

--------------------------------------------------------------------------------
Region Initialization, Group 1: L2
+-------------------+----------+
|    Region Info    |  Core 0  |
+-------------------+----------+
| RDTSC Runtime [s] | 0.001006 |
|     call count    |        1 |
+-------------------+----------+

+-----------------------+---------+---------+
|         Event         | Counter |  Core 0 |
+-----------------------+---------+---------+
|   INSTR_RETIRED_ANY   |  FIXC0  |  922460 |
| CPU_CLK_UNHALTED_CORE |  FIXC1  |  600858 |
|  CPU_CLK_UNHALTED_REF |  FIXC2  | 1951344 |
|    L1D_REPLACEMENT    |   PMC0  |     464 |
|      L1D_M_EVICT      |   PMC1  |     257 |
| ICACHE_64B_IFTAG_MISS |   PMC2  |     754 |
+-----------------------+---------+---------+

+--------------------------------+--------------+
|             Metric             |    Core 0    |
+--------------------------------+--------------+
|       Runtime (RDTSC) [s]      |       0.0010 |
|      Runtime unhalted [s]      |       0.0002 |
|           Clock [MHz]          |     798.1238 |
|               CPI              |       0.6514 |
|  L2D load bandwidth [MBytes/s] |      29.5157 |
|  L2D load data volume [GBytes] | 2.969600e-05 |
| L2D evict bandwidth [MBytes/s] |      16.3482 |
| L2D evict data volume [GBytes] | 1.644800e-05 |
|     L2 bandwidth [MBytes/s]    |      93.8270 |
|     L2 data volume [GBytes]    |       0.0001 |
+--------------------------------+--------------+

Region Generation, Group 1: L2
+-------------------+----------+
|    Region Info    |  Core 0  |
+-------------------+----------+
| RDTSC Runtime [s] | 1.055698 |
|     call count    |  4500000 |
+-------------------+----------+

+-----------------------+---------+-------------+
|         Event         | Counter |    Core 0   |
+-----------------------+---------+-------------+
|   INSTR_RETIRED_ANY   |  FIXC0  | 16857980000 |
| CPU_CLK_UNHALTED_CORE |  FIXC1  | 39134570000 |
|  CPU_CLK_UNHALTED_REF |  FIXC2  | 40670510000 |
|    L1D_REPLACEMENT    |   PMC0  |   951945100 |
|      L1D_M_EVICT      |   PMC1  |   279186500 |
| ICACHE_64B_IFTAG_MISS |   PMC2  |  1640602000 |
+-----------------------+---------+-------------+

+--------------------------------+-------------+
|             Metric             |    Core 0   |
+--------------------------------+-------------+
|       Runtime (RDTSC) [s]      |      1.0557 |
|      Runtime unhalted [s]      |     15.0983 |
|           Clock [MHz]          |   2494.0962 |
|               CPI              |      2.3214 |
|  L2D load bandwidth [MBytes/s] |  57710.1467 |
|  L2D load data volume [GBytes] |     60.9245 |
| L2D evict bandwidth [MBytes/s] |  16925.2343 |
| L2D evict data volume [GBytes] |     17.8679 |
|     L2 bandwidth [MBytes/s]    | 174094.2489 |
|     L2 data volume [GBytes]    |    183.7910 |
+--------------------------------+-------------+

Region Core, Group 1: L2
+-------------------+----------+
|    Region Info    |  Core 0  |
+-------------------+----------+
| RDTSC Runtime [s] | 0.029517 |
|     call count    |        1 |
+-------------------+----------+

+-----------------------+---------+-----------+
|         Event         | Counter |   Core 0  |
+-----------------------+---------+-----------+
|   INSTR_RETIRED_ANY   |  FIXC0  | 175926800 |
| CPU_CLK_UNHALTED_CORE |  FIXC1  |  72925740 |
|  CPU_CLK_UNHALTED_REF |  FIXC2  |  75785650 |
|    L1D_REPLACEMENT    |   PMC0  |    430865 |
|      L1D_M_EVICT      |   PMC1  |      2539 |
| ICACHE_64B_IFTAG_MISS |   PMC2  |      1277 |
+-----------------------+---------+-----------+

+--------------------------------+-----------+
|             Metric             |   Core 0  |
+--------------------------------+-----------+
|       Runtime (RDTSC) [s]      |    0.0295 |
|      Runtime unhalted [s]      |    0.0281 |
|           Clock [MHz]          | 2494.1704 |
|               CPI              |    0.4145 |
|  L2D load bandwidth [MBytes/s] |  934.2237 |
|  L2D load data volume [GBytes] |    0.0276 |
| L2D evict bandwidth [MBytes/s] |    5.5052 |
| L2D evict data volume [GBytes] |    0.0002 |
|     L2 bandwidth [MBytes/s]    |  942.4978 |
|     L2 data volume [GBytes]    |    0.0278 |
+--------------------------------+-----------+

--------------------------------------------------------------------------------
CPU name:	Intel(R) Core(TM) i7-6500U CPU @ 2.50GHz
CPU type:	Intel Skylake processor
CPU clock:	2.59 GHz
--------------------------------------------------------------------------------
Bloom Join
-----------------
4194304 Buckets 2 Hash Functions
Initialization: 0 ms 
Bloom Filter Generation: 226763 ms 
Join Core: 30 ms 
14882 linhas
226795 ms 

--------------------------------------------------------------------------------
Region Initialization, Group 1: L3
+-------------------+----------+
|    Region Info    |  Core 0  |
+-------------------+----------+
| RDTSC Runtime [s] | 0.000426 |
|     call count    |        1 |
+-------------------+----------+

+-----------------------+---------+--------+
|         Event         | Counter | Core 0 |
+-----------------------+---------+--------+
|   INSTR_RETIRED_ANY   |  FIXC0  | 922366 |
| CPU_CLK_UNHALTED_CORE |  FIXC1  | 606071 |
|  CPU_CLK_UNHALTED_REF |  FIXC2  | 749520 |
|    L2_LINES_IN_ALL    |   PMC0  |   1227 |
|     L2_TRANS_L2_WB    |   PMC1  |    367 |
+-----------------------+---------+--------+

+-------------------------------+--------------+
|             Metric            |    Core 0    |
+-------------------------------+--------------+
|      Runtime (RDTSC) [s]      |       0.0004 |
|      Runtime unhalted [s]     |       0.0002 |
|          Clock [MHz]          |    2095.9137 |
|              CPI              |       0.6571 |
|  L3 load bandwidth [MBytes/s] |     184.1460 |
|  L3 load data volume [GBytes] |       0.0001 |
| L3 evict bandwidth [MBytes/s] |      55.0787 |
| L3 evict data volume [GBytes] | 2.348800e-05 |
|    L3 bandwidth [MBytes/s]    |     239.2247 |
|    L3 data volume [GBytes]    |       0.0001 |
+-------------------------------+--------------+

Region Generation, Group 1: L3
+-------------------+----------+
|    Region Info    |  Core 0  |
+-------------------+----------+
| RDTSC Runtime [s] | 1.196391 |
|     call count    |  4500000 |
+-------------------+----------+

+-----------------------+---------+-------------+
|         Event         | Counter |    Core 0   |
+-----------------------+---------+-------------+
|   INSTR_RETIRED_ANY   |  FIXC0  | 16439480000 |
| CPU_CLK_UNHALTED_CORE |  FIXC1  | 37992820000 |
|  CPU_CLK_UNHALTED_REF |  FIXC2  | 39483680000 |
|    L2_LINES_IN_ALL    |   PMC0  |   490689900 |
|     L2_TRANS_L2_WB    |   PMC1  |    71748810 |
+-----------------------+---------+-------------+

+-------------------------------+------------+
|             Metric            |   Core 0   |
+-------------------------------+------------+
|      Runtime (RDTSC) [s]      |     1.1964 |
|      Runtime unhalted [s]     |    14.6578 |
|          Clock [MHz]          |  2494.1181 |
|              CPI              |     2.3111 |
|  L3 load bandwidth [MBytes/s] | 26249.0721 |
|  L3 load data volume [GBytes] |    31.4042 |
| L3 evict bandwidth [MBytes/s] |  3838.1464 |
| L3 evict data volume [GBytes] |     4.5919 |
|    L3 bandwidth [MBytes/s]    | 30087.2185 |
|    L3 data volume [GBytes]    |    35.9961 |
+-------------------------------+------------+

Region Core, Group 1: L3
+-------------------+----------+
|    Region Info    |  Core 0  |
+-------------------+----------+
| RDTSC Runtime [s] | 0.029838 |
|     call count    |        1 |
+-------------------+----------+

+-----------------------+---------+-----------+
|         Event         | Counter |   Core 0  |
+-----------------------+---------+-----------+
|   INSTR_RETIRED_ANY   |  FIXC0  | 175926700 |
| CPU_CLK_UNHALTED_CORE |  FIXC1  |  73632440 |
|  CPU_CLK_UNHALTED_REF |  FIXC2  |  76519840 |
|    L2_LINES_IN_ALL    |   PMC0  |    480677 |
|     L2_TRANS_L2_WB    |   PMC1  |     49166 |
+-----------------------+---------+-----------+

+-------------------------------+-----------+
|             Metric            |   Core 0  |
+-------------------------------+-----------+
|      Runtime (RDTSC) [s]      |    0.0298 |
|      Runtime unhalted [s]     |    0.0284 |
|          Clock [MHz]          | 2494.1826 |
|              CPI              |    0.4185 |
|  L3 load bandwidth [MBytes/s] | 1031.0131 |
|  L3 load data volume [GBytes] |    0.0308 |
| L3 evict bandwidth [MBytes/s] |  105.4571 |
| L3 evict data volume [GBytes] |    0.0031 |
|    L3 bandwidth [MBytes/s]    | 1136.4702 |
|    L3 data volume [GBytes]    |    0.0339 |
+-------------------------------+-----------+

--------------------------------------------------------------------------------
CPU name:	Intel(R) Core(TM) i7-6500U CPU @ 2.50GHz
CPU type:	Intel Skylake processor
CPU clock:	2.59 GHz
--------------------------------------------------------------------------------
Bloom Join
-----------------
4194304 Buckets 2 Hash Functions
Initialization: 0 ms 
Bloom Filter Generation: 232210 ms 
Join Core: 30 ms 
14882 linhas
232241 ms 

--------------------------------------------------------------------------------
Region Initialization, Group 1: L3
+-------------------+----------+
|    Region Info    |  Core 0  |
+-------------------+----------+
| RDTSC Runtime [s] | 0.000336 |
|     call count    |        1 |
+-------------------+----------+

+-----------------------+---------+--------+
|         Event         | Counter | Core 0 |
+-----------------------+---------+--------+
|   INSTR_RETIRED_ANY   |  FIXC0  | 922366 |
| CPU_CLK_UNHALTED_CORE |  FIXC1  | 589533 |
|  CPU_CLK_UNHALTED_REF |  FIXC2  | 613224 |
|    L2_LINES_IN_ALL    |   PMC0  |   2398 |
|     L2_TRANS_L2_WB    |   PMC1  |    450 |
+-----------------------+---------+--------+

+-------------------------------+--------------+
|             Metric            |    Core 0    |
+-------------------------------+--------------+
|      Runtime (RDTSC) [s]      |       0.0003 |
|      Runtime unhalted [s]     |       0.0002 |
|          Clock [MHz]          |    2491.6773 |
|              CPI              |       0.6392 |
|  L3 load bandwidth [MBytes/s] |     456.9275 |
|  L3 load data volume [GBytes] |       0.0002 |
| L3 evict bandwidth [MBytes/s] |      85.7454 |
| L3 evict data volume [GBytes] | 2.880000e-05 |
|    L3 bandwidth [MBytes/s]    |     542.6729 |
|    L3 data volume [GBytes]    |       0.0002 |
+-------------------------------+--------------+

Region Generation, Group 1: L3
+-------------------+----------+
|    Region Info    |  Core 0  |
+-------------------+----------+
| RDTSC Runtime [s] | 1.196062 |
|     call count    |  4500000 |
+-------------------+----------+

+-----------------------+---------+-------------+
|         Event         | Counter |    Core 0   |
+-----------------------+---------+-------------+
|   INSTR_RETIRED_ANY   |  FIXC0  | 16439480000 |
| CPU_CLK_UNHALTED_CORE |  FIXC1  | 39242480000 |
|  CPU_CLK_UNHALTED_REF |  FIXC2  | 40782710000 |
|    L2_LINES_IN_ALL    |   PMC0  |   631954100 |
|     L2_TRANS_L2_WB    |   PMC1  |   131929000 |
+-----------------------+---------+-------------+

+-------------------------------+------------+
|             Metric            |   Core 0   |
+-------------------------------+------------+
|      Runtime (RDTSC) [s]      |     1.1961 |
|      Runtime unhalted [s]     |    15.1410 |
|          Clock [MHz]          |  2493.9238 |
|              CPI              |     2.3871 |
|  L3 load bandwidth [MBytes/s] | 33815.1888 |
|  L3 load data volume [GBytes] |    40.4451 |
| L3 evict bandwidth [MBytes/s] |  7059.3799 |
| L3 evict data volume [GBytes] |     8.4435 |
|    L3 bandwidth [MBytes/s]    | 40874.5687 |
|    L3 data volume [GBytes]    |    48.8885 |
+-------------------------------+------------+

Region Core, Group 1: L3
+-------------------+----------+
|    Region Info    |  Core 0  |
+-------------------+----------+
| RDTSC Runtime [s] | 0.029797 |
|     call count    |        1 |
+-------------------+----------+

+-----------------------+---------+-----------+
|         Event         | Counter |   Core 0  |
+-----------------------+---------+-----------+
|   INSTR_RETIRED_ANY   |  FIXC0  | 175926700 |
| CPU_CLK_UNHALTED_CORE |  FIXC1  |  73435000 |
|  CPU_CLK_UNHALTED_REF |  FIXC2  |  76314420 |
|    L2_LINES_IN_ALL    |   PMC0  |    482618 |
|     L2_TRANS_L2_WB    |   PMC1  |     57696 |
+-----------------------+---------+-----------+

+-------------------------------+-----------+
|             Metric            |   Core 0  |
+-------------------------------+-----------+
|      Runtime (RDTSC) [s]      |    0.0298 |
|      Runtime unhalted [s]     |    0.0283 |
|          Clock [MHz]          | 2494.0165 |
|              CPI              |    0.4174 |
|  L3 load bandwidth [MBytes/s] | 1036.6157 |
|  L3 load data volume [GBytes] |    0.0309 |
| L3 evict bandwidth [MBytes/s] |  123.9253 |
| L3 evict data volume [GBytes] |    0.0037 |
|    L3 bandwidth [MBytes/s]    | 1160.5410 |
|    L3 data volume [GBytes]    |    0.0346 |
+-------------------------------+-----------+

--------------------------------------------------------------------------------
CPU name:	Intel(R) Core(TM) i7-6500U CPU @ 2.50GHz
CPU type:	Intel Skylake processor
CPU clock:	2.59 GHz
--------------------------------------------------------------------------------
Bloom Join
-----------------
4194304 Buckets 2 Hash Functions
Initialization: 1 ms 
Bloom Filter Generation: 230556 ms 
Join Core: 33 ms 
14882 linhas
230593 ms 

--------------------------------------------------------------------------------
Region Initialization, Group 1: L3
+-------------------+----------+
|    Region Info    |  Core 0  |
+-------------------+----------+
| RDTSC Runtime [s] | 0.001033 |
|     call count    |        1 |
+-------------------+----------+

+-----------------------+---------+---------+
|         Event         | Counter |  Core 0 |
+-----------------------+---------+---------+
|   INSTR_RETIRED_ANY   |  FIXC0  |  922367 |
| CPU_CLK_UNHALTED_CORE |  FIXC1  |  585450 |
|  CPU_CLK_UNHALTED_REF |  FIXC2  | 1901124 |
|    L2_LINES_IN_ALL    |   PMC0  |    1284 |
|     L2_TRANS_L2_WB    |   PMC1  |     411 |
+-----------------------+---------+---------+

+-------------------------------+--------------+
|             Metric            |    Core 0    |
+-------------------------------+--------------+
|      Runtime (RDTSC) [s]      |       0.0010 |
|      Runtime unhalted [s]     |       0.0002 |
|          Clock [MHz]          |     798.0276 |
|              CPI              |       0.6347 |
|  L3 load bandwidth [MBytes/s] |      79.5768 |
|  L3 load data volume [GBytes] |       0.0001 |
| L3 evict bandwidth [MBytes/s] |      25.4720 |
| L3 evict data volume [GBytes] | 2.630400e-05 |
|    L3 bandwidth [MBytes/s]    |     105.0488 |
|    L3 data volume [GBytes]    |       0.0001 |
+-------------------------------+--------------+

Region Generation, Group 1: L3
+-------------------+----------+
|    Region Info    |  Core 0  |
+-------------------+----------+
| RDTSC Runtime [s] | 1.091300 |
|     call count    |  4500000 |
+-------------------+----------+

+-----------------------+---------+-------------+
|         Event         | Counter |    Core 0   |
+-----------------------+---------+-------------+
|   INSTR_RETIRED_ANY   |  FIXC0  | 16439480000 |
| CPU_CLK_UNHALTED_CORE |  FIXC1  | 38717740000 |
|  CPU_CLK_UNHALTED_REF |  FIXC2  | 40237600000 |
|    L2_LINES_IN_ALL    |   PMC0  |   474618900 |
|     L2_TRANS_L2_WB    |   PMC1  |   107734800 |
+-----------------------+---------+-------------+

+-------------------------------+------------+
|             Metric            |   Core 0   |
+-------------------------------+------------+
|      Runtime (RDTSC) [s]      |     1.0913 |
|      Runtime unhalted [s]     |    14.9407 |
|          Clock [MHz]          |  2493.5409 |
|              CPI              |     2.3552 |
|  L3 load bandwidth [MBytes/s] | 27834.3348 |
|  L3 load data volume [GBytes] |    30.3756 |
| L3 evict bandwidth [MBytes/s] |  6318.1776 |
| L3 evict data volume [GBytes] |     6.8950 |
|    L3 bandwidth [MBytes/s]    | 34152.5124 |
|    L3 data volume [GBytes]    |    37.2706 |
+-------------------------------+------------+

Region Core, Group 1: L3
+-------------------+----------+
|    Region Info    |  Core 0  |
+-------------------+----------+
| RDTSC Runtime [s] | 0.033395 |
|     call count    |        1 |
+-------------------+----------+

+-----------------------+---------+-----------+
|         Event         | Counter |   Core 0  |
+-----------------------+---------+-----------+
|   INSTR_RETIRED_ANY   |  FIXC0  | 175926700 |
| CPU_CLK_UNHALTED_CORE |  FIXC1  |  82216580 |
|  CPU_CLK_UNHALTED_REF |  FIXC2  |  85441180 |
|    L2_LINES_IN_ALL    |   PMC0  |    518845 |
|     L2_TRANS_L2_WB    |   PMC1  |     72329 |
+-----------------------+---------+-----------+

+-------------------------------+-----------+
|             Metric            |   Core 0  |
+-------------------------------+-----------+
|      Runtime (RDTSC) [s]      |    0.0334 |
|      Runtime unhalted [s]     |    0.0317 |
|          Clock [MHz]          | 2493.6226 |
|              CPI              |    0.4673 |
|  L3 load bandwidth [MBytes/s] |  994.3429 |
|  L3 load data volume [GBytes] |    0.0332 |
| L3 evict bandwidth [MBytes/s] |  138.6152 |
| L3 evict data volume [GBytes] |    0.0046 |
|    L3 bandwidth [MBytes/s]    | 1132.9581 |
|    L3 data volume [GBytes]    |    0.0378 |
+-------------------------------+-----------+

--------------------------------------------------------------------------------
CPU name:	Intel(R) Core(TM) i7-6500U CPU @ 2.50GHz
CPU type:	Intel Skylake processor
CPU clock:	2.59 GHz
--------------------------------------------------------------------------------
Bloom Join
-----------------
4194304 Buckets 2 Hash Functions
Initialization: 1 ms 
Bloom Filter Generation: 196306 ms 
Join Core: 25 ms 
14882 linhas
196334 ms 

--------------------------------------------------------------------------------
Region Initialization, Group 1: L3
+-------------------+----------+
|    Region Info    |  Core 0  |
+-------------------+----------+
| RDTSC Runtime [s] | 0.000982 |
|     call count    |        1 |
+-------------------+----------+

+-----------------------+---------+---------+
|         Event         | Counter |  Core 0 |
+-----------------------+---------+---------+
|   INSTR_RETIRED_ANY   |  FIXC0  |  922366 |
| CPU_CLK_UNHALTED_CORE |  FIXC1  |  593655 |
|  CPU_CLK_UNHALTED_REF |  FIXC2  | 1928124 |
|    L2_LINES_IN_ALL    |   PMC0  |     924 |
|     L2_TRANS_L2_WB    |   PMC1  |     194 |
+-----------------------+---------+---------+

+-------------------------------+--------------+
|             Metric            |    Core 0    |
+-------------------------------+--------------+
|      Runtime (RDTSC) [s]      |       0.0010 |
|      Runtime unhalted [s]     |       0.0002 |
|          Clock [MHz]          |     798.0544 |
|              CPI              |       0.6436 |
|  L3 load bandwidth [MBytes/s] |      60.1932 |
|  L3 load data volume [GBytes] |       0.0001 |
| L3 evict bandwidth [MBytes/s] |      12.6380 |
| L3 evict data volume [GBytes] | 1.241600e-05 |
|    L3 bandwidth [MBytes/s]    |      72.8312 |
|    L3 data volume [GBytes]    |       0.0001 |
+-------------------------------+--------------+

Region Generation, Group 1: L3
+-------------------+----------+
|    Region Info    |  Core 0  |
+-------------------+----------+
| RDTSC Runtime [s] | 1.092732 |
|     call count    |  4500000 |
+-------------------+----------+

+-----------------------+---------+-------------+
|         Event         | Counter |    Core 0   |
+-----------------------+---------+-------------+
|   INSTR_RETIRED_ANY   |  FIXC0  | 16439480000 |
| CPU_CLK_UNHALTED_CORE |  FIXC1  | 41759900000 |
|  CPU_CLK_UNHALTED_REF |  FIXC2  | 35180370000 |
|    L2_LINES_IN_ALL    |   PMC0  |   819077600 |
|     L2_TRANS_L2_WB    |   PMC1  |   132156700 |
+-----------------------+---------+-------------+

+-------------------------------+------------+
|             Metric            |   Core 0   |
+-------------------------------+------------+
|      Runtime (RDTSC) [s]      |     1.0927 |
|      Runtime unhalted [s]     |    16.1111 |
|          Clock [MHz]          |  3076.7512 |
|              CPI              |     2.5402 |
|  L3 load bandwidth [MBytes/s] | 47972.3907 |
|  L3 load data volume [GBytes] |    52.4210 |
| L3 evict bandwidth [MBytes/s] |  7740.2591 |
| L3 evict data volume [GBytes] |     8.4580 |
|    L3 bandwidth [MBytes/s]    | 55712.6498 |
|    L3 data volume [GBytes]    |    60.8790 |
+-------------------------------+------------+

Region Core, Group 1: L3
+-------------------+----------+
|    Region Info    |  Core 0  |
+-------------------+----------+
| RDTSC Runtime [s] | 0.024924 |
|     call count    |        1 |
+-------------------+----------+

+-----------------------+---------+-----------+
|         Event         | Counter |   Core 0  |
+-----------------------+---------+-----------+
|   INSTR_RETIRED_ANY   |  FIXC0  | 175926700 |
| CPU_CLK_UNHALTED_CORE |  FIXC1  |  73553930 |
|  CPU_CLK_UNHALTED_REF |  FIXC2  |  61891670 |
|    L2_LINES_IN_ALL    |   PMC0  |    481129 |
|     L2_TRANS_L2_WB    |   PMC1  |     58004 |
+-----------------------+---------+-----------+

+-------------------------------+-----------+
|             Metric            |   Core 0  |
+-------------------------------+-----------+
|      Runtime (RDTSC) [s]      |    0.0249 |
|      Runtime unhalted [s]     |    0.0284 |
|          Clock [MHz]          | 3080.3992 |
|              CPI              |    0.4181 |
|  L3 load bandwidth [MBytes/s] | 1235.4247 |
|  L3 load data volume [GBytes] |    0.0308 |
| L3 evict bandwidth [MBytes/s] |  148.9405 |
| L3 evict data volume [GBytes] |    0.0037 |
|    L3 bandwidth [MBytes/s]    | 1384.3651 |
|    L3 data volume [GBytes]    |    0.0345 |
+-------------------------------+-----------+

--------------------------------------------------------------------------------
CPU name:	Intel(R) Core(TM) i7-6500U CPU @ 2.50GHz
CPU type:	Intel Skylake processor
CPU clock:	2.59 GHz
--------------------------------------------------------------------------------
Bloom Join
-----------------
4194304 Buckets 2 Hash Functions
Initialization: 1 ms 
Bloom Filter Generation: 192047 ms 
Join Core: 25 ms 
14882 linhas
192076 ms 

--------------------------------------------------------------------------------
Region Initialization, Group 1: L3
+-------------------+----------+
|    Region Info    |  Core 0  |
+-------------------+----------+
| RDTSC Runtime [s] | 0.001004 |
|     call count    |        1 |
+-------------------+----------+

+-----------------------+---------+---------+
|         Event         | Counter |  Core 0 |
+-----------------------+---------+---------+
|   INSTR_RETIRED_ANY   |  FIXC0  |  922366 |
| CPU_CLK_UNHALTED_CORE |  FIXC1  |  606556 |
|  CPU_CLK_UNHALTED_REF |  FIXC2  | 1970352 |
|    L2_LINES_IN_ALL    |   PMC0  |     937 |
|     L2_TRANS_L2_WB    |   PMC1  |     234 |
+-----------------------+---------+---------+

+-------------------------------+--------------+
|             Metric            |    Core 0    |
+-------------------------------+--------------+
|      Runtime (RDTSC) [s]      |       0.0010 |
|      Runtime unhalted [s]     |       0.0002 |
|          Clock [MHz]          |     797.9192 |
|              CPI              |       0.6576 |
|  L3 load bandwidth [MBytes/s] |      59.7079 |
|  L3 load data volume [GBytes] |       0.0001 |
| L3 evict bandwidth [MBytes/s] |      14.9110 |
| L3 evict data volume [GBytes] | 1.497600e-05 |
|    L3 bandwidth [MBytes/s]    |      74.6190 |
|    L3 data volume [GBytes]    |       0.0001 |
+-------------------------------+--------------+

Region Generation, Group 1: L3
+-------------------+----------+
|    Region Info    |  Core 0  |
+-------------------+----------+
| RDTSC Runtime [s] | 0.966090 |
|     call count    |  4500000 |
+-------------------+----------+

+-----------------------+---------+-------------+
|         Event         | Counter |    Core 0   |
+-----------------------+---------+-------------+
|   INSTR_RETIRED_ANY   |  FIXC0  | 16439480000 |
| CPU_CLK_UNHALTED_CORE |  FIXC1  | 39278550000 |
|  CPU_CLK_UNHALTED_REF |  FIXC2  | 33120700000 |
|    L2_LINES_IN_ALL    |   PMC0  |   606921100 |
|     L2_TRANS_L2_WB    |   PMC1  |   109208000 |
+-----------------------+---------+-------------+

+-------------------------------+------------+
|             Metric            |   Core 0   |
+-------------------------------+------------+
|      Runtime (RDTSC) [s]      |     0.9661 |
|      Runtime unhalted [s]     |    15.1539 |
|          Clock [MHz]          |  3073.8860 |
|              CPI              |     2.3893 |
|  L3 load bandwidth [MBytes/s] | 40206.3352 |
|  L3 load data volume [GBytes] |    38.8430 |
| L3 evict bandwidth [MBytes/s] |  7234.6363 |
| L3 evict data volume [GBytes] |     6.9893 |
|    L3 bandwidth [MBytes/s]    | 47440.9715 |
|    L3 data volume [GBytes]    |    45.8323 |
+-------------------------------+------------+

Region Core, Group 1: L3
+-------------------+----------+
|    Region Info    |  Core 0  |
+-------------------+----------+
| RDTSC Runtime [s] | 0.024845 |
|     call count    |        1 |
+-------------------+----------+

+-----------------------+---------+-----------+
|         Event         | Counter |   Core 0  |
+-----------------------+---------+-----------+
|   INSTR_RETIRED_ANY   |  FIXC0  | 175926700 |
| CPU_CLK_UNHALTED_CORE |  FIXC1  |  73385650 |
|  CPU_CLK_UNHALTED_REF |  FIXC2  |  61754830 |
|    L2_LINES_IN_ALL    |   PMC0  |    485159 |
|     L2_TRANS_L2_WB    |   PMC1  |     52819 |
+-----------------------+---------+-----------+

+-------------------------------+-----------+
|             Metric            |   Core 0  |
+-------------------------------+-----------+
|      Runtime (RDTSC) [s]      |    0.0248 |
|      Runtime unhalted [s]     |    0.0283 |
|          Clock [MHz]          | 3080.1512 |
|              CPI              |    0.4171 |
|  L3 load bandwidth [MBytes/s] | 1249.7505 |
|  L3 load data volume [GBytes] |    0.0311 |
| L3 evict bandwidth [MBytes/s] |  136.0597 |
| L3 evict data volume [GBytes] |    0.0034 |
|    L3 bandwidth [MBytes/s]    | 1385.8102 |
|    L3 data volume [GBytes]    |    0.0344 |
+-------------------------------+-----------+

--------------------------------------------------------------------------------
CPU name:	Intel(R) Core(TM) i7-6500U CPU @ 2.50GHz
CPU type:	Intel Skylake processor
CPU clock:	2.59 GHz
--------------------------------------------------------------------------------
Bloom Join
-----------------
4194304 Buckets 2 Hash Functions
Initialization: 1 ms 
Bloom Filter Generation: 229569 ms 
Join Core: 30 ms 
14882 linhas
229602 ms 

--------------------------------------------------------------------------------
Region Initialization, Group 1: L3
+-------------------+----------+
|    Region Info    |  Core 0  |
+-------------------+----------+
| RDTSC Runtime [s] | 0.001000 |
|     call count    |        1 |
+-------------------+----------+

+-----------------------+---------+---------+
|         Event         | Counter |  Core 0 |
+-----------------------+---------+---------+
|   INSTR_RETIRED_ANY   |  FIXC0  |  922366 |
| CPU_CLK_UNHALTED_CORE |  FIXC1  |  610218 |
|  CPU_CLK_UNHALTED_REF |  FIXC2  | 1982016 |
|    L2_LINES_IN_ALL    |   PMC0  |     905 |
|     L2_TRANS_L2_WB    |   PMC1  |     180 |
+-----------------------+---------+---------+

+-------------------------------+--------------+
|             Metric            |    Core 0    |
+-------------------------------+--------------+
|      Runtime (RDTSC) [s]      |       0.0010 |
|      Runtime unhalted [s]     |       0.0002 |
|          Clock [MHz]          |     798.0163 |
|              CPI              |       0.6616 |
|  L3 load bandwidth [MBytes/s] |      57.9338 |
|  L3 load data volume [GBytes] |       0.0001 |
| L3 evict bandwidth [MBytes/s] |      11.5227 |
| L3 evict data volume [GBytes] | 1.152000e-05 |
|    L3 bandwidth [MBytes/s]    |      69.4566 |
|    L3 data volume [GBytes]    |       0.0001 |
+-------------------------------+--------------+

Region Generation, Group 1: L3
+-------------------+----------+
|    Region Info    |  Core 0  |
+-------------------+----------+
| RDTSC Runtime [s] | 1.183246 |
|     call count    |  4500000 |
+-------------------+----------+

+-----------------------+---------+-------------+
|         Event         | Counter |    Core 0   |
+-----------------------+---------+-------------+
|   INSTR_RETIRED_ANY   |  FIXC0  | 16439580000 |
| CPU_CLK_UNHALTED_CORE |  FIXC1  | 38634830000 |
|  CPU_CLK_UNHALTED_REF |  FIXC2  | 40151990000 |
|    L2_LINES_IN_ALL    |   PMC0  |   618083500 |
|     L2_TRANS_L2_WB    |   PMC1  |    89657690 |
+-----------------------+---------+-------------+

+-------------------------------+------------+
|             Metric            |   Core 0   |
+-------------------------------+------------+
|      Runtime (RDTSC) [s]      |     1.1832 |
|      Runtime unhalted [s]     |    14.9054 |
|          Clock [MHz]          |  2494.0540 |
|              CPI              |     2.3501 |
|  L3 load bandwidth [MBytes/s] | 33431.2087 |
|  L3 load data volume [GBytes] |    39.5573 |
| L3 evict bandwidth [MBytes/s] |  4849.4499 |
| L3 evict data volume [GBytes] |     5.7381 |
|    L3 bandwidth [MBytes/s]    | 38280.6586 |
|    L3 data volume [GBytes]    |    45.2954 |
+-------------------------------+------------+

Region Core, Group 1: L3
+-------------------+----------+
|    Region Info    |  Core 0  |
+-------------------+----------+
| RDTSC Runtime [s] | 0.029580 |
|     call count    |        1 |
+-------------------+----------+

+-----------------------+---------+-----------+
|         Event         | Counter |   Core 0  |
+-----------------------+---------+-----------+
|   INSTR_RETIRED_ANY   |  FIXC0  | 175926700 |
| CPU_CLK_UNHALTED_CORE |  FIXC1  |  73163960 |
|  CPU_CLK_UNHALTED_REF |  FIXC2  |  76033400 |
|    L2_LINES_IN_ALL    |   PMC0  |    482971 |
|     L2_TRANS_L2_WB    |   PMC1  |     44768 |
+-----------------------+---------+-----------+

+-------------------------------+-----------+
|             Metric            |   Core 0  |
+-------------------------------+-----------+
|      Runtime (RDTSC) [s]      |    0.0296 |
|      Runtime unhalted [s]     |    0.0282 |
|          Clock [MHz]          | 2494.1738 |
|              CPI              |    0.4159 |
|  L3 load bandwidth [MBytes/s] | 1044.9574 |
|  L3 load data volume [GBytes] |    0.0309 |
| L3 evict bandwidth [MBytes/s] |   96.8602 |
| L3 evict data volume [GBytes] |    0.0029 |
|    L3 bandwidth [MBytes/s]    | 1141.8176 |
|    L3 data volume [GBytes]    |    0.0338 |
+-------------------------------+-----------+

--------------------------------------------------------------------------------
CPU name:	Intel(R) Core(TM) i7-6500U CPU @ 2.50GHz
CPU type:	Intel Skylake processor
CPU clock:	2.59 GHz
--------------------------------------------------------------------------------
Bloom Join
-----------------
4194304 Buckets 2 Hash Functions
Initialization: 1 ms 
Bloom Filter Generation: 189777 ms 
Join Core: 25 ms 
14882 linhas
189804 ms 

--------------------------------------------------------------------------------
Region Initialization, Group 1: L3
+-------------------+----------+
|    Region Info    |  Core 0  |
+-------------------+----------+
| RDTSC Runtime [s] | 0.001003 |
|     call count    |        1 |
+-------------------+----------+

+-----------------------+---------+---------+
|         Event         | Counter |  Core 0 |
+-----------------------+---------+---------+
|   INSTR_RETIRED_ANY   |  FIXC0  |  922367 |
| CPU_CLK_UNHALTED_CORE |  FIXC1  |  594349 |
|  CPU_CLK_UNHALTED_REF |  FIXC2  | 1928664 |
|    L2_LINES_IN_ALL    |   PMC0  |    1090 |
|     L2_TRANS_L2_WB    |   PMC1  |     286 |
+-----------------------+---------+---------+

+-------------------------------+--------------+
|             Metric            |    Core 0    |
+-------------------------------+--------------+
|      Runtime (RDTSC) [s]      |       0.0010 |
|      Runtime unhalted [s]     |       0.0002 |
|          Clock [MHz]          |     798.7315 |
|              CPI              |       0.6444 |
|  L3 load bandwidth [MBytes/s] |      69.5583 |
|  L3 load data volume [GBytes] |       0.0001 |
| L3 evict bandwidth [MBytes/s] |      18.2511 |
| L3 evict data volume [GBytes] | 1.830400e-05 |
|    L3 bandwidth [MBytes/s]    |      87.8094 |
|    L3 data volume [GBytes]    |       0.0001 |
+-------------------------------+--------------+

Region Generation, Group 1: L3
+-------------------+----------+
|    Region Info    |  Core 0  |
+-------------------+----------+
| RDTSC Runtime [s] | 1.060476 |
|     call count    |  4500000 |
+-------------------+----------+

+-----------------------+---------+-------------+
|         Event         | Counter |    Core 0   |
+-----------------------+---------+-------------+
|   INSTR_RETIRED_ANY   |  FIXC0  | 16441820000 |
| CPU_CLK_UNHALTED_CORE |  FIXC1  | 39884800000 |
|  CPU_CLK_UNHALTED_REF |  FIXC2  | 33511390000 |
|    L2_LINES_IN_ALL    |   PMC0  |   494819000 |
|     L2_TRANS_L2_WB    |   PMC1  |    83452660 |
+-----------------------+---------+-------------+

+-------------------------------+------------+
|             Metric            |   Core 0   |
+-------------------------------+------------+
|      Runtime (RDTSC) [s]      |     1.0605 |
|      Runtime unhalted [s]     |    15.3883 |
|          Clock [MHz]          |  3084.8272 |
|              CPI              |     2.4258 |
|  L3 load bandwidth [MBytes/s] | 29862.4542 |
|  L3 load data volume [GBytes] |    31.6684 |
| L3 evict bandwidth [MBytes/s] |  5036.3895 |
| L3 evict data volume [GBytes] |     5.3410 |
|    L3 bandwidth [MBytes/s]    | 34898.8438 |
|    L3 data volume [GBytes]    |    37.0094 |
+-------------------------------+------------+

Region Core, Group 1: L3
+-------------------+----------+
|    Region Info    |  Core 0  |
+-------------------+----------+
| RDTSC Runtime [s] | 0.024584 |
|     call count    |        1 |
+-------------------+----------+

+-----------------------+---------+-----------+
|         Event         | Counter |   Core 0  |
+-----------------------+---------+-----------+
|   INSTR_RETIRED_ANY   |  FIXC0  | 175926700 |
| CPU_CLK_UNHALTED_CORE |  FIXC1  |  73552880 |
|  CPU_CLK_UNHALTED_REF |  FIXC2  |  61663900 |
|    L2_LINES_IN_ALL    |   PMC0  |    482052 |
|     L2_TRANS_L2_WB    |   PMC1  |     45159 |
+-----------------------+---------+-----------+

+-------------------------------+-----------+
|             Metric            |   Core 0  |
+-------------------------------+-----------+
|      Runtime (RDTSC) [s]      |    0.0246 |
|      Runtime unhalted [s]     |    0.0284 |
|          Clock [MHz]          | 3091.6090 |
|              CPI              |    0.4181 |
|  L3 load bandwidth [MBytes/s] | 1254.9455 |
|  L3 load data volume [GBytes] |    0.0309 |
| L3 evict bandwidth [MBytes/s] |  117.5642 |
| L3 evict data volume [GBytes] |    0.0029 |
|    L3 bandwidth [MBytes/s]    | 1372.5097 |
|    L3 data volume [GBytes]    |    0.0337 |
+-------------------------------+-----------+

