--------------------------------------------------------------------------------
CPU name:	Intel(R) Core(TM) i7-6500U CPU @ 2.50GHz
CPU type:	Intel Skylake processor
CPU clock:	2.59 GHz
--------------------------------------------------------------------------------
Bloom Join
-----------------
4194304 Buckets 0 Hash Functions
Initialization: 1 ms 
Bloom Filter Generation: 69191 ms 
Join Core: 16 ms 
14541 linhas
69209 ms 

--------------------------------------------------------------------------------
Region Initialization, Group 1: L2
+-------------------+----------+
|    Region Info    |  Core 0  |
+-------------------+----------+
| RDTSC Runtime [s] | 0.001023 |
|     call count    |        1 |
+-------------------+----------+

+-----------------------+---------+---------+
|         Event         | Counter |  Core 0 |
+-----------------------+---------+---------+
|   INSTR_RETIRED_ANY   |  FIXC0  |  922460 |
| CPU_CLK_UNHALTED_CORE |  FIXC1  |  607754 |
|  CPU_CLK_UNHALTED_REF |  FIXC2  | 1973700 |
|    L1D_REPLACEMENT    |   PMC0  |     512 |
|      L1D_M_EVICT      |   PMC1  |     281 |
| ICACHE_64B_IFTAG_MISS |   PMC2  |     847 |
+-----------------------+---------+---------+

+--------------------------------+--------------+
|             Metric             |    Core 0    |
+--------------------------------+--------------+
|       Runtime (RDTSC) [s]      |       0.0010 |
|      Runtime unhalted [s]      |       0.0002 |
|           Clock [MHz]          |     798.1397 |
|               CPI              |       0.6588 |
|  L2D load bandwidth [MBytes/s] |      32.0316 |
|  L2D load data volume [GBytes] | 3.276800e-05 |
| L2D evict bandwidth [MBytes/s] |      17.5798 |
| L2D evict data volume [GBytes] | 1.798400e-05 |
|     L2 bandwidth [MBytes/s]    |     102.6012 |
|     L2 data volume [GBytes]    |       0.0001 |
+--------------------------------+--------------+

Region Generation, Group 1: L2
+-------------------+----------+
|    Region Info    |  Core 0  |
+-------------------+----------+
| RDTSC Runtime [s] | 0.297618 |
|     call count    |  1500000 |
+-------------------+----------+

+-----------------------+---------+-------------+
|         Event         | Counter |    Core 0   |
+-----------------------+---------+-------------+
|   INSTR_RETIRED_ANY   |  FIXC0  |  5539447000 |
| CPU_CLK_UNHALTED_CORE |  FIXC1  | 13431870000 |
|  CPU_CLK_UNHALTED_REF |  FIXC2  | 11269150000 |
|    L1D_REPLACEMENT    |   PMC0  |   309389600 |
|      L1D_M_EVICT      |   PMC1  |    93880080 |
| ICACHE_64B_IFTAG_MISS |   PMC2  |   616269400 |
+-----------------------+---------+-------------+

+--------------------------------+-------------+
|             Metric             |    Core 0   |
+--------------------------------+-------------+
|       Runtime (RDTSC) [s]      |      0.2976 |
|      Runtime unhalted [s]      |      5.1821 |
|           Clock [MHz]          |   3089.4241 |
|               CPI              |      2.4248 |
|  L2D load bandwidth [MBytes/s] |  66531.3291 |
|  L2D load data volume [GBytes] |     19.8009 |
| L2D evict bandwidth [MBytes/s] |  20188.0299 |
| L2D evict data volume [GBytes] |      6.0083 |
|     L2 bandwidth [MBytes/s]    | 219242.3082 |
|     L2 data volume [GBytes]    |     65.2505 |
+--------------------------------+-------------+

Region Core, Group 1: L2
+-------------------+----------+
|    Region Info    |  Core 0  |
+-------------------+----------+
| RDTSC Runtime [s] | 0.015690 |
|     call count    |        1 |
+-------------------+----------+

+-----------------------+---------+-----------+
|         Event         | Counter |   Core 0  |
+-----------------------+---------+-----------+
|   INSTR_RETIRED_ANY   |  FIXC0  | 116835100 |
| CPU_CLK_UNHALTED_CORE |  FIXC1  |  47234890 |
|  CPU_CLK_UNHALTED_REF |  FIXC2  |  39604140 |
|    L1D_REPLACEMENT    |   PMC0  |    173717 |
|      L1D_M_EVICT      |   PMC1  |      2009 |
| ICACHE_64B_IFTAG_MISS |   PMC2  |       957 |
+-----------------------+---------+-----------+

+--------------------------------+-----------+
|             Metric             |   Core 0  |
+--------------------------------+-----------+
|       Runtime (RDTSC) [s]      |    0.0157 |
|      Runtime unhalted [s]      |    0.0182 |
|           Clock [MHz]          | 3091.3952 |
|               CPI              |    0.4043 |
|  L2D load bandwidth [MBytes/s] |  708.6178 |
|  L2D load data volume [GBytes] |    0.0111 |
| L2D evict bandwidth [MBytes/s] |    8.1950 |
| L2D evict data volume [GBytes] |    0.0001 |
|     L2 bandwidth [MBytes/s]    |  720.7166 |
|     L2 data volume [GBytes]    |    0.0113 |
+--------------------------------+-----------+

--------------------------------------------------------------------------------
CPU name:	Intel(R) Core(TM) i7-6500U CPU @ 2.50GHz
CPU type:	Intel Skylake processor
CPU clock:	2.59 GHz
--------------------------------------------------------------------------------
Bloom Join
-----------------
4194304 Buckets 0 Hash Functions
Initialization: 1 ms 
Bloom Filter Generation: 68919 ms 
Join Core: 16 ms 
14541 linhas
68938 ms 

--------------------------------------------------------------------------------
Region Initialization, Group 1: L2
+-------------------+----------+
|    Region Info    |  Core 0  |
+-------------------+----------+
| RDTSC Runtime [s] | 0.000981 |
|     call count    |        1 |
+-------------------+----------+

+-----------------------+---------+---------+
|         Event         | Counter |  Core 0 |
+-----------------------+---------+---------+
|   INSTR_RETIRED_ANY   |  FIXC0  |  922459 |
| CPU_CLK_UNHALTED_CORE |  FIXC1  |  592707 |
|  CPU_CLK_UNHALTED_REF |  FIXC2  | 1924776 |
|    L1D_REPLACEMENT    |   PMC0  |     409 |
|      L1D_M_EVICT      |   PMC1  |     232 |
| ICACHE_64B_IFTAG_MISS |   PMC2  |     690 |
+-----------------------+---------+---------+

+--------------------------------+--------------+
|             Metric             |    Core 0    |
+--------------------------------+--------------+
|       Runtime (RDTSC) [s]      |       0.0010 |
|      Runtime unhalted [s]      |       0.0002 |
|           Clock [MHz]          |     798.1611 |
|               CPI              |       0.6425 |
|  L2D load bandwidth [MBytes/s] |      26.6780 |
|  L2D load data volume [GBytes] | 2.617600e-05 |
| L2D evict bandwidth [MBytes/s] |      15.1327 |
| L2D evict data volume [GBytes] | 1.484800e-05 |
|     L2 bandwidth [MBytes/s]    |      86.8176 |
|     L2 data volume [GBytes]    |       0.0001 |
+--------------------------------+--------------+

Region Generation, Group 1: L2
+-------------------+----------+
|    Region Info    |  Core 0  |
+-------------------+----------+
| RDTSC Runtime [s] | 0.278011 |
|     call count    |  1500000 |
+-------------------+----------+

+-----------------------+---------+-------------+
|         Event         | Counter |    Core 0   |
+-----------------------+---------+-------------+
|   INSTR_RETIRED_ANY   |  FIXC0  |  5539447000 |
| CPU_CLK_UNHALTED_CORE |  FIXC1  | 12661290000 |
|  CPU_CLK_UNHALTED_REF |  FIXC2  | 10625240000 |
|    L1D_REPLACEMENT    |   PMC0  |   268879000 |
|      L1D_M_EVICT      |   PMC1  |    80382440 |
| ICACHE_64B_IFTAG_MISS |   PMC2  |   571175400 |
+-----------------------+---------+-------------+

+--------------------------------+-------------+
|             Metric             |    Core 0   |
+--------------------------------+-------------+
|       Runtime (RDTSC) [s]      |      0.2780 |
|      Runtime unhalted [s]      |      4.8848 |
|           Clock [MHz]          |   3088.6587 |
|               CPI              |      2.2857 |
|  L2D load bandwidth [MBytes/s] |  61897.8190 |
|  L2D load data volume [GBytes] |     17.2083 |
| L2D evict bandwidth [MBytes/s] |  18504.5977 |
| L2D evict data volume [GBytes] |      5.1445 |
|     L2 bandwidth [MBytes/s]    | 211890.9731 |
|     L2 data volume [GBytes]    |     58.9080 |
+--------------------------------+-------------+

Region Core, Group 1: L2
+-------------------+----------+
|    Region Info    |  Core 0  |
+-------------------+----------+
| RDTSC Runtime [s] | 0.015736 |
|     call count    |        1 |
+-------------------+----------+

+-----------------------+---------+-----------+
|         Event         | Counter |   Core 0  |
+-----------------------+---------+-----------+
|   INSTR_RETIRED_ANY   |  FIXC0  | 116835100 |
| CPU_CLK_UNHALTED_CORE |  FIXC1  |  47276730 |
|  CPU_CLK_UNHALTED_REF |  FIXC2  |  39633190 |
|    L1D_REPLACEMENT    |   PMC0  |    173714 |
|      L1D_M_EVICT      |   PMC1  |      2014 |
| ICACHE_64B_IFTAG_MISS |   PMC2  |       992 |
+-----------------------+---------+-----------+

+--------------------------------+-----------+
|             Metric             |   Core 0  |
+--------------------------------+-----------+
|       Runtime (RDTSC) [s]      |    0.0157 |
|      Runtime unhalted [s]      |    0.0182 |
|           Clock [MHz]          | 3091.8550 |
|               CPI              |    0.4046 |
|  L2D load bandwidth [MBytes/s] |  706.4955 |
|  L2D load data volume [GBytes] |    0.0111 |
| L2D evict bandwidth [MBytes/s] |    8.1909 |
| L2D evict data volume [GBytes] |    0.0001 |
|     L2 bandwidth [MBytes/s]    |  718.7209 |
|     L2 data volume [GBytes]    |    0.0113 |
+--------------------------------+-----------+

--------------------------------------------------------------------------------
CPU name:	Intel(R) Core(TM) i7-6500U CPU @ 2.50GHz
CPU type:	Intel Skylake processor
CPU clock:	2.59 GHz
--------------------------------------------------------------------------------
Bloom Join
-----------------
4194304 Buckets 0 Hash Functions
Initialization: 1 ms 
Bloom Filter Generation: 84910 ms 
Join Core: 19 ms 
14541 linhas
84933 ms 

--------------------------------------------------------------------------------
Region Initialization, Group 1: L2
+-------------------+----------+
|    Region Info    |  Core 0  |
+-------------------+----------+
| RDTSC Runtime [s] | 0.000963 |
|     call count    |        1 |
+-------------------+----------+

+-----------------------+---------+---------+
|         Event         | Counter |  Core 0 |
+-----------------------+---------+---------+
|   INSTR_RETIRED_ANY   |  FIXC0  |  922459 |
| CPU_CLK_UNHALTED_CORE |  FIXC1  |  583496 |
|  CPU_CLK_UNHALTED_REF |  FIXC2  | 1894428 |
|    L1D_REPLACEMENT    |   PMC0  |     450 |
|      L1D_M_EVICT      |   PMC1  |     263 |
| ICACHE_64B_IFTAG_MISS |   PMC2  |     653 |
+-----------------------+---------+---------+

+--------------------------------+--------------+
|             Metric             |    Core 0    |
+--------------------------------+--------------+
|       Runtime (RDTSC) [s]      |       0.0010 |
|      Runtime unhalted [s]      |       0.0002 |
|           Clock [MHz]          |     798.3478 |
|               CPI              |       0.6325 |
|  L2D load bandwidth [MBytes/s] |      29.8981 |
|  L2D load data volume [GBytes] | 2.880000e-05 |
| L2D evict bandwidth [MBytes/s] |      17.4738 |
| L2D evict data volume [GBytes] | 1.683200e-05 |
|     L2 bandwidth [MBytes/s]    |      90.7573 |
|     L2 data volume [GBytes]    |       0.0001 |
+--------------------------------+--------------+

Region Generation, Group 1: L2
+-------------------+----------+
|    Region Info    |  Core 0  |
+-------------------+----------+
| RDTSC Runtime [s] | 0.351968 |
|     call count    |  1500000 |
+-------------------+----------+

+-----------------------+---------+-------------+
|         Event         | Counter |    Core 0   |
+-----------------------+---------+-------------+
|   INSTR_RETIRED_ANY   |  FIXC0  |  5539447000 |
| CPU_CLK_UNHALTED_CORE |  FIXC1  | 13209460000 |
|  CPU_CLK_UNHALTED_REF |  FIXC2  | 13728750000 |
|    L1D_REPLACEMENT    |   PMC0  |   299567000 |
|      L1D_M_EVICT      |   PMC1  |    88885090 |
| ICACHE_64B_IFTAG_MISS |   PMC2  |   597449200 |
+-----------------------+---------+-------------+

+--------------------------------+-------------+
|             Metric             |    Core 0   |
+--------------------------------+-------------+
|       Runtime (RDTSC) [s]      |      0.3520 |
|      Runtime unhalted [s]      |      5.0963 |
|           Clock [MHz]          |   2493.9425 |
|               CPI              |      2.3846 |
|  L2D load bandwidth [MBytes/s] |  54471.6947 |
|  L2D load data volume [GBytes] |     19.1723 |
| L2D evict bandwidth [MBytes/s] |  16162.3994 |
| L2D evict data volume [GBytes] |      5.6886 |
|     L2 bandwidth [MBytes/s]    | 179271.1283 |
|     L2 data volume [GBytes]    |     63.0977 |
+--------------------------------+-------------+

Region Core, Group 1: L2
+-------------------+----------+
|    Region Info    |  Core 0  |
+-------------------+----------+
| RDTSC Runtime [s] | 0.019155 |
|     call count    |        1 |
+-------------------+----------+

+-----------------------+---------+-----------+
|         Event         | Counter |   Core 0  |
+-----------------------+---------+-----------+
|   INSTR_RETIRED_ANY   |  FIXC0  | 116835100 |
| CPU_CLK_UNHALTED_CORE |  FIXC1  |  47234460 |
|  CPU_CLK_UNHALTED_REF |  FIXC2  |  49087080 |
|    L1D_REPLACEMENT    |   PMC0  |    173832 |
|      L1D_M_EVICT      |   PMC1  |      2198 |
| ICACHE_64B_IFTAG_MISS |   PMC2  |      1169 |
+-----------------------+---------+-----------+

+--------------------------------+-----------+
|             Metric             |   Core 0  |
+--------------------------------+-----------+
|       Runtime (RDTSC) [s]      |    0.0192 |
|      Runtime unhalted [s]      |    0.0182 |
|           Clock [MHz]          | 2494.1590 |
|               CPI              |    0.4043 |
|  L2D load bandwidth [MBytes/s] |  580.8107 |
|  L2D load data volume [GBytes] |    0.0111 |
| L2D evict bandwidth [MBytes/s] |    7.3440 |
| L2D evict data volume [GBytes] |    0.0001 |
|     L2 bandwidth [MBytes/s]    |  592.0605 |
|     L2 data volume [GBytes]    |    0.0113 |
+--------------------------------+-----------+

--------------------------------------------------------------------------------
CPU name:	Intel(R) Core(TM) i7-6500U CPU @ 2.50GHz
CPU type:	Intel Skylake processor
CPU clock:	2.59 GHz
--------------------------------------------------------------------------------
Bloom Join
-----------------
4194304 Buckets 0 Hash Functions
Initialization: 0 ms 
Bloom Filter Generation: 69270 ms 
Join Core: 16 ms 
14541 linhas
69288 ms 

--------------------------------------------------------------------------------
Region Initialization, Group 1: L2
+-------------------+----------+
|    Region Info    |  Core 0  |
+-------------------+----------+
| RDTSC Runtime [s] | 0.000320 |
|     call count    |        1 |
+-------------------+----------+

+-----------------------+---------+--------+
|         Event         | Counter | Core 0 |
+-----------------------+---------+--------+
|   INSTR_RETIRED_ANY   |  FIXC0  | 922459 |
| CPU_CLK_UNHALTED_CORE |  FIXC1  | 599330 |
|  CPU_CLK_UNHALTED_REF |  FIXC2  | 601992 |
|    L1D_REPLACEMENT    |   PMC0  |    394 |
|      L1D_M_EVICT      |   PMC1  |    262 |
| ICACHE_64B_IFTAG_MISS |   PMC2  |    673 |
+-----------------------+---------+--------+

+--------------------------------+--------------+
|             Metric             |    Core 0    |
+--------------------------------+--------------+
|       Runtime (RDTSC) [s]      |       0.0003 |
|      Runtime unhalted [s]      |       0.0002 |
|           Clock [MHz]          |    2580.5000 |
|               CPI              |       0.6497 |
|  L2D load bandwidth [MBytes/s] |      78.7850 |
|  L2D load data volume [GBytes] | 2.521600e-05 |
| L2D evict bandwidth [MBytes/s] |      52.3900 |
| L2D evict data volume [GBytes] | 1.676800e-05 |
|     L2 bandwidth [MBytes/s]    |     265.7494 |
|     L2 data volume [GBytes]    |       0.0001 |
+--------------------------------+--------------+

Region Generation, Group 1: L2
+-------------------+----------+
|    Region Info    |  Core 0  |
+-------------------+----------+
| RDTSC Runtime [s] | 0.296919 |
|     call count    |  1500000 |
+-------------------+----------+

+-----------------------+---------+-------------+
|         Event         | Counter |    Core 0   |
+-----------------------+---------+-------------+
|   INSTR_RETIRED_ANY   |  FIXC0  |  5539447000 |
| CPU_CLK_UNHALTED_CORE |  FIXC1  | 13082990000 |
|  CPU_CLK_UNHALTED_REF |  FIXC2  | 10976670000 |
|    L1D_REPLACEMENT    |   PMC0  |   308053300 |
|      L1D_M_EVICT      |   PMC1  |    88719150 |
| ICACHE_64B_IFTAG_MISS |   PMC2  |   550235800 |
+-----------------------+---------+-------------+

+--------------------------------+-------------+
|             Metric             |    Core 0   |
+--------------------------------+-------------+
|       Runtime (RDTSC) [s]      |      0.2969 |
|      Runtime unhalted [s]      |      5.0475 |
|           Clock [MHz]          |   3089.3348 |
|               CPI              |      2.3618 |
|  L2D load bandwidth [MBytes/s] |  66400.0321 |
|  L2D load data volume [GBytes] |     19.7154 |
| L2D evict bandwidth [MBytes/s] |  19123.1660 |
| L2D evict data volume [GBytes] |      5.6780 |
|     L2 bandwidth [MBytes/s]    | 204124.9945 |
|     L2 data volume [GBytes]    |     60.6085 |
+--------------------------------+-------------+

Region Core, Group 1: L2
+-------------------+----------+
|    Region Info    |  Core 0  |
+-------------------+----------+
| RDTSC Runtime [s] | 0.015723 |
|     call count    |        1 |
+-------------------+----------+

+-----------------------+---------+-----------+
|         Event         | Counter |   Core 0  |
+-----------------------+---------+-----------+
|   INSTR_RETIRED_ANY   |  FIXC0  | 116835100 |
| CPU_CLK_UNHALTED_CORE |  FIXC1  |  47373940 |
|  CPU_CLK_UNHALTED_REF |  FIXC2  |  39707060 |
|    L1D_REPLACEMENT    |   PMC0  |    173827 |
|      L1D_M_EVICT      |   PMC1  |      1965 |
| ICACHE_64B_IFTAG_MISS |   PMC2  |      1052 |
+-----------------------+---------+-----------+

+--------------------------------+-----------+
|             Metric             |   Core 0  |
+--------------------------------+-----------+
|       Runtime (RDTSC) [s]      |    0.0157 |
|      Runtime unhalted [s]      |    0.0183 |
|           Clock [MHz]          | 3092.4333 |
|               CPI              |    0.4055 |
|  L2D load bandwidth [MBytes/s] |  707.5558 |
|  L2D load data volume [GBytes] |    0.0111 |
| L2D evict bandwidth [MBytes/s] |    7.9985 |
| L2D evict data volume [GBytes] |    0.0001 |
|     L2 bandwidth [MBytes/s]    |  719.8364 |
|     L2 data volume [GBytes]    |    0.0113 |
+--------------------------------+-----------+

--------------------------------------------------------------------------------
CPU name:	Intel(R) Core(TM) i7-6500U CPU @ 2.50GHz
CPU type:	Intel Skylake processor
CPU clock:	2.59 GHz
--------------------------------------------------------------------------------
Bloom Join
-----------------
4194304 Buckets 0 Hash Functions
Initialization: 1 ms 
Bloom Filter Generation: 82972 ms 
Join Core: 19 ms 
14541 linhas
82994 ms 

--------------------------------------------------------------------------------
Region Initialization, Group 1: L2
+-------------------+----------+
|    Region Info    |  Core 0  |
+-------------------+----------+
| RDTSC Runtime [s] | 0.001025 |
|     call count    |        1 |
+-------------------+----------+

+-----------------------+---------+---------+
|         Event         | Counter |  Core 0 |
+-----------------------+---------+---------+
|   INSTR_RETIRED_ANY   |  FIXC0  |  922459 |
| CPU_CLK_UNHALTED_CORE |  FIXC1  |  606486 |
|  CPU_CLK_UNHALTED_REF |  FIXC2  | 1969056 |
|    L1D_REPLACEMENT    |   PMC0  |     434 |
|      L1D_M_EVICT      |   PMC1  |     223 |
| ICACHE_64B_IFTAG_MISS |   PMC2  |     743 |
+-----------------------+---------+---------+

+--------------------------------+--------------+
|             Metric             |    Core 0    |
+--------------------------------+--------------+
|       Runtime (RDTSC) [s]      |       0.0010 |
|      Runtime unhalted [s]      |       0.0002 |
|           Clock [MHz]          |     798.3545 |
|               CPI              |       0.6575 |
|  L2D load bandwidth [MBytes/s] |      27.0989 |
|  L2D load data volume [GBytes] | 2.777600e-05 |
| L2D evict bandwidth [MBytes/s] |      13.9241 |
| L2D evict data volume [GBytes] | 1.427200e-05 |
|     L2 bandwidth [MBytes/s]    |      87.4159 |
|     L2 data volume [GBytes]    |       0.0001 |
+--------------------------------+--------------+

Region Generation, Group 1: L2
+-------------------+----------+
|    Region Info    |  Core 0  |
+-------------------+----------+
| RDTSC Runtime [s] | 0.318723 |
|     call count    |  1500000 |
+-------------------+----------+

+-----------------------+---------+-------------+
|         Event         | Counter |    Core 0   |
+-----------------------+---------+-------------+
|   INSTR_RETIRED_ANY   |  FIXC0  |  5539447000 |
| CPU_CLK_UNHALTED_CORE |  FIXC1  | 12428020000 |
|  CPU_CLK_UNHALTED_REF |  FIXC2  | 12916430000 |
|    L1D_REPLACEMENT    |   PMC0  |   290981200 |
|      L1D_M_EVICT      |   PMC1  |    86634490 |
| ICACHE_64B_IFTAG_MISS |   PMC2  |   549858000 |
+-----------------------+---------+-------------+

+--------------------------------+-------------+
|             Metric             |    Core 0   |
+--------------------------------+-------------+
|       Runtime (RDTSC) [s]      |      0.3187 |
|      Runtime unhalted [s]      |      4.7948 |
|           Clock [MHz]          |   2493.9774 |
|               CPI              |      2.2435 |
|  L2D load bandwidth [MBytes/s] |  58429.3182 |
|  L2D load data volume [GBytes] |     18.6228 |
| L2D evict bandwidth [MBytes/s] |  17396.2929 |
| L2D evict data volume [GBytes] |      5.5446 |
|     L2 bandwidth [MBytes/s]    | 186237.6516 |
|     L2 data volume [GBytes]    |     59.3583 |
+--------------------------------+-------------+

Region Core, Group 1: L2
+-------------------+----------+
|    Region Info    |  Core 0  |
+-------------------+----------+
| RDTSC Runtime [s] | 0.019290 |
|     call count    |        1 |
+-------------------+----------+

+-----------------------+---------+-----------+
|         Event         | Counter |   Core 0  |
+-----------------------+---------+-----------+
|   INSTR_RETIRED_ANY   |  FIXC0  | 116835100 |
| CPU_CLK_UNHALTED_CORE |  FIXC1  |  47566230 |
|  CPU_CLK_UNHALTED_REF |  FIXC2  |  49431710 |
|    L1D_REPLACEMENT    |   PMC0  |    173866 |
|      L1D_M_EVICT      |   PMC1  |      2148 |
| ICACHE_64B_IFTAG_MISS |   PMC2  |      1156 |
+-----------------------+---------+-----------+

+--------------------------------+-----------+
|             Metric             |   Core 0  |
+--------------------------------+-----------+
|       Runtime (RDTSC) [s]      |    0.0193 |
|      Runtime unhalted [s]      |    0.0184 |
|           Clock [MHz]          | 2494.1707 |
|               CPI              |    0.4071 |
|  L2D load bandwidth [MBytes/s] |  576.8538 |
|  L2D load data volume [GBytes] |    0.0111 |
| L2D evict bandwidth [MBytes/s] |    7.1266 |
| L2D evict data volume [GBytes] |    0.0001 |
|     L2 bandwidth [MBytes/s]    |  587.8159 |
|     L2 data volume [GBytes]    |    0.0113 |
+--------------------------------+-----------+

--------------------------------------------------------------------------------
CPU name:	Intel(R) Core(TM) i7-6500U CPU @ 2.50GHz
CPU type:	Intel Skylake processor
CPU clock:	2.59 GHz
--------------------------------------------------------------------------------
Bloom Join
-----------------
4194304 Buckets 0 Hash Functions
Initialization: 1 ms 
Bloom Filter Generation: 75967 ms 
Join Core: 37 ms 
14541 linhas
76007 ms 

--------------------------------------------------------------------------------
Region Initialization, Group 1: L2
+-------------------+----------+
|    Region Info    |  Core 0  |
+-------------------+----------+
| RDTSC Runtime [s] | 0.001016 |
|     call count    |        1 |
+-------------------+----------+

+-----------------------+---------+---------+
|         Event         | Counter |  Core 0 |
+-----------------------+---------+---------+
|   INSTR_RETIRED_ANY   |  FIXC0  |  922459 |
| CPU_CLK_UNHALTED_CORE |  FIXC1  |  623937 |
|  CPU_CLK_UNHALTED_REF |  FIXC2  | 2025864 |
|    L1D_REPLACEMENT    |   PMC0  |     403 |
|      L1D_M_EVICT      |   PMC1  |     250 |
| ICACHE_64B_IFTAG_MISS |   PMC2  |     723 |
+-----------------------+---------+---------+

+--------------------------------+--------------+
|             Metric             |    Core 0    |
+--------------------------------+--------------+
|       Runtime (RDTSC) [s]      |       0.0010 |
|      Runtime unhalted [s]      |       0.0002 |
|           Clock [MHz]          |     798.2895 |
|               CPI              |       0.6764 |
|  L2D load bandwidth [MBytes/s] |      25.3754 |
|  L2D load data volume [GBytes] | 2.579200e-05 |
| L2D evict bandwidth [MBytes/s] |      15.7416 |
| L2D evict data volume [GBytes] | 1.600000e-05 |
|     L2 bandwidth [MBytes/s]    |      86.6416 |
|     L2 data volume [GBytes]    |       0.0001 |
+--------------------------------+--------------+

Region Generation, Group 1: L2
+-------------------+----------+
|    Region Info    |  Core 0  |
+-------------------+----------+
| RDTSC Runtime [s] | 0.359906 |
|     call count    |  1500000 |
+-------------------+----------+

+-----------------------+---------+-------------+
|         Event         | Counter |    Core 0   |
+-----------------------+---------+-------------+
|   INSTR_RETIRED_ANY   |  FIXC0  |  5539551000 |
| CPU_CLK_UNHALTED_CORE |  FIXC1  | 13641670000 |
|  CPU_CLK_UNHALTED_REF |  FIXC2  | 12042240000 |
|    L1D_REPLACEMENT    |   PMC0  |   313472900 |
|      L1D_M_EVICT      |   PMC1  |    99189180 |
| ICACHE_64B_IFTAG_MISS |   PMC2  |   571213100 |
+-----------------------+---------+-------------+

+--------------------------------+-------------+
|             Metric             |    Core 0   |
+--------------------------------+-------------+
|       Runtime (RDTSC) [s]      |      0.3599 |
|      Runtime unhalted [s]      |      5.2631 |
|           Clock [MHz]          |   2936.2310 |
|               CPI              |      2.4626 |
|  L2D load bandwidth [MBytes/s] |  55743.1017 |
|  L2D load data volume [GBytes] |     20.0623 |
| L2D evict bandwidth [MBytes/s] |  17638.2473 |
| L2D evict data volume [GBytes] |      6.3481 |
|     L2 bandwidth [MBytes/s]    | 174956.9235 |
|     L2 data volume [GBytes]    |     62.9680 |
+--------------------------------+-------------+

Region Core, Group 1: L2
+-------------------+----------+
|    Region Info    |  Core 0  |
+-------------------+----------+
| RDTSC Runtime [s] | 0.036908 |
|     call count    |        1 |
+-------------------+----------+

+-----------------------+---------+-----------+
|         Event         | Counter |   Core 0  |
+-----------------------+---------+-----------+
|   INSTR_RETIRED_ANY   |  FIXC0  | 116839100 |
| CPU_CLK_UNHALTED_CORE |  FIXC1  |  84931230 |
|  CPU_CLK_UNHALTED_REF |  FIXC2  |  88261920 |
|    L1D_REPLACEMENT    |   PMC0  |    187860 |
|      L1D_M_EVICT      |   PMC1  |     34539 |
| ICACHE_64B_IFTAG_MISS |   PMC2  |     12869 |
+-----------------------+---------+-----------+

+--------------------------------+-----------+
|             Metric             |   Core 0  |
+--------------------------------+-----------+
|       Runtime (RDTSC) [s]      |    0.0369 |
|      Runtime unhalted [s]      |    0.0328 |
|           Clock [MHz]          | 2494.1583 |
|               CPI              |    0.7269 |
|  L2D load bandwidth [MBytes/s] |  325.7594 |
|  L2D load data volume [GBytes] |    0.0120 |
| L2D evict bandwidth [MBytes/s] |   59.8925 |
| L2D evict data volume [GBytes] |    0.0022 |
|     L2 bandwidth [MBytes/s]    |  407.9674 |
|     L2 data volume [GBytes]    |    0.0151 |
+--------------------------------+-----------+

--------------------------------------------------------------------------------
CPU name:	Intel(R) Core(TM) i7-6500U CPU @ 2.50GHz
CPU type:	Intel Skylake processor
CPU clock:	2.59 GHz
--------------------------------------------------------------------------------
Bloom Join
-----------------
4194304 Buckets 0 Hash Functions
Initialization: 1 ms 
Bloom Filter Generation: 86791 ms 
Join Core: 19 ms 
14541 linhas
86814 ms 

--------------------------------------------------------------------------------
Region Initialization, Group 1: L2
+-------------------+----------+
|    Region Info    |  Core 0  |
+-------------------+----------+
| RDTSC Runtime [s] | 0.000976 |
|     call count    |        1 |
+-------------------+----------+

+-----------------------+---------+---------+
|         Event         | Counter |  Core 0 |
+-----------------------+---------+---------+
|   INSTR_RETIRED_ANY   |  FIXC0  |  922459 |
| CPU_CLK_UNHALTED_CORE |  FIXC1  |  589304 |
|  CPU_CLK_UNHALTED_REF |  FIXC2  | 1914408 |
|    L1D_REPLACEMENT    |   PMC0  |     451 |
|      L1D_M_EVICT      |   PMC1  |     258 |
| ICACHE_64B_IFTAG_MISS |   PMC2  |     659 |
+-----------------------+---------+---------+

+--------------------------------+--------------+
|             Metric             |    Core 0    |
+--------------------------------+--------------+
|       Runtime (RDTSC) [s]      |       0.0010 |
|      Runtime unhalted [s]      |       0.0002 |
|           Clock [MHz]          |     797.8099 |
|               CPI              |       0.6388 |
|  L2D load bandwidth [MBytes/s] |      29.5623 |
|  L2D load data volume [GBytes] | 2.886400e-05 |
| L2D evict bandwidth [MBytes/s] |      16.9115 |
| L2D evict data volume [GBytes] | 1.651200e-05 |
|     L2 bandwidth [MBytes/s]    |      89.6700 |
|     L2 data volume [GBytes]    |       0.0001 |
+--------------------------------+--------------+

Region Generation, Group 1: L2
+-------------------+----------+
|    Region Info    |  Core 0  |
+-------------------+----------+
| RDTSC Runtime [s] | 0.362314 |
|     call count    |  1500000 |
+-------------------+----------+

+-----------------------+---------+-------------+
|         Event         | Counter |    Core 0   |
+-----------------------+---------+-------------+
|   INSTR_RETIRED_ANY   |  FIXC0  |  5539547000 |
| CPU_CLK_UNHALTED_CORE |  FIXC1  | 13382490000 |
|  CPU_CLK_UNHALTED_REF |  FIXC2  | 13908570000 |
|    L1D_REPLACEMENT    |   PMC0  |   314937400 |
|      L1D_M_EVICT      |   PMC1  |    92462300 |
| ICACHE_64B_IFTAG_MISS |   PMC2  |   619390000 |
+-----------------------+---------+-------------+

+--------------------------------+-------------+
|             Metric             |    Core 0   |
+--------------------------------+-------------+
|       Runtime (RDTSC) [s]      |      0.3623 |
|      Runtime unhalted [s]      |      5.1635 |
|           Clock [MHz]          |   2493.7275 |
|               CPI              |      2.4158 |
|  L2D load bandwidth [MBytes/s] |  55631.3623 |
|  L2D load data volume [GBytes] |     20.1560 |
| L2D evict bandwidth [MBytes/s] |  16332.7814 |
| L2D evict data volume [GBytes] |      5.9176 |
|     L2 bandwidth [MBytes/s]    | 181374.8061 |
|     L2 data volume [GBytes]    |     65.7145 |
+--------------------------------+-------------+

Region Core, Group 1: L2
+-------------------+----------+
|    Region Info    |  Core 0  |
+-------------------+----------+
| RDTSC Runtime [s] | 0.019168 |
|     call count    |        1 |
+-------------------+----------+

+-----------------------+---------+-----------+
|         Event         | Counter |   Core 0  |
+-----------------------+---------+-----------+
|   INSTR_RETIRED_ANY   |  FIXC0  | 116835100 |
| CPU_CLK_UNHALTED_CORE |  FIXC1  |  47152850 |
|  CPU_CLK_UNHALTED_REF |  FIXC2  |  49002300 |
|    L1D_REPLACEMENT    |   PMC0  |    173901 |
|      L1D_M_EVICT      |   PMC1  |      2233 |
| ICACHE_64B_IFTAG_MISS |   PMC2  |      1145 |
+-----------------------+---------+-----------+

+--------------------------------+-----------+
|             Metric             |   Core 0  |
+--------------------------------+-----------+
|       Runtime (RDTSC) [s]      |    0.0192 |
|      Runtime unhalted [s]      |    0.0182 |
|           Clock [MHz]          | 2493.9402 |
|               CPI              |    0.4036 |
|  L2D load bandwidth [MBytes/s] |  580.6486 |
|  L2D load data volume [GBytes] |    0.0111 |
| L2D evict bandwidth [MBytes/s] |    7.4559 |
| L2D evict data volume [GBytes] |    0.0001 |
|     L2 bandwidth [MBytes/s]    |  591.9276 |
|     L2 data volume [GBytes]    |    0.0113 |
+--------------------------------+-----------+

--------------------------------------------------------------------------------
CPU name:	Intel(R) Core(TM) i7-6500U CPU @ 2.50GHz
CPU type:	Intel Skylake processor
CPU clock:	2.59 GHz
--------------------------------------------------------------------------------
Bloom Join
-----------------
4194304 Buckets 0 Hash Functions
Initialization: 0 ms 
Bloom Filter Generation: 75196 ms 
Join Core: 20 ms 
14541 linhas
75218 ms 

--------------------------------------------------------------------------------
Region Initialization, Group 1: L3
+-------------------+----------+
|    Region Info    |  Core 0  |
+-------------------+----------+
| RDTSC Runtime [s] | 0.000391 |
|     call count    |        1 |
+-------------------+----------+

+-----------------------+---------+--------+
|         Event         | Counter | Core 0 |
+-----------------------+---------+--------+
|   INSTR_RETIRED_ANY   |  FIXC0  | 922367 |
| CPU_CLK_UNHALTED_CORE |  FIXC1  | 602220 |
|  CPU_CLK_UNHALTED_REF |  FIXC2  | 711612 |
|    L2_LINES_IN_ALL    |   PMC0  |   1092 |
|     L2_TRANS_L2_WB    |   PMC1  |    309 |
+-----------------------+---------+--------+

+-------------------------------+--------------+
|             Metric            |    Core 0    |
+-------------------------------+--------------+
|      Runtime (RDTSC) [s]      |       0.0004 |
|      Runtime unhalted [s]     |       0.0002 |
|          Clock [MHz]          |    2193.4978 |
|              CPI              |       0.6529 |
|  L3 load bandwidth [MBytes/s] |     178.6773 |
|  L3 load data volume [GBytes] |       0.0001 |
| L3 evict bandwidth [MBytes/s] |      50.5598 |
| L3 evict data volume [GBytes] | 1.977600e-05 |
|    L3 bandwidth [MBytes/s]    |     229.2371 |
|    L3 data volume [GBytes]    |       0.0001 |
+-------------------------------+--------------+

Region Generation, Group 1: L3
+-------------------+----------+
|    Region Info    |  Core 0  |
+-------------------+----------+
| RDTSC Runtime [s] | 0.344224 |
|     call count    |  1500000 |
+-------------------+----------+

+-----------------------+---------+-------------+
|         Event         | Counter |    Core 0   |
+-----------------------+---------+-------------+
|   INSTR_RETIRED_ANY   |  FIXC0  |  5399947000 |
| CPU_CLK_UNHALTED_CORE |  FIXC1  | 12694570000 |
|  CPU_CLK_UNHALTED_REF |  FIXC2  | 13193260000 |
|    L2_LINES_IN_ALL    |   PMC0  |   144634300 |
|     L2_TRANS_L2_WB    |   PMC1  |    24709710 |
+-----------------------+---------+-------------+

+-------------------------------+------------+
|             Metric            |   Core 0   |
+-------------------------------+------------+
|      Runtime (RDTSC) [s]      |     0.3442 |
|      Runtime unhalted [s]     |     4.8977 |
|          Clock [MHz]          |  2493.9696 |
|              CPI              |     2.3509 |
|  L3 load bandwidth [MBytes/s] | 26891.1964 |
|  L3 load data volume [GBytes] |     9.2566 |
| L3 evict bandwidth [MBytes/s] |  4594.1638 |
| L3 evict data volume [GBytes] |     1.5814 |
|    L3 bandwidth [MBytes/s]    | 31485.3602 |
|    L3 data volume [GBytes]    |    10.8380 |
+-------------------------------+------------+

Region Core, Group 1: L3
+-------------------+----------+
|    Region Info    |  Core 0  |
+-------------------+----------+
| RDTSC Runtime [s] | 0.019985 |
|     call count    |        1 |
+-------------------+----------+

+-----------------------+---------+-----------+
|         Event         | Counter |   Core 0  |
+-----------------------+---------+-----------+
|   INSTR_RETIRED_ANY   |  FIXC0  | 116835000 |
| CPU_CLK_UNHALTED_CORE |  FIXC1  |  49145720 |
|  CPU_CLK_UNHALTED_REF |  FIXC2  |  51072880 |
|    L2_LINES_IN_ALL    |   PMC0  |    225463 |
|     L2_TRANS_L2_WB    |   PMC1  |     44685 |
+-----------------------+---------+-----------+

+-------------------------------+-----------+
|             Metric            |   Core 0  |
+-------------------------------+-----------+
|      Runtime (RDTSC) [s]      |    0.0200 |
|      Runtime unhalted [s]     |    0.0190 |
|          Clock [MHz]          | 2494.1389 |
|              CPI              |    0.4206 |
|  L3 load bandwidth [MBytes/s] |  722.0209 |
|  L3 load data volume [GBytes] |    0.0144 |
| L3 evict bandwidth [MBytes/s] |  143.0989 |
| L3 evict data volume [GBytes] |    0.0029 |
|    L3 bandwidth [MBytes/s]    |  865.1198 |
|    L3 data volume [GBytes]    |    0.0173 |
+-------------------------------+-----------+

--------------------------------------------------------------------------------
CPU name:	Intel(R) Core(TM) i7-6500U CPU @ 2.50GHz
CPU type:	Intel Skylake processor
CPU clock:	2.59 GHz
--------------------------------------------------------------------------------
Bloom Join
-----------------
4194304 Buckets 0 Hash Functions
Initialization: 1 ms 
Bloom Filter Generation: 76695 ms 
Join Core: 19 ms 
14541 linhas
76717 ms 

--------------------------------------------------------------------------------
Region Initialization, Group 1: L3
+-------------------+----------+
|    Region Info    |  Core 0  |
+-------------------+----------+
| RDTSC Runtime [s] | 0.000977 |
|     call count    |        1 |
+-------------------+----------+

+-----------------------+---------+---------+
|         Event         | Counter |  Core 0 |
+-----------------------+---------+---------+
|   INSTR_RETIRED_ANY   |  FIXC0  |  922366 |
| CPU_CLK_UNHALTED_CORE |  FIXC1  |  583240 |
|  CPU_CLK_UNHALTED_REF |  FIXC2  | 1895076 |
|    L2_LINES_IN_ALL    |   PMC0  |     978 |
|     L2_TRANS_L2_WB    |   PMC1  |     224 |
+-----------------------+---------+---------+

+-------------------------------+--------------+
|             Metric            |    Core 0    |
+-------------------------------+--------------+
|      Runtime (RDTSC) [s]      |       0.0010 |
|      Runtime unhalted [s]     |       0.0002 |
|          Clock [MHz]          |     797.7270 |
|              CPI              |       0.6323 |
|  L3 load bandwidth [MBytes/s] |      64.0815 |
|  L3 load data volume [GBytes] |       0.0001 |
| L3 evict bandwidth [MBytes/s] |      14.6771 |
| L3 evict data volume [GBytes] | 1.433600e-05 |
|    L3 bandwidth [MBytes/s]    |      78.7586 |
|    L3 data volume [GBytes]    |       0.0001 |
+-------------------------------+--------------+

Region Generation, Group 1: L3
+-------------------+----------+
|    Region Info    |  Core 0  |
+-------------------+----------+
| RDTSC Runtime [s] | 0.356688 |
|     call count    |  1500000 |
+-------------------+----------+

+-----------------------+---------+-------------+
|         Event         | Counter |    Core 0   |
+-----------------------+---------+-------------+
|   INSTR_RETIRED_ANY   |  FIXC0  |  5399947000 |
| CPU_CLK_UNHALTED_CORE |  FIXC1  | 13192230000 |
|  CPU_CLK_UNHALTED_REF |  FIXC2  | 13710620000 |
|    L2_LINES_IN_ALL    |   PMC0  |   236724500 |
|     L2_TRANS_L2_WB    |   PMC1  |    41149770 |
+-----------------------+---------+-------------+

+-------------------------------+------------+
|             Metric            |   Core 0   |
+-------------------------------+------------+
|      Runtime (RDTSC) [s]      |     0.3567 |
|      Runtime unhalted [s]     |     5.0896 |
|          Clock [MHz]          |  2493.9901 |
|              CPI              |     2.4430 |
|  L3 load bandwidth [MBytes/s] | 42475.1744 |
|  L3 load data volume [GBytes] |    15.1504 |
| L3 evict bandwidth [MBytes/s] |  7383.4506 |
| L3 evict data volume [GBytes] |     2.6336 |
|    L3 bandwidth [MBytes/s]    | 49858.6250 |
|    L3 data volume [GBytes]    |    17.7840 |
+-------------------------------+------------+

Region Core, Group 1: L3
+-------------------+----------+
|    Region Info    |  Core 0  |
+-------------------+----------+
| RDTSC Runtime [s] | 0.019431 |
|     call count    |        1 |
+-------------------+----------+

+-----------------------+---------+-----------+
|         Event         | Counter |   Core 0  |
+-----------------------+---------+-----------+
|   INSTR_RETIRED_ANY   |  FIXC0  | 116835000 |
| CPU_CLK_UNHALTED_CORE |  FIXC1  |  47460980 |
|  CPU_CLK_UNHALTED_REF |  FIXC2  |  49322410 |
|    L2_LINES_IN_ALL    |   PMC0  |    216921 |
|     L2_TRANS_L2_WB    |   PMC1  |     48491 |
+-----------------------+---------+-----------+

+-------------------------------+-----------+
|             Metric            |   Core 0  |
+-------------------------------+-----------+
|      Runtime (RDTSC) [s]      |    0.0194 |
|      Runtime unhalted [s]     |    0.0183 |
|          Clock [MHz]          | 2494.1698 |
|              CPI              |    0.4062 |
|  L3 load bandwidth [MBytes/s] |  714.4732 |
|  L3 load data volume [GBytes] |    0.0139 |
| L3 evict bandwidth [MBytes/s] |  159.7149 |
| L3 evict data volume [GBytes] |    0.0031 |
|    L3 bandwidth [MBytes/s]    |  874.1882 |
|    L3 data volume [GBytes]    |    0.0170 |
+-------------------------------+-----------+

--------------------------------------------------------------------------------
CPU name:	Intel(R) Core(TM) i7-6500U CPU @ 2.50GHz
CPU type:	Intel Skylake processor
CPU clock:	2.59 GHz
--------------------------------------------------------------------------------
Bloom Join
-----------------
4194304 Buckets 0 Hash Functions
Initialization: 1 ms 
Bloom Filter Generation: 75610 ms 
Join Core: 19 ms 
14541 linhas
75632 ms 

--------------------------------------------------------------------------------
Region Initialization, Group 1: L3
+-------------------+----------+
|    Region Info    |  Core 0  |
+-------------------+----------+
| RDTSC Runtime [s] | 0.001037 |
|     call count    |        1 |
+-------------------+----------+

+-----------------------+---------+---------+
|         Event         | Counter |  Core 0 |
+-----------------------+---------+---------+
|   INSTR_RETIRED_ANY   |  FIXC0  |  922366 |
| CPU_CLK_UNHALTED_CORE |  FIXC1  |  603778 |
|  CPU_CLK_UNHALTED_REF |  FIXC2  | 1960848 |
|    L2_LINES_IN_ALL    |   PMC0  |    2122 |
|     L2_TRANS_L2_WB    |   PMC1  |     582 |
+-----------------------+---------+---------+

+-------------------------------+--------------+
|             Metric            |    Core 0    |
+-------------------------------+--------------+
|      Runtime (RDTSC) [s]      |       0.0010 |
|      Runtime unhalted [s]     |       0.0002 |
|          Clock [MHz]          |     798.1168 |
|              CPI              |       0.6546 |
|  L3 load bandwidth [MBytes/s] |     130.9797 |
|  L3 load data volume [GBytes] |       0.0001 |
| L3 evict bandwidth [MBytes/s] |      35.9237 |
| L3 evict data volume [GBytes] | 3.724800e-05 |
|    L3 bandwidth [MBytes/s]    |     166.9034 |
|    L3 data volume [GBytes]    |       0.0002 |
+-------------------------------+--------------+

Region Generation, Group 1: L3
+-------------------+----------+
|    Region Info    |  Core 0  |
+-------------------+----------+
| RDTSC Runtime [s] | 0.373980 |
|     call count    |  1500000 |
+-------------------+----------+

+-----------------------+---------+-------------+
|         Event         | Counter |    Core 0   |
+-----------------------+---------+-------------+
|   INSTR_RETIRED_ANY   |  FIXC0  |  5399959000 |
| CPU_CLK_UNHALTED_CORE |  FIXC1  | 12942350000 |
|  CPU_CLK_UNHALTED_REF |  FIXC2  | 13450740000 |
|    L2_LINES_IN_ALL    |   PMC0  |   236808000 |
|     L2_TRANS_L2_WB    |   PMC1  |    35001290 |
+-----------------------+---------+-------------+

+-------------------------------+------------+
|             Metric            |   Core 0   |
+-------------------------------+------------+
|      Runtime (RDTSC) [s]      |     0.3740 |
|      Runtime unhalted [s]     |     4.9932 |
|          Clock [MHz]          |  2494.0208 |
|              CPI              |     2.3967 |
|  L3 load bandwidth [MBytes/s] | 40525.4721 |
|  L3 load data volume [GBytes] |    15.1557 |
| L3 evict bandwidth [MBytes/s] |  5989.8475 |
| L3 evict data volume [GBytes] |     2.2401 |
|    L3 bandwidth [MBytes/s]    | 46515.3196 |
|    L3 data volume [GBytes]    |    17.3958 |
+-------------------------------+------------+

Region Core, Group 1: L3
+-------------------+----------+
|    Region Info    |  Core 0  |
+-------------------+----------+
| RDTSC Runtime [s] | 0.019670 |
|     call count    |        1 |
+-------------------+----------+

+-----------------------+---------+-----------+
|         Event         | Counter |   Core 0  |
+-----------------------+---------+-----------+
|   INSTR_RETIRED_ANY   |  FIXC0  | 116835000 |
| CPU_CLK_UNHALTED_CORE |  FIXC1  |  47568990 |
|  CPU_CLK_UNHALTED_REF |  FIXC2  |  49434730 |
|    L2_LINES_IN_ALL    |   PMC0  |    214334 |
|     L2_TRANS_L2_WB    |   PMC1  |     39560 |
+-----------------------+---------+-----------+

+-------------------------------+-----------+
|             Metric            |   Core 0  |
+-------------------------------+-----------+
|      Runtime (RDTSC) [s]      |    0.0197 |
|      Runtime unhalted [s]     |    0.0184 |
|          Clock [MHz]          | 2494.1632 |
|              CPI              |    0.4071 |
|  L3 load bandwidth [MBytes/s] |  697.3900 |
|  L3 load data volume [GBytes] |    0.0137 |
| L3 evict bandwidth [MBytes/s] |  128.7185 |
| L3 evict data volume [GBytes] |    0.0025 |
|    L3 bandwidth [MBytes/s]    |  826.1085 |
|    L3 data volume [GBytes]    |    0.0162 |
+-------------------------------+-----------+

--------------------------------------------------------------------------------
CPU name:	Intel(R) Core(TM) i7-6500U CPU @ 2.50GHz
CPU type:	Intel Skylake processor
CPU clock:	2.59 GHz
--------------------------------------------------------------------------------
Bloom Join
-----------------
4194304 Buckets 0 Hash Functions
Initialization: 1 ms 
Bloom Filter Generation: 75879 ms 
Join Core: 19 ms 
14541 linhas
75902 ms 

--------------------------------------------------------------------------------
Region Initialization, Group 1: L3
+-------------------+----------+
|    Region Info    |  Core 0  |
+-------------------+----------+
| RDTSC Runtime [s] | 0.000987 |
|     call count    |        1 |
+-------------------+----------+

+-----------------------+---------+---------+
|         Event         | Counter |  Core 0 |
+-----------------------+---------+---------+
|   INSTR_RETIRED_ANY   |  FIXC0  |  922382 |
| CPU_CLK_UNHALTED_CORE |  FIXC1  |  587398 |
|  CPU_CLK_UNHALTED_REF |  FIXC2  | 1907928 |
|    L2_LINES_IN_ALL    |   PMC0  |     952 |
|     L2_TRANS_L2_WB    |   PMC1  |     211 |
+-----------------------+---------+---------+

+-------------------------------+--------------+
|             Metric            |    Core 0    |
+-------------------------------+--------------+
|      Runtime (RDTSC) [s]      |       0.0010 |
|      Runtime unhalted [s]     |       0.0002 |
|          Clock [MHz]          |     797.9551 |
|              CPI              |       0.6368 |
|  L3 load bandwidth [MBytes/s] |      61.7407 |
|  L3 load data volume [GBytes] |       0.0001 |
| L3 evict bandwidth [MBytes/s] |      13.6841 |
| L3 evict data volume [GBytes] | 1.350400e-05 |
|    L3 bandwidth [MBytes/s]    |      75.4249 |
|    L3 data volume [GBytes]    |       0.0001 |
+-------------------------------+--------------+

Region Generation, Group 1: L3
+-------------------+----------+
|    Region Info    |  Core 0  |
+-------------------+----------+
| RDTSC Runtime [s] | 0.348511 |
|     call count    |  1500000 |
+-------------------+----------+

+-----------------------+---------+-------------+
|         Event         | Counter |    Core 0   |
+-----------------------+---------+-------------+
|   INSTR_RETIRED_ANY   |  FIXC0  |  5399947000 |
| CPU_CLK_UNHALTED_CORE |  FIXC1  | 13256210000 |
|  CPU_CLK_UNHALTED_REF |  FIXC2  | 13777330000 |
|    L2_LINES_IN_ALL    |   PMC0  |   198865300 |
|     L2_TRANS_L2_WB    |   PMC1  |    41928520 |
+-----------------------+---------+-------------+

+-------------------------------+------------+
|             Metric            |   Core 0   |
+-------------------------------+------------+
|      Runtime (RDTSC) [s]      |     0.3485 |
|      Runtime unhalted [s]     |     5.1146 |
|          Clock [MHz]          |  2493.8040 |
|              CPI              |     2.4549 |
|  L3 load bandwidth [MBytes/s] | 36519.2622 |
|  L3 load data volume [GBytes] |    12.7274 |
| L3 evict bandwidth [MBytes/s] |  7699.6772 |
| L3 evict data volume [GBytes] |     2.6834 |
|    L3 bandwidth [MBytes/s]    | 44218.9394 |
|    L3 data volume [GBytes]    |    15.4108 |
+-------------------------------+------------+

Region Core, Group 1: L3
+-------------------+----------+
|    Region Info    |  Core 0  |
+-------------------+----------+
| RDTSC Runtime [s] | 0.019337 |
|     call count    |        1 |
+-------------------+----------+

+-----------------------+---------+-----------+
|         Event         | Counter |   Core 0  |
+-----------------------+---------+-----------+
|   INSTR_RETIRED_ANY   |  FIXC0  | 116835000 |
| CPU_CLK_UNHALTED_CORE |  FIXC1  |  47671900 |
|  CPU_CLK_UNHALTED_REF |  FIXC2  |  49541540 |
|    L2_LINES_IN_ALL    |   PMC0  |    211989 |
|     L2_TRANS_L2_WB    |   PMC1  |     47966 |
+-----------------------+---------+-----------+

+-------------------------------+-----------+
|             Metric            |   Core 0  |
+-------------------------------+-----------+
|      Runtime (RDTSC) [s]      |    0.0193 |
|      Runtime unhalted [s]     |    0.0184 |
|          Clock [MHz]          | 2494.0259 |
|              CPI              |    0.4080 |
|  L3 load bandwidth [MBytes/s] |  701.6142 |
|  L3 load data volume [GBytes] |    0.0136 |
| L3 evict bandwidth [MBytes/s] |  158.7518 |
| L3 evict data volume [GBytes] |    0.0031 |
|    L3 bandwidth [MBytes/s]    |  860.3659 |
|    L3 data volume [GBytes]    |    0.0166 |
+-------------------------------+-----------+

--------------------------------------------------------------------------------
CPU name:	Intel(R) Core(TM) i7-6500U CPU @ 2.50GHz
CPU type:	Intel Skylake processor
CPU clock:	2.59 GHz
--------------------------------------------------------------------------------
Bloom Join
-----------------
4194304 Buckets 0 Hash Functions
Initialization: 1 ms 
Bloom Filter Generation: 64822 ms 
Join Core: 16 ms 
14541 linhas
64842 ms 

--------------------------------------------------------------------------------
Region Initialization, Group 1: L3
+-------------------+----------+
|    Region Info    |  Core 0  |
+-------------------+----------+
| RDTSC Runtime [s] | 0.000998 |
|     call count    |        1 |
+-------------------+----------+

+-----------------------+---------+---------+
|         Event         | Counter |  Core 0 |
+-----------------------+---------+---------+
|   INSTR_RETIRED_ANY   |  FIXC0  |  922366 |
| CPU_CLK_UNHALTED_CORE |  FIXC1  |  595172 |
|  CPU_CLK_UNHALTED_REF |  FIXC2  | 1932228 |
|    L2_LINES_IN_ALL    |   PMC0  |    1331 |
|     L2_TRANS_L2_WB    |   PMC1  |     564 |
+-----------------------+---------+---------+

+-------------------------------+--------------+
|             Metric            |    Core 0    |
+-------------------------------+--------------+
|      Runtime (RDTSC) [s]      |       0.0010 |
|      Runtime unhalted [s]     |       0.0002 |
|          Clock [MHz]          |     798.3930 |
|              CPI              |       0.6453 |
|  L3 load bandwidth [MBytes/s] |      85.3464 |
|  L3 load data volume [GBytes] |       0.0001 |
| L3 evict bandwidth [MBytes/s] |      36.1648 |
| L3 evict data volume [GBytes] | 3.609600e-05 |
|    L3 bandwidth [MBytes/s]    |     121.5112 |
|    L3 data volume [GBytes]    |       0.0001 |
+-------------------------------+--------------+

Region Generation, Group 1: L3
+-------------------+----------+
|    Region Info    |  Core 0  |
+-------------------+----------+
| RDTSC Runtime [s] | 0.329156 |
|     call count    |  1500000 |
+-------------------+----------+

+-----------------------+---------+-------------+
|         Event         | Counter |    Core 0   |
+-----------------------+---------+-------------+
|   INSTR_RETIRED_ANY   |  FIXC0  |  5399947000 |
| CPU_CLK_UNHALTED_CORE |  FIXC1  | 13186020000 |
|  CPU_CLK_UNHALTED_REF |  FIXC2  | 11112580000 |
|    L2_LINES_IN_ALL    |   PMC0  |   208069600 |
|     L2_TRANS_L2_WB    |   PMC1  |    42330720 |
+-----------------------+---------+-------------+

+-------------------------------+------------+
|             Metric            |   Core 0   |
+-------------------------------+------------+
|      Runtime (RDTSC) [s]      |     0.3292 |
|      Runtime unhalted [s]     |     5.0872 |
|          Clock [MHz]          |  3075.6110 |
|              CPI              |     2.4419 |
|  L3 load bandwidth [MBytes/s] | 40456.3992 |
|  L3 load data volume [GBytes] |    13.3165 |
| L3 evict bandwidth [MBytes/s] |  8230.6522 |
| L3 evict data volume [GBytes] |     2.7092 |
|    L3 bandwidth [MBytes/s]    | 48687.0514 |
|    L3 data volume [GBytes]    |    16.0256 |
+-------------------------------+------------+

Region Core, Group 1: L3
+-------------------+----------+
|    Region Info    |  Core 0  |
+-------------------+----------+
| RDTSC Runtime [s] | 0.016273 |
|     call count    |        1 |
+-------------------+----------+

+-----------------------+---------+-----------+
|         Event         | Counter |   Core 0  |
+-----------------------+---------+-----------+
|   INSTR_RETIRED_ANY   |  FIXC0  | 116835000 |
| CPU_CLK_UNHALTED_CORE |  FIXC1  |  47740770 |
|  CPU_CLK_UNHALTED_REF |  FIXC2  |  40186800 |
|    L2_LINES_IN_ALL    |   PMC0  |    212838 |
|     L2_TRANS_L2_WB    |   PMC1  |     47322 |
+-----------------------+---------+-----------+

+-------------------------------+-----------+
|             Metric            |   Core 0  |
+-------------------------------+-----------+
|      Runtime (RDTSC) [s]      |    0.0163 |
|      Runtime unhalted [s]     |    0.0184 |
|          Clock [MHz]          | 3079.2048 |
|              CPI              |    0.4086 |
|  L3 load bandwidth [MBytes/s] |  837.0839 |
|  L3 load data volume [GBytes] |    0.0136 |
| L3 evict bandwidth [MBytes/s] |  186.1157 |
| L3 evict data volume [GBytes] |    0.0030 |
|    L3 bandwidth [MBytes/s]    | 1023.1996 |
|    L3 data volume [GBytes]    |    0.0167 |
+-------------------------------+-----------+

--------------------------------------------------------------------------------
CPU name:	Intel(R) Core(TM) i7-6500U CPU @ 2.50GHz
CPU type:	Intel Skylake processor
CPU clock:	2.59 GHz
--------------------------------------------------------------------------------
Bloom Join
-----------------
4194304 Buckets 0 Hash Functions
Initialization: 1 ms 
Bloom Filter Generation: 75979 ms 
Join Core: 19 ms 
14541 linhas
76001 ms 

--------------------------------------------------------------------------------
Region Initialization, Group 1: L3
+-------------------+----------+
|    Region Info    |  Core 0  |
+-------------------+----------+
| RDTSC Runtime [s] | 0.001009 |
|     call count    |        1 |
+-------------------+----------+

+-----------------------+---------+---------+
|         Event         | Counter |  Core 0 |
+-----------------------+---------+---------+
|   INSTR_RETIRED_ANY   |  FIXC0  |  922366 |
| CPU_CLK_UNHALTED_CORE |  FIXC1  |  621562 |
|  CPU_CLK_UNHALTED_REF |  FIXC2  | 2018412 |
|    L2_LINES_IN_ALL    |   PMC0  |    1123 |
|     L2_TRANS_L2_WB    |   PMC1  |     230 |
+-----------------------+---------+---------+

+-------------------------------+--------------+
|             Metric            |    Core 0    |
+-------------------------------+--------------+
|      Runtime (RDTSC) [s]      |       0.0010 |
|      Runtime unhalted [s]     |       0.0002 |
|          Clock [MHz]          |     798.1911 |
|              CPI              |       0.6739 |
|  L3 load bandwidth [MBytes/s] |      71.2042 |
|  L3 load data volume [GBytes] |       0.0001 |
| L3 evict bandwidth [MBytes/s] |      14.5832 |
| L3 evict data volume [GBytes] | 1.472000e-05 |
|    L3 bandwidth [MBytes/s]    |      85.7874 |
|    L3 data volume [GBytes]    |       0.0001 |
+-------------------------------+--------------+

Region Generation, Group 1: L3
+-------------------+----------+
|    Region Info    |  Core 0  |
+-------------------+----------+
| RDTSC Runtime [s] | 0.364644 |
|     call count    |  1500000 |
+-------------------+----------+

+-----------------------+---------+-------------+
|         Event         | Counter |    Core 0   |
+-----------------------+---------+-------------+
|   INSTR_RETIRED_ANY   |  FIXC0  |  5399947000 |
| CPU_CLK_UNHALTED_CORE |  FIXC1  | 12903270000 |
|  CPU_CLK_UNHALTED_REF |  FIXC2  | 13410870000 |
|    L2_LINES_IN_ALL    |   PMC0  |   212930400 |
|     L2_TRANS_L2_WB    |   PMC1  |    29161930 |
+-----------------------+---------+-------------+

+-------------------------------+------------+
|             Metric            |   Core 0   |
+-------------------------------+------------+
|      Runtime (RDTSC) [s]      |     0.3646 |
|      Runtime unhalted [s]     |     4.9781 |
|          Clock [MHz]          |  2493.8773 |
|              CPI              |     2.3895 |
|  L3 load bandwidth [MBytes/s] | 37372.1511 |
|  L3 load data volume [GBytes] |    13.6275 |
| L3 evict bandwidth [MBytes/s] |  5118.3112 |
| L3 evict data volume [GBytes] |     1.8664 |
|    L3 bandwidth [MBytes/s]    | 42490.4623 |
|    L3 data volume [GBytes]    |    15.4939 |
+-------------------------------+------------+

Region Core, Group 1: L3
+-------------------+----------+
|    Region Info    |  Core 0  |
+-------------------+----------+
| RDTSC Runtime [s] | 0.019333 |
|     call count    |        1 |
+-------------------+----------+

+-----------------------+---------+-----------+
|         Event         | Counter |   Core 0  |
+-----------------------+---------+-----------+
|   INSTR_RETIRED_ANY   |  FIXC0  | 116835000 |
| CPU_CLK_UNHALTED_CORE |  FIXC1  |  47470060 |
|  CPU_CLK_UNHALTED_REF |  FIXC2  |  49332020 |
|    L2_LINES_IN_ALL    |   PMC0  |    220764 |
|     L2_TRANS_L2_WB    |   PMC1  |     36360 |
+-----------------------+---------+-----------+

+-------------------------------+-----------+
|             Metric            |   Core 0  |
+-------------------------------+-----------+
|      Runtime (RDTSC) [s]      |    0.0193 |
|      Runtime unhalted [s]     |    0.0183 |
|          Clock [MHz]          | 2494.1532 |
|              CPI              |    0.4063 |
|  L3 load bandwidth [MBytes/s] |  730.8153 |
|  L3 load data volume [GBytes] |    0.0141 |
| L3 evict bandwidth [MBytes/s] |  120.3658 |
| L3 evict data volume [GBytes] |    0.0023 |
|    L3 bandwidth [MBytes/s]    |  851.1811 |
|    L3 data volume [GBytes]    |    0.0165 |
+-------------------------------+-----------+

--------------------------------------------------------------------------------
CPU name:	Intel(R) Core(TM) i7-6500U CPU @ 2.50GHz
CPU type:	Intel Skylake processor
CPU clock:	2.59 GHz
--------------------------------------------------------------------------------
Bloom Join
-----------------
4194304 Buckets 0 Hash Functions
Initialization: 1 ms 
Bloom Filter Generation: 63335 ms 
Join Core: 16 ms 
14541 linhas
63354 ms 

--------------------------------------------------------------------------------
Region Initialization, Group 1: L3
+-------------------+----------+
|    Region Info    |  Core 0  |
+-------------------+----------+
| RDTSC Runtime [s] | 0.001043 |
|     call count    |        1 |
+-------------------+----------+

+-----------------------+---------+---------+
|         Event         | Counter |  Core 0 |
+-----------------------+---------+---------+
|   INSTR_RETIRED_ANY   |  FIXC0  |  922366 |
| CPU_CLK_UNHALTED_CORE |  FIXC1  |  603876 |
|  CPU_CLK_UNHALTED_REF |  FIXC2  | 1960200 |
|    L2_LINES_IN_ALL    |   PMC0  |    1952 |
|     L2_TRANS_L2_WB    |   PMC1  |     438 |
+-----------------------+---------+---------+

+-------------------------------+--------------+
|             Metric            |    Core 0    |
+-------------------------------+--------------+
|      Runtime (RDTSC) [s]      |       0.0010 |
|      Runtime unhalted [s]     |       0.0002 |
|          Clock [MHz]          |     798.5122 |
|              CPI              |       0.6547 |
|  L3 load bandwidth [MBytes/s] |     119.7253 |
|  L3 load data volume [GBytes] |       0.0001 |
| L3 evict bandwidth [MBytes/s] |      26.8646 |
| L3 evict data volume [GBytes] | 2.803200e-05 |
|    L3 bandwidth [MBytes/s]    |     146.5899 |
|    L3 data volume [GBytes]    |       0.0002 |
+-------------------------------+--------------+

Region Generation, Group 1: L3
+-------------------+----------+
|    Region Info    |  Core 0  |
+-------------------+----------+
| RDTSC Runtime [s] | 0.302554 |
|     call count    |  1500000 |
+-------------------+----------+

+-----------------------+---------+-------------+
|         Event         | Counter |    Core 0   |
+-----------------------+---------+-------------+
|   INSTR_RETIRED_ANY   |  FIXC0  |  5399947000 |
| CPU_CLK_UNHALTED_CORE |  FIXC1  | 13059230000 |
|  CPU_CLK_UNHALTED_REF |  FIXC2  | 10970650000 |
|    L2_LINES_IN_ALL    |   PMC0  |   220596200 |
|     L2_TRANS_L2_WB    |   PMC1  |    34686740 |
+-----------------------+---------+-------------+

+-------------------------------+------------+
|             Metric            |   Core 0   |
+-------------------------------+------------+
|      Runtime (RDTSC) [s]      |     0.3026 |
|      Runtime unhalted [s]     |     5.0383 |
|          Clock [MHz]          |  3085.4560 |
|              CPI              |     2.4184 |
|  L3 load bandwidth [MBytes/s] | 46663.2473 |
|  L3 load data volume [GBytes] |    14.1182 |
| L3 evict bandwidth [MBytes/s] |  7337.3699 |
| L3 evict data volume [GBytes] |     2.2200 |
|    L3 bandwidth [MBytes/s]    | 54000.6173 |
|    L3 data volume [GBytes]    |    16.3381 |
+-------------------------------+------------+

Region Core, Group 1: L3
+-------------------+----------+
|    Region Info    |  Core 0  |
+-------------------+----------+
| RDTSC Runtime [s] | 0.015807 |
|     call count    |        1 |
+-------------------+----------+

+-----------------------+---------+-----------+
|         Event         | Counter |   Core 0  |
+-----------------------+---------+-----------+
|   INSTR_RETIRED_ANY   |  FIXC0  | 116835000 |
| CPU_CLK_UNHALTED_CORE |  FIXC1  |  47460580 |
|  CPU_CLK_UNHALTED_REF |  FIXC2  |  39788820 |
|    L2_LINES_IN_ALL    |   PMC0  |    213685 |
|     L2_TRANS_L2_WB    |   PMC1  |     38112 |
+-----------------------+---------+-----------+

+-------------------------------+-----------+
|             Metric            |   Core 0  |
+-------------------------------+-----------+
|      Runtime (RDTSC) [s]      |    0.0158 |
|      Runtime unhalted [s]     |    0.0183 |
|          Clock [MHz]          | 3091.7625 |
|              CPI              |    0.4062 |
|  L3 load bandwidth [MBytes/s] |  865.1806 |
|  L3 load data volume [GBytes] |    0.0137 |
| L3 evict bandwidth [MBytes/s] |  154.3101 |
| L3 evict data volume [GBytes] |    0.0024 |
|    L3 bandwidth [MBytes/s]    | 1019.4907 |
|    L3 data volume [GBytes]    |    0.0161 |
+-------------------------------+-----------+

