--------------------------------------------------------------------------------
CPU name:	Intel(R) Core(TM) i7-6500U CPU @ 2.50GHz
CPU type:	Intel Skylake processor
CPU clock:	2.59 GHz
--------------------------------------------------------------------------------
Bloom Join
-----------------
4194304 Buckets 3 Hash Functions
Initialization: 0 ms 
Bloom Filter Generation: 326115 ms 
Join Core: 36 ms 
14973 linhas
326152 ms 

--------------------------------------------------------------------------------
Region Initialization, Group 1: L2
+-------------------+----------+
|    Region Info    |  Core 0  |
+-------------------+----------+
| RDTSC Runtime [s] | 0.000312 |
|     call count    |        1 |
+-------------------+----------+

+-----------------------+---------+--------+
|         Event         | Counter | Core 0 |
+-----------------------+---------+--------+
|   INSTR_RETIRED_ANY   |  FIXC0  | 922459 |
| CPU_CLK_UNHALTED_CORE |  FIXC1  | 596636 |
|  CPU_CLK_UNHALTED_REF |  FIXC2  | 596592 |
|    L1D_REPLACEMENT    |   PMC0  |    428 |
|      L1D_M_EVICT      |   PMC1  |    260 |
| ICACHE_64B_IFTAG_MISS |   PMC2  |    630 |
+-----------------------+---------+--------+

+--------------------------------+--------------+
|             Metric             |    Core 0    |
+--------------------------------+--------------+
|       Runtime (RDTSC) [s]      |       0.0003 |
|      Runtime unhalted [s]      |       0.0002 |
|           Clock [MHz]          |    2592.1753 |
|               CPI              |       0.6468 |
|  L2D load bandwidth [MBytes/s] |      87.6815 |
|  L2D load data volume [GBytes] | 2.739200e-05 |
| L2D evict bandwidth [MBytes/s] |      53.2645 |
| L2D evict data volume [GBytes] | 1.664000e-05 |
|     L2 bandwidth [MBytes/s]    |     270.0099 |
|     L2 data volume [GBytes]    |       0.0001 |
+--------------------------------+--------------+

Region Generation, Group 1: L2
+-------------------+----------+
|    Region Info    |  Core 0  |
+-------------------+----------+
| RDTSC Runtime [s] | 1.467332 |
|     call count    |  6000000 |
+-------------------+----------+

+-----------------------+---------+-------------+
|         Event         | Counter |    Core 0   |
+-----------------------+---------+-------------+
|   INSTR_RETIRED_ANY   |  FIXC0  | 22471490000 |
| CPU_CLK_UNHALTED_CORE |  FIXC1  | 50988430000 |
|  CPU_CLK_UNHALTED_REF |  FIXC2  | 50569210000 |
|    L1D_REPLACEMENT    |   PMC0  |  1172324000 |
|      L1D_M_EVICT      |   PMC1  |   417536500 |
| ICACHE_64B_IFTAG_MISS |   PMC2  |  2181303000 |
+-----------------------+---------+-------------+

+--------------------------------+-------------+
|             Metric             |    Core 0   |
+--------------------------------+-------------+
|       Runtime (RDTSC) [s]      |      1.4673 |
|      Runtime unhalted [s]      |     19.6716 |
|           Clock [MHz]          |   2613.4717 |
|               CPI              |      2.2690 |
|  L2D load bandwidth [MBytes/s] |  51132.7607 |
|  L2D load data volume [GBytes] |     75.0287 |
| L2D evict bandwidth [MBytes/s] |  18211.5131 |
| L2D evict data volume [GBytes] |     26.7223 |
|     L2 bandwidth [MBytes/s]    | 164485.2453 |
|     L2 data volume [GBytes]    |    241.3545 |
+--------------------------------+-------------+

Region Core, Group 1: L2
+-------------------+----------+
|    Region Info    |  Core 0  |
+-------------------+----------+
| RDTSC Runtime [s] | 0.035854 |
|     call count    |        1 |
+-------------------+----------+

+-----------------------+---------+-----------+
|         Event         | Counter |   Core 0  |
+-----------------------+---------+-----------+
|   INSTR_RETIRED_ANY   |  FIXC0  | 200839400 |
| CPU_CLK_UNHALTED_CORE |  FIXC1  |  88821380 |
|  CPU_CLK_UNHALTED_REF |  FIXC2  |  92304250 |
|    L1D_REPLACEMENT    |   PMC0  |    559110 |
|      L1D_M_EVICT      |   PMC1  |      2636 |
| ICACHE_64B_IFTAG_MISS |   PMC2  |      1539 |
+-----------------------+---------+-----------+

+--------------------------------+-----------+
|             Metric             |   Core 0  |
+--------------------------------+-----------+
|       Runtime (RDTSC) [s]      |    0.0359 |
|      Runtime unhalted [s]      |    0.0343 |
|           Clock [MHz]          | 2494.1821 |
|               CPI              |    0.4423 |
|  L2D load bandwidth [MBytes/s] |  998.0078 |
|  L2D load data volume [GBytes] |    0.0358 |
| L2D evict bandwidth [MBytes/s] |    4.7052 |
| L2D evict data volume [GBytes] |    0.0002 |
|     L2 bandwidth [MBytes/s]    | 1005.4601 |
|     L2 data volume [GBytes]    |    0.0361 |
+--------------------------------+-----------+

--------------------------------------------------------------------------------
CPU name:	Intel(R) Core(TM) i7-6500U CPU @ 2.50GHz
CPU type:	Intel Skylake processor
CPU clock:	2.59 GHz
--------------------------------------------------------------------------------
Bloom Join
-----------------
4194304 Buckets 3 Hash Functions
Initialization: 1 ms 
Bloom Filter Generation: 327421 ms 
Join Core: 36 ms 
14973 linhas
327460 ms 

--------------------------------------------------------------------------------
Region Initialization, Group 1: L2
+-------------------+----------+
|    Region Info    |  Core 0  |
+-------------------+----------+
| RDTSC Runtime [s] | 0.001014 |
|     call count    |        1 |
+-------------------+----------+

+-----------------------+---------+---------+
|         Event         | Counter |  Core 0 |
+-----------------------+---------+---------+
|   INSTR_RETIRED_ANY   |  FIXC0  |  922459 |
| CPU_CLK_UNHALTED_CORE |  FIXC1  |  599420 |
|  CPU_CLK_UNHALTED_REF |  FIXC2  | 1947132 |
|    L1D_REPLACEMENT    |   PMC0  |     470 |
|      L1D_M_EVICT      |   PMC1  |     268 |
| ICACHE_64B_IFTAG_MISS |   PMC2  |     789 |
+-----------------------+---------+---------+

+--------------------------------+--------------+
|             Metric             |    Core 0    |
+--------------------------------+--------------+
|       Runtime (RDTSC) [s]      |       0.0010 |
|      Runtime unhalted [s]      |       0.0002 |
|           Clock [MHz]          |     797.9387 |
|               CPI              |       0.6498 |
|  L2D load bandwidth [MBytes/s] |      29.6773 |
|  L2D load data volume [GBytes] | 3.008000e-05 |
| L2D evict bandwidth [MBytes/s] |      16.9223 |
| L2D evict data volume [GBytes] | 1.715200e-05 |
|     L2 bandwidth [MBytes/s]    |      96.4195 |
|     L2 data volume [GBytes]    |       0.0001 |
+--------------------------------+--------------+

Region Generation, Group 1: L2
+-------------------+----------+
|    Region Info    |  Core 0  |
+-------------------+----------+
| RDTSC Runtime [s] | 1.522370 |
|     call count    |  6000000 |
+-------------------+----------+

+-----------------------+---------+-------------+
|         Event         | Counter |    Core 0   |
+-----------------------+---------+-------------+
|   INSTR_RETIRED_ANY   |  FIXC0  | 22471490000 |
| CPU_CLK_UNHALTED_CORE |  FIXC1  | 51431220000 |
|  CPU_CLK_UNHALTED_REF |  FIXC2  | 50781160000 |
|    L1D_REPLACEMENT    |   PMC0  |  1174901000 |
|      L1D_M_EVICT      |   PMC1  |   330196300 |
| ICACHE_64B_IFTAG_MISS |   PMC2  |  2177340000 |
+-----------------------+---------+-------------+

+--------------------------------+-------------+
|             Metric             |    Core 0   |
+--------------------------------+-------------+
|       Runtime (RDTSC) [s]      |      1.5224 |
|      Runtime unhalted [s]      |     19.8424 |
|           Clock [MHz]          |   2625.1727 |
|               CPI              |      2.2887 |
|  L2D load bandwidth [MBytes/s] |  49392.5025 |
|  L2D load data volume [GBytes] |     75.1937 |
| L2D evict bandwidth [MBytes/s] |  13881.3581 |
| L2D evict data volume [GBytes] |     21.1326 |
|     L2 bandwidth [MBytes/s]    | 154808.6124 |
|     L2 data volume [GBytes]    |    235.6760 |
+--------------------------------+-------------+

Region Core, Group 1: L2
+-------------------+----------+
|    Region Info    |  Core 0  |
+-------------------+----------+
| RDTSC Runtime [s] | 0.035874 |
|     call count    |        1 |
+-------------------+----------+

+-----------------------+---------+-----------+
|         Event         | Counter |   Core 0  |
+-----------------------+---------+-----------+
|   INSTR_RETIRED_ANY   |  FIXC0  | 200839400 |
| CPU_CLK_UNHALTED_CORE |  FIXC1  |  88753480 |
|  CPU_CLK_UNHALTED_REF |  FIXC2  |  92234160 |
|    L1D_REPLACEMENT    |   PMC0  |    559142 |
|      L1D_M_EVICT      |   PMC1  |      2830 |
| ICACHE_64B_IFTAG_MISS |   PMC2  |      1828 |
+-----------------------+---------+-----------+

+--------------------------------+-----------+
|             Metric             |   Core 0  |
+--------------------------------+-----------+
|       Runtime (RDTSC) [s]      |    0.0359 |
|      Runtime unhalted [s]      |    0.0342 |
|           Clock [MHz]          | 2494.1770 |
|               CPI              |    0.4419 |
|  L2D load bandwidth [MBytes/s] |  997.5135 |
|  L2D load data volume [GBytes] |    0.0358 |
| L2D evict bandwidth [MBytes/s] |    5.0487 |
| L2D evict data volume [GBytes] |    0.0002 |
|     L2 bandwidth [MBytes/s]    | 1005.8234 |
|     L2 data volume [GBytes]    |    0.0361 |
+--------------------------------+-----------+

--------------------------------------------------------------------------------
CPU name:	Intel(R) Core(TM) i7-6500U CPU @ 2.50GHz
CPU type:	Intel Skylake processor
CPU clock:	2.59 GHz
--------------------------------------------------------------------------------
Bloom Join
-----------------
4194304 Buckets 3 Hash Functions
Initialization: 1 ms 
Bloom Filter Generation: 343473 ms 
Join Core: 36 ms 
14973 linhas
343512 ms 

--------------------------------------------------------------------------------
Region Initialization, Group 1: L2
+-------------------+----------+
|    Region Info    |  Core 0  |
+-------------------+----------+
| RDTSC Runtime [s] | 0.000984 |
|     call count    |        1 |
+-------------------+----------+

+-----------------------+---------+---------+
|         Event         | Counter |  Core 0 |
+-----------------------+---------+---------+
|   INSTR_RETIRED_ANY   |  FIXC0  |  922459 |
| CPU_CLK_UNHALTED_CORE |  FIXC1  |  596430 |
|  CPU_CLK_UNHALTED_REF |  FIXC2  | 1936980 |
|    L1D_REPLACEMENT    |   PMC0  |     444 |
|      L1D_M_EVICT      |   PMC1  |     252 |
| ICACHE_64B_IFTAG_MISS |   PMC2  |     627 |
+-----------------------+---------+---------+

+--------------------------------+--------------+
|             Metric             |    Core 0    |
+--------------------------------+--------------+
|       Runtime (RDTSC) [s]      |       0.0010 |
|      Runtime unhalted [s]      |       0.0002 |
|           Clock [MHz]          |     798.1193 |
|               CPI              |       0.6466 |
|  L2D load bandwidth [MBytes/s] |      28.8780 |
|  L2D load data volume [GBytes] | 2.841600e-05 |
| L2D evict bandwidth [MBytes/s] |      16.3902 |
| L2D evict data volume [GBytes] | 1.612800e-05 |
|     L2 bandwidth [MBytes/s]    |      86.0488 |
|     L2 data volume [GBytes]    |       0.0001 |
+--------------------------------+--------------+

Region Generation, Group 1: L2
+-------------------+----------+
|    Region Info    |  Core 0  |
+-------------------+----------+
| RDTSC Runtime [s] | 1.489250 |
|     call count    |  6000000 |
+-------------------+----------+

+-----------------------+---------+-------------+
|         Event         | Counter |    Core 0   |
+-----------------------+---------+-------------+
|   INSTR_RETIRED_ANY   |  FIXC0  | 22471490000 |
| CPU_CLK_UNHALTED_CORE |  FIXC1  | 54092570000 |
|  CPU_CLK_UNHALTED_REF |  FIXC2  | 56216280000 |
|    L1D_REPLACEMENT    |   PMC0  |  1205416000 |
|      L1D_M_EVICT      |   PMC1  |   402558300 |
| ICACHE_64B_IFTAG_MISS |   PMC2  |  2392888000 |
+-----------------------+---------+-------------+

+--------------------------------+-------------+
|             Metric             |    Core 0   |
+--------------------------------+-------------+
|       Runtime (RDTSC) [s]      |      1.4892 |
|      Runtime unhalted [s]      |     20.8691 |
|           Clock [MHz]          |   2494.0720 |
|               CPI              |      2.4072 |
|  L2D load bandwidth [MBytes/s] |  51802.3327 |
|  L2D load data volume [GBytes] |     77.1466 |
| L2D evict bandwidth [MBytes/s] |  17299.8027 |
| L2D evict data volume [GBytes] |     25.7637 |
|     L2 bandwidth [MBytes/s]    | 171935.6637 |
|     L2 data volume [GBytes]    |    256.0552 |
+--------------------------------+-------------+

Region Core, Group 1: L2
+-------------------+----------+
|    Region Info    |  Core 0  |
+-------------------+----------+
| RDTSC Runtime [s] | 0.035850 |
|     call count    |        1 |
+-------------------+----------+

+-----------------------+---------+-----------+
|         Event         | Counter |   Core 0  |
+-----------------------+---------+-----------+
|   INSTR_RETIRED_ANY   |  FIXC0  | 200839400 |
| CPU_CLK_UNHALTED_CORE |  FIXC1  |  88889850 |
|  CPU_CLK_UNHALTED_REF |  FIXC2  |  92375640 |
|    L1D_REPLACEMENT    |   PMC0  |    558498 |
|      L1D_M_EVICT      |   PMC1  |      2770 |
| ICACHE_64B_IFTAG_MISS |   PMC2  |      1581 |
+-----------------------+---------+-----------+

+--------------------------------+-----------+
|             Metric             |   Core 0  |
+--------------------------------+-----------+
|       Runtime (RDTSC) [s]      |    0.0359 |
|      Runtime unhalted [s]      |    0.0343 |
|           Clock [MHz]          | 2494.1822 |
|               CPI              |    0.4426 |
|  L2D load bandwidth [MBytes/s] |  997.0349 |
|  L2D load data volume [GBytes] |    0.0357 |
| L2D evict bandwidth [MBytes/s] |    4.9450 |
| L2D evict data volume [GBytes] |    0.0002 |
|     L2 bandwidth [MBytes/s]    | 1004.8024 |
|     L2 data volume [GBytes]    |    0.0360 |
+--------------------------------+-----------+

--------------------------------------------------------------------------------
CPU name:	Intel(R) Core(TM) i7-6500U CPU @ 2.50GHz
CPU type:	Intel Skylake processor
CPU clock:	2.59 GHz
--------------------------------------------------------------------------------
Bloom Join
-----------------
4194304 Buckets 3 Hash Functions
Initialization: 1 ms 
Bloom Filter Generation: 281316 ms 
Join Core: 29 ms 
14973 linhas
281349 ms 

--------------------------------------------------------------------------------
Region Initialization, Group 1: L2
+-------------------+----------+
|    Region Info    |  Core 0  |
+-------------------+----------+
| RDTSC Runtime [s] | 0.001003 |
|     call count    |        1 |
+-------------------+----------+

+-----------------------+---------+---------+
|         Event         | Counter |  Core 0 |
+-----------------------+---------+---------+
|   INSTR_RETIRED_ANY   |  FIXC0  |  922459 |
| CPU_CLK_UNHALTED_CORE |  FIXC1  |  599737 |
|  CPU_CLK_UNHALTED_REF |  FIXC2  | 1948536 |
|    L1D_REPLACEMENT    |   PMC0  |     425 |
|      L1D_M_EVICT      |   PMC1  |     247 |
| ICACHE_64B_IFTAG_MISS |   PMC2  |     663 |
+-----------------------+---------+---------+

+--------------------------------+--------------+
|             Metric             |    Core 0    |
+--------------------------------+--------------+
|       Runtime (RDTSC) [s]      |       0.0010 |
|      Runtime unhalted [s]      |       0.0002 |
|           Clock [MHz]          |     797.7834 |
|               CPI              |       0.6502 |
|  L2D load bandwidth [MBytes/s] |      27.1268 |
|  L2D load data volume [GBytes] | 2.720000e-05 |
| L2D evict bandwidth [MBytes/s] |      15.7654 |
| L2D evict data volume [GBytes] | 1.580800e-05 |
|     L2 bandwidth [MBytes/s]    |      85.2100 |
|     L2 data volume [GBytes]    |       0.0001 |
+--------------------------------+--------------+

Region Generation, Group 1: L2
+-------------------+----------+
|    Region Info    |  Core 0  |
+-------------------+----------+
| RDTSC Runtime [s] | 1.359628 |
|     call count    |  6000000 |
+-------------------+----------+

+-----------------------+---------+-------------+
|         Event         | Counter |    Core 0   |
+-----------------------+---------+-------------+
|   INSTR_RETIRED_ANY   |  FIXC0  | 22471490000 |
| CPU_CLK_UNHALTED_CORE |  FIXC1  | 54392960000 |
|  CPU_CLK_UNHALTED_REF |  FIXC2  | 45632520000 |
|    L1D_REPLACEMENT    |   PMC0  |  1247871000 |
|      L1D_M_EVICT      |   PMC1  |   376014700 |
| ICACHE_64B_IFTAG_MISS |   PMC2  |  2455263000 |
+-----------------------+---------+-------------+

+--------------------------------+-------------+
|             Metric             |    Core 0   |
+--------------------------------+-------------+
|       Runtime (RDTSC) [s]      |      1.3596 |
|      Runtime unhalted [s]      |     20.9851 |
|           Clock [MHz]          |   3089.5898 |
|               CPI              |      2.4205 |
|  L2D load bandwidth [MBytes/s] |  58739.4081 |
|  L2D load data volume [GBytes] |     79.8637 |
| L2D evict bandwidth [MBytes/s] |  17699.6508 |
| L2D evict data volume [GBytes] |     24.0649 |
|     L2 bandwidth [MBytes/s]    | 192012.4599 |
|     L2 data volume [GBytes]    |    261.0655 |
+--------------------------------+-------------+

Region Core, Group 1: L2
+-------------------+----------+
|    Region Info    |  Core 0  |
+-------------------+----------+
| RDTSC Runtime [s] | 0.029335 |
|     call count    |        1 |
+-------------------+----------+

+-----------------------+---------+-----------+
|         Event         | Counter |   Core 0  |
+-----------------------+---------+-----------+
|   INSTR_RETIRED_ANY   |  FIXC0  | 200839400 |
| CPU_CLK_UNHALTED_CORE |  FIXC1  |  89258050 |
|  CPU_CLK_UNHALTED_REF |  FIXC2  |  74822400 |
|    L1D_REPLACEMENT    |   PMC0  |    558988 |
|      L1D_M_EVICT      |   PMC1  |      2895 |
| ICACHE_64B_IFTAG_MISS |   PMC2  |      1794 |
+-----------------------+---------+-----------+

+--------------------------------+-----------+
|             Metric             |   Core 0  |
+--------------------------------+-----------+
|       Runtime (RDTSC) [s]      |    0.0293 |
|      Runtime unhalted [s]      |    0.0344 |
|           Clock [MHz]          | 3092.0631 |
|               CPI              |    0.4444 |
|  L2D load bandwidth [MBytes/s] | 1219.5584 |
|  L2D load data volume [GBytes] |    0.0358 |
| L2D evict bandwidth [MBytes/s] |    6.3161 |
| L2D evict data volume [GBytes] |    0.0002 |
|     L2 bandwidth [MBytes/s]    | 1229.7885 |
|     L2 data volume [GBytes]    |    0.0361 |
+--------------------------------+-----------+

--------------------------------------------------------------------------------
CPU name:	Intel(R) Core(TM) i7-6500U CPU @ 2.50GHz
CPU type:	Intel Skylake processor
CPU clock:	2.59 GHz
--------------------------------------------------------------------------------
Bloom Join
-----------------
4194304 Buckets 3 Hash Functions
Initialization: 1 ms 
Bloom Filter Generation: 336833 ms 
Join Core: 36 ms 
14973 linhas
336872 ms 

--------------------------------------------------------------------------------
Region Initialization, Group 1: L2
+-------------------+----------+
|    Region Info    |  Core 0  |
+-------------------+----------+
| RDTSC Runtime [s] | 0.000975 |
|     call count    |        1 |
+-------------------+----------+

+-----------------------+---------+---------+
|         Event         | Counter |  Core 0 |
+-----------------------+---------+---------+
|   INSTR_RETIRED_ANY   |  FIXC0  |  922459 |
| CPU_CLK_UNHALTED_CORE |  FIXC1  |  594012 |
|  CPU_CLK_UNHALTED_REF |  FIXC2  | 1928556 |
|    L1D_REPLACEMENT    |   PMC0  |     436 |
|      L1D_M_EVICT      |   PMC1  |     255 |
| ICACHE_64B_IFTAG_MISS |   PMC2  |     660 |
+-----------------------+---------+---------+

+--------------------------------+--------------+
|             Metric             |    Core 0    |
+--------------------------------+--------------+
|       Runtime (RDTSC) [s]      |       0.0010 |
|      Runtime unhalted [s]      |       0.0002 |
|           Clock [MHz]          |     798.3482 |
|               CPI              |       0.6439 |
|  L2D load bandwidth [MBytes/s] |      28.6189 |
|  L2D load data volume [GBytes] | 2.790400e-05 |
| L2D evict bandwidth [MBytes/s] |      16.7381 |
| L2D evict data volume [GBytes] | 1.632000e-05 |
|     L2 bandwidth [MBytes/s]    |      88.6793 |
|     L2 data volume [GBytes]    |       0.0001 |
+--------------------------------+--------------+

Region Generation, Group 1: L2
+-------------------+----------+
|    Region Info    |  Core 0  |
+-------------------+----------+
| RDTSC Runtime [s] | 1.577048 |
|     call count    |  6000000 |
+-------------------+----------+

+-----------------------+---------+-------------+
|         Event         | Counter |    Core 0   |
+-----------------------+---------+-------------+
|   INSTR_RETIRED_ANY   |  FIXC0  | 22471490000 |
| CPU_CLK_UNHALTED_CORE |  FIXC1  | 50039760000 |
|  CPU_CLK_UNHALTED_REF |  FIXC2  | 52003200000 |
|    L1D_REPLACEMENT    |   PMC0  |  1094088000 |
|      L1D_M_EVICT      |   PMC1  |   341202200 |
| ICACHE_64B_IFTAG_MISS |   PMC2  |  2163447000 |
+-----------------------+---------+-------------+

+--------------------------------+-------------+
|             Metric             |    Core 0   |
+--------------------------------+-------------+
|       Runtime (RDTSC) [s]      |      1.5770 |
|      Runtime unhalted [s]      |     19.3057 |
|           Clock [MHz]          |   2494.1038 |
|               CPI              |      2.2268 |
|  L2D load bandwidth [MBytes/s] |  44400.4444 |
|  L2D load data volume [GBytes] |     70.0216 |
| L2D evict bandwidth [MBytes/s] |  13846.7192 |
| L2D evict data volume [GBytes] |     21.8369 |
|     L2 bandwidth [MBytes/s]    | 146044.4963 |
|     L2 data volume [GBytes]    |    230.3192 |
+--------------------------------+-------------+

Region Core, Group 1: L2
+-------------------+----------+
|    Region Info    |  Core 0  |
+-------------------+----------+
| RDTSC Runtime [s] | 0.035919 |
|     call count    |        1 |
+-------------------+----------+

+-----------------------+---------+-----------+
|         Event         | Counter |   Core 0  |
+-----------------------+---------+-----------+
|   INSTR_RETIRED_ANY   |  FIXC0  | 200839400 |
| CPU_CLK_UNHALTED_CORE |  FIXC1  |  89046840 |
|  CPU_CLK_UNHALTED_REF |  FIXC2  |  92538290 |
|    L1D_REPLACEMENT    |   PMC0  |    558520 |
|      L1D_M_EVICT      |   PMC1  |      2513 |
| ICACHE_64B_IFTAG_MISS |   PMC2  |      1456 |
+-----------------------+---------+-----------+

+--------------------------------+-----------+
|             Metric             |   Core 0  |
+--------------------------------+-----------+
|       Runtime (RDTSC) [s]      |    0.0359 |
|      Runtime unhalted [s]      |    0.0344 |
|           Clock [MHz]          | 2494.1721 |
|               CPI              |    0.4434 |
|  L2D load bandwidth [MBytes/s] |  995.1763 |
|  L2D load data volume [GBytes] |    0.0357 |
| L2D evict bandwidth [MBytes/s] |    4.4777 |
| L2D evict data volume [GBytes] |    0.0002 |
|     L2 bandwidth [MBytes/s]    | 1002.2483 |
|     L2 data volume [GBytes]    |    0.0360 |
+--------------------------------+-----------+

--------------------------------------------------------------------------------
CPU name:	Intel(R) Core(TM) i7-6500U CPU @ 2.50GHz
CPU type:	Intel Skylake processor
CPU clock:	2.59 GHz
--------------------------------------------------------------------------------
Bloom Join
-----------------
4194304 Buckets 3 Hash Functions
Initialization: 1 ms 
Bloom Filter Generation: 332072 ms 
Join Core: 39 ms 
14973 linhas
332114 ms 

--------------------------------------------------------------------------------
Region Initialization, Group 1: L2
+-------------------+----------+
|    Region Info    |  Core 0  |
+-------------------+----------+
| RDTSC Runtime [s] | 0.000998 |
|     call count    |        1 |
+-------------------+----------+

+-----------------------+---------+---------+
|         Event         | Counter |  Core 0 |
+-----------------------+---------+---------+
|   INSTR_RETIRED_ANY   |  FIXC0  |  922460 |
| CPU_CLK_UNHALTED_CORE |  FIXC1  |  587812 |
|  CPU_CLK_UNHALTED_REF |  FIXC2  | 1907712 |
|    L1D_REPLACEMENT    |   PMC0  |     437 |
|      L1D_M_EVICT      |   PMC1  |     206 |
| ICACHE_64B_IFTAG_MISS |   PMC2  |     770 |
+-----------------------+---------+---------+

+--------------------------------+--------------+
|             Metric             |    Core 0    |
+--------------------------------+--------------+
|       Runtime (RDTSC) [s]      |       0.0010 |
|      Runtime unhalted [s]      |       0.0002 |
|           Clock [MHz]          |     798.6523 |
|               CPI              |       0.6372 |
|  L2D load bandwidth [MBytes/s] |      28.0123 |
|  L2D load data volume [GBytes] | 2.796800e-05 |
| L2D evict bandwidth [MBytes/s] |      13.2049 |
| L2D evict data volume [GBytes] | 1.318400e-05 |
|     L2 bandwidth [MBytes/s]    |      90.5754 |
|     L2 data volume [GBytes]    |       0.0001 |
+--------------------------------+--------------+

Region Generation, Group 1: L2
+-------------------+----------+
|    Region Info    |  Core 0  |
+-------------------+----------+
| RDTSC Runtime [s] | 1.449655 |
|     call count    |  6000000 |
+-------------------+----------+

+-----------------------+---------+-------------+
|         Event         | Counter |    Core 0   |
+-----------------------+---------+-------------+
|   INSTR_RETIRED_ANY   |  FIXC0  | 22471490000 |
| CPU_CLK_UNHALTED_CORE |  FIXC1  | 49869540000 |
|  CPU_CLK_UNHALTED_REF |  FIXC2  | 50448030000 |
|    L1D_REPLACEMENT    |   PMC0  |  1037696000 |
|      L1D_M_EVICT      |   PMC1  |   327842900 |
| ICACHE_64B_IFTAG_MISS |   PMC2  |  2160678000 |
+-----------------------+---------+-------------+

+--------------------------------+-------------+
|             Metric             |    Core 0   |
+--------------------------------+-------------+
|       Runtime (RDTSC) [s]      |      1.4497 |
|      Runtime unhalted [s]      |     19.2399 |
|           Clock [MHz]          |   2562.2602 |
|               CPI              |      2.2192 |
|  L2D load bandwidth [MBytes/s] |  45812.6547 |
|  L2D load data volume [GBytes] |     66.4125 |
| L2D evict bandwidth [MBytes/s] |  14473.7511 |
| L2D evict data volume [GBytes] |     20.9819 |
|     L2 bandwidth [MBytes/s]    | 155676.9587 |
|     L2 data volume [GBytes]    |    225.6779 |
+--------------------------------+-------------+

Region Core, Group 1: L2
+-------------------+----------+
|    Region Info    |  Core 0  |
+-------------------+----------+
| RDTSC Runtime [s] | 0.039327 |
|     call count    |        1 |
+-------------------+----------+

+-----------------------+---------+-----------+
|         Event         | Counter |   Core 0  |
+-----------------------+---------+-----------+
|   INSTR_RETIRED_ANY   |  FIXC0  | 200839400 |
| CPU_CLK_UNHALTED_CORE |  FIXC1  |  95960400 |
|  CPU_CLK_UNHALTED_REF |  FIXC2  |  99723960 |
|    L1D_REPLACEMENT    |   PMC0  |    561914 |
|      L1D_M_EVICT      |   PMC1  |     18541 |
| ICACHE_64B_IFTAG_MISS |   PMC2  |      7286 |
+-----------------------+---------+-----------+

+--------------------------------+-----------+
|             Metric             |   Core 0  |
+--------------------------------+-----------+
|       Runtime (RDTSC) [s]      |    0.0393 |
|      Runtime unhalted [s]      |    0.0370 |
|           Clock [MHz]          | 2494.1618 |
|               CPI              |    0.4778 |
|  L2D load bandwidth [MBytes/s] |  914.4508 |
|  L2D load data volume [GBytes] |    0.0360 |
| L2D evict bandwidth [MBytes/s] |   30.1734 |
| L2D evict data volume [GBytes] |    0.0012 |
|     L2 bandwidth [MBytes/s]    |  956.4813 |
|     L2 data volume [GBytes]    |    0.0376 |
+--------------------------------+-----------+

--------------------------------------------------------------------------------
CPU name:	Intel(R) Core(TM) i7-6500U CPU @ 2.50GHz
CPU type:	Intel Skylake processor
CPU clock:	2.59 GHz
--------------------------------------------------------------------------------
Bloom Join
-----------------
4194304 Buckets 3 Hash Functions
Initialization: 0 ms 
Bloom Filter Generation: 340844 ms 
Join Core: 36 ms 
14973 linhas
340882 ms 

--------------------------------------------------------------------------------
Region Initialization, Group 1: L2
+-------------------+----------+
|    Region Info    |  Core 0  |
+-------------------+----------+
| RDTSC Runtime [s] | 0.000385 |
|     call count    |        1 |
+-------------------+----------+

+-----------------------+---------+--------+
|         Event         | Counter | Core 0 |
+-----------------------+---------+--------+
|   INSTR_RETIRED_ANY   |  FIXC0  | 922459 |
| CPU_CLK_UNHALTED_CORE |  FIXC1  | 597167 |
|  CPU_CLK_UNHALTED_REF |  FIXC2  | 739368 |
|    L1D_REPLACEMENT    |   PMC0  |    440 |
|      L1D_M_EVICT      |   PMC1  |    257 |
| ICACHE_64B_IFTAG_MISS |   PMC2  |    693 |
+-----------------------+---------+--------+

+--------------------------------+--------------+
|             Metric             |    Core 0    |
+--------------------------------+--------------+
|       Runtime (RDTSC) [s]      |       0.0004 |
|      Runtime unhalted [s]      |       0.0002 |
|           Clock [MHz]          |    2093.4038 |
|               CPI              |       0.6474 |
|  L2D load bandwidth [MBytes/s] |      73.1517 |
|  L2D load data volume [GBytes] | 2.816000e-05 |
| L2D evict bandwidth [MBytes/s] |      42.7273 |
| L2D evict data volume [GBytes] | 1.644800e-05 |
|     L2 bandwidth [MBytes/s]    |     231.0930 |
|     L2 data volume [GBytes]    |       0.0001 |
+--------------------------------+--------------+

Region Generation, Group 1: L2
+-------------------+----------+
|    Region Info    |  Core 0  |
+-------------------+----------+
| RDTSC Runtime [s] | 1.451622 |
|     call count    |  6000000 |
+-------------------+----------+

+-----------------------+---------+-------------+
|         Event         | Counter |    Core 0   |
+-----------------------+---------+-------------+
|   INSTR_RETIRED_ANY   |  FIXC0  | 22471490000 |
| CPU_CLK_UNHALTED_CORE |  FIXC1  | 53125530000 |
|  CPU_CLK_UNHALTED_REF |  FIXC2  | 55210760000 |
|    L1D_REPLACEMENT    |   PMC0  |  1227773000 |
|      L1D_M_EVICT      |   PMC1  |   350757300 |
| ICACHE_64B_IFTAG_MISS |   PMC2  |  2650890000 |
+-----------------------+---------+-------------+

+--------------------------------+-------------+
|             Metric             |    Core 0   |
+--------------------------------+-------------+
|       Runtime (RDTSC) [s]      |      1.4516 |
|      Runtime unhalted [s]      |     20.4968 |
|           Clock [MHz]          |   2494.0055 |
|               CPI              |      2.3641 |
|  L2D load bandwidth [MBytes/s] |  54130.8082 |
|  L2D load data volume [GBytes] |     78.5775 |
| L2D evict bandwidth [MBytes/s] |  15464.4027 |
| L2D evict data volume [GBytes] |     22.4485 |
|     L2 bandwidth [MBytes/s]    | 186469.2731 |
|     L2 data volume [GBytes]    |    270.6829 |
+--------------------------------+-------------+

Region Core, Group 1: L2
+-------------------+----------+
|    Region Info    |  Core 0  |
+-------------------+----------+
| RDTSC Runtime [s] | 0.035960 |
|     call count    |        1 |
+-------------------+----------+

+-----------------------+---------+-----------+
|         Event         | Counter |   Core 0  |
+-----------------------+---------+-----------+
|   INSTR_RETIRED_ANY   |  FIXC0  | 200839400 |
| CPU_CLK_UNHALTED_CORE |  FIXC1  |  89019980 |
|  CPU_CLK_UNHALTED_REF |  FIXC2  |  92511070 |
|    L1D_REPLACEMENT    |   PMC0  |    558622 |
|      L1D_M_EVICT      |   PMC1  |      2500 |
| ICACHE_64B_IFTAG_MISS |   PMC2  |      1449 |
+-----------------------+---------+-----------+

+--------------------------------+-----------+
|             Metric             |   Core 0  |
+--------------------------------+-----------+
|       Runtime (RDTSC) [s]      |    0.0360 |
|      Runtime unhalted [s]      |    0.0343 |
|           Clock [MHz]          | 2494.0873 |
|               CPI              |    0.4432 |
|  L2D load bandwidth [MBytes/s] |  994.2033 |
|  L2D load data volume [GBytes] |    0.0358 |
| L2D evict bandwidth [MBytes/s] |    4.4494 |
| L2D evict data volume [GBytes] |    0.0002 |
|     L2 bandwidth [MBytes/s]    | 1001.2315 |
|     L2 data volume [GBytes]    |    0.0360 |
+--------------------------------+-----------+

--------------------------------------------------------------------------------
CPU name:	Intel(R) Core(TM) i7-6500U CPU @ 2.50GHz
CPU type:	Intel Skylake processor
CPU clock:	2.59 GHz
--------------------------------------------------------------------------------
Bloom Join
-----------------
4194304 Buckets 3 Hash Functions
Initialization: 1 ms 
Bloom Filter Generation: 312933 ms 
Join Core: 37 ms 
14973 linhas
312973 ms 

--------------------------------------------------------------------------------
Region Initialization, Group 1: L3
+-------------------+----------+
|    Region Info    |  Core 0  |
+-------------------+----------+
| RDTSC Runtime [s] | 0.000975 |
|     call count    |        1 |
+-------------------+----------+

+-----------------------+---------+---------+
|         Event         | Counter |  Core 0 |
+-----------------------+---------+---------+
|   INSTR_RETIRED_ANY   |  FIXC0  |  922366 |
| CPU_CLK_UNHALTED_CORE |  FIXC1  |  589853 |
|  CPU_CLK_UNHALTED_REF |  FIXC2  | 1915812 |
|    L2_LINES_IN_ALL    |   PMC0  |     922 |
|     L2_TRANS_L2_WB    |   PMC1  |     155 |
+-----------------------+---------+---------+

+-------------------------------+--------------+
|             Metric            |    Core 0    |
+-------------------------------+--------------+
|      Runtime (RDTSC) [s]      |       0.0010 |
|      Runtime unhalted [s]     |       0.0002 |
|          Clock [MHz]          |     798.0365 |
|              CPI              |       0.6395 |
|  L3 load bandwidth [MBytes/s] |      60.5403 |
|  L3 load data volume [GBytes] |       0.0001 |
| L3 evict bandwidth [MBytes/s] |      10.1776 |
| L3 evict data volume [GBytes] | 9.920000e-06 |
|    L3 bandwidth [MBytes/s]    |      70.7179 |
|    L3 data volume [GBytes]    |       0.0001 |
+-------------------------------+--------------+

Region Generation, Group 1: L3
+-------------------+----------+
|    Region Info    |  Core 0  |
+-------------------+----------+
| RDTSC Runtime [s] | 1.599021 |
|     call count    |  6000000 |
+-------------------+----------+

+-----------------------+---------+-------------+
|         Event         | Counter |    Core 0   |
+-----------------------+---------+-------------+
|   INSTR_RETIRED_ANY   |  FIXC0  | 21913500000 |
| CPU_CLK_UNHALTED_CORE |  FIXC1  | 54646090000 |
|  CPU_CLK_UNHALTED_REF |  FIXC2  | 56791040000 |
|    L2_LINES_IN_ALL    |   PMC0  |   856006600 |
|     L2_TRANS_L2_WB    |   PMC1  |   132650400 |
+-----------------------+---------+-------------+

+-------------------------------+------------+
|             Metric            |   Core 0   |
+-------------------------------+------------+
|      Runtime (RDTSC) [s]      |     1.5990 |
|      Runtime unhalted [s]     |    21.0827 |
|          Clock [MHz]          |  2494.0842 |
|              CPI              |     2.4937 |
|  L3 load bandwidth [MBytes/s] | 34261.2276 |
|  L3 load data volume [GBytes] |    54.7844 |
| L3 evict bandwidth [MBytes/s] |  5309.2646 |
| L3 evict data volume [GBytes] |     8.4896 |
|    L3 bandwidth [MBytes/s]    | 39570.4922 |
|    L3 data volume [GBytes]    |    63.2740 |
+-------------------------------+------------+

Region Core, Group 1: L3
+-------------------+----------+
|    Region Info    |  Core 0  |
+-------------------+----------+
| RDTSC Runtime [s] | 0.036460 |
|     call count    |        1 |
+-------------------+----------+

+-----------------------+---------+-----------+
|         Event         | Counter |   Core 0  |
+-----------------------+---------+-----------+
|   INSTR_RETIRED_ANY   |  FIXC0  | 200839400 |
| CPU_CLK_UNHALTED_CORE |  FIXC1  |  90030900 |
|  CPU_CLK_UNHALTED_REF |  FIXC2  |  93561160 |
|    L2_LINES_IN_ALL    |   PMC0  |    673790 |
|     L2_TRANS_L2_WB    |   PMC1  |     52924 |
+-----------------------+---------+-----------+

+-------------------------------+-----------+
|             Metric            |   Core 0  |
+-------------------------------+-----------+
|      Runtime (RDTSC) [s]      |    0.0365 |
|      Runtime unhalted [s]     |    0.0347 |
|          Clock [MHz]          | 2494.1802 |
|              CPI              |    0.4483 |
|  L3 load bandwidth [MBytes/s] | 1182.7274 |
|  L3 load data volume [GBytes] |    0.0431 |
| L3 evict bandwidth [MBytes/s] |   92.8994 |
| L3 evict data volume [GBytes] |    0.0034 |
|    L3 bandwidth [MBytes/s]    | 1275.6268 |
|    L3 data volume [GBytes]    |    0.0465 |
+-------------------------------+-----------+

--------------------------------------------------------------------------------
CPU name:	Intel(R) Core(TM) i7-6500U CPU @ 2.50GHz
CPU type:	Intel Skylake processor
CPU clock:	2.59 GHz
--------------------------------------------------------------------------------
Bloom Join
-----------------
4194304 Buckets 3 Hash Functions
Initialization: 1 ms 
Bloom Filter Generation: 302474 ms 
Join Core: 36 ms 
14973 linhas
302514 ms 

--------------------------------------------------------------------------------
Region Initialization, Group 1: L3
+-------------------+----------+
|    Region Info    |  Core 0  |
+-------------------+----------+
| RDTSC Runtime [s] | 0.001032 |
|     call count    |        1 |
+-------------------+----------+

+-----------------------+---------+---------+
|         Event         | Counter |  Core 0 |
+-----------------------+---------+---------+
|   INSTR_RETIRED_ANY   |  FIXC0  |  922367 |
| CPU_CLK_UNHALTED_CORE |  FIXC1  |  604607 |
|  CPU_CLK_UNHALTED_REF |  FIXC2  | 1962792 |
|    L2_LINES_IN_ALL    |   PMC0  |    1707 |
|     L2_TRANS_L2_WB    |   PMC1  |     520 |
+-----------------------+---------+---------+

+-------------------------------+--------------+
|             Metric            |    Core 0    |
+-------------------------------+--------------+
|      Runtime (RDTSC) [s]      |       0.0010 |
|      Runtime unhalted [s]     |       0.0002 |
|          Clock [MHz]          |     798.2400 |
|              CPI              |       0.6555 |
|  L3 load bandwidth [MBytes/s] |     105.8158 |
|  L3 load data volume [GBytes] |       0.0001 |
| L3 evict bandwidth [MBytes/s] |      32.2344 |
| L3 evict data volume [GBytes] | 3.328000e-05 |
|    L3 bandwidth [MBytes/s]    |     138.0502 |
|    L3 data volume [GBytes]    |       0.0001 |
+-------------------------------+--------------+

Region Generation, Group 1: L3
+-------------------+----------+
|    Region Info    |  Core 0  |
+-------------------+----------+
| RDTSC Runtime [s] | 1.591751 |
|     call count    |  6000000 |
+-------------------+----------+

+-----------------------+---------+-------------+
|         Event         | Counter |    Core 0   |
+-----------------------+---------+-------------+
|   INSTR_RETIRED_ANY   |  FIXC0  | 21913490000 |
| CPU_CLK_UNHALTED_CORE |  FIXC1  | 51013240000 |
|  CPU_CLK_UNHALTED_REF |  FIXC2  | 53015650000 |
|    L2_LINES_IN_ALL    |   PMC0  |   832517100 |
|     L2_TRANS_L2_WB    |   PMC1  |   154357000 |
+-----------------------+---------+-------------+

+-------------------------------+------------+
|             Metric            |   Core 0   |
+-------------------------------+------------+
|      Runtime (RDTSC) [s]      |     1.5918 |
|      Runtime unhalted [s]     |    19.6856 |
|          Clock [MHz]          |  2493.5233 |
|              CPI              |     2.3279 |
|  L3 load bandwidth [MBytes/s] | 33473.2596 |
|  L3 load data volume [GBytes] |    53.2811 |
| L3 evict bandwidth [MBytes/s] |  6206.2772 |
| L3 evict data volume [GBytes] |     9.8788 |
|    L3 bandwidth [MBytes/s]    | 39679.5368 |
|    L3 data volume [GBytes]    |    63.1599 |
+-------------------------------+------------+

Region Core, Group 1: L3
+-------------------+----------+
|    Region Info    |  Core 0  |
+-------------------+----------+
| RDTSC Runtime [s] | 0.036160 |
|     call count    |        1 |
+-------------------+----------+

+-----------------------+---------+-----------+
|         Event         | Counter |   Core 0  |
+-----------------------+---------+-----------+
|   INSTR_RETIRED_ANY   |  FIXC0  | 200839400 |
| CPU_CLK_UNHALTED_CORE |  FIXC1  |  89400480 |
|  CPU_CLK_UNHALTED_REF |  FIXC2  |  92906680 |
|    L2_LINES_IN_ALL    |   PMC0  |    640154 |
|     L2_TRANS_L2_WB    |   PMC1  |     53239 |
+-----------------------+---------+-----------+

+-------------------------------+-----------+
|             Metric            |   Core 0  |
+-------------------------------+-----------+
|      Runtime (RDTSC) [s]      |    0.0362 |
|      Runtime unhalted [s]     |    0.0345 |
|          Clock [MHz]          | 2493.6042 |
|              CPI              |    0.4451 |
|  L3 load bandwidth [MBytes/s] | 1133.0122 |
|  L3 load data volume [GBytes] |    0.0410 |
| L3 evict bandwidth [MBytes/s] |   94.2280 |
| L3 evict data volume [GBytes] |    0.0034 |
|    L3 bandwidth [MBytes/s]    | 1227.2402 |
|    L3 data volume [GBytes]    |    0.0444 |
+-------------------------------+-----------+

--------------------------------------------------------------------------------
CPU name:	Intel(R) Core(TM) i7-6500U CPU @ 2.50GHz
CPU type:	Intel Skylake processor
CPU clock:	2.59 GHz
--------------------------------------------------------------------------------
Bloom Join
-----------------
4194304 Buckets 3 Hash Functions
Initialization: 1 ms 
Bloom Filter Generation: 310746 ms 
Join Core: 36 ms 
14973 linhas
310786 ms 

--------------------------------------------------------------------------------
Region Initialization, Group 1: L3
+-------------------+----------+
|    Region Info    |  Core 0  |
+-------------------+----------+
| RDTSC Runtime [s] | 0.001022 |
|     call count    |        1 |
+-------------------+----------+

+-----------------------+---------+---------+
|         Event         | Counter |  Core 0 |
+-----------------------+---------+---------+
|   INSTR_RETIRED_ANY   |  FIXC0  |  922366 |
| CPU_CLK_UNHALTED_CORE |  FIXC1  |  615714 |
|  CPU_CLK_UNHALTED_REF |  FIXC2  | 1999512 |
|    L2_LINES_IN_ALL    |   PMC0  |     978 |
|     L2_TRANS_L2_WB    |   PMC1  |     231 |
+-----------------------+---------+---------+

+-------------------------------+--------------+
|             Metric            |    Core 0    |
+-------------------------------+--------------+
|      Runtime (RDTSC) [s]      |       0.0010 |
|      Runtime unhalted [s]     |       0.0002 |
|          Clock [MHz]          |     798.1095 |
|              CPI              |       0.6675 |
|  L3 load bandwidth [MBytes/s] |      61.2705 |
|  L3 load data volume [GBytes] |       0.0001 |
| L3 evict bandwidth [MBytes/s] |      14.4719 |
| L3 evict data volume [GBytes] | 1.478400e-05 |
|    L3 bandwidth [MBytes/s]    |      75.7424 |
|    L3 data volume [GBytes]    |       0.0001 |
+-------------------------------+--------------+

Region Generation, Group 1: L3
+-------------------+----------+
|    Region Info    |  Core 0  |
+-------------------+----------+
| RDTSC Runtime [s] | 1.564425 |
|     call count    |  6000000 |
+-------------------+----------+

+-----------------------+---------+-------------+
|         Event         | Counter |    Core 0   |
+-----------------------+---------+-------------+
|   INSTR_RETIRED_ANY   |  FIXC0  | 21913490000 |
| CPU_CLK_UNHALTED_CORE |  FIXC1  | 52216280000 |
|  CPU_CLK_UNHALTED_REF |  FIXC2  | 54265840000 |
|    L2_LINES_IN_ALL    |   PMC0  |   656885900 |
|     L2_TRANS_L2_WB    |   PMC1  |   130259400 |
+-----------------------+---------+-------------+

+-------------------------------+------------+
|             Metric            |   Core 0   |
+-------------------------------+------------+
|      Runtime (RDTSC) [s]      |     1.5644 |
|      Runtime unhalted [s]     |    20.1464 |
|          Clock [MHz]          |  2493.9450 |
|              CPI              |     2.3828 |
|  L3 load bandwidth [MBytes/s] | 26872.9390 |
|  L3 load data volume [GBytes] |    42.0407 |
| L3 evict bandwidth [MBytes/s] |  5328.8599 |
| L3 evict data volume [GBytes] |     8.3366 |
|    L3 bandwidth [MBytes/s]    | 32201.7989 |
|    L3 data volume [GBytes]    |    50.3773 |
+-------------------------------+------------+

Region Core, Group 1: L3
+-------------------+----------+
|    Region Info    |  Core 0  |
+-------------------+----------+
| RDTSC Runtime [s] | 0.036087 |
|     call count    |        1 |
+-------------------+----------+

+-----------------------+---------+-----------+
|         Event         | Counter |   Core 0  |
+-----------------------+---------+-----------+
|   INSTR_RETIRED_ANY   |  FIXC0  | 200839400 |
| CPU_CLK_UNHALTED_CORE |  FIXC1  |  89086070 |
|  CPU_CLK_UNHALTED_REF |  FIXC2  |  92579760 |
|    L2_LINES_IN_ALL    |   PMC0  |    620752 |
|     L2_TRANS_L2_WB    |   PMC1  |     55135 |
+-----------------------+---------+-----------+

+-------------------------------+-----------+
|             Metric            |   Core 0  |
+-------------------------------+-----------+
|      Runtime (RDTSC) [s]      |    0.0361 |
|      Runtime unhalted [s]     |    0.0344 |
|          Clock [MHz]          | 2494.0274 |
|              CPI              |    0.4436 |
|  L3 load bandwidth [MBytes/s] | 1100.9035 |
|  L3 load data volume [GBytes] |    0.0397 |
| L3 evict bandwidth [MBytes/s] |   97.7819 |
| L3 evict data volume [GBytes] |    0.0035 |
|    L3 bandwidth [MBytes/s]    | 1198.6854 |
|    L3 data volume [GBytes]    |    0.0433 |
+-------------------------------+-----------+

--------------------------------------------------------------------------------
CPU name:	Intel(R) Core(TM) i7-6500U CPU @ 2.50GHz
CPU type:	Intel Skylake processor
CPU clock:	2.59 GHz
--------------------------------------------------------------------------------
Bloom Join
-----------------
4194304 Buckets 3 Hash Functions
Initialization: 1 ms 
Bloom Filter Generation: 257128 ms 
Join Core: 36 ms 
14973 linhas
257168 ms 

--------------------------------------------------------------------------------
Region Initialization, Group 1: L3
+-------------------+----------+
|    Region Info    |  Core 0  |
+-------------------+----------+
| RDTSC Runtime [s] | 0.001017 |
|     call count    |        1 |
+-------------------+----------+

+-----------------------+---------+---------+
|         Event         | Counter |  Core 0 |
+-----------------------+---------+---------+
|   INSTR_RETIRED_ANY   |  FIXC0  |  922366 |
| CPU_CLK_UNHALTED_CORE |  FIXC1  |  616859 |
|  CPU_CLK_UNHALTED_REF |  FIXC2  | 2003400 |
|    L2_LINES_IN_ALL    |   PMC0  |     949 |
|     L2_TRANS_L2_WB    |   PMC1  |     204 |
+-----------------------+---------+---------+

+-------------------------------+--------------+
|             Metric            |    Core 0    |
+-------------------------------+--------------+
|      Runtime (RDTSC) [s]      |       0.0010 |
|      Runtime unhalted [s]     |       0.0002 |
|          Clock [MHz]          |     797.8803 |
|              CPI              |       0.6688 |
|  L3 load bandwidth [MBytes/s] |      59.6914 |
|  L3 load data volume [GBytes] |       0.0001 |
| L3 evict bandwidth [MBytes/s] |      12.8314 |
| L3 evict data volume [GBytes] | 1.305600e-05 |
|    L3 bandwidth [MBytes/s]    |      72.5229 |
|    L3 data volume [GBytes]    |       0.0001 |
+-------------------------------+--------------+

Region Generation, Group 1: L3
+-------------------+----------+
|    Region Info    |  Core 0  |
+-------------------+----------+
| RDTSC Runtime [s] | 1.441118 |
|     call count    |  6000000 |
+-------------------+----------+

+-----------------------+---------+-------------+
|         Event         | Counter |    Core 0   |
+-----------------------+---------+-------------+
|   INSTR_RETIRED_ANY   |  FIXC0  | 21913490000 |
| CPU_CLK_UNHALTED_CORE |  FIXC1  | 54866760000 |
|  CPU_CLK_UNHALTED_REF |  FIXC2  | 46441980000 |
|    L2_LINES_IN_ALL    |   PMC0  |   894210700 |
|     L2_TRANS_L2_WB    |   PMC1  |   163530200 |
+-----------------------+---------+-------------+

+-------------------------------+------------+
|             Metric            |   Core 0   |
+-------------------------------+------------+
|      Runtime (RDTSC) [s]      |     1.4411 |
|      Runtime unhalted [s]     |    21.1734 |
|          Clock [MHz]          |  3061.3859 |
|              CPI              |     2.5038 |
|  L3 load bandwidth [MBytes/s] | 39711.8659 |
|  L3 load data volume [GBytes] |    57.2295 |
| L3 evict bandwidth [MBytes/s] |  7262.3705 |
| L3 evict data volume [GBytes] |    10.4659 |
|    L3 bandwidth [MBytes/s]    | 46974.2364 |
|    L3 data volume [GBytes]    |    67.6954 |
+-------------------------------+------------+

Region Core, Group 1: L3
+-------------------+----------+
|    Region Info    |  Core 0  |
+-------------------+----------+
| RDTSC Runtime [s] | 0.036260 |
|     call count    |        1 |
+-------------------+----------+

+-----------------------+---------+-----------+
|         Event         | Counter |   Core 0  |
+-----------------------+---------+-----------+
|   INSTR_RETIRED_ANY   |  FIXC0  | 200839300 |
| CPU_CLK_UNHALTED_CORE |  FIXC1  |  89435750 |
|  CPU_CLK_UNHALTED_REF |  FIXC2  |  92943400 |
|    L2_LINES_IN_ALL    |   PMC0  |    634087 |
|     L2_TRANS_L2_WB    |   PMC1  |     58774 |
+-----------------------+---------+-----------+

+-------------------------------+-----------+
|             Metric            |   Core 0  |
+-------------------------------+-----------+
|      Runtime (RDTSC) [s]      |    0.0363 |
|      Runtime unhalted [s]     |    0.0345 |
|          Clock [MHz]          | 2493.5156 |
|              CPI              |    0.4453 |
|  L3 load bandwidth [MBytes/s] | 1119.1766 |
|  L3 load data volume [GBytes] |    0.0406 |
| L3 evict bandwidth [MBytes/s] |  103.7373 |
| L3 evict data volume [GBytes] |    0.0038 |
|    L3 bandwidth [MBytes/s]    | 1222.9139 |
|    L3 data volume [GBytes]    |    0.0443 |
+-------------------------------+-----------+

--------------------------------------------------------------------------------
CPU name:	Intel(R) Core(TM) i7-6500U CPU @ 2.50GHz
CPU type:	Intel Skylake processor
CPU clock:	2.59 GHz
--------------------------------------------------------------------------------
Bloom Join
-----------------
4194304 Buckets 3 Hash Functions
Initialization: 1 ms 
Bloom Filter Generation: 277551 ms 
Join Core: 37 ms 
14973 linhas
277592 ms 

--------------------------------------------------------------------------------
Region Initialization, Group 1: L3
+-------------------+----------+
|    Region Info    |  Core 0  |
+-------------------+----------+
| RDTSC Runtime [s] | 0.001008 |
|     call count    |        1 |
+-------------------+----------+

+-----------------------+---------+---------+
|         Event         | Counter |  Core 0 |
+-----------------------+---------+---------+
|   INSTR_RETIRED_ANY   |  FIXC0  |  922366 |
| CPU_CLK_UNHALTED_CORE |  FIXC1  |  598812 |
|  CPU_CLK_UNHALTED_REF |  FIXC2  | 1944216 |
|    L2_LINES_IN_ALL    |   PMC0  |    1760 |
|     L2_TRANS_L2_WB    |   PMC1  |     453 |
+-----------------------+---------+---------+

+-------------------------------+--------------+
|             Metric            |    Core 0    |
+-------------------------------+--------------+
|      Runtime (RDTSC) [s]      |       0.0010 |
|      Runtime unhalted [s]     |       0.0002 |
|          Clock [MHz]          |     798.3135 |
|              CPI              |       0.6492 |
|  L3 load bandwidth [MBytes/s] |     111.7845 |
|  L3 load data volume [GBytes] |       0.0001 |
| L3 evict bandwidth [MBytes/s] |      28.7718 |
| L3 evict data volume [GBytes] | 2.899200e-05 |
|    L3 bandwidth [MBytes/s]    |     140.5563 |
|    L3 data volume [GBytes]    |       0.0001 |
+-------------------------------+--------------+

Region Generation, Group 1: L3
+-------------------+----------+
|    Region Info    |  Core 0  |
+-------------------+----------+
| RDTSC Runtime [s] | 1.460399 |
|     call count    |  6000000 |
+-------------------+----------+

+-----------------------+---------+-------------+
|         Event         | Counter |    Core 0   |
+-----------------------+---------+-------------+
|   INSTR_RETIRED_ANY   |  FIXC0  | 21913490000 |
| CPU_CLK_UNHALTED_CORE |  FIXC1  | 52382140000 |
|  CPU_CLK_UNHALTED_REF |  FIXC2  | 48019010000 |
|    L2_LINES_IN_ALL    |   PMC0  |   686740500 |
|     L2_TRANS_L2_WB    |   PMC1  |   149052300 |
+-----------------------+---------+-------------+

+-------------------------------+------------+
|             Metric            |   Core 0   |
+-------------------------------+------------+
|      Runtime (RDTSC) [s]      |     1.4604 |
|      Runtime unhalted [s]     |    20.2095 |
|          Clock [MHz]          |  2827.4668 |
|              CPI              |     2.3904 |
|  L3 load bandwidth [MBytes/s] | 30095.4684 |
|  L3 load data volume [GBytes] |    43.9514 |
| L3 evict bandwidth [MBytes/s] |  6532.0143 |
| L3 evict data volume [GBytes] |     9.5393 |
|    L3 bandwidth [MBytes/s]    | 36627.4828 |
|    L3 data volume [GBytes]    |    53.4907 |
+-------------------------------+------------+

Region Core, Group 1: L3
+-------------------+----------+
|    Region Info    |  Core 0  |
+-------------------+----------+
| RDTSC Runtime [s] | 0.036942 |
|     call count    |        1 |
+-------------------+----------+

+-----------------------+---------+-----------+
|         Event         | Counter |   Core 0  |
+-----------------------+---------+-----------+
|   INSTR_RETIRED_ANY   |  FIXC0  | 200839300 |
| CPU_CLK_UNHALTED_CORE |  FIXC1  |  91174580 |
|  CPU_CLK_UNHALTED_REF |  FIXC2  |  94750130 |
|    L2_LINES_IN_ALL    |   PMC0  |    641002 |
|     L2_TRANS_L2_WB    |   PMC1  |     70362 |
+-----------------------+---------+-----------+

+-------------------------------+-----------+
|             Metric            |   Core 0  |
+-------------------------------+-----------+
|      Runtime (RDTSC) [s]      |    0.0369 |
|      Runtime unhalted [s]     |    0.0352 |
|          Clock [MHz]          | 2494.1435 |
|              CPI              |    0.4540 |
|  L3 load bandwidth [MBytes/s] | 1110.5085 |
|  L3 load data volume [GBytes] |    0.0410 |
| L3 evict bandwidth [MBytes/s] |  121.8992 |
| L3 evict data volume [GBytes] |    0.0045 |
|    L3 bandwidth [MBytes/s]    | 1232.4077 |
|    L3 data volume [GBytes]    |    0.0455 |
+-------------------------------+-----------+

--------------------------------------------------------------------------------
CPU name:	Intel(R) Core(TM) i7-6500U CPU @ 2.50GHz
CPU type:	Intel Skylake processor
CPU clock:	2.59 GHz
--------------------------------------------------------------------------------
Bloom Join
-----------------
4194304 Buckets 3 Hash Functions
Initialization: 1 ms 
Bloom Filter Generation: 301978 ms 
Join Core: 36 ms 
14973 linhas
302018 ms 

--------------------------------------------------------------------------------
Region Initialization, Group 1: L3
+-------------------+----------+
|    Region Info    |  Core 0  |
+-------------------+----------+
| RDTSC Runtime [s] | 0.001059 |
|     call count    |        1 |
+-------------------+----------+

+-----------------------+---------+---------+
|         Event         | Counter |  Core 0 |
+-----------------------+---------+---------+
|   INSTR_RETIRED_ANY   |  FIXC0  |  922366 |
| CPU_CLK_UNHALTED_CORE |  FIXC1  |  610230 |
|  CPU_CLK_UNHALTED_REF |  FIXC2  | 1981692 |
|    L2_LINES_IN_ALL    |   PMC0  |    1287 |
|     L2_TRANS_L2_WB    |   PMC1  |     364 |
+-----------------------+---------+---------+

+-------------------------------+--------------+
|             Metric            |    Core 0    |
+-------------------------------+--------------+
|      Runtime (RDTSC) [s]      |       0.0011 |
|      Runtime unhalted [s]     |       0.0002 |
|          Clock [MHz]          |     798.1608 |
|              CPI              |       0.6616 |
|  L3 load bandwidth [MBytes/s] |      77.7570 |
|  L3 load data volume [GBytes] |       0.0001 |
| L3 evict bandwidth [MBytes/s] |      21.9919 |
| L3 evict data volume [GBytes] | 2.329600e-05 |
|    L3 bandwidth [MBytes/s]    |      99.7489 |
|    L3 data volume [GBytes]    |       0.0001 |
+-------------------------------+--------------+

Region Generation, Group 1: L3
+-------------------+----------+
|    Region Info    |  Core 0  |
+-------------------+----------+
| RDTSC Runtime [s] | 1.625030 |
|     call count    |  6000000 |
+-------------------+----------+

+-----------------------+---------+-------------+
|         Event         | Counter |    Core 0   |
+-----------------------+---------+-------------+
|   INSTR_RETIRED_ANY   |  FIXC0  | 21913490000 |
| CPU_CLK_UNHALTED_CORE |  FIXC1  | 50866930000 |
|  CPU_CLK_UNHALTED_REF |  FIXC2  | 52863030000 |
|    L2_LINES_IN_ALL    |   PMC0  |   817960300 |
|     L2_TRANS_L2_WB    |   PMC1  |   148876800 |
+-----------------------+---------+-------------+

+-------------------------------+------------+
|             Metric            |   Core 0   |
+-------------------------------+------------+
|      Runtime (RDTSC) [s]      |     1.6250 |
|      Runtime unhalted [s]     |    19.6247 |
|          Clock [MHz]          |  2494.1149 |
|              CPI              |     2.3213 |
|  L3 load bandwidth [MBytes/s] | 32214.4571 |
|  L3 load data volume [GBytes] |    52.3495 |
| L3 evict bandwidth [MBytes/s] |  5863.3473 |
| L3 evict data volume [GBytes] |     9.5281 |
|    L3 bandwidth [MBytes/s]    | 38077.8043 |
|    L3 data volume [GBytes]    |    61.8776 |
+-------------------------------+------------+

Region Core, Group 1: L3
+-------------------+----------+
|    Region Info    |  Core 0  |
+-------------------+----------+
| RDTSC Runtime [s] | 0.035885 |
|     call count    |        1 |
+-------------------+----------+

+-----------------------+---------+-----------+
|         Event         | Counter |   Core 0  |
+-----------------------+---------+-----------+
|   INSTR_RETIRED_ANY   |  FIXC0  | 200839300 |
| CPU_CLK_UNHALTED_CORE |  FIXC1  |  89015310 |
|  CPU_CLK_UNHALTED_REF |  FIXC2  |  92506640 |
|    L2_LINES_IN_ALL    |   PMC0  |    639077 |
|     L2_TRANS_L2_WB    |   PMC1  |     47492 |
+-----------------------+---------+-----------+

+-------------------------------+-----------+
|             Metric            |   Core 0  |
+-------------------------------+-----------+
|      Runtime (RDTSC) [s]      |    0.0359 |
|      Runtime unhalted [s]     |    0.0343 |
|          Clock [MHz]          | 2494.1627 |
|              CPI              |    0.4432 |
|  L3 load bandwidth [MBytes/s] | 1139.7817 |
|  L3 load data volume [GBytes] |    0.0409 |
| L3 evict bandwidth [MBytes/s] |   84.7011 |
| L3 evict data volume [GBytes] |    0.0030 |
|    L3 bandwidth [MBytes/s]    | 1224.4827 |
|    L3 data volume [GBytes]    |    0.0439 |
+-------------------------------+-----------+

--------------------------------------------------------------------------------
CPU name:	Intel(R) Core(TM) i7-6500U CPU @ 2.50GHz
CPU type:	Intel Skylake processor
CPU clock:	2.59 GHz
--------------------------------------------------------------------------------
Bloom Join
-----------------
4194304 Buckets 3 Hash Functions
Initialization: 1 ms 
Bloom Filter Generation: 271534 ms 
Join Core: 36 ms 
14973 linhas
271574 ms 

--------------------------------------------------------------------------------
Region Initialization, Group 1: L3
+-------------------+----------+
|    Region Info    |  Core 0  |
+-------------------+----------+
| RDTSC Runtime [s] | 0.000977 |
|     call count    |        1 |
+-------------------+----------+

+-----------------------+---------+---------+
|         Event         | Counter |  Core 0 |
+-----------------------+---------+---------+
|   INSTR_RETIRED_ANY   |  FIXC0  |  922366 |
| CPU_CLK_UNHALTED_CORE |  FIXC1  |  595493 |
|  CPU_CLK_UNHALTED_REF |  FIXC2  | 1933848 |
|    L2_LINES_IN_ALL    |   PMC0  |     952 |
|     L2_TRANS_L2_WB    |   PMC1  |     203 |
+-----------------------+---------+---------+

+-------------------------------+--------------+
|             Metric            |    Core 0    |
+-------------------------------+--------------+
|      Runtime (RDTSC) [s]      |       0.0010 |
|      Runtime unhalted [s]     |       0.0002 |
|          Clock [MHz]          |     798.1543 |
|              CPI              |       0.6456 |
|  L3 load bandwidth [MBytes/s] |      62.3768 |
|  L3 load data volume [GBytes] |       0.0001 |
| L3 evict bandwidth [MBytes/s] |      13.3009 |
| L3 evict data volume [GBytes] | 1.299200e-05 |
|    L3 bandwidth [MBytes/s]    |      75.6778 |
|    L3 data volume [GBytes]    |       0.0001 |
+-------------------------------+--------------+

Region Generation, Group 1: L3
+-------------------+----------+
|    Region Info    |  Core 0  |
+-------------------+----------+
| RDTSC Runtime [s] | 1.420042 |
|     call count    |  6000000 |
+-------------------+----------+

+-----------------------+---------+-------------+
|         Event         | Counter |    Core 0   |
+-----------------------+---------+-------------+
|   INSTR_RETIRED_ANY   |  FIXC0  | 21913490000 |
| CPU_CLK_UNHALTED_CORE |  FIXC1  | 52084090000 |
|  CPU_CLK_UNHALTED_REF |  FIXC2  | 47290750000 |
|    L2_LINES_IN_ALL    |   PMC0  |   782816000 |
|     L2_TRANS_L2_WB    |   PMC1  |   148572600 |
+-----------------------+---------+-------------+

+-------------------------------+------------+
|             Metric            |   Core 0   |
+-------------------------------+------------+
|      Runtime (RDTSC) [s]      |     1.4200 |
|      Runtime unhalted [s]     |    20.0943 |
|          Clock [MHz]          |  2854.7061 |
|              CPI              |     2.3768 |
|  L3 load bandwidth [MBytes/s] | 35280.8044 |
|  L3 load data volume [GBytes] |    50.1002 |
| L3 evict bandwidth [MBytes/s] |  6696.0318 |
| L3 evict data volume [GBytes] |     9.5086 |
|    L3 bandwidth [MBytes/s]    | 41976.8362 |
|    L3 data volume [GBytes]    |    59.6089 |
+-------------------------------+------------+

Region Core, Group 1: L3
+-------------------+----------+
|    Region Info    |  Core 0  |
+-------------------+----------+
| RDTSC Runtime [s] | 0.036016 |
|     call count    |        1 |
+-------------------+----------+

+-----------------------+---------+-----------+
|         Event         | Counter |   Core 0  |
+-----------------------+---------+-----------+
|   INSTR_RETIRED_ANY   |  FIXC0  | 200839400 |
| CPU_CLK_UNHALTED_CORE |  FIXC1  |  89082730 |
|  CPU_CLK_UNHALTED_REF |  FIXC2  |  92576200 |
|    L2_LINES_IN_ALL    |   PMC0  |    651459 |
|     L2_TRANS_L2_WB    |   PMC1  |     57431 |
+-----------------------+---------+-----------+

+-------------------------------+-----------+
|             Metric            |   Core 0  |
+-------------------------------+-----------+
|      Runtime (RDTSC) [s]      |    0.0360 |
|      Runtime unhalted [s]     |    0.0344 |
|          Clock [MHz]          | 2494.1737 |
|              CPI              |    0.4436 |
|  L3 load bandwidth [MBytes/s] | 1157.6191 |
|  L3 load data volume [GBytes] |    0.0417 |
| L3 evict bandwidth [MBytes/s] |  102.0528 |
| L3 evict data volume [GBytes] |    0.0037 |
|    L3 bandwidth [MBytes/s]    | 1259.6719 |
|    L3 data volume [GBytes]    |    0.0454 |
+-------------------------------+-----------+

