--------------------------------------------------------------------------------
CPU name:	Intel(R) Core(TM) i7-6500U CPU @ 2.50GHz
CPU type:	Intel Skylake processor
CPU clock:	2.59 GHz
--------------------------------------------------------------------------------
Bloom Join
-----------------
4194304 Buckets 4 Hash Functions
Initialization: 1 ms 
Bloom Filter Generation: 411429 ms 
Join Core: 40 ms 
14992 linhas
411472 ms 

--------------------------------------------------------------------------------
Region Initialization, Group 1: L2
+-------------------+----------+
|    Region Info    |  Core 0  |
+-------------------+----------+
| RDTSC Runtime [s] | 0.000974 |
|     call count    |        1 |
+-------------------+----------+

+-----------------------+---------+---------+
|         Event         | Counter |  Core 0 |
+-----------------------+---------+---------+
|   INSTR_RETIRED_ANY   |  FIXC0  |  922459 |
| CPU_CLK_UNHALTED_CORE |  FIXC1  |  577152 |
|  CPU_CLK_UNHALTED_REF |  FIXC2  | 1874340 |
|    L1D_REPLACEMENT    |   PMC0  |     437 |
|      L1D_M_EVICT      |   PMC1  |     258 |
| ICACHE_64B_IFTAG_MISS |   PMC2  |     616 |
+-----------------------+---------+---------+

+--------------------------------+--------------+
|             Metric             |    Core 0    |
+--------------------------------+--------------+
|       Runtime (RDTSC) [s]      |       0.0010 |
|      Runtime unhalted [s]      |       0.0002 |
|           Clock [MHz]          |     798.1298 |
|               CPI              |       0.6257 |
|  L2D load bandwidth [MBytes/s] |      28.7140 |
|  L2D load data volume [GBytes] | 2.796800e-05 |
| L2D evict bandwidth [MBytes/s] |      16.9524 |
| L2D evict data volume [GBytes] | 1.651200e-05 |
|     L2 bandwidth [MBytes/s]    |      86.1420 |
|     L2 data volume [GBytes]    |       0.0001 |
+--------------------------------+--------------+

Region Generation, Group 1: L2
+-------------------+----------+
|    Region Info    |  Core 0  |
+-------------------+----------+
| RDTSC Runtime [s] | 1.874993 |
|     call count    |  7500000 |
+-------------------+----------+

+-----------------------+---------+-------------+
|         Event         | Counter |    Core 0   |
+-----------------------+---------+-------------+
|   INSTR_RETIRED_ANY   |  FIXC0  | 28068350000 |
| CPU_CLK_UNHALTED_CORE |  FIXC1  | 64248600000 |
|  CPU_CLK_UNHALTED_REF |  FIXC2  | 63850010000 |
|    L1D_REPLACEMENT    |   PMC0  |  1565773000 |
|      L1D_M_EVICT      |   PMC1  |   477694700 |
| ICACHE_64B_IFTAG_MISS |   PMC2  |  2892588000 |
+-----------------------+---------+-------------+

+--------------------------------+-------------+
|             Metric             |    Core 0   |
+--------------------------------+-------------+
|       Runtime (RDTSC) [s]      |      1.8750 |
|      Runtime unhalted [s]      |     24.7875 |
|           Clock [MHz]          |   2608.1610 |
|               CPI              |      2.2890 |
|  L2D load bandwidth [MBytes/s] |  53445.2513 |
|  L2D load data volume [GBytes] |    100.2095 |
| L2D evict bandwidth [MBytes/s] |  16305.3733 |
| L2D evict data volume [GBytes] |     30.5725 |
|     L2 bandwidth [MBytes/s]    | 168484.6636 |
|     L2 data volume [GBytes]    |    315.9076 |
+--------------------------------+-------------+

Region Core, Group 1: L2
+-------------------+----------+
|    Region Info    |  Core 0  |
+-------------------+----------+
| RDTSC Runtime [s] | 0.039918 |
|     call count    |        1 |
+-------------------+----------+

+-----------------------+---------+-----------+
|         Event         | Counter |   Core 0  |
+-----------------------+---------+-----------+
|   INSTR_RETIRED_ANY   |  FIXC0  | 224108400 |
| CPU_CLK_UNHALTED_CORE |  FIXC1  |  98796720 |
|  CPU_CLK_UNHALTED_REF |  FIXC2  | 102670600 |
|    L1D_REPLACEMENT    |   PMC0  |    687063 |
|      L1D_M_EVICT      |   PMC1  |      2821 |
| ICACHE_64B_IFTAG_MISS |   PMC2  |      1672 |
+-----------------------+---------+-----------+

+--------------------------------+-----------+
|             Metric             |   Core 0  |
+--------------------------------+-----------+
|       Runtime (RDTSC) [s]      |    0.0399 |
|      Runtime unhalted [s]      |    0.0381 |
|           Clock [MHz]          | 2494.1819 |
|               CPI              |    0.4408 |
|  L2D load bandwidth [MBytes/s] | 1101.5698 |
|  L2D load data volume [GBytes] |    0.0440 |
| L2D evict bandwidth [MBytes/s] |    4.5229 |
| L2D evict data volume [GBytes] |    0.0002 |
|     L2 bandwidth [MBytes/s]    | 1108.7734 |
|     L2 data volume [GBytes]    |    0.0443 |
+--------------------------------+-----------+

--------------------------------------------------------------------------------
CPU name:	Intel(R) Core(TM) i7-6500U CPU @ 2.50GHz
CPU type:	Intel Skylake processor
CPU clock:	2.59 GHz
--------------------------------------------------------------------------------
Bloom Join
-----------------
4194304 Buckets 4 Hash Functions
Initialization: 1 ms 
Bloom Filter Generation: 429020 ms 
Join Core: 40 ms 
14992 linhas
429063 ms 

--------------------------------------------------------------------------------
Region Initialization, Group 1: L2
+-------------------+----------+
|    Region Info    |  Core 0  |
+-------------------+----------+
| RDTSC Runtime [s] | 0.000976 |
|     call count    |        1 |
+-------------------+----------+

+-----------------------+---------+---------+
|         Event         | Counter |  Core 0 |
+-----------------------+---------+---------+
|   INSTR_RETIRED_ANY   |  FIXC0  |  922459 |
| CPU_CLK_UNHALTED_CORE |  FIXC1  |  595645 |
|  CPU_CLK_UNHALTED_REF |  FIXC2  | 1934280 |
|    L1D_REPLACEMENT    |   PMC0  |     425 |
|      L1D_M_EVICT      |   PMC1  |     250 |
| ICACHE_64B_IFTAG_MISS |   PMC2  |     681 |
+-----------------------+---------+---------+

+--------------------------------+--------------+
|             Metric             |    Core 0    |
+--------------------------------+--------------+
|       Runtime (RDTSC) [s]      |       0.0010 |
|      Runtime unhalted [s]      |       0.0002 |
|           Clock [MHz]          |     798.1806 |
|               CPI              |       0.6457 |
|  L2D load bandwidth [MBytes/s] |      27.8780 |
|  L2D load data volume [GBytes] | 2.720000e-05 |
| L2D evict bandwidth [MBytes/s] |      16.3988 |
| L2D evict data volume [GBytes] | 1.600000e-05 |
|     L2 bandwidth [MBytes/s]    |      88.9472 |
|     L2 data volume [GBytes]    |       0.0001 |
+--------------------------------+--------------+

Region Generation, Group 1: L2
+-------------------+----------+
|    Region Info    |  Core 0  |
+-------------------+----------+
| RDTSC Runtime [s] | 1.945214 |
|     call count    |  7500000 |
+-------------------+----------+

+-----------------------+---------+-------------+
|         Event         | Counter |    Core 0   |
+-----------------------+---------+-------------+
|   INSTR_RETIRED_ANY   |  FIXC0  | 28068350000 |
| CPU_CLK_UNHALTED_CORE |  FIXC1  | 67675960000 |
|  CPU_CLK_UNHALTED_REF |  FIXC2  | 70333030000 |
|    L1D_REPLACEMENT    |   PMC0  |  1406090000 |
|      L1D_M_EVICT      |   PMC1  |   430291400 |
| ICACHE_64B_IFTAG_MISS |   PMC2  |  2858709000 |
+-----------------------+---------+-------------+

+--------------------------------+-------------+
|             Metric             |    Core 0   |
+--------------------------------+-------------+
|       Runtime (RDTSC) [s]      |      1.9452 |
|      Runtime unhalted [s]      |     26.1097 |
|           Clock [MHz]          |   2494.0670 |
|               CPI              |      2.4111 |
|  L2D load bandwidth [MBytes/s] |  46262.1388 |
|  L2D load data volume [GBytes] |     89.9898 |
| L2D evict bandwidth [MBytes/s] |  14157.1311 |
| L2D evict data volume [GBytes] |     27.5386 |
|     L2 bandwidth [MBytes/s]    | 154474.4103 |
|     L2 data volume [GBytes]    |    300.4858 |
+--------------------------------+-------------+

Region Core, Group 1: L2
+-------------------+----------+
|    Region Info    |  Core 0  |
+-------------------+----------+
| RDTSC Runtime [s] | 0.039753 |
|     call count    |        1 |
+-------------------+----------+

+-----------------------+---------+-----------+
|         Event         | Counter |   Core 0  |
+-----------------------+---------+-----------+
|   INSTR_RETIRED_ANY   |  FIXC0  | 224108400 |
| CPU_CLK_UNHALTED_CORE |  FIXC1  |  98599800 |
|  CPU_CLK_UNHALTED_REF |  FIXC2  | 102466400 |
|    L1D_REPLACEMENT    |   PMC0  |    686897 |
|      L1D_M_EVICT      |   PMC1  |      2765 |
| ICACHE_64B_IFTAG_MISS |   PMC2  |      1560 |
+-----------------------+---------+-----------+

+--------------------------------+-----------+
|             Metric             |   Core 0  |
+--------------------------------+-----------+
|       Runtime (RDTSC) [s]      |    0.0398 |
|      Runtime unhalted [s]      |    0.0380 |
|           Clock [MHz]          | 2494.1787 |
|               CPI              |    0.4400 |
|  L2D load bandwidth [MBytes/s] | 1105.8620 |
|  L2D load data volume [GBytes] |    0.0440 |
| L2D evict bandwidth [MBytes/s] |    4.4515 |
| L2D evict data volume [GBytes] |    0.0002 |
|     L2 bandwidth [MBytes/s]    | 1112.8249 |
|     L2 data volume [GBytes]    |    0.0442 |
+--------------------------------+-----------+

--------------------------------------------------------------------------------
CPU name:	Intel(R) Core(TM) i7-6500U CPU @ 2.50GHz
CPU type:	Intel Skylake processor
CPU clock:	2.59 GHz
--------------------------------------------------------------------------------
Bloom Join
-----------------
4194304 Buckets 4 Hash Functions
Initialization: 0 ms 
Bloom Filter Generation: 421062 ms 
Join Core: 40 ms 
14992 linhas
421104 ms 

--------------------------------------------------------------------------------
Region Initialization, Group 1: L2
+-------------------+----------+
|    Region Info    |  Core 0  |
+-------------------+----------+
| RDTSC Runtime [s] | 0.000373 |
|     call count    |        1 |
+-------------------+----------+

+-----------------------+---------+--------+
|         Event         | Counter | Core 0 |
+-----------------------+---------+--------+
|   INSTR_RETIRED_ANY   |  FIXC0  | 922459 |
| CPU_CLK_UNHALTED_CORE |  FIXC1  | 604682 |
|  CPU_CLK_UNHALTED_REF |  FIXC2  | 682344 |
|    L1D_REPLACEMENT    |   PMC0  |    423 |
|      L1D_M_EVICT      |   PMC1  |    239 |
| ICACHE_64B_IFTAG_MISS |   PMC2  |    654 |
+-----------------------+---------+--------+

+--------------------------------+--------------+
|             Metric             |    Core 0    |
+--------------------------------+--------------+
|       Runtime (RDTSC) [s]      |       0.0004 |
|      Runtime unhalted [s]      |       0.0002 |
|           Clock [MHz]          |    2296.9797 |
|               CPI              |       0.6555 |
|  L2D load bandwidth [MBytes/s] |      72.4849 |
|  L2D load data volume [GBytes] | 2.707200e-05 |
| L2D evict bandwidth [MBytes/s] |      40.9548 |
| L2D evict data volume [GBytes] | 1.529600e-05 |
|     L2 bandwidth [MBytes/s]    |     225.5085 |
|     L2 data volume [GBytes]    |       0.0001 |
+--------------------------------+--------------+

Region Generation, Group 1: L2
+-------------------+----------+
|    Region Info    |  Core 0  |
+-------------------+----------+
| RDTSC Runtime [s] | 1.938418 |
|     call count    |  7500000 |
+-------------------+----------+

+-----------------------+---------+-------------+
|         Event         | Counter |    Core 0   |
+-----------------------+---------+-------------+
|   INSTR_RETIRED_ANY   |  FIXC0  | 28069040000 |
| CPU_CLK_UNHALTED_CORE |  FIXC1  | 63255840000 |
|  CPU_CLK_UNHALTED_REF |  FIXC2  | 65737570000 |
|    L1D_REPLACEMENT    |   PMC0  |  1472505000 |
|      L1D_M_EVICT      |   PMC1  |   436454100 |
| ICACHE_64B_IFTAG_MISS |   PMC2  |  2745975000 |
+-----------------------+---------+-------------+

+--------------------------------+-------------+
|             Metric             |    Core 0   |
+--------------------------------+-------------+
|       Runtime (RDTSC) [s]      |      1.9384 |
|      Runtime unhalted [s]      |     24.4043 |
|           Clock [MHz]          |   2494.1380 |
|               CPI              |      2.2536 |
|  L2D load bandwidth [MBytes/s] |  48617.1301 |
|  L2D load data volume [GBytes] |     94.2403 |
| L2D evict bandwidth [MBytes/s] |  14410.2368 |
| L2D evict data volume [GBytes] |     27.9331 |
|     L2 bandwidth [MBytes/s]    | 153690.1651 |
|     L2 data volume [GBytes]    |    297.9158 |
+--------------------------------+-------------+

Region Core, Group 1: L2
+-------------------+----------+
|    Region Info    |  Core 0  |
+-------------------+----------+
| RDTSC Runtime [s] | 0.039922 |
|     call count    |        1 |
+-------------------+----------+

+-----------------------+---------+-----------+
|         Event         | Counter |   Core 0  |
+-----------------------+---------+-----------+
|   INSTR_RETIRED_ANY   |  FIXC0  | 224108400 |
| CPU_CLK_UNHALTED_CORE |  FIXC1  |  98847590 |
|  CPU_CLK_UNHALTED_REF |  FIXC2  | 102724100 |
|    L1D_REPLACEMENT    |   PMC0  |    686878 |
|      L1D_M_EVICT      |   PMC1  |      2953 |
| ICACHE_64B_IFTAG_MISS |   PMC2  |      1781 |
+-----------------------+---------+-----------+

+--------------------------------+-----------+
|             Metric             |   Core 0  |
+--------------------------------+-----------+
|       Runtime (RDTSC) [s]      |    0.0399 |
|      Runtime unhalted [s]      |    0.0381 |
|           Clock [MHz]          | 2494.1768 |
|               CPI              |    0.4411 |
|  L2D load bandwidth [MBytes/s] | 1101.1526 |
|  L2D load data volume [GBytes] |    0.0440 |
| L2D evict bandwidth [MBytes/s] |    4.7340 |
| L2D evict data volume [GBytes] |    0.0002 |
|     L2 bandwidth [MBytes/s]    | 1108.7418 |
|     L2 data volume [GBytes]    |    0.0443 |
+--------------------------------+-----------+

--------------------------------------------------------------------------------
CPU name:	Intel(R) Core(TM) i7-6500U CPU @ 2.50GHz
CPU type:	Intel Skylake processor
CPU clock:	2.59 GHz
--------------------------------------------------------------------------------
Bloom Join
-----------------
4194304 Buckets 4 Hash Functions
Initialization: 1 ms 
Bloom Filter Generation: 343939 ms 
Join Core: 33 ms 
14992 linhas
343974 ms 

--------------------------------------------------------------------------------
Region Initialization, Group 1: L2
+-------------------+----------+
|    Region Info    |  Core 0  |
+-------------------+----------+
| RDTSC Runtime [s] | 0.000528 |
|     call count    |        1 |
+-------------------+----------+

+-----------------------+---------+---------+
|         Event         | Counter |  Core 0 |
+-----------------------+---------+---------+
|   INSTR_RETIRED_ANY   |  FIXC0  |  922459 |
| CPU_CLK_UNHALTED_CORE |  FIXC1  |  598749 |
|  CPU_CLK_UNHALTED_REF |  FIXC2  | 1036584 |
|    L1D_REPLACEMENT    |   PMC0  |     430 |
|      L1D_M_EVICT      |   PMC1  |     249 |
| ICACHE_64B_IFTAG_MISS |   PMC2  |     645 |
+-----------------------+---------+---------+

+--------------------------------+--------------+
|             Metric             |    Core 0    |
+--------------------------------+--------------+
|       Runtime (RDTSC) [s]      |       0.0005 |
|      Runtime unhalted [s]      |       0.0002 |
|           Clock [MHz]          |    1497.1724 |
|               CPI              |       0.6491 |
|  L2D load bandwidth [MBytes/s] |      52.1223 |
|  L2D load data volume [GBytes] | 2.752000e-05 |
| L2D evict bandwidth [MBytes/s] |      30.1825 |
| L2D evict data volume [GBytes] | 1.593600e-05 |
|     L2 bandwidth [MBytes/s]    |     160.4883 |
|     L2 data volume [GBytes]    |       0.0001 |
+--------------------------------+--------------+

Region Generation, Group 1: L2
+-------------------+----------+
|    Region Info    |  Core 0  |
+-------------------+----------+
| RDTSC Runtime [s] | 1.673541 |
|     call count    |  7500000 |
+-------------------+----------+

+-----------------------+---------+-------------+
|         Event         | Counter |    Core 0   |
+-----------------------+---------+-------------+
|   INSTR_RETIRED_ANY   |  FIXC0  | 28068350000 |
| CPU_CLK_UNHALTED_CORE |  FIXC1  | 67425700000 |
|  CPU_CLK_UNHALTED_REF |  FIXC2  | 56568800000 |
|    L1D_REPLACEMENT    |   PMC0  |  1454821000 |
|      L1D_M_EVICT      |   PMC1  |   386047400 |
| ICACHE_64B_IFTAG_MISS |   PMC2  |  2926772000 |
+-----------------------+---------+-------------+

+--------------------------------+-------------+
|             Metric             |    Core 0   |
+--------------------------------+-------------+
|       Runtime (RDTSC) [s]      |      1.6735 |
|      Runtime unhalted [s]      |     26.0132 |
|           Clock [MHz]          |   3089.4417 |
|               CPI              |      2.4022 |
|  L2D load bandwidth [MBytes/s] |  55635.6516 |
|  L2D load data volume [GBytes] |     93.1085 |
| L2D evict bandwidth [MBytes/s] |  14763.3273 |
| L2D evict data volume [GBytes] |     24.7070 |
|     L2 bandwidth [MBytes/s]    | 182325.3721 |
|     L2 data volume [GBytes]    |    305.1290 |
+--------------------------------+-------------+

Region Core, Group 1: L2
+-------------------+----------+
|    Region Info    |  Core 0  |
+-------------------+----------+
| RDTSC Runtime [s] | 0.032640 |
|     call count    |        1 |
+-------------------+----------+

+-----------------------+---------+-----------+
|         Event         | Counter |   Core 0  |
+-----------------------+---------+-----------+
|   INSTR_RETIRED_ANY   |  FIXC0  | 224108400 |
| CPU_CLK_UNHALTED_CORE |  FIXC1  |  99269230 |
|  CPU_CLK_UNHALTED_REF |  FIXC2  |  83218320 |
|    L1D_REPLACEMENT    |   PMC0  |    687049 |
|      L1D_M_EVICT      |   PMC1  |      2536 |
| ICACHE_64B_IFTAG_MISS |   PMC2  |      1708 |
+-----------------------+---------+-----------+

+--------------------------------+-----------+
|             Metric             |   Core 0  |
+--------------------------------+-----------+
|       Runtime (RDTSC) [s]      |    0.0326 |
|      Runtime unhalted [s]      |    0.0383 |
|           Clock [MHz]          | 3091.9127 |
|               CPI              |    0.4430 |
|  L2D load bandwidth [MBytes/s] | 1347.1689 |
|  L2D load data volume [GBytes] |    0.0440 |
| L2D evict bandwidth [MBytes/s] |    4.9726 |
| L2D evict data volume [GBytes] |    0.0002 |
|     L2 bandwidth [MBytes/s]    | 1355.4906 |
|     L2 data volume [GBytes]    |    0.0442 |
+--------------------------------+-----------+

--------------------------------------------------------------------------------
CPU name:	Intel(R) Core(TM) i7-6500U CPU @ 2.50GHz
CPU type:	Intel Skylake processor
CPU clock:	2.59 GHz
--------------------------------------------------------------------------------
Bloom Join
-----------------
4194304 Buckets 4 Hash Functions
Initialization: 0 ms 
Bloom Filter Generation: 424697 ms 
Join Core: 40 ms 
14992 linhas
424739 ms 

--------------------------------------------------------------------------------
Region Initialization, Group 1: L2
+-------------------+----------+
|    Region Info    |  Core 0  |
+-------------------+----------+
| RDTSC Runtime [s] | 0.000403 |
|     call count    |        1 |
+-------------------+----------+

+-----------------------+---------+--------+
|         Event         | Counter | Core 0 |
+-----------------------+---------+--------+
|   INSTR_RETIRED_ANY   |  FIXC0  | 922460 |
| CPU_CLK_UNHALTED_CORE |  FIXC1  | 607056 |
|  CPU_CLK_UNHALTED_REF |  FIXC2  | 712584 |
|    L1D_REPLACEMENT    |   PMC0  |    483 |
|      L1D_M_EVICT      |   PMC1  |    252 |
| ICACHE_64B_IFTAG_MISS |   PMC2  |    697 |
+-----------------------+---------+--------+

+--------------------------------+--------------+
|             Metric             |    Core 0    |
+--------------------------------+--------------+
|       Runtime (RDTSC) [s]      |       0.0004 |
|      Runtime unhalted [s]      |       0.0002 |
|           Clock [MHz]          |    2208.1325 |
|               CPI              |       0.6581 |
|  L2D load bandwidth [MBytes/s] |      76.7584 |
|  L2D load data volume [GBytes] | 3.091200e-05 |
| L2D evict bandwidth [MBytes/s] |      40.0479 |
| L2D evict data volume [GBytes] | 1.612800e-05 |
|     L2 bandwidth [MBytes/s]    |     227.5736 |
|     L2 data volume [GBytes]    |       0.0001 |
+--------------------------------+--------------+

Region Generation, Group 1: L2
+-------------------+----------+
|    Region Info    |  Core 0  |
+-------------------+----------+
| RDTSC Runtime [s] | 1.815227 |
|     call count    |  7500000 |
+-------------------+----------+

+-----------------------+---------+-------------+
|         Event         | Counter |    Core 0   |
+-----------------------+---------+-------------+
|   INSTR_RETIRED_ANY   |  FIXC0  | 28068350000 |
| CPU_CLK_UNHALTED_CORE |  FIXC1  | 64245370000 |
|  CPU_CLK_UNHALTED_REF |  FIXC2  | 66766490000 |
|    L1D_REPLACEMENT    |   PMC0  |  1563196000 |
|      L1D_M_EVICT      |   PMC1  |   451452300 |
| ICACHE_64B_IFTAG_MISS |   PMC2  |  2740029000 |
+-----------------------+---------+-------------+

+--------------------------------+-------------+
|             Metric             |    Core 0   |
+--------------------------------+-------------+
|       Runtime (RDTSC) [s]      |      1.8152 |
|      Runtime unhalted [s]      |     24.7862 |
|           Clock [MHz]          |   2494.1107 |
|               CPI              |      2.2889 |
|  L2D load bandwidth [MBytes/s] |  55114.0678 |
|  L2D load data volume [GBytes] |    100.0445 |
| L2D evict bandwidth [MBytes/s] |  15916.9885 |
| L2D evict data volume [GBytes] |     28.8929 |
|     L2 bandwidth [MBytes/s]    | 167637.0764 |
|     L2 data volume [GBytes]    |    304.2993 |
+--------------------------------+-------------+

Region Core, Group 1: L2
+-------------------+----------+
|    Region Info    |  Core 0  |
+-------------------+----------+
| RDTSC Runtime [s] | 0.039918 |
|     call count    |        1 |
+-------------------+----------+

+-----------------------+---------+-----------+
|         Event         | Counter |   Core 0  |
+-----------------------+---------+-----------+
|   INSTR_RETIRED_ANY   |  FIXC0  | 224108400 |
| CPU_CLK_UNHALTED_CORE |  FIXC1  |  98949700 |
|  CPU_CLK_UNHALTED_REF |  FIXC2  | 102830100 |
|    L1D_REPLACEMENT    |   PMC0  |    687132 |
|      L1D_M_EVICT      |   PMC1  |      2839 |
| ICACHE_64B_IFTAG_MISS |   PMC2  |      1858 |
+-----------------------+---------+-----------+

+--------------------------------+-----------+
|             Metric             |   Core 0  |
+--------------------------------+-----------+
|       Runtime (RDTSC) [s]      |    0.0399 |
|      Runtime unhalted [s]      |    0.0382 |
|           Clock [MHz]          | 2494.1735 |
|               CPI              |    0.4415 |
|  L2D load bandwidth [MBytes/s] | 1101.6583 |
|  L2D load data volume [GBytes] |    0.0440 |
| L2D evict bandwidth [MBytes/s] |    4.5517 |
| L2D evict data volume [GBytes] |    0.0002 |
|     L2 bandwidth [MBytes/s]    | 1109.1889 |
|     L2 data volume [GBytes]    |    0.0443 |
+--------------------------------+-----------+

--------------------------------------------------------------------------------
CPU name:	Intel(R) Core(TM) i7-6500U CPU @ 2.50GHz
CPU type:	Intel Skylake processor
CPU clock:	2.59 GHz
--------------------------------------------------------------------------------
Bloom Join
-----------------
4194304 Buckets 4 Hash Functions
Initialization: 1 ms 
Bloom Filter Generation: 369277 ms 
Join Core: 40 ms 
14992 linhas
369320 ms 

--------------------------------------------------------------------------------
Region Initialization, Group 1: L2
+-------------------+----------+
|    Region Info    |  Core 0  |
+-------------------+----------+
| RDTSC Runtime [s] | 0.000990 |
|     call count    |        1 |
+-------------------+----------+

+-----------------------+---------+---------+
|         Event         | Counter |  Core 0 |
+-----------------------+---------+---------+
|   INSTR_RETIRED_ANY   |  FIXC0  |  922459 |
| CPU_CLK_UNHALTED_CORE |  FIXC1  |  598871 |
|  CPU_CLK_UNHALTED_REF |  FIXC2  | 1944972 |
|    L1D_REPLACEMENT    |   PMC0  |     426 |
|      L1D_M_EVICT      |   PMC1  |     257 |
| ICACHE_64B_IFTAG_MISS |   PMC2  |     628 |
+-----------------------+---------+---------+

+--------------------------------+--------------+
|             Metric             |    Core 0    |
+--------------------------------+--------------+
|       Runtime (RDTSC) [s]      |       0.0010 |
|      Runtime unhalted [s]      |       0.0002 |
|           Clock [MHz]          |     798.0923 |
|               CPI              |       0.6492 |
|  L2D load bandwidth [MBytes/s] |      27.5417 |
|  L2D load data volume [GBytes] | 2.726400e-05 |
| L2D evict bandwidth [MBytes/s] |      16.6155 |
| L2D evict data volume [GBytes] | 1.644800e-05 |
|     L2 bandwidth [MBytes/s]    |      84.7587 |
|     L2 data volume [GBytes]    |       0.0001 |
+--------------------------------+--------------+

Region Generation, Group 1: L2
+-------------------+----------+
|    Region Info    |  Core 0  |
+-------------------+----------+
| RDTSC Runtime [s] | 1.690206 |
|     call count    |  7500000 |
+-------------------+----------+

+-----------------------+---------+-------------+
|         Event         | Counter |    Core 0   |
+-----------------------+---------+-------------+
|   INSTR_RETIRED_ANY   |  FIXC0  | 28068350000 |
| CPU_CLK_UNHALTED_CORE |  FIXC1  | 67460770000 |
|  CPU_CLK_UNHALTED_REF |  FIXC2  | 59408760000 |
|    L1D_REPLACEMENT    |   PMC0  |  1532830000 |
|      L1D_M_EVICT      |   PMC1  |   501063800 |
| ICACHE_64B_IFTAG_MISS |   PMC2  |  3117885000 |
+-----------------------+---------+-------------+

+--------------------------------+-------------+
|             Metric             |    Core 0   |
+--------------------------------+-------------+
|       Runtime (RDTSC) [s]      |      1.6902 |
|      Runtime unhalted [s]      |     26.0266 |
|           Clock [MHz]          |   2943.2963 |
|               CPI              |      2.4034 |
|  L2D load bandwidth [MBytes/s] |  58040.9252 |
|  L2D load data volume [GBytes] |     98.1011 |
| L2D evict bandwidth [MBytes/s] |  18972.8845 |
| L2D evict data volume [GBytes] |     32.0681 |
|     L2 bandwidth [MBytes/s]    | 195073.1705 |
|     L2 data volume [GBytes]    |    329.7138 |
+--------------------------------+-------------+

Region Core, Group 1: L2
+-------------------+----------+
|    Region Info    |  Core 0  |
+-------------------+----------+
| RDTSC Runtime [s] | 0.040267 |
|     call count    |        1 |
+-------------------+----------+

+-----------------------+---------+-----------+
|         Event         | Counter |   Core 0  |
+-----------------------+---------+-----------+
|   INSTR_RETIRED_ANY   |  FIXC0  | 224108400 |
| CPU_CLK_UNHALTED_CORE |  FIXC1  |  99649660 |
|  CPU_CLK_UNHALTED_REF |  FIXC2  | 103557700 |
|    L1D_REPLACEMENT    |   PMC0  |    687881 |
|      L1D_M_EVICT      |   PMC1  |      5517 |
| ICACHE_64B_IFTAG_MISS |   PMC2  |      2711 |
+-----------------------+---------+-----------+

+--------------------------------+-----------+
|             Metric             |   Core 0  |
+--------------------------------+-----------+
|       Runtime (RDTSC) [s]      |    0.0403 |
|      Runtime unhalted [s]      |    0.0384 |
|           Clock [MHz]          | 2494.1732 |
|               CPI              |    0.4446 |
|  L2D load bandwidth [MBytes/s] | 1093.3082 |
|  L2D load data volume [GBytes] |    0.0440 |
| L2D evict bandwidth [MBytes/s] |    8.7686 |
| L2D evict data volume [GBytes] |    0.0004 |
|     L2 bandwidth [MBytes/s]    | 1106.3857 |
|     L2 data volume [GBytes]    |    0.0446 |
+--------------------------------+-----------+

--------------------------------------------------------------------------------
CPU name:	Intel(R) Core(TM) i7-6500U CPU @ 2.50GHz
CPU type:	Intel Skylake processor
CPU clock:	2.59 GHz
--------------------------------------------------------------------------------
Bloom Join
-----------------
4194304 Buckets 4 Hash Functions
Initialization: 0 ms 
Bloom Filter Generation: 422429 ms 
Join Core: 40 ms 
14992 linhas
422471 ms 

--------------------------------------------------------------------------------
Region Initialization, Group 1: L2
+-------------------+----------+
|    Region Info    |  Core 0  |
+-------------------+----------+
| RDTSC Runtime [s] | 0.000329 |
|     call count    |        1 |
+-------------------+----------+

+-----------------------+---------+--------+
|         Event         | Counter | Core 0 |
+-----------------------+---------+--------+
|   INSTR_RETIRED_ANY   |  FIXC0  | 922459 |
| CPU_CLK_UNHALTED_CORE |  FIXC1  | 606125 |
|  CPU_CLK_UNHALTED_REF |  FIXC2  | 629748 |
|    L1D_REPLACEMENT    |   PMC0  |    464 |
|      L1D_M_EVICT      |   PMC1  |    256 |
| ICACHE_64B_IFTAG_MISS |   PMC2  |    678 |
+-----------------------+---------+--------+

+--------------------------------+--------------+
|             Metric             |    Core 0    |
+--------------------------------+--------------+
|       Runtime (RDTSC) [s]      |       0.0003 |
|      Runtime unhalted [s]      |       0.0002 |
|           Clock [MHz]          |    2494.7603 |
|               CPI              |       0.6571 |
|  L2D load bandwidth [MBytes/s] |      90.3434 |
|  L2D load data volume [GBytes] | 2.969600e-05 |
| L2D evict bandwidth [MBytes/s] |      49.8447 |
| L2D evict data volume [GBytes] | 1.638400e-05 |
|     L2 bandwidth [MBytes/s]    |     272.1986 |
|     L2 data volume [GBytes]    |       0.0001 |
+--------------------------------+--------------+

Region Generation, Group 1: L2
+-------------------+----------+
|    Region Info    |  Core 0  |
+-------------------+----------+
| RDTSC Runtime [s] | 2.089717 |
|     call count    |  7500000 |
+-------------------+----------+

+-----------------------+---------+-------------+
|         Event         | Counter |    Core 0   |
+-----------------------+---------+-------------+
|   INSTR_RETIRED_ANY   |  FIXC0  | 28068350000 |
| CPU_CLK_UNHALTED_CORE |  FIXC1  | 67431630000 |
|  CPU_CLK_UNHALTED_REF |  FIXC2  | 70077830000 |
|    L1D_REPLACEMENT    |   PMC0  |  1532155000 |
|      L1D_M_EVICT      |   PMC1  |   409481500 |
| ICACHE_64B_IFTAG_MISS |   PMC2  |  3062854000 |
+-----------------------+---------+-------------+

+--------------------------------+-------------+
|             Metric             |    Core 0   |
+--------------------------------+-------------+
|       Runtime (RDTSC) [s]      |      2.0897 |
|      Runtime unhalted [s]      |     26.0154 |
|           Clock [MHz]          |   2494.1148 |
|               CPI              |      2.4024 |
|  L2D load bandwidth [MBytes/s] |  46924.0189 |
|  L2D load data volume [GBytes] |     98.0579 |
| L2D evict bandwidth [MBytes/s] |  12540.8445 |
| L2D evict data volume [GBytes] |     26.2068 |
|     L2 bandwidth [MBytes/s]    | 153268.3095 |
|     L2 data volume [GBytes]    |    320.2874 |
+--------------------------------+-------------+

Region Core, Group 1: L2
+-------------------+----------+
|    Region Info    |  Core 0  |
+-------------------+----------+
| RDTSC Runtime [s] | 0.039989 |
|     call count    |        1 |
+-------------------+----------+

+-----------------------+---------+-----------+
|         Event         | Counter |   Core 0  |
+-----------------------+---------+-----------+
|   INSTR_RETIRED_ANY   |  FIXC0  | 224108400 |
| CPU_CLK_UNHALTED_CORE |  FIXC1  |  99030460 |
|  CPU_CLK_UNHALTED_REF |  FIXC2  | 102913500 |
|    L1D_REPLACEMENT    |   PMC0  |    686921 |
|      L1D_M_EVICT      |   PMC1  |      2990 |
| ICACHE_64B_IFTAG_MISS |   PMC2  |      2129 |
+-----------------------+---------+-----------+

+--------------------------------+-----------+
|             Metric             |   Core 0  |
+--------------------------------+-----------+
|       Runtime (RDTSC) [s]      |    0.0400 |
|      Runtime unhalted [s]      |    0.0382 |
|           Clock [MHz]          | 2494.1920 |
|               CPI              |    0.4419 |
|  L2D load bandwidth [MBytes/s] | 1099.3795 |
|  L2D load data volume [GBytes] |    0.0440 |
| L2D evict bandwidth [MBytes/s] |    4.7853 |
| L2D evict data volume [GBytes] |    0.0002 |
|     L2 bandwidth [MBytes/s]    | 1107.5722 |
|     L2 data volume [GBytes]    |    0.0443 |
+--------------------------------+-----------+

--------------------------------------------------------------------------------
CPU name:	Intel(R) Core(TM) i7-6500U CPU @ 2.50GHz
CPU type:	Intel Skylake processor
CPU clock:	2.59 GHz
--------------------------------------------------------------------------------
Bloom Join
-----------------
4194304 Buckets 4 Hash Functions
Initialization: 1 ms 
Bloom Filter Generation: 401772 ms 
Join Core: 41 ms 
14992 linhas
401816 ms 

--------------------------------------------------------------------------------
Region Initialization, Group 1: L3
+-------------------+----------+
|    Region Info    |  Core 0  |
+-------------------+----------+
| RDTSC Runtime [s] | 0.000996 |
|     call count    |        1 |
+-------------------+----------+

+-----------------------+---------+---------+
|         Event         | Counter |  Core 0 |
+-----------------------+---------+---------+
|   INSTR_RETIRED_ANY   |  FIXC0  |  922366 |
| CPU_CLK_UNHALTED_CORE |  FIXC1  |  596849 |
|  CPU_CLK_UNHALTED_REF |  FIXC2  | 1939356 |
|    L2_LINES_IN_ALL    |   PMC0  |     929 |
|     L2_TRANS_L2_WB    |   PMC1  |     197 |
+-----------------------+---------+---------+

+-------------------------------+--------------+
|             Metric            |    Core 0    |
+-------------------------------+--------------+
|      Runtime (RDTSC) [s]      |       0.0010 |
|      Runtime unhalted [s]     |       0.0002 |
|          Clock [MHz]          |     797.6671 |
|              CPI              |       0.6471 |
|  L3 load bandwidth [MBytes/s] |      59.7091 |
|  L3 load data volume [GBytes] |       0.0001 |
| L3 evict bandwidth [MBytes/s] |      12.6617 |
| L3 evict data volume [GBytes] | 1.260800e-05 |
|    L3 bandwidth [MBytes/s]    |      72.3708 |
|    L3 data volume [GBytes]    |       0.0001 |
+-------------------------------+--------------+

Region Generation, Group 1: L3
+-------------------+----------+
|    Region Info    |  Core 0  |
+-------------------+----------+
| RDTSC Runtime [s] | 2.174120 |
|     call count    |  7500000 |
+-------------------+----------+

+-----------------------+---------+-------------+
|         Event         | Counter |    Core 0   |
+-----------------------+---------+-------------+
|   INSTR_RETIRED_ANY   |  FIXC0  | 27370870000 |
| CPU_CLK_UNHALTED_CORE |  FIXC1  | 68854330000 |
|  CPU_CLK_UNHALTED_REF |  FIXC2  | 71557580000 |
|    L2_LINES_IN_ALL    |   PMC0  |  1170672000 |
|     L2_TRANS_L2_WB    |   PMC1  |   246085200 |
+-----------------------+---------+-------------+

+-------------------------------+------------+
|             Metric            |   Core 0   |
+-------------------------------+------------+
|      Runtime (RDTSC) [s]      |     2.1741 |
|      Runtime unhalted [s]     |    26.5654 |
|          Clock [MHz]          |  2493.9649 |
|              CPI              |     2.5156 |
|  L3 load bandwidth [MBytes/s] | 34461.3030 |
|  L3 load data volume [GBytes] |    74.9230 |
| L3 evict bandwidth [MBytes/s] |  7244.0587 |
| L3 evict data volume [GBytes] |    15.7495 |
|    L3 bandwidth [MBytes/s]    | 41705.3616 |
|    L3 data volume [GBytes]    |    90.6725 |
+-------------------------------+------------+

Region Core, Group 1: L3
+-------------------+----------+
|    Region Info    |  Core 0  |
+-------------------+----------+
| RDTSC Runtime [s] | 0.040480 |
|     call count    |        1 |
+-------------------+----------+

+-----------------------+---------+-----------+
|         Event         | Counter |   Core 0  |
+-----------------------+---------+-----------+
|   INSTR_RETIRED_ANY   |  FIXC0  | 224108300 |
| CPU_CLK_UNHALTED_CORE |  FIXC1  | 100260400 |
|  CPU_CLK_UNHALTED_REF |  FIXC2  | 104192100 |
|    L2_LINES_IN_ALL    |   PMC0  |    795444 |
|     L2_TRANS_L2_WB    |   PMC1  |     54566 |
+-----------------------+---------+-----------+

+-------------------------------+-----------+
|             Metric            |   Core 0  |
+-------------------------------+-----------+
|      Runtime (RDTSC) [s]      |    0.0405 |
|      Runtime unhalted [s]     |    0.0387 |
|          Clock [MHz]          | 2494.0742 |
|              CPI              |    0.4474 |
|  L3 load bandwidth [MBytes/s] | 1257.6320 |
|  L3 load data volume [GBytes] |    0.0509 |
| L3 evict bandwidth [MBytes/s] |   86.2713 |
| L3 evict data volume [GBytes] |    0.0035 |
|    L3 bandwidth [MBytes/s]    | 1343.9033 |
|    L3 data volume [GBytes]    |    0.0544 |
+-------------------------------+-----------+

--------------------------------------------------------------------------------
CPU name:	Intel(R) Core(TM) i7-6500U CPU @ 2.50GHz
CPU type:	Intel Skylake processor
CPU clock:	2.59 GHz
--------------------------------------------------------------------------------
Bloom Join
-----------------
4194304 Buckets 4 Hash Functions
Initialization: 1 ms 
Bloom Filter Generation: 385523 ms 
Join Core: 40 ms 
14992 linhas
385567 ms 

--------------------------------------------------------------------------------
Region Initialization, Group 1: L3
+-------------------+----------+
|    Region Info    |  Core 0  |
+-------------------+----------+
| RDTSC Runtime [s] | 0.000989 |
|     call count    |        1 |
+-------------------+----------+

+-----------------------+---------+---------+
|         Event         | Counter |  Core 0 |
+-----------------------+---------+---------+
|   INSTR_RETIRED_ANY   |  FIXC0  |  922366 |
| CPU_CLK_UNHALTED_CORE |  FIXC1  |  596016 |
|  CPU_CLK_UNHALTED_REF |  FIXC2  | 1935684 |
|    L2_LINES_IN_ALL    |   PMC0  |     953 |
|     L2_TRANS_L2_WB    |   PMC1  |     221 |
+-----------------------+---------+---------+

+-------------------------------+--------------+
|             Metric            |    Core 0    |
+-------------------------------+--------------+
|      Runtime (RDTSC) [s]      |       0.0010 |
|      Runtime unhalted [s]     |       0.0002 |
|          Clock [MHz]          |     797.8171 |
|              CPI              |       0.6462 |
|  L3 load bandwidth [MBytes/s] |      61.6932 |
|  L3 load data volume [GBytes] |       0.0001 |
| L3 evict bandwidth [MBytes/s] |      14.3066 |
| L3 evict data volume [GBytes] | 1.414400e-05 |
|    L3 bandwidth [MBytes/s]    |      75.9999 |
|    L3 data volume [GBytes]    |       0.0001 |
+-------------------------------+--------------+

Region Generation, Group 1: L3
+-------------------+----------+
|    Region Info    |  Core 0  |
+-------------------+----------+
| RDTSC Runtime [s] | 1.849937 |
|     call count    |  7500000 |
+-------------------+----------+

+-----------------------+---------+-------------+
|         Event         | Counter |    Core 0   |
+-----------------------+---------+-------------+
|   INSTR_RETIRED_ANY   |  FIXC0  | 27370850000 |
| CPU_CLK_UNHALTED_CORE |  FIXC1  | 67005520000 |
|  CPU_CLK_UNHALTED_REF |  FIXC2  | 69636200000 |
|    L2_LINES_IN_ALL    |   PMC0  |   895290000 |
|     L2_TRANS_L2_WB    |   PMC1  |   203648800 |
+-----------------------+---------+-------------+

+-------------------------------+------------+
|             Metric            |   Core 0   |
+-------------------------------+------------+
|      Runtime (RDTSC) [s]      |     1.8499 |
|      Runtime unhalted [s]     |    25.8601 |
|          Clock [MHz]          |  2493.1901 |
|              CPI              |     2.4481 |
|  L3 load bandwidth [MBytes/s] | 30973.2494 |
|  L3 load data volume [GBytes] |    57.2986 |
| L3 evict bandwidth [MBytes/s] |  7045.3876 |
| L3 evict data volume [GBytes] |    13.0335 |
|    L3 bandwidth [MBytes/s]    | 38018.6370 |
|    L3 data volume [GBytes]    |    70.3321 |
+-------------------------------+------------+

Region Core, Group 1: L3
+-------------------+----------+
|    Region Info    |  Core 0  |
+-------------------+----------+
| RDTSC Runtime [s] | 0.040224 |
|     call count    |        1 |
+-------------------+----------+

+-----------------------+---------+-----------+
|         Event         | Counter |   Core 0  |
+-----------------------+---------+-----------+
|   INSTR_RETIRED_ANY   |  FIXC0  | 224108300 |
| CPU_CLK_UNHALTED_CORE |  FIXC1  |  99262590 |
|  CPU_CLK_UNHALTED_REF |  FIXC2  | 103155700 |
|    L2_LINES_IN_ALL    |   PMC0  |    761163 |
|     L2_TRANS_L2_WB    |   PMC1  |     63091 |
+-----------------------+---------+-----------+

+-------------------------------+-----------+
|             Metric            |   Core 0  |
+-------------------------------+-----------+
|      Runtime (RDTSC) [s]      |    0.0402 |
|      Runtime unhalted [s]     |    0.0383 |
|          Clock [MHz]          | 2493.2869 |
|              CPI              |    0.4429 |
|  L3 load bandwidth [MBytes/s] | 1211.0682 |
|  L3 load data volume [GBytes] |    0.0487 |
| L3 evict bandwidth [MBytes/s] |  100.3826 |
| L3 evict data volume [GBytes] |    0.0040 |
|    L3 bandwidth [MBytes/s]    | 1311.4508 |
|    L3 data volume [GBytes]    |    0.0528 |
+-------------------------------+-----------+

--------------------------------------------------------------------------------
CPU name:	Intel(R) Core(TM) i7-6500U CPU @ 2.50GHz
CPU type:	Intel Skylake processor
CPU clock:	2.59 GHz
--------------------------------------------------------------------------------
Bloom Join
-----------------
4194304 Buckets 4 Hash Functions
Initialization: 1 ms 
Bloom Filter Generation: 384393 ms 
Join Core: 40 ms 
14992 linhas
384437 ms 

--------------------------------------------------------------------------------
Region Initialization, Group 1: L3
+-------------------+----------+
|    Region Info    |  Core 0  |
+-------------------+----------+
| RDTSC Runtime [s] | 0.001079 |
|     call count    |        1 |
+-------------------+----------+

+-----------------------+---------+---------+
|         Event         | Counter |  Core 0 |
+-----------------------+---------+---------+
|   INSTR_RETIRED_ANY   |  FIXC0  |  922367 |
| CPU_CLK_UNHALTED_CORE |  FIXC1  |  605379 |
|  CPU_CLK_UNHALTED_REF |  FIXC2  | 1966032 |
|    L2_LINES_IN_ALL    |   PMC0  |    1358 |
|     L2_TRANS_L2_WB    |   PMC1  |     433 |
+-----------------------+---------+---------+

+-------------------------------+--------------+
|             Metric            |    Core 0    |
+-------------------------------+--------------+
|      Runtime (RDTSC) [s]      |       0.0011 |
|      Runtime unhalted [s]     |       0.0002 |
|          Clock [MHz]          |     798.1224 |
|              CPI              |       0.6563 |
|  L3 load bandwidth [MBytes/s] |      80.5577 |
|  L3 load data volume [GBytes] |       0.0001 |
| L3 evict bandwidth [MBytes/s] |      25.6859 |
| L3 evict data volume [GBytes] | 2.771200e-05 |
|    L3 bandwidth [MBytes/s]    |     106.2436 |
|    L3 data volume [GBytes]    |       0.0001 |
+-------------------------------+--------------+

Region Generation, Group 1: L3
+-------------------+----------+
|    Region Info    |  Core 0  |
+-------------------+----------+
| RDTSC Runtime [s] | 1.959836 |
|     call count    |  7500000 |
+-------------------+----------+

+-----------------------+---------+-------------+
|         Event         | Counter |    Core 0   |
+-----------------------+---------+-------------+
|   INSTR_RETIRED_ANY   |  FIXC0  | 27370850000 |
| CPU_CLK_UNHALTED_CORE |  FIXC1  | 66988350000 |
|  CPU_CLK_UNHALTED_REF |  FIXC2  | 69616480000 |
|    L2_LINES_IN_ALL    |   PMC0  |  1187815000 |
|     L2_TRANS_L2_WB    |   PMC1  |   188898500 |
+-----------------------+---------+-------------+

+-------------------------------+------------+
|             Metric            |   Core 0   |
+-------------------------------+------------+
|      Runtime (RDTSC) [s]      |     1.9598 |
|      Runtime unhalted [s]     |    25.8444 |
|          Clock [MHz]          |  2494.1350 |
|              CPI              |     2.4474 |
|  L3 load bandwidth [MBytes/s] | 38789.0415 |
|  L3 load data volume [GBytes] |    76.0202 |
| L3 evict bandwidth [MBytes/s] |  6168.6304 |
| L3 evict data volume [GBytes] |    12.0895 |
|    L3 bandwidth [MBytes/s]    | 44957.6720 |
|    L3 data volume [GBytes]    |    88.1097 |
+-------------------------------+------------+

Region Core, Group 1: L3
+-------------------+----------+
|    Region Info    |  Core 0  |
+-------------------+----------+
| RDTSC Runtime [s] | 0.040203 |
|     call count    |        1 |
+-------------------+----------+

+-----------------------+---------+-----------+
|         Event         | Counter |   Core 0  |
+-----------------------+---------+-----------+
|   INSTR_RETIRED_ANY   |  FIXC0  | 224108300 |
| CPU_CLK_UNHALTED_CORE |  FIXC1  |  99444240 |
|  CPU_CLK_UNHALTED_REF |  FIXC2  | 103344100 |
|    L2_LINES_IN_ALL    |   PMC0  |    762643 |
|     L2_TRANS_L2_WB    |   PMC1  |     64343 |
+-----------------------+---------+-----------+

+-------------------------------+-----------+
|             Metric            |   Core 0  |
+-------------------------------+-----------+
|      Runtime (RDTSC) [s]      |    0.0402 |
|      Runtime unhalted [s]     |    0.0384 |
|          Clock [MHz]          | 2494.1736 |
|              CPI              |    0.4437 |
|  L3 load bandwidth [MBytes/s] | 1214.0786 |
|  L3 load data volume [GBytes] |    0.0488 |
| L3 evict bandwidth [MBytes/s] |  102.4299 |
| L3 evict data volume [GBytes] |    0.0041 |
|    L3 bandwidth [MBytes/s]    | 1316.5085 |
|    L3 data volume [GBytes]    |    0.0529 |
+-------------------------------+-----------+

--------------------------------------------------------------------------------
CPU name:	Intel(R) Core(TM) i7-6500U CPU @ 2.50GHz
CPU type:	Intel Skylake processor
CPU clock:	2.59 GHz
--------------------------------------------------------------------------------
Bloom Join
-----------------
4194304 Buckets 4 Hash Functions
Initialization: 1 ms 
Bloom Filter Generation: 382478 ms 
Join Core: 41 ms 
14992 linhas
382523 ms 

--------------------------------------------------------------------------------
Region Initialization, Group 1: L3
+-------------------+----------+
|    Region Info    |  Core 0  |
+-------------------+----------+
| RDTSC Runtime [s] | 0.000991 |
|     call count    |        1 |
+-------------------+----------+

+-----------------------+---------+---------+
|         Event         | Counter |  Core 0 |
+-----------------------+---------+---------+
|   INSTR_RETIRED_ANY   |  FIXC0  |  922366 |
| CPU_CLK_UNHALTED_CORE |  FIXC1  |  593746 |
|  CPU_CLK_UNHALTED_REF |  FIXC2  | 1928556 |
|    L2_LINES_IN_ALL    |   PMC0  |     998 |
|     L2_TRANS_L2_WB    |   PMC1  |     235 |
+-----------------------+---------+---------+

+-------------------------------+--------------+
|             Metric            |    Core 0    |
+-------------------------------+--------------+
|      Runtime (RDTSC) [s]      |       0.0010 |
|      Runtime unhalted [s]     |       0.0002 |
|          Clock [MHz]          |     797.9960 |
|              CPI              |       0.6437 |
|  L3 load bandwidth [MBytes/s] |      64.4825 |
|  L3 load data volume [GBytes] |       0.0001 |
| L3 evict bandwidth [MBytes/s] |      15.1838 |
| L3 evict data volume [GBytes] | 1.504000e-05 |
|    L3 bandwidth [MBytes/s]    |      79.6663 |
|    L3 data volume [GBytes]    |       0.0001 |
+-------------------------------+--------------+

Region Generation, Group 1: L3
+-------------------+----------+
|    Region Info    |  Core 0  |
+-------------------+----------+
| RDTSC Runtime [s] | 2.105539 |
|     call count    |  7500000 |
+-------------------+----------+

+-----------------------+---------+-------------+
|         Event         | Counter |    Core 0   |
+-----------------------+---------+-------------+
|   INSTR_RETIRED_ANY   |  FIXC0  | 27370850000 |
| CPU_CLK_UNHALTED_CORE |  FIXC1  | 66979980000 |
|  CPU_CLK_UNHALTED_REF |  FIXC2  | 69610050000 |
|    L2_LINES_IN_ALL    |   PMC0  |  1297858000 |
|     L2_TRANS_L2_WB    |   PMC1  |   247018500 |
+-----------------------+---------+-------------+

+-------------------------------+------------+
|             Metric            |   Core 0   |
+-------------------------------+------------+
|      Runtime (RDTSC) [s]      |     2.1055 |
|      Runtime unhalted [s]     |    25.8412 |
|          Clock [MHz]          |  2494.0511 |
|              CPI              |     2.4471 |
|  L3 load bandwidth [MBytes/s] | 39449.7143 |
|  L3 load data volume [GBytes] |    83.0629 |
| L3 evict bandwidth [MBytes/s] |  7508.3786 |
| L3 evict data volume [GBytes] |    15.8092 |
|    L3 bandwidth [MBytes/s]    | 46958.0929 |
|    L3 data volume [GBytes]    |    98.8721 |
+-------------------------------+------------+

Region Core, Group 1: L3
+-------------------+----------+
|    Region Info    |  Core 0  |
+-------------------+----------+
| RDTSC Runtime [s] | 0.040908 |
|     call count    |        1 |
+-------------------+----------+

+-----------------------+---------+-----------+
|         Event         | Counter |   Core 0  |
+-----------------------+---------+-----------+
|   INSTR_RETIRED_ANY   |  FIXC0  | 224108300 |
| CPU_CLK_UNHALTED_CORE |  FIXC1  | 100854600 |
|  CPU_CLK_UNHALTED_REF |  FIXC2  | 104809800 |
|    L2_LINES_IN_ALL    |   PMC0  |    805161 |
|     L2_TRANS_L2_WB    |   PMC1  |     58078 |
+-----------------------+---------+-----------+

+-------------------------------+-----------+
|             Metric            |   Core 0  |
+-------------------------------+-----------+
|      Runtime (RDTSC) [s]      |    0.0409 |
|      Runtime unhalted [s]     |    0.0389 |
|          Clock [MHz]          | 2494.1703 |
|              CPI              |    0.4500 |
|  L3 load bandwidth [MBytes/s] | 1259.6577 |
|  L3 load data volume [GBytes] |    0.0515 |
| L3 evict bandwidth [MBytes/s] |   90.8618 |
| L3 evict data volume [GBytes] |    0.0037 |
|    L3 bandwidth [MBytes/s]    | 1350.5195 |
|    L3 data volume [GBytes]    |    0.0552 |
+-------------------------------+-----------+

--------------------------------------------------------------------------------
CPU name:	Intel(R) Core(TM) i7-6500U CPU @ 2.50GHz
CPU type:	Intel Skylake processor
CPU clock:	2.59 GHz
--------------------------------------------------------------------------------
Bloom Join
-----------------
4194304 Buckets 4 Hash Functions
Initialization: 1 ms 
Bloom Filter Generation: 320776 ms 
Join Core: 34 ms 
14992 linhas
320813 ms 

--------------------------------------------------------------------------------
Region Initialization, Group 1: L3
+-------------------+----------+
|    Region Info    |  Core 0  |
+-------------------+----------+
| RDTSC Runtime [s] | 0.001021 |
|     call count    |        1 |
+-------------------+----------+

+-----------------------+---------+---------+
|         Event         | Counter |  Core 0 |
+-----------------------+---------+---------+
|   INSTR_RETIRED_ANY   |  FIXC0  |  922366 |
| CPU_CLK_UNHALTED_CORE |  FIXC1  |  615432 |
|  CPU_CLK_UNHALTED_REF |  FIXC2  | 1998216 |
|    L2_LINES_IN_ALL    |   PMC0  |     915 |
|     L2_TRANS_L2_WB    |   PMC1  |     191 |
+-----------------------+---------+---------+

+-------------------------------+--------------+
|             Metric            |    Core 0    |
+-------------------------------+--------------+
|      Runtime (RDTSC) [s]      |       0.0010 |
|      Runtime unhalted [s]     |       0.0002 |
|          Clock [MHz]          |     798.2787 |
|              CPI              |       0.6672 |
|  L3 load bandwidth [MBytes/s] |      57.3728 |
|  L3 load data volume [GBytes] |       0.0001 |
| L3 evict bandwidth [MBytes/s] |      11.9762 |
| L3 evict data volume [GBytes] | 1.222400e-05 |
|    L3 bandwidth [MBytes/s]    |      69.3490 |
|    L3 data volume [GBytes]    |       0.0001 |
+-------------------------------+--------------+

Region Generation, Group 1: L3
+-------------------+----------+
|    Region Info    |  Core 0  |
+-------------------+----------+
| RDTSC Runtime [s] | 1.755911 |
|     call count    |  7500000 |
+-------------------+----------+

+-----------------------+---------+-------------+
|         Event         | Counter |    Core 0   |
+-----------------------+---------+-------------+
|   INSTR_RETIRED_ANY   |  FIXC0  | 27370850000 |
| CPU_CLK_UNHALTED_CORE |  FIXC1  | 67409870000 |
|  CPU_CLK_UNHALTED_REF |  FIXC2  | 56803170000 |
|    L2_LINES_IN_ALL    |   PMC0  |   894128800 |
|     L2_TRANS_L2_WB    |   PMC1  |   181643200 |
+-----------------------+---------+-------------+

+-------------------------------+------------+
|             Metric            |   Core 0   |
+-------------------------------+------------+
|      Runtime (RDTSC) [s]      |     1.7559 |
|      Runtime unhalted [s]     |    26.0080 |
|          Clock [MHz]          |  3075.8689 |
|              CPI              |     2.4628 |
|  L3 load bandwidth [MBytes/s] | 32589.4896 |
|  L3 load data volume [GBytes] |    57.2242 |
| L3 evict bandwidth [MBytes/s] |  6620.5889 |
| L3 evict data volume [GBytes] |    11.6252 |
|    L3 bandwidth [MBytes/s]    | 39210.0784 |
|    L3 data volume [GBytes]    |    68.8494 |
+-------------------------------+------------+

Region Core, Group 1: L3
+-------------------+----------+
|    Region Info    |  Core 0  |
+-------------------+----------+
| RDTSC Runtime [s] | 0.033631 |
|     call count    |        1 |
+-------------------+----------+

+-----------------------+---------+-----------+
|         Event         | Counter |   Core 0  |
+-----------------------+---------+-----------+
|   INSTR_RETIRED_ANY   |  FIXC0  | 224108300 |
| CPU_CLK_UNHALTED_CORE |  FIXC1  |  99692510 |
|  CPU_CLK_UNHALTED_REF |  FIXC2  |  83920750 |
|    L2_LINES_IN_ALL    |   PMC0  |    746466 |
|     L2_TRANS_L2_WB    |   PMC1  |     57525 |
+-----------------------+---------+-----------+

+-------------------------------+-----------+
|             Metric            |   Core 0  |
+-------------------------------+-----------+
|      Runtime (RDTSC) [s]      |    0.0336 |
|      Runtime unhalted [s]     |    0.0385 |
|          Clock [MHz]          | 3079.0028 |
|              CPI              |    0.4448 |
|  L3 load bandwidth [MBytes/s] | 1420.5328 |
|  L3 load data volume [GBytes] |    0.0478 |
| L3 evict bandwidth [MBytes/s] |  109.4707 |
| L3 evict data volume [GBytes] |    0.0037 |
|    L3 bandwidth [MBytes/s]    | 1530.0035 |
|    L3 data volume [GBytes]    |    0.0515 |
+-------------------------------+-----------+

--------------------------------------------------------------------------------
CPU name:	Intel(R) Core(TM) i7-6500U CPU @ 2.50GHz
CPU type:	Intel Skylake processor
CPU clock:	2.59 GHz
--------------------------------------------------------------------------------
Bloom Join
-----------------
4194304 Buckets 4 Hash Functions
Initialization: 1 ms 
Bloom Filter Generation: 393979 ms 
Join Core: 43 ms 
14992 linhas
394025 ms 

--------------------------------------------------------------------------------
Region Initialization, Group 1: L3
+-------------------+----------+
|    Region Info    |  Core 0  |
+-------------------+----------+
| RDTSC Runtime [s] | 0.000996 |
|     call count    |        1 |
+-------------------+----------+

+-----------------------+---------+---------+
|         Event         | Counter |  Core 0 |
+-----------------------+---------+---------+
|   INSTR_RETIRED_ANY   |  FIXC0  |  922366 |
| CPU_CLK_UNHALTED_CORE |  FIXC1  |  605149 |
|  CPU_CLK_UNHALTED_REF |  FIXC2  | 1965384 |
|    L2_LINES_IN_ALL    |   PMC0  |    1087 |
|     L2_TRANS_L2_WB    |   PMC1  |     223 |
+-----------------------+---------+---------+

+-------------------------------+--------------+
|             Metric            |    Core 0    |
+-------------------------------+--------------+
|      Runtime (RDTSC) [s]      |       0.0010 |
|      Runtime unhalted [s]     |       0.0002 |
|          Clock [MHz]          |     798.0840 |
|              CPI              |       0.6561 |
|  L3 load bandwidth [MBytes/s] |      69.8517 |
|  L3 load data volume [GBytes] |       0.0001 |
| L3 evict bandwidth [MBytes/s] |      14.3302 |
| L3 evict data volume [GBytes] | 1.427200e-05 |
|    L3 bandwidth [MBytes/s]    |      84.1820 |
|    L3 data volume [GBytes]    |       0.0001 |
+-------------------------------+--------------+

Region Generation, Group 1: L3
+-------------------+----------+
|    Region Info    |  Core 0  |
+-------------------+----------+
| RDTSC Runtime [s] | 2.165033 |
|     call count    |  7500000 |
+-------------------+----------+

+-----------------------+---------+-------------+
|         Event         | Counter |    Core 0   |
+-----------------------+---------+-------------+
|   INSTR_RETIRED_ANY   |  FIXC0  | 27370850000 |
| CPU_CLK_UNHALTED_CORE |  FIXC1  | 68142210000 |
|  CPU_CLK_UNHALTED_REF |  FIXC2  | 70817570000 |
|    L2_LINES_IN_ALL    |   PMC0  |  1400639000 |
|     L2_TRANS_L2_WB    |   PMC1  |   184015500 |
+-----------------------+---------+-------------+

+-------------------------------+------------+
|             Metric            |   Core 0   |
+-------------------------------+------------+
|      Runtime (RDTSC) [s]      |     2.1650 |
|      Runtime unhalted [s]     |    26.2895 |
|          Clock [MHz]          |  2494.0715 |
|              CPI              |     2.4896 |
|  L3 load bandwidth [MBytes/s] | 41403.9398 |
|  L3 load data volume [GBytes] |    89.6409 |
| L3 evict bandwidth [MBytes/s] |  5439.6363 |
| L3 evict data volume [GBytes] |    11.7770 |
|    L3 bandwidth [MBytes/s]    | 46843.5761 |
|    L3 data volume [GBytes]    |   101.4179 |
+-------------------------------+------------+

Region Core, Group 1: L3
+-------------------+----------+
|    Region Info    |  Core 0  |
+-------------------+----------+
| RDTSC Runtime [s] | 0.042867 |
|     call count    |        1 |
+-------------------+----------+

+-----------------------+---------+-----------+
|         Event         | Counter |   Core 0  |
+-----------------------+---------+-----------+
|   INSTR_RETIRED_ANY   |  FIXC0  | 224108300 |
| CPU_CLK_UNHALTED_CORE |  FIXC1  | 105884900 |
|  CPU_CLK_UNHALTED_REF |  FIXC2  | 110037300 |
|    L2_LINES_IN_ALL    |   PMC0  |    807124 |
|     L2_TRANS_L2_WB    |   PMC1  |     71788 |
+-----------------------+---------+-----------+

+-------------------------------+-----------+
|             Metric            |   Core 0  |
+-------------------------------+-----------+
|      Runtime (RDTSC) [s]      |    0.0429 |
|      Runtime unhalted [s]     |    0.0409 |
|          Clock [MHz]          | 2494.1801 |
|              CPI              |    0.4725 |
|  L3 load bandwidth [MBytes/s] | 1205.0393 |
|  L3 load data volume [GBytes] |    0.0517 |
| L3 evict bandwidth [MBytes/s] |  107.1798 |
| L3 evict data volume [GBytes] |    0.0046 |
|    L3 bandwidth [MBytes/s]    | 1312.2190 |
|    L3 data volume [GBytes]    |    0.0563 |
+-------------------------------+-----------+

--------------------------------------------------------------------------------
CPU name:	Intel(R) Core(TM) i7-6500U CPU @ 2.50GHz
CPU type:	Intel Skylake processor
CPU clock:	2.59 GHz
--------------------------------------------------------------------------------
Bloom Join
-----------------
4194304 Buckets 4 Hash Functions
Initialization: 1 ms 
Bloom Filter Generation: 327687 ms 
Join Core: 33 ms 
14992 linhas
327724 ms 

--------------------------------------------------------------------------------
Region Initialization, Group 1: L3
+-------------------+----------+
|    Region Info    |  Core 0  |
+-------------------+----------+
| RDTSC Runtime [s] | 0.000994 |
|     call count    |        1 |
+-------------------+----------+

+-----------------------+---------+---------+
|         Event         | Counter |  Core 0 |
+-----------------------+---------+---------+
|   INSTR_RETIRED_ANY   |  FIXC0  |  922366 |
| CPU_CLK_UNHALTED_CORE |  FIXC1  |  601984 |
|  CPU_CLK_UNHALTED_REF |  FIXC2  | 1956204 |
|    L2_LINES_IN_ALL    |   PMC0  |     905 |
|     L2_TRANS_L2_WB    |   PMC1  |     190 |
+-----------------------+---------+---------+

+-------------------------------+--------------+
|             Metric            |    Core 0    |
+-------------------------------+--------------+
|      Runtime (RDTSC) [s]      |       0.0010 |
|      Runtime unhalted [s]     |       0.0002 |
|          Clock [MHz]          |     797.6356 |
|              CPI              |       0.6527 |
|  L3 load bandwidth [MBytes/s] |      58.2695 |
|  L3 load data volume [GBytes] |       0.0001 |
| L3 evict bandwidth [MBytes/s] |      12.2334 |
| L3 evict data volume [GBytes] | 1.216000e-05 |
|    L3 bandwidth [MBytes/s]    |      70.5028 |
|    L3 data volume [GBytes]    |       0.0001 |
+-------------------------------+--------------+

Region Generation, Group 1: L3
+-------------------+----------+
|    Region Info    |  Core 0  |
+-------------------+----------+
| RDTSC Runtime [s] | 1.687394 |
|     call count    |  7500000 |
+-------------------+----------+

+-----------------------+---------+-------------+
|         Event         | Counter |    Core 0   |
+-----------------------+---------+-------------+
|   INSTR_RETIRED_ANY   |  FIXC0  | 27370850000 |
| CPU_CLK_UNHALTED_CORE |  FIXC1  | 70877050000 |
|  CPU_CLK_UNHALTED_REF |  FIXC2  | 59544190000 |
|    L2_LINES_IN_ALL    |   PMC0  |  1195559000 |
|     L2_TRANS_L2_WB    |   PMC1  |   200025900 |
+-----------------------+---------+-------------+

+-------------------------------+------------+
|             Metric            |   Core 0   |
+-------------------------------+------------+
|      Runtime (RDTSC) [s]      |     1.6874 |
|      Runtime unhalted [s]     |    27.3446 |
|          Clock [MHz]          |  3085.3182 |
|              CPI              |     2.5895 |
|  L3 load bandwidth [MBytes/s] | 45345.5304 |
|  L3 load data volume [GBytes] |    76.5158 |
| L3 evict bandwidth [MBytes/s] |  7586.6440 |
| L3 evict data volume [GBytes] |    12.8017 |
|    L3 bandwidth [MBytes/s]    | 52932.1745 |
|    L3 data volume [GBytes]    |    89.3174 |
+-------------------------------+------------+

Region Core, Group 1: L3
+-------------------+----------+
|    Region Info    |  Core 0  |
+-------------------+----------+
| RDTSC Runtime [s] | 0.032863 |
|     call count    |        1 |
+-------------------+----------+

+-----------------------+---------+-----------+
|         Event         | Counter |   Core 0  |
+-----------------------+---------+-----------+
|   INSTR_RETIRED_ANY   |  FIXC0  | 224108300 |
| CPU_CLK_UNHALTED_CORE |  FIXC1  |  99504790 |
|  CPU_CLK_UNHALTED_REF |  FIXC2  |  83434640 |
|    L2_LINES_IN_ALL    |   PMC0  |    755848 |
|     L2_TRANS_L2_WB    |   PMC1  |     52933 |
+-----------------------+---------+-----------+

+-------------------------------+-----------+
|             Metric            |   Core 0  |
+-------------------------------+-----------+
|      Runtime (RDTSC) [s]      |    0.0329 |
|      Runtime unhalted [s]     |    0.0384 |
|          Clock [MHz]          | 3091.2299 |
|              CPI              |    0.4440 |
|  L3 load bandwidth [MBytes/s] | 1471.9864 |
|  L3 load data volume [GBytes] |    0.0484 |
| L3 evict bandwidth [MBytes/s] |  103.0851 |
| L3 evict data volume [GBytes] |    0.0034 |
|    L3 bandwidth [MBytes/s]    | 1575.0715 |
|    L3 data volume [GBytes]    |    0.0518 |
+-------------------------------+-----------+

