Bloom Join
-----------------
16384 Buckets 3 Hash Functions
Initialization: 0 ms 
Bloom Filter Generation: 633 ms 
Join Core: 29 ms 
0 linhas
662 ms 

Bloom Join
-----------------
16384 Buckets 3 Hash Functions
Initialization: 0 ms 
Bloom Filter Generation: 1152 ms 
Join Core: 28 ms 
0 linhas
1180 ms 

Bloom Join
-----------------
16384 Buckets 3 Hash Functions
Initialization: 0 ms 
Bloom Filter Generation: 1429 ms 
Join Core: 28 ms 
0 linhas
1456 ms 

Bloom Join
-----------------
16384 Buckets 3 Hash Functions
Initialization: 0 ms 
Bloom Filter Generation: 1715 ms 
Join Core: 28 ms 
0 linhas
1742 ms 

Bloom Join
-----------------
16384 Buckets 3 Hash Functions
Initialization: 0 ms 
Bloom Filter Generation: 317 ms 
Join Core: 28 ms 
0 linhas
345 ms 

