Bloom Join
-----------------
32768 Buckets 2 Hash Functions
Initialization: 0 ms 
Bloom Filter Generation: 605 ms 
Join Core: 25 ms 
0 linhas
631 ms 

Bloom Join
-----------------
32768 Buckets 2 Hash Functions
Initialization: 0 ms 
Bloom Filter Generation: 1432 ms 
Join Core: 33 ms 
0 linhas
1465 ms 

Bloom Join
-----------------
32768 Buckets 2 Hash Functions
Initialization: 0 ms 
Bloom Filter Generation: 1195 ms 
Join Core: 23 ms 
18 linhas
1218 ms 

Bloom Join
-----------------
32768 Buckets 2 Hash Functions
Initialization: 0 ms 
Bloom Filter Generation: 1422 ms 
Join Core: 24 ms 
31 linhas
1445 ms 

Bloom Join
-----------------
32768 Buckets 2 Hash Functions
Initialization: 0 ms 
Bloom Filter Generation: 250 ms 
Join Core: 25 ms 
57 linhas
275 ms 

