Bloom Join
-----------------
131072 Buckets 3 Hash Functions
Initialization: 0 ms 
Bloom Filter Generation: 711 ms 
Join Core: 28 ms 
5301 linhas
740 ms 

Bloom Join
-----------------
131072 Buckets 3 Hash Functions
Initialization: 0 ms 
Bloom Filter Generation: 1142 ms 
Join Core: 28 ms 
5455 linhas
1171 ms 

Bloom Join
-----------------
131072 Buckets 3 Hash Functions
Initialization: 0 ms 
Bloom Filter Generation: 1475 ms 
Join Core: 29 ms 
5412 linhas
1504 ms 

Bloom Join
-----------------
131072 Buckets 3 Hash Functions
Initialization: 0 ms 
Bloom Filter Generation: 1777 ms 
Join Core: 28 ms 
5382 linhas
1806 ms 

Bloom Join
-----------------
131072 Buckets 3 Hash Functions
Initialization: 0 ms 
Bloom Filter Generation: 304 ms 
Join Core: 29 ms 
5401 linhas
334 ms 

