Bloom Join
-----------------
1048576 Buckets 1 Hash Functions
Initialization: 4 ms 
Bloom Filter Generation: 477 ms 
Join Core: 26 ms 
28672 linhas
507 ms 

Bloom Join
-----------------
1048576 Buckets 1 Hash Functions
Initialization: 4 ms 
Bloom Filter Generation: 950 ms 
Join Core: 23 ms 
28757 linhas
977 ms 

Bloom Join
-----------------
1048576 Buckets 1 Hash Functions
Initialization: 4 ms 
Bloom Filter Generation: 1154 ms 
Join Core: 22 ms 
28802 linhas
1180 ms 

Bloom Join
-----------------
1048576 Buckets 1 Hash Functions
Initialization: 4 ms 
Bloom Filter Generation: 1428 ms 
Join Core: 23 ms 
28778 linhas
1455 ms 

Bloom Join
-----------------
1048576 Buckets 1 Hash Functions
Initialization: 4 ms 
Bloom Filter Generation: 246 ms 
Join Core: 26 ms 
28723 linhas
276 ms 

