Bloom Join
-----------------
2097152 Buckets 3 Hash Functions
Initialization: 8 ms 
Bloom Filter Generation: 616 ms 
Join Core: 29 ms 
29887 linhas
652 ms 

Bloom Join
-----------------
2097152 Buckets 3 Hash Functions
Initialization: 7 ms 
Bloom Filter Generation: 1207 ms 
Join Core: 28 ms 
29887 linhas
1243 ms 

Bloom Join
-----------------
2097152 Buckets 3 Hash Functions
Initialization: 7 ms 
Bloom Filter Generation: 1562 ms 
Join Core: 29 ms 
29895 linhas
1599 ms 

Bloom Join
-----------------
2097152 Buckets 3 Hash Functions
Initialization: 7 ms 
Bloom Filter Generation: 1880 ms 
Join Core: 33 ms 
29887 linhas
1920 ms 

Bloom Join
-----------------
2097152 Buckets 3 Hash Functions
Initialization: 7 ms 
Bloom Filter Generation: 328 ms 
Join Core: 36 ms 
29885 linhas
371 ms 

