Bloom Join
-----------------
2097152 Buckets 4 Hash Functions
Initialization: 7 ms 
Bloom Filter Generation: 735 ms 
Join Core: 72 ms 
29950 linhas
814 ms 

Bloom Join
-----------------
2097152 Buckets 4 Hash Functions
Initialization: 7 ms 
Bloom Filter Generation: 1431 ms 
Join Core: 34 ms 
29958 linhas
1472 ms 

Bloom Join
-----------------
2097152 Buckets 4 Hash Functions
Initialization: 8 ms 
Bloom Filter Generation: 1843 ms 
Join Core: 34 ms 
29947 linhas
1885 ms 

Bloom Join
-----------------
2097152 Buckets 4 Hash Functions
Initialization: 7 ms 
Bloom Filter Generation: 2206 ms 
Join Core: 34 ms 
29948 linhas
2247 ms 

Bloom Join
-----------------
2097152 Buckets 4 Hash Functions
Initialization: 7 ms 
Bloom Filter Generation: 401 ms 
Join Core: 41 ms 
29948 linhas
449 ms 

