Bloom Join
-----------------
4194304 Buckets 3 Hash Functions
Initialization: 14 ms 
Bloom Filter Generation: 740 ms 
Join Core: 52 ms 
29984 linhas
807 ms 

Bloom Join
-----------------
4194304 Buckets 3 Hash Functions
Initialization: 14 ms 
Bloom Filter Generation: 1221 ms 
Join Core: 31 ms 
29989 linhas
1267 ms 

Bloom Join
-----------------
4194304 Buckets 3 Hash Functions
Initialization: 15 ms 
Bloom Filter Generation: 1560 ms 
Join Core: 33 ms 
29978 linhas
1607 ms 

Bloom Join
-----------------
4194304 Buckets 3 Hash Functions
Initialization: 14 ms 
Bloom Filter Generation: 1887 ms 
Join Core: 33 ms 
29978 linhas
1935 ms 

Bloom Join
-----------------
4194304 Buckets 3 Hash Functions
Initialization: 15 ms 
Bloom Filter Generation: 334 ms 
Join Core: 42 ms 
29982 linhas
391 ms 

Bloom Join
-----------------
4194304 Buckets 3 Hash Functions
Initialization: 16 ms 
Bloom Filter Generation: 379 ms 
Join Core: 39 ms 
29980 linhas
434 ms 

Bloom Join
-----------------
4194304 Buckets 3 Hash Functions
Initialization: 14 ms 
Bloom Filter Generation: 426 ms 
Join Core: 57 ms 
29980 linhas
497 ms 

